2023-03-31_22:49:21 INFO Opening DatabasePool 'characters'. Asynchronous connections: 1, synchronous connections: 2.
2023-03-31_22:49:21 INFO MySQL client library: 5.6.29
2023-03-31_22:49:21 INFO MySQL server ver: 5.7.41-log 
2023-03-31_22:49:21 INFO Connected to MySQL database at 127.0.0.1
2023-03-31_22:49:21 INFO MySQL client library: 5.6.29
2023-03-31_22:49:21 INFO MySQL server ver: 5.7.41-log 
2023-03-31_22:49:21 INFO Connected to MySQL database at 127.0.0.1
2023-03-31_22:49:21 INFO MySQL client library: 5.6.29
2023-03-31_22:49:21 INFO MySQL server ver: 5.7.41-log 
2023-03-31_22:49:21 INFO Connected to MySQL database at 127.0.0.1
2023-03-31_22:49:21 INFO DatabasePool 'characters' opened successfully. 3 total connections running.
2023-03-31_22:49:21 INFO Opening DatabasePool 'log'. Asynchronous connections: 1, synchronous connections: 2.
2023-03-31_22:49:21 INFO MySQL client library: 5.6.29
2023-03-31_22:49:21 INFO MySQL server ver: 5.7.41-log 
2023-03-31_22:49:21 INFO Connected to MySQL database at 127.0.0.1
2023-03-31_22:49:21 INFO MySQL client library: 5.6.29
2023-03-31_22:49:21 INFO MySQL server ver: 5.7.41-log 
2023-03-31_22:49:21 INFO Connected to MySQL database at 127.0.0.1
2023-03-31_22:49:21 INFO MySQL client library: 5.6.29
2023-03-31_22:49:21 INFO MySQL server ver: 5.7.41-log 
2023-03-31_22:49:21 INFO Connected to MySQL database at 127.0.0.1
2023-03-31_22:49:21 INFO DatabasePool 'log' opened successfully. 3 total connections running.
2023-03-31_22:49:21 INFO Opening DatabasePool 'u897592642_login'. Asynchronous connections: 1, synchronous connections: 2.
2023-03-31_22:49:21 INFO MySQL client library: 5.6.29
2023-03-31_22:49:21 INFO MySQL server ver: 5.5.5-10.6.12-MariaDB-cll-lve 
2023-03-31_22:49:21 INFO Connected to MySQL database at sql975.main-hosting.eu
2023-03-31_22:49:21 INFO MySQL client library: 5.6.29
2023-03-31_22:49:21 INFO MySQL server ver: 5.5.5-10.6.12-MariaDB-cll-lve 
2023-03-31_22:49:21 INFO Connected to MySQL database at sql975.main-hosting.eu
2023-03-31_22:49:21 INFO MySQL client library: 5.6.29
2023-03-31_22:49:21 INFO MySQL server ver: 5.5.5-10.6.12-MariaDB-cll-lve 
2023-03-31_22:49:21 INFO Connected to MySQL database at sql975.main-hosting.eu
2023-03-31_22:49:22 INFO DatabasePool 'u897592642_login' opened successfully. 3 total connections running.
2023-03-31_22:59:31 INFO Main::KeepDatabaseAlive
2023-03-31_23:09:31 INFO Main::KeepDatabaseAlive
2023-03-31_23:19:31 INFO Main::KeepDatabaseAlive
2023-03-31_23:29:31 INFO Main::KeepDatabaseAlive
2023-03-31_23:39:31 INFO Main::KeepDatabaseAlive
2023-03-31_23:49:31 INFO Main::KeepDatabaseAlive
2023-03-31_23:59:31 INFO Main::KeepDatabaseAlive
