2023-03-25_00:03:39 INFO Main::KeepDatabaseAlive
2023-03-25_00:13:39 INFO Main::KeepDatabaseAlive
2023-03-25_00:23:38 INFO Main::KeepDatabaseAlive
2023-03-25_00:33:39 INFO Main::KeepDatabaseAlive
2023-03-25_00:43:39 INFO Main::KeepDatabaseAlive
2023-03-25_00:53:39 INFO Main::KeepDatabaseAlive
2023-03-25_01:03:39 INFO Main::KeepDatabaseAlive
2023-03-25_01:13:39 INFO Main::KeepDatabaseAlive
2023-03-25_01:23:39 INFO Main::KeepDatabaseAlive
2023-03-25_01:33:39 INFO Main::KeepDatabaseAlive
2023-03-25_01:43:39 INFO Main::KeepDatabaseAlive
2023-03-25_01:53:39 INFO Main::KeepDatabaseAlive
2023-03-25_02:03:39 INFO Main::KeepDatabaseAlive
2023-03-25_02:13:39 INFO Main::KeepDatabaseAlive
2023-03-25_02:23:39 INFO Main::KeepDatabaseAlive
2023-03-25_02:33:39 INFO Main::KeepDatabaseAlive
2023-03-25_02:43:39 INFO Main::KeepDatabaseAlive
2023-03-25_02:53:39 INFO Main::KeepDatabaseAlive
2023-03-25_03:03:39 INFO Main::KeepDatabaseAlive
2023-03-25_03:13:39 INFO Main::KeepDatabaseAlive
2023-03-25_03:23:39 INFO Main::KeepDatabaseAlive
2023-03-25_03:33:39 INFO Main::KeepDatabaseAlive
2023-03-25_03:43:39 INFO Main::KeepDatabaseAlive
2023-03-25_03:53:39 INFO Main::KeepDatabaseAlive
2023-03-25_04:03:39 INFO Main::KeepDatabaseAlive
2023-03-25_04:13:38 INFO Main::KeepDatabaseAlive
2023-03-25_04:23:39 INFO Main::KeepDatabaseAlive
2023-03-25_04:33:39 INFO Main::KeepDatabaseAlive
2023-03-25_04:43:39 INFO Main::KeepDatabaseAlive
2023-03-25_04:53:39 INFO Main::KeepDatabaseAlive
2023-03-25_05:03:39 INFO Main::KeepDatabaseAlive
2023-03-25_05:13:39 INFO Main::KeepDatabaseAlive
2023-03-25_05:23:39 INFO Main::KeepDatabaseAlive
2023-03-25_05:33:39 INFO Main::KeepDatabaseAlive
2023-03-25_05:43:39 INFO Main::KeepDatabaseAlive
2023-03-25_05:53:38 INFO Main::KeepDatabaseAlive
2023-03-25_06:03:39 INFO Main::KeepDatabaseAlive
2023-03-25_06:13:39 INFO Main::KeepDatabaseAlive
2023-03-25_06:23:39 INFO Main::KeepDatabaseAlive
2023-03-25_06:33:39 INFO Main::KeepDatabaseAlive
2023-03-25_06:43:39 INFO Main::KeepDatabaseAlive
2023-03-25_06:53:39 INFO Main::KeepDatabaseAlive
2023-03-25_07:03:39 INFO Main::KeepDatabaseAlive
2023-03-25_07:13:39 INFO Main::KeepDatabaseAlive
2023-03-25_07:23:39 INFO Main::KeepDatabaseAlive
2023-03-25_07:33:39 INFO Main::KeepDatabaseAlive
2023-03-25_07:43:39 INFO Main::KeepDatabaseAlive
2023-03-25_07:53:39 INFO Main::KeepDatabaseAlive
2023-03-25_08:03:39 INFO Main::KeepDatabaseAlive
2023-03-25_08:13:39 INFO Main::KeepDatabaseAlive
2023-03-25_08:23:39 INFO Main::KeepDatabaseAlive
2023-03-25_08:33:39 INFO Main::KeepDatabaseAlive
2023-03-25_08:43:39 INFO Main::KeepDatabaseAlive
2023-03-25_08:53:39 INFO Main::KeepDatabaseAlive
2023-03-25_09:03:39 INFO Main::KeepDatabaseAlive
2023-03-25_09:13:38 INFO Main::KeepDatabaseAlive
2023-03-25_09:23:39 INFO Main::KeepDatabaseAlive
2023-03-25_09:33:39 INFO Main::KeepDatabaseAlive
2023-03-25_09:43:39 INFO Main::KeepDatabaseAlive
2023-03-25_09:53:39 INFO Main::KeepDatabaseAlive
2023-03-25_10:03:39 INFO Main::KeepDatabaseAlive
2023-03-25_10:13:39 INFO Main::KeepDatabaseAlive
2023-03-25_10:23:39 INFO Main::KeepDatabaseAlive
2023-03-25_10:33:39 INFO Main::KeepDatabaseAlive
2023-03-25_10:43:38 INFO Main::KeepDatabaseAlive
2023-03-25_10:53:39 INFO Main::KeepDatabaseAlive
2023-03-25_11:03:39 INFO Main::KeepDatabaseAlive
2023-03-25_11:13:39 INFO Main::KeepDatabaseAlive
2023-03-25_11:23:39 INFO Main::KeepDatabaseAlive
2023-03-25_11:33:39 INFO Main::KeepDatabaseAlive
2023-03-25_11:43:39 INFO Main::KeepDatabaseAlive
2023-03-25_11:53:39 INFO Main::KeepDatabaseAlive
2023-03-25_12:03:39 INFO Main::KeepDatabaseAlive
2023-03-25_12:13:39 INFO Main::KeepDatabaseAlive
2023-03-25_12:23:39 INFO Main::KeepDatabaseAlive
2023-03-25_12:33:39 INFO Main::KeepDatabaseAlive
2023-03-25_12:43:39 INFO Main::KeepDatabaseAlive
2023-03-25_12:53:39 INFO Main::KeepDatabaseAlive
2023-03-25_13:03:39 INFO Main::KeepDatabaseAlive
2023-03-25_13:13:39 INFO Main::KeepDatabaseAlive
2023-03-25_13:23:39 INFO Main::KeepDatabaseAlive
2023-03-25_13:33:39 INFO Main::KeepDatabaseAlive
2023-03-25_13:43:39 INFO Main::KeepDatabaseAlive
2023-03-25_13:53:39 INFO Main::KeepDatabaseAlive
2023-03-25_14:03:39 INFO Main::KeepDatabaseAlive
2023-03-25_14:13:39 INFO Main::KeepDatabaseAlive
2023-03-25_14:23:39 INFO Main::KeepDatabaseAlive
2023-03-25_14:33:39 INFO Main::KeepDatabaseAlive
2023-03-25_14:43:39 INFO Main::KeepDatabaseAlive
2023-03-25_14:53:39 INFO Main::KeepDatabaseAlive
2023-03-25_15:03:39 INFO Main::KeepDatabaseAlive
2023-03-25_15:13:39 INFO Main::KeepDatabaseAlive
2023-03-25_15:23:39 INFO Main::KeepDatabaseAlive
2023-03-25_15:24:35 INFO Closing down DatabasePool 'characters'.
2023-03-25_15:24:35 INFO Asynchronous connections on DatabasePool 'characters' terminated. Proceeding with synchronous connections.
2023-03-25_15:24:35 INFO All connections on DatabasePool 'characters' closed.
2023-03-25_15:24:35 INFO Closing down DatabasePool 'log'.
2023-03-25_15:24:35 INFO Asynchronous connections on DatabasePool 'log' terminated. Proceeding with synchronous connections.
2023-03-25_15:24:35 INFO All connections on DatabasePool 'log' closed.
2023-03-25_15:24:35 INFO Closing down DatabasePool 'login'.
2023-03-25_15:24:35 INFO Asynchronous connections on DatabasePool 'login' terminated. Proceeding with synchronous connections.
2023-03-25_15:24:35 INFO All connections on DatabasePool 'login' closed.
