2023-04-06_00:08:18 INFO Main::KeepDatabaseAlive
2023-04-06_00:18:18 INFO Main::KeepDatabaseAlive
2023-04-06_00:28:18 INFO Main::KeepDatabaseAlive
2023-04-06_00:38:18 INFO Main::KeepDatabaseAlive
2023-04-06_00:48:18 INFO Main::KeepDatabaseAlive
2023-04-06_00:58:18 INFO Main::KeepDatabaseAlive
2023-04-06_01:08:18 INFO Main::KeepDatabaseAlive
2023-04-06_01:18:18 INFO Main::KeepDatabaseAlive
2023-04-06_01:28:18 INFO Main::KeepDatabaseAlive
2023-04-06_01:38:18 INFO Main::KeepDatabaseAlive
2023-04-06_01:48:18 INFO Main::KeepDatabaseAlive
2023-04-06_01:58:18 INFO Main::KeepDatabaseAlive
2023-04-06_02:08:18 INFO Main::KeepDatabaseAlive
2023-04-06_02:18:18 INFO Main::KeepDatabaseAlive
2023-04-06_02:28:18 INFO Main::KeepDatabaseAlive
2023-04-06_02:38:18 INFO Main::KeepDatabaseAlive
2023-04-06_02:48:18 INFO Main::KeepDatabaseAlive
2023-04-06_02:58:18 INFO Main::KeepDatabaseAlive
2023-04-06_03:08:18 INFO Main::KeepDatabaseAlive
2023-04-06_03:18:18 INFO Main::KeepDatabaseAlive
2023-04-06_03:28:18 INFO Main::KeepDatabaseAlive
2023-04-06_03:38:18 INFO Main::KeepDatabaseAlive
2023-04-06_03:48:18 INFO Main::KeepDatabaseAlive
2023-04-06_03:58:18 INFO Main::KeepDatabaseAlive
2023-04-06_04:08:18 INFO Main::KeepDatabaseAlive
2023-04-06_04:18:18 INFO Main::KeepDatabaseAlive
2023-04-06_04:28:18 INFO Main::KeepDatabaseAlive
2023-04-06_04:38:18 INFO Main::KeepDatabaseAlive
2023-04-06_04:48:18 INFO Main::KeepDatabaseAlive
2023-04-06_04:58:18 INFO Main::KeepDatabaseAlive
2023-04-06_05:08:18 INFO Main::KeepDatabaseAlive
2023-04-06_05:18:18 INFO Main::KeepDatabaseAlive
2023-04-06_05:28:18 INFO Main::KeepDatabaseAlive
2023-04-06_05:38:18 INFO Main::KeepDatabaseAlive
2023-04-06_05:48:18 INFO Main::KeepDatabaseAlive
2023-04-06_05:58:18 INFO Main::KeepDatabaseAlive
2023-04-06_06:08:18 INFO Main::KeepDatabaseAlive
2023-04-06_06:18:18 INFO Main::KeepDatabaseAlive
2023-04-06_06:28:18 INFO Main::KeepDatabaseAlive
2023-04-06_06:38:18 INFO Main::KeepDatabaseAlive
2023-04-06_06:48:18 INFO Main::KeepDatabaseAlive
2023-04-06_06:58:18 INFO Main::KeepDatabaseAlive
2023-04-06_07:08:18 INFO Main::KeepDatabaseAlive
2023-04-06_07:18:18 INFO Main::KeepDatabaseAlive
2023-04-06_07:28:18 INFO Main::KeepDatabaseAlive
2023-04-06_07:38:18 INFO Main::KeepDatabaseAlive
2023-04-06_07:48:18 INFO Main::KeepDatabaseAlive
2023-04-06_07:58:18 INFO Main::KeepDatabaseAlive
2023-04-06_08:08:18 INFO Main::KeepDatabaseAlive
2023-04-06_08:18:18 INFO Main::KeepDatabaseAlive
2023-04-06_08:28:18 INFO Main::KeepDatabaseAlive
2023-04-06_08:38:18 INFO Main::KeepDatabaseAlive
2023-04-06_08:48:18 INFO Main::KeepDatabaseAlive
2023-04-06_08:58:18 INFO Main::KeepDatabaseAlive
2023-04-06_09:08:18 INFO Main::KeepDatabaseAlive
2023-04-06_09:18:18 INFO Main::KeepDatabaseAlive
2023-04-06_09:28:18 INFO Main::KeepDatabaseAlive
2023-04-06_09:38:18 INFO Main::KeepDatabaseAlive
2023-04-06_09:48:18 INFO Main::KeepDatabaseAlive
2023-04-06_09:58:18 INFO Main::KeepDatabaseAlive
2023-04-06_10:08:18 INFO Main::KeepDatabaseAlive
2023-04-06_10:18:18 INFO Main::KeepDatabaseAlive
2023-04-06_10:28:18 INFO Main::KeepDatabaseAlive
2023-04-06_10:38:18 INFO Main::KeepDatabaseAlive
2023-04-06_10:48:18 INFO Main::KeepDatabaseAlive
2023-04-06_10:58:18 INFO Main::KeepDatabaseAlive
2023-04-06_11:08:18 INFO Main::KeepDatabaseAlive
2023-04-06_11:18:18 INFO Main::KeepDatabaseAlive
2023-04-06_11:28:18 INFO Main::KeepDatabaseAlive
2023-04-06_11:38:18 INFO Main::KeepDatabaseAlive
2023-04-06_11:48:18 INFO Main::KeepDatabaseAlive
2023-04-06_11:58:18 INFO Main::KeepDatabaseAlive
2023-04-06_12:08:18 INFO Main::KeepDatabaseAlive
2023-04-06_12:18:18 INFO Main::KeepDatabaseAlive
2023-04-06_12:28:18 INFO Main::KeepDatabaseAlive
2023-04-06_12:38:18 INFO Main::KeepDatabaseAlive
2023-04-06_12:48:18 INFO Main::KeepDatabaseAlive
2023-04-06_12:58:18 INFO Main::KeepDatabaseAlive
2023-04-06_13:08:18 INFO Main::KeepDatabaseAlive
2023-04-06_13:18:18 INFO Main::KeepDatabaseAlive
2023-04-06_13:28:18 INFO Main::KeepDatabaseAlive
2023-04-06_13:38:18 INFO Main::KeepDatabaseAlive
2023-04-06_13:48:18 INFO Main::KeepDatabaseAlive
2023-04-06_13:58:18 INFO Main::KeepDatabaseAlive
2023-04-06_14:08:18 INFO Main::KeepDatabaseAlive
2023-04-06_14:18:18 INFO Main::KeepDatabaseAlive
2023-04-06_14:28:18 INFO Main::KeepDatabaseAlive
2023-04-06_14:38:18 INFO Main::KeepDatabaseAlive
2023-04-06_14:48:18 INFO Main::KeepDatabaseAlive
2023-04-06_14:58:18 INFO Main::KeepDatabaseAlive
2023-04-06_15:08:18 INFO Main::KeepDatabaseAlive
2023-04-06_15:18:18 INFO Main::KeepDatabaseAlive
2023-04-06_15:28:18 INFO Main::KeepDatabaseAlive
2023-04-06_15:38:18 INFO Main::KeepDatabaseAlive
2023-04-06_15:48:18 INFO Main::KeepDatabaseAlive
2023-04-06_15:58:18 INFO Main::KeepDatabaseAlive
2023-04-06_16:08:18 INFO Main::KeepDatabaseAlive
2023-04-06_16:18:18 INFO Main::KeepDatabaseAlive
2023-04-06_16:28:18 INFO Main::KeepDatabaseAlive
2023-04-06_16:38:18 INFO Main::KeepDatabaseAlive
2023-04-06_16:48:18 INFO Main::KeepDatabaseAlive
2023-04-06_16:58:18 INFO Main::KeepDatabaseAlive
2023-04-06_17:08:18 INFO Main::KeepDatabaseAlive
2023-04-06_17:18:18 INFO Main::KeepDatabaseAlive
2023-04-06_17:28:18 INFO Main::KeepDatabaseAlive
2023-04-06_17:38:18 INFO Main::KeepDatabaseAlive
2023-04-06_17:48:18 INFO Main::KeepDatabaseAlive
2023-04-06_17:58:18 INFO Main::KeepDatabaseAlive
2023-04-06_18:08:18 INFO Main::KeepDatabaseAlive
2023-04-06_18:18:18 INFO Main::KeepDatabaseAlive
2023-04-06_18:28:18 INFO Main::KeepDatabaseAlive
2023-04-06_18:38:18 INFO Main::KeepDatabaseAlive
2023-04-06_18:48:18 INFO Main::KeepDatabaseAlive
2023-04-06_18:58:18 INFO Main::KeepDatabaseAlive
2023-04-06_19:08:18 INFO Main::KeepDatabaseAlive
2023-04-06_19:18:18 INFO Main::KeepDatabaseAlive
2023-04-06_19:28:18 INFO Main::KeepDatabaseAlive
2023-04-06_19:35:19 INFO Closing down DatabasePool 'characters'.
2023-04-06_19:35:19 INFO Asynchronous connections on DatabasePool 'characters' terminated. Proceeding with synchronous connections.
2023-04-06_19:35:19 INFO All connections on DatabasePool 'characters' closed.
2023-04-06_19:35:19 INFO Closing down DatabasePool 'log'.
2023-04-06_19:35:19 INFO Asynchronous connections on DatabasePool 'log' terminated. Proceeding with synchronous connections.
2023-04-06_19:35:19 INFO All connections on DatabasePool 'log' closed.
2023-04-06_19:35:19 INFO Closing down DatabasePool 'u897592642_login'.
2023-04-06_19:35:19 INFO Asynchronous connections on DatabasePool 'u897592642_login' terminated. Proceeding with synchronous connections.
2023-04-06_19:35:19 INFO All connections on DatabasePool 'u897592642_login' closed.
