2023-04-07_00:07:50 INFO Main::KeepDatabaseAlive
2023-04-07_00:17:51 INFO Main::KeepDatabaseAlive
2023-04-07_00:27:50 INFO Main::KeepDatabaseAlive
2023-04-07_00:37:50 INFO Main::KeepDatabaseAlive
2023-04-07_00:47:50 INFO Main::KeepDatabaseAlive
2023-04-07_00:57:50 INFO Main::KeepDatabaseAlive
2023-04-07_01:07:50 INFO Main::KeepDatabaseAlive
2023-04-07_01:17:50 INFO Main::KeepDatabaseAlive
2023-04-07_01:27:50 INFO Main::KeepDatabaseAlive
2023-04-07_01:37:50 INFO Main::KeepDatabaseAlive
2023-04-07_01:47:50 INFO Main::KeepDatabaseAlive
2023-04-07_01:57:50 INFO Main::KeepDatabaseAlive
2023-04-07_02:07:50 INFO Main::KeepDatabaseAlive
2023-04-07_02:17:50 INFO Main::KeepDatabaseAlive
2023-04-07_02:27:50 INFO Main::KeepDatabaseAlive
2023-04-07_02:37:51 INFO Main::KeepDatabaseAlive
2023-04-07_02:47:51 INFO Main::KeepDatabaseAlive
2023-04-07_02:57:50 INFO Main::KeepDatabaseAlive
2023-04-07_03:07:50 INFO Main::KeepDatabaseAlive
2023-04-07_03:17:50 INFO Main::KeepDatabaseAlive
2023-04-07_03:27:50 INFO Main::KeepDatabaseAlive
2023-04-07_03:37:50 INFO Main::KeepDatabaseAlive
2023-04-07_03:47:50 INFO Main::KeepDatabaseAlive
2023-04-07_03:57:50 INFO Main::KeepDatabaseAlive
2023-04-07_04:07:51 INFO Main::KeepDatabaseAlive
2023-04-07_04:17:50 INFO Main::KeepDatabaseAlive
2023-04-07_04:27:51 INFO Main::KeepDatabaseAlive
2023-04-07_04:37:50 INFO Main::KeepDatabaseAlive
2023-04-07_04:47:50 INFO Main::KeepDatabaseAlive
2023-04-07_04:57:50 INFO Main::KeepDatabaseAlive
2023-04-07_05:07:50 INFO Main::KeepDatabaseAlive
2023-04-07_05:17:50 INFO Main::KeepDatabaseAlive
2023-04-07_05:27:51 INFO Main::KeepDatabaseAlive
2023-04-07_05:37:50 INFO Main::KeepDatabaseAlive
2023-04-07_05:47:50 INFO Main::KeepDatabaseAlive
2023-04-07_05:57:50 INFO Main::KeepDatabaseAlive
2023-04-07_06:07:50 INFO Main::KeepDatabaseAlive
2023-04-07_06:17:50 INFO Main::KeepDatabaseAlive
2023-04-07_06:27:50 INFO Main::KeepDatabaseAlive
2023-04-07_06:37:50 INFO Main::KeepDatabaseAlive
2023-04-07_06:47:50 INFO Main::KeepDatabaseAlive
2023-04-07_06:57:50 INFO Main::KeepDatabaseAlive
2023-04-07_07:07:50 INFO Main::KeepDatabaseAlive
2023-04-07_07:17:50 INFO Main::KeepDatabaseAlive
2023-04-07_07:27:50 INFO Main::KeepDatabaseAlive
2023-04-07_07:37:50 INFO Main::KeepDatabaseAlive
2023-04-07_07:47:51 INFO Main::KeepDatabaseAlive
2023-04-07_07:57:50 INFO Main::KeepDatabaseAlive
2023-04-07_08:07:50 INFO Main::KeepDatabaseAlive
2023-04-07_08:17:50 INFO Main::KeepDatabaseAlive
2023-04-07_08:27:50 INFO Main::KeepDatabaseAlive
2023-04-07_08:37:50 INFO Main::KeepDatabaseAlive
2023-04-07_08:47:50 INFO Main::KeepDatabaseAlive
2023-04-07_08:57:50 INFO Main::KeepDatabaseAlive
2023-04-07_09:07:51 INFO Main::KeepDatabaseAlive
2023-04-07_09:17:50 INFO Main::KeepDatabaseAlive
2023-04-07_09:27:50 INFO Main::KeepDatabaseAlive
2023-04-07_09:37:50 INFO Main::KeepDatabaseAlive
2023-04-07_09:47:50 INFO Main::KeepDatabaseAlive
2023-04-07_09:57:50 INFO Main::KeepDatabaseAlive
2023-04-07_10:07:50 INFO Main::KeepDatabaseAlive
2023-04-07_10:17:50 INFO Main::KeepDatabaseAlive
2023-04-07_10:27:50 INFO Main::KeepDatabaseAlive
2023-04-07_10:37:50 INFO Main::KeepDatabaseAlive
2023-04-07_10:47:50 INFO Main::KeepDatabaseAlive
2023-04-07_10:57:50 INFO Main::KeepDatabaseAlive
2023-04-07_11:07:50 INFO Main::KeepDatabaseAlive
2023-04-07_11:17:50 INFO Main::KeepDatabaseAlive
2023-04-07_11:27:50 INFO Main::KeepDatabaseAlive
2023-04-07_11:37:50 INFO Main::KeepDatabaseAlive
2023-04-07_11:47:50 INFO Main::KeepDatabaseAlive
2023-04-07_11:57:50 INFO Main::KeepDatabaseAlive
2023-04-07_12:07:50 INFO Main::KeepDatabaseAlive
2023-04-07_12:17:50 INFO Main::KeepDatabaseAlive
2023-04-07_12:27:50 INFO Main::KeepDatabaseAlive
2023-04-07_12:37:50 INFO Main::KeepDatabaseAlive
2023-04-07_12:47:50 INFO Main::KeepDatabaseAlive
2023-04-07_12:57:50 INFO Main::KeepDatabaseAlive
2023-04-07_13:07:50 INFO Main::KeepDatabaseAlive
2023-04-07_13:17:50 INFO Main::KeepDatabaseAlive
2023-04-07_13:27:50 INFO Main::KeepDatabaseAlive
2023-04-07_13:37:51 INFO Main::KeepDatabaseAlive
2023-04-07_13:47:50 INFO Main::KeepDatabaseAlive
2023-04-07_13:57:50 INFO Main::KeepDatabaseAlive
2023-04-07_14:07:51 INFO Main::KeepDatabaseAlive
2023-04-07_14:17:50 INFO Main::KeepDatabaseAlive
2023-04-07_14:27:50 INFO Main::KeepDatabaseAlive
2023-04-07_14:37:50 INFO Main::KeepDatabaseAlive
2023-04-07_14:47:50 INFO Main::KeepDatabaseAlive
2023-04-07_14:57:50 INFO Main::KeepDatabaseAlive
2023-04-07_15:07:50 INFO Main::KeepDatabaseAlive
2023-04-07_15:17:50 INFO Main::KeepDatabaseAlive
2023-04-07_15:27:50 INFO Main::KeepDatabaseAlive
2023-04-07_15:37:50 INFO Main::KeepDatabaseAlive
2023-04-07_15:47:50 INFO Main::KeepDatabaseAlive
2023-04-07_15:57:51 INFO Main::KeepDatabaseAlive
2023-04-07_16:07:50 INFO Main::KeepDatabaseAlive
2023-04-07_16:17:50 INFO Main::KeepDatabaseAlive
2023-04-07_16:27:50 INFO Main::KeepDatabaseAlive
2023-04-07_16:37:50 INFO Main::KeepDatabaseAlive
2023-04-07_16:47:50 INFO Main::KeepDatabaseAlive
2023-04-07_16:57:50 INFO Main::KeepDatabaseAlive
2023-04-07_17:07:50 INFO Main::KeepDatabaseAlive
2023-04-07_17:17:51 INFO Main::KeepDatabaseAlive
2023-04-07_17:27:50 INFO Main::KeepDatabaseAlive
2023-04-07_17:37:50 INFO Main::KeepDatabaseAlive
2023-04-07_17:47:50 INFO Main::KeepDatabaseAlive
2023-04-07_17:57:50 INFO Main::KeepDatabaseAlive
2023-04-07_18:07:50 INFO Main::KeepDatabaseAlive
2023-04-07_18:17:51 INFO Main::KeepDatabaseAlive
2023-04-07_18:27:50 INFO Main::KeepDatabaseAlive
2023-04-07_18:37:50 INFO Main::KeepDatabaseAlive
2023-04-07_18:47:50 INFO Main::KeepDatabaseAlive
2023-04-07_18:57:51 INFO Main::KeepDatabaseAlive
2023-04-07_19:07:50 INFO Main::KeepDatabaseAlive
2023-04-07_19:17:50 INFO Main::KeepDatabaseAlive
2023-04-07_19:27:50 INFO Main::KeepDatabaseAlive
2023-04-07_19:37:51 INFO Main::KeepDatabaseAlive
2023-04-07_19:47:50 INFO Main::KeepDatabaseAlive
2023-04-07_19:57:51 INFO Main::KeepDatabaseAlive
2023-04-07_20:07:50 INFO Main::KeepDatabaseAlive
2023-04-07_20:17:50 INFO Main::KeepDatabaseAlive
2023-04-07_20:27:50 INFO Main::KeepDatabaseAlive
2023-04-07_20:37:50 INFO Main::KeepDatabaseAlive
2023-04-07_20:47:50 INFO Main::KeepDatabaseAlive
2023-04-07_20:57:50 INFO Main::KeepDatabaseAlive
2023-04-07_21:07:51 INFO Main::KeepDatabaseAlive
2023-04-07_21:17:50 INFO Main::KeepDatabaseAlive
2023-04-07_21:27:50 INFO Main::KeepDatabaseAlive
2023-04-07_21:37:50 INFO Main::KeepDatabaseAlive
2023-04-07_21:47:50 INFO Main::KeepDatabaseAlive
2023-04-07_21:57:51 INFO Main::KeepDatabaseAlive
2023-04-07_22:07:51 INFO Main::KeepDatabaseAlive
2023-04-07_22:17:18 INFO Closing down DatabasePool 'characters'.
2023-04-07_22:17:19 INFO Asynchronous connections on DatabasePool 'characters' terminated. Proceeding with synchronous connections.
2023-04-07_22:17:19 INFO All connections on DatabasePool 'characters' closed.
2023-04-07_22:17:19 INFO Closing down DatabasePool 'log'.
2023-04-07_22:17:19 INFO Asynchronous connections on DatabasePool 'log' terminated. Proceeding with synchronous connections.
2023-04-07_22:17:19 INFO All connections on DatabasePool 'log' closed.
2023-04-07_22:17:19 INFO Closing down DatabasePool 'login'.
2023-04-07_22:17:19 INFO Asynchronous connections on DatabasePool 'login' terminated. Proceeding with synchronous connections.
2023-04-07_22:17:19 INFO All connections on DatabasePool 'login' closed.
