2023-03-26_19:45:07 INFO Opening DatabasePool 'characters'. Asynchronous connections: 1, synchronous connections: 2.
2023-03-26_19:45:07 INFO MySQL client library: 5.6.29
2023-03-26_19:45:07 INFO MySQL server ver: 5.7.41-log 
2023-03-26_19:45:07 INFO Connected to MySQL database at 127.0.0.1
2023-03-26_19:45:07 INFO MySQL client library: 5.6.29
2023-03-26_19:45:07 INFO MySQL server ver: 5.7.41-log 
2023-03-26_19:45:07 INFO Connected to MySQL database at 127.0.0.1
2023-03-26_19:45:08 INFO MySQL client library: 5.6.29
2023-03-26_19:45:08 INFO MySQL server ver: 5.7.41-log 
2023-03-26_19:45:08 INFO Connected to MySQL database at 127.0.0.1
2023-03-26_19:45:08 INFO DatabasePool 'characters' opened successfully. 3 total connections running.
2023-03-26_19:45:08 INFO Opening DatabasePool 'log'. Asynchronous connections: 1, synchronous connections: 2.
2023-03-26_19:45:08 INFO MySQL client library: 5.6.29
2023-03-26_19:45:08 INFO MySQL server ver: 5.7.41-log 
2023-03-26_19:45:08 INFO Connected to MySQL database at 127.0.0.1
2023-03-26_19:45:08 INFO MySQL client library: 5.6.29
2023-03-26_19:45:08 INFO MySQL server ver: 5.7.41-log 
2023-03-26_19:45:08 INFO Connected to MySQL database at 127.0.0.1
2023-03-26_19:45:08 INFO MySQL client library: 5.6.29
2023-03-26_19:45:08 INFO MySQL server ver: 5.7.41-log 
2023-03-26_19:45:08 INFO Connected to MySQL database at 127.0.0.1
2023-03-26_19:45:08 INFO DatabasePool 'log' opened successfully. 3 total connections running.
2023-03-26_19:45:08 INFO Opening DatabasePool 'login'. Asynchronous connections: 1, synchronous connections: 2.
2023-03-26_19:45:08 INFO MySQL client library: 5.6.29
2023-03-26_19:45:08 INFO MySQL server ver: 5.7.41-log 
2023-03-26_19:45:08 INFO Connected to MySQL database at 127.0.0.1
2023-03-26_19:45:08 INFO MySQL client library: 5.6.29
2023-03-26_19:45:08 INFO MySQL server ver: 5.7.41-log 
2023-03-26_19:45:08 INFO Connected to MySQL database at 127.0.0.1
2023-03-26_19:45:08 INFO MySQL client library: 5.6.29
2023-03-26_19:45:08 INFO MySQL server ver: 5.7.41-log 
2023-03-26_19:45:08 INFO Connected to MySQL database at 127.0.0.1
2023-03-26_19:45:08 INFO DatabasePool 'login' opened successfully. 3 total connections running.
2023-03-26_19:55:19 INFO Main::KeepDatabaseAlive
2023-03-26_20:05:19 INFO Main::KeepDatabaseAlive
2023-03-26_20:15:19 INFO Main::KeepDatabaseAlive
2023-03-26_20:25:19 INFO Main::KeepDatabaseAlive
2023-03-26_20:35:19 INFO Main::KeepDatabaseAlive
2023-03-26_20:45:19 INFO Main::KeepDatabaseAlive
2023-03-26_20:55:19 INFO Main::KeepDatabaseAlive
2023-03-26_21:05:19 INFO Main::KeepDatabaseAlive
2023-03-26_21:15:19 INFO Main::KeepDatabaseAlive
2023-03-26_21:25:19 INFO Main::KeepDatabaseAlive
2023-03-26_21:35:19 INFO Main::KeepDatabaseAlive
2023-03-26_21:45:19 INFO Main::KeepDatabaseAlive
2023-03-26_21:55:19 INFO Main::KeepDatabaseAlive
2023-03-26_22:05:19 INFO Main::KeepDatabaseAlive
2023-03-26_22:15:19 INFO Main::KeepDatabaseAlive
2023-03-26_22:25:19 INFO Main::KeepDatabaseAlive
2023-03-26_22:35:19 INFO Main::KeepDatabaseAlive
2023-03-26_22:45:19 INFO Main::KeepDatabaseAlive
2023-03-26_22:55:19 INFO Main::KeepDatabaseAlive
2023-03-26_23:05:19 INFO Main::KeepDatabaseAlive
2023-03-26_23:15:19 INFO Main::KeepDatabaseAlive
2023-03-26_23:25:19 INFO Main::KeepDatabaseAlive
2023-03-26_23:35:19 INFO Main::KeepDatabaseAlive
2023-03-26_23:45:19 INFO Main::KeepDatabaseAlive
2023-03-26_23:55:19 INFO Main::KeepDatabaseAlive
