2023-04-03_00:09:31 INFO Main::KeepDatabaseAlive
2023-04-03_00:19:31 INFO Main::KeepDatabaseAlive
2023-04-03_00:29:31 INFO Main::KeepDatabaseAlive
2023-04-03_00:39:31 INFO Main::KeepDatabaseAlive
2023-04-03_00:49:31 INFO Main::KeepDatabaseAlive
2023-04-03_00:59:31 INFO Main::KeepDatabaseAlive
2023-04-03_01:09:31 INFO Main::KeepDatabaseAlive
2023-04-03_01:19:31 INFO Main::KeepDatabaseAlive
2023-04-03_01:29:31 INFO Main::KeepDatabaseAlive
2023-04-03_01:39:31 INFO Main::KeepDatabaseAlive
2023-04-03_01:49:31 INFO Main::KeepDatabaseAlive
2023-04-03_01:59:31 INFO Main::KeepDatabaseAlive
2023-04-03_02:09:31 INFO Main::KeepDatabaseAlive
2023-04-03_02:19:31 INFO Main::KeepDatabaseAlive
2023-04-03_02:29:31 INFO Main::KeepDatabaseAlive
2023-04-03_02:39:31 INFO Main::KeepDatabaseAlive
2023-04-03_02:49:31 INFO Main::KeepDatabaseAlive
2023-04-03_02:59:31 INFO Main::KeepDatabaseAlive
2023-04-03_03:09:31 INFO Main::KeepDatabaseAlive
2023-04-03_03:19:31 INFO Main::KeepDatabaseAlive
2023-04-03_03:29:31 INFO Main::KeepDatabaseAlive
2023-04-03_03:39:31 INFO Main::KeepDatabaseAlive
2023-04-03_03:49:31 INFO Main::KeepDatabaseAlive
2023-04-03_03:59:31 INFO Main::KeepDatabaseAlive
2023-04-03_04:09:31 INFO Main::KeepDatabaseAlive
2023-04-03_04:19:31 INFO Main::KeepDatabaseAlive
2023-04-03_04:29:31 INFO Main::KeepDatabaseAlive
2023-04-03_04:39:31 INFO Main::KeepDatabaseAlive
2023-04-03_04:49:31 INFO Main::KeepDatabaseAlive
2023-04-03_04:59:32 INFO Main::KeepDatabaseAlive
2023-04-03_05:09:31 INFO Main::KeepDatabaseAlive
2023-04-03_05:19:31 INFO Main::KeepDatabaseAlive
2023-04-03_05:29:31 INFO Main::KeepDatabaseAlive
2023-04-03_05:39:31 INFO Main::KeepDatabaseAlive
2023-04-03_05:49:31 INFO Main::KeepDatabaseAlive
2023-04-03_05:59:31 INFO Main::KeepDatabaseAlive
2023-04-03_06:09:31 INFO Main::KeepDatabaseAlive
2023-04-03_06:19:31 INFO Main::KeepDatabaseAlive
2023-04-03_06:29:31 INFO Main::KeepDatabaseAlive
2023-04-03_06:39:31 INFO Main::KeepDatabaseAlive
2023-04-03_06:49:31 INFO Main::KeepDatabaseAlive
2023-04-03_06:59:31 INFO Main::KeepDatabaseAlive
2023-04-03_07:09:31 INFO Main::KeepDatabaseAlive
2023-04-03_07:19:31 INFO Main::KeepDatabaseAlive
2023-04-03_07:29:31 INFO Main::KeepDatabaseAlive
2023-04-03_07:39:31 INFO Main::KeepDatabaseAlive
2023-04-03_07:49:31 INFO Main::KeepDatabaseAlive
2023-04-03_07:59:31 INFO Main::KeepDatabaseAlive
2023-04-03_08:09:31 INFO Main::KeepDatabaseAlive
2023-04-03_08:19:31 INFO Main::KeepDatabaseAlive
2023-04-03_08:29:31 INFO Main::KeepDatabaseAlive
2023-04-03_08:39:31 INFO Main::KeepDatabaseAlive
2023-04-03_08:49:31 INFO Main::KeepDatabaseAlive
2023-04-03_08:59:31 INFO Main::KeepDatabaseAlive
2023-04-03_09:09:31 INFO Main::KeepDatabaseAlive
2023-04-03_09:19:31 INFO Main::KeepDatabaseAlive
2023-04-03_09:29:31 INFO Main::KeepDatabaseAlive
2023-04-03_09:39:31 INFO Main::KeepDatabaseAlive
2023-04-03_09:49:31 INFO Main::KeepDatabaseAlive
2023-04-03_09:59:31 INFO Main::KeepDatabaseAlive
2023-04-03_10:09:31 INFO Main::KeepDatabaseAlive
2023-04-03_10:19:31 INFO Main::KeepDatabaseAlive
2023-04-03_10:29:31 INFO Main::KeepDatabaseAlive
2023-04-03_10:39:31 INFO Main::KeepDatabaseAlive
2023-04-03_10:49:31 INFO Main::KeepDatabaseAlive
2023-04-03_10:59:31 INFO Main::KeepDatabaseAlive
2023-04-03_11:09:31 INFO Main::KeepDatabaseAlive
2023-04-03_11:19:31 INFO Main::KeepDatabaseAlive
2023-04-03_11:29:31 INFO Main::KeepDatabaseAlive
2023-04-03_11:39:31 INFO Main::KeepDatabaseAlive
2023-04-03_11:49:31 INFO Main::KeepDatabaseAlive
2023-04-03_11:59:31 INFO Main::KeepDatabaseAlive
2023-04-03_12:09:31 INFO Main::KeepDatabaseAlive
2023-04-03_12:19:31 INFO Main::KeepDatabaseAlive
2023-04-03_12:29:31 INFO Main::KeepDatabaseAlive
2023-04-03_12:39:31 INFO Main::KeepDatabaseAlive
2023-04-03_12:49:31 INFO Main::KeepDatabaseAlive
2023-04-03_12:59:31 INFO Main::KeepDatabaseAlive
2023-04-03_13:09:31 INFO Main::KeepDatabaseAlive
2023-04-03_13:19:31 INFO Main::KeepDatabaseAlive
2023-04-03_13:29:31 INFO Main::KeepDatabaseAlive
2023-04-03_13:39:31 INFO Main::KeepDatabaseAlive
2023-04-03_13:49:31 INFO Main::KeepDatabaseAlive
2023-04-03_13:59:31 INFO Main::KeepDatabaseAlive
2023-04-03_14:09:31 INFO Main::KeepDatabaseAlive
2023-04-03_14:19:31 INFO Main::KeepDatabaseAlive
2023-04-03_14:29:31 INFO Main::KeepDatabaseAlive
2023-04-03_14:39:31 INFO Main::KeepDatabaseAlive
2023-04-03_14:49:31 INFO Main::KeepDatabaseAlive
2023-04-03_14:59:31 INFO Main::KeepDatabaseAlive
2023-04-03_15:09:31 INFO Main::KeepDatabaseAlive
2023-04-03_15:19:31 INFO Main::KeepDatabaseAlive
2023-04-03_15:29:31 INFO Main::KeepDatabaseAlive
2023-04-03_15:39:31 INFO Main::KeepDatabaseAlive
2023-04-03_15:49:31 INFO Main::KeepDatabaseAlive
2023-04-03_15:59:31 INFO Main::KeepDatabaseAlive
2023-04-03_16:09:31 INFO Main::KeepDatabaseAlive
2023-04-03_16:19:31 INFO Main::KeepDatabaseAlive
2023-04-03_16:29:31 INFO Main::KeepDatabaseAlive
2023-04-03_16:39:31 INFO Main::KeepDatabaseAlive
2023-04-03_16:49:31 INFO Main::KeepDatabaseAlive
2023-04-03_16:59:31 INFO Main::KeepDatabaseAlive
2023-04-03_17:09:31 INFO Main::KeepDatabaseAlive
2023-04-03_17:19:31 INFO Main::KeepDatabaseAlive
2023-04-03_17:29:31 INFO Main::KeepDatabaseAlive
2023-04-03_17:39:31 INFO Main::KeepDatabaseAlive
2023-04-03_17:49:31 INFO Main::KeepDatabaseAlive
2023-04-03_17:59:31 INFO Main::KeepDatabaseAlive
2023-04-03_18:09:31 INFO Main::KeepDatabaseAlive
2023-04-03_18:19:31 INFO Main::KeepDatabaseAlive
2023-04-03_18:29:31 INFO Main::KeepDatabaseAlive
2023-04-03_18:39:31 INFO Main::KeepDatabaseAlive
2023-04-03_18:49:31 INFO Main::KeepDatabaseAlive
2023-04-03_18:59:31 INFO Main::KeepDatabaseAlive
2023-04-03_19:09:31 INFO Main::KeepDatabaseAlive
2023-04-03_19:19:31 INFO Main::KeepDatabaseAlive
2023-04-03_19:29:31 INFO Main::KeepDatabaseAlive
2023-04-03_19:39:31 INFO Main::KeepDatabaseAlive
2023-04-03_19:49:31 INFO Main::KeepDatabaseAlive
2023-04-03_19:59:31 INFO Main::KeepDatabaseAlive
2023-04-03_20:09:31 INFO Main::KeepDatabaseAlive
2023-04-03_20:19:31 INFO Main::KeepDatabaseAlive
2023-04-03_20:29:31 INFO Main::KeepDatabaseAlive
2023-04-03_20:39:31 INFO Main::KeepDatabaseAlive
2023-04-03_20:49:31 INFO Main::KeepDatabaseAlive
2023-04-03_20:59:31 INFO Main::KeepDatabaseAlive
2023-04-03_21:09:31 INFO Main::KeepDatabaseAlive
2023-04-03_21:19:31 INFO Main::KeepDatabaseAlive
2023-04-03_21:29:31 INFO Main::KeepDatabaseAlive
2023-04-03_21:35:43 ERROR SQL(p): REPLACE INTO item_serial (server, serial, serial_shop) VALUES (19, 27, 0)
 [ERROR]: [2013] Lost connection to MySQL server during query
2023-04-03_21:35:46 ERROR Could not connect to MySQL database at sql975.main-hosting.eu: Can't connect to MySQL server on 'sql975.main-hosting.eu' (10061)

2023-04-03_21:35:49 ERROR Unhandled MySQL errno 0. Unexpected behaviour possible.
2023-04-03_21:35:49 WARN Transaction aborted. 1 queries not executed.
2023-04-03_21:35:49 WARN Transaction aborted. 1 queries not executed.
2023-04-03_21:35:49 WARN Transaction aborted. 1 queries not executed.
2023-04-03_21:35:49 WARN Transaction aborted. 1 queries not executed.
2023-04-03_21:35:49 WARN Transaction aborted. 1 queries not executed.
2023-04-03_21:35:49 WARN Transaction aborted. 1 queries not executed.
2023-04-03_21:35:49 WARN Transaction aborted. 1 queries not executed.
2023-04-03_21:35:49 WARN Transaction aborted. 1 queries not executed.
2023-04-03_21:35:49 WARN Transaction aborted. 1 queries not executed.
2023-04-03_21:35:50 WARN Transaction aborted. 1 queries not executed.
2023-04-03_21:35:51 WARN Transaction aborted. 1 queries not executed.
2023-04-03_21:35:52 WARN Transaction aborted. 1 queries not executed.
2023-04-03_21:35:53 WARN Transaction aborted. 1 queries not executed.
2023-04-03_21:35:54 WARN Transaction aborted. 1 queries not executed.
2023-04-03_21:35:55 WARN Transaction aborted. 1 queries not executed.
2023-04-03_21:35:56 WARN Transaction aborted. 1 queries not executed.
2023-04-03_21:35:57 WARN Transaction aborted. 1 queries not executed.
2023-04-03_21:35:58 WARN Transaction aborted. 1 queries not executed.
2023-04-03_21:35:59 WARN Transaction aborted. 1 queries not executed.
2023-04-03_21:36:00 WARN Transaction aborted. 1 queries not executed.
2023-04-03_21:36:01 WARN Transaction aborted. 1 queries not executed.
2023-04-03_21:36:02 WARN Transaction aborted. 1 queries not executed.
2023-04-03_21:36:03 WARN Transaction aborted. 1 queries not executed.
2023-04-03_21:36:04 WARN Transaction aborted. 1 queries not executed.
2023-04-03_21:36:05 WARN Transaction aborted. 1 queries not executed.
2023-04-03_21:36:06 WARN Transaction aborted. 1 queries not executed.
2023-04-03_21:36:07 WARN Transaction aborted. 1 queries not executed.
2023-04-03_21:36:08 WARN Transaction aborted. 1 queries not executed.
2023-04-03_21:36:09 WARN Transaction aborted. 1 queries not executed.
2023-04-03_21:36:10 WARN Transaction aborted. 1 queries not executed.
2023-04-03_21:36:11 WARN Transaction aborted. 1 queries not executed.
2023-04-03_21:36:12 WARN Transaction aborted. 1 queries not executed.
2023-04-03_21:36:13 WARN Transaction aborted. 1 queries not executed.
2023-04-03_21:36:14 WARN Transaction aborted. 1 queries not executed.
2023-04-03_21:36:15 WARN Transaction aborted. 1 queries not executed.
2023-04-03_21:36:16 WARN Transaction aborted. 1 queries not executed.
2023-04-03_21:36:17 WARN Transaction aborted. 1 queries not executed.
2023-04-03_21:36:18 WARN Transaction aborted. 1 queries not executed.
2023-04-03_21:36:19 WARN Transaction aborted. 1 queries not executed.
2023-04-03_21:36:20 WARN Transaction aborted. 1 queries not executed.
2023-04-03_21:36:21 WARN Transaction aborted. 1 queries not executed.
2023-04-03_21:36:22 WARN Transaction aborted. 1 queries not executed.
2023-04-03_21:36:23 WARN Transaction aborted. 1 queries not executed.
2023-04-03_21:36:24 WARN Transaction aborted. 1 queries not executed.
2023-04-03_21:36:25 WARN Transaction aborted. 1 queries not executed.
2023-04-03_21:36:26 WARN Transaction aborted. 1 queries not executed.
2023-04-03_21:36:27 WARN Transaction aborted. 1 queries not executed.
2023-04-03_21:36:28 WARN Transaction aborted. 1 queries not executed.
2023-04-03_21:36:29 WARN Transaction aborted. 1 queries not executed.
2023-04-03_21:36:30 WARN Transaction aborted. 1 queries not executed.
2023-04-03_21:36:31 WARN Transaction aborted. 1 queries not executed.
2023-04-03_21:36:32 WARN Transaction aborted. 1 queries not executed.
2023-04-03_21:36:33 WARN Transaction aborted. 1 queries not executed.
2023-04-03_21:36:34 WARN Transaction aborted. 1 queries not executed.
2023-04-03_21:36:35 WARN Transaction aborted. 1 queries not executed.
2023-04-03_21:36:36 WARN Transaction aborted. 1 queries not executed.
2023-04-03_21:36:37 WARN Transaction aborted. 1 queries not executed.
2023-04-03_21:36:38 WARN Transaction aborted. 1 queries not executed.
2023-04-03_21:36:39 WARN Transaction aborted. 1 queries not executed.
2023-04-03_21:36:40 WARN Transaction aborted. 1 queries not executed.
2023-04-03_21:36:41 WARN Transaction aborted. 1 queries not executed.
2023-04-03_21:36:42 WARN Transaction aborted. 1 queries not executed.
2023-04-03_21:36:43 WARN Transaction aborted. 1 queries not executed.
2023-04-03_21:36:44 WARN Transaction aborted. 1 queries not executed.
2023-04-03_21:36:45 WARN Transaction aborted. 1 queries not executed.
2023-04-03_21:36:46 WARN Transaction aborted. 1 queries not executed.
2023-04-03_21:36:47 WARN Transaction aborted. 1 queries not executed.
2023-04-03_21:36:48 WARN Transaction aborted. 1 queries not executed.
2023-04-03_21:36:49 WARN Transaction aborted. 1 queries not executed.
2023-04-03_21:36:50 WARN Transaction aborted. 1 queries not executed.
2023-04-03_21:36:51 WARN Transaction aborted. 1 queries not executed.
2023-04-03_21:36:52 WARN Transaction aborted. 1 queries not executed.
2023-04-03_21:36:53 WARN Transaction aborted. 1 queries not executed.
2023-04-03_21:36:54 WARN Transaction aborted. 1 queries not executed.
2023-04-03_21:36:55 WARN Transaction aborted. 1 queries not executed.
2023-04-03_21:36:56 WARN Transaction aborted. 1 queries not executed.
2023-04-03_21:36:57 WARN Transaction aborted. 1 queries not executed.
2023-04-03_21:36:58 WARN Transaction aborted. 1 queries not executed.
2023-04-03_21:36:59 WARN Transaction aborted. 1 queries not executed.
2023-04-03_21:37:00 WARN Transaction aborted. 1 queries not executed.
2023-04-03_21:37:01 WARN Transaction aborted. 1 queries not executed.
2023-04-03_21:37:02 WARN Transaction aborted. 1 queries not executed.
2023-04-03_21:37:03 WARN Transaction aborted. 1 queries not executed.
2023-04-03_21:37:04 WARN Transaction aborted. 1 queries not executed.
2023-04-03_21:37:05 WARN Transaction aborted. 1 queries not executed.
2023-04-03_21:37:06 WARN Transaction aborted. 1 queries not executed.
2023-04-03_21:37:07 WARN Transaction aborted. 1 queries not executed.
2023-04-03_21:37:08 WARN Transaction aborted. 1 queries not executed.
2023-04-03_21:37:09 WARN Transaction aborted. 1 queries not executed.
2023-04-03_21:37:10 WARN Transaction aborted. 1 queries not executed.
2023-04-03_21:37:11 WARN Transaction aborted. 1 queries not executed.
2023-04-03_21:37:12 WARN Transaction aborted. 1 queries not executed.
2023-04-03_21:37:13 WARN Transaction aborted. 1 queries not executed.
2023-04-03_21:37:14 WARN Transaction aborted. 1 queries not executed.
2023-04-03_21:37:15 WARN Transaction aborted. 1 queries not executed.
2023-04-03_21:37:16 WARN Transaction aborted. 1 queries not executed.
2023-04-03_21:37:17 WARN Transaction aborted. 1 queries not executed.
2023-04-03_21:37:18 WARN Transaction aborted. 1 queries not executed.
2023-04-03_21:37:19 WARN Transaction aborted. 1 queries not executed.
2023-04-03_21:37:20 WARN Transaction aborted. 1 queries not executed.
2023-04-03_21:37:21 WARN Transaction aborted. 1 queries not executed.
2023-04-03_21:37:22 WARN Transaction aborted. 1 queries not executed.
2023-04-03_21:37:23 WARN Transaction aborted. 1 queries not executed.
2023-04-03_21:37:24 WARN Transaction aborted. 1 queries not executed.
2023-04-03_21:37:25 WARN Transaction aborted. 1 queries not executed.
2023-04-03_21:37:26 WARN Transaction aborted. 1 queries not executed.
2023-04-03_21:37:27 WARN Transaction aborted. 1 queries not executed.
2023-04-03_21:37:28 WARN Transaction aborted. 1 queries not executed.
2023-04-03_21:37:29 WARN Transaction aborted. 1 queries not executed.
2023-04-03_21:37:30 WARN Transaction aborted. 1 queries not executed.
2023-04-03_21:37:31 WARN Transaction aborted. 1 queries not executed.
2023-04-03_21:37:32 WARN Transaction aborted. 1 queries not executed.
2023-04-03_21:37:33 WARN Transaction aborted. 1 queries not executed.
2023-04-03_21:37:34 WARN Transaction aborted. 1 queries not executed.
2023-04-03_21:37:35 WARN Transaction aborted. 1 queries not executed.
2023-04-03_21:37:36 WARN Transaction aborted. 1 queries not executed.
2023-04-03_21:37:37 WARN Transaction aborted. 1 queries not executed.
2023-04-03_21:37:38 WARN Transaction aborted. 1 queries not executed.
2023-04-03_21:37:39 WARN Transaction aborted. 1 queries not executed.
2023-04-03_21:37:40 WARN Transaction aborted. 1 queries not executed.
2023-04-03_21:37:41 WARN Transaction aborted. 1 queries not executed.
2023-04-03_21:37:42 WARN Transaction aborted. 1 queries not executed.
2023-04-03_21:37:43 WARN Transaction aborted. 1 queries not executed.
2023-04-03_21:37:44 WARN Transaction aborted. 1 queries not executed.
2023-04-03_21:37:45 WARN Transaction aborted. 1 queries not executed.
2023-04-03_21:37:46 WARN Transaction aborted. 1 queries not executed.
2023-04-03_21:37:47 WARN Transaction aborted. 1 queries not executed.
2023-04-03_21:37:48 WARN Transaction aborted. 1 queries not executed.
2023-04-03_21:37:49 WARN Transaction aborted. 1 queries not executed.
2023-04-03_21:37:50 WARN Transaction aborted. 1 queries not executed.
2023-04-03_21:37:51 WARN Transaction aborted. 1 queries not executed.
2023-04-03_21:37:52 WARN Transaction aborted. 1 queries not executed.
2023-04-03_21:37:53 WARN Transaction aborted. 1 queries not executed.
2023-04-03_21:37:54 WARN Transaction aborted. 1 queries not executed.
2023-04-03_21:37:55 WARN Transaction aborted. 1 queries not executed.
2023-04-03_21:37:56 WARN Transaction aborted. 1 queries not executed.
2023-04-03_21:37:57 WARN Transaction aborted. 1 queries not executed.
2023-04-03_21:37:58 WARN Transaction aborted. 1 queries not executed.
2023-04-03_21:37:59 WARN Transaction aborted. 1 queries not executed.
2023-04-03_21:38:00 WARN Transaction aborted. 1 queries not executed.
2023-04-03_21:38:01 WARN Transaction aborted. 1 queries not executed.
2023-04-03_21:38:02 WARN Transaction aborted. 1 queries not executed.
2023-04-03_21:38:03 WARN Transaction aborted. 1 queries not executed.
2023-04-03_21:38:04 WARN Transaction aborted. 1 queries not executed.
2023-04-03_21:38:05 WARN Transaction aborted. 1 queries not executed.
2023-04-03_21:38:06 WARN Transaction aborted. 1 queries not executed.
2023-04-03_21:38:07 WARN Transaction aborted. 1 queries not executed.
2023-04-03_21:38:08 WARN Transaction aborted. 1 queries not executed.
2023-04-03_21:38:09 WARN Transaction aborted. 1 queries not executed.
2023-04-03_21:38:10 WARN Transaction aborted. 1 queries not executed.
2023-04-03_21:38:11 WARN Transaction aborted. 1 queries not executed.
2023-04-03_21:38:12 WARN Transaction aborted. 1 queries not executed.
2023-04-03_21:38:13 WARN Transaction aborted. 1 queries not executed.
2023-04-03_21:38:14 WARN Transaction aborted. 1 queries not executed.
2023-04-03_21:38:15 WARN Transaction aborted. 1 queries not executed.
2023-04-03_21:38:16 WARN Transaction aborted. 1 queries not executed.
2023-04-03_21:38:17 WARN Transaction aborted. 1 queries not executed.
2023-04-03_21:38:18 WARN Transaction aborted. 1 queries not executed.
2023-04-03_21:38:19 WARN Transaction aborted. 1 queries not executed.
2023-04-03_21:38:20 WARN Transaction aborted. 1 queries not executed.
2023-04-03_21:38:21 WARN Transaction aborted. 1 queries not executed.
2023-04-03_21:38:22 WARN Transaction aborted. 1 queries not executed.
2023-04-03_21:38:23 WARN Transaction aborted. 1 queries not executed.
2023-04-03_21:38:24 WARN Transaction aborted. 1 queries not executed.
2023-04-03_21:38:25 WARN Transaction aborted. 1 queries not executed.
2023-04-03_21:38:26 WARN Transaction aborted. 1 queries not executed.
2023-04-03_21:38:27 WARN Transaction aborted. 1 queries not executed.
2023-04-03_21:38:28 WARN Transaction aborted. 1 queries not executed.
2023-04-03_21:38:29 WARN Transaction aborted. 1 queries not executed.
2023-04-03_21:38:30 WARN Transaction aborted. 1 queries not executed.
2023-04-03_21:38:31 WARN Transaction aborted. 1 queries not executed.
2023-04-03_21:38:32 WARN Transaction aborted. 1 queries not executed.
2023-04-03_21:38:33 WARN Transaction aborted. 1 queries not executed.
2023-04-03_21:38:34 WARN Transaction aborted. 1 queries not executed.
2023-04-03_21:38:35 WARN Transaction aborted. 1 queries not executed.
2023-04-03_21:38:36 WARN Transaction aborted. 1 queries not executed.
2023-04-03_21:38:37 WARN Transaction aborted. 1 queries not executed.
2023-04-03_21:38:38 WARN Transaction aborted. 1 queries not executed.
2023-04-03_21:38:39 WARN Transaction aborted. 1 queries not executed.
2023-04-03_21:38:40 WARN Transaction aborted. 1 queries not executed.
2023-04-03_21:38:41 WARN Transaction aborted. 1 queries not executed.
2023-04-03_21:38:42 WARN Transaction aborted. 1 queries not executed.
2023-04-03_21:38:43 WARN Transaction aborted. 1 queries not executed.
2023-04-03_21:38:44 WARN Transaction aborted. 1 queries not executed.
2023-04-03_21:38:45 WARN Transaction aborted. 1 queries not executed.
2023-04-03_21:38:46 WARN Transaction aborted. 1 queries not executed.
2023-04-03_21:38:47 WARN Transaction aborted. 1 queries not executed.
2023-04-03_21:38:48 WARN Transaction aborted. 1 queries not executed.
2023-04-03_21:38:49 WARN Transaction aborted. 1 queries not executed.
2023-04-03_21:38:50 WARN Transaction aborted. 1 queries not executed.
2023-04-03_21:38:51 WARN Transaction aborted. 1 queries not executed.
2023-04-03_21:38:52 WARN Transaction aborted. 1 queries not executed.
2023-04-03_21:38:53 WARN Transaction aborted. 1 queries not executed.
2023-04-03_21:38:54 WARN Transaction aborted. 1 queries not executed.
2023-04-03_21:38:55 WARN Transaction aborted. 1 queries not executed.
2023-04-03_21:38:56 WARN Transaction aborted. 1 queries not executed.
2023-04-03_21:38:57 WARN Transaction aborted. 1 queries not executed.
2023-04-03_21:38:58 WARN Transaction aborted. 1 queries not executed.
2023-04-03_21:38:59 WARN Transaction aborted. 1 queries not executed.
2023-04-03_21:39:00 WARN Transaction aborted. 1 queries not executed.
2023-04-03_21:39:01 WARN Transaction aborted. 1 queries not executed.
2023-04-03_21:39:02 WARN Transaction aborted. 1 queries not executed.
2023-04-03_21:39:03 WARN Transaction aborted. 1 queries not executed.
2023-04-03_21:39:04 WARN Transaction aborted. 1 queries not executed.
2023-04-03_21:39:05 WARN Transaction aborted. 1 queries not executed.
2023-04-03_21:39:06 WARN Transaction aborted. 1 queries not executed.
2023-04-03_21:39:07 WARN Transaction aborted. 1 queries not executed.
2023-04-03_21:39:08 WARN Transaction aborted. 1 queries not executed.
2023-04-03_21:39:09 WARN Transaction aborted. 1 queries not executed.
2023-04-03_21:39:10 WARN Transaction aborted. 1 queries not executed.
2023-04-03_21:39:11 WARN Transaction aborted. 1 queries not executed.
2023-04-03_21:39:12 WARN Transaction aborted. 1 queries not executed.
2023-04-03_21:39:13 WARN Transaction aborted. 1 queries not executed.
2023-04-03_21:39:14 WARN Transaction aborted. 1 queries not executed.
2023-04-03_21:39:15 WARN Transaction aborted. 1 queries not executed.
2023-04-03_21:39:16 WARN Transaction aborted. 1 queries not executed.
2023-04-03_21:39:17 WARN Transaction aborted. 1 queries not executed.
2023-04-03_21:39:18 WARN Transaction aborted. 1 queries not executed.
2023-04-03_21:39:19 WARN Transaction aborted. 1 queries not executed.
2023-04-03_21:39:20 WARN Transaction aborted. 1 queries not executed.
2023-04-03_21:39:21 WARN Transaction aborted. 1 queries not executed.
2023-04-03_21:39:22 WARN Transaction aborted. 1 queries not executed.
2023-04-03_21:39:23 WARN Transaction aborted. 1 queries not executed.
2023-04-03_21:39:24 WARN Transaction aborted. 1 queries not executed.
2023-04-03_21:39:25 WARN Transaction aborted. 1 queries not executed.
2023-04-03_21:39:26 WARN Transaction aborted. 1 queries not executed.
2023-04-03_21:39:27 WARN Transaction aborted. 1 queries not executed.
2023-04-03_21:39:28 WARN Transaction aborted. 1 queries not executed.
2023-04-03_21:39:29 WARN Transaction aborted. 1 queries not executed.
2023-04-03_21:39:30 WARN Transaction aborted. 1 queries not executed.
2023-04-03_21:39:31 WARN Transaction aborted. 1 queries not executed.
2023-04-03_21:39:31 INFO Main::KeepDatabaseAlive
