2023-03-31_00:09:46 INFO Main::KeepDatabaseAlive
2023-03-31_00:19:46 INFO Main::KeepDatabaseAlive
2023-03-31_00:29:46 INFO Main::KeepDatabaseAlive
2023-03-31_00:39:46 INFO Main::KeepDatabaseAlive
2023-03-31_00:49:46 INFO Main::KeepDatabaseAlive
2023-03-31_00:59:46 INFO Main::KeepDatabaseAlive
2023-03-31_01:09:46 INFO Main::KeepDatabaseAlive
2023-03-31_01:19:46 INFO Main::KeepDatabaseAlive
2023-03-31_01:29:46 INFO Main::KeepDatabaseAlive
2023-03-31_01:39:46 INFO Main::KeepDatabaseAlive
2023-03-31_01:49:46 INFO Main::KeepDatabaseAlive
2023-03-31_01:59:46 INFO Main::KeepDatabaseAlive
2023-03-31_02:09:46 INFO Main::KeepDatabaseAlive
2023-03-31_02:19:46 INFO Main::KeepDatabaseAlive
2023-03-31_02:29:46 INFO Main::KeepDatabaseAlive
2023-03-31_02:39:46 INFO Main::KeepDatabaseAlive
2023-03-31_02:49:46 INFO Main::KeepDatabaseAlive
2023-03-31_02:59:46 INFO Main::KeepDatabaseAlive
2023-03-31_03:09:46 INFO Main::KeepDatabaseAlive
2023-03-31_03:19:46 INFO Main::KeepDatabaseAlive
2023-03-31_03:29:46 INFO Main::KeepDatabaseAlive
2023-03-31_03:39:46 INFO Main::KeepDatabaseAlive
2023-03-31_03:49:46 INFO Main::KeepDatabaseAlive
2023-03-31_03:59:46 INFO Main::KeepDatabaseAlive
2023-03-31_04:09:46 INFO Main::KeepDatabaseAlive
2023-03-31_04:19:46 INFO Main::KeepDatabaseAlive
2023-03-31_04:29:46 INFO Main::KeepDatabaseAlive
2023-03-31_04:39:46 INFO Main::KeepDatabaseAlive
2023-03-31_04:49:46 INFO Main::KeepDatabaseAlive
2023-03-31_04:59:46 INFO Main::KeepDatabaseAlive
2023-03-31_05:09:46 INFO Main::KeepDatabaseAlive
2023-03-31_05:19:46 INFO Main::KeepDatabaseAlive
2023-03-31_05:29:46 INFO Main::KeepDatabaseAlive
2023-03-31_05:39:46 INFO Main::KeepDatabaseAlive
2023-03-31_05:49:46 INFO Main::KeepDatabaseAlive
2023-03-31_05:59:46 INFO Main::KeepDatabaseAlive
2023-03-31_06:09:46 INFO Main::KeepDatabaseAlive
2023-03-31_06:19:46 INFO Main::KeepDatabaseAlive
2023-03-31_06:29:46 INFO Main::KeepDatabaseAlive
2023-03-31_06:39:46 INFO Main::KeepDatabaseAlive
2023-03-31_06:49:46 INFO Main::KeepDatabaseAlive
2023-03-31_06:59:46 INFO Main::KeepDatabaseAlive
2023-03-31_07:09:46 INFO Main::KeepDatabaseAlive
2023-03-31_07:19:46 INFO Main::KeepDatabaseAlive
2023-03-31_07:29:46 INFO Main::KeepDatabaseAlive
2023-03-31_07:39:46 INFO Main::KeepDatabaseAlive
2023-03-31_07:49:46 INFO Main::KeepDatabaseAlive
2023-03-31_07:59:46 INFO Main::KeepDatabaseAlive
2023-03-31_08:09:46 INFO Main::KeepDatabaseAlive
2023-03-31_08:19:46 INFO Main::KeepDatabaseAlive
2023-03-31_08:29:46 INFO Main::KeepDatabaseAlive
2023-03-31_08:39:46 INFO Main::KeepDatabaseAlive
2023-03-31_08:49:46 INFO Main::KeepDatabaseAlive
2023-03-31_08:59:46 INFO Main::KeepDatabaseAlive
2023-03-31_09:09:46 INFO Main::KeepDatabaseAlive
2023-03-31_09:19:46 INFO Main::KeepDatabaseAlive
2023-03-31_09:29:46 INFO Main::KeepDatabaseAlive
2023-03-31_09:39:46 INFO Main::KeepDatabaseAlive
2023-03-31_09:49:46 INFO Main::KeepDatabaseAlive
2023-03-31_09:59:46 INFO Main::KeepDatabaseAlive
2023-03-31_10:09:46 INFO Main::KeepDatabaseAlive
2023-03-31_10:15:16 INFO Closing down DatabasePool 'characters'.
2023-03-31_10:15:16 INFO Asynchronous connections on DatabasePool 'characters' terminated. Proceeding with synchronous connections.
2023-03-31_10:15:16 INFO All connections on DatabasePool 'characters' closed.
2023-03-31_10:15:16 INFO Closing down DatabasePool 'log'.
2023-03-31_10:15:16 INFO Asynchronous connections on DatabasePool 'log' terminated. Proceeding with synchronous connections.
2023-03-31_10:15:16 INFO All connections on DatabasePool 'log' closed.
2023-03-31_10:15:16 INFO Closing down DatabasePool 'login'.
2023-03-31_10:15:16 INFO Asynchronous connections on DatabasePool 'login' terminated. Proceeding with synchronous connections.
2023-03-31_10:15:16 INFO All connections on DatabasePool 'login' closed.
