2023-03-04_00:00:02 INFO Main::KeepDatabaseAlive
2023-03-04_00:10:02 INFO Main::KeepDatabaseAlive
2023-03-04_00:20:02 INFO Main::KeepDatabaseAlive
2023-03-04_00:30:02 INFO Main::KeepDatabaseAlive
2023-03-04_00:40:02 INFO Main::KeepDatabaseAlive
2023-03-04_00:50:02 INFO Main::KeepDatabaseAlive
2023-03-04_01:00:02 INFO Main::KeepDatabaseAlive
2023-03-04_01:10:02 INFO Main::KeepDatabaseAlive
2023-03-04_01:20:02 INFO Main::KeepDatabaseAlive
2023-03-04_01:30:02 INFO Main::KeepDatabaseAlive
2023-03-04_01:40:02 INFO Main::KeepDatabaseAlive
2023-03-04_01:50:02 INFO Main::KeepDatabaseAlive
2023-03-04_02:00:02 INFO Main::KeepDatabaseAlive
2023-03-04_02:10:02 INFO Main::KeepDatabaseAlive
2023-03-04_02:20:02 INFO Main::KeepDatabaseAlive
2023-03-04_02:30:02 INFO Main::KeepDatabaseAlive
2023-03-04_02:40:02 INFO Main::KeepDatabaseAlive
2023-03-04_02:50:02 INFO Main::KeepDatabaseAlive
2023-03-04_03:00:02 INFO Main::KeepDatabaseAlive
2023-03-04_03:10:02 INFO Main::KeepDatabaseAlive
2023-03-04_03:20:02 INFO Main::KeepDatabaseAlive
2023-03-04_03:30:02 INFO Main::KeepDatabaseAlive
2023-03-04_03:40:02 INFO Main::KeepDatabaseAlive
2023-03-04_03:50:02 INFO Main::KeepDatabaseAlive
2023-03-04_04:00:02 INFO Main::KeepDatabaseAlive
2023-03-04_04:10:02 INFO Main::KeepDatabaseAlive
2023-03-04_04:20:02 INFO Main::KeepDatabaseAlive
2023-03-04_04:30:02 INFO Main::KeepDatabaseAlive
2023-03-04_04:40:02 INFO Main::KeepDatabaseAlive
2023-03-04_04:50:02 INFO Main::KeepDatabaseAlive
2023-03-04_05:00:02 INFO Main::KeepDatabaseAlive
2023-03-04_05:10:02 INFO Main::KeepDatabaseAlive
2023-03-04_05:20:02 INFO Main::KeepDatabaseAlive
2023-03-04_05:30:02 INFO Main::KeepDatabaseAlive
2023-03-04_05:40:02 INFO Main::KeepDatabaseAlive
2023-03-04_05:50:02 INFO Main::KeepDatabaseAlive
2023-03-04_06:00:03 INFO Main::KeepDatabaseAlive
2023-03-04_06:10:02 INFO Main::KeepDatabaseAlive
2023-03-04_06:20:02 INFO Main::KeepDatabaseAlive
2023-03-04_06:30:02 INFO Main::KeepDatabaseAlive
2023-03-04_06:40:02 INFO Main::KeepDatabaseAlive
2023-03-04_06:50:02 INFO Main::KeepDatabaseAlive
2023-03-04_07:00:02 INFO Main::KeepDatabaseAlive
2023-03-04_07:10:02 INFO Main::KeepDatabaseAlive
2023-03-04_07:20:02 INFO Main::KeepDatabaseAlive
2023-03-04_07:30:02 INFO Main::KeepDatabaseAlive
2023-03-04_07:40:02 INFO Main::KeepDatabaseAlive
2023-03-04_07:50:02 INFO Main::KeepDatabaseAlive
2023-03-04_08:00:02 INFO Main::KeepDatabaseAlive
2023-03-04_08:10:02 INFO Main::KeepDatabaseAlive
2023-03-04_08:20:02 INFO Main::KeepDatabaseAlive
2023-03-04_08:30:02 INFO Main::KeepDatabaseAlive
2023-03-04_08:40:02 INFO Main::KeepDatabaseAlive
2023-03-04_08:50:02 INFO Main::KeepDatabaseAlive
2023-03-04_09:00:02 INFO Main::KeepDatabaseAlive
2023-03-04_09:10:02 INFO Main::KeepDatabaseAlive
2023-03-04_09:20:02 INFO Main::KeepDatabaseAlive
2023-03-04_09:30:02 INFO Main::KeepDatabaseAlive
2023-03-04_09:40:02 INFO Main::KeepDatabaseAlive
2023-03-04_09:50:02 INFO Main::KeepDatabaseAlive
2023-03-04_10:00:02 INFO Main::KeepDatabaseAlive
2023-03-04_10:10:02 INFO Main::KeepDatabaseAlive
2023-03-04_10:20:02 INFO Main::KeepDatabaseAlive
2023-03-04_10:30:02 INFO Main::KeepDatabaseAlive
2023-03-04_10:40:02 INFO Main::KeepDatabaseAlive
2023-03-04_10:50:02 INFO Main::KeepDatabaseAlive
2023-03-04_11:00:03 INFO Main::KeepDatabaseAlive
2023-03-04_11:10:02 INFO Main::KeepDatabaseAlive
2023-03-04_11:20:02 INFO Main::KeepDatabaseAlive
2023-03-04_11:30:02 INFO Main::KeepDatabaseAlive
2023-03-04_11:40:02 INFO Main::KeepDatabaseAlive
2023-03-04_11:50:02 INFO Main::KeepDatabaseAlive
2023-03-04_12:00:07 INFO Main::KeepDatabaseAlive
2023-03-04_12:10:02 INFO Main::KeepDatabaseAlive
2023-03-04_12:20:02 INFO Main::KeepDatabaseAlive
2023-03-04_12:30:02 INFO Main::KeepDatabaseAlive
2023-03-04_12:37:07 INFO Closing down DatabasePool 'characters'.
2023-03-04_12:37:07 INFO Asynchronous connections on DatabasePool 'characters' terminated. Proceeding with synchronous connections.
2023-03-04_12:37:07 INFO All connections on DatabasePool 'characters' closed.
2023-03-04_12:37:07 INFO Closing down DatabasePool 'log'.
2023-03-04_12:37:07 INFO Asynchronous connections on DatabasePool 'log' terminated. Proceeding with synchronous connections.
2023-03-04_12:37:07 INFO All connections on DatabasePool 'log' closed.
2023-03-04_12:37:07 INFO Closing down DatabasePool 'login'.
2023-03-04_12:37:07 INFO Asynchronous connections on DatabasePool 'login' terminated. Proceeding with synchronous connections.
2023-03-04_12:37:07 INFO All connections on DatabasePool 'login' closed.
