2023-03-30_09:54:21 INFO Opening DatabasePool 'characters'. Asynchronous connections: 1, synchronous connections: 2.
2023-03-30_09:54:21 INFO MySQL client library: 5.6.29
2023-03-30_09:54:21 INFO MySQL server ver: 5.7.41-log 
2023-03-30_09:54:21 INFO Connected to MySQL database at 127.0.0.1
2023-03-30_09:54:21 INFO MySQL client library: 5.6.29
2023-03-30_09:54:21 INFO MySQL server ver: 5.7.41-log 
2023-03-30_09:54:21 INFO Connected to MySQL database at 127.0.0.1
2023-03-30_09:54:21 INFO MySQL client library: 5.6.29
2023-03-30_09:54:21 INFO MySQL server ver: 5.7.41-log 
2023-03-30_09:54:21 INFO Connected to MySQL database at 127.0.0.1
2023-03-30_09:54:22 INFO DatabasePool 'characters' opened successfully. 3 total connections running.
2023-03-30_09:54:22 INFO Opening DatabasePool 'log'. Asynchronous connections: 1, synchronous connections: 2.
2023-03-30_09:54:22 INFO MySQL client library: 5.6.29
2023-03-30_09:54:22 INFO MySQL server ver: 5.7.41-log 
2023-03-30_09:54:22 INFO Connected to MySQL database at 127.0.0.1
2023-03-30_09:54:22 INFO MySQL client library: 5.6.29
2023-03-30_09:54:22 INFO MySQL server ver: 5.7.41-log 
2023-03-30_09:54:22 INFO Connected to MySQL database at 127.0.0.1
2023-03-30_09:54:22 INFO MySQL client library: 5.6.29
2023-03-30_09:54:22 INFO MySQL server ver: 5.7.41-log 
2023-03-30_09:54:22 INFO Connected to MySQL database at 127.0.0.1
2023-03-30_09:54:22 INFO DatabasePool 'log' opened successfully. 3 total connections running.
2023-03-30_09:54:22 INFO Opening DatabasePool 'login'. Asynchronous connections: 1, synchronous connections: 2.
2023-03-30_09:54:22 INFO MySQL client library: 5.6.29
2023-03-30_09:54:22 INFO MySQL server ver: 5.7.41-log 
2023-03-30_09:54:22 INFO Connected to MySQL database at 127.0.0.1
2023-03-30_09:54:22 INFO MySQL client library: 5.6.29
2023-03-30_09:54:22 INFO MySQL server ver: 5.7.41-log 
2023-03-30_09:54:22 INFO Connected to MySQL database at 127.0.0.1
2023-03-30_09:54:22 INFO MySQL client library: 5.6.29
2023-03-30_09:54:22 INFO MySQL server ver: 5.7.41-log 
2023-03-30_09:54:22 INFO Connected to MySQL database at 127.0.0.1
2023-03-30_09:54:22 INFO DatabasePool 'login' opened successfully. 3 total connections running.
2023-03-30_10:04:32 INFO Main::KeepDatabaseAlive
2023-03-30_10:14:32 INFO Main::KeepDatabaseAlive
2023-03-30_10:24:32 INFO Main::KeepDatabaseAlive
2023-03-30_10:34:32 INFO Main::KeepDatabaseAlive
2023-03-30_10:44:32 INFO Main::KeepDatabaseAlive
2023-03-30_10:54:32 INFO Main::KeepDatabaseAlive
2023-03-30_11:04:32 INFO Main::KeepDatabaseAlive
2023-03-30_11:14:32 INFO Main::KeepDatabaseAlive
2023-03-30_11:24:32 INFO Main::KeepDatabaseAlive
2023-03-30_11:34:32 INFO Main::KeepDatabaseAlive
2023-03-30_11:38:25 INFO Closing down DatabasePool 'characters'.
2023-03-30_11:38:25 INFO Asynchronous connections on DatabasePool 'characters' terminated. Proceeding with synchronous connections.
2023-03-30_11:38:25 INFO All connections on DatabasePool 'characters' closed.
2023-03-30_11:38:25 INFO Closing down DatabasePool 'log'.
2023-03-30_11:38:25 INFO Asynchronous connections on DatabasePool 'log' terminated. Proceeding with synchronous connections.
2023-03-30_11:38:25 INFO All connections on DatabasePool 'log' closed.
2023-03-30_11:38:25 INFO Closing down DatabasePool 'login'.
2023-03-30_11:38:25 INFO Asynchronous connections on DatabasePool 'login' terminated. Proceeding with synchronous connections.
2023-03-30_11:38:25 INFO All connections on DatabasePool 'login' closed.
