2023-03-26_13:40:25 INFO Opening DatabasePool 'characters'. Asynchronous connections: 1, synchronous connections: 2.
2023-03-26_13:40:25 INFO MySQL client library: 5.6.29
2023-03-26_13:40:25 INFO MySQL server ver: 5.7.41-log 
2023-03-26_13:40:25 INFO Connected to MySQL database at 127.0.0.1
2023-03-26_13:40:26 INFO MySQL client library: 5.6.29
2023-03-26_13:40:26 INFO MySQL server ver: 5.7.41-log 
2023-03-26_13:40:26 INFO Connected to MySQL database at 127.0.0.1
2023-03-26_13:40:26 INFO MySQL client library: 5.6.29
2023-03-26_13:40:26 INFO MySQL server ver: 5.7.41-log 
2023-03-26_13:40:26 INFO Connected to MySQL database at 127.0.0.1
2023-03-26_13:40:26 INFO DatabasePool 'characters' opened successfully. 3 total connections running.
2023-03-26_13:40:26 INFO Opening DatabasePool 'log'. Asynchronous connections: 1, synchronous connections: 2.
2023-03-26_13:40:26 INFO MySQL client library: 5.6.29
2023-03-26_13:40:26 INFO MySQL server ver: 5.7.41-log 
2023-03-26_13:40:26 INFO Connected to MySQL database at 127.0.0.1
2023-03-26_13:40:26 INFO MySQL client library: 5.6.29
2023-03-26_13:40:26 INFO MySQL server ver: 5.7.41-log 
2023-03-26_13:40:26 INFO Connected to MySQL database at 127.0.0.1
2023-03-26_13:40:26 INFO MySQL client library: 5.6.29
2023-03-26_13:40:26 INFO MySQL server ver: 5.7.41-log 
2023-03-26_13:40:26 INFO Connected to MySQL database at 127.0.0.1
2023-03-26_13:40:26 INFO DatabasePool 'log' opened successfully. 3 total connections running.
2023-03-26_13:40:26 INFO Opening DatabasePool 'login'. Asynchronous connections: 1, synchronous connections: 2.
2023-03-26_13:40:26 INFO MySQL client library: 5.6.29
2023-03-26_13:40:26 INFO MySQL server ver: 5.7.41-log 
2023-03-26_13:40:26 INFO Connected to MySQL database at 127.0.0.1
2023-03-26_13:40:26 INFO MySQL client library: 5.6.29
2023-03-26_13:40:26 INFO MySQL server ver: 5.7.41-log 
2023-03-26_13:40:26 INFO Connected to MySQL database at 127.0.0.1
2023-03-26_13:40:26 INFO MySQL client library: 5.6.29
2023-03-26_13:40:26 INFO MySQL server ver: 5.7.41-log 
2023-03-26_13:40:26 INFO Connected to MySQL database at 127.0.0.1
2023-03-26_13:40:26 INFO DatabasePool 'login' opened successfully. 3 total connections running.
2023-03-26_13:50:36 INFO Main::KeepDatabaseAlive
2023-03-26_14:00:36 INFO Main::KeepDatabaseAlive
2023-03-26_14:10:36 INFO Main::KeepDatabaseAlive
2023-03-26_14:20:36 INFO Main::KeepDatabaseAlive
2023-03-26_14:30:36 INFO Main::KeepDatabaseAlive
2023-03-26_14:40:36 INFO Main::KeepDatabaseAlive
2023-03-26_14:50:36 INFO Main::KeepDatabaseAlive
2023-03-26_15:00:36 INFO Main::KeepDatabaseAlive
2023-03-26_15:10:36 INFO Main::KeepDatabaseAlive
2023-03-26_15:20:36 INFO Main::KeepDatabaseAlive
2023-03-26_15:30:36 INFO Main::KeepDatabaseAlive
2023-03-26_15:40:36 INFO Main::KeepDatabaseAlive
2023-03-26_15:44:31 INFO Closing down DatabasePool 'characters'.
2023-03-26_15:44:31 INFO Asynchronous connections on DatabasePool 'characters' terminated. Proceeding with synchronous connections.
2023-03-26_15:44:31 INFO All connections on DatabasePool 'characters' closed.
2023-03-26_15:44:31 INFO Closing down DatabasePool 'log'.
2023-03-26_15:44:31 INFO Asynchronous connections on DatabasePool 'log' terminated. Proceeding with synchronous connections.
2023-03-26_15:44:31 INFO All connections on DatabasePool 'log' closed.
2023-03-26_15:44:31 INFO Closing down DatabasePool 'login'.
2023-03-26_15:44:31 INFO Asynchronous connections on DatabasePool 'login' terminated. Proceeding with synchronous connections.
2023-03-26_15:44:31 INFO All connections on DatabasePool 'login' closed.
