2023-03-27_10:30:00 INFO DoppelgangerGround::SetState_Open (1)
2023-03-27_10:30:00 INFO DoppelgangerGround::SetState_Open (2)
2023-03-27_10:30:00 INFO DoppelgangerGround::SetState_Open (3)
2023-03-27_10:30:00 INFO DoppelgangerGround::SetState_Open (4)
2023-03-27_10:30:00 INFO DoppelgangerGround::SetState_Open (5)
2023-03-27_10:30:00 INFO DoppelgangerGround::SetState_Open (6)
2023-03-27_10:30:00 INFO DoppelgangerGround::SetState_Open (7)
2023-03-27_10:30:00 INFO Doppelganger::SetState_Open
2023-03-27_10:35:02 INFO DoppelgangerGround::SetState_None (1)
2023-03-27_10:35:02 INFO DoppelgangerGround::SetState_None (2)
2023-03-27_10:35:02 INFO DoppelgangerGround::SetState_None (3)
2023-03-27_10:35:02 INFO DoppelgangerGround::SetState_None (4)
2023-03-27_10:35:02 INFO DoppelgangerGround::SetState_None (5)
2023-03-27_10:35:02 INFO DoppelgangerGround::SetState_None (6)
2023-03-27_10:35:02 INFO DoppelgangerGround::SetState_None (7)
2023-03-27_10:35:02 INFO Doppelganger::SetState_Playing
2023-03-27_10:35:03 INFO Doppelganger::SetState_None
2023-03-27_23:30:01 INFO DoppelgangerGround::SetState_Open (1)
2023-03-27_23:30:01 INFO DoppelgangerGround::SetState_Open (2)
2023-03-27_23:30:01 INFO DoppelgangerGround::SetState_Open (3)
2023-03-27_23:30:01 INFO DoppelgangerGround::SetState_Open (4)
2023-03-27_23:30:01 INFO DoppelgangerGround::SetState_Open (5)
2023-03-27_23:30:02 INFO DoppelgangerGround::SetState_Open (6)
2023-03-27_23:30:02 INFO DoppelgangerGround::SetState_Open (7)
2023-03-27_23:30:02 INFO Doppelganger::SetState_Open
2023-03-27_23:35:03 INFO DoppelgangerGround::SetState_None (1)
2023-03-27_23:35:03 INFO DoppelgangerGround::SetState_None (2)
2023-03-27_23:35:03 INFO DoppelgangerGround::SetState_None (3)
2023-03-27_23:35:03 INFO DoppelgangerGround::SetState_None (4)
2023-03-27_23:35:03 INFO DoppelgangerGround::SetState_None (5)
2023-03-27_23:35:03 INFO DoppelgangerGround::SetState_None (6)
2023-03-27_23:35:03 INFO DoppelgangerGround::SetState_None (7)
2023-03-27_23:35:03 INFO Doppelganger::SetState_Playing
2023-03-27_23:35:03 INFO Doppelganger::SetState_None
