2023-04-08_15:24:37 INFO Doppelganger::SetState_None
2023-04-08_17:25:21 INFO DoppelgangerGround::SetState_Open (1)
2023-04-08_17:25:21 INFO DoppelgangerGround::SetState_Open (2)
2023-04-08_17:25:21 INFO DoppelgangerGround::SetState_Open (3)
2023-04-08_17:25:21 INFO DoppelgangerGround::SetState_Open (4)
2023-04-08_17:25:21 INFO DoppelgangerGround::SetState_Open (5)
2023-04-08_17:25:21 INFO DoppelgangerGround::SetState_Open (6)
2023-04-08_17:25:21 INFO DoppelgangerGround::SetState_Open (7)
2023-04-08_17:25:21 INFO Doppelganger::SetState_Open
2023-04-08_17:30:21 INFO DoppelgangerGround::SetState_None (1)
2023-04-08_17:30:21 INFO DoppelgangerGround::SetState_None (2)
2023-04-08_17:30:21 INFO DoppelgangerGround::SetState_None (3)
2023-04-08_17:30:21 INFO DoppelgangerGround::SetState_None (4)
2023-04-08_17:30:21 INFO DoppelgangerGround::SetState_None (5)
2023-04-08_17:30:21 INFO DoppelgangerGround::SetState_None (6)
2023-04-08_17:30:21 INFO DoppelgangerGround::SetState_None (7)
2023-04-08_17:30:21 INFO Doppelganger::SetState_Playing
2023-04-08_17:30:22 INFO Doppelganger::SetState_None
2023-04-08_17:32:45 INFO DoppelgangerGround::SetState_Open (1)
2023-04-08_17:32:45 INFO DoppelgangerGround::SetState_Open (2)
2023-04-08_17:32:45 INFO DoppelgangerGround::SetState_Open (3)
2023-04-08_17:32:45 INFO DoppelgangerGround::SetState_Open (4)
2023-04-08_17:32:45 INFO DoppelgangerGround::SetState_Open (5)
2023-04-08_17:32:45 INFO DoppelgangerGround::SetState_Open (6)
2023-04-08_17:32:45 INFO DoppelgangerGround::SetState_Open (7)
2023-04-08_17:32:45 INFO Doppelganger::SetState_Open
