2023-04-07_08:38:58 INFO Opening DatabasePool 'characters'. Asynchronous connections: 1, synchronous connections: 2.
2023-04-07_08:38:58 INFO MySQL client library: 5.6.29
2023-04-07_08:38:58 INFO MySQL server ver: 5.7.41-log 
2023-04-07_08:38:58 INFO Connected to MySQL database at 127.0.0.1
2023-04-07_08:38:58 INFO MySQL client library: 5.6.29
2023-04-07_08:38:58 INFO MySQL server ver: 5.7.41-log 
2023-04-07_08:38:58 INFO Connected to MySQL database at 127.0.0.1
2023-04-07_08:38:58 INFO MySQL client library: 5.6.29
2023-04-07_08:38:58 INFO MySQL server ver: 5.7.41-log 
2023-04-07_08:38:58 INFO Connected to MySQL database at 127.0.0.1
2023-04-07_08:38:58 INFO DatabasePool 'characters' opened successfully. 3 total connections running.
2023-04-07_08:43:58 INFO Main::KeepDatabaseAlive
2023-04-07_08:48:58 INFO Main::KeepDatabaseAlive
2023-04-07_08:53:58 INFO Main::KeepDatabaseAlive
2023-04-07_08:58:58 INFO Main::KeepDatabaseAlive
2023-04-07_09:03:58 INFO Main::KeepDatabaseAlive
2023-04-07_09:08:58 INFO Main::KeepDatabaseAlive
2023-04-07_09:13:58 INFO Main::KeepDatabaseAlive
2023-04-07_09:18:58 INFO Main::KeepDatabaseAlive
2023-04-07_09:23:58 INFO Main::KeepDatabaseAlive
2023-04-07_09:28:58 INFO Main::KeepDatabaseAlive
2023-04-07_09:33:58 INFO Main::KeepDatabaseAlive
2023-04-07_09:38:58 INFO Main::KeepDatabaseAlive
2023-04-07_09:43:58 INFO Main::KeepDatabaseAlive
2023-04-07_09:48:58 INFO Main::KeepDatabaseAlive
2023-04-07_09:53:58 INFO Main::KeepDatabaseAlive
2023-04-07_09:58:58 INFO Main::KeepDatabaseAlive
2023-04-07_10:03:58 INFO Main::KeepDatabaseAlive
2023-04-07_10:08:58 INFO Main::KeepDatabaseAlive
2023-04-07_10:13:58 INFO Main::KeepDatabaseAlive
2023-04-07_10:18:58 INFO Main::KeepDatabaseAlive
2023-04-07_10:23:58 INFO Main::KeepDatabaseAlive
2023-04-07_10:28:58 INFO Main::KeepDatabaseAlive
2023-04-07_10:33:58 INFO Main::KeepDatabaseAlive
2023-04-07_10:38:58 INFO Main::KeepDatabaseAlive
2023-04-07_10:43:58 INFO Main::KeepDatabaseAlive
2023-04-07_10:48:58 INFO Main::KeepDatabaseAlive
2023-04-07_10:53:58 INFO Main::KeepDatabaseAlive
2023-04-07_10:58:58 INFO Main::KeepDatabaseAlive
2023-04-07_11:03:58 INFO Main::KeepDatabaseAlive
2023-04-07_11:08:58 INFO Main::KeepDatabaseAlive
2023-04-07_11:13:58 INFO Main::KeepDatabaseAlive
2023-04-07_11:18:58 INFO Main::KeepDatabaseAlive
2023-04-07_11:23:58 INFO Main::KeepDatabaseAlive
2023-04-07_11:28:58 INFO Main::KeepDatabaseAlive
2023-04-07_11:33:58 INFO Main::KeepDatabaseAlive
2023-04-07_11:38:58 INFO Main::KeepDatabaseAlive
2023-04-07_11:43:58 INFO Main::KeepDatabaseAlive
2023-04-07_11:48:58 INFO Main::KeepDatabaseAlive
2023-04-07_11:53:58 INFO Main::KeepDatabaseAlive
2023-04-07_11:58:58 INFO Main::KeepDatabaseAlive
2023-04-07_12:03:58 INFO Main::KeepDatabaseAlive
2023-04-07_12:08:58 INFO Main::KeepDatabaseAlive
2023-04-07_12:13:58 INFO Main::KeepDatabaseAlive
2023-04-07_12:18:58 INFO Main::KeepDatabaseAlive
2023-04-07_12:23:58 INFO Main::KeepDatabaseAlive
2023-04-07_12:28:58 INFO Main::KeepDatabaseAlive
2023-04-07_12:33:58 INFO Main::KeepDatabaseAlive
2023-04-07_12:38:58 INFO Main::KeepDatabaseAlive
2023-04-07_12:43:58 INFO Main::KeepDatabaseAlive
2023-04-07_12:48:58 INFO Main::KeepDatabaseAlive
2023-04-07_12:53:58 INFO Main::KeepDatabaseAlive
2023-04-07_12:58:58 INFO Main::KeepDatabaseAlive
2023-04-07_13:03:58 INFO Main::KeepDatabaseAlive
2023-04-07_13:08:58 INFO Main::KeepDatabaseAlive
2023-04-07_13:13:58 INFO Main::KeepDatabaseAlive
2023-04-07_13:18:58 INFO Main::KeepDatabaseAlive
2023-04-07_13:23:58 INFO Main::KeepDatabaseAlive
2023-04-07_13:28:58 INFO Main::KeepDatabaseAlive
2023-04-07_13:33:58 INFO Main::KeepDatabaseAlive
2023-04-07_13:38:58 INFO Main::KeepDatabaseAlive
2023-04-07_13:43:58 INFO Main::KeepDatabaseAlive
2023-04-07_13:48:58 INFO Main::KeepDatabaseAlive
2023-04-07_13:53:58 INFO Main::KeepDatabaseAlive
2023-04-07_13:58:58 INFO Main::KeepDatabaseAlive
2023-04-07_14:03:58 INFO Main::KeepDatabaseAlive
2023-04-07_14:08:58 INFO Main::KeepDatabaseAlive
2023-04-07_14:13:58 INFO Main::KeepDatabaseAlive
2023-04-07_14:18:58 INFO Main::KeepDatabaseAlive
2023-04-07_14:23:58 INFO Main::KeepDatabaseAlive
2023-04-07_14:28:58 INFO Main::KeepDatabaseAlive
2023-04-07_14:33:58 INFO Main::KeepDatabaseAlive
2023-04-07_14:38:58 INFO Main::KeepDatabaseAlive
2023-04-07_14:43:58 INFO Main::KeepDatabaseAlive
2023-04-07_14:48:58 INFO Main::KeepDatabaseAlive
2023-04-07_14:53:58 INFO Main::KeepDatabaseAlive
2023-04-07_14:58:58 INFO Main::KeepDatabaseAlive
2023-04-07_15:03:58 INFO Main::KeepDatabaseAlive
2023-04-07_15:08:58 INFO Main::KeepDatabaseAlive
2023-04-07_15:13:58 INFO Main::KeepDatabaseAlive
2023-04-07_15:18:58 INFO Main::KeepDatabaseAlive
2023-04-07_15:23:58 INFO Main::KeepDatabaseAlive
2023-04-07_15:28:58 INFO Main::KeepDatabaseAlive
2023-04-07_15:33:58 INFO Main::KeepDatabaseAlive
2023-04-07_15:38:58 INFO Main::KeepDatabaseAlive
2023-04-07_15:43:58 INFO Main::KeepDatabaseAlive
2023-04-07_15:48:58 INFO Main::KeepDatabaseAlive
2023-04-07_15:53:58 INFO Main::KeepDatabaseAlive
2023-04-07_15:58:58 INFO Main::KeepDatabaseAlive
2023-04-07_16:03:58 INFO Main::KeepDatabaseAlive
2023-04-07_16:08:58 INFO Main::KeepDatabaseAlive
2023-04-07_16:13:58 INFO Main::KeepDatabaseAlive
2023-04-07_16:18:58 INFO Main::KeepDatabaseAlive
2023-04-07_16:23:58 INFO Main::KeepDatabaseAlive
2023-04-07_16:28:58 INFO Main::KeepDatabaseAlive
2023-04-07_16:33:58 INFO Main::KeepDatabaseAlive
2023-04-07_16:38:58 INFO Main::KeepDatabaseAlive
2023-04-07_16:43:58 INFO Main::KeepDatabaseAlive
2023-04-07_16:48:58 INFO Main::KeepDatabaseAlive
2023-04-07_16:53:58 INFO Main::KeepDatabaseAlive
2023-04-07_16:58:58 INFO Main::KeepDatabaseAlive
2023-04-07_17:03:58 INFO Main::KeepDatabaseAlive
2023-04-07_17:08:58 INFO Main::KeepDatabaseAlive
2023-04-07_17:13:58 INFO Main::KeepDatabaseAlive
2023-04-07_17:18:58 INFO Main::KeepDatabaseAlive
2023-04-07_17:23:58 INFO Main::KeepDatabaseAlive
2023-04-07_17:28:58 INFO Main::KeepDatabaseAlive
2023-04-07_17:33:58 INFO Main::KeepDatabaseAlive
2023-04-07_17:38:58 INFO Main::KeepDatabaseAlive
2023-04-07_17:43:58 INFO Main::KeepDatabaseAlive
2023-04-07_17:48:58 INFO Main::KeepDatabaseAlive
2023-04-07_17:53:58 INFO Main::KeepDatabaseAlive
2023-04-07_17:58:58 INFO Main::KeepDatabaseAlive
2023-04-07_18:03:58 INFO Main::KeepDatabaseAlive
2023-04-07_18:08:58 INFO Main::KeepDatabaseAlive
2023-04-07_18:13:58 INFO Main::KeepDatabaseAlive
2023-04-07_18:18:58 INFO Main::KeepDatabaseAlive
2023-04-07_18:23:58 INFO Main::KeepDatabaseAlive
2023-04-07_18:28:58 INFO Main::KeepDatabaseAlive
2023-04-07_18:33:58 INFO Main::KeepDatabaseAlive
2023-04-07_18:38:58 INFO Main::KeepDatabaseAlive
2023-04-07_18:43:58 INFO Main::KeepDatabaseAlive
2023-04-07_18:48:58 INFO Main::KeepDatabaseAlive
2023-04-07_18:53:58 INFO Main::KeepDatabaseAlive
2023-04-07_18:58:58 INFO Main::KeepDatabaseAlive
2023-04-07_19:03:58 INFO Main::KeepDatabaseAlive
2023-04-07_19:08:58 INFO Main::KeepDatabaseAlive
2023-04-07_19:13:58 INFO Main::KeepDatabaseAlive
2023-04-07_19:18:58 INFO Main::KeepDatabaseAlive
2023-04-07_19:23:58 INFO Main::KeepDatabaseAlive
2023-04-07_19:28:58 INFO Main::KeepDatabaseAlive
2023-04-07_19:33:58 INFO Main::KeepDatabaseAlive
2023-04-07_19:38:58 INFO Main::KeepDatabaseAlive
2023-04-07_19:43:58 INFO Main::KeepDatabaseAlive
2023-04-07_19:48:58 INFO Main::KeepDatabaseAlive
2023-04-07_19:53:58 INFO Main::KeepDatabaseAlive
2023-04-07_19:58:58 INFO Main::KeepDatabaseAlive
2023-04-07_20:03:58 INFO Main::KeepDatabaseAlive
2023-04-07_20:08:58 INFO Main::KeepDatabaseAlive
2023-04-07_20:13:58 INFO Main::KeepDatabaseAlive
2023-04-07_20:18:58 INFO Main::KeepDatabaseAlive
2023-04-07_20:23:58 INFO Main::KeepDatabaseAlive
2023-04-07_20:28:58 INFO Main::KeepDatabaseAlive
2023-04-07_20:33:58 INFO Main::KeepDatabaseAlive
2023-04-07_20:38:58 INFO Main::KeepDatabaseAlive
2023-04-07_20:43:58 INFO Main::KeepDatabaseAlive
2023-04-07_20:48:58 INFO Main::KeepDatabaseAlive
2023-04-07_20:53:58 INFO Main::KeepDatabaseAlive
2023-04-07_20:58:58 INFO Main::KeepDatabaseAlive
2023-04-07_21:03:58 INFO Main::KeepDatabaseAlive
2023-04-07_21:08:58 INFO Main::KeepDatabaseAlive
2023-04-07_21:13:58 INFO Main::KeepDatabaseAlive
2023-04-07_21:18:58 INFO Main::KeepDatabaseAlive
2023-04-07_21:23:58 INFO Main::KeepDatabaseAlive
2023-04-07_21:28:58 INFO Main::KeepDatabaseAlive
2023-04-07_21:33:58 INFO Main::KeepDatabaseAlive
2023-04-07_21:38:58 INFO Main::KeepDatabaseAlive
2023-04-07_21:43:58 INFO Main::KeepDatabaseAlive
2023-04-07_21:48:58 INFO Main::KeepDatabaseAlive
2023-04-07_21:53:58 INFO Main::KeepDatabaseAlive
2023-04-07_21:58:58 INFO Main::KeepDatabaseAlive
2023-04-07_22:03:58 INFO Main::KeepDatabaseAlive
2023-04-07_22:08:58 INFO Main::KeepDatabaseAlive
2023-04-07_22:13:58 INFO Main::KeepDatabaseAlive
2023-04-07_22:18:58 INFO Main::KeepDatabaseAlive
2023-04-07_22:23:58 INFO Main::KeepDatabaseAlive
2023-04-07_22:28:58 INFO Main::KeepDatabaseAlive
2023-04-07_22:33:58 INFO Main::KeepDatabaseAlive
2023-04-07_22:38:58 INFO Main::KeepDatabaseAlive
2023-04-07_22:43:58 INFO Main::KeepDatabaseAlive
2023-04-07_22:48:58 INFO Main::KeepDatabaseAlive
2023-04-07_22:53:58 INFO Main::KeepDatabaseAlive
2023-04-07_22:58:58 INFO Main::KeepDatabaseAlive
2023-04-07_23:03:58 INFO Main::KeepDatabaseAlive
2023-04-07_23:08:58 INFO Main::KeepDatabaseAlive
2023-04-07_23:13:58 INFO Main::KeepDatabaseAlive
2023-04-07_23:18:58 INFO Main::KeepDatabaseAlive
2023-04-07_23:23:58 INFO Main::KeepDatabaseAlive
2023-04-07_23:28:58 INFO Main::KeepDatabaseAlive
2023-04-07_23:33:58 INFO Main::KeepDatabaseAlive
2023-04-07_23:38:58 INFO Main::KeepDatabaseAlive
2023-04-07_23:43:58 INFO Main::KeepDatabaseAlive
2023-04-07_23:48:58 INFO Main::KeepDatabaseAlive
2023-04-07_23:53:58 INFO Main::KeepDatabaseAlive
2023-04-07_23:58:58 INFO Main::KeepDatabaseAlive
