2023-04-06_20:58:39 INFO Opening DatabasePool 'characters'. Asynchronous connections: 1, synchronous connections: 2.
2023-04-06_20:58:39 INFO MySQL client library: 5.6.29
2023-04-06_20:58:39 INFO MySQL server ver: 5.7.41-log 
2023-04-06_20:58:39 INFO Connected to MySQL database at 127.0.0.1
2023-04-06_20:58:39 INFO MySQL client library: 5.6.29
2023-04-06_20:58:39 INFO MySQL server ver: 5.7.41-log 
2023-04-06_20:58:39 INFO Connected to MySQL database at 127.0.0.1
2023-04-06_20:58:39 INFO MySQL client library: 5.6.29
2023-04-06_20:58:39 INFO MySQL server ver: 5.7.41-log 
2023-04-06_20:58:39 INFO Connected to MySQL database at 127.0.0.1
2023-04-06_20:58:39 INFO DatabasePool 'characters' opened successfully. 3 total connections running.
2023-04-06_21:03:39 INFO Main::KeepDatabaseAlive
2023-04-06_21:08:39 INFO Main::KeepDatabaseAlive
2023-04-06_21:13:39 INFO Main::KeepDatabaseAlive
2023-04-06_21:18:39 INFO Main::KeepDatabaseAlive
2023-04-06_21:23:39 INFO Main::KeepDatabaseAlive
2023-04-06_21:28:39 INFO Main::KeepDatabaseAlive
2023-04-06_21:33:39 INFO Main::KeepDatabaseAlive
2023-04-06_21:38:39 INFO Main::KeepDatabaseAlive
2023-04-06_21:43:39 INFO Main::KeepDatabaseAlive
2023-04-06_21:46:26 INFO Closing down DatabasePool 'characters'.
2023-04-06_21:46:26 INFO Asynchronous connections on DatabasePool 'characters' terminated. Proceeding with synchronous connections.
2023-04-06_21:46:26 INFO All connections on DatabasePool 'characters' closed.
