2023-03-29_08:25:37 INFO Opening DatabasePool 'characters'. Asynchronous connections: 1, synchronous connections: 2.
2023-03-29_08:25:37 INFO MySQL client library: 5.6.29
2023-03-29_08:25:37 INFO MySQL server ver: 5.7.41-log 
2023-03-29_08:25:37 INFO Connected to MySQL database at 127.0.0.1
2023-03-29_08:25:37 INFO MySQL client library: 5.6.29
2023-03-29_08:25:37 INFO MySQL server ver: 5.7.41-log 
2023-03-29_08:25:37 INFO Connected to MySQL database at 127.0.0.1
2023-03-29_08:25:37 INFO MySQL client library: 5.6.29
2023-03-29_08:25:37 INFO MySQL server ver: 5.7.41-log 
2023-03-29_08:25:37 INFO Connected to MySQL database at 127.0.0.1
2023-03-29_08:25:38 INFO DatabasePool 'characters' opened successfully. 3 total connections running.
2023-03-29_08:30:38 INFO Main::KeepDatabaseAlive
2023-03-29_08:35:38 INFO Main::KeepDatabaseAlive
2023-03-29_08:40:38 INFO Main::KeepDatabaseAlive
2023-03-29_08:45:38 INFO Main::KeepDatabaseAlive
2023-03-29_08:50:38 INFO Main::KeepDatabaseAlive
2023-03-29_08:55:38 INFO Main::KeepDatabaseAlive
2023-03-29_09:00:38 INFO Main::KeepDatabaseAlive
2023-03-29_09:05:38 INFO Main::KeepDatabaseAlive
2023-03-29_09:10:38 INFO Main::KeepDatabaseAlive
2023-03-29_09:15:38 INFO Main::KeepDatabaseAlive
2023-03-29_09:20:38 INFO Main::KeepDatabaseAlive
2023-03-29_09:25:38 INFO Main::KeepDatabaseAlive
2023-03-29_09:30:38 INFO Main::KeepDatabaseAlive
2023-03-29_09:35:38 INFO Main::KeepDatabaseAlive
2023-03-29_09:40:38 INFO Main::KeepDatabaseAlive
2023-03-29_09:45:38 INFO Main::KeepDatabaseAlive
2023-03-29_09:50:38 INFO Main::KeepDatabaseAlive
2023-03-29_09:55:38 INFO Main::KeepDatabaseAlive
2023-03-29_10:00:38 INFO Main::KeepDatabaseAlive
2023-03-29_10:05:38 INFO Main::KeepDatabaseAlive
2023-03-29_10:10:38 INFO Main::KeepDatabaseAlive
2023-03-29_10:15:38 INFO Main::KeepDatabaseAlive
2023-03-29_10:20:38 INFO Main::KeepDatabaseAlive
2023-03-29_10:25:38 INFO Main::KeepDatabaseAlive
2023-03-29_10:30:38 INFO Main::KeepDatabaseAlive
2023-03-29_10:35:38 INFO Main::KeepDatabaseAlive
2023-03-29_10:40:38 INFO Main::KeepDatabaseAlive
2023-03-29_10:45:38 INFO Main::KeepDatabaseAlive
2023-03-29_10:50:38 INFO Main::KeepDatabaseAlive
2023-03-29_10:55:38 INFO Main::KeepDatabaseAlive
2023-03-29_11:00:38 INFO Main::KeepDatabaseAlive
2023-03-29_11:05:38 INFO Main::KeepDatabaseAlive
2023-03-29_11:10:38 INFO Main::KeepDatabaseAlive
2023-03-29_11:15:38 INFO Main::KeepDatabaseAlive
2023-03-29_11:20:38 INFO Main::KeepDatabaseAlive
2023-03-29_11:25:38 INFO Main::KeepDatabaseAlive
2023-03-29_11:30:38 INFO Main::KeepDatabaseAlive
2023-03-29_11:35:38 INFO Main::KeepDatabaseAlive
2023-03-29_11:40:38 INFO Main::KeepDatabaseAlive
2023-03-29_11:45:38 INFO Main::KeepDatabaseAlive
2023-03-29_11:50:38 INFO Main::KeepDatabaseAlive
2023-03-29_11:55:38 INFO Main::KeepDatabaseAlive
2023-03-29_12:00:38 INFO Main::KeepDatabaseAlive
2023-03-29_12:05:38 INFO Main::KeepDatabaseAlive
2023-03-29_12:10:38 INFO Main::KeepDatabaseAlive
2023-03-29_12:15:38 INFO Main::KeepDatabaseAlive
2023-03-29_12:20:38 INFO Main::KeepDatabaseAlive
2023-03-29_12:25:38 INFO Main::KeepDatabaseAlive
2023-03-29_12:30:38 INFO Main::KeepDatabaseAlive
2023-03-29_12:35:38 INFO Main::KeepDatabaseAlive
2023-03-29_12:40:38 INFO Main::KeepDatabaseAlive
2023-03-29_12:45:38 INFO Main::KeepDatabaseAlive
2023-03-29_12:50:38 INFO Main::KeepDatabaseAlive
2023-03-29_12:55:38 INFO Main::KeepDatabaseAlive
2023-03-29_13:00:38 INFO Main::KeepDatabaseAlive
2023-03-29_13:05:38 INFO Main::KeepDatabaseAlive
2023-03-29_13:10:38 INFO Main::KeepDatabaseAlive
2023-03-29_13:15:38 INFO Main::KeepDatabaseAlive
2023-03-29_13:20:38 INFO Main::KeepDatabaseAlive
2023-03-29_13:25:38 INFO Main::KeepDatabaseAlive
2023-03-29_13:30:38 INFO Main::KeepDatabaseAlive
2023-03-29_13:35:38 INFO Main::KeepDatabaseAlive
2023-03-29_13:40:38 INFO Main::KeepDatabaseAlive
2023-03-29_13:45:38 INFO Main::KeepDatabaseAlive
2023-03-29_13:50:38 INFO Main::KeepDatabaseAlive
2023-03-29_13:55:38 INFO Main::KeepDatabaseAlive
2023-03-29_14:00:38 INFO Main::KeepDatabaseAlive
2023-03-29_14:05:38 INFO Main::KeepDatabaseAlive
2023-03-29_14:10:38 INFO Main::KeepDatabaseAlive
2023-03-29_14:15:38 INFO Main::KeepDatabaseAlive
2023-03-29_14:20:38 INFO Main::KeepDatabaseAlive
2023-03-29_14:25:38 INFO Main::KeepDatabaseAlive
2023-03-29_14:30:38 INFO Main::KeepDatabaseAlive
2023-03-29_14:35:38 INFO Main::KeepDatabaseAlive
2023-03-29_14:40:38 INFO Main::KeepDatabaseAlive
2023-03-29_14:45:38 INFO Main::KeepDatabaseAlive
2023-03-29_14:50:38 INFO Main::KeepDatabaseAlive
2023-03-29_14:55:38 INFO Main::KeepDatabaseAlive
2023-03-29_15:00:38 INFO Main::KeepDatabaseAlive
2023-03-29_15:05:38 INFO Main::KeepDatabaseAlive
2023-03-29_15:10:38 INFO Main::KeepDatabaseAlive
2023-03-29_15:15:38 INFO Main::KeepDatabaseAlive
2023-03-29_15:20:38 INFO Main::KeepDatabaseAlive
2023-03-29_15:25:38 INFO Main::KeepDatabaseAlive
2023-03-29_15:30:38 INFO Main::KeepDatabaseAlive
2023-03-29_15:35:38 INFO Main::KeepDatabaseAlive
2023-03-29_15:40:38 INFO Main::KeepDatabaseAlive
2023-03-29_15:45:38 INFO Main::KeepDatabaseAlive
2023-03-29_15:50:38 INFO Main::KeepDatabaseAlive
2023-03-29_15:55:38 INFO Main::KeepDatabaseAlive
2023-03-29_16:00:38 INFO Main::KeepDatabaseAlive
2023-03-29_16:05:38 INFO Main::KeepDatabaseAlive
2023-03-29_16:10:38 INFO Main::KeepDatabaseAlive
2023-03-29_16:15:38 INFO Main::KeepDatabaseAlive
2023-03-29_16:20:38 INFO Main::KeepDatabaseAlive
2023-03-29_16:25:38 INFO Main::KeepDatabaseAlive
2023-03-29_16:30:38 INFO Main::KeepDatabaseAlive
2023-03-29_16:35:38 INFO Main::KeepDatabaseAlive
2023-03-29_16:40:38 INFO Main::KeepDatabaseAlive
2023-03-29_16:45:38 INFO Main::KeepDatabaseAlive
2023-03-29_16:50:38 INFO Main::KeepDatabaseAlive
2023-03-29_16:55:38 INFO Main::KeepDatabaseAlive
2023-03-29_17:00:38 INFO Main::KeepDatabaseAlive
2023-03-29_17:05:38 INFO Main::KeepDatabaseAlive
2023-03-29_17:10:38 INFO Main::KeepDatabaseAlive
2023-03-29_17:15:38 INFO Main::KeepDatabaseAlive
2023-03-29_17:20:38 INFO Main::KeepDatabaseAlive
2023-03-29_17:25:38 INFO Main::KeepDatabaseAlive
2023-03-29_17:30:38 INFO Main::KeepDatabaseAlive
2023-03-29_17:35:38 INFO Main::KeepDatabaseAlive
2023-03-29_17:40:38 INFO Main::KeepDatabaseAlive
2023-03-29_17:45:38 INFO Main::KeepDatabaseAlive
2023-03-29_17:50:38 INFO Main::KeepDatabaseAlive
2023-03-29_17:55:38 INFO Main::KeepDatabaseAlive
2023-03-29_18:00:38 INFO Main::KeepDatabaseAlive
2023-03-29_18:05:38 INFO Main::KeepDatabaseAlive
2023-03-29_18:10:38 INFO Main::KeepDatabaseAlive
2023-03-29_18:15:38 INFO Main::KeepDatabaseAlive
2023-03-29_18:20:38 INFO Main::KeepDatabaseAlive
2023-03-29_18:25:38 INFO Main::KeepDatabaseAlive
2023-03-29_18:30:38 INFO Main::KeepDatabaseAlive
2023-03-29_18:35:38 INFO Main::KeepDatabaseAlive
2023-03-29_18:40:38 INFO Main::KeepDatabaseAlive
2023-03-29_18:45:38 INFO Main::KeepDatabaseAlive
2023-03-29_18:50:38 INFO Main::KeepDatabaseAlive
2023-03-29_18:55:38 INFO Main::KeepDatabaseAlive
2023-03-29_19:00:38 INFO Main::KeepDatabaseAlive
2023-03-29_19:05:38 INFO Main::KeepDatabaseAlive
2023-03-29_19:10:38 INFO Main::KeepDatabaseAlive
2023-03-29_19:15:38 INFO Main::KeepDatabaseAlive
2023-03-29_19:20:38 INFO Main::KeepDatabaseAlive
2023-03-29_19:25:38 INFO Main::KeepDatabaseAlive
2023-03-29_19:30:38 INFO Main::KeepDatabaseAlive
2023-03-29_19:35:38 INFO Main::KeepDatabaseAlive
2023-03-29_19:40:38 INFO Main::KeepDatabaseAlive
2023-03-29_19:45:38 INFO Main::KeepDatabaseAlive
2023-03-29_19:50:38 INFO Main::KeepDatabaseAlive
2023-03-29_19:55:38 INFO Main::KeepDatabaseAlive
2023-03-29_20:00:38 INFO Main::KeepDatabaseAlive
2023-03-29_20:05:38 INFO Main::KeepDatabaseAlive
2023-03-29_20:10:38 INFO Main::KeepDatabaseAlive
2023-03-29_20:15:38 INFO Main::KeepDatabaseAlive
2023-03-29_20:20:38 INFO Main::KeepDatabaseAlive
2023-03-29_20:25:38 INFO Main::KeepDatabaseAlive
2023-03-29_20:30:38 INFO Main::KeepDatabaseAlive
2023-03-29_20:35:38 INFO Main::KeepDatabaseAlive
2023-03-29_20:40:38 INFO Main::KeepDatabaseAlive
2023-03-29_20:45:38 INFO Main::KeepDatabaseAlive
2023-03-29_20:50:38 INFO Main::KeepDatabaseAlive
2023-03-29_20:55:38 INFO Main::KeepDatabaseAlive
2023-03-29_21:00:38 INFO Main::KeepDatabaseAlive
2023-03-29_21:05:38 INFO Main::KeepDatabaseAlive
2023-03-29_21:10:38 INFO Main::KeepDatabaseAlive
2023-03-29_21:15:38 INFO Main::KeepDatabaseAlive
2023-03-29_21:20:38 INFO Main::KeepDatabaseAlive
2023-03-29_21:25:38 INFO Main::KeepDatabaseAlive
2023-03-29_21:30:38 INFO Main::KeepDatabaseAlive
2023-03-29_21:35:38 INFO Main::KeepDatabaseAlive
2023-03-29_21:40:38 INFO Main::KeepDatabaseAlive
2023-03-29_21:45:38 INFO Main::KeepDatabaseAlive
2023-03-29_21:50:38 INFO Main::KeepDatabaseAlive
2023-03-29_21:55:38 INFO Main::KeepDatabaseAlive
2023-03-29_22:00:38 INFO Main::KeepDatabaseAlive
2023-03-29_22:05:38 INFO Main::KeepDatabaseAlive
2023-03-29_22:10:38 INFO Main::KeepDatabaseAlive
2023-03-29_22:15:38 INFO Main::KeepDatabaseAlive
2023-03-29_22:20:38 INFO Main::KeepDatabaseAlive
2023-03-29_22:25:38 INFO Main::KeepDatabaseAlive
2023-03-29_22:30:38 INFO Main::KeepDatabaseAlive
2023-03-29_22:35:38 INFO Main::KeepDatabaseAlive
2023-03-29_22:40:38 INFO Main::KeepDatabaseAlive
2023-03-29_22:45:38 INFO Main::KeepDatabaseAlive
2023-03-29_22:50:38 INFO Main::KeepDatabaseAlive
2023-03-29_22:55:38 INFO Main::KeepDatabaseAlive
2023-03-29_23:00:38 INFO Main::KeepDatabaseAlive
2023-03-29_23:05:38 INFO Main::KeepDatabaseAlive
2023-03-29_23:10:38 INFO Main::KeepDatabaseAlive
2023-03-29_23:15:38 INFO Main::KeepDatabaseAlive
2023-03-29_23:20:38 INFO Main::KeepDatabaseAlive
2023-03-29_23:25:38 INFO Main::KeepDatabaseAlive
2023-03-29_23:30:38 INFO Main::KeepDatabaseAlive
2023-03-29_23:35:38 INFO Main::KeepDatabaseAlive
2023-03-29_23:40:38 INFO Main::KeepDatabaseAlive
2023-03-29_23:45:38 INFO Main::KeepDatabaseAlive
2023-03-29_23:50:38 INFO Main::KeepDatabaseAlive
2023-03-29_23:55:38 INFO Main::KeepDatabaseAlive
