2023-03-24_23:03:47 INFO Opening DatabasePool 'characters'. Asynchronous connections: 1, synchronous connections: 2.
2023-03-24_23:03:47 INFO MySQL client library: 5.6.29
2023-03-24_23:03:47 INFO MySQL server ver: 5.7.41-log 
2023-03-24_23:03:47 INFO Connected to MySQL database at 127.0.0.1
2023-03-24_23:03:47 INFO MySQL client library: 5.6.29
2023-03-24_23:03:47 INFO MySQL server ver: 5.7.41-log 
2023-03-24_23:03:47 INFO Connected to MySQL database at 127.0.0.1
2023-03-24_23:03:47 INFO MySQL client library: 5.6.29
2023-03-24_23:03:47 INFO MySQL server ver: 5.7.41-log 
2023-03-24_23:03:47 INFO Connected to MySQL database at 127.0.0.1
2023-03-24_23:03:47 INFO DatabasePool 'characters' opened successfully. 3 total connections running.
2023-03-24_23:08:47 INFO Main::KeepDatabaseAlive
2023-03-24_23:13:47 INFO Main::KeepDatabaseAlive
2023-03-24_23:18:47 INFO Main::KeepDatabaseAlive
2023-03-24_23:23:47 INFO Main::KeepDatabaseAlive
2023-03-24_23:28:47 INFO Main::KeepDatabaseAlive
2023-03-24_23:33:47 INFO Main::KeepDatabaseAlive
2023-03-24_23:38:47 INFO Main::KeepDatabaseAlive
2023-03-24_23:43:47 INFO Main::KeepDatabaseAlive
2023-03-24_23:48:47 INFO Main::KeepDatabaseAlive
2023-03-24_23:53:47 INFO Main::KeepDatabaseAlive
2023-03-24_23:58:47 INFO Main::KeepDatabaseAlive
