2023-03-30_09:19:24 INFO Opening DatabasePool 'characters'. Asynchronous connections: 1, synchronous connections: 2.
2023-03-30_09:19:24 INFO MySQL client library: 5.6.29
2023-03-30_09:19:24 INFO MySQL server ver: 5.7.41-log 
2023-03-30_09:19:24 INFO Connected to MySQL database at 127.0.0.1
2023-03-30_09:19:24 INFO MySQL client library: 5.6.29
2023-03-30_09:19:24 INFO MySQL server ver: 5.7.41-log 
2023-03-30_09:19:24 INFO Connected to MySQL database at 127.0.0.1
2023-03-30_09:19:24 INFO MySQL client library: 5.6.29
2023-03-30_09:19:24 INFO MySQL server ver: 5.7.41-log 
2023-03-30_09:19:24 INFO Connected to MySQL database at 127.0.0.1
2023-03-30_09:19:25 INFO DatabasePool 'characters' opened successfully. 3 total connections running.
2023-03-30_09:24:25 INFO Main::KeepDatabaseAlive
2023-03-30_09:29:25 INFO Main::KeepDatabaseAlive
2023-03-30_09:34:25 INFO Main::KeepDatabaseAlive
2023-03-30_09:39:25 INFO Main::KeepDatabaseAlive
2023-03-30_09:44:25 INFO Main::KeepDatabaseAlive
2023-03-30_09:49:25 INFO Main::KeepDatabaseAlive
2023-03-30_09:54:25 INFO Main::KeepDatabaseAlive
2023-03-30_09:59:25 INFO Main::KeepDatabaseAlive
2023-03-30_10:04:25 INFO Main::KeepDatabaseAlive
2023-03-30_10:09:25 INFO Main::KeepDatabaseAlive
2023-03-30_10:14:25 INFO Main::KeepDatabaseAlive
2023-03-30_10:19:25 INFO Main::KeepDatabaseAlive
2023-03-30_10:24:25 INFO Main::KeepDatabaseAlive
2023-03-30_10:29:25 INFO Main::KeepDatabaseAlive
2023-03-30_10:34:25 INFO Main::KeepDatabaseAlive
2023-03-30_10:39:25 INFO Main::KeepDatabaseAlive
2023-03-30_10:44:25 INFO Main::KeepDatabaseAlive
2023-03-30_10:49:25 INFO Main::KeepDatabaseAlive
2023-03-30_10:54:25 INFO Main::KeepDatabaseAlive
2023-03-30_10:59:25 INFO Main::KeepDatabaseAlive
2023-03-30_11:04:25 INFO Main::KeepDatabaseAlive
2023-03-30_11:09:25 INFO Main::KeepDatabaseAlive
2023-03-30_11:14:25 INFO Main::KeepDatabaseAlive
2023-03-30_11:19:25 INFO Main::KeepDatabaseAlive
2023-03-30_11:24:25 INFO Main::KeepDatabaseAlive
2023-03-30_11:29:25 INFO Main::KeepDatabaseAlive
2023-03-30_11:34:25 INFO Main::KeepDatabaseAlive
2023-03-30_11:39:25 INFO Main::KeepDatabaseAlive
2023-03-30_11:44:25 INFO Main::KeepDatabaseAlive
2023-03-30_11:49:25 INFO Main::KeepDatabaseAlive
2023-03-30_11:54:25 INFO Main::KeepDatabaseAlive
2023-03-30_11:59:25 INFO Main::KeepDatabaseAlive
2023-03-30_12:04:25 INFO Main::KeepDatabaseAlive
2023-03-30_12:09:25 INFO Main::KeepDatabaseAlive
2023-03-30_12:14:25 INFO Main::KeepDatabaseAlive
2023-03-30_12:19:25 INFO Main::KeepDatabaseAlive
2023-03-30_12:24:25 INFO Main::KeepDatabaseAlive
2023-03-30_12:29:25 INFO Main::KeepDatabaseAlive
2023-03-30_12:34:25 INFO Main::KeepDatabaseAlive
2023-03-30_12:39:25 INFO Main::KeepDatabaseAlive
2023-03-30_12:44:25 INFO Main::KeepDatabaseAlive
2023-03-30_12:49:25 INFO Main::KeepDatabaseAlive
2023-03-30_12:54:25 INFO Main::KeepDatabaseAlive
2023-03-30_12:59:25 INFO Main::KeepDatabaseAlive
2023-03-30_13:04:25 INFO Main::KeepDatabaseAlive
2023-03-30_13:09:25 INFO Main::KeepDatabaseAlive
2023-03-30_13:14:25 INFO Main::KeepDatabaseAlive
2023-03-30_13:19:25 INFO Main::KeepDatabaseAlive
2023-03-30_13:24:25 INFO Main::KeepDatabaseAlive
2023-03-30_13:29:25 INFO Main::KeepDatabaseAlive
2023-03-30_13:34:25 INFO Main::KeepDatabaseAlive
2023-03-30_13:39:25 INFO Main::KeepDatabaseAlive
2023-03-30_13:44:25 INFO Main::KeepDatabaseAlive
2023-03-30_13:49:25 INFO Main::KeepDatabaseAlive
2023-03-30_13:54:25 INFO Main::KeepDatabaseAlive
2023-03-30_13:59:25 INFO Main::KeepDatabaseAlive
2023-03-30_14:04:25 INFO Main::KeepDatabaseAlive
2023-03-30_14:09:25 INFO Main::KeepDatabaseAlive
2023-03-30_14:14:25 INFO Main::KeepDatabaseAlive
2023-03-30_14:19:25 INFO Main::KeepDatabaseAlive
2023-03-30_14:24:25 INFO Main::KeepDatabaseAlive
2023-03-30_14:29:25 INFO Main::KeepDatabaseAlive
2023-03-30_14:34:25 INFO Main::KeepDatabaseAlive
2023-03-30_14:39:25 INFO Main::KeepDatabaseAlive
2023-03-30_14:44:25 INFO Main::KeepDatabaseAlive
2023-03-30_14:49:25 INFO Main::KeepDatabaseAlive
2023-03-30_14:54:25 INFO Main::KeepDatabaseAlive
2023-03-30_14:59:25 INFO Main::KeepDatabaseAlive
2023-03-30_15:04:25 INFO Main::KeepDatabaseAlive
2023-03-30_15:09:25 INFO Main::KeepDatabaseAlive
2023-03-30_15:14:25 INFO Main::KeepDatabaseAlive
2023-03-30_15:19:25 INFO Main::KeepDatabaseAlive
2023-03-30_15:24:25 INFO Main::KeepDatabaseAlive
2023-03-30_15:29:25 INFO Main::KeepDatabaseAlive
2023-03-30_15:34:25 INFO Main::KeepDatabaseAlive
2023-03-30_15:39:25 INFO Main::KeepDatabaseAlive
2023-03-30_15:44:25 INFO Main::KeepDatabaseAlive
2023-03-30_15:49:25 INFO Main::KeepDatabaseAlive
2023-03-30_15:54:25 INFO Main::KeepDatabaseAlive
2023-03-30_15:59:25 INFO Main::KeepDatabaseAlive
2023-03-30_16:04:25 INFO Main::KeepDatabaseAlive
2023-03-30_16:09:25 INFO Main::KeepDatabaseAlive
2023-03-30_16:14:25 INFO Main::KeepDatabaseAlive
2023-03-30_16:19:25 INFO Main::KeepDatabaseAlive
2023-03-30_16:24:25 INFO Main::KeepDatabaseAlive
2023-03-30_16:29:25 INFO Main::KeepDatabaseAlive
2023-03-30_16:34:25 INFO Main::KeepDatabaseAlive
2023-03-30_16:39:25 INFO Main::KeepDatabaseAlive
2023-03-30_16:44:25 INFO Main::KeepDatabaseAlive
2023-03-30_16:49:25 INFO Main::KeepDatabaseAlive
2023-03-30_16:54:25 INFO Main::KeepDatabaseAlive
2023-03-30_16:59:25 INFO Main::KeepDatabaseAlive
2023-03-30_17:04:25 INFO Main::KeepDatabaseAlive
2023-03-30_17:09:25 INFO Main::KeepDatabaseAlive
2023-03-30_17:14:25 INFO Main::KeepDatabaseAlive
2023-03-30_17:19:25 INFO Main::KeepDatabaseAlive
2023-03-30_17:24:25 INFO Main::KeepDatabaseAlive
2023-03-30_17:29:25 INFO Main::KeepDatabaseAlive
2023-03-30_17:34:25 INFO Main::KeepDatabaseAlive
2023-03-30_17:39:25 INFO Main::KeepDatabaseAlive
2023-03-30_17:44:25 INFO Main::KeepDatabaseAlive
2023-03-30_17:49:25 INFO Main::KeepDatabaseAlive
2023-03-30_17:54:25 INFO Main::KeepDatabaseAlive
2023-03-30_17:59:25 INFO Main::KeepDatabaseAlive
2023-03-30_18:04:25 INFO Main::KeepDatabaseAlive
2023-03-30_18:09:25 INFO Main::KeepDatabaseAlive
2023-03-30_18:14:25 INFO Main::KeepDatabaseAlive
2023-03-30_18:19:25 INFO Main::KeepDatabaseAlive
2023-03-30_18:24:25 INFO Main::KeepDatabaseAlive
2023-03-30_18:29:25 INFO Main::KeepDatabaseAlive
2023-03-30_18:34:25 INFO Main::KeepDatabaseAlive
2023-03-30_18:39:25 INFO Main::KeepDatabaseAlive
2023-03-30_18:44:25 INFO Main::KeepDatabaseAlive
2023-03-30_18:49:25 INFO Main::KeepDatabaseAlive
2023-03-30_18:54:25 INFO Main::KeepDatabaseAlive
2023-03-30_18:59:25 INFO Main::KeepDatabaseAlive
2023-03-30_19:04:25 INFO Main::KeepDatabaseAlive
2023-03-30_19:09:25 INFO Main::KeepDatabaseAlive
2023-03-30_19:14:25 INFO Main::KeepDatabaseAlive
2023-03-30_19:19:25 INFO Main::KeepDatabaseAlive
2023-03-30_19:24:25 INFO Main::KeepDatabaseAlive
2023-03-30_19:29:25 INFO Main::KeepDatabaseAlive
2023-03-30_19:34:25 INFO Main::KeepDatabaseAlive
2023-03-30_19:39:25 INFO Main::KeepDatabaseAlive
2023-03-30_19:44:25 INFO Main::KeepDatabaseAlive
2023-03-30_19:49:25 INFO Main::KeepDatabaseAlive
2023-03-30_19:54:25 INFO Main::KeepDatabaseAlive
2023-03-30_19:59:25 INFO Main::KeepDatabaseAlive
2023-03-30_20:04:25 INFO Main::KeepDatabaseAlive
2023-03-30_20:09:25 INFO Main::KeepDatabaseAlive
2023-03-30_20:14:25 INFO Main::KeepDatabaseAlive
2023-03-30_20:19:25 INFO Main::KeepDatabaseAlive
2023-03-30_20:24:25 INFO Main::KeepDatabaseAlive
2023-03-30_20:29:25 INFO Main::KeepDatabaseAlive
2023-03-30_20:34:25 INFO Main::KeepDatabaseAlive
2023-03-30_20:39:25 INFO Main::KeepDatabaseAlive
2023-03-30_20:44:25 INFO Main::KeepDatabaseAlive
2023-03-30_20:49:25 INFO Main::KeepDatabaseAlive
2023-03-30_20:54:25 INFO Main::KeepDatabaseAlive
2023-03-30_20:59:25 INFO Main::KeepDatabaseAlive
2023-03-30_21:04:25 INFO Main::KeepDatabaseAlive
2023-03-30_21:09:25 INFO Main::KeepDatabaseAlive
2023-03-30_21:14:25 INFO Main::KeepDatabaseAlive
2023-03-30_21:19:25 INFO Main::KeepDatabaseAlive
2023-03-30_21:24:25 INFO Main::KeepDatabaseAlive
2023-03-30_21:29:25 INFO Main::KeepDatabaseAlive
2023-03-30_21:34:25 INFO Main::KeepDatabaseAlive
2023-03-30_21:39:25 INFO Main::KeepDatabaseAlive
2023-03-30_21:44:25 INFO Main::KeepDatabaseAlive
2023-03-30_21:49:25 INFO Main::KeepDatabaseAlive
2023-03-30_21:54:25 INFO Main::KeepDatabaseAlive
2023-03-30_21:59:25 INFO Main::KeepDatabaseAlive
2023-03-30_22:04:25 INFO Main::KeepDatabaseAlive
2023-03-30_22:09:25 INFO Main::KeepDatabaseAlive
2023-03-30_22:14:25 INFO Main::KeepDatabaseAlive
2023-03-30_22:19:25 INFO Main::KeepDatabaseAlive
2023-03-30_22:24:25 INFO Main::KeepDatabaseAlive
2023-03-30_22:29:25 INFO Main::KeepDatabaseAlive
2023-03-30_22:34:25 INFO Main::KeepDatabaseAlive
2023-03-30_22:39:25 INFO Main::KeepDatabaseAlive
2023-03-30_22:44:25 INFO Main::KeepDatabaseAlive
2023-03-30_22:49:25 INFO Main::KeepDatabaseAlive
2023-03-30_22:54:25 INFO Main::KeepDatabaseAlive
2023-03-30_22:59:25 INFO Main::KeepDatabaseAlive
2023-03-30_23:04:25 INFO Main::KeepDatabaseAlive
2023-03-30_23:09:25 INFO Main::KeepDatabaseAlive
2023-03-30_23:14:25 INFO Main::KeepDatabaseAlive
2023-03-30_23:19:25 INFO Main::KeepDatabaseAlive
2023-03-30_23:24:25 INFO Main::KeepDatabaseAlive
2023-03-30_23:29:25 INFO Main::KeepDatabaseAlive
2023-03-30_23:34:25 INFO Main::KeepDatabaseAlive
2023-03-30_23:39:25 INFO Main::KeepDatabaseAlive
2023-03-30_23:44:25 INFO Main::KeepDatabaseAlive
2023-03-30_23:49:25 INFO Main::KeepDatabaseAlive
2023-03-30_23:54:25 INFO Main::KeepDatabaseAlive
2023-03-30_23:59:25 INFO Main::KeepDatabaseAlive
