2023-03-25_22:27:46 INFO Opening DatabasePool 'characters'. Asynchronous connections: 1, synchronous connections: 2.
2023-03-25_22:27:46 INFO MySQL client library: 5.6.29
2023-03-25_22:27:46 INFO MySQL server ver: 5.7.41-log 
2023-03-25_22:27:46 INFO Connected to MySQL database at 127.0.0.1
2023-03-25_22:27:46 INFO MySQL client library: 5.6.29
2023-03-25_22:27:46 INFO MySQL server ver: 5.7.41-log 
2023-03-25_22:27:46 INFO Connected to MySQL database at 127.0.0.1
2023-03-25_22:27:46 INFO MySQL client library: 5.6.29
2023-03-25_22:27:46 INFO MySQL server ver: 5.7.41-log 
2023-03-25_22:27:46 INFO Connected to MySQL database at 127.0.0.1
2023-03-25_22:27:46 INFO DatabasePool 'characters' opened successfully. 3 total connections running.
2023-03-25_22:32:46 INFO Main::KeepDatabaseAlive
2023-03-25_22:37:46 INFO Main::KeepDatabaseAlive
2023-03-25_22:42:46 INFO Main::KeepDatabaseAlive
2023-03-25_22:47:46 INFO Main::KeepDatabaseAlive
2023-03-25_22:52:46 INFO Main::KeepDatabaseAlive
2023-03-25_22:57:46 INFO Main::KeepDatabaseAlive
2023-03-25_23:02:46 INFO Main::KeepDatabaseAlive
2023-03-25_23:07:46 INFO Main::KeepDatabaseAlive
2023-03-25_23:12:46 INFO Main::KeepDatabaseAlive
2023-03-25_23:17:46 INFO Main::KeepDatabaseAlive
2023-03-25_23:22:46 INFO Main::KeepDatabaseAlive
2023-03-25_23:27:46 INFO Main::KeepDatabaseAlive
2023-03-25_23:32:46 INFO Main::KeepDatabaseAlive
2023-03-25_23:37:46 INFO Main::KeepDatabaseAlive
2023-03-25_23:42:46 INFO Main::KeepDatabaseAlive
2023-03-25_23:47:46 INFO Main::KeepDatabaseAlive
2023-03-25_23:52:46 INFO Main::KeepDatabaseAlive
2023-03-25_23:57:46 INFO Main::KeepDatabaseAlive
