2023-04-06_21:46:41 INFO Opening DatabasePool 'characters'. Asynchronous connections: 1, synchronous connections: 2.
2023-04-06_21:46:41 INFO MySQL client library: 5.6.29
2023-04-06_21:46:41 INFO MySQL server ver: 5.7.41-log 
2023-04-06_21:46:41 INFO Connected to MySQL database at 127.0.0.1
2023-04-06_21:46:42 INFO MySQL client library: 5.6.29
2023-04-06_21:46:42 INFO MySQL server ver: 5.7.41-log 
2023-04-06_21:46:42 INFO Connected to MySQL database at 127.0.0.1
2023-04-06_21:46:42 INFO MySQL client library: 5.6.29
2023-04-06_21:46:42 INFO MySQL server ver: 5.7.41-log 
2023-04-06_21:46:42 INFO Connected to MySQL database at 127.0.0.1
2023-04-06_21:46:42 INFO DatabasePool 'characters' opened successfully. 3 total connections running.
2023-04-06_21:51:42 INFO Main::KeepDatabaseAlive
2023-04-06_21:56:42 INFO Main::KeepDatabaseAlive
2023-04-06_22:01:42 INFO Main::KeepDatabaseAlive
2023-04-06_22:06:42 INFO Main::KeepDatabaseAlive
2023-04-06_22:11:42 INFO Main::KeepDatabaseAlive
2023-04-06_22:16:42 INFO Main::KeepDatabaseAlive
2023-04-06_22:21:42 INFO Main::KeepDatabaseAlive
2023-04-06_22:26:42 INFO Main::KeepDatabaseAlive
2023-04-06_22:31:42 INFO Main::KeepDatabaseAlive
2023-04-06_22:36:42 INFO Main::KeepDatabaseAlive
2023-04-06_22:41:42 INFO Main::KeepDatabaseAlive
2023-04-06_22:46:42 INFO Main::KeepDatabaseAlive
2023-04-06_22:51:42 INFO Main::KeepDatabaseAlive
2023-04-06_22:56:42 INFO Main::KeepDatabaseAlive
2023-04-06_23:01:42 INFO Main::KeepDatabaseAlive
2023-04-06_23:06:42 INFO Main::KeepDatabaseAlive
2023-04-06_23:11:42 INFO Main::KeepDatabaseAlive
2023-04-06_23:16:42 INFO Main::KeepDatabaseAlive
2023-04-06_23:21:42 INFO Main::KeepDatabaseAlive
2023-04-06_23:26:42 INFO Main::KeepDatabaseAlive
2023-04-06_23:31:42 INFO Main::KeepDatabaseAlive
2023-04-06_23:36:42 INFO Main::KeepDatabaseAlive
2023-04-06_23:41:42 INFO Main::KeepDatabaseAlive
2023-04-06_23:46:42 INFO Main::KeepDatabaseAlive
2023-04-06_23:51:42 INFO Main::KeepDatabaseAlive
2023-04-06_23:56:42 INFO Main::KeepDatabaseAlive
