2023-03-31_22:47:04 INFO Opening DatabasePool 'characters'. Asynchronous connections: 1, synchronous connections: 2.
2023-03-31_22:47:04 INFO MySQL client library: 5.6.29
2023-03-31_22:47:04 INFO MySQL server ver: 5.7.41-log 
2023-03-31_22:47:04 INFO Connected to MySQL database at 127.0.0.1
2023-03-31_22:47:04 INFO MySQL client library: 5.6.29
2023-03-31_22:47:04 INFO MySQL server ver: 5.7.41-log 
2023-03-31_22:47:04 INFO Connected to MySQL database at 127.0.0.1
2023-03-31_22:47:04 INFO MySQL client library: 5.6.29
2023-03-31_22:47:04 INFO MySQL server ver: 5.7.41-log 
2023-03-31_22:47:04 INFO Connected to MySQL database at 127.0.0.1
2023-03-31_22:47:04 INFO DatabasePool 'characters' opened successfully. 3 total connections running.
2023-03-31_22:52:05 INFO Main::KeepDatabaseAlive
2023-03-31_22:57:04 INFO Main::KeepDatabaseAlive
2023-03-31_23:02:04 INFO Main::KeepDatabaseAlive
2023-03-31_23:07:04 INFO Main::KeepDatabaseAlive
2023-03-31_23:12:04 INFO Main::KeepDatabaseAlive
2023-03-31_23:17:04 INFO Main::KeepDatabaseAlive
2023-03-31_23:22:05 INFO Main::KeepDatabaseAlive
2023-03-31_23:27:04 INFO Main::KeepDatabaseAlive
2023-03-31_23:32:04 INFO Main::KeepDatabaseAlive
2023-03-31_23:37:05 INFO Main::KeepDatabaseAlive
2023-03-31_23:42:04 INFO Main::KeepDatabaseAlive
2023-03-31_23:47:04 INFO Main::KeepDatabaseAlive
2023-03-31_23:52:04 INFO Main::KeepDatabaseAlive
2023-03-31_23:57:04 INFO Main::KeepDatabaseAlive
