2023-04-02_10:07:32 INFO Opening DatabasePool 'characters'. Asynchronous connections: 1, synchronous connections: 2.
2023-04-02_10:07:32 INFO MySQL client library: 5.6.29
2023-04-02_10:07:32 INFO MySQL server ver: 5.7.41-log 
2023-04-02_10:07:32 INFO Connected to MySQL database at 127.0.0.1
2023-04-02_10:07:32 INFO MySQL client library: 5.6.29
2023-04-02_10:07:32 INFO MySQL server ver: 5.7.41-log 
2023-04-02_10:07:32 INFO Connected to MySQL database at 127.0.0.1
2023-04-02_10:07:32 INFO MySQL client library: 5.6.29
2023-04-02_10:07:32 INFO MySQL server ver: 5.7.41-log 
2023-04-02_10:07:32 INFO Connected to MySQL database at 127.0.0.1
2023-04-02_10:07:32 INFO DatabasePool 'characters' opened successfully. 3 total connections running.
2023-04-02_10:12:33 INFO Main::KeepDatabaseAlive
2023-04-02_10:17:33 INFO Main::KeepDatabaseAlive
2023-04-02_10:22:33 INFO Main::KeepDatabaseAlive
2023-04-02_10:27:33 INFO Main::KeepDatabaseAlive
2023-04-02_10:32:33 INFO Main::KeepDatabaseAlive
2023-04-02_10:37:33 INFO Main::KeepDatabaseAlive
2023-04-02_10:42:33 INFO Main::KeepDatabaseAlive
2023-04-02_10:47:33 INFO Main::KeepDatabaseAlive
2023-04-02_10:52:33 INFO Main::KeepDatabaseAlive
2023-04-02_10:57:33 INFO Main::KeepDatabaseAlive
2023-04-02_11:02:33 INFO Main::KeepDatabaseAlive
2023-04-02_11:07:33 INFO Main::KeepDatabaseAlive
2023-04-02_11:12:33 INFO Main::KeepDatabaseAlive
2023-04-02_11:17:33 INFO Main::KeepDatabaseAlive
2023-04-02_11:22:33 INFO Main::KeepDatabaseAlive
2023-04-02_11:27:33 INFO Main::KeepDatabaseAlive
2023-04-02_11:32:33 INFO Main::KeepDatabaseAlive
2023-04-02_11:37:33 INFO Main::KeepDatabaseAlive
2023-04-02_11:42:33 INFO Main::KeepDatabaseAlive
2023-04-02_11:47:33 INFO Main::KeepDatabaseAlive
2023-04-02_11:52:33 INFO Main::KeepDatabaseAlive
2023-04-02_11:57:33 INFO Main::KeepDatabaseAlive
2023-04-02_12:02:33 INFO Main::KeepDatabaseAlive
2023-04-02_12:07:33 INFO Main::KeepDatabaseAlive
2023-04-02_12:12:33 INFO Main::KeepDatabaseAlive
2023-04-02_12:17:33 INFO Main::KeepDatabaseAlive
2023-04-02_12:22:33 INFO Main::KeepDatabaseAlive
2023-04-02_12:27:33 INFO Main::KeepDatabaseAlive
2023-04-02_12:32:33 INFO Main::KeepDatabaseAlive
2023-04-02_12:37:33 INFO Main::KeepDatabaseAlive
2023-04-02_12:42:33 INFO Main::KeepDatabaseAlive
2023-04-02_12:47:33 INFO Main::KeepDatabaseAlive
2023-04-02_12:52:33 INFO Main::KeepDatabaseAlive
2023-04-02_12:57:33 INFO Main::KeepDatabaseAlive
2023-04-02_13:02:33 INFO Main::KeepDatabaseAlive
2023-04-02_13:07:33 INFO Main::KeepDatabaseAlive
2023-04-02_13:12:33 INFO Main::KeepDatabaseAlive
2023-04-02_13:17:33 INFO Main::KeepDatabaseAlive
2023-04-02_13:22:33 INFO Main::KeepDatabaseAlive
2023-04-02_13:27:33 INFO Main::KeepDatabaseAlive
2023-04-02_13:32:33 INFO Main::KeepDatabaseAlive
2023-04-02_13:37:33 INFO Main::KeepDatabaseAlive
2023-04-02_13:42:33 INFO Main::KeepDatabaseAlive
2023-04-02_13:47:33 INFO Main::KeepDatabaseAlive
2023-04-02_13:52:33 INFO Main::KeepDatabaseAlive
2023-04-02_13:57:33 INFO Main::KeepDatabaseAlive
2023-04-02_14:02:33 INFO Main::KeepDatabaseAlive
2023-04-02_14:07:33 INFO Main::KeepDatabaseAlive
2023-04-02_14:12:33 INFO Main::KeepDatabaseAlive
2023-04-02_14:17:33 INFO Main::KeepDatabaseAlive
2023-04-02_14:22:33 INFO Main::KeepDatabaseAlive
2023-04-02_14:27:33 INFO Main::KeepDatabaseAlive
2023-04-02_14:32:33 INFO Main::KeepDatabaseAlive
2023-04-02_14:37:33 INFO Main::KeepDatabaseAlive
2023-04-02_14:42:33 INFO Main::KeepDatabaseAlive
2023-04-02_14:47:33 INFO Main::KeepDatabaseAlive
2023-04-02_14:52:33 INFO Main::KeepDatabaseAlive
2023-04-02_14:57:33 INFO Main::KeepDatabaseAlive
2023-04-02_15:02:33 INFO Main::KeepDatabaseAlive
2023-04-02_15:07:33 INFO Main::KeepDatabaseAlive
2023-04-02_15:12:33 INFO Main::KeepDatabaseAlive
2023-04-02_15:17:33 INFO Main::KeepDatabaseAlive
2023-04-02_15:22:33 INFO Main::KeepDatabaseAlive
2023-04-02_15:27:33 INFO Main::KeepDatabaseAlive
2023-04-02_15:32:33 INFO Main::KeepDatabaseAlive
2023-04-02_15:37:33 INFO Main::KeepDatabaseAlive
2023-04-02_15:42:33 INFO Main::KeepDatabaseAlive
2023-04-02_15:47:33 INFO Main::KeepDatabaseAlive
2023-04-02_15:52:33 INFO Main::KeepDatabaseAlive
2023-04-02_15:57:33 INFO Main::KeepDatabaseAlive
2023-04-02_16:02:33 INFO Main::KeepDatabaseAlive
2023-04-02_16:07:33 INFO Main::KeepDatabaseAlive
2023-04-02_16:12:33 INFO Main::KeepDatabaseAlive
2023-04-02_16:17:33 INFO Main::KeepDatabaseAlive
2023-04-02_16:22:33 INFO Main::KeepDatabaseAlive
2023-04-02_16:27:33 INFO Main::KeepDatabaseAlive
2023-04-02_16:32:33 INFO Main::KeepDatabaseAlive
2023-04-02_16:37:33 INFO Main::KeepDatabaseAlive
2023-04-02_16:42:33 INFO Main::KeepDatabaseAlive
2023-04-02_16:47:33 INFO Main::KeepDatabaseAlive
2023-04-02_16:52:33 INFO Main::KeepDatabaseAlive
2023-04-02_16:57:33 INFO Main::KeepDatabaseAlive
2023-04-02_17:02:33 INFO Main::KeepDatabaseAlive
2023-04-02_17:07:33 INFO Main::KeepDatabaseAlive
2023-04-02_17:12:33 INFO Main::KeepDatabaseAlive
2023-04-02_17:17:33 INFO Main::KeepDatabaseAlive
2023-04-02_17:22:33 INFO Main::KeepDatabaseAlive
2023-04-02_17:27:33 INFO Main::KeepDatabaseAlive
2023-04-02_17:32:33 INFO Main::KeepDatabaseAlive
2023-04-02_17:37:33 INFO Main::KeepDatabaseAlive
2023-04-02_17:42:33 INFO Main::KeepDatabaseAlive
2023-04-02_17:47:33 INFO Main::KeepDatabaseAlive
2023-04-02_17:52:33 INFO Main::KeepDatabaseAlive
2023-04-02_17:57:33 INFO Main::KeepDatabaseAlive
2023-04-02_18:02:33 INFO Main::KeepDatabaseAlive
2023-04-02_18:07:33 INFO Main::KeepDatabaseAlive
2023-04-02_18:12:33 INFO Main::KeepDatabaseAlive
2023-04-02_18:17:33 INFO Main::KeepDatabaseAlive
2023-04-02_18:22:33 INFO Main::KeepDatabaseAlive
2023-04-02_18:27:33 INFO Main::KeepDatabaseAlive
2023-04-02_18:32:33 INFO Main::KeepDatabaseAlive
2023-04-02_18:37:33 INFO Main::KeepDatabaseAlive
2023-04-02_18:42:33 INFO Main::KeepDatabaseAlive
2023-04-02_18:47:33 INFO Main::KeepDatabaseAlive
2023-04-02_18:52:33 INFO Main::KeepDatabaseAlive
2023-04-02_18:57:33 INFO Main::KeepDatabaseAlive
2023-04-02_19:02:33 INFO Main::KeepDatabaseAlive
2023-04-02_19:07:33 INFO Main::KeepDatabaseAlive
2023-04-02_19:12:33 INFO Main::KeepDatabaseAlive
2023-04-02_19:17:33 INFO Main::KeepDatabaseAlive
2023-04-02_19:22:33 INFO Main::KeepDatabaseAlive
2023-04-02_19:27:33 INFO Main::KeepDatabaseAlive
2023-04-02_19:32:33 INFO Main::KeepDatabaseAlive
2023-04-02_19:37:33 INFO Main::KeepDatabaseAlive
2023-04-02_19:42:33 INFO Main::KeepDatabaseAlive
2023-04-02_19:47:33 INFO Main::KeepDatabaseAlive
2023-04-02_19:52:33 INFO Main::KeepDatabaseAlive
2023-04-02_19:57:33 INFO Main::KeepDatabaseAlive
2023-04-02_20:02:33 INFO Main::KeepDatabaseAlive
2023-04-02_20:07:33 INFO Main::KeepDatabaseAlive
2023-04-02_20:12:33 INFO Main::KeepDatabaseAlive
2023-04-02_20:17:33 INFO Main::KeepDatabaseAlive
2023-04-02_20:22:33 INFO Main::KeepDatabaseAlive
2023-04-02_20:27:33 INFO Main::KeepDatabaseAlive
2023-04-02_20:32:33 INFO Main::KeepDatabaseAlive
2023-04-02_20:37:33 INFO Main::KeepDatabaseAlive
2023-04-02_20:42:33 INFO Main::KeepDatabaseAlive
2023-04-02_20:47:33 INFO Main::KeepDatabaseAlive
2023-04-02_20:52:33 INFO Main::KeepDatabaseAlive
2023-04-02_20:57:33 INFO Main::KeepDatabaseAlive
2023-04-02_21:02:33 INFO Main::KeepDatabaseAlive
2023-04-02_21:07:33 INFO Main::KeepDatabaseAlive
2023-04-02_21:12:33 INFO Main::KeepDatabaseAlive
2023-04-02_21:17:33 INFO Main::KeepDatabaseAlive
2023-04-02_21:22:33 INFO Main::KeepDatabaseAlive
2023-04-02_21:27:33 INFO Main::KeepDatabaseAlive
2023-04-02_21:32:33 INFO Main::KeepDatabaseAlive
2023-04-02_21:37:33 INFO Main::KeepDatabaseAlive
2023-04-02_21:42:33 INFO Main::KeepDatabaseAlive
2023-04-02_21:47:33 INFO Main::KeepDatabaseAlive
2023-04-02_21:52:33 INFO Main::KeepDatabaseAlive
2023-04-02_21:57:33 INFO Main::KeepDatabaseAlive
2023-04-02_22:02:33 INFO Main::KeepDatabaseAlive
2023-04-02_22:07:33 INFO Main::KeepDatabaseAlive
2023-04-02_22:12:33 INFO Main::KeepDatabaseAlive
2023-04-02_22:17:33 INFO Main::KeepDatabaseAlive
2023-04-02_22:22:33 INFO Main::KeepDatabaseAlive
2023-04-02_22:27:33 INFO Main::KeepDatabaseAlive
2023-04-02_22:32:33 INFO Main::KeepDatabaseAlive
2023-04-02_22:37:33 INFO Main::KeepDatabaseAlive
2023-04-02_22:42:33 INFO Main::KeepDatabaseAlive
2023-04-02_22:47:33 INFO Main::KeepDatabaseAlive
2023-04-02_22:52:33 INFO Main::KeepDatabaseAlive
2023-04-02_22:57:33 INFO Main::KeepDatabaseAlive
2023-04-02_23:02:33 INFO Main::KeepDatabaseAlive
2023-04-02_23:07:33 INFO Main::KeepDatabaseAlive
2023-04-02_23:12:33 INFO Main::KeepDatabaseAlive
2023-04-02_23:17:33 INFO Main::KeepDatabaseAlive
2023-04-02_23:22:33 INFO Main::KeepDatabaseAlive
2023-04-02_23:27:33 INFO Main::KeepDatabaseAlive
2023-04-02_23:32:33 INFO Main::KeepDatabaseAlive
2023-04-02_23:37:33 INFO Main::KeepDatabaseAlive
2023-04-02_23:42:33 INFO Main::KeepDatabaseAlive
2023-04-02_23:47:33 INFO Main::KeepDatabaseAlive
2023-04-02_23:52:33 INFO Main::KeepDatabaseAlive
2023-04-02_23:57:33 INFO Main::KeepDatabaseAlive
