2023-04-04_00:02:33 INFO Main::KeepDatabaseAlive
2023-04-04_00:07:33 INFO Main::KeepDatabaseAlive
2023-04-04_00:12:33 INFO Main::KeepDatabaseAlive
2023-04-04_00:17:33 INFO Main::KeepDatabaseAlive
2023-04-04_00:22:33 INFO Main::KeepDatabaseAlive
2023-04-04_00:27:33 INFO Main::KeepDatabaseAlive
2023-04-04_00:32:33 INFO Main::KeepDatabaseAlive
2023-04-04_00:37:33 INFO Main::KeepDatabaseAlive
2023-04-04_00:42:33 INFO Main::KeepDatabaseAlive
2023-04-04_00:47:33 INFO Main::KeepDatabaseAlive
2023-04-04_00:52:33 INFO Main::KeepDatabaseAlive
2023-04-04_00:57:33 INFO Main::KeepDatabaseAlive
2023-04-04_01:02:33 INFO Main::KeepDatabaseAlive
2023-04-04_01:07:33 INFO Main::KeepDatabaseAlive
2023-04-04_01:12:33 INFO Main::KeepDatabaseAlive
2023-04-04_01:17:33 INFO Main::KeepDatabaseAlive
2023-04-04_01:22:33 INFO Main::KeepDatabaseAlive
2023-04-04_01:27:33 INFO Main::KeepDatabaseAlive
2023-04-04_01:32:33 INFO Main::KeepDatabaseAlive
2023-04-04_01:37:33 INFO Main::KeepDatabaseAlive
2023-04-04_01:42:33 INFO Main::KeepDatabaseAlive
2023-04-04_01:47:33 INFO Main::KeepDatabaseAlive
2023-04-04_01:52:33 INFO Main::KeepDatabaseAlive
2023-04-04_01:57:33 INFO Main::KeepDatabaseAlive
2023-04-04_02:02:33 INFO Main::KeepDatabaseAlive
2023-04-04_02:07:33 INFO Main::KeepDatabaseAlive
2023-04-04_02:12:33 INFO Main::KeepDatabaseAlive
2023-04-04_02:17:33 INFO Main::KeepDatabaseAlive
2023-04-04_02:22:33 INFO Main::KeepDatabaseAlive
2023-04-04_02:27:33 INFO Main::KeepDatabaseAlive
2023-04-04_02:32:33 INFO Main::KeepDatabaseAlive
2023-04-04_02:37:33 INFO Main::KeepDatabaseAlive
2023-04-04_02:42:33 INFO Main::KeepDatabaseAlive
2023-04-04_02:47:33 INFO Main::KeepDatabaseAlive
2023-04-04_02:52:33 INFO Main::KeepDatabaseAlive
2023-04-04_02:57:33 INFO Main::KeepDatabaseAlive
2023-04-04_03:02:33 INFO Main::KeepDatabaseAlive
2023-04-04_03:07:33 INFO Main::KeepDatabaseAlive
2023-04-04_03:12:33 INFO Main::KeepDatabaseAlive
2023-04-04_03:17:33 INFO Main::KeepDatabaseAlive
2023-04-04_03:22:33 INFO Main::KeepDatabaseAlive
2023-04-04_03:27:33 INFO Main::KeepDatabaseAlive
2023-04-04_03:32:33 INFO Main::KeepDatabaseAlive
2023-04-04_03:37:33 INFO Main::KeepDatabaseAlive
2023-04-04_03:42:33 INFO Main::KeepDatabaseAlive
2023-04-04_03:47:33 INFO Main::KeepDatabaseAlive
2023-04-04_03:52:33 INFO Main::KeepDatabaseAlive
2023-04-04_03:57:33 INFO Main::KeepDatabaseAlive
2023-04-04_04:02:33 INFO Main::KeepDatabaseAlive
2023-04-04_04:07:33 INFO Main::KeepDatabaseAlive
2023-04-04_04:12:33 INFO Main::KeepDatabaseAlive
2023-04-04_04:17:33 INFO Main::KeepDatabaseAlive
2023-04-04_04:22:33 INFO Main::KeepDatabaseAlive
2023-04-04_04:27:33 INFO Main::KeepDatabaseAlive
2023-04-04_04:32:33 INFO Main::KeepDatabaseAlive
2023-04-04_04:37:33 INFO Main::KeepDatabaseAlive
2023-04-04_04:42:33 INFO Main::KeepDatabaseAlive
2023-04-04_04:47:33 INFO Main::KeepDatabaseAlive
2023-04-04_04:52:33 INFO Main::KeepDatabaseAlive
2023-04-04_04:57:33 INFO Main::KeepDatabaseAlive
2023-04-04_05:02:33 INFO Main::KeepDatabaseAlive
2023-04-04_05:07:33 INFO Main::KeepDatabaseAlive
2023-04-04_05:12:33 INFO Main::KeepDatabaseAlive
2023-04-04_05:17:33 INFO Main::KeepDatabaseAlive
2023-04-04_05:22:33 INFO Main::KeepDatabaseAlive
2023-04-04_05:27:33 INFO Main::KeepDatabaseAlive
2023-04-04_05:32:33 INFO Main::KeepDatabaseAlive
2023-04-04_05:37:33 INFO Main::KeepDatabaseAlive
2023-04-04_05:42:33 INFO Main::KeepDatabaseAlive
2023-04-04_05:47:33 INFO Main::KeepDatabaseAlive
2023-04-04_05:52:33 INFO Main::KeepDatabaseAlive
2023-04-04_05:57:33 INFO Main::KeepDatabaseAlive
2023-04-04_06:02:33 INFO Main::KeepDatabaseAlive
2023-04-04_06:07:33 INFO Main::KeepDatabaseAlive
2023-04-04_06:12:33 INFO Main::KeepDatabaseAlive
2023-04-04_06:17:33 INFO Main::KeepDatabaseAlive
2023-04-04_06:22:33 INFO Main::KeepDatabaseAlive
2023-04-04_06:27:33 INFO Main::KeepDatabaseAlive
2023-04-04_06:32:33 INFO Main::KeepDatabaseAlive
2023-04-04_06:37:33 INFO Main::KeepDatabaseAlive
2023-04-04_06:42:33 INFO Main::KeepDatabaseAlive
2023-04-04_06:47:33 INFO Main::KeepDatabaseAlive
2023-04-04_06:52:33 INFO Main::KeepDatabaseAlive
2023-04-04_06:57:33 INFO Main::KeepDatabaseAlive
2023-04-04_07:02:33 INFO Main::KeepDatabaseAlive
2023-04-04_07:07:33 INFO Main::KeepDatabaseAlive
2023-04-04_07:12:33 INFO Main::KeepDatabaseAlive
2023-04-04_07:17:33 INFO Main::KeepDatabaseAlive
2023-04-04_07:22:33 INFO Main::KeepDatabaseAlive
2023-04-04_07:27:33 INFO Main::KeepDatabaseAlive
2023-04-04_07:32:33 INFO Main::KeepDatabaseAlive
2023-04-04_07:37:33 INFO Main::KeepDatabaseAlive
2023-04-04_07:42:33 INFO Main::KeepDatabaseAlive
2023-04-04_07:47:33 INFO Main::KeepDatabaseAlive
2023-04-04_07:52:33 INFO Main::KeepDatabaseAlive
2023-04-04_07:57:33 INFO Main::KeepDatabaseAlive
2023-04-04_08:02:33 INFO Main::KeepDatabaseAlive
2023-04-04_08:07:33 INFO Main::KeepDatabaseAlive
2023-04-04_08:12:33 INFO Main::KeepDatabaseAlive
2023-04-04_08:17:33 INFO Main::KeepDatabaseAlive
2023-04-04_08:22:33 INFO Main::KeepDatabaseAlive
2023-04-04_08:27:33 INFO Main::KeepDatabaseAlive
2023-04-04_08:32:33 INFO Main::KeepDatabaseAlive
2023-04-04_08:37:33 INFO Main::KeepDatabaseAlive
2023-04-04_08:42:33 INFO Main::KeepDatabaseAlive
2023-04-04_08:47:33 INFO Main::KeepDatabaseAlive
2023-04-04_08:52:33 INFO Main::KeepDatabaseAlive
2023-04-04_08:57:33 INFO Main::KeepDatabaseAlive
2023-04-04_09:02:33 INFO Main::KeepDatabaseAlive
2023-04-04_09:07:33 INFO Main::KeepDatabaseAlive
2023-04-04_09:12:33 INFO Main::KeepDatabaseAlive
2023-04-04_09:17:33 INFO Main::KeepDatabaseAlive
2023-04-04_09:22:33 INFO Main::KeepDatabaseAlive
2023-04-04_09:27:33 INFO Main::KeepDatabaseAlive
2023-04-04_09:32:33 INFO Main::KeepDatabaseAlive
2023-04-04_09:37:33 INFO Main::KeepDatabaseAlive
2023-04-04_09:42:33 INFO Main::KeepDatabaseAlive
2023-04-04_09:47:33 INFO Main::KeepDatabaseAlive
2023-04-04_09:52:33 INFO Main::KeepDatabaseAlive
2023-04-04_09:57:33 INFO Main::KeepDatabaseAlive
2023-04-04_10:02:33 INFO Main::KeepDatabaseAlive
2023-04-04_10:07:33 INFO Main::KeepDatabaseAlive
2023-04-04_10:12:33 INFO Main::KeepDatabaseAlive
2023-04-04_10:17:33 INFO Main::KeepDatabaseAlive
2023-04-04_10:22:33 INFO Main::KeepDatabaseAlive
2023-04-04_10:27:33 INFO Main::KeepDatabaseAlive
2023-04-04_10:32:33 INFO Main::KeepDatabaseAlive
2023-04-04_10:37:33 INFO Main::KeepDatabaseAlive
2023-04-04_10:42:33 INFO Main::KeepDatabaseAlive
2023-04-04_10:47:33 INFO Main::KeepDatabaseAlive
2023-04-04_10:52:33 INFO Main::KeepDatabaseAlive
2023-04-04_10:57:33 INFO Main::KeepDatabaseAlive
2023-04-04_11:02:33 INFO Main::KeepDatabaseAlive
2023-04-04_11:07:33 INFO Main::KeepDatabaseAlive
2023-04-04_11:12:33 INFO Main::KeepDatabaseAlive
2023-04-04_11:17:33 INFO Main::KeepDatabaseAlive
2023-04-04_11:22:33 INFO Main::KeepDatabaseAlive
2023-04-04_11:27:33 INFO Main::KeepDatabaseAlive
2023-04-04_11:32:33 INFO Main::KeepDatabaseAlive
2023-04-04_11:37:33 INFO Main::KeepDatabaseAlive
2023-04-04_11:42:33 INFO Main::KeepDatabaseAlive
2023-04-04_11:47:33 INFO Main::KeepDatabaseAlive
2023-04-04_11:52:33 INFO Main::KeepDatabaseAlive
2023-04-04_11:57:33 INFO Main::KeepDatabaseAlive
2023-04-04_12:02:33 INFO Main::KeepDatabaseAlive
2023-04-04_12:07:33 INFO Main::KeepDatabaseAlive
2023-04-04_12:12:33 INFO Main::KeepDatabaseAlive
2023-04-04_12:17:33 INFO Main::KeepDatabaseAlive
2023-04-04_12:22:33 INFO Main::KeepDatabaseAlive
2023-04-04_12:27:33 INFO Main::KeepDatabaseAlive
2023-04-04_12:32:33 INFO Main::KeepDatabaseAlive
2023-04-04_12:37:33 INFO Main::KeepDatabaseAlive
2023-04-04_12:42:33 INFO Main::KeepDatabaseAlive
2023-04-04_12:47:33 INFO Main::KeepDatabaseAlive
2023-04-04_12:52:33 INFO Main::KeepDatabaseAlive
2023-04-04_12:57:33 INFO Main::KeepDatabaseAlive
2023-04-04_13:02:33 INFO Main::KeepDatabaseAlive
2023-04-04_13:07:33 INFO Main::KeepDatabaseAlive
2023-04-04_13:12:33 INFO Main::KeepDatabaseAlive
2023-04-04_13:17:33 INFO Main::KeepDatabaseAlive
2023-04-04_13:22:33 INFO Main::KeepDatabaseAlive
2023-04-04_13:27:33 INFO Main::KeepDatabaseAlive
2023-04-04_13:32:33 INFO Main::KeepDatabaseAlive
2023-04-04_13:37:33 INFO Main::KeepDatabaseAlive
2023-04-04_13:42:33 INFO Main::KeepDatabaseAlive
2023-04-04_13:47:33 INFO Main::KeepDatabaseAlive
2023-04-04_13:52:33 INFO Main::KeepDatabaseAlive
2023-04-04_13:57:33 INFO Main::KeepDatabaseAlive
2023-04-04_14:02:33 INFO Main::KeepDatabaseAlive
2023-04-04_14:07:33 INFO Main::KeepDatabaseAlive
2023-04-04_14:12:33 INFO Main::KeepDatabaseAlive
2023-04-04_14:17:33 INFO Main::KeepDatabaseAlive
2023-04-04_14:22:33 INFO Main::KeepDatabaseAlive
2023-04-04_14:27:33 INFO Main::KeepDatabaseAlive
2023-04-04_14:32:33 INFO Main::KeepDatabaseAlive
2023-04-04_14:37:33 INFO Main::KeepDatabaseAlive
2023-04-04_14:42:33 INFO Main::KeepDatabaseAlive
2023-04-04_14:47:33 INFO Main::KeepDatabaseAlive
2023-04-04_14:52:33 INFO Main::KeepDatabaseAlive
2023-04-04_14:57:33 INFO Main::KeepDatabaseAlive
2023-04-04_15:02:33 INFO Main::KeepDatabaseAlive
2023-04-04_15:07:33 INFO Main::KeepDatabaseAlive
2023-04-04_15:12:33 INFO Main::KeepDatabaseAlive
2023-04-04_15:17:33 INFO Main::KeepDatabaseAlive
2023-04-04_15:22:33 INFO Main::KeepDatabaseAlive
2023-04-04_15:27:33 INFO Main::KeepDatabaseAlive
2023-04-04_15:32:33 INFO Main::KeepDatabaseAlive
2023-04-04_15:37:33 INFO Main::KeepDatabaseAlive
2023-04-04_15:42:33 INFO Main::KeepDatabaseAlive
2023-04-04_15:47:33 INFO Main::KeepDatabaseAlive
2023-04-04_15:52:33 INFO Main::KeepDatabaseAlive
2023-04-04_15:57:33 INFO Main::KeepDatabaseAlive
2023-04-04_16:02:33 INFO Main::KeepDatabaseAlive
2023-04-04_16:07:33 INFO Main::KeepDatabaseAlive
2023-04-04_16:12:33 INFO Main::KeepDatabaseAlive
2023-04-04_16:17:33 INFO Main::KeepDatabaseAlive
2023-04-04_16:22:33 INFO Main::KeepDatabaseAlive
2023-04-04_16:27:33 INFO Main::KeepDatabaseAlive
2023-04-04_16:32:33 INFO Main::KeepDatabaseAlive
2023-04-04_16:37:33 INFO Main::KeepDatabaseAlive
2023-04-04_16:42:33 INFO Main::KeepDatabaseAlive
2023-04-04_16:47:33 INFO Main::KeepDatabaseAlive
2023-04-04_16:52:33 INFO Main::KeepDatabaseAlive
2023-04-04_16:57:33 INFO Main::KeepDatabaseAlive
2023-04-04_17:02:33 INFO Main::KeepDatabaseAlive
2023-04-04_17:05:33 ERROR SQL(p): SELECT s.server, s.signal, s.data_1, s.data_2, s.data_3, s.id FROM server_signal s
 [ERROR]: [1053] Server shutdown in progress
2023-04-04_17:05:33 ERROR Unhandled MySQL errno 1053. Unexpected behaviour possible.
2023-04-04_17:05:56 ERROR SQL(p): SELECT c.owner, c.status, c.tax_hunt, c.tax_chaos, c.tax_store, c.hunt_allowed, c.money FROM castle_siege_data c
 [ERROR]: [2013] Lost connection to MySQL server during query
2023-04-04_17:05:56 INFO Connected to MySQL database at 127.0.0.1
2023-04-04_17:05:56 INFO Connection to the MySQL server is active.
2023-04-04_17:05:56 INFO Successfully reconnected to characters @127.0.0.1:3306 (synchronous).
2023-04-04_17:07:20 INFO Closing down DatabasePool 'characters'.
2023-04-04_17:07:20 INFO Asynchronous connections on DatabasePool 'characters' terminated. Proceeding with synchronous connections.
2023-04-04_17:07:20 INFO All connections on DatabasePool 'characters' closed.
