2023-03-28_08:57:43 INFO Connecting Character: 150 (Mage).
2023-03-28_08:58:05 INFO Disconnecting Character: 150 (Mage).
2023-03-28_08:58:21 INFO Connecting Character: 150 (Mage).
2023-03-28_08:58:59 INFO Disconnecting Character: 150 (Mage).
2023-03-28_09:03:07 INFO Connecting Character: 150 (Mage).
2023-03-28_09:03:58 INFO Disconnecting Character: 150 (Mage).
2023-03-28_09:04:01 INFO Connecting Character: 150 (Mage).
2023-03-28_09:04:12 INFO Disconnecting Character: 150 (Mage).
2023-03-28_09:04:14 INFO Connecting Character: 150 (Mage).
2023-03-28_09:06:12 INFO Connecting Character: 150 (Mage).
2023-03-28_09:07:40 INFO Disconnecting Character: 150 (Mage).
2023-03-28_09:07:52 INFO Connecting Character: 150 (Mage).
2023-03-28_09:08:03 INFO Disconnecting Character: 150 (Mage).
2023-03-28_09:08:07 INFO Disconnecting Character: 150 (Mage).
2023-03-28_09:11:54 INFO Connecting Character: 150 (Mage).
2023-03-28_09:23:41 INFO Disconnecting Character: 150 (Mage).
2023-03-28_09:27:54 INFO Connecting Character: 150 (Mage).
2023-03-28_09:32:42 INFO Disconnecting Character: 150 (Mage).
2023-03-28_09:32:42 INFO Connecting Character: 150 (Mage).
2023-03-28_09:33:18 INFO Connecting Character: 150 (Mage).
2023-03-28_09:34:18 INFO Connecting Character: 150 (Mage).
2023-03-28_09:34:38 INFO Disconnecting Character: 150 (Mage).
2023-03-28_09:34:38 INFO Connecting Character: 150 (Mage).
2023-03-28_10:38:00 INFO Disconnecting Character: 150 (Mage).
2023-03-28_10:38:28 INFO Connecting Character: 150 (Mage).
2023-03-28_10:43:24 INFO Disconnecting Character: 150 (Mage).
2023-03-28_10:44:23 INFO Connecting Character: 150 (Mage).
2023-03-28_10:44:39 INFO Disconnecting Character: 150 (Mage).
2023-03-28_10:45:54 INFO Connecting Character: 150 (Mage).
2023-03-28_10:46:20 INFO Disconnecting Character: 150 (Mage).
2023-03-28_10:46:23 INFO Connecting Character: 139 (Admin).
2023-03-28_10:46:47 INFO Disconnecting Character: 139 (Admin).
2023-03-28_10:47:49 INFO Connecting Character: 150 (Mage).
2023-03-28_10:51:35 INFO Disconnecting Character: 150 (Mage).
2023-03-28_10:52:08 INFO Connecting Character: 150 (Mage).
2023-03-28_11:02:35 INFO Disconnecting Character: 150 (Mage).
2023-03-28_11:03:56 INFO Connecting Character: 150 (Mage).
2023-03-28_11:06:33 INFO Disconnecting Character: 150 (Mage).
2023-03-28_11:07:19 INFO Connecting Character: 150 (Mage).
2023-03-28_11:18:18 INFO Disconnecting Character: 150 (Mage).
2023-03-28_12:58:53 INFO Connecting Character: 150 (Mage).
2023-03-28_13:08:47 INFO Disconnecting Character: 150 (Mage).
2023-03-28_13:15:59 INFO Connecting Character: 150 (Mage).
2023-03-28_13:21:05 INFO Disconnecting Character: 150 (Mage).
2023-03-28_13:30:51 INFO Connecting Character: 176 (ffdgdgf).
2023-03-28_13:48:39 INFO Disconnecting Character: 176 (ffdgdgf).
2023-03-28_13:48:53 INFO Connecting Character: 176 (ffdgdgf).
2023-03-28_13:52:29 INFO Disconnecting Character: 176 (ffdgdgf).
2023-03-28_14:04:05 INFO Connecting Character: 139 (Admin).
2023-03-28_14:22:59 INFO Disconnecting Character: 139 (Admin).
2023-03-28_15:07:01 INFO Connecting Character: 150 (Mage).
2023-03-28_15:25:55 INFO Disconnecting Character: 150 (Mage).
2023-03-28_15:26:03 INFO Connecting Character: 150 (Mage).
2023-03-28_15:29:56 INFO Disconnecting Character: 150 (Mage).
2023-03-28_15:30:31 INFO Connecting Character: 150 (Mage).
2023-03-28_15:32:48 INFO Disconnecting Character: 150 (Mage).
2023-03-28_15:33:19 INFO Connecting Character: 150 (Mage).
2023-03-28_15:34:04 INFO Disconnecting Character: 150 (Mage).
2023-03-28_15:35:03 INFO Connecting Character: 150 (Mage).
2023-03-28_15:42:44 INFO Disconnecting Character: 150 (Mage).
2023-03-28_15:43:18 INFO Connecting Character: 150 (Mage).
2023-03-28_15:45:26 INFO Disconnecting Character: 150 (Mage).
2023-03-28_15:46:45 INFO Connecting Character: 150 (Mage).
2023-03-28_15:53:03 INFO Disconnecting Character: 150 (Mage).
2023-03-28_15:53:34 INFO Connecting Character: 150 (Mage).
2023-03-28_15:55:56 INFO Disconnecting Character: 150 (Mage).
2023-03-28_15:56:27 INFO Connecting Character: 150 (Mage).
2023-03-28_15:58:23 INFO Disconnecting Character: 150 (Mage).
2023-03-28_15:58:54 INFO Connecting Character: 150 (Mage).
2023-03-28_16:13:57 INFO Disconnecting Character: 150 (Mage).
2023-03-28_16:14:00 INFO Connecting Character: 150 (Mage).
2023-03-28_16:14:21 INFO Disconnecting Character: 150 (Mage).
2023-03-28_16:14:43 INFO Connecting Character: 150 (Mage).
2023-03-28_16:15:39 INFO Disconnecting Character: 150 (Mage).
2023-03-28_16:16:39 INFO Connecting Character: 150 (Mage).
2023-03-28_16:16:49 INFO Disconnecting Character: 150 (Mage).
2023-03-28_16:16:51 INFO Connecting Character: 150 (Mage).
2023-03-28_16:18:46 INFO Disconnecting Character: 150 (Mage).
2023-03-28_16:18:55 INFO Connecting Character: 150 (Mage).
2023-03-28_16:19:06 INFO Disconnecting Character: 150 (Mage).
2023-03-28_16:19:33 INFO Connecting Character: 137 (test).
2023-03-28_16:21:37 INFO Disconnecting Character: 137 (test).
2023-03-28_16:23:02 INFO Connecting Character: 137 (test).
2023-03-28_16:23:17 INFO Disconnecting Character: 137 (test).
2023-03-28_16:23:26 INFO Connecting Character: 150 (Mage).
2023-03-28_16:23:35 INFO Disconnecting Character: 150 (Mage).
2023-03-28_16:23:38 INFO Connecting Character: 150 (Mage).
