2023-04-02_10:08:29 INFO Connecting Character: 140 (Knight).
2023-04-02_10:08:39 INFO Disconnecting Character: 140 (Knight).
2023-04-02_10:08:44 INFO Connecting Character: 140 (Knight).
2023-04-02_10:09:47 INFO Disconnecting Character: 140 (Knight).
2023-04-02_10:15:40 INFO Connecting Character: 140 (Knight).
2023-04-02_10:33:19 INFO Disconnecting Character: 140 (Knight).
2023-04-02_17:59:56 INFO Connecting Character: 140 (Knight).
2023-04-02_18:02:42 INFO Disconnecting Character: 140 (Knight).
2023-04-02_18:02:44 INFO Connecting Character: 140 (Knight).
2023-04-02_18:24:23 INFO Disconnecting Character: 140 (Knight).
2023-04-02_18:26:21 INFO Connecting Character: 140 (Knight).
2023-04-02_18:38:01 INFO Disconnecting Character: 140 (Knight).
2023-04-02_18:39:22 INFO Connecting Character: 140 (Knight).
2023-04-02_18:47:55 INFO Disconnecting Character: 140 (Knight).
2023-04-02_18:48:40 INFO Connecting Character: 140 (Knight).
2023-04-02_19:11:05 INFO Disconnecting Character: 140 (Knight).
2023-04-02_19:14:07 INFO Connecting Character: 140 (Knight).
2023-04-02_20:05:07 INFO Disconnecting Character: 140 (Knight).
2023-04-02_20:05:10 INFO Connecting Character: 141 (Mage).
2023-04-02_20:05:31 INFO Disconnecting Character: 141 (Mage).
2023-04-02_20:06:26 INFO Connecting Character: 141 (Mage).
2023-04-02_20:06:45 INFO Disconnecting Character: 141 (Mage).
2023-04-02_20:06:48 INFO Connecting Character: 142 (Kundun).
2023-04-02_20:07:01 INFO Disconnecting Character: 142 (Kundun).
2023-04-02_20:07:06 INFO Connecting Character: 143 (Wizard).
2023-04-02_20:07:17 INFO Disconnecting Character: 143 (Wizard).
2023-04-02_20:49:06 INFO Connecting Character: 140 (Knight).
2023-04-02_20:49:15 INFO Disconnecting Character: 140 (Knight).
2023-04-02_20:49:23 INFO Connecting Character: 145 (Test).
2023-04-02_20:58:34 INFO Disconnecting Character: 145 (Test).
2023-04-02_20:58:38 INFO Connecting Character: 145 (Test).
2023-04-02_21:25:35 INFO Disconnecting Character: 145 (Test).
2023-04-02_21:31:58 INFO Connecting Character: 145 (Test).
2023-04-02_23:37:55 INFO Disconnecting Character: 145 (Test).
