2023-04-01_12:14:39 INFO Disconnecting Character: 140 (Knight).
2023-04-01_21:53:53 INFO Connecting Character: 140 (Knight).
2023-04-01_21:55:12 INFO Disconnecting Character: 140 (Knight).
2023-04-01_21:55:31 INFO Connecting Character: 140 (Knight).
2023-04-01_22:02:03 INFO Disconnecting Character: 140 (Knight).
2023-04-01_22:02:40 INFO Connecting Character: 140 (Knight).
2023-04-01_22:18:40 INFO Disconnecting Character: 140 (Knight).
2023-04-01_22:18:51 INFO Connecting Character: 141 (Mage).
2023-04-01_22:45:22 INFO Disconnecting Character: 141 (Mage).
2023-04-01_22:45:25 INFO Connecting Character: 141 (Mage).
2023-04-01_22:52:10 INFO Disconnecting Character: 141 (Mage).
2023-04-01_22:52:10 INFO Connecting Character: 141 (Mage).
2023-04-01_22:53:00 INFO Connecting Character: 141 (Mage).
2023-04-01_22:53:40 INFO Disconnecting Character: 141 (Mage).
2023-04-01_22:53:41 INFO Connecting Character: 141 (Mage).
2023-04-01_22:54:15 INFO Connecting Character: 141 (Mage).
2023-04-01_22:58:43 INFO Disconnecting Character: 141 (Mage).
2023-04-01_23:01:17 INFO Connecting Character: 141 (Mage).
2023-04-01_23:17:20 INFO Disconnecting Character: 141 (Mage).
2023-04-01_23:17:42 INFO Connecting Character: 142 (Kundun).
2023-04-01_23:19:01 INFO Disconnecting Character: 142 (Kundun).
2023-04-01_23:30:35 INFO Connecting Character: 142 (Kundun).
2023-04-01_23:30:46 INFO Disconnecting Character: 142 (Kundun).
2023-04-01_23:31:08 INFO Connecting Character: 142 (Kundun).
2023-04-01_23:34:56 INFO Disconnecting Character: 142 (Kundun).
2023-04-01_23:37:15 INFO Connecting Character: 142 (Kundun).
2023-04-01_23:38:46 INFO Disconnecting Character: 142 (Kundun).
2023-04-01_23:52:45 INFO Connecting Character: 142 (Kundun).
