2023-04-08_15:27:55 INFO Connecting Character: 145 (Kundun).
2023-04-08_15:35:13 INFO Disconnecting Character: 145 (Kundun).
2023-04-08_15:35:17 INFO Disconnecting Character: 144 (Mage).
2023-04-08_15:37:44 INFO Connecting Character: 145 (Kundun).
2023-04-08_15:40:36 INFO Disconnecting Character: 145 (Kundun).
2023-04-08_15:40:58 INFO Disconnecting Character: 139 (Lord).
2023-04-08_15:41:48 INFO Connecting Character: 137 (test).
2023-04-08_15:42:59 INFO Connecting Character: 137 (test).
2023-04-08_16:09:56 INFO Disconnecting Character: 137 (test).
2023-04-08_16:11:44 INFO Connecting Character: 145 (Kundun).
2023-04-08_16:14:17 INFO Connecting Character: 169 (Deadmau55).
2023-04-08_16:19:17 INFO Disconnecting Character: 145 (Kundun).
2023-04-08_16:19:43 INFO Connecting Character: 145 (Kundun).
2023-04-08_16:20:04 INFO Disconnecting Character: 145 (Kundun).
2023-04-08_16:20:07 INFO Disconnecting Character: 145 (Kundun).
2023-04-08_16:30:29 INFO Connecting Character: 145 (Kundun).
2023-04-08_16:33:51 INFO Disconnecting Character: 169 (Deadmau55).
2023-04-08_16:33:51 INFO Connecting Character: 169 (Deadmau55).
2023-04-08_16:34:16 INFO Disconnecting Character: 145 (Kundun).
2023-04-08_16:34:16 INFO Connecting Character: 145 (Kundun).
2023-04-08_16:55:22 INFO Disconnecting Character: 169 (Deadmau55).
2023-04-08_16:55:23 INFO Connecting Character: 169 (Deadmau55).
2023-04-08_16:55:25 INFO Disconnecting Character: 145 (Kundun).
2023-04-08_16:55:26 INFO Connecting Character: 145 (Kundun).
2023-04-08_17:00:53 INFO Connecting Character: 145 (Kundun).
2023-04-08_17:01:07 INFO Disconnecting Character: 169 (Deadmau55).
2023-04-08_17:01:08 INFO Connecting Character: 169 (Deadmau55).
2023-04-08_17:21:29 INFO Disconnecting Character: 169 (Deadmau55).
2023-04-08_17:21:30 INFO Connecting Character: 169 (Deadmau55).
2023-04-08_17:25:30 INFO Disconnecting Character: 169 (Deadmau55).
2023-04-08_17:25:30 INFO Connecting Character: 169 (Deadmau55).
2023-04-08_17:33:05 INFO Disconnecting Character: 169 (Deadmau55).
2023-04-08_17:33:07 INFO Disconnecting Character: 145 (Kundun).
2023-04-08_17:34:24 INFO Connecting Character: 145 (Kundun).
2023-04-08_17:34:34 INFO Disconnecting Character: 145 (Kundun).
2023-04-08_17:34:35 INFO Connecting Character: 145 (Kundun).
2023-04-08_17:36:40 INFO Disconnecting Character: 145 (Kundun).
2023-04-08_17:38:08 INFO Disconnecting Character: 145 (Kundun).
2023-04-08_17:38:09 INFO Connecting Character: 145 (Kundun).
2023-04-08_17:46:41 INFO Disconnecting Character: 145 (Kundun).
2023-04-08_17:50:07 INFO Connecting Character: 145 (Kundun).
2023-04-08_18:01:51 INFO Disconnecting Character: 145 (Kundun).
2023-04-08_18:04:10 INFO Connecting Character: 145 (Kundun).
2023-04-08_18:04:17 INFO Connecting Character: 145 (Kundun).
2023-04-08_18:05:46 INFO Disconnecting Character: 145 (Kundun).
2023-04-08_18:06:05 INFO Connecting Character: 145 (Kundun).
2023-04-08_18:06:19 INFO Disconnecting Character: 145 (Kundun).
2023-04-08_18:07:48 INFO Connecting Character: 145 (Kundun).
2023-04-08_18:08:22 INFO Disconnecting Character: 145 (Kundun).
2023-04-08_18:10:06 INFO Connecting Character: 145 (Kundun).
2023-04-08_18:12:59 INFO Disconnecting Character: 145 (Kundun).
2023-04-08_18:13:07 INFO Connecting Character: 144 (Mage).
2023-04-08_18:14:07 INFO Disconnecting Character: 144 (Mage).
2023-04-08_18:16:10 INFO Connecting Character: 144 (Mage).
2023-04-08_18:18:58 INFO Disconnecting Character: 144 (Mage).
2023-04-08_18:21:50 INFO Connecting Character: 144 (Mage).
2023-04-08_18:22:25 INFO Disconnecting Character: 144 (Mage).
2023-04-08_18:24:27 INFO Connecting Character: 144 (Mage).
2023-04-08_18:24:43 INFO Disconnecting Character: 144 (Mage).
2023-04-08_18:25:37 INFO Connecting Character: 144 (Mage).
2023-04-08_18:25:56 INFO Disconnecting Character: 144 (Mage).
2023-04-08_18:28:23 INFO Connecting Character: 144 (Mage).
2023-04-08_18:35:36 INFO Disconnecting Character: 144 (Mage).
