2023-03-25_00:18:02 INFO Disconnecting Character: 137 (test).
2023-03-25_07:30:24 INFO Connecting Character: 138 (Mage).
2023-03-25_07:37:05 INFO Disconnecting Character: 138 (Mage).
2023-03-25_07:37:22 INFO Connecting Character: 137 (test).
2023-03-25_07:38:12 INFO Disconnecting Character: 137 (test).
2023-03-25_07:38:35 INFO Connecting Character: 139 (Admin).
2023-03-25_07:40:22 INFO Disconnecting Character: 139 (Admin).
2023-03-25_07:40:24 INFO Connecting Character: 137 (test).
2023-03-25_07:40:35 INFO Disconnecting Character: 137 (test).
2023-03-25_07:42:51 INFO Connecting Character: 139 (Admin).
2023-03-25_07:55:36 INFO Disconnecting Character: 139 (Admin).
2023-03-25_07:55:45 INFO Connecting Character: 139 (Admin).
2023-03-25_07:56:36 INFO Disconnecting Character: 139 (Admin).
2023-03-25_07:58:15 INFO Connecting Character: 139 (Admin).
2023-03-25_07:58:25 INFO Disconnecting Character: 139 (Admin).
2023-03-25_07:58:33 INFO Connecting Character: 139 (Admin).
2023-03-25_08:00:20 INFO Disconnecting Character: 139 (Admin).
2023-03-25_08:01:04 INFO Connecting Character: 139 (Admin).
2023-03-25_08:02:29 INFO Disconnecting Character: 139 (Admin).
2023-03-25_08:03:04 INFO Connecting Character: 139 (Admin).
2023-03-25_08:04:36 INFO Disconnecting Character: 139 (Admin).
2023-03-25_08:04:54 INFO Connecting Character: 140 (Elfs).
2023-03-25_08:11:10 INFO Disconnecting Character: 140 (Elfs).
2023-03-25_08:11:17 INFO Connecting Character: 141 (Knight).
2023-03-25_08:12:05 INFO Disconnecting Character: 141 (Knight).
2023-03-25_08:13:09 INFO Connecting Character: 141 (Knight).
2023-03-25_08:13:36 INFO Disconnecting Character: 141 (Knight).
2023-03-25_08:14:45 INFO Connecting Character: 142 (Lancer).
2023-03-25_08:26:45 INFO Disconnecting Character: 142 (Lancer).
2023-03-25_08:26:47 INFO Connecting Character: 138 (Mage).
2023-03-25_08:28:55 INFO Disconnecting Character: 138 (Mage).
2023-03-25_08:29:34 INFO Connecting Character: 138 (Mage).
2023-03-25_08:34:17 INFO Disconnecting Character: 138 (Mage).
2023-03-25_08:36:03 INFO Connecting Character: 139 (Admin).
2023-03-25_08:37:28 INFO Disconnecting Character: 139 (Admin).
2023-03-25_08:38:15 INFO Connecting Character: 139 (Admin).
2023-03-25_08:39:29 INFO Disconnecting Character: 139 (Admin).
2023-03-25_08:39:33 INFO Connecting Character: 139 (Admin).
2023-03-25_08:40:10 INFO Disconnecting Character: 139 (Admin).
2023-03-25_08:40:41 INFO Connecting Character: 139 (Admin).
2023-03-25_08:43:20 INFO Disconnecting Character: 139 (Admin).
2023-03-25_08:43:42 INFO Connecting Character: 139 (Admin).
2023-03-25_08:43:53 INFO Disconnecting Character: 139 (Admin).
2023-03-25_08:44:00 INFO Connecting Character: 139 (Admin).
2023-03-25_08:45:15 INFO Disconnecting Character: 139 (Admin).
2023-03-25_08:45:37 INFO Connecting Character: 139 (Admin).
2023-03-25_08:49:55 INFO Disconnecting Character: 139 (Admin).
2023-03-25_08:49:59 INFO Connecting Character: 139 (Admin).
2023-03-25_08:50:13 INFO Disconnecting Character: 139 (Admin).
2023-03-25_08:50:26 INFO Connecting Character: 139 (Admin).
2023-03-25_08:53:23 INFO Disconnecting Character: 139 (Admin).
2023-03-25_08:56:50 INFO Connecting Character: 139 (Admin).
2023-03-25_09:00:50 INFO Disconnecting Character: 139 (Admin).
2023-03-25_09:01:05 INFO Connecting Character: 139 (Admin).
2023-03-25_09:07:54 INFO Disconnecting Character: 139 (Admin).
2023-03-25_09:08:00 INFO Connecting Character: 139 (Admin).
2023-03-25_09:10:10 INFO Disconnecting Character: 139 (Admin).
2023-03-25_09:10:14 INFO Connecting Character: 139 (Admin).
2023-03-25_09:23:07 INFO Disconnecting Character: 139 (Admin).
2023-03-25_09:25:35 INFO Connecting Character: 143 (X).
2023-03-25_09:32:00 INFO Disconnecting Character: 143 (X).
2023-03-25_09:32:46 INFO Connecting Character: 143 (X).
2023-03-25_09:34:28 INFO Disconnecting Character: 143 (X).
2023-03-25_09:35:45 INFO Connecting Character: 143 (X).
2023-03-25_09:38:24 INFO Disconnecting Character: 143 (X).
2023-03-25_09:39:12 INFO Connecting Character: 143 (X).
2023-03-25_09:40:37 INFO Disconnecting Character: 143 (X).
2023-03-25_09:40:51 INFO Connecting Character: 143 (X).
2023-03-25_09:41:02 INFO Disconnecting Character: 143 (X).
2023-03-25_09:42:42 INFO Connecting Character: 143 (X).
2023-03-25_09:43:17 INFO Disconnecting Character: 143 (X).
2023-03-25_09:43:58 INFO Connecting Character: 143 (X).
2023-03-25_09:55:23 INFO Disconnecting Character: 143 (X).
2023-03-25_09:55:49 INFO Connecting Character: 143 (X).
2023-03-25_09:57:12 INFO Disconnecting Character: 143 (X).
2023-03-25_09:58:15 INFO Connecting Character: 143 (X).
2023-03-25_10:09:56 INFO Disconnecting Character: 143 (X).
2023-03-25_10:10:00 INFO Connecting Character: 143 (X).
2023-03-25_10:10:11 INFO Disconnecting Character: 143 (X).
2023-03-25_10:10:36 INFO Connecting Character: 143 (X).
2023-03-25_10:16:26 INFO Disconnecting Character: 143 (X).
2023-03-25_10:17:19 INFO Connecting Character: 143 (X).
2023-03-25_10:19:03 INFO Disconnecting Character: 143 (X).
2023-03-25_10:19:11 INFO Connecting Character: 143 (X).
2023-03-25_10:19:23 INFO Disconnecting Character: 143 (X).
2023-03-25_10:19:58 INFO Connecting Character: 143 (X).
2023-03-25_10:23:21 INFO Disconnecting Character: 143 (X).
2023-03-25_10:23:23 INFO Connecting Character: 143 (X).
2023-03-25_10:25:21 INFO Disconnecting Character: 143 (X).
2023-03-25_10:25:23 INFO Connecting Character: 143 (X).
2023-03-25_10:28:58 INFO Disconnecting Character: 143 (X).
2023-03-25_10:29:52 INFO Connecting Character: 143 (X).
2023-03-25_10:31:28 INFO Disconnecting Character: 143 (X).
2023-03-25_10:32:19 INFO Connecting Character: 143 (X).
2023-03-25_10:34:44 INFO Disconnecting Character: 143 (X).
2023-03-25_10:35:33 INFO Connecting Character: 143 (X).
2023-03-25_10:36:56 INFO Disconnecting Character: 143 (X).
2023-03-25_10:37:10 INFO Connecting Character: 144 (Kundun).
2023-03-25_10:37:53 INFO Disconnecting Character: 144 (Kundun).
2023-03-25_10:37:59 INFO Connecting Character: 144 (Kundun).
2023-03-25_10:39:03 INFO Disconnecting Character: 144 (Kundun).
2023-03-25_10:40:35 INFO Connecting Character: 144 (Kundun).
2023-03-25_10:40:45 INFO Disconnecting Character: 144 (Kundun).
2023-03-25_10:40:50 INFO Connecting Character: 144 (Kundun).
2023-03-25_10:47:14 INFO Disconnecting Character: 144 (Kundun).
2023-03-25_10:48:09 INFO Connecting Character: 144 (Kundun).
2023-03-25_10:50:09 INFO Disconnecting Character: 144 (Kundun).
2023-03-25_10:51:20 INFO Connecting Character: 144 (Kundun).
2023-03-25_10:52:36 INFO Disconnecting Character: 144 (Kundun).
2023-03-25_10:52:46 INFO Connecting Character: 139 (Admin).
2023-03-25_10:52:56 INFO Disconnecting Character: 139 (Admin).
2023-03-25_10:53:12 INFO Connecting Character: 139 (Admin).
2023-03-25_10:55:08 INFO Disconnecting Character: 139 (Admin).
2023-03-25_10:55:22 INFO Connecting Character: 139 (Admin).
2023-03-25_10:58:24 INFO Disconnecting Character: 139 (Admin).
2023-03-25_10:58:30 INFO Connecting Character: 144 (Kundun).
2023-03-25_14:20:56 INFO Disconnecting Character: 144 (Kundun).
2023-03-25_14:21:00 INFO Connecting Character: 144 (Kundun).
2023-03-25_14:22:11 INFO Disconnecting Character: 144 (Kundun).
2023-03-25_14:22:13 INFO Connecting Character: 144 (Kundun).
2023-03-25_14:23:23 INFO Disconnecting Character: 144 (Kundun).
2023-03-25_14:23:26 INFO Connecting Character: 144 (Kundun).
2023-03-25_14:31:35 INFO Disconnecting Character: 144 (Kundun).
2023-03-25_14:32:57 INFO Connecting Character: 144 (Kundun).
2023-03-25_14:34:45 INFO Disconnecting Character: 144 (Kundun).
2023-03-25_14:34:48 INFO Connecting Character: 139 (Admin).
2023-03-25_14:37:13 INFO Disconnecting Character: 139 (Admin).
2023-03-25_14:37:13 INFO Connecting Character: 139 (Admin).
2023-03-25_14:40:13 INFO Disconnecting Character: 139 (Admin).
2023-03-25_14:41:28 INFO Disconnecting Character: 139 (Admin).
2023-03-25_14:41:28 INFO Connecting Character: 139 (Admin).
2023-03-25_14:41:48 INFO Disconnecting Character: 139 (Admin).
2023-03-25_14:41:48 INFO Connecting Character: 139 (Admin).
2023-03-25_14:41:52 INFO Disconnecting Character: 139 (Admin).
2023-03-25_14:41:52 INFO Connecting Character: 139 (Admin).
2023-03-25_14:42:49 INFO Disconnecting Character: 139 (Admin).
2023-03-25_14:42:49 INFO Connecting Character: 139 (Admin).
2023-03-25_14:42:54 INFO Connecting Character: 139 (Admin).
2023-03-25_14:45:23 INFO Connecting Character: 139 (Admin).
2023-03-25_14:46:03 INFO Connecting Character: 139 (Admin).
2023-03-25_14:46:15 INFO Connecting Character: 139 (Admin).
2023-03-25_14:46:18 INFO Disconnecting Character: 139 (Admin).
2023-03-25_14:46:18 INFO Connecting Character: 139 (Admin).
2023-03-25_14:47:01 INFO Disconnecting Character: 139 (Admin).
2023-03-25_14:47:01 INFO Connecting Character: 139 (Admin).
2023-03-25_14:47:58 INFO Disconnecting Character: 139 (Admin).
2023-03-25_14:47:58 INFO Connecting Character: 139 (Admin).
2023-03-25_14:48:53 INFO Connecting Character: 139 (Admin).
2023-03-25_14:49:36 INFO Disconnecting Character: 139 (Admin).
2023-03-25_14:49:36 INFO Connecting Character: 139 (Admin).
2023-03-25_14:50:50 INFO Disconnecting Character: 139 (Admin).
2023-03-25_14:50:50 INFO Connecting Character: 139 (Admin).
2023-03-25_14:51:49 INFO Disconnecting Character: 139 (Admin).
2023-03-25_14:51:52 INFO Connecting Character: 139 (Admin).
2023-03-25_14:51:56 INFO Disconnecting Character: 139 (Admin).
2023-03-25_14:51:56 INFO Connecting Character: 139 (Admin).
2023-03-25_14:52:41 INFO Connecting Character: 139 (Admin).
2023-03-25_14:53:28 INFO Disconnecting Character: 139 (Admin).
2023-03-25_14:53:28 INFO Connecting Character: 139 (Admin).
2023-03-25_14:55:28 INFO Connecting Character: 139 (Admin).
2023-03-25_14:56:04 INFO Disconnecting Character: 139 (Admin).
2023-03-25_14:56:04 INFO Connecting Character: 139 (Admin).
2023-03-25_14:58:05 INFO Disconnecting Character: 139 (Admin).
2023-03-25_14:58:05 INFO Connecting Character: 139 (Admin).
2023-03-25_14:59:44 INFO Disconnecting Character: 139 (Admin).
2023-03-25_14:59:44 INFO Connecting Character: 139 (Admin).
2023-03-25_15:03:59 INFO Disconnecting Character: 139 (Admin).
2023-03-25_15:04:00 INFO Connecting Character: 139 (Admin).
2023-03-25_15:04:45 INFO Connecting Character: 139 (Admin).
2023-03-25_15:05:15 INFO Disconnecting Character: 139 (Admin).
2023-03-25_15:05:15 INFO Connecting Character: 139 (Admin).
2023-03-25_15:06:21 INFO Connecting Character: 139 (Admin).
2023-03-25_15:07:29 INFO Disconnecting Character: 139 (Admin).
2023-03-25_15:07:29 INFO Connecting Character: 139 (Admin).
2023-03-25_15:08:04 INFO Disconnecting Character: 139 (Admin).
2023-03-25_15:08:07 INFO Connecting Character: 143 (X).
2023-03-25_15:13:54 INFO Connecting Character: 143 (X).
2023-03-25_15:14:19 INFO Disconnecting Character: 143 (X).
2023-03-25_15:14:19 INFO Connecting Character: 143 (X).
2023-03-25_15:18:25 INFO Connecting Character: 143 (X).
2023-03-25_15:19:18 INFO Connecting Character: 143 (X).
2023-03-25_15:21:37 INFO Disconnecting Character: 143 (X).
2023-03-25_15:21:37 INFO Connecting Character: 143 (X).
2023-03-25_15:22:50 INFO Connecting Character: 143 (X).
2023-03-25_15:25:26 INFO Disconnecting Character: 143 (X).
2023-03-25_15:25:26 INFO Connecting Character: 143 (X).
2023-03-25_15:26:00 INFO Connecting Character: 143 (X).
2023-03-25_15:28:30 INFO Disconnecting Character: 143 (X).
2023-03-25_15:28:30 INFO Connecting Character: 143 (X).
2023-03-25_15:29:00 INFO Connecting Character: 143 (X).
2023-03-25_15:29:34 INFO Connecting Character: 143 (X).
2023-03-25_15:33:09 INFO Connecting Character: 143 (X).
2023-03-25_15:33:16 INFO Disconnecting Character: 143 (X).
2023-03-25_15:35:37 INFO Disconnecting Character: 143 (X).
2023-03-25_15:35:37 INFO Connecting Character: 143 (X).
2023-03-25_15:35:49 INFO Disconnecting Character: 143 (X).
2023-03-25_15:35:49 INFO Connecting Character: 143 (X).
2023-03-25_15:36:12 INFO Connecting Character: 143 (X).
2023-03-25_15:36:52 INFO Connecting Character: 143 (X).
2023-03-25_15:40:43 INFO Disconnecting Character: 143 (X).
2023-03-25_15:40:43 INFO Connecting Character: 143 (X).
2023-03-25_15:41:16 INFO Connecting Character: 143 (X).
2023-03-25_15:48:54 INFO Disconnecting Character: 143 (X).
2023-03-25_15:48:54 INFO Connecting Character: 143 (X).
2023-03-25_15:49:18 INFO Disconnecting Character: 143 (X).
2023-03-25_15:49:18 INFO Connecting Character: 143 (X).
2023-03-25_15:52:01 INFO Connecting Character: 143 (X).
2023-03-25_15:52:19 INFO Disconnecting Character: 143 (X).
2023-03-25_15:52:19 INFO Connecting Character: 143 (X).
2023-03-25_15:55:04 INFO Disconnecting Character: 143 (X).
2023-03-25_15:55:04 INFO Connecting Character: 143 (X).
2023-03-25_15:55:24 INFO Disconnecting Character: 143 (X).
2023-03-25_15:55:24 INFO Connecting Character: 143 (X).
2023-03-25_16:07:50 INFO Connecting Character: 143 (X).
2023-03-25_16:08:15 INFO Disconnecting Character: 143 (X).
2023-03-25_16:08:15 INFO Connecting Character: 143 (X).
2023-03-25_16:12:32 INFO Connecting Character: 143 (X).
2023-03-25_16:12:50 INFO Connecting Character: 143 (X).
2023-03-25_16:13:55 INFO Connecting Character: 143 (X).
2023-03-25_16:14:18 INFO Connecting Character: 143 (X).
2023-03-25_16:32:11 INFO Disconnecting Character: 143 (X).
2023-03-25_16:32:11 INFO Connecting Character: 143 (X).
2023-03-25_16:32:32 INFO Connecting Character: 143 (X).
2023-03-25_16:41:08 INFO Connecting Character: 143 (X).
2023-03-25_16:41:32 INFO Connecting Character: 143 (X).
2023-03-25_16:53:09 INFO Disconnecting Character: 143 (X).
2023-03-25_16:53:09 INFO Connecting Character: 143 (X).
2023-03-25_16:53:31 INFO Disconnecting Character: 143 (X).
2023-03-25_16:53:31 INFO Connecting Character: 143 (X).
2023-03-25_16:58:38 INFO Disconnecting Character: 143 (X).
2023-03-25_16:58:38 INFO Connecting Character: 143 (X).
2023-03-25_16:58:58 INFO Disconnecting Character: 143 (X).
2023-03-25_16:58:58 INFO Connecting Character: 143 (X).
2023-03-25_17:02:41 INFO Disconnecting Character: 143 (X).
2023-03-25_17:09:44 INFO Connecting Character: 143 (X).
2023-03-25_17:15:00 INFO Disconnecting Character: 143 (X).
2023-03-25_17:15:00 INFO Connecting Character: 143 (X).
2023-03-25_17:15:22 INFO Disconnecting Character: 143 (X).
2023-03-25_17:15:22 INFO Connecting Character: 143 (X).
2023-03-25_17:15:54 INFO Disconnecting Character: 143 (X).
2023-03-25_17:15:59 INFO Connecting Character: 143 (X).
2023-03-25_17:16:56 INFO Disconnecting Character: 143 (X).
2023-03-25_17:16:59 INFO Connecting Character: 143 (X).
2023-03-25_17:17:23 INFO Disconnecting Character: 143 (X).
2023-03-25_17:17:53 INFO Connecting Character: 143 (X).
2023-03-25_17:18:42 INFO Connecting Character: 143 (X).
2023-03-25_17:19:05 INFO Connecting Character: 143 (X).
2023-03-25_17:20:03 INFO Disconnecting Character: 143 (X).
2023-03-25_17:20:19 INFO Connecting Character: 143 (X).
2023-03-25_17:20:34 INFO Disconnecting Character: 143 (X).
2023-03-25_17:20:39 INFO Connecting Character: 143 (X).
2023-03-25_17:27:03 INFO Disconnecting Character: 143 (X).
2023-03-25_17:27:03 INFO Connecting Character: 143 (X).
2023-03-25_17:27:58 INFO Connecting Character: 143 (X).
2023-03-25_17:28:14 INFO Disconnecting Character: 143 (X).
2023-03-25_17:28:32 INFO Connecting Character: 143 (X).
2023-03-25_17:36:50 INFO Connecting Character: 143 (X).
2023-03-25_17:37:40 INFO Connecting Character: 143 (X).
2023-03-25_17:51:52 INFO Connecting Character: 143 (X).
2023-03-25_17:52:16 INFO Connecting Character: 143 (X).
2023-03-25_18:08:02 INFO Connecting Character: 143 (X).
2023-03-25_18:08:28 INFO Connecting Character: 143 (X).
2023-03-25_19:02:55 INFO Disconnecting Character: 143 (X).
2023-03-25_19:03:36 INFO Connecting Character: 143 (X).
2023-03-25_19:32:23 INFO Disconnecting Character: 143 (X).
2023-03-25_19:32:23 INFO Connecting Character: 143 (X).
2023-03-25_19:32:45 INFO Disconnecting Character: 143 (X).
2023-03-25_19:32:45 INFO Connecting Character: 143 (X).
2023-03-25_19:36:12 INFO Disconnecting Character: 143 (X).
2023-03-25_19:36:12 INFO Connecting Character: 143 (X).
2023-03-25_19:36:30 INFO Connecting Character: 143 (X).
2023-03-25_19:37:23 INFO Disconnecting Character: 143 (X).
2023-03-25_19:37:23 INFO Connecting Character: 143 (X).
2023-03-25_19:38:06 INFO Disconnecting Character: 143 (X).
2023-03-25_19:38:06 INFO Connecting Character: 143 (X).
2023-03-25_19:39:07 INFO Disconnecting Character: 143 (X).
2023-03-25_19:39:07 INFO Connecting Character: 143 (X).
2023-03-25_19:39:16 INFO Connecting Character: 143 (X).
2023-03-25_20:06:46 INFO Connecting Character: 143 (X).
2023-03-25_20:07:52 INFO Disconnecting Character: 143 (X).
2023-03-25_20:07:52 INFO Connecting Character: 143 (X).
2023-03-25_20:10:53 INFO Disconnecting Character: 143 (X).
2023-03-25_20:10:53 INFO Connecting Character: 143 (X).
2023-03-25_20:11:21 INFO Connecting Character: 143 (X).
2023-03-25_20:12:20 INFO Disconnecting Character: 143 (X).
2023-03-25_20:12:23 INFO Connecting Character: 139 (Admin).
2023-03-25_20:16:15 INFO Connecting Character: 139 (Admin).
2023-03-25_20:16:35 INFO Connecting Character: 139 (Admin).
2023-03-25_20:19:12 INFO Connecting Character: 139 (Admin).
2023-03-25_20:19:30 INFO Connecting Character: 139 (Admin).
2023-03-25_20:24:22 INFO Connecting Character: 139 (Admin).
2023-03-25_20:26:11 INFO Connecting Character: 139 (Admin).
2023-03-25_20:27:26 INFO Disconnecting Character: 139 (Admin).
2023-03-25_20:28:56 INFO Connecting Character: 143 (X).
2023-03-25_20:46:01 INFO Connecting Character: 143 (X).
2023-03-25_20:46:25 INFO Connecting Character: 143 (X).
2023-03-25_20:47:30 INFO Disconnecting Character: 143 (X).
2023-03-25_20:47:30 INFO Connecting Character: 143 (X).
2023-03-25_20:47:57 INFO Disconnecting Character: 143 (X).
2023-03-25_20:47:58 INFO Connecting Character: 143 (X).
2023-03-25_20:54:15 INFO Disconnecting Character: 143 (X).
2023-03-25_20:54:50 INFO Connecting Character: 143 (X).
2023-03-25_21:11:20 INFO Disconnecting Character: 143 (X).
2023-03-25_21:11:45 INFO Connecting Character: 137 (test).
2023-03-25_21:11:55 INFO Disconnecting Character: 137 (test).
2023-03-25_21:12:10 INFO Connecting Character: 145 (Wizard).
2023-03-25_21:33:14 INFO Disconnecting Character: 145 (Wizard).
2023-03-25_21:34:03 INFO Connecting Character: 145 (Wizard).
2023-03-25_22:11:53 INFO Connecting Character: 145 (Wizard).
2023-03-25_22:12:18 INFO Disconnecting Character: 145 (Wizard).
2023-03-25_22:12:19 INFO Connecting Character: 145 (Wizard).
2023-03-25_22:14:26 INFO Disconnecting Character: 145 (Wizard).
2023-03-25_22:14:26 INFO Connecting Character: 145 (Wizard).
2023-03-25_22:14:59 INFO Disconnecting Character: 145 (Wizard).
2023-03-25_22:14:59 INFO Connecting Character: 145 (Wizard).
2023-03-25_22:21:56 INFO Disconnecting Character: 145 (Wizard).
