2023-04-07_08:38:59 INFO Connecting Character: 136 (Admin).
2023-04-07_09:03:58 INFO Disconnecting Character: 136 (Admin).
2023-04-07_09:04:04 INFO Connecting Character: 137 (test).
2023-04-07_09:16:14 INFO Disconnecting Character: 137 (test).
2023-04-07_09:16:41 INFO Connecting Character: 138 (Knight).
2023-04-07_09:29:46 INFO Disconnecting Character: 138 (Knight).
2023-04-07_09:29:55 INFO Connecting Character: 139 (Lord).
2023-04-07_09:39:47 INFO Disconnecting Character: 139 (Lord).
2023-04-07_09:40:00 INFO Connecting Character: 140 (Summoner).
2023-04-07_09:41:02 INFO Disconnecting Character: 140 (Summoner).
2023-04-07_09:42:07 INFO Connecting Character: 140 (Summoner).
2023-04-07_10:07:18 INFO Disconnecting Character: 140 (Summoner).
2023-04-07_10:08:01 INFO Connecting Character: 140 (Summoner).
2023-04-07_10:21:21 INFO Disconnecting Character: 140 (Summoner).
2023-04-07_10:21:31 INFO Connecting Character: 141 (Rage).
2023-04-07_10:36:32 INFO Disconnecting Character: 141 (Rage).
2023-04-07_10:36:44 INFO Connecting Character: 142 (Slayer).
2023-04-07_10:50:07 INFO Disconnecting Character: 142 (Slayer).
2023-04-07_10:52:00 INFO Connecting Character: 143 (Crush).
2023-04-07_11:20:52 INFO Disconnecting Character: 143 (Crush).
2023-04-07_11:21:50 INFO Connecting Character: 144 (Mage).
2023-04-07_12:05:30 INFO Disconnecting Character: 144 (Mage).
2023-04-07_12:05:41 INFO Connecting Character: 145 (Kundun).
2023-04-07_12:59:52 INFO Connecting Character: 146 (Illusion).
2023-04-07_13:32:06 INFO Disconnecting Character: 145 (Kundun).
2023-04-07_13:32:15 INFO Connecting Character: 145 (Kundun).
2023-04-07_14:00:51 INFO Disconnecting Character: 146 (Illusion).
2023-04-07_14:01:03 INFO Connecting Character: 146 (Illusion).
2023-04-07_14:02:00 INFO Disconnecting Character: 145 (Kundun).
2023-04-07_14:02:02 INFO Connecting Character: 145 (Kundun).
2023-04-07_17:51:47 INFO Disconnecting Character: 146 (Illusion).
2023-04-07_18:44:44 INFO Connecting Character: 146 (Illusion).
2023-04-07_20:34:50 INFO Disconnecting Character: 146 (Illusion).
2023-04-07_20:35:58 INFO Disconnecting Character: 145 (Kundun).
2023-04-07_20:46:16 INFO Connecting Character: 164 (asdas).
2023-04-07_20:46:36 INFO Disconnecting Character: 164 (asdas).
2023-04-07_20:47:12 INFO Connecting Character: 164 (asdas).
2023-04-07_20:47:33 INFO Disconnecting Character: 164 (asdas).
2023-04-07_22:56:58 INFO Connecting Character: 145 (Kundun).
