2023-03-24_21:06:20 INFO Connecting Character: 136 (Admin).
2023-03-24_21:14:22 INFO Disconnecting Character: 136 (Admin).
2023-03-24_21:14:47 INFO Connecting Character: 137 (test).
2023-03-24_21:17:28 INFO Disconnecting Character: 137 (test).
2023-03-24_21:17:43 INFO Connecting Character: 138 (Mage).
2023-03-24_21:32:36 INFO Disconnecting Character: 138 (Mage).
2023-03-24_21:33:43 INFO Connecting Character: 138 (Mage).
2023-03-24_21:52:32 INFO Disconnecting Character: 138 (Mage).
2023-03-24_21:53:06 INFO Connecting Character: 138 (Mage).
2023-03-24_21:53:22 INFO Disconnecting Character: 138 (Mage).
2023-03-24_21:53:44 INFO Connecting Character: 138 (Mage).
2023-03-24_21:54:27 INFO Disconnecting Character: 138 (Mage).
2023-03-24_21:54:48 INFO Connecting Character: 138 (Mage).
2023-03-24_21:58:27 INFO Disconnecting Character: 138 (Mage).
2023-03-24_21:58:48 INFO Connecting Character: 138 (Mage).
2023-03-24_22:20:12 INFO Disconnecting Character: 138 (Mage).
2023-03-24_22:21:00 INFO Connecting Character: 138 (Mage).
2023-03-24_22:28:45 INFO Disconnecting Character: 138 (Mage).
2023-03-24_22:29:47 INFO Connecting Character: 138 (Mage).
2023-03-24_22:32:07 INFO Connecting Character: 138 (Mage).
2023-03-24_22:34:01 INFO Connecting Character: 138 (Mage).
2023-03-24_22:36:42 INFO Disconnecting Character: 138 (Mage).
