2023-03-26_08:46:49 INFO Disconnecting Character: 143 (X).
2023-03-26_08:46:57 INFO Connecting Character: 140 (Elfs).
2023-03-26_08:49:15 INFO Disconnecting Character: 140 (Elfs).
2023-03-26_08:50:26 INFO Connecting Character: 140 (Elfs).
2023-03-26_08:50:39 INFO Disconnecting Character: 140 (Elfs).
2023-03-26_08:50:55 INFO Connecting Character: 137 (test).
2023-03-26_08:51:12 INFO Disconnecting Character: 137 (test).
2023-03-26_08:51:31 INFO Connecting Character: 137 (test).
2023-03-26_08:51:40 INFO Disconnecting Character: 137 (test).
2023-03-26_08:51:53 INFO Connecting Character: 146 (TEST1).
2023-03-26_08:53:20 INFO Disconnecting Character: 146 (TEST1).
2023-03-26_08:53:48 INFO Connecting Character: 147 (testest).
2023-03-26_08:57:43 INFO Disconnecting Character: 147 (testest).
2023-03-26_08:58:02 INFO Connecting Character: 148 (gfddgf).
2023-03-26_08:58:12 INFO Disconnecting Character: 148 (gfddgf).
2023-03-26_08:58:14 INFO Connecting Character: 149 (fdgdfgfdg).
2023-03-26_09:22:03 INFO Disconnecting Character: 149 (fdgdfgfdg).
2023-03-26_09:22:13 INFO Connecting Character: 143 (X).
2023-03-26_10:31:45 INFO Connecting Character: 143 (X).
2023-03-26_10:32:12 INFO Connecting Character: 143 (X).
2023-03-26_12:59:21 INFO Connecting Character: 143 (X).
2023-03-26_12:59:53 INFO Disconnecting Character: 143 (X).
2023-03-26_12:59:53 INFO Connecting Character: 143 (X).
2023-03-26_13:04:16 INFO Connecting Character: 143 (X).
2023-03-26_13:04:45 INFO Disconnecting Character: 143 (X).
2023-03-26_13:04:45 INFO Connecting Character: 143 (X).
2023-03-26_13:05:05 INFO Disconnecting Character: 143 (X).
2023-03-26_13:05:10 INFO Connecting Character: 139 (Admin).
2023-03-26_13:05:21 INFO Disconnecting Character: 139 (Admin).
2023-03-26_13:05:30 INFO Connecting Character: 143 (X).
2023-03-26_13:08:19 INFO Disconnecting Character: 143 (X).
2023-03-26_13:08:19 INFO Connecting Character: 143 (X).
2023-03-26_13:13:53 INFO Disconnecting Character: 143 (X).
2023-03-26_13:13:53 INFO Connecting Character: 143 (X).
2023-03-26_13:14:34 INFO Connecting Character: 143 (X).
2023-03-26_13:15:23 INFO Disconnecting Character: 143 (X).
2023-03-26_13:16:28 INFO Connecting Character: 143 (X).
2023-03-26_13:17:28 INFO Disconnecting Character: 143 (X).
2023-03-26_13:17:28 INFO Connecting Character: 143 (X).
2023-03-26_13:27:07 INFO Connecting Character: 143 (X).
2023-03-26_13:27:59 INFO Disconnecting Character: 143 (X).
2023-03-26_13:28:33 INFO Connecting Character: 143 (X).
2023-03-26_13:28:46 INFO Disconnecting Character: 143 (X).
2023-03-26_13:28:57 INFO Connecting Character: 143 (X).
2023-03-26_13:29:35 INFO Disconnecting Character: 143 (X).
2023-03-26_13:30:10 INFO Connecting Character: 143 (X).
2023-03-26_13:31:26 INFO Disconnecting Character: 143 (X).
2023-03-26_13:32:01 INFO Connecting Character: 143 (X).
2023-03-26_13:32:22 INFO Disconnecting Character: 143 (X).
2023-03-26_13:32:32 INFO Connecting Character: 143 (X).
2023-03-26_13:38:06 INFO Disconnecting Character: 143 (X).
2023-03-26_13:38:14 INFO Connecting Character: 143 (X).
2023-03-26_13:38:29 INFO Disconnecting Character: 143 (X).
2023-03-26_13:38:38 INFO Connecting Character: 143 (X).
2023-03-26_13:39:46 INFO Connecting Character: 143 (X).
2023-03-26_13:40:12 INFO Connecting Character: 143 (X).
2023-03-26_13:40:37 INFO Disconnecting Character: 143 (X).
2023-03-26_13:40:37 INFO Connecting Character: 143 (X).
2023-03-26_13:40:43 INFO Connecting Character: 143 (X).
2023-03-26_13:41:20 INFO Disconnecting Character: 143 (X).
2023-03-26_13:41:20 INFO Connecting Character: 143 (X).
2023-03-26_13:41:25 INFO Connecting Character: 143 (X).
2023-03-26_13:45:55 INFO Disconnecting Character: 143 (X).
2023-03-26_13:46:11 INFO Connecting Character: 147 (testest).
2023-03-26_13:46:31 INFO Disconnecting Character: 147 (testest).
2023-03-26_13:46:47 INFO Connecting Character: 150 (Mage).
2023-03-26_15:26:02 INFO Disconnecting Character: 150 (Mage).
2023-03-26_15:26:05 INFO Connecting Character: 150 (Mage).
2023-03-26_15:28:40 INFO Disconnecting Character: 150 (Mage).
2023-03-26_15:29:12 INFO Connecting Character: 151 (sdfsdf).
2023-03-26_15:30:17 INFO Disconnecting Character: 151 (sdfsdf).
2023-03-26_15:30:25 INFO Connecting Character: 152 (dfgsdfg).
2023-03-26_15:31:21 INFO Disconnecting Character: 152 (dfgsdfg).
2023-03-26_15:31:24 INFO Connecting Character: 143 (X).
2023-03-26_15:37:40 INFO Disconnecting Character: 143 (X).
2023-03-26_15:37:40 INFO Connecting Character: 143 (X).
2023-03-26_15:38:13 INFO Disconnecting Character: 143 (X).
2023-03-26_15:38:17 INFO Disconnecting Character: 143 (X).
2023-03-26_15:39:07 INFO Connecting Character: 143 (X).
2023-03-26_15:39:35 INFO Disconnecting Character: 143 (X).
2023-03-26_15:39:37 INFO Connecting Character: 143 (X).
2023-03-26_15:41:55 INFO Disconnecting Character: 143 (X).
2023-03-26_15:41:59 INFO Connecting Character: 137 (test).
2023-03-26_15:42:28 INFO Disconnecting Character: 137 (test).
2023-03-26_15:42:38 INFO Connecting Character: 153 (sdfsdfsd).
2023-03-26_15:44:21 INFO Disconnecting Character: 153 (sdfsdfsd).
2023-03-26_15:45:31 INFO Connecting Character: 154 (fgsda).
2023-03-26_15:45:45 INFO Disconnecting Character: 154 (fgsda).
2023-03-26_15:48:10 INFO Connecting Character: 155 (fgsdfg).
2023-03-26_15:48:30 INFO Disconnecting Character: 155 (fgsdfg).
2023-03-26_15:49:35 INFO Connecting Character: 151 (sdfsdf).
2023-03-26_15:50:01 INFO Disconnecting Character: 151 (sdfsdf).
2023-03-26_15:50:05 INFO Connecting Character: 150 (Mage).
2023-03-26_15:51:06 INFO Disconnecting Character: 150 (Mage).
2023-03-26_15:51:18 INFO Connecting Character: 137 (test).
2023-03-26_15:51:27 INFO Disconnecting Character: 137 (test).
2023-03-26_15:51:47 INFO Connecting Character: 150 (Mage).
2023-03-26_15:51:57 INFO Disconnecting Character: 150 (Mage).
2023-03-26_15:52:03 INFO Connecting Character: 156 (21112).
2023-03-26_15:52:17 INFO Disconnecting Character: 156 (21112).
2023-03-26_15:53:06 INFO Connecting Character: 157 (1234).
2023-03-26_15:53:28 INFO Disconnecting Character: 157 (1234).
2023-03-26_15:53:36 INFO Connecting Character: 158 (12345).
2023-03-26_15:53:48 INFO Disconnecting Character: 158 (12345).
2023-03-26_15:53:55 INFO Connecting Character: 159 (1345).
2023-03-26_15:55:11 INFO Disconnecting Character: 159 (1345).
2023-03-26_15:55:19 INFO Connecting Character: 160 (sdfgsdfg).
2023-03-26_15:55:58 INFO Disconnecting Character: 160 (sdfgsdfg).
2023-03-26_15:56:06 INFO Connecting Character: 161 (sdfgsdf).
2023-03-26_15:56:20 INFO Disconnecting Character: 161 (sdfgsdf).
2023-03-26_15:57:15 INFO Connecting Character: 165 (gfdhf).
2023-03-26_15:57:26 INFO Disconnecting Character: 165 (gfdhf).
2023-03-26_15:57:30 INFO Connecting Character: 166 (ghdfgh).
2023-03-26_15:57:43 INFO Disconnecting Character: 166 (ghdfgh).
2023-03-26_15:57:56 INFO Connecting Character: 162 (fgsdfg).
2023-03-26_15:58:08 INFO Disconnecting Character: 162 (fgsdfg).
2023-03-26_15:58:12 INFO Connecting Character: 139 (Admin).
2023-03-26_15:58:22 INFO Disconnecting Character: 139 (Admin).
2023-03-26_15:58:25 INFO Connecting Character: 163 (dfgs).
2023-03-26_15:58:37 INFO Disconnecting Character: 163 (dfgs).
2023-03-26_15:58:40 INFO Connecting Character: 164 (sdfg).
2023-03-26_15:58:50 INFO Disconnecting Character: 164 (sdfg).
2023-03-26_15:58:59 INFO Connecting Character: 167 (ffdsdfs).
2023-03-26_15:59:21 INFO Disconnecting Character: 167 (ffdsdfs).
2023-03-26_15:59:36 INFO Connecting Character: 168 (dsfgsdf).
2023-03-26_15:59:46 INFO Disconnecting Character: 168 (dsfgsdf).
2023-03-26_16:00:02 INFO Connecting Character: 169 (ghdfg).
2023-03-26_16:00:16 INFO Disconnecting Character: 169 (ghdfg).
2023-03-26_16:00:31 INFO Connecting Character: 170 (asdfsad).
2023-03-26_16:01:04 INFO Disconnecting Character: 170 (asdfsad).
2023-03-26_16:01:17 INFO Connecting Character: 171 (fghf).
2023-03-26_16:02:09 INFO Disconnecting Character: 171 (fghf).
2023-03-26_16:02:19 INFO Connecting Character: 167 (ffdsdfs).
2023-03-26_16:05:05 INFO Disconnecting Character: 167 (ffdsdfs).
2023-03-26_16:05:50 INFO Connecting Character: 139 (Admin).
2023-03-26_16:06:41 INFO Connecting Character: 139 (Admin).
2023-03-26_16:08:04 INFO Connecting Character: 139 (Admin).
2023-03-26_16:08:34 INFO Connecting Character: 139 (Admin).
2023-03-26_16:09:24 INFO Disconnecting Character: 139 (Admin).
2023-03-26_16:10:13 INFO Disconnecting Character: 137 (test).
2023-03-26_16:11:04 INFO Connecting Character: 172 (fdgdf).
2023-03-26_16:11:13 INFO Disconnecting Character: 172 (fdgdf).
2023-03-26_16:11:13 INFO Connecting Character: 172 (fdgdf).
2023-03-26_16:11:32 INFO Disconnecting Character: 172 (fdgdf).
2023-03-26_16:11:32 INFO Connecting Character: 172 (fdgdf).
2023-03-26_16:11:49 INFO Disconnecting Character: 172 (fdgdf).
2023-03-26_16:11:49 INFO Connecting Character: 172 (fdgdf).
2023-03-26_16:13:06 INFO Disconnecting Character: 172 (fdgdf).
2023-03-26_16:13:46 INFO Connecting Character: 172 (fdgdf).
2023-03-26_16:14:08 INFO Disconnecting Character: 172 (fdgdf).
2023-03-26_16:14:24 INFO Connecting Character: 172 (fdgdf).
2023-03-26_16:14:36 INFO Disconnecting Character: 172 (fdgdf).
2023-03-26_16:14:45 INFO Connecting Character: 172 (fdgdf).
2023-03-26_16:15:59 INFO Connecting Character: 172 (fdgdf).
2023-03-26_16:17:37 INFO Disconnecting Character: 172 (fdgdf).
2023-03-26_16:17:37 INFO Connecting Character: 172 (fdgdf).
2023-03-26_16:18:32 INFO Disconnecting Character: 172 (fdgdf).
2023-03-26_16:18:38 INFO Connecting Character: 172 (fdgdf).
2023-03-26_16:22:11 INFO Disconnecting Character: 172 (fdgdf).
2023-03-26_16:22:53 INFO Connecting Character: 172 (fdgdf).
2023-03-26_16:23:06 INFO Connecting Character: 172 (fdgdf).
2023-03-26_16:26:56 INFO Connecting Character: 172 (fdgdf).
2023-03-26_16:27:23 INFO Disconnecting Character: 172 (fdgdf).
2023-03-26_16:27:23 INFO Connecting Character: 172 (fdgdf).
2023-03-26_16:29:35 INFO Disconnecting Character: 172 (fdgdf).
2023-03-26_16:30:30 INFO Connecting Character: 172 (fdgdf).
2023-03-26_16:32:05 INFO Disconnecting Character: 172 (fdgdf).
2023-03-26_16:32:37 INFO Connecting Character: 172 (fdgdf).
2023-03-26_16:32:45 INFO Connecting Character: 172 (fdgdf).
2023-03-26_16:32:49 INFO Connecting Character: 172 (fdgdf).
2023-03-26_16:35:30 INFO Connecting Character: 172 (fdgdf).
2023-03-26_16:35:56 INFO Connecting Character: 172 (fdgdf).
2023-03-26_16:38:19 INFO Disconnecting Character: 172 (fdgdf).
2023-03-26_16:38:19 INFO Connecting Character: 172 (fdgdf).
2023-03-26_16:38:37 INFO Connecting Character: 172 (fdgdf).
2023-03-26_16:39:14 INFO Disconnecting Character: 172 (fdgdf).
2023-03-26_16:40:15 INFO Disconnecting Character: 172 (fdgdf).
2023-03-26_16:40:15 INFO Connecting Character: 172 (fdgdf).
2023-03-26_16:40:30 INFO Disconnecting Character: 172 (fdgdf).
2023-03-26_16:40:30 INFO Connecting Character: 172 (fdgdf).
2023-03-26_16:42:55 INFO Disconnecting Character: 172 (fdgdf).
2023-03-26_16:43:55 INFO Connecting Character: 172 (fdgdf).
2023-03-26_16:44:04 INFO Connecting Character: 172 (fdgdf).
2023-03-26_16:46:53 INFO Connecting Character: 172 (fdgdf).
2023-03-26_16:48:04 INFO Connecting Character: 172 (fdgdf).
2023-03-26_16:49:21 INFO Disconnecting Character: 172 (fdgdf).
2023-03-26_17:10:25 INFO Disconnecting Character: 172 (fdgdf).
2023-03-26_17:10:25 INFO Connecting Character: 172 (fdgdf).
2023-03-26_17:12:45 INFO Connecting Character: 172 (fdgdf).
2023-03-26_17:12:51 INFO Connecting Character: 172 (fdgdf).
2023-03-26_17:19:14 INFO Disconnecting Character: 172 (fdgdf).
2023-03-26_17:19:49 INFO Connecting Character: 172 (fdgdf).
2023-03-26_17:21:03 INFO Disconnecting Character: 172 (fdgdf).
2023-03-26_17:21:51 INFO Connecting Character: 172 (fdgdf).
2023-03-26_17:22:00 INFO Connecting Character: 172 (fdgdf).
2023-03-26_17:22:03 INFO Disconnecting Character: 172 (fdgdf).
2023-03-26_17:22:03 INFO Connecting Character: 172 (fdgdf).
2023-03-26_17:22:16 INFO Connecting Character: 172 (fdgdf).
2023-03-26_17:22:41 INFO Disconnecting Character: 172 (fdgdf).
2023-03-26_17:22:41 INFO Connecting Character: 172 (fdgdf).
2023-03-26_17:22:49 INFO Connecting Character: 172 (fdgdf).
2023-03-26_17:23:19 INFO Connecting Character: 172 (fdgdf).
2023-03-26_17:27:08 INFO Connecting Character: 172 (fdgdf).
2023-03-26_17:28:04 INFO Disconnecting Character: 172 (fdgdf).
2023-03-26_17:28:04 INFO Connecting Character: 172 (fdgdf).
2023-03-26_17:28:36 INFO Disconnecting Character: 172 (fdgdf).
2023-03-26_17:28:36 INFO Connecting Character: 172 (fdgdf).
2023-03-26_17:30:17 INFO Disconnecting Character: 172 (fdgdf).
2023-03-26_17:30:17 INFO Connecting Character: 172 (fdgdf).
2023-03-26_17:30:38 INFO Disconnecting Character: 172 (fdgdf).
2023-03-26_17:31:21 INFO Connecting Character: 172 (fdgdf).
2023-03-26_17:39:57 INFO Disconnecting Character: 172 (fdgdf).
2023-03-26_17:40:00 INFO Disconnecting Character: 173 (dfgdfg).
2023-03-26_17:45:11 INFO Connecting Character: 150 (Mage).
2023-03-26_18:28:13 INFO Disconnecting Character: 150 (Mage).
2023-03-26_18:28:49 INFO Connecting Character: 150 (Mage).
2023-03-26_18:29:05 INFO Disconnecting Character: 150 (Mage).
2023-03-26_18:29:51 INFO Connecting Character: 150 (Mage).
2023-03-26_18:31:07 INFO Disconnecting Character: 150 (Mage).
2023-03-26_18:31:30 INFO Connecting Character: 150 (Mage).
2023-03-26_18:37:40 INFO Disconnecting Character: 150 (Mage).
2023-03-26_18:38:12 INFO Connecting Character: 150 (Mage).
2023-03-26_18:50:48 INFO Disconnecting Character: 150 (Mage).
2023-03-26_18:50:48 INFO Connecting Character: 150 (Mage).
2023-03-26_18:51:12 INFO Disconnecting Character: 150 (Mage).
2023-03-26_18:51:12 INFO Connecting Character: 150 (Mage).
2023-03-26_18:54:13 INFO Disconnecting Character: 150 (Mage).
2023-03-26_18:56:16 INFO Connecting Character: 150 (Mage).
2023-03-26_19:01:02 INFO Disconnecting Character: 150 (Mage).
2023-03-26_19:01:10 INFO Connecting Character: 174 (dfgdgd).
2023-03-26_19:04:01 INFO Disconnecting Character: 174 (dfgdgd).
2023-03-26_19:04:26 INFO Connecting Character: 174 (dfgdgd).
2023-03-26_19:04:37 INFO Disconnecting Character: 174 (dfgdgd).
2023-03-26_19:04:46 INFO Connecting Character: 175 (fdgdg).
2023-03-26_19:06:42 INFO Disconnecting Character: 175 (fdgdg).
2023-03-26_19:06:58 INFO Connecting Character: 150 (Mage).
2023-03-26_19:14:48 INFO Disconnecting Character: 150 (Mage).
2023-03-26_19:14:51 INFO Connecting Character: 150 (Mage).
2023-03-26_19:15:14 INFO Disconnecting Character: 150 (Mage).
2023-03-26_19:15:54 INFO Connecting Character: 150 (Mage).
2023-03-26_19:18:32 INFO Disconnecting Character: 150 (Mage).
2023-03-26_19:19:34 INFO Connecting Character: 150 (Mage).
2023-03-26_19:20:31 INFO Disconnecting Character: 150 (Mage).
2023-03-26_19:20:38 INFO Connecting Character: 150 (Mage).
2023-03-26_19:21:25 INFO Disconnecting Character: 150 (Mage).
2023-03-26_19:22:21 INFO Connecting Character: 150 (Mage).
2023-03-26_19:23:05 INFO Disconnecting Character: 150 (Mage).
2023-03-26_19:24:03 INFO Connecting Character: 150 (Mage).
2023-03-26_19:24:17 INFO Disconnecting Character: 150 (Mage).
2023-03-26_19:26:43 INFO Connecting Character: 150 (Mage).
2023-03-26_19:26:55 INFO Disconnecting Character: 150 (Mage).
2023-03-26_19:27:13 INFO Connecting Character: 150 (Mage).
2023-03-26_19:27:26 INFO Disconnecting Character: 150 (Mage).
2023-03-26_19:29:16 INFO Connecting Character: 150 (Mage).
2023-03-26_19:29:28 INFO Disconnecting Character: 150 (Mage).
2023-03-26_19:30:13 INFO Connecting Character: 150 (Mage).
2023-03-26_19:30:30 INFO Disconnecting Character: 150 (Mage).
2023-03-26_19:30:32 INFO Connecting Character: 150 (Mage).
2023-03-26_19:34:16 INFO Disconnecting Character: 150 (Mage).
2023-03-26_19:35:05 INFO Connecting Character: 150 (Mage).
2023-03-26_19:41:43 INFO Disconnecting Character: 150 (Mage).
