2023-03-25_22:27:51 INFO Opening DatabasePool 'login'. Asynchronous connections: 1, synchronous connections: 2.
2023-03-25_22:27:51 INFO MySQL client library: 5.6.29
2023-03-25_22:27:51 INFO MySQL server ver: 5.7.41-log 
2023-03-25_22:27:51 INFO Connected to MySQL database at 127.0.0.1
2023-03-25_22:27:51 INFO MySQL client library: 5.6.29
2023-03-25_22:27:51 INFO MySQL server ver: 5.7.41-log 
2023-03-25_22:27:51 INFO Connected to MySQL database at 127.0.0.1
2023-03-25_22:27:51 INFO MySQL client library: 5.6.29
2023-03-25_22:27:51 INFO MySQL server ver: 5.7.41-log 
2023-03-25_22:27:51 INFO Connected to MySQL database at 127.0.0.1
2023-03-25_22:27:51 INFO DatabasePool 'login' opened successfully. 3 total connections running.
2023-03-25_22:32:51 INFO Main::KeepDatabaseAlive
2023-03-25_22:37:51 INFO Main::KeepDatabaseAlive
2023-03-25_22:42:51 INFO Main::KeepDatabaseAlive
2023-03-25_22:47:51 INFO Main::KeepDatabaseAlive
2023-03-25_22:52:51 INFO Main::KeepDatabaseAlive
2023-03-25_22:57:51 INFO Main::KeepDatabaseAlive
2023-03-25_23:02:51 INFO Main::KeepDatabaseAlive
2023-03-25_23:07:51 INFO Main::KeepDatabaseAlive
2023-03-25_23:12:51 INFO Main::KeepDatabaseAlive
2023-03-25_23:17:51 INFO Main::KeepDatabaseAlive
2023-03-25_23:22:51 INFO Main::KeepDatabaseAlive
2023-03-25_23:27:51 INFO Main::KeepDatabaseAlive
2023-03-25_23:32:51 INFO Main::KeepDatabaseAlive
2023-03-25_23:37:51 INFO Main::KeepDatabaseAlive
2023-03-25_23:42:51 INFO Main::KeepDatabaseAlive
2023-03-25_23:47:51 INFO Main::KeepDatabaseAlive
2023-03-25_23:52:51 INFO Main::KeepDatabaseAlive
2023-03-25_23:57:51 INFO Main::KeepDatabaseAlive
