2023-04-04_19:28:18 INFO Opening DatabasePool 'u897592642_login'. Asynchronous connections: 1, synchronous connections: 2.
2023-04-04_19:28:18 INFO MySQL client library: 5.6.29
2023-04-04_19:28:18 INFO MySQL server ver: 5.5.5-10.6.12-MariaDB-cll-lve 
2023-04-04_19:28:18 INFO Connected to MySQL database at sql975.main-hosting.eu
2023-04-04_19:28:19 INFO MySQL client library: 5.6.29
2023-04-04_19:28:19 INFO MySQL server ver: 5.5.5-10.6.12-MariaDB-cll-lve 
2023-04-04_19:28:19 INFO Connected to MySQL database at sql975.main-hosting.eu
2023-04-04_19:28:19 INFO MySQL client library: 5.6.29
2023-04-04_19:28:19 INFO MySQL server ver: 5.5.5-10.6.12-MariaDB-cll-lve 
2023-04-04_19:28:19 INFO Connected to MySQL database at sql975.main-hosting.eu
2023-04-04_19:28:19 INFO DatabasePool 'u897592642_login' opened successfully. 3 total connections running.
2023-04-04_19:33:19 INFO Main::KeepDatabaseAlive
2023-04-04_19:38:19 INFO Main::KeepDatabaseAlive
2023-04-04_19:43:19 INFO Main::KeepDatabaseAlive
2023-04-04_19:48:19 INFO Main::KeepDatabaseAlive
2023-04-04_19:53:19 INFO Main::KeepDatabaseAlive
2023-04-04_19:58:19 INFO Main::KeepDatabaseAlive
2023-04-04_20:03:19 INFO Main::KeepDatabaseAlive
2023-04-04_20:08:19 INFO Main::KeepDatabaseAlive
2023-04-04_20:13:19 INFO Main::KeepDatabaseAlive
2023-04-04_20:18:19 INFO Main::KeepDatabaseAlive
2023-04-04_20:23:19 INFO Main::KeepDatabaseAlive
2023-04-04_20:28:19 INFO Main::KeepDatabaseAlive
2023-04-04_20:33:19 INFO Main::KeepDatabaseAlive
2023-04-04_20:38:19 INFO Main::KeepDatabaseAlive
2023-04-04_20:43:19 INFO Main::KeepDatabaseAlive
2023-04-04_20:48:19 INFO Main::KeepDatabaseAlive
2023-04-04_20:53:19 INFO Main::KeepDatabaseAlive
2023-04-04_20:58:19 INFO Main::KeepDatabaseAlive
2023-04-04_21:03:19 INFO Main::KeepDatabaseAlive
2023-04-04_21:08:19 INFO Main::KeepDatabaseAlive
2023-04-04_21:13:19 INFO Main::KeepDatabaseAlive
2023-04-04_21:18:19 INFO Main::KeepDatabaseAlive
2023-04-04_21:23:19 INFO Main::KeepDatabaseAlive
2023-04-04_21:28:19 INFO Main::KeepDatabaseAlive
2023-04-04_21:33:19 INFO Main::KeepDatabaseAlive
2023-04-04_21:38:19 INFO Main::KeepDatabaseAlive
2023-04-04_21:43:19 INFO Main::KeepDatabaseAlive
2023-04-04_21:48:19 INFO Main::KeepDatabaseAlive
2023-04-04_21:53:19 INFO Main::KeepDatabaseAlive
2023-04-04_21:58:19 INFO Main::KeepDatabaseAlive
2023-04-04_22:03:19 INFO Main::KeepDatabaseAlive
2023-04-04_22:08:19 INFO Main::KeepDatabaseAlive
2023-04-04_22:13:19 INFO Main::KeepDatabaseAlive
2023-04-04_22:18:19 INFO Main::KeepDatabaseAlive
2023-04-04_22:23:19 INFO Main::KeepDatabaseAlive
2023-04-04_22:28:19 INFO Main::KeepDatabaseAlive
2023-04-04_22:33:19 INFO Main::KeepDatabaseAlive
2023-04-04_22:38:19 INFO Main::KeepDatabaseAlive
2023-04-04_22:43:19 INFO Main::KeepDatabaseAlive
2023-04-04_22:48:19 INFO Main::KeepDatabaseAlive
2023-04-04_22:53:19 INFO Main::KeepDatabaseAlive
2023-04-04_22:58:19 INFO Main::KeepDatabaseAlive
2023-04-04_23:03:19 INFO Main::KeepDatabaseAlive
2023-04-04_23:08:19 INFO Main::KeepDatabaseAlive
2023-04-04_23:13:19 INFO Main::KeepDatabaseAlive
2023-04-04_23:18:19 INFO Main::KeepDatabaseAlive
2023-04-04_23:23:19 INFO Main::KeepDatabaseAlive
2023-04-04_23:28:19 INFO Main::KeepDatabaseAlive
2023-04-04_23:33:19 INFO Main::KeepDatabaseAlive
2023-04-04_23:38:19 INFO Main::KeepDatabaseAlive
2023-04-04_23:43:19 INFO Main::KeepDatabaseAlive
2023-04-04_23:48:19 INFO Main::KeepDatabaseAlive
2023-04-04_23:53:19 INFO Main::KeepDatabaseAlive
2023-04-04_23:58:19 INFO Main::KeepDatabaseAlive
