2023-04-01_00:02:34 INFO Main::KeepDatabaseAlive
2023-04-01_00:07:34 INFO Main::KeepDatabaseAlive
2023-04-01_00:12:34 INFO Main::KeepDatabaseAlive
2023-04-01_00:17:34 INFO Main::KeepDatabaseAlive
2023-04-01_00:22:34 INFO Main::KeepDatabaseAlive
2023-04-01_00:27:34 INFO Main::KeepDatabaseAlive
2023-04-01_00:32:34 INFO Main::KeepDatabaseAlive
2023-04-01_00:37:34 INFO Main::KeepDatabaseAlive
2023-04-01_00:42:34 INFO Main::KeepDatabaseAlive
2023-04-01_00:47:34 INFO Main::KeepDatabaseAlive
2023-04-01_00:52:34 INFO Main::KeepDatabaseAlive
2023-04-01_00:57:34 INFO Main::KeepDatabaseAlive
2023-04-01_01:02:34 INFO Main::KeepDatabaseAlive
2023-04-01_01:07:34 INFO Main::KeepDatabaseAlive
2023-04-01_01:12:34 INFO Main::KeepDatabaseAlive
2023-04-01_01:17:34 INFO Main::KeepDatabaseAlive
2023-04-01_01:22:34 INFO Main::KeepDatabaseAlive
2023-04-01_01:27:34 INFO Main::KeepDatabaseAlive
2023-04-01_01:32:34 INFO Main::KeepDatabaseAlive
2023-04-01_01:37:34 INFO Main::KeepDatabaseAlive
2023-04-01_01:42:34 INFO Main::KeepDatabaseAlive
2023-04-01_01:47:34 INFO Main::KeepDatabaseAlive
2023-04-01_01:52:34 INFO Main::KeepDatabaseAlive
2023-04-01_01:57:34 INFO Main::KeepDatabaseAlive
2023-04-01_02:02:34 INFO Main::KeepDatabaseAlive
2023-04-01_02:07:34 INFO Main::KeepDatabaseAlive
2023-04-01_02:12:34 INFO Main::KeepDatabaseAlive
2023-04-01_02:17:34 INFO Main::KeepDatabaseAlive
2023-04-01_02:22:34 INFO Main::KeepDatabaseAlive
2023-04-01_02:27:34 INFO Main::KeepDatabaseAlive
2023-04-01_02:32:34 INFO Main::KeepDatabaseAlive
2023-04-01_02:37:34 INFO Main::KeepDatabaseAlive
2023-04-01_02:42:34 INFO Main::KeepDatabaseAlive
2023-04-01_02:47:34 INFO Main::KeepDatabaseAlive
2023-04-01_02:52:34 INFO Main::KeepDatabaseAlive
2023-04-01_02:57:34 INFO Main::KeepDatabaseAlive
2023-04-01_03:02:34 INFO Main::KeepDatabaseAlive
2023-04-01_03:07:34 INFO Main::KeepDatabaseAlive
2023-04-01_03:12:34 INFO Main::KeepDatabaseAlive
2023-04-01_03:17:34 INFO Main::KeepDatabaseAlive
2023-04-01_03:22:34 INFO Main::KeepDatabaseAlive
2023-04-01_03:27:34 INFO Main::KeepDatabaseAlive
2023-04-01_03:32:34 INFO Main::KeepDatabaseAlive
2023-04-01_03:37:34 INFO Main::KeepDatabaseAlive
2023-04-01_03:42:34 INFO Main::KeepDatabaseAlive
2023-04-01_03:47:34 INFO Main::KeepDatabaseAlive
2023-04-01_03:52:34 INFO Main::KeepDatabaseAlive
2023-04-01_03:57:34 INFO Main::KeepDatabaseAlive
2023-04-01_04:02:34 INFO Main::KeepDatabaseAlive
2023-04-01_04:07:34 INFO Main::KeepDatabaseAlive
2023-04-01_04:12:34 INFO Main::KeepDatabaseAlive
2023-04-01_04:17:34 INFO Main::KeepDatabaseAlive
2023-04-01_04:22:34 INFO Main::KeepDatabaseAlive
2023-04-01_04:27:34 INFO Main::KeepDatabaseAlive
2023-04-01_04:32:34 INFO Main::KeepDatabaseAlive
2023-04-01_04:37:34 INFO Main::KeepDatabaseAlive
2023-04-01_04:42:34 INFO Main::KeepDatabaseAlive
2023-04-01_04:47:34 INFO Main::KeepDatabaseAlive
2023-04-01_04:52:34 INFO Main::KeepDatabaseAlive
2023-04-01_04:57:34 INFO Main::KeepDatabaseAlive
2023-04-01_05:02:34 INFO Main::KeepDatabaseAlive
2023-04-01_05:07:34 INFO Main::KeepDatabaseAlive
2023-04-01_05:12:34 INFO Main::KeepDatabaseAlive
2023-04-01_05:17:34 INFO Main::KeepDatabaseAlive
2023-04-01_05:22:34 INFO Main::KeepDatabaseAlive
2023-04-01_05:27:34 INFO Main::KeepDatabaseAlive
2023-04-01_05:32:34 INFO Main::KeepDatabaseAlive
2023-04-01_05:37:34 INFO Main::KeepDatabaseAlive
2023-04-01_05:42:34 INFO Main::KeepDatabaseAlive
2023-04-01_05:47:34 INFO Main::KeepDatabaseAlive
2023-04-01_05:52:34 INFO Main::KeepDatabaseAlive
2023-04-01_05:57:34 INFO Main::KeepDatabaseAlive
2023-04-01_06:02:34 INFO Main::KeepDatabaseAlive
2023-04-01_06:07:34 INFO Main::KeepDatabaseAlive
2023-04-01_06:12:34 INFO Main::KeepDatabaseAlive
2023-04-01_06:17:34 INFO Main::KeepDatabaseAlive
2023-04-01_06:22:34 INFO Main::KeepDatabaseAlive
2023-04-01_06:27:34 INFO Main::KeepDatabaseAlive
2023-04-01_06:32:34 INFO Main::KeepDatabaseAlive
2023-04-01_06:37:34 INFO Main::KeepDatabaseAlive
2023-04-01_06:42:34 INFO Main::KeepDatabaseAlive
2023-04-01_06:47:34 INFO Main::KeepDatabaseAlive
2023-04-01_06:52:34 INFO Main::KeepDatabaseAlive
2023-04-01_06:57:34 INFO Main::KeepDatabaseAlive
2023-04-01_07:02:34 INFO Main::KeepDatabaseAlive
2023-04-01_07:07:34 INFO Main::KeepDatabaseAlive
2023-04-01_07:12:34 INFO Main::KeepDatabaseAlive
2023-04-01_07:17:34 INFO Main::KeepDatabaseAlive
2023-04-01_07:22:34 INFO Main::KeepDatabaseAlive
2023-04-01_07:27:34 INFO Main::KeepDatabaseAlive
2023-04-01_07:32:34 INFO Main::KeepDatabaseAlive
2023-04-01_07:37:34 INFO Main::KeepDatabaseAlive
2023-04-01_07:42:34 INFO Main::KeepDatabaseAlive
2023-04-01_07:47:34 INFO Main::KeepDatabaseAlive
2023-04-01_07:52:34 INFO Main::KeepDatabaseAlive
2023-04-01_07:57:34 INFO Main::KeepDatabaseAlive
2023-04-01_08:02:34 INFO Main::KeepDatabaseAlive
2023-04-01_08:07:34 INFO Main::KeepDatabaseAlive
2023-04-01_08:12:34 INFO Main::KeepDatabaseAlive
2023-04-01_08:17:34 INFO Main::KeepDatabaseAlive
2023-04-01_08:22:34 INFO Main::KeepDatabaseAlive
2023-04-01_08:27:34 INFO Main::KeepDatabaseAlive
2023-04-01_08:32:34 INFO Main::KeepDatabaseAlive
2023-04-01_08:37:34 INFO Main::KeepDatabaseAlive
2023-04-01_08:42:34 INFO Main::KeepDatabaseAlive
2023-04-01_08:47:34 INFO Main::KeepDatabaseAlive
2023-04-01_08:52:34 INFO Main::KeepDatabaseAlive
2023-04-01_08:57:34 INFO Main::KeepDatabaseAlive
2023-04-01_09:02:34 INFO Main::KeepDatabaseAlive
2023-04-01_09:07:34 INFO Main::KeepDatabaseAlive
2023-04-01_09:12:34 INFO Main::KeepDatabaseAlive
2023-04-01_09:17:34 INFO Main::KeepDatabaseAlive
2023-04-01_09:22:34 INFO Main::KeepDatabaseAlive
2023-04-01_09:27:34 INFO Main::KeepDatabaseAlive
2023-04-01_09:32:34 INFO Main::KeepDatabaseAlive
2023-04-01_09:37:34 INFO Main::KeepDatabaseAlive
2023-04-01_09:42:34 INFO Main::KeepDatabaseAlive
2023-04-01_09:47:34 INFO Main::KeepDatabaseAlive
2023-04-01_09:52:34 INFO Main::KeepDatabaseAlive
2023-04-01_09:57:34 INFO Main::KeepDatabaseAlive
2023-04-01_10:02:34 INFO Main::KeepDatabaseAlive
2023-04-01_10:07:34 INFO Main::KeepDatabaseAlive
2023-04-01_10:12:34 INFO Main::KeepDatabaseAlive
2023-04-01_10:17:34 INFO Main::KeepDatabaseAlive
2023-04-01_10:22:34 INFO Main::KeepDatabaseAlive
2023-04-01_10:27:34 INFO Main::KeepDatabaseAlive
2023-04-01_10:32:34 INFO Main::KeepDatabaseAlive
2023-04-01_10:37:34 INFO Main::KeepDatabaseAlive
2023-04-01_10:42:34 INFO Main::KeepDatabaseAlive
2023-04-01_10:47:34 INFO Main::KeepDatabaseAlive
2023-04-01_10:52:34 INFO Main::KeepDatabaseAlive
2023-04-01_10:57:34 INFO Main::KeepDatabaseAlive
2023-04-01_11:02:34 INFO Main::KeepDatabaseAlive
2023-04-01_11:07:34 INFO Main::KeepDatabaseAlive
2023-04-01_11:12:34 INFO Main::KeepDatabaseAlive
2023-04-01_11:17:34 INFO Main::KeepDatabaseAlive
2023-04-01_11:22:34 INFO Main::KeepDatabaseAlive
2023-04-01_11:27:34 INFO Main::KeepDatabaseAlive
2023-04-01_11:32:34 INFO Main::KeepDatabaseAlive
2023-04-01_11:37:34 INFO Main::KeepDatabaseAlive
2023-04-01_11:42:34 INFO Main::KeepDatabaseAlive
2023-04-01_11:47:34 INFO Main::KeepDatabaseAlive
2023-04-01_11:52:34 INFO Main::KeepDatabaseAlive
2023-04-01_11:57:34 INFO Main::KeepDatabaseAlive
2023-04-01_12:02:34 INFO Main::KeepDatabaseAlive
2023-04-01_12:07:34 INFO Main::KeepDatabaseAlive
2023-04-01_12:12:34 INFO Main::KeepDatabaseAlive
2023-04-01_12:17:34 INFO Main::KeepDatabaseAlive
2023-04-01_12:22:34 INFO Main::KeepDatabaseAlive
2023-04-01_12:27:34 INFO Main::KeepDatabaseAlive
2023-04-01_12:32:34 INFO Main::KeepDatabaseAlive
2023-04-01_12:37:34 INFO Main::KeepDatabaseAlive
2023-04-01_12:42:34 INFO Main::KeepDatabaseAlive
2023-04-01_12:47:34 INFO Main::KeepDatabaseAlive
2023-04-01_12:52:34 INFO Main::KeepDatabaseAlive
2023-04-01_12:57:34 INFO Main::KeepDatabaseAlive
2023-04-01_13:02:34 INFO Main::KeepDatabaseAlive
2023-04-01_13:07:34 INFO Main::KeepDatabaseAlive
2023-04-01_13:12:34 INFO Main::KeepDatabaseAlive
2023-04-01_13:17:34 INFO Main::KeepDatabaseAlive
2023-04-01_13:22:34 INFO Main::KeepDatabaseAlive
2023-04-01_13:27:34 INFO Main::KeepDatabaseAlive
2023-04-01_13:32:34 INFO Main::KeepDatabaseAlive
2023-04-01_13:37:34 INFO Main::KeepDatabaseAlive
2023-04-01_13:42:34 INFO Main::KeepDatabaseAlive
2023-04-01_13:47:34 INFO Main::KeepDatabaseAlive
2023-04-01_13:52:34 INFO Main::KeepDatabaseAlive
2023-04-01_13:57:34 INFO Main::KeepDatabaseAlive
2023-04-01_14:02:34 INFO Main::KeepDatabaseAlive
2023-04-01_14:07:34 INFO Main::KeepDatabaseAlive
2023-04-01_14:12:34 INFO Main::KeepDatabaseAlive
2023-04-01_14:17:34 INFO Main::KeepDatabaseAlive
2023-04-01_14:22:34 INFO Main::KeepDatabaseAlive
2023-04-01_14:27:34 INFO Main::KeepDatabaseAlive
2023-04-01_14:32:34 INFO Main::KeepDatabaseAlive
2023-04-01_14:37:34 INFO Main::KeepDatabaseAlive
2023-04-01_14:42:34 INFO Main::KeepDatabaseAlive
2023-04-01_14:47:34 INFO Main::KeepDatabaseAlive
2023-04-01_14:52:34 INFO Main::KeepDatabaseAlive
2023-04-01_14:57:34 INFO Main::KeepDatabaseAlive
2023-04-01_15:02:34 INFO Main::KeepDatabaseAlive
2023-04-01_15:07:34 INFO Main::KeepDatabaseAlive
2023-04-01_15:12:34 INFO Main::KeepDatabaseAlive
2023-04-01_15:17:34 INFO Main::KeepDatabaseAlive
2023-04-01_15:22:34 INFO Main::KeepDatabaseAlive
2023-04-01_15:27:34 INFO Main::KeepDatabaseAlive
2023-04-01_15:32:34 INFO Main::KeepDatabaseAlive
2023-04-01_15:37:34 INFO Main::KeepDatabaseAlive
2023-04-01_15:42:34 INFO Main::KeepDatabaseAlive
2023-04-01_15:47:34 INFO Main::KeepDatabaseAlive
2023-04-01_15:52:34 INFO Main::KeepDatabaseAlive
2023-04-01_15:57:34 INFO Main::KeepDatabaseAlive
2023-04-01_16:02:34 INFO Main::KeepDatabaseAlive
2023-04-01_16:07:34 INFO Main::KeepDatabaseAlive
2023-04-01_16:12:34 INFO Main::KeepDatabaseAlive
2023-04-01_16:17:34 INFO Main::KeepDatabaseAlive
2023-04-01_16:22:34 INFO Main::KeepDatabaseAlive
2023-04-01_16:27:34 INFO Main::KeepDatabaseAlive
2023-04-01_16:32:34 INFO Main::KeepDatabaseAlive
2023-04-01_16:37:34 INFO Main::KeepDatabaseAlive
2023-04-01_16:42:34 INFO Main::KeepDatabaseAlive
2023-04-01_16:47:34 INFO Main::KeepDatabaseAlive
2023-04-01_16:52:34 INFO Main::KeepDatabaseAlive
2023-04-01_16:57:34 INFO Main::KeepDatabaseAlive
2023-04-01_17:02:34 INFO Main::KeepDatabaseAlive
2023-04-01_17:07:34 INFO Main::KeepDatabaseAlive
2023-04-01_17:12:34 INFO Main::KeepDatabaseAlive
2023-04-01_17:17:34 INFO Main::KeepDatabaseAlive
2023-04-01_17:22:34 INFO Main::KeepDatabaseAlive
2023-04-01_17:27:34 INFO Main::KeepDatabaseAlive
2023-04-01_17:32:34 INFO Main::KeepDatabaseAlive
2023-04-01_17:37:34 INFO Main::KeepDatabaseAlive
2023-04-01_17:42:34 INFO Main::KeepDatabaseAlive
2023-04-01_17:47:34 INFO Main::KeepDatabaseAlive
2023-04-01_17:52:34 INFO Main::KeepDatabaseAlive
2023-04-01_17:57:34 INFO Main::KeepDatabaseAlive
2023-04-01_18:02:34 INFO Main::KeepDatabaseAlive
2023-04-01_18:07:34 INFO Main::KeepDatabaseAlive
2023-04-01_18:12:34 INFO Main::KeepDatabaseAlive
2023-04-01_18:17:34 INFO Main::KeepDatabaseAlive
2023-04-01_18:22:34 INFO Main::KeepDatabaseAlive
2023-04-01_18:27:34 INFO Main::KeepDatabaseAlive
2023-04-01_18:32:34 INFO Main::KeepDatabaseAlive
2023-04-01_18:37:34 INFO Main::KeepDatabaseAlive
2023-04-01_18:42:34 INFO Main::KeepDatabaseAlive
2023-04-01_18:47:34 INFO Main::KeepDatabaseAlive
2023-04-01_18:52:34 INFO Main::KeepDatabaseAlive
2023-04-01_18:57:34 INFO Main::KeepDatabaseAlive
2023-04-01_19:02:34 INFO Main::KeepDatabaseAlive
2023-04-01_19:07:34 INFO Main::KeepDatabaseAlive
2023-04-01_19:12:34 INFO Main::KeepDatabaseAlive
2023-04-01_19:17:34 INFO Main::KeepDatabaseAlive
2023-04-01_19:22:34 INFO Main::KeepDatabaseAlive
2023-04-01_19:27:34 INFO Main::KeepDatabaseAlive
2023-04-01_19:32:34 INFO Main::KeepDatabaseAlive
2023-04-01_19:37:34 INFO Main::KeepDatabaseAlive
2023-04-01_19:42:34 INFO Main::KeepDatabaseAlive
2023-04-01_19:47:34 INFO Main::KeepDatabaseAlive
2023-04-01_19:52:34 INFO Main::KeepDatabaseAlive
2023-04-01_19:57:34 INFO Main::KeepDatabaseAlive
2023-04-01_20:02:34 INFO Main::KeepDatabaseAlive
2023-04-01_20:07:34 INFO Main::KeepDatabaseAlive
2023-04-01_20:12:34 INFO Main::KeepDatabaseAlive
2023-04-01_20:17:34 INFO Main::KeepDatabaseAlive
2023-04-01_20:22:34 INFO Main::KeepDatabaseAlive
2023-04-01_20:27:34 INFO Main::KeepDatabaseAlive
2023-04-01_20:32:34 INFO Main::KeepDatabaseAlive
2023-04-01_20:37:34 INFO Main::KeepDatabaseAlive
2023-04-01_20:42:34 INFO Main::KeepDatabaseAlive
2023-04-01_20:47:34 INFO Main::KeepDatabaseAlive
2023-04-01_20:52:34 INFO Main::KeepDatabaseAlive
2023-04-01_20:57:34 INFO Main::KeepDatabaseAlive
2023-04-01_21:02:34 INFO Main::KeepDatabaseAlive
2023-04-01_21:07:34 INFO Main::KeepDatabaseAlive
2023-04-01_21:12:34 INFO Main::KeepDatabaseAlive
2023-04-01_21:17:34 INFO Main::KeepDatabaseAlive
2023-04-01_21:22:34 INFO Main::KeepDatabaseAlive
2023-04-01_21:27:34 INFO Main::KeepDatabaseAlive
2023-04-01_21:32:34 INFO Main::KeepDatabaseAlive
2023-04-01_21:37:34 INFO Main::KeepDatabaseAlive
2023-04-01_21:42:34 INFO Main::KeepDatabaseAlive
2023-04-01_21:47:34 INFO Main::KeepDatabaseAlive
2023-04-01_21:52:34 INFO Main::KeepDatabaseAlive
2023-04-01_21:53:40 ERROR SQL(p): SELECT a.guid, a.blocked, a.security_code, b.online, c.account_id, a.facebook_status, a.golden_channel, d.account_id, e.account_id, e.block_date, a.secured, a.account, f.account_id, f.unban_date, g.disk_serial FROM accounts AS a LEFT JOIN accounts_status AS b ON a.guid = b.account_id AND b.server_group = 0 LEFT JOIN accounts_allowed AS c ON a.guid = c.account_id AND c.server = 0 LEFT JOIN accounts_validation AS d ON a.guid = d.account_id AND d.disk_serial = 0 LEFT JOIN accounts_warning AS e ON a.guid = e.account_id AND e.disk_serial = 0 LEFT JOIN accounts_banned AS f ON a.guid = f.account_id LEFT JOIN master_pc AS g ON g.disk_serial = 0 AND g.mac = '' WHERE ((a.account = 'blackgaara' AND a.password = 'a5711107c4e0ef3e41ac5447c8f6e8e128bfaf191eb4bd93f3a5d7b6e87f36f7') OR (a.guid = 0) OR (a.account = 'blackgaara' AND g.disk_serial = 0 AND g.mac = '')) AND a.guid != 0
 [ERROR]: [2006] Lost connection to MySQL server during query
2023-04-01_21:53:40 INFO Connected to MySQL database at sql975.main-hosting.eu
2023-04-01_21:53:40 INFO Connection to the MySQL server is active.
2023-04-01_21:53:40 INFO Successfully reconnected to u897592642_login @sql975.main-hosting.eu:3306 (synchronous).
2023-04-01_21:53:50 INFO SQL: START TRANSACTION
2023-04-01_21:53:50 ERROR [2006] MySQL server has gone away
2023-04-01_21:53:50 INFO Connected to MySQL database at sql975.main-hosting.eu
2023-04-01_21:53:50 INFO Connection to the MySQL server is active.
2023-04-01_21:53:50 INFO Successfully reconnected to u897592642_login @sql975.main-hosting.eu:3306 (asynchronous).
2023-04-01_21:57:34 INFO Main::KeepDatabaseAlive
2023-04-01_22:02:34 INFO Main::KeepDatabaseAlive
2023-04-01_22:02:36 ERROR SQL(p): SELECT a.guid, a.blocked, a.security_code, b.online, c.account_id, a.facebook_status, a.golden_channel, d.account_id, e.account_id, e.block_date, a.secured, a.account, f.account_id, f.unban_date, g.disk_serial FROM accounts AS a LEFT JOIN accounts_status AS b ON a.guid = b.account_id AND b.server_group = 0 LEFT JOIN accounts_allowed AS c ON a.guid = c.account_id AND c.server = 0 LEFT JOIN accounts_validation AS d ON a.guid = d.account_id AND d.disk_serial = 0 LEFT JOIN accounts_warning AS e ON a.guid = e.account_id AND e.disk_serial = 0 LEFT JOIN accounts_banned AS f ON a.guid = f.account_id LEFT JOIN master_pc AS g ON g.disk_serial = 0 AND g.mac = '' WHERE ((a.account = 'helloworld' AND a.password = 'f167e20d062cf25bc637d07ac953100d7506e3d25c1c0cba4fe9d19fce8351d3') OR (a.guid = 0) OR (a.account = 'helloworld' AND g.disk_serial = 0 AND g.mac = '')) AND a.guid != 0
 [ERROR]: [2006] Lost connection to MySQL server during query
2023-04-01_22:02:36 INFO Connected to MySQL database at sql975.main-hosting.eu
2023-04-01_22:02:37 INFO Connection to the MySQL server is active.
2023-04-01_22:02:37 INFO Successfully reconnected to u897592642_login @sql975.main-hosting.eu:3306 (synchronous).
2023-04-01_22:02:37 INFO SQL: START TRANSACTION
2023-04-01_22:02:37 ERROR [2006] MySQL server has gone away
2023-04-01_22:02:37 INFO Connected to MySQL database at sql975.main-hosting.eu
2023-04-01_22:02:37 INFO Connection to the MySQL server is active.
2023-04-01_22:02:37 INFO Successfully reconnected to u897592642_login @sql975.main-hosting.eu:3306 (asynchronous).
2023-04-01_22:07:34 INFO Main::KeepDatabaseAlive
2023-04-01_22:12:34 INFO Main::KeepDatabaseAlive
2023-04-01_22:17:34 INFO Main::KeepDatabaseAlive
2023-04-01_22:22:34 INFO Main::KeepDatabaseAlive
2023-04-01_22:27:34 INFO Main::KeepDatabaseAlive
2023-04-01_22:32:34 INFO Main::KeepDatabaseAlive
2023-04-01_22:37:34 INFO Main::KeepDatabaseAlive
2023-04-01_22:42:34 INFO Main::KeepDatabaseAlive
2023-04-01_22:47:34 INFO Main::KeepDatabaseAlive
2023-04-01_22:52:08 INFO SQL: SELECT a.current_server, b.account, b.guid, b.security_code, a.last_ip, a.last_mac, a.disk_serial, a.type From accounts_status AS a LEFT JOIN accounts AS b ON a.account_id = b.guid WHERE a.account_id=14
2023-04-01_22:52:08 ERROR [2006] MySQL server has gone away
2023-04-01_22:52:08 INFO Connected to MySQL database at sql975.main-hosting.eu
2023-04-01_22:52:09 INFO Connection to the MySQL server is active.
2023-04-01_22:52:09 INFO Successfully reconnected to u897592642_login @sql975.main-hosting.eu:3306 (synchronous).
2023-04-01_22:52:09 INFO SQL: START TRANSACTION
2023-04-01_22:52:09 ERROR [2006] MySQL server has gone away
2023-04-01_22:52:09 INFO Connected to MySQL database at sql975.main-hosting.eu
2023-04-01_22:52:09 INFO Connection to the MySQL server is active.
2023-04-01_22:52:09 INFO Successfully reconnected to u897592642_login @sql975.main-hosting.eu:3306 (asynchronous).
2023-04-01_22:52:34 INFO Main::KeepDatabaseAlive
2023-04-01_22:53:00 INFO SQL: START TRANSACTION
2023-04-01_22:53:00 ERROR [2006] MySQL server has gone away
2023-04-01_22:53:00 INFO Connected to MySQL database at sql975.main-hosting.eu
2023-04-01_22:53:00 INFO Connection to the MySQL server is active.
2023-04-01_22:53:00 INFO Successfully reconnected to u897592642_login @sql975.main-hosting.eu:3306 (asynchronous).
2023-04-01_22:53:40 INFO SQL: START TRANSACTION
2023-04-01_22:53:40 ERROR [2006] MySQL server has gone away
2023-04-01_22:53:40 INFO Connected to MySQL database at sql975.main-hosting.eu
2023-04-01_22:53:40 INFO Connection to the MySQL server is active.
2023-04-01_22:53:40 INFO Successfully reconnected to u897592642_login @sql975.main-hosting.eu:3306 (asynchronous).
2023-04-01_22:54:14 INFO SQL: START TRANSACTION
2023-04-01_22:54:14 ERROR [2006] MySQL server has gone away
2023-04-01_22:54:15 INFO Connected to MySQL database at sql975.main-hosting.eu
2023-04-01_22:54:15 INFO Connection to the MySQL server is active.
2023-04-01_22:54:15 INFO Successfully reconnected to u897592642_login @sql975.main-hosting.eu:3306 (asynchronous).
2023-04-01_22:57:34 INFO Main::KeepDatabaseAlive
2023-04-01_22:58:43 INFO SQL: START TRANSACTION
2023-04-01_22:58:43 ERROR [2006] MySQL server has gone away
2023-04-01_22:58:44 INFO Connected to MySQL database at sql975.main-hosting.eu
2023-04-01_22:58:44 INFO Connection to the MySQL server is active.
2023-04-01_22:58:44 INFO Successfully reconnected to u897592642_login @sql975.main-hosting.eu:3306 (asynchronous).
2023-04-01_22:59:55 ERROR SQL(p): SELECT a.guid, a.blocked, a.security_code, b.online, c.account_id, a.facebook_status, a.golden_channel, d.account_id, e.account_id, e.block_date, a.secured, a.account, f.account_id, f.unban_date, g.disk_serial FROM accounts AS a LEFT JOIN accounts_status AS b ON a.guid = b.account_id AND b.server_group = 0 LEFT JOIN accounts_allowed AS c ON a.guid = c.account_id AND c.server = 0 LEFT JOIN accounts_validation AS d ON a.guid = d.account_id AND d.disk_serial = 0 LEFT JOIN accounts_warning AS e ON a.guid = e.account_id AND e.disk_serial = 0 LEFT JOIN accounts_banned AS f ON a.guid = f.account_id LEFT JOIN master_pc AS g ON g.disk_serial = 0 AND g.mac = '' WHERE ((a.account = 'helloworld' AND a.password = 'f167e20d062cf25bc637d07ac953100d7506e3d25c1c0cba4fe9d19fce8351d3') OR (a.guid = 0) OR (a.account = 'helloworld' AND g.disk_serial = 0 AND g.mac = '')) AND a.guid != 0
 [ERROR]: [2006] Lost connection to MySQL server during query
2023-04-01_22:59:55 INFO Connected to MySQL database at sql975.main-hosting.eu
2023-04-01_22:59:55 INFO Connection to the MySQL server is active.
2023-04-01_22:59:55 INFO Successfully reconnected to u897592642_login @sql975.main-hosting.eu:3306 (synchronous).
2023-04-01_22:59:55 INFO SQL: START TRANSACTION
2023-04-01_22:59:55 ERROR [2006] MySQL server has gone away
2023-04-01_22:59:55 INFO Connected to MySQL database at sql975.main-hosting.eu
2023-04-01_22:59:55 INFO Connection to the MySQL server is active.
2023-04-01_22:59:55 INFO Successfully reconnected to u897592642_login @sql975.main-hosting.eu:3306 (asynchronous).
2023-04-01_23:02:34 INFO Main::KeepDatabaseAlive
2023-04-01_23:07:34 INFO Main::KeepDatabaseAlive
2023-04-01_23:12:34 INFO Main::KeepDatabaseAlive
2023-04-01_23:17:34 INFO Main::KeepDatabaseAlive
2023-04-01_23:22:34 INFO Main::KeepDatabaseAlive
2023-04-01_23:27:34 INFO Main::KeepDatabaseAlive
2023-04-01_23:30:31 ERROR SQL(p): SELECT a.guid, a.blocked, a.security_code, b.online, c.account_id, a.facebook_status, a.golden_channel, d.account_id, e.account_id, e.block_date, a.secured, a.account, f.account_id, f.unban_date, g.disk_serial FROM accounts AS a LEFT JOIN accounts_status AS b ON a.guid = b.account_id AND b.server_group = 0 LEFT JOIN accounts_allowed AS c ON a.guid = c.account_id AND c.server = 0 LEFT JOIN accounts_validation AS d ON a.guid = d.account_id AND d.disk_serial = 0 LEFT JOIN accounts_warning AS e ON a.guid = e.account_id AND e.disk_serial = 0 LEFT JOIN accounts_banned AS f ON a.guid = f.account_id LEFT JOIN master_pc AS g ON g.disk_serial = 0 AND g.mac = '' WHERE ((a.account = 'helloworld' AND a.password = 'f167e20d062cf25bc637d07ac953100d7506e3d25c1c0cba4fe9d19fce8351d3') OR (a.guid = 0) OR (a.account = 'helloworld' AND g.disk_serial = 0 AND g.mac = '')) AND a.guid != 0
 [ERROR]: [2006] Lost connection to MySQL server during query
2023-04-01_23:30:31 INFO Connected to MySQL database at sql975.main-hosting.eu
2023-04-01_23:30:31 INFO Connection to the MySQL server is active.
2023-04-01_23:30:31 INFO Successfully reconnected to u897592642_login @sql975.main-hosting.eu:3306 (synchronous).
2023-04-01_23:30:32 INFO SQL: START TRANSACTION
2023-04-01_23:30:32 ERROR [2006] MySQL server has gone away
2023-04-01_23:30:32 INFO Connected to MySQL database at sql975.main-hosting.eu
2023-04-01_23:30:32 INFO Connection to the MySQL server is active.
2023-04-01_23:30:32 INFO Successfully reconnected to u897592642_login @sql975.main-hosting.eu:3306 (asynchronous).
2023-04-01_23:31:05 ERROR SQL(p): SELECT a.guid, a.blocked, a.security_code, b.online, c.account_id, a.facebook_status, a.golden_channel, d.account_id, e.account_id, e.block_date, a.secured, a.account, f.account_id, f.unban_date, g.disk_serial FROM accounts AS a LEFT JOIN accounts_status AS b ON a.guid = b.account_id AND b.server_group = 0 LEFT JOIN accounts_allowed AS c ON a.guid = c.account_id AND c.server = 0 LEFT JOIN accounts_validation AS d ON a.guid = d.account_id AND d.disk_serial = 0 LEFT JOIN accounts_warning AS e ON a.guid = e.account_id AND e.disk_serial = 0 LEFT JOIN accounts_banned AS f ON a.guid = f.account_id LEFT JOIN master_pc AS g ON g.disk_serial = 0 AND g.mac = '' WHERE ((a.account = 'helloworld' AND a.password = 'f167e20d062cf25bc637d07ac953100d7506e3d25c1c0cba4fe9d19fce8351d3') OR (a.guid = 0) OR (a.account = 'helloworld' AND g.disk_serial = 0 AND g.mac = '')) AND a.guid != 0
 [ERROR]: [2006] Lost connection to MySQL server during query
2023-04-01_23:31:05 INFO Connected to MySQL database at sql975.main-hosting.eu
2023-04-01_23:31:05 INFO Connection to the MySQL server is active.
2023-04-01_23:31:05 INFO Successfully reconnected to u897592642_login @sql975.main-hosting.eu:3306 (synchronous).
2023-04-01_23:31:05 INFO SQL: START TRANSACTION
2023-04-01_23:31:05 ERROR [2006] MySQL server has gone away
2023-04-01_23:31:05 INFO Connected to MySQL database at sql975.main-hosting.eu
2023-04-01_23:31:05 INFO Connection to the MySQL server is active.
2023-04-01_23:31:05 INFO Successfully reconnected to u897592642_login @sql975.main-hosting.eu:3306 (asynchronous).
2023-04-01_23:32:34 INFO Main::KeepDatabaseAlive
2023-04-01_23:37:01 ERROR SQL(p): SELECT a.guid, a.blocked, a.security_code, b.online, c.account_id, a.facebook_status, a.golden_channel, d.account_id, e.account_id, e.block_date, a.secured, a.account, f.account_id, f.unban_date, g.disk_serial FROM accounts AS a LEFT JOIN accounts_status AS b ON a.guid = b.account_id AND b.server_group = 0 LEFT JOIN accounts_allowed AS c ON a.guid = c.account_id AND c.server = 0 LEFT JOIN accounts_validation AS d ON a.guid = d.account_id AND d.disk_serial = 0 LEFT JOIN accounts_warning AS e ON a.guid = e.account_id AND e.disk_serial = 0 LEFT JOIN accounts_banned AS f ON a.guid = f.account_id LEFT JOIN master_pc AS g ON g.disk_serial = 0 AND g.mac = '' WHERE ((a.account = 'blackgaara' AND a.password = 'a5711107c4e0ef3e41ac5447c8f6e8e128bfaf191eb4bd93f3a5d7b6e87f36f7') OR (a.guid = 0) OR (a.account = 'blackgaara' AND g.disk_serial = 0 AND g.mac = '')) AND a.guid != 0
 [ERROR]: [2006] Lost connection to MySQL server during query
2023-04-01_23:37:01 INFO Connected to MySQL database at sql975.main-hosting.eu
2023-04-01_23:37:01 INFO Connection to the MySQL server is active.
2023-04-01_23:37:01 INFO Successfully reconnected to u897592642_login @sql975.main-hosting.eu:3306 (synchronous).
2023-04-01_23:37:07 INFO SQL: START TRANSACTION
2023-04-01_23:37:07 ERROR [2006] MySQL server has gone away
2023-04-01_23:37:07 INFO Connected to MySQL database at sql975.main-hosting.eu
2023-04-01_23:37:07 INFO Connection to the MySQL server is active.
2023-04-01_23:37:07 INFO Successfully reconnected to u897592642_login @sql975.main-hosting.eu:3306 (asynchronous).
2023-04-01_23:37:34 INFO Main::KeepDatabaseAlive
2023-04-01_23:39:29 ERROR SQL(p): SELECT a.guid, a.blocked, a.security_code, b.online, c.account_id, a.facebook_status, a.golden_channel, d.account_id, e.account_id, e.block_date, a.secured, a.account, f.account_id, f.unban_date, g.disk_serial FROM accounts AS a LEFT JOIN accounts_status AS b ON a.guid = b.account_id AND b.server_group = 0 LEFT JOIN accounts_allowed AS c ON a.guid = c.account_id AND c.server = 0 LEFT JOIN accounts_validation AS d ON a.guid = d.account_id AND d.disk_serial = 0 LEFT JOIN accounts_warning AS e ON a.guid = e.account_id AND e.disk_serial = 0 LEFT JOIN accounts_banned AS f ON a.guid = f.account_id LEFT JOIN master_pc AS g ON g.disk_serial = 0 AND g.mac = '' WHERE ((a.account = 'helloworld' AND a.password = 'f167e20d062cf25bc637d07ac953100d7506e3d25c1c0cba4fe9d19fce8351d3') OR (a.guid = 0) OR (a.account = 'helloworld' AND g.disk_serial = 0 AND g.mac = '')) AND a.guid != 0
 [ERROR]: [2006] Lost connection to MySQL server during query
2023-04-01_23:39:29 INFO Connected to MySQL database at sql975.main-hosting.eu
2023-04-01_23:39:30 INFO Connection to the MySQL server is active.
2023-04-01_23:39:30 INFO Successfully reconnected to u897592642_login @sql975.main-hosting.eu:3306 (synchronous).
2023-04-01_23:39:30 INFO SQL: START TRANSACTION
2023-04-01_23:39:30 ERROR [2006] MySQL server has gone away
2023-04-01_23:39:30 INFO Connected to MySQL database at sql975.main-hosting.eu
2023-04-01_23:39:30 INFO Connection to the MySQL server is active.
2023-04-01_23:39:30 INFO Successfully reconnected to u897592642_login @sql975.main-hosting.eu:3306 (asynchronous).
2023-04-01_23:42:34 INFO Main::KeepDatabaseAlive
2023-04-01_23:47:34 INFO Main::KeepDatabaseAlive
2023-04-01_23:52:34 INFO Main::KeepDatabaseAlive
2023-04-01_23:52:37 ERROR SQL(p): SELECT a.guid, a.blocked, a.security_code, b.online, c.account_id, a.facebook_status, a.golden_channel, d.account_id, e.account_id, e.block_date, a.secured, a.account, f.account_id, f.unban_date, g.disk_serial FROM accounts AS a LEFT JOIN accounts_status AS b ON a.guid = b.account_id AND b.server_group = 0 LEFT JOIN accounts_allowed AS c ON a.guid = c.account_id AND c.server = 0 LEFT JOIN accounts_validation AS d ON a.guid = d.account_id AND d.disk_serial = 0 LEFT JOIN accounts_warning AS e ON a.guid = e.account_id AND e.disk_serial = 0 LEFT JOIN accounts_banned AS f ON a.guid = f.account_id LEFT JOIN master_pc AS g ON g.disk_serial = 0 AND g.mac = '' WHERE ((a.account = 'helloworld' AND a.password = '1bfbba67e23fc37aca29e049c4bdc0563542c4f66726d666588ab3f04cdc7f4d') OR (a.guid = 0) OR (a.account = 'helloworld' AND g.disk_serial = 0 AND g.mac = '')) AND a.guid != 0
 [ERROR]: [2006] Lost connection to MySQL server during query
2023-04-01_23:52:37 INFO Connected to MySQL database at sql975.main-hosting.eu
2023-04-01_23:52:37 INFO Connection to the MySQL server is active.
2023-04-01_23:52:37 INFO Successfully reconnected to u897592642_login @sql975.main-hosting.eu:3306 (synchronous).
2023-04-01_23:52:41 INFO SQL: START TRANSACTION
2023-04-01_23:52:41 ERROR [2006] MySQL server has gone away
2023-04-01_23:52:41 INFO Connected to MySQL database at sql975.main-hosting.eu
2023-04-01_23:52:41 INFO Connection to the MySQL server is active.
2023-04-01_23:52:41 INFO Successfully reconnected to u897592642_login @sql975.main-hosting.eu:3306 (asynchronous).
2023-04-01_23:57:34 INFO Main::KeepDatabaseAlive
