2023-04-05_00:03:19 INFO Main::KeepDatabaseAlive
2023-04-05_00:08:19 INFO Main::KeepDatabaseAlive
2023-04-05_00:13:19 INFO Main::KeepDatabaseAlive
2023-04-05_00:18:19 INFO Main::KeepDatabaseAlive
2023-04-05_00:23:19 INFO Main::KeepDatabaseAlive
2023-04-05_00:28:19 INFO Main::KeepDatabaseAlive
2023-04-05_00:33:19 INFO Main::KeepDatabaseAlive
2023-04-05_00:38:19 INFO Main::KeepDatabaseAlive
2023-04-05_00:43:19 INFO Main::KeepDatabaseAlive
2023-04-05_00:48:19 INFO Main::KeepDatabaseAlive
2023-04-05_00:53:19 INFO Main::KeepDatabaseAlive
2023-04-05_00:58:19 INFO Main::KeepDatabaseAlive
2023-04-05_01:03:19 INFO Main::KeepDatabaseAlive
2023-04-05_01:08:19 INFO Main::KeepDatabaseAlive
2023-04-05_01:13:19 INFO Main::KeepDatabaseAlive
2023-04-05_01:18:19 INFO Main::KeepDatabaseAlive
2023-04-05_01:23:19 INFO Main::KeepDatabaseAlive
2023-04-05_01:28:19 INFO Main::KeepDatabaseAlive
2023-04-05_01:33:19 INFO Main::KeepDatabaseAlive
2023-04-05_01:38:19 INFO Main::KeepDatabaseAlive
2023-04-05_01:43:19 INFO Main::KeepDatabaseAlive
2023-04-05_01:48:19 INFO Main::KeepDatabaseAlive
2023-04-05_01:53:19 INFO Main::KeepDatabaseAlive
2023-04-05_01:58:19 INFO Main::KeepDatabaseAlive
2023-04-05_02:03:19 INFO Main::KeepDatabaseAlive
2023-04-05_02:08:19 INFO Main::KeepDatabaseAlive
2023-04-05_02:13:19 INFO Main::KeepDatabaseAlive
2023-04-05_02:18:19 INFO Main::KeepDatabaseAlive
2023-04-05_02:23:19 INFO Main::KeepDatabaseAlive
2023-04-05_02:28:19 INFO Main::KeepDatabaseAlive
2023-04-05_02:33:19 INFO Main::KeepDatabaseAlive
2023-04-05_02:38:19 INFO Main::KeepDatabaseAlive
2023-04-05_02:43:19 INFO Main::KeepDatabaseAlive
2023-04-05_02:48:19 INFO Main::KeepDatabaseAlive
2023-04-05_02:53:19 INFO Main::KeepDatabaseAlive
2023-04-05_02:58:19 INFO Main::KeepDatabaseAlive
2023-04-05_03:03:19 INFO Main::KeepDatabaseAlive
2023-04-05_03:08:19 INFO Main::KeepDatabaseAlive
2023-04-05_03:13:19 INFO Main::KeepDatabaseAlive
2023-04-05_03:18:19 INFO Main::KeepDatabaseAlive
2023-04-05_03:23:19 INFO Main::KeepDatabaseAlive
2023-04-05_03:28:19 INFO Main::KeepDatabaseAlive
2023-04-05_03:33:19 INFO Main::KeepDatabaseAlive
2023-04-05_03:38:19 INFO Main::KeepDatabaseAlive
2023-04-05_03:43:19 INFO Main::KeepDatabaseAlive
2023-04-05_03:48:19 INFO Main::KeepDatabaseAlive
2023-04-05_03:53:19 INFO Main::KeepDatabaseAlive
2023-04-05_03:58:19 INFO Main::KeepDatabaseAlive
2023-04-05_04:03:19 INFO Main::KeepDatabaseAlive
2023-04-05_04:08:19 INFO Main::KeepDatabaseAlive
2023-04-05_04:13:19 INFO Main::KeepDatabaseAlive
2023-04-05_04:18:19 INFO Main::KeepDatabaseAlive
2023-04-05_04:23:19 INFO Main::KeepDatabaseAlive
2023-04-05_04:28:19 INFO Main::KeepDatabaseAlive
2023-04-05_04:33:19 INFO Main::KeepDatabaseAlive
2023-04-05_04:38:19 INFO Main::KeepDatabaseAlive
2023-04-05_04:43:19 INFO Main::KeepDatabaseAlive
2023-04-05_04:48:19 INFO Main::KeepDatabaseAlive
2023-04-05_04:53:19 INFO Main::KeepDatabaseAlive
2023-04-05_04:58:19 INFO Main::KeepDatabaseAlive
2023-04-05_05:03:19 INFO Main::KeepDatabaseAlive
2023-04-05_05:08:19 INFO Main::KeepDatabaseAlive
2023-04-05_05:13:19 INFO Main::KeepDatabaseAlive
2023-04-05_05:18:19 INFO Main::KeepDatabaseAlive
2023-04-05_05:23:19 INFO Main::KeepDatabaseAlive
2023-04-05_05:28:19 INFO Main::KeepDatabaseAlive
2023-04-05_05:33:19 INFO Main::KeepDatabaseAlive
2023-04-05_05:38:19 INFO Main::KeepDatabaseAlive
2023-04-05_05:43:19 INFO Main::KeepDatabaseAlive
2023-04-05_05:48:19 INFO Main::KeepDatabaseAlive
2023-04-05_05:53:19 INFO Main::KeepDatabaseAlive
2023-04-05_05:58:19 INFO Main::KeepDatabaseAlive
2023-04-05_06:03:19 INFO Main::KeepDatabaseAlive
2023-04-05_06:08:19 INFO Main::KeepDatabaseAlive
2023-04-05_06:13:19 INFO Main::KeepDatabaseAlive
2023-04-05_06:18:19 INFO Main::KeepDatabaseAlive
2023-04-05_06:23:19 INFO Main::KeepDatabaseAlive
2023-04-05_06:28:19 INFO Main::KeepDatabaseAlive
2023-04-05_06:33:19 INFO Main::KeepDatabaseAlive
2023-04-05_06:38:19 INFO Main::KeepDatabaseAlive
2023-04-05_06:43:19 INFO Main::KeepDatabaseAlive
2023-04-05_06:48:19 INFO Main::KeepDatabaseAlive
2023-04-05_06:53:19 INFO Main::KeepDatabaseAlive
2023-04-05_06:58:19 INFO Main::KeepDatabaseAlive
2023-04-05_07:03:19 INFO Main::KeepDatabaseAlive
2023-04-05_07:08:19 INFO Main::KeepDatabaseAlive
2023-04-05_07:13:19 INFO Main::KeepDatabaseAlive
2023-04-05_07:18:19 INFO Main::KeepDatabaseAlive
2023-04-05_07:23:19 INFO Main::KeepDatabaseAlive
2023-04-05_07:28:19 INFO Main::KeepDatabaseAlive
2023-04-05_07:33:19 INFO Main::KeepDatabaseAlive
2023-04-05_07:38:19 INFO Main::KeepDatabaseAlive
2023-04-05_07:43:19 INFO Main::KeepDatabaseAlive
2023-04-05_07:48:19 INFO Main::KeepDatabaseAlive
2023-04-05_07:53:19 INFO Main::KeepDatabaseAlive
2023-04-05_07:58:19 INFO Main::KeepDatabaseAlive
2023-04-05_08:03:19 INFO Main::KeepDatabaseAlive
2023-04-05_08:08:19 INFO Main::KeepDatabaseAlive
2023-04-05_08:13:19 INFO Main::KeepDatabaseAlive
2023-04-05_08:18:19 INFO Main::KeepDatabaseAlive
2023-04-05_08:23:19 INFO Main::KeepDatabaseAlive
2023-04-05_08:28:19 INFO Main::KeepDatabaseAlive
2023-04-05_08:33:19 INFO Main::KeepDatabaseAlive
2023-04-05_08:38:19 INFO Main::KeepDatabaseAlive
2023-04-05_08:43:19 INFO Main::KeepDatabaseAlive
2023-04-05_08:48:19 INFO Main::KeepDatabaseAlive
2023-04-05_08:53:19 INFO Main::KeepDatabaseAlive
2023-04-05_08:58:19 INFO Main::KeepDatabaseAlive
2023-04-05_09:03:19 INFO Main::KeepDatabaseAlive
2023-04-05_09:08:19 INFO Main::KeepDatabaseAlive
2023-04-05_09:13:19 INFO Main::KeepDatabaseAlive
2023-04-05_09:18:19 INFO Main::KeepDatabaseAlive
2023-04-05_09:23:19 INFO Main::KeepDatabaseAlive
2023-04-05_09:28:19 INFO Main::KeepDatabaseAlive
2023-04-05_09:33:19 INFO Main::KeepDatabaseAlive
2023-04-05_09:38:19 INFO Main::KeepDatabaseAlive
2023-04-05_09:43:19 INFO Main::KeepDatabaseAlive
2023-04-05_09:48:19 INFO Main::KeepDatabaseAlive
2023-04-05_09:53:19 INFO Main::KeepDatabaseAlive
2023-04-05_09:58:19 INFO Main::KeepDatabaseAlive
2023-04-05_10:03:19 INFO Main::KeepDatabaseAlive
2023-04-05_10:08:19 INFO Main::KeepDatabaseAlive
2023-04-05_10:13:19 INFO Main::KeepDatabaseAlive
2023-04-05_10:18:19 INFO Main::KeepDatabaseAlive
2023-04-05_10:23:19 INFO Main::KeepDatabaseAlive
2023-04-05_10:28:19 INFO Main::KeepDatabaseAlive
2023-04-05_10:33:19 INFO Main::KeepDatabaseAlive
2023-04-05_10:38:19 INFO Main::KeepDatabaseAlive
2023-04-05_10:43:19 INFO Main::KeepDatabaseAlive
2023-04-05_10:48:19 INFO Main::KeepDatabaseAlive
2023-04-05_10:53:19 INFO Main::KeepDatabaseAlive
2023-04-05_10:58:19 INFO Main::KeepDatabaseAlive
2023-04-05_11:03:19 INFO Main::KeepDatabaseAlive
2023-04-05_11:08:19 INFO Main::KeepDatabaseAlive
2023-04-05_11:13:19 INFO Main::KeepDatabaseAlive
2023-04-05_11:18:19 INFO Main::KeepDatabaseAlive
2023-04-05_11:23:19 INFO Main::KeepDatabaseAlive
2023-04-05_11:28:19 INFO Main::KeepDatabaseAlive
2023-04-05_11:33:19 INFO Main::KeepDatabaseAlive
2023-04-05_11:38:19 INFO Main::KeepDatabaseAlive
2023-04-05_11:43:19 INFO Main::KeepDatabaseAlive
2023-04-05_11:48:19 INFO Main::KeepDatabaseAlive
2023-04-05_11:53:19 INFO Main::KeepDatabaseAlive
2023-04-05_11:58:19 INFO Main::KeepDatabaseAlive
2023-04-05_12:03:19 INFO Main::KeepDatabaseAlive
2023-04-05_12:08:19 INFO Main::KeepDatabaseAlive
2023-04-05_12:13:19 INFO Main::KeepDatabaseAlive
2023-04-05_12:18:19 INFO Main::KeepDatabaseAlive
2023-04-05_12:23:19 INFO Main::KeepDatabaseAlive
2023-04-05_12:28:19 INFO Main::KeepDatabaseAlive
2023-04-05_12:33:19 INFO Main::KeepDatabaseAlive
2023-04-05_12:38:19 INFO Main::KeepDatabaseAlive
2023-04-05_12:43:19 INFO Main::KeepDatabaseAlive
2023-04-05_12:48:19 INFO Main::KeepDatabaseAlive
2023-04-05_12:53:19 INFO Main::KeepDatabaseAlive
2023-04-05_12:58:19 INFO Main::KeepDatabaseAlive
2023-04-05_13:03:19 INFO Main::KeepDatabaseAlive
2023-04-05_13:08:19 INFO Main::KeepDatabaseAlive
2023-04-05_13:13:19 INFO Main::KeepDatabaseAlive
2023-04-05_13:18:19 INFO Main::KeepDatabaseAlive
2023-04-05_13:23:19 INFO Main::KeepDatabaseAlive
2023-04-05_13:28:19 INFO Main::KeepDatabaseAlive
2023-04-05_13:33:19 INFO Main::KeepDatabaseAlive
2023-04-05_13:38:19 INFO Main::KeepDatabaseAlive
2023-04-05_13:43:19 INFO Main::KeepDatabaseAlive
2023-04-05_13:48:19 INFO Main::KeepDatabaseAlive
2023-04-05_13:53:19 INFO Main::KeepDatabaseAlive
2023-04-05_13:58:19 INFO Main::KeepDatabaseAlive
2023-04-05_14:03:19 INFO Main::KeepDatabaseAlive
2023-04-05_14:08:19 INFO Main::KeepDatabaseAlive
2023-04-05_14:13:19 INFO Main::KeepDatabaseAlive
2023-04-05_14:18:19 INFO Main::KeepDatabaseAlive
2023-04-05_14:23:19 INFO Main::KeepDatabaseAlive
2023-04-05_14:28:19 INFO Main::KeepDatabaseAlive
2023-04-05_14:33:19 INFO Main::KeepDatabaseAlive
2023-04-05_14:38:19 INFO Main::KeepDatabaseAlive
2023-04-05_14:43:19 INFO Main::KeepDatabaseAlive
2023-04-05_14:48:19 INFO Main::KeepDatabaseAlive
2023-04-05_14:53:19 INFO Main::KeepDatabaseAlive
2023-04-05_14:58:19 INFO Main::KeepDatabaseAlive
2023-04-05_15:03:19 INFO Main::KeepDatabaseAlive
2023-04-05_15:08:19 INFO Main::KeepDatabaseAlive
2023-04-05_15:13:19 INFO Main::KeepDatabaseAlive
2023-04-05_15:18:19 INFO Main::KeepDatabaseAlive
2023-04-05_15:23:19 INFO Main::KeepDatabaseAlive
2023-04-05_15:28:19 INFO Main::KeepDatabaseAlive
2023-04-05_15:33:19 INFO Main::KeepDatabaseAlive
2023-04-05_15:38:19 INFO Main::KeepDatabaseAlive
2023-04-05_15:43:19 INFO Main::KeepDatabaseAlive
2023-04-05_15:48:19 INFO Main::KeepDatabaseAlive
2023-04-05_15:53:19 INFO Main::KeepDatabaseAlive
2023-04-05_15:58:19 INFO Main::KeepDatabaseAlive
2023-04-05_16:03:19 INFO Main::KeepDatabaseAlive
2023-04-05_16:08:19 INFO Main::KeepDatabaseAlive
2023-04-05_16:13:19 INFO Main::KeepDatabaseAlive
2023-04-05_16:18:19 INFO Main::KeepDatabaseAlive
2023-04-05_16:23:19 INFO Main::KeepDatabaseAlive
2023-04-05_16:28:19 INFO Main::KeepDatabaseAlive
2023-04-05_16:33:19 INFO Main::KeepDatabaseAlive
2023-04-05_16:38:19 INFO Main::KeepDatabaseAlive
2023-04-05_16:43:19 INFO Main::KeepDatabaseAlive
2023-04-05_16:48:19 INFO Main::KeepDatabaseAlive
2023-04-05_16:53:19 INFO Main::KeepDatabaseAlive
2023-04-05_16:58:19 INFO Main::KeepDatabaseAlive
2023-04-05_17:03:19 INFO Main::KeepDatabaseAlive
2023-04-05_17:08:19 INFO Main::KeepDatabaseAlive
2023-04-05_17:13:19 INFO Main::KeepDatabaseAlive
2023-04-05_17:18:19 INFO Main::KeepDatabaseAlive
2023-04-05_17:23:19 INFO Main::KeepDatabaseAlive
2023-04-05_17:24:31 ERROR SQL(p): SELECT a.guid, a.blocked, a.security_code, b.online, c.account_id, a.facebook_status, a.golden_channel, d.account_id, e.account_id, e.block_date, a.secured, a.account, f.account_id, f.unban_date, g.disk_serial FROM accounts AS a LEFT JOIN accounts_status AS b ON a.guid = b.account_id AND b.server_group = 0 LEFT JOIN accounts_allowed AS c ON a.guid = c.account_id AND c.server = 0 LEFT JOIN accounts_validation AS d ON a.guid = d.account_id AND d.disk_serial = 0 LEFT JOIN accounts_warning AS e ON a.guid = e.account_id AND e.disk_serial = 0 LEFT JOIN accounts_banned AS f ON a.guid = f.account_id LEFT JOIN master_pc AS g ON g.disk_serial = 0 AND g.mac = '' WHERE ((a.account = 'njnh1000' AND a.password = '83934d49364a7e950dbd01b2ec8ccca8e7d0b9cbbd29002edb24f7478a9d8a45') OR (a.guid = 0) OR (a.account = 'njnh1000' AND g.disk_serial = 0 AND g.mac = '')) AND a.guid != 0
 [ERROR]: [2006] Lost connection to MySQL server during query
2023-04-05_17:24:31 INFO Connected to MySQL database at sql975.main-hosting.eu
2023-04-05_17:24:31 INFO Connection to the MySQL server is active.
2023-04-05_17:24:31 INFO Successfully reconnected to u897592642_login @sql975.main-hosting.eu:3306 (synchronous).
2023-04-05_17:24:31 INFO SQL: START TRANSACTION
2023-04-05_17:24:31 ERROR [2006] MySQL server has gone away
2023-04-05_17:24:31 INFO Connected to MySQL database at sql975.main-hosting.eu
2023-04-05_17:24:31 INFO Connection to the MySQL server is active.
2023-04-05_17:24:31 INFO Successfully reconnected to u897592642_login @sql975.main-hosting.eu:3306 (asynchronous).
2023-04-05_17:28:19 INFO Main::KeepDatabaseAlive
2023-04-05_17:33:19 INFO Main::KeepDatabaseAlive
2023-04-05_17:38:19 INFO Main::KeepDatabaseAlive
2023-04-05_17:43:19 INFO Main::KeepDatabaseAlive
2023-04-05_17:48:19 INFO Main::KeepDatabaseAlive
2023-04-05_17:53:19 INFO Main::KeepDatabaseAlive
2023-04-05_17:58:19 INFO Main::KeepDatabaseAlive
2023-04-05_18:03:19 INFO Main::KeepDatabaseAlive
2023-04-05_18:04:04 INFO SQL: SELECT a.current_server, b.account, b.guid, b.security_code, a.last_ip, a.last_mac, a.disk_serial, a.type From accounts_status AS a LEFT JOIN accounts AS b ON a.account_id = b.guid WHERE a.account_id=28
2023-04-05_18:04:04 ERROR [2006] MySQL server has gone away
2023-04-05_18:04:04 INFO Connected to MySQL database at sql975.main-hosting.eu
2023-04-05_18:04:04 INFO Connection to the MySQL server is active.
2023-04-05_18:04:04 INFO Successfully reconnected to u897592642_login @sql975.main-hosting.eu:3306 (synchronous).
2023-04-05_18:04:04 INFO SQL: START TRANSACTION
2023-04-05_18:04:04 ERROR [2006] MySQL server has gone away
2023-04-05_18:04:04 INFO Connected to MySQL database at sql975.main-hosting.eu
2023-04-05_18:04:04 INFO Connection to the MySQL server is active.
2023-04-05_18:04:04 INFO Successfully reconnected to u897592642_login @sql975.main-hosting.eu:3306 (asynchronous).
2023-04-05_18:06:17 INFO SQL: START TRANSACTION
2023-04-05_18:06:17 ERROR [2006] MySQL server has gone away
2023-04-05_18:06:17 INFO Connected to MySQL database at sql975.main-hosting.eu
2023-04-05_18:06:17 INFO Connection to the MySQL server is active.
2023-04-05_18:06:17 INFO Successfully reconnected to u897592642_login @sql975.main-hosting.eu:3306 (asynchronous).
2023-04-05_18:08:19 INFO Main::KeepDatabaseAlive
2023-04-05_18:13:06 ERROR SQL(p): SELECT a.guid, a.blocked, a.security_code, b.online, c.account_id, a.facebook_status, a.golden_channel, d.account_id, e.account_id, e.block_date, a.secured, a.account, f.account_id, f.unban_date, g.disk_serial FROM accounts AS a LEFT JOIN accounts_status AS b ON a.guid = b.account_id AND b.server_group = 0 LEFT JOIN accounts_allowed AS c ON a.guid = c.account_id AND c.server = 0 LEFT JOIN accounts_validation AS d ON a.guid = d.account_id AND d.disk_serial = 0 LEFT JOIN accounts_warning AS e ON a.guid = e.account_id AND e.disk_serial = 0 LEFT JOIN accounts_banned AS f ON a.guid = f.account_id LEFT JOIN master_pc AS g ON g.disk_serial = 0 AND g.mac = '' WHERE ((a.account = 'njnh1000' AND a.password = '83934d49364a7e950dbd01b2ec8ccca8e7d0b9cbbd29002edb24f7478a9d8a45') OR (a.guid = 0) OR (a.account = 'njnh1000' AND g.disk_serial = 0 AND g.mac = '')) AND a.guid != 0
 [ERROR]: [2006] Lost connection to MySQL server during query
2023-04-05_18:13:06 INFO Connected to MySQL database at sql975.main-hosting.eu
2023-04-05_18:13:07 INFO Connection to the MySQL server is active.
2023-04-05_18:13:07 INFO Successfully reconnected to u897592642_login @sql975.main-hosting.eu:3306 (synchronous).
2023-04-05_18:13:07 INFO SQL: START TRANSACTION
2023-04-05_18:13:07 ERROR [2006] MySQL server has gone away
2023-04-05_18:13:07 INFO Connected to MySQL database at sql975.main-hosting.eu
2023-04-05_18:13:07 INFO Connection to the MySQL server is active.
2023-04-05_18:13:07 INFO Successfully reconnected to u897592642_login @sql975.main-hosting.eu:3306 (asynchronous).
2023-04-05_18:13:19 INFO Main::KeepDatabaseAlive
2023-04-05_18:18:19 INFO Main::KeepDatabaseAlive
2023-04-05_18:23:19 INFO Main::KeepDatabaseAlive
2023-04-05_18:25:58 ERROR SQL(p): SELECT a.guid, a.blocked, a.security_code, b.online, c.account_id, a.facebook_status, a.golden_channel, d.account_id, e.account_id, e.block_date, a.secured, a.account, f.account_id, f.unban_date, g.disk_serial FROM accounts AS a LEFT JOIN accounts_status AS b ON a.guid = b.account_id AND b.server_group = 0 LEFT JOIN accounts_allowed AS c ON a.guid = c.account_id AND c.server = 0 LEFT JOIN accounts_validation AS d ON a.guid = d.account_id AND d.disk_serial = 0 LEFT JOIN accounts_warning AS e ON a.guid = e.account_id AND e.disk_serial = 0 LEFT JOIN accounts_banned AS f ON a.guid = f.account_id LEFT JOIN master_pc AS g ON g.disk_serial = 0 AND g.mac = '' WHERE ((a.account = 'nhnj1000' AND a.password = 'a9227c055d199f4a64dd3c41f02e39218b912173d85644e4646f77f9de60f79c') OR (a.guid = 0) OR (a.account = 'nhnj1000' AND g.disk_serial = 0 AND g.mac = '')) AND a.guid != 0
 [ERROR]: [2006] Lost connection to MySQL server during query
2023-04-05_18:25:58 INFO Connected to MySQL database at sql975.main-hosting.eu
2023-04-05_18:25:59 INFO Connection to the MySQL server is active.
2023-04-05_18:25:59 INFO Successfully reconnected to u897592642_login @sql975.main-hosting.eu:3306 (synchronous).
2023-04-05_18:25:59 INFO SQL: START TRANSACTION
2023-04-05_18:25:59 ERROR [2006] MySQL server has gone away
2023-04-05_18:25:59 INFO Connected to MySQL database at sql975.main-hosting.eu
2023-04-05_18:26:00 INFO Connection to the MySQL server is active.
2023-04-05_18:26:00 INFO Successfully reconnected to u897592642_login @sql975.main-hosting.eu:3306 (asynchronous).
2023-04-05_18:28:19 INFO Main::KeepDatabaseAlive
2023-04-05_18:31:25 INFO SQL: SELECT a.current_server, b.account, b.guid, b.security_code, a.last_ip, a.last_mac, a.disk_serial, a.type From accounts_status AS a LEFT JOIN accounts AS b ON a.account_id = b.guid WHERE a.account_id=28
2023-04-05_18:31:25 ERROR [2006] MySQL server has gone away
2023-04-05_18:31:26 INFO Connected to MySQL database at sql975.main-hosting.eu
2023-04-05_18:31:26 INFO Connection to the MySQL server is active.
2023-04-05_18:31:26 INFO Successfully reconnected to u897592642_login @sql975.main-hosting.eu:3306 (synchronous).
2023-04-05_18:31:26 INFO SQL: START TRANSACTION
2023-04-05_18:31:26 ERROR [2006] MySQL server has gone away
2023-04-05_18:31:26 INFO Connected to MySQL database at sql975.main-hosting.eu
2023-04-05_18:31:26 INFO Connection to the MySQL server is active.
2023-04-05_18:31:26 INFO Successfully reconnected to u897592642_login @sql975.main-hosting.eu:3306 (asynchronous).
2023-04-05_18:32:16 INFO SQL: START TRANSACTION
2023-04-05_18:32:16 ERROR [2006] MySQL server has gone away
2023-04-05_18:32:16 INFO Connected to MySQL database at sql975.main-hosting.eu
2023-04-05_18:32:16 INFO Connection to the MySQL server is active.
2023-04-05_18:32:16 INFO Successfully reconnected to u897592642_login @sql975.main-hosting.eu:3306 (asynchronous).
2023-04-05_18:33:19 INFO Main::KeepDatabaseAlive
2023-04-05_18:34:06 INFO SQL: START TRANSACTION
2023-04-05_18:34:06 ERROR [2006] MySQL server has gone away
2023-04-05_18:34:06 INFO Connected to MySQL database at sql975.main-hosting.eu
2023-04-05_18:34:06 INFO Connection to the MySQL server is active.
2023-04-05_18:34:06 INFO Successfully reconnected to u897592642_login @sql975.main-hosting.eu:3306 (asynchronous).
2023-04-05_18:38:19 INFO Main::KeepDatabaseAlive
2023-04-05_18:43:19 INFO Main::KeepDatabaseAlive
2023-04-05_18:48:19 INFO Main::KeepDatabaseAlive
2023-04-05_18:53:19 INFO Main::KeepDatabaseAlive
2023-04-05_18:58:19 INFO Main::KeepDatabaseAlive
2023-04-05_19:03:19 INFO Main::KeepDatabaseAlive
2023-04-05_19:08:19 INFO Main::KeepDatabaseAlive
2023-04-05_19:13:19 INFO Main::KeepDatabaseAlive
2023-04-05_19:18:19 INFO Main::KeepDatabaseAlive
2023-04-05_19:23:19 INFO Main::KeepDatabaseAlive
2023-04-05_19:28:19 INFO Main::KeepDatabaseAlive
2023-04-05_19:33:19 INFO Main::KeepDatabaseAlive
2023-04-05_19:38:19 INFO Main::KeepDatabaseAlive
2023-04-05_19:43:19 INFO Main::KeepDatabaseAlive
2023-04-05_19:48:19 INFO Main::KeepDatabaseAlive
2023-04-05_19:53:19 INFO Main::KeepDatabaseAlive
2023-04-05_19:58:19 INFO Main::KeepDatabaseAlive
2023-04-05_20:03:19 INFO Main::KeepDatabaseAlive
2023-04-05_20:08:19 INFO Main::KeepDatabaseAlive
2023-04-05_20:13:19 INFO Main::KeepDatabaseAlive
2023-04-05_20:18:19 INFO Main::KeepDatabaseAlive
2023-04-05_20:23:19 INFO Main::KeepDatabaseAlive
2023-04-05_20:28:19 INFO Main::KeepDatabaseAlive
2023-04-05_20:33:19 INFO Main::KeepDatabaseAlive
2023-04-05_20:38:19 INFO Main::KeepDatabaseAlive
2023-04-05_20:43:19 INFO Main::KeepDatabaseAlive
2023-04-05_20:48:19 INFO Main::KeepDatabaseAlive
2023-04-05_20:53:19 INFO Main::KeepDatabaseAlive
2023-04-05_20:58:19 INFO Main::KeepDatabaseAlive
2023-04-05_21:03:19 INFO Main::KeepDatabaseAlive
2023-04-05_21:08:19 INFO Main::KeepDatabaseAlive
2023-04-05_21:13:19 INFO Main::KeepDatabaseAlive
2023-04-05_21:18:19 INFO Main::KeepDatabaseAlive
2023-04-05_21:23:19 INFO Main::KeepDatabaseAlive
2023-04-05_21:28:19 INFO Main::KeepDatabaseAlive
2023-04-05_21:33:19 INFO Main::KeepDatabaseAlive
2023-04-05_21:38:19 INFO Main::KeepDatabaseAlive
2023-04-05_21:43:19 INFO Main::KeepDatabaseAlive
2023-04-05_21:48:19 INFO Main::KeepDatabaseAlive
2023-04-05_21:53:19 INFO Main::KeepDatabaseAlive
2023-04-05_21:58:19 INFO Main::KeepDatabaseAlive
2023-04-05_22:03:19 INFO Main::KeepDatabaseAlive
2023-04-05_22:08:19 INFO Main::KeepDatabaseAlive
2023-04-05_22:13:19 INFO Main::KeepDatabaseAlive
2023-04-05_22:18:19 INFO Main::KeepDatabaseAlive
2023-04-05_22:23:19 INFO Main::KeepDatabaseAlive
2023-04-05_22:28:19 INFO Main::KeepDatabaseAlive
2023-04-05_22:33:19 INFO Main::KeepDatabaseAlive
2023-04-05_22:38:19 INFO Main::KeepDatabaseAlive
2023-04-05_22:43:19 INFO Main::KeepDatabaseAlive
2023-04-05_22:48:19 INFO Main::KeepDatabaseAlive
2023-04-05_22:53:19 INFO Main::KeepDatabaseAlive
2023-04-05_22:58:19 INFO Main::KeepDatabaseAlive
2023-04-05_23:03:19 INFO Main::KeepDatabaseAlive
2023-04-05_23:08:19 INFO Main::KeepDatabaseAlive
2023-04-05_23:13:19 INFO Main::KeepDatabaseAlive
2023-04-05_23:18:19 INFO Main::KeepDatabaseAlive
2023-04-05_23:23:19 INFO Main::KeepDatabaseAlive
2023-04-05_23:28:19 INFO Main::KeepDatabaseAlive
2023-04-05_23:33:19 INFO Main::KeepDatabaseAlive
2023-04-05_23:38:19 INFO Main::KeepDatabaseAlive
2023-04-05_23:43:19 INFO Main::KeepDatabaseAlive
2023-04-05_23:48:19 INFO Main::KeepDatabaseAlive
2023-04-05_23:53:19 INFO Main::KeepDatabaseAlive
2023-04-05_23:58:19 INFO Main::KeepDatabaseAlive
