2023-03-24_20:54:47 INFO Opening DatabasePool 'login'. Asynchronous connections: 1, synchronous connections: 2.
2023-03-24_20:54:47 INFO MySQL client library: 5.6.29
2023-03-24_20:54:47 INFO MySQL server ver: 5.7.41-log 
2023-03-24_20:54:47 INFO Connected to MySQL database at 127.0.0.1
2023-03-24_20:54:47 INFO MySQL client library: 5.6.29
2023-03-24_20:54:47 INFO MySQL server ver: 5.7.41-log 
2023-03-24_20:54:47 INFO Connected to MySQL database at 127.0.0.1
2023-03-24_20:54:47 INFO MySQL client library: 5.6.29
2023-03-24_20:54:47 INFO MySQL server ver: 5.7.41-log 
2023-03-24_20:54:47 INFO Connected to MySQL database at 127.0.0.1
2023-03-24_20:54:47 INFO DatabasePool 'login' opened successfully. 3 total connections running.
2023-03-24_20:59:47 INFO Main::KeepDatabaseAlive
2023-03-24_21:04:47 INFO Main::KeepDatabaseAlive
2023-03-24_21:09:47 INFO Main::KeepDatabaseAlive
2023-03-24_21:14:47 INFO Main::KeepDatabaseAlive
2023-03-24_21:19:47 INFO Main::KeepDatabaseAlive
2023-03-24_21:24:47 INFO Main::KeepDatabaseAlive
2023-03-24_21:29:47 INFO Main::KeepDatabaseAlive
2023-03-24_21:34:47 INFO Main::KeepDatabaseAlive
2023-03-24_21:39:47 INFO Main::KeepDatabaseAlive
2023-03-24_21:44:47 INFO Main::KeepDatabaseAlive
2023-03-24_21:49:47 INFO Main::KeepDatabaseAlive
2023-03-24_21:54:47 INFO Main::KeepDatabaseAlive
2023-03-24_21:59:47 INFO Main::KeepDatabaseAlive
2023-03-24_22:04:47 INFO Main::KeepDatabaseAlive
2023-03-24_22:09:47 INFO Main::KeepDatabaseAlive
2023-03-24_22:14:47 INFO Main::KeepDatabaseAlive
2023-03-24_22:19:47 INFO Main::KeepDatabaseAlive
2023-03-24_22:24:47 INFO Main::KeepDatabaseAlive
2023-03-24_22:29:47 INFO Main::KeepDatabaseAlive
2023-03-24_22:34:47 INFO Main::KeepDatabaseAlive
2023-03-24_22:39:47 INFO Main::KeepDatabaseAlive
2023-03-24_22:44:47 INFO Main::KeepDatabaseAlive
2023-03-24_22:49:47 INFO Main::KeepDatabaseAlive
2023-03-24_22:54:47 INFO Main::KeepDatabaseAlive
2023-03-24_22:59:47 INFO Main::KeepDatabaseAlive
2023-03-24_23:03:06 INFO Closing down DatabasePool 'login'.
2023-03-24_23:03:06 INFO Asynchronous connections on DatabasePool 'login' terminated. Proceeding with synchronous connections.
2023-03-24_23:03:06 INFO All connections on DatabasePool 'login' closed.
