2023-03-24_23:03:55 INFO Opening DatabasePool 'login'. Asynchronous connections: 1, synchronous connections: 2.
2023-03-24_23:03:55 INFO MySQL client library: 5.6.29
2023-03-24_23:03:55 INFO MySQL server ver: 5.7.41-log 
2023-03-24_23:03:55 INFO Connected to MySQL database at 127.0.0.1
2023-03-24_23:03:55 INFO MySQL client library: 5.6.29
2023-03-24_23:03:55 INFO MySQL server ver: 5.7.41-log 
2023-03-24_23:03:55 INFO Connected to MySQL database at 127.0.0.1
2023-03-24_23:03:55 INFO MySQL client library: 5.6.29
2023-03-24_23:03:55 INFO MySQL server ver: 5.7.41-log 
2023-03-24_23:03:55 INFO Connected to MySQL database at 127.0.0.1
2023-03-24_23:03:55 INFO DatabasePool 'login' opened successfully. 3 total connections running.
2023-03-24_23:08:55 INFO Main::KeepDatabaseAlive
2023-03-24_23:13:55 INFO Main::KeepDatabaseAlive
2023-03-24_23:18:55 INFO Main::KeepDatabaseAlive
2023-03-24_23:23:55 INFO Main::KeepDatabaseAlive
2023-03-24_23:28:55 INFO Main::KeepDatabaseAlive
2023-03-24_23:33:55 INFO Main::KeepDatabaseAlive
2023-03-24_23:38:55 INFO Main::KeepDatabaseAlive
2023-03-24_23:43:55 INFO Main::KeepDatabaseAlive
2023-03-24_23:48:55 INFO Main::KeepDatabaseAlive
2023-03-24_23:53:55 INFO Main::KeepDatabaseAlive
2023-03-24_23:58:55 INFO Main::KeepDatabaseAlive
