2023-04-08_18:40:35 INFO Opening DatabasePool 'login'. Asynchronous connections: 1, synchronous connections: 2.
2023-04-08_18:40:35 INFO MySQL client library: 5.6.29
2023-04-08_18:40:35 INFO MySQL server ver: 5.7.41-log 
2023-04-08_18:40:35 INFO Connected to MySQL database at 127.0.0.1
2023-04-08_18:40:35 INFO MySQL client library: 5.6.29
2023-04-08_18:40:35 INFO MySQL server ver: 5.7.41-log 
2023-04-08_18:40:35 INFO Connected to MySQL database at 127.0.0.1
2023-04-08_18:40:35 INFO MySQL client library: 5.6.29
2023-04-08_18:40:35 INFO MySQL server ver: 5.7.41-log 
2023-04-08_18:40:35 INFO Connected to MySQL database at 127.0.0.1
2023-04-08_18:40:35 INFO DatabasePool 'login' opened successfully. 3 total connections running.
2023-04-08_18:45:35 INFO Main::KeepDatabaseAlive
2023-04-08_18:50:35 INFO Main::KeepDatabaseAlive
2023-04-08_18:55:35 INFO Main::KeepDatabaseAlive
2023-04-08_19:00:35 INFO Main::KeepDatabaseAlive
2023-04-08_19:05:35 INFO Main::KeepDatabaseAlive
2023-04-08_19:10:35 INFO Main::KeepDatabaseAlive
2023-04-08_19:15:35 INFO Main::KeepDatabaseAlive
2023-04-08_19:20:35 INFO Main::KeepDatabaseAlive
2023-04-08_19:25:35 INFO Main::KeepDatabaseAlive
2023-04-08_19:30:35 INFO Main::KeepDatabaseAlive
2023-04-08_19:35:35 INFO Main::KeepDatabaseAlive
2023-04-08_19:40:35 INFO Main::KeepDatabaseAlive
2023-04-08_19:45:35 INFO Main::KeepDatabaseAlive
2023-04-08_19:50:35 INFO Main::KeepDatabaseAlive
2023-04-08_19:55:35 INFO Main::KeepDatabaseAlive
2023-04-08_20:00:35 INFO Main::KeepDatabaseAlive
2023-04-08_20:05:35 INFO Main::KeepDatabaseAlive
2023-04-08_20:10:35 INFO Main::KeepDatabaseAlive
2023-04-08_20:15:35 INFO Main::KeepDatabaseAlive
2023-04-08_20:20:35 INFO Main::KeepDatabaseAlive
2023-04-08_20:25:35 INFO Main::KeepDatabaseAlive
2023-04-08_20:30:35 INFO Main::KeepDatabaseAlive
2023-04-08_20:35:35 INFO Main::KeepDatabaseAlive
2023-04-08_20:40:35 INFO Main::KeepDatabaseAlive
2023-04-08_20:45:35 INFO Main::KeepDatabaseAlive
2023-04-08_20:50:35 INFO Main::KeepDatabaseAlive
2023-04-08_20:55:35 INFO Main::KeepDatabaseAlive
2023-04-08_21:00:35 INFO Main::KeepDatabaseAlive
2023-04-08_21:05:35 INFO Main::KeepDatabaseAlive
2023-04-08_21:10:35 INFO Main::KeepDatabaseAlive
2023-04-08_21:15:35 INFO Main::KeepDatabaseAlive
2023-04-08_21:20:35 INFO Main::KeepDatabaseAlive
2023-04-08_21:25:35 INFO Main::KeepDatabaseAlive
2023-04-08_21:30:35 INFO Main::KeepDatabaseAlive
2023-04-08_21:35:35 INFO Main::KeepDatabaseAlive
2023-04-08_21:40:35 INFO Main::KeepDatabaseAlive
2023-04-08_21:45:35 INFO Main::KeepDatabaseAlive
2023-04-08_21:50:35 INFO Main::KeepDatabaseAlive
2023-04-08_21:55:35 INFO Main::KeepDatabaseAlive
2023-04-08_22:00:35 INFO Main::KeepDatabaseAlive
2023-04-08_22:05:35 INFO Main::KeepDatabaseAlive
2023-04-08_22:10:35 INFO Main::KeepDatabaseAlive
2023-04-08_22:15:35 INFO Main::KeepDatabaseAlive
2023-04-08_22:20:35 INFO Main::KeepDatabaseAlive
2023-04-08_22:25:35 INFO Main::KeepDatabaseAlive
2023-04-08_22:30:35 INFO Main::KeepDatabaseAlive
2023-04-08_22:35:35 INFO Main::KeepDatabaseAlive
2023-04-08_22:40:35 INFO Main::KeepDatabaseAlive
2023-04-08_22:45:35 INFO Main::KeepDatabaseAlive
2023-04-08_22:50:35 INFO Main::KeepDatabaseAlive
2023-04-08_22:55:35 INFO Main::KeepDatabaseAlive
2023-04-08_23:00:35 INFO Main::KeepDatabaseAlive
2023-04-08_23:05:35 INFO Main::KeepDatabaseAlive
2023-04-08_23:10:35 INFO Main::KeepDatabaseAlive
2023-04-08_23:15:35 INFO Main::KeepDatabaseAlive
2023-04-08_23:20:35 INFO Main::KeepDatabaseAlive
2023-04-08_23:25:35 INFO Main::KeepDatabaseAlive
2023-04-08_23:30:35 INFO Main::KeepDatabaseAlive
2023-04-08_23:35:35 INFO Main::KeepDatabaseAlive
2023-04-08_23:40:35 INFO Main::KeepDatabaseAlive
2023-04-08_23:45:35 INFO Main::KeepDatabaseAlive
2023-04-08_23:50:35 INFO Main::KeepDatabaseAlive
2023-04-08_23:55:35 INFO Main::KeepDatabaseAlive
