2023-03-29_08:26:46 INFO Opening DatabasePool 'login'. Asynchronous connections: 1, synchronous connections: 2.
2023-03-29_08:26:46 INFO MySQL client library: 5.6.29
2023-03-29_08:26:46 INFO MySQL server ver: 5.7.41-log 
2023-03-29_08:26:46 INFO Connected to MySQL database at 127.0.0.1
2023-03-29_08:26:46 INFO MySQL client library: 5.6.29
2023-03-29_08:26:46 INFO MySQL server ver: 5.7.41-log 
2023-03-29_08:26:46 INFO Connected to MySQL database at 127.0.0.1
2023-03-29_08:26:46 INFO MySQL client library: 5.6.29
2023-03-29_08:26:46 INFO MySQL server ver: 5.7.41-log 
2023-03-29_08:26:46 INFO Connected to MySQL database at 127.0.0.1
2023-03-29_08:26:46 INFO DatabasePool 'login' opened successfully. 3 total connections running.
2023-03-29_08:31:46 INFO Main::KeepDatabaseAlive
2023-03-29_08:36:46 INFO Main::KeepDatabaseAlive
2023-03-29_08:41:46 INFO Main::KeepDatabaseAlive
2023-03-29_08:46:46 INFO Main::KeepDatabaseAlive
2023-03-29_08:51:46 INFO Main::KeepDatabaseAlive
2023-03-29_08:56:46 INFO Main::KeepDatabaseAlive
2023-03-29_09:01:46 INFO Main::KeepDatabaseAlive
2023-03-29_09:06:46 INFO Main::KeepDatabaseAlive
2023-03-29_09:11:46 INFO Main::KeepDatabaseAlive
2023-03-29_09:16:46 INFO Main::KeepDatabaseAlive
2023-03-29_09:21:46 INFO Main::KeepDatabaseAlive
2023-03-29_09:26:46 INFO Main::KeepDatabaseAlive
2023-03-29_09:31:46 INFO Main::KeepDatabaseAlive
2023-03-29_09:36:46 INFO Main::KeepDatabaseAlive
2023-03-29_09:41:46 INFO Main::KeepDatabaseAlive
2023-03-29_09:46:46 INFO Main::KeepDatabaseAlive
2023-03-29_09:51:46 INFO Main::KeepDatabaseAlive
2023-03-29_09:56:46 INFO Main::KeepDatabaseAlive
2023-03-29_10:01:46 INFO Main::KeepDatabaseAlive
2023-03-29_10:06:46 INFO Main::KeepDatabaseAlive
2023-03-29_10:11:46 INFO Main::KeepDatabaseAlive
2023-03-29_10:16:46 INFO Main::KeepDatabaseAlive
2023-03-29_10:21:46 INFO Main::KeepDatabaseAlive
2023-03-29_10:26:46 INFO Main::KeepDatabaseAlive
2023-03-29_10:31:46 INFO Main::KeepDatabaseAlive
2023-03-29_10:36:46 INFO Main::KeepDatabaseAlive
2023-03-29_10:41:46 INFO Main::KeepDatabaseAlive
2023-03-29_10:46:46 INFO Main::KeepDatabaseAlive
2023-03-29_10:51:46 INFO Main::KeepDatabaseAlive
2023-03-29_10:56:46 INFO Main::KeepDatabaseAlive
2023-03-29_11:01:46 INFO Main::KeepDatabaseAlive
2023-03-29_11:06:46 INFO Main::KeepDatabaseAlive
2023-03-29_11:11:46 INFO Main::KeepDatabaseAlive
2023-03-29_11:16:46 INFO Main::KeepDatabaseAlive
2023-03-29_11:21:46 INFO Main::KeepDatabaseAlive
2023-03-29_11:26:46 INFO Main::KeepDatabaseAlive
2023-03-29_11:31:46 INFO Main::KeepDatabaseAlive
2023-03-29_11:36:46 INFO Main::KeepDatabaseAlive
2023-03-29_11:41:46 INFO Main::KeepDatabaseAlive
2023-03-29_11:46:46 INFO Main::KeepDatabaseAlive
2023-03-29_11:51:46 INFO Main::KeepDatabaseAlive
2023-03-29_11:56:46 INFO Main::KeepDatabaseAlive
2023-03-29_12:01:46 INFO Main::KeepDatabaseAlive
2023-03-29_12:06:46 INFO Main::KeepDatabaseAlive
2023-03-29_12:11:46 INFO Main::KeepDatabaseAlive
2023-03-29_12:16:46 INFO Main::KeepDatabaseAlive
2023-03-29_12:21:46 INFO Main::KeepDatabaseAlive
2023-03-29_12:26:46 INFO Main::KeepDatabaseAlive
2023-03-29_12:31:46 INFO Main::KeepDatabaseAlive
2023-03-29_12:36:46 INFO Main::KeepDatabaseAlive
2023-03-29_12:41:46 INFO Main::KeepDatabaseAlive
2023-03-29_12:46:46 INFO Main::KeepDatabaseAlive
2023-03-29_12:51:46 INFO Main::KeepDatabaseAlive
2023-03-29_12:56:46 INFO Main::KeepDatabaseAlive
2023-03-29_13:01:46 INFO Main::KeepDatabaseAlive
2023-03-29_13:06:46 INFO Main::KeepDatabaseAlive
2023-03-29_13:11:46 INFO Main::KeepDatabaseAlive
2023-03-29_13:16:46 INFO Main::KeepDatabaseAlive
2023-03-29_13:21:46 INFO Main::KeepDatabaseAlive
2023-03-29_13:26:46 INFO Main::KeepDatabaseAlive
2023-03-29_13:31:46 INFO Main::KeepDatabaseAlive
2023-03-29_13:36:46 INFO Main::KeepDatabaseAlive
2023-03-29_13:41:46 INFO Main::KeepDatabaseAlive
2023-03-29_13:46:46 INFO Main::KeepDatabaseAlive
2023-03-29_13:51:46 INFO Main::KeepDatabaseAlive
2023-03-29_13:56:46 INFO Main::KeepDatabaseAlive
2023-03-29_14:01:46 INFO Main::KeepDatabaseAlive
2023-03-29_14:06:46 INFO Main::KeepDatabaseAlive
2023-03-29_14:11:46 INFO Main::KeepDatabaseAlive
2023-03-29_14:16:46 INFO Main::KeepDatabaseAlive
2023-03-29_14:21:46 INFO Main::KeepDatabaseAlive
2023-03-29_14:26:46 INFO Main::KeepDatabaseAlive
2023-03-29_14:31:46 INFO Main::KeepDatabaseAlive
2023-03-29_14:36:46 INFO Main::KeepDatabaseAlive
2023-03-29_14:41:46 INFO Main::KeepDatabaseAlive
2023-03-29_14:46:46 INFO Main::KeepDatabaseAlive
2023-03-29_14:51:46 INFO Main::KeepDatabaseAlive
2023-03-29_14:56:46 INFO Main::KeepDatabaseAlive
2023-03-29_15:01:46 INFO Main::KeepDatabaseAlive
2023-03-29_15:06:46 INFO Main::KeepDatabaseAlive
2023-03-29_15:11:46 INFO Main::KeepDatabaseAlive
2023-03-29_15:16:46 INFO Main::KeepDatabaseAlive
2023-03-29_15:21:46 INFO Main::KeepDatabaseAlive
2023-03-29_15:26:46 INFO Main::KeepDatabaseAlive
2023-03-29_15:31:46 INFO Main::KeepDatabaseAlive
2023-03-29_15:36:46 INFO Main::KeepDatabaseAlive
2023-03-29_15:41:46 INFO Main::KeepDatabaseAlive
2023-03-29_15:46:46 INFO Main::KeepDatabaseAlive
2023-03-29_15:51:46 INFO Main::KeepDatabaseAlive
2023-03-29_15:56:46 INFO Main::KeepDatabaseAlive
2023-03-29_16:01:46 INFO Main::KeepDatabaseAlive
2023-03-29_16:06:46 INFO Main::KeepDatabaseAlive
2023-03-29_16:11:46 INFO Main::KeepDatabaseAlive
2023-03-29_16:16:46 INFO Main::KeepDatabaseAlive
2023-03-29_16:21:46 INFO Main::KeepDatabaseAlive
2023-03-29_16:26:46 INFO Main::KeepDatabaseAlive
2023-03-29_16:31:46 INFO Main::KeepDatabaseAlive
2023-03-29_16:36:46 INFO Main::KeepDatabaseAlive
2023-03-29_16:41:46 INFO Main::KeepDatabaseAlive
2023-03-29_16:46:46 INFO Main::KeepDatabaseAlive
2023-03-29_16:51:46 INFO Main::KeepDatabaseAlive
2023-03-29_16:56:46 INFO Main::KeepDatabaseAlive
2023-03-29_17:01:46 INFO Main::KeepDatabaseAlive
2023-03-29_17:06:46 INFO Main::KeepDatabaseAlive
2023-03-29_17:11:46 INFO Main::KeepDatabaseAlive
2023-03-29_17:16:46 INFO Main::KeepDatabaseAlive
2023-03-29_17:21:46 INFO Main::KeepDatabaseAlive
2023-03-29_17:26:46 INFO Main::KeepDatabaseAlive
2023-03-29_17:31:46 INFO Main::KeepDatabaseAlive
2023-03-29_17:36:46 INFO Main::KeepDatabaseAlive
2023-03-29_17:41:46 INFO Main::KeepDatabaseAlive
2023-03-29_17:46:46 INFO Main::KeepDatabaseAlive
2023-03-29_17:51:46 INFO Main::KeepDatabaseAlive
2023-03-29_17:56:46 INFO Main::KeepDatabaseAlive
2023-03-29_18:01:46 INFO Main::KeepDatabaseAlive
2023-03-29_18:06:46 INFO Main::KeepDatabaseAlive
2023-03-29_18:11:46 INFO Main::KeepDatabaseAlive
2023-03-29_18:16:46 INFO Main::KeepDatabaseAlive
2023-03-29_18:21:46 INFO Main::KeepDatabaseAlive
2023-03-29_18:26:46 INFO Main::KeepDatabaseAlive
2023-03-29_18:31:46 INFO Main::KeepDatabaseAlive
2023-03-29_18:36:46 INFO Main::KeepDatabaseAlive
2023-03-29_18:41:46 INFO Main::KeepDatabaseAlive
2023-03-29_18:46:46 INFO Main::KeepDatabaseAlive
2023-03-29_18:51:46 INFO Main::KeepDatabaseAlive
2023-03-29_18:56:46 INFO Main::KeepDatabaseAlive
2023-03-29_19:01:46 INFO Main::KeepDatabaseAlive
2023-03-29_19:06:46 INFO Main::KeepDatabaseAlive
2023-03-29_19:11:46 INFO Main::KeepDatabaseAlive
2023-03-29_19:16:46 INFO Main::KeepDatabaseAlive
2023-03-29_19:21:46 INFO Main::KeepDatabaseAlive
2023-03-29_19:26:46 INFO Main::KeepDatabaseAlive
2023-03-29_19:31:46 INFO Main::KeepDatabaseAlive
2023-03-29_19:36:46 INFO Main::KeepDatabaseAlive
2023-03-29_19:41:46 INFO Main::KeepDatabaseAlive
2023-03-29_19:46:46 INFO Main::KeepDatabaseAlive
2023-03-29_19:51:46 INFO Main::KeepDatabaseAlive
2023-03-29_19:56:46 INFO Main::KeepDatabaseAlive
2023-03-29_20:01:46 INFO Main::KeepDatabaseAlive
2023-03-29_20:06:46 INFO Main::KeepDatabaseAlive
2023-03-29_20:11:46 INFO Main::KeepDatabaseAlive
2023-03-29_20:16:46 INFO Main::KeepDatabaseAlive
2023-03-29_20:21:46 INFO Main::KeepDatabaseAlive
2023-03-29_20:26:46 INFO Main::KeepDatabaseAlive
2023-03-29_20:31:46 INFO Main::KeepDatabaseAlive
2023-03-29_20:36:46 INFO Main::KeepDatabaseAlive
2023-03-29_20:41:46 INFO Main::KeepDatabaseAlive
2023-03-29_20:46:46 INFO Main::KeepDatabaseAlive
2023-03-29_20:51:46 INFO Main::KeepDatabaseAlive
2023-03-29_20:56:46 INFO Main::KeepDatabaseAlive
2023-03-29_21:01:46 INFO Main::KeepDatabaseAlive
2023-03-29_21:06:46 INFO Main::KeepDatabaseAlive
2023-03-29_21:11:46 INFO Main::KeepDatabaseAlive
2023-03-29_21:16:46 INFO Main::KeepDatabaseAlive
2023-03-29_21:21:46 INFO Main::KeepDatabaseAlive
2023-03-29_21:26:46 INFO Main::KeepDatabaseAlive
2023-03-29_21:31:46 INFO Main::KeepDatabaseAlive
2023-03-29_21:36:46 INFO Main::KeepDatabaseAlive
2023-03-29_21:41:46 INFO Main::KeepDatabaseAlive
2023-03-29_21:46:46 INFO Main::KeepDatabaseAlive
2023-03-29_21:51:46 INFO Main::KeepDatabaseAlive
2023-03-29_21:56:46 INFO Main::KeepDatabaseAlive
2023-03-29_22:01:46 INFO Main::KeepDatabaseAlive
2023-03-29_22:06:46 INFO Main::KeepDatabaseAlive
2023-03-29_22:11:46 INFO Main::KeepDatabaseAlive
2023-03-29_22:16:46 INFO Main::KeepDatabaseAlive
2023-03-29_22:21:46 INFO Main::KeepDatabaseAlive
2023-03-29_22:26:46 INFO Main::KeepDatabaseAlive
2023-03-29_22:31:46 INFO Main::KeepDatabaseAlive
2023-03-29_22:36:46 INFO Main::KeepDatabaseAlive
2023-03-29_22:41:46 INFO Main::KeepDatabaseAlive
2023-03-29_22:46:46 INFO Main::KeepDatabaseAlive
2023-03-29_22:51:46 INFO Main::KeepDatabaseAlive
2023-03-29_22:56:46 INFO Main::KeepDatabaseAlive
2023-03-29_23:01:46 INFO Main::KeepDatabaseAlive
2023-03-29_23:06:46 INFO Main::KeepDatabaseAlive
2023-03-29_23:11:46 INFO Main::KeepDatabaseAlive
2023-03-29_23:16:46 INFO Main::KeepDatabaseAlive
2023-03-29_23:21:46 INFO Main::KeepDatabaseAlive
2023-03-29_23:26:46 INFO Main::KeepDatabaseAlive
2023-03-29_23:31:46 INFO Main::KeepDatabaseAlive
2023-03-29_23:36:46 INFO Main::KeepDatabaseAlive
2023-03-29_23:41:46 INFO Main::KeepDatabaseAlive
2023-03-29_23:46:46 INFO Main::KeepDatabaseAlive
2023-03-29_23:51:46 INFO Main::KeepDatabaseAlive
2023-03-29_23:56:46 INFO Main::KeepDatabaseAlive
