2023-04-06_21:46:46 INFO Opening DatabasePool 'login'. Asynchronous connections: 1, synchronous connections: 2.
2023-04-06_21:46:46 INFO MySQL client library: 5.6.29
2023-04-06_21:46:46 INFO MySQL server ver: 5.7.41-log 
2023-04-06_21:46:46 INFO Connected to MySQL database at 127.0.0.1
2023-04-06_21:46:46 INFO MySQL client library: 5.6.29
2023-04-06_21:46:46 INFO MySQL server ver: 5.7.41-log 
2023-04-06_21:46:46 INFO Connected to MySQL database at 127.0.0.1
2023-04-06_21:46:46 INFO MySQL client library: 5.6.29
2023-04-06_21:46:46 INFO MySQL server ver: 5.7.41-log 
2023-04-06_21:46:46 INFO Connected to MySQL database at 127.0.0.1
2023-04-06_21:46:46 INFO DatabasePool 'login' opened successfully. 3 total connections running.
2023-04-06_21:51:46 INFO Main::KeepDatabaseAlive
2023-04-06_21:56:46 INFO Main::KeepDatabaseAlive
2023-04-06_22:01:46 INFO Main::KeepDatabaseAlive
2023-04-06_22:06:46 INFO Main::KeepDatabaseAlive
2023-04-06_22:11:46 INFO Main::KeepDatabaseAlive
2023-04-06_22:16:46 INFO Main::KeepDatabaseAlive
2023-04-06_22:21:46 INFO Main::KeepDatabaseAlive
2023-04-06_22:26:46 INFO Main::KeepDatabaseAlive
2023-04-06_22:31:46 INFO Main::KeepDatabaseAlive
2023-04-06_22:36:46 INFO Main::KeepDatabaseAlive
2023-04-06_22:41:46 INFO Main::KeepDatabaseAlive
2023-04-06_22:46:46 INFO Main::KeepDatabaseAlive
2023-04-06_22:51:46 INFO Main::KeepDatabaseAlive
2023-04-06_22:56:46 INFO Main::KeepDatabaseAlive
2023-04-06_23:01:46 INFO Main::KeepDatabaseAlive
2023-04-06_23:06:46 INFO Main::KeepDatabaseAlive
2023-04-06_23:11:46 INFO Main::KeepDatabaseAlive
2023-04-06_23:16:46 INFO Main::KeepDatabaseAlive
2023-04-06_23:21:46 INFO Main::KeepDatabaseAlive
2023-04-06_23:26:46 INFO Main::KeepDatabaseAlive
2023-04-06_23:31:46 INFO Main::KeepDatabaseAlive
2023-04-06_23:36:46 INFO Main::KeepDatabaseAlive
2023-04-06_23:41:46 INFO Main::KeepDatabaseAlive
2023-04-06_23:46:46 INFO Main::KeepDatabaseAlive
2023-04-06_23:51:46 INFO Main::KeepDatabaseAlive
2023-04-06_23:56:46 INFO Main::KeepDatabaseAlive
