2023-04-06_00:03:19 INFO Main::KeepDatabaseAlive
2023-04-06_00:08:19 INFO Main::KeepDatabaseAlive
2023-04-06_00:13:19 INFO Main::KeepDatabaseAlive
2023-04-06_00:18:19 INFO Main::KeepDatabaseAlive
2023-04-06_00:23:19 INFO Main::KeepDatabaseAlive
2023-04-06_00:28:19 INFO Main::KeepDatabaseAlive
2023-04-06_00:33:19 INFO Main::KeepDatabaseAlive
2023-04-06_00:38:19 INFO Main::KeepDatabaseAlive
2023-04-06_00:43:19 INFO Main::KeepDatabaseAlive
2023-04-06_00:48:19 INFO Main::KeepDatabaseAlive
2023-04-06_00:53:19 INFO Main::KeepDatabaseAlive
2023-04-06_00:58:19 INFO Main::KeepDatabaseAlive
2023-04-06_01:03:19 INFO Main::KeepDatabaseAlive
2023-04-06_01:08:19 INFO Main::KeepDatabaseAlive
2023-04-06_01:13:19 INFO Main::KeepDatabaseAlive
2023-04-06_01:18:19 INFO Main::KeepDatabaseAlive
2023-04-06_01:23:19 INFO Main::KeepDatabaseAlive
2023-04-06_01:28:19 INFO Main::KeepDatabaseAlive
2023-04-06_01:33:19 INFO Main::KeepDatabaseAlive
2023-04-06_01:38:19 INFO Main::KeepDatabaseAlive
2023-04-06_01:43:19 INFO Main::KeepDatabaseAlive
2023-04-06_01:48:19 INFO Main::KeepDatabaseAlive
2023-04-06_01:53:19 INFO Main::KeepDatabaseAlive
2023-04-06_01:58:19 INFO Main::KeepDatabaseAlive
2023-04-06_02:03:19 INFO Main::KeepDatabaseAlive
2023-04-06_02:08:19 INFO Main::KeepDatabaseAlive
2023-04-06_02:13:19 INFO Main::KeepDatabaseAlive
2023-04-06_02:18:19 INFO Main::KeepDatabaseAlive
2023-04-06_02:23:19 INFO Main::KeepDatabaseAlive
2023-04-06_02:28:19 INFO Main::KeepDatabaseAlive
2023-04-06_02:33:19 INFO Main::KeepDatabaseAlive
2023-04-06_02:38:19 INFO Main::KeepDatabaseAlive
2023-04-06_02:43:19 INFO Main::KeepDatabaseAlive
2023-04-06_02:48:19 INFO Main::KeepDatabaseAlive
2023-04-06_02:53:19 INFO Main::KeepDatabaseAlive
2023-04-06_02:58:19 INFO Main::KeepDatabaseAlive
2023-04-06_03:03:19 INFO Main::KeepDatabaseAlive
2023-04-06_03:08:19 INFO Main::KeepDatabaseAlive
2023-04-06_03:13:19 INFO Main::KeepDatabaseAlive
2023-04-06_03:18:19 INFO Main::KeepDatabaseAlive
2023-04-06_03:23:19 INFO Main::KeepDatabaseAlive
2023-04-06_03:28:19 INFO Main::KeepDatabaseAlive
2023-04-06_03:33:19 INFO Main::KeepDatabaseAlive
2023-04-06_03:38:19 INFO Main::KeepDatabaseAlive
2023-04-06_03:43:19 INFO Main::KeepDatabaseAlive
2023-04-06_03:48:19 INFO Main::KeepDatabaseAlive
2023-04-06_03:53:19 INFO Main::KeepDatabaseAlive
2023-04-06_03:58:19 INFO Main::KeepDatabaseAlive
2023-04-06_04:03:19 INFO Main::KeepDatabaseAlive
2023-04-06_04:08:19 INFO Main::KeepDatabaseAlive
2023-04-06_04:13:19 INFO Main::KeepDatabaseAlive
2023-04-06_04:18:19 INFO Main::KeepDatabaseAlive
2023-04-06_04:23:19 INFO Main::KeepDatabaseAlive
2023-04-06_04:28:19 INFO Main::KeepDatabaseAlive
2023-04-06_04:33:19 INFO Main::KeepDatabaseAlive
2023-04-06_04:38:19 INFO Main::KeepDatabaseAlive
2023-04-06_04:43:19 INFO Main::KeepDatabaseAlive
2023-04-06_04:48:19 INFO Main::KeepDatabaseAlive
2023-04-06_04:53:19 INFO Main::KeepDatabaseAlive
2023-04-06_04:58:19 INFO Main::KeepDatabaseAlive
2023-04-06_05:03:19 INFO Main::KeepDatabaseAlive
2023-04-06_05:08:19 INFO Main::KeepDatabaseAlive
2023-04-06_05:13:19 INFO Main::KeepDatabaseAlive
2023-04-06_05:18:19 INFO Main::KeepDatabaseAlive
2023-04-06_05:23:19 INFO Main::KeepDatabaseAlive
2023-04-06_05:28:19 INFO Main::KeepDatabaseAlive
2023-04-06_05:33:19 INFO Main::KeepDatabaseAlive
2023-04-06_05:38:19 INFO Main::KeepDatabaseAlive
2023-04-06_05:43:19 INFO Main::KeepDatabaseAlive
2023-04-06_05:48:19 INFO Main::KeepDatabaseAlive
2023-04-06_05:53:19 INFO Main::KeepDatabaseAlive
2023-04-06_05:58:19 INFO Main::KeepDatabaseAlive
2023-04-06_06:03:19 INFO Main::KeepDatabaseAlive
2023-04-06_06:08:19 INFO Main::KeepDatabaseAlive
2023-04-06_06:13:19 INFO Main::KeepDatabaseAlive
2023-04-06_06:18:19 INFO Main::KeepDatabaseAlive
2023-04-06_06:23:19 INFO Main::KeepDatabaseAlive
2023-04-06_06:28:19 INFO Main::KeepDatabaseAlive
2023-04-06_06:33:19 INFO Main::KeepDatabaseAlive
2023-04-06_06:38:19 INFO Main::KeepDatabaseAlive
2023-04-06_06:43:19 INFO Main::KeepDatabaseAlive
2023-04-06_06:48:19 INFO Main::KeepDatabaseAlive
2023-04-06_06:53:19 INFO Main::KeepDatabaseAlive
2023-04-06_06:58:19 INFO Main::KeepDatabaseAlive
2023-04-06_07:03:19 INFO Main::KeepDatabaseAlive
2023-04-06_07:08:19 INFO Main::KeepDatabaseAlive
2023-04-06_07:13:19 INFO Main::KeepDatabaseAlive
2023-04-06_07:18:19 INFO Main::KeepDatabaseAlive
2023-04-06_07:23:19 INFO Main::KeepDatabaseAlive
2023-04-06_07:28:19 INFO Main::KeepDatabaseAlive
2023-04-06_07:33:19 INFO Main::KeepDatabaseAlive
2023-04-06_07:38:19 INFO Main::KeepDatabaseAlive
2023-04-06_07:43:19 INFO Main::KeepDatabaseAlive
2023-04-06_07:48:19 INFO Main::KeepDatabaseAlive
2023-04-06_07:53:19 INFO Main::KeepDatabaseAlive
2023-04-06_07:58:19 INFO Main::KeepDatabaseAlive
2023-04-06_08:03:19 INFO Main::KeepDatabaseAlive
2023-04-06_08:08:19 INFO Main::KeepDatabaseAlive
2023-04-06_08:13:19 INFO Main::KeepDatabaseAlive
2023-04-06_08:18:19 INFO Main::KeepDatabaseAlive
2023-04-06_08:23:19 INFO Main::KeepDatabaseAlive
2023-04-06_08:28:19 INFO Main::KeepDatabaseAlive
2023-04-06_08:33:19 INFO Main::KeepDatabaseAlive
2023-04-06_08:38:19 INFO Main::KeepDatabaseAlive
2023-04-06_08:43:19 INFO Main::KeepDatabaseAlive
2023-04-06_08:48:19 INFO Main::KeepDatabaseAlive
2023-04-06_08:53:19 INFO Main::KeepDatabaseAlive
2023-04-06_08:58:19 INFO Main::KeepDatabaseAlive
2023-04-06_09:03:19 INFO Main::KeepDatabaseAlive
2023-04-06_09:08:19 INFO Main::KeepDatabaseAlive
2023-04-06_09:13:19 INFO Main::KeepDatabaseAlive
2023-04-06_09:18:19 INFO Main::KeepDatabaseAlive
2023-04-06_09:23:19 INFO Main::KeepDatabaseAlive
2023-04-06_09:28:19 INFO Main::KeepDatabaseAlive
2023-04-06_09:33:19 INFO Main::KeepDatabaseAlive
2023-04-06_09:38:19 INFO Main::KeepDatabaseAlive
2023-04-06_09:43:19 INFO Main::KeepDatabaseAlive
2023-04-06_09:48:19 INFO Main::KeepDatabaseAlive
2023-04-06_09:53:19 INFO Main::KeepDatabaseAlive
2023-04-06_09:58:19 INFO Main::KeepDatabaseAlive
2023-04-06_10:03:19 INFO Main::KeepDatabaseAlive
2023-04-06_10:08:19 INFO Main::KeepDatabaseAlive
2023-04-06_10:13:19 INFO Main::KeepDatabaseAlive
2023-04-06_10:18:19 INFO Main::KeepDatabaseAlive
2023-04-06_10:23:19 INFO Main::KeepDatabaseAlive
2023-04-06_10:28:19 INFO Main::KeepDatabaseAlive
2023-04-06_10:33:19 INFO Main::KeepDatabaseAlive
2023-04-06_10:38:19 INFO Main::KeepDatabaseAlive
2023-04-06_10:43:19 INFO Main::KeepDatabaseAlive
2023-04-06_10:48:19 INFO Main::KeepDatabaseAlive
2023-04-06_10:53:19 INFO Main::KeepDatabaseAlive
2023-04-06_10:58:19 INFO Main::KeepDatabaseAlive
2023-04-06_11:03:19 INFO Main::KeepDatabaseAlive
2023-04-06_11:08:19 INFO Main::KeepDatabaseAlive
2023-04-06_11:13:19 INFO Main::KeepDatabaseAlive
2023-04-06_11:18:19 INFO Main::KeepDatabaseAlive
2023-04-06_11:23:19 INFO Main::KeepDatabaseAlive
2023-04-06_11:28:19 INFO Main::KeepDatabaseAlive
2023-04-06_11:33:19 INFO Main::KeepDatabaseAlive
2023-04-06_11:38:19 INFO Main::KeepDatabaseAlive
2023-04-06_11:43:19 INFO Main::KeepDatabaseAlive
2023-04-06_11:48:19 INFO Main::KeepDatabaseAlive
2023-04-06_11:53:19 INFO Main::KeepDatabaseAlive
2023-04-06_11:58:19 INFO Main::KeepDatabaseAlive
2023-04-06_12:03:19 INFO Main::KeepDatabaseAlive
2023-04-06_12:08:19 INFO Main::KeepDatabaseAlive
2023-04-06_12:13:19 INFO Main::KeepDatabaseAlive
2023-04-06_12:18:19 INFO Main::KeepDatabaseAlive
2023-04-06_12:23:19 INFO Main::KeepDatabaseAlive
2023-04-06_12:28:19 INFO Main::KeepDatabaseAlive
2023-04-06_12:33:19 INFO Main::KeepDatabaseAlive
2023-04-06_12:38:19 INFO Main::KeepDatabaseAlive
2023-04-06_12:43:19 INFO Main::KeepDatabaseAlive
2023-04-06_12:48:19 INFO Main::KeepDatabaseAlive
2023-04-06_12:53:19 INFO Main::KeepDatabaseAlive
2023-04-06_12:58:19 INFO Main::KeepDatabaseAlive
2023-04-06_13:03:19 INFO Main::KeepDatabaseAlive
2023-04-06_13:08:19 INFO Main::KeepDatabaseAlive
2023-04-06_13:13:19 INFO Main::KeepDatabaseAlive
2023-04-06_13:18:19 INFO Main::KeepDatabaseAlive
2023-04-06_13:23:19 INFO Main::KeepDatabaseAlive
2023-04-06_13:28:19 INFO Main::KeepDatabaseAlive
2023-04-06_13:33:19 INFO Main::KeepDatabaseAlive
2023-04-06_13:38:19 INFO Main::KeepDatabaseAlive
2023-04-06_13:43:19 INFO Main::KeepDatabaseAlive
2023-04-06_13:48:19 INFO Main::KeepDatabaseAlive
2023-04-06_13:53:19 INFO Main::KeepDatabaseAlive
2023-04-06_13:58:19 INFO Main::KeepDatabaseAlive
2023-04-06_14:03:19 INFO Main::KeepDatabaseAlive
2023-04-06_14:08:19 INFO Main::KeepDatabaseAlive
2023-04-06_14:13:19 INFO Main::KeepDatabaseAlive
2023-04-06_14:18:19 INFO Main::KeepDatabaseAlive
2023-04-06_14:23:19 INFO Main::KeepDatabaseAlive
2023-04-06_14:28:19 INFO Main::KeepDatabaseAlive
2023-04-06_14:33:19 INFO Main::KeepDatabaseAlive
2023-04-06_14:38:19 INFO Main::KeepDatabaseAlive
2023-04-06_14:43:19 INFO Main::KeepDatabaseAlive
2023-04-06_14:48:19 INFO Main::KeepDatabaseAlive
2023-04-06_14:53:19 INFO Main::KeepDatabaseAlive
2023-04-06_14:58:19 INFO Main::KeepDatabaseAlive
2023-04-06_15:03:19 INFO Main::KeepDatabaseAlive
2023-04-06_15:08:19 INFO Main::KeepDatabaseAlive
2023-04-06_15:13:19 INFO Main::KeepDatabaseAlive
2023-04-06_15:18:19 INFO Main::KeepDatabaseAlive
2023-04-06_15:23:19 INFO Main::KeepDatabaseAlive
2023-04-06_15:28:19 INFO Main::KeepDatabaseAlive
2023-04-06_15:33:19 INFO Main::KeepDatabaseAlive
2023-04-06_15:38:19 INFO Main::KeepDatabaseAlive
2023-04-06_15:43:19 INFO Main::KeepDatabaseAlive
2023-04-06_15:48:19 INFO Main::KeepDatabaseAlive
2023-04-06_15:53:19 INFO Main::KeepDatabaseAlive
2023-04-06_15:58:19 INFO Main::KeepDatabaseAlive
2023-04-06_16:03:19 INFO Main::KeepDatabaseAlive
2023-04-06_16:08:19 INFO Main::KeepDatabaseAlive
2023-04-06_16:13:19 INFO Main::KeepDatabaseAlive
2023-04-06_16:18:19 INFO Main::KeepDatabaseAlive
2023-04-06_16:23:19 INFO Main::KeepDatabaseAlive
2023-04-06_16:28:19 INFO Main::KeepDatabaseAlive
2023-04-06_16:33:19 INFO Main::KeepDatabaseAlive
2023-04-06_16:38:19 INFO Main::KeepDatabaseAlive
2023-04-06_16:43:19 INFO Main::KeepDatabaseAlive
2023-04-06_16:48:19 INFO Main::KeepDatabaseAlive
2023-04-06_16:53:19 INFO Main::KeepDatabaseAlive
2023-04-06_16:58:19 INFO Main::KeepDatabaseAlive
2023-04-06_17:03:19 INFO Main::KeepDatabaseAlive
2023-04-06_17:08:19 INFO Main::KeepDatabaseAlive
2023-04-06_17:13:19 INFO Main::KeepDatabaseAlive
2023-04-06_17:18:19 INFO Main::KeepDatabaseAlive
2023-04-06_17:23:19 INFO Main::KeepDatabaseAlive
2023-04-06_17:28:19 INFO Main::KeepDatabaseAlive
2023-04-06_17:33:19 INFO Main::KeepDatabaseAlive
2023-04-06_17:38:19 INFO Main::KeepDatabaseAlive
2023-04-06_17:43:19 INFO Main::KeepDatabaseAlive
2023-04-06_17:48:19 INFO Main::KeepDatabaseAlive
2023-04-06_17:53:19 INFO Main::KeepDatabaseAlive
2023-04-06_17:58:19 INFO Main::KeepDatabaseAlive
2023-04-06_18:03:19 INFO Main::KeepDatabaseAlive
2023-04-06_18:08:19 INFO Main::KeepDatabaseAlive
2023-04-06_18:13:19 INFO Main::KeepDatabaseAlive
2023-04-06_18:18:19 INFO Main::KeepDatabaseAlive
2023-04-06_18:23:19 INFO Main::KeepDatabaseAlive
2023-04-06_18:28:19 INFO Main::KeepDatabaseAlive
2023-04-06_18:33:19 INFO Main::KeepDatabaseAlive
2023-04-06_18:35:42 ERROR SQL(p): SELECT a.guid, a.blocked, a.security_code, b.online, c.account_id, a.facebook_status, a.golden_channel, d.account_id, e.account_id, e.block_date, a.secured, a.account, f.account_id, f.unban_date, g.disk_serial FROM accounts AS a LEFT JOIN accounts_status AS b ON a.guid = b.account_id AND b.server_group = 0 LEFT JOIN accounts_allowed AS c ON a.guid = c.account_id AND c.server = 0 LEFT JOIN accounts_validation AS d ON a.guid = d.account_id AND d.disk_serial = 0 LEFT JOIN accounts_warning AS e ON a.guid = e.account_id AND e.disk_serial = 0 LEFT JOIN accounts_banned AS f ON a.guid = f.account_id LEFT JOIN master_pc AS g ON g.disk_serial = 0 AND g.mac = '' WHERE ((a.account = 'helloworld' AND a.password = 'f167e20d062cf25bc637d07ac953100d7506e3d25c1c0cba4fe9d19fce8351d3') OR (a.guid = 0) OR (a.account = 'helloworld' AND g.disk_serial = 0 AND g.mac = '')) AND a.guid != 0
 [ERROR]: [2006] Lost connection to MySQL server during query
2023-04-06_18:35:42 INFO Connected to MySQL database at sql975.main-hosting.eu
2023-04-06_18:35:42 INFO Connection to the MySQL server is active.
2023-04-06_18:35:42 INFO Successfully reconnected to u897592642_login @sql975.main-hosting.eu:3306 (synchronous).
2023-04-06_18:35:42 INFO SQL: START TRANSACTION
2023-04-06_18:35:42 ERROR [2006] MySQL server has gone away
2023-04-06_18:35:42 INFO Connected to MySQL database at sql975.main-hosting.eu
2023-04-06_18:35:42 INFO Connection to the MySQL server is active.
2023-04-06_18:35:42 INFO Successfully reconnected to u897592642_login @sql975.main-hosting.eu:3306 (asynchronous).
2023-04-06_18:38:19 INFO Main::KeepDatabaseAlive
2023-04-06_18:43:19 INFO Main::KeepDatabaseAlive
2023-04-06_18:48:19 INFO Main::KeepDatabaseAlive
2023-04-06_18:53:19 INFO Main::KeepDatabaseAlive
2023-04-06_18:58:19 INFO Main::KeepDatabaseAlive
2023-04-06_19:03:19 INFO Main::KeepDatabaseAlive
2023-04-06_19:08:19 INFO Main::KeepDatabaseAlive
2023-04-06_19:13:19 INFO Main::KeepDatabaseAlive
2023-04-06_19:18:19 INFO Main::KeepDatabaseAlive
2023-04-06_19:23:19 INFO Main::KeepDatabaseAlive
2023-04-06_19:28:19 INFO Main::KeepDatabaseAlive
2023-04-06_19:33:19 INFO Main::KeepDatabaseAlive
2023-04-06_19:38:19 INFO Main::KeepDatabaseAlive
2023-04-06_19:43:19 INFO Main::KeepDatabaseAlive
2023-04-06_19:48:19 INFO Main::KeepDatabaseAlive
2023-04-06_19:53:19 INFO Main::KeepDatabaseAlive
2023-04-06_19:53:26 INFO Closing down DatabasePool 'u897592642_login'.
2023-04-06_19:53:26 INFO Asynchronous connections on DatabasePool 'u897592642_login' terminated. Proceeding with synchronous connections.
2023-04-06_19:53:26 INFO All connections on DatabasePool 'u897592642_login' closed.
