2023-03-26_01:14:32 INFO Loading World Server...
2023-03-26_01:14:32 INFO >> Loaded 64 world server definitions
2023-03-26_01:14:32 INFO  
2023-03-26_02:37:52 INFO Loading World Server...
2023-03-26_02:37:52 INFO >> Loaded 64 world server definitions
2023-03-26_02:37:52 INFO  
2023-03-26_04:01:12 INFO Loading World Server...
2023-03-26_04:01:12 INFO >> Loaded 64 world server definitions
2023-03-26_04:01:12 INFO  
2023-03-26_05:24:32 INFO Loading World Server...
2023-03-26_05:24:32 INFO >> Loaded 64 world server definitions
2023-03-26_05:24:32 INFO  
2023-03-26_06:47:52 INFO Loading World Server...
2023-03-26_06:47:52 INFO >> Loaded 64 world server definitions
2023-03-26_06:47:52 INFO  
2023-03-26_08:11:12 INFO Loading World Server...
2023-03-26_08:11:12 INFO >> Loaded 64 world server definitions
2023-03-26_08:11:12 INFO  
2023-03-26_09:34:32 INFO Loading World Server...
2023-03-26_09:34:32 INFO >> Loaded 64 world server definitions
2023-03-26_09:34:32 INFO  
2023-03-26_10:57:52 INFO Loading World Server...
2023-03-26_10:57:52 INFO >> Loaded 64 world server definitions
2023-03-26_10:57:52 INFO  
2023-03-26_12:21:12 INFO Loading World Server...
2023-03-26_12:21:12 INFO >> Loaded 64 world server definitions
2023-03-26_12:21:12 INFO  
2023-03-26_13:44:32 INFO Loading World Server...
2023-03-26_13:44:32 INFO >> Loaded 64 world server definitions
2023-03-26_13:44:32 INFO  
2023-03-26_15:07:52 INFO Loading World Server...
2023-03-26_15:07:52 INFO >> Loaded 64 world server definitions
2023-03-26_15:07:52 INFO  
2023-03-26_16:31:12 INFO Loading World Server...
2023-03-26_16:31:12 INFO >> Loaded 64 world server definitions
2023-03-26_16:31:12 INFO  
2023-03-26_17:54:32 INFO Loading World Server...
2023-03-26_17:54:32 INFO >> Loaded 64 world server definitions
2023-03-26_17:54:32 INFO  
2023-03-26_19:17:52 INFO Loading World Server...
2023-03-26_19:17:52 INFO >> Loaded 64 world server definitions
2023-03-26_19:17:52 INFO  
2023-03-26_19:43:37 DEBUG Network Thread exits
2023-03-26_19:43:37 INFO Closing LoginServer
