2023-03-26_19:43:52 INFO ========================================================
2023-03-26_19:43:52 INFO ========================================================
2023-03-26_19:43:52 INFO >>>>>>>>>>>>>>>>>>>>> LOGIN SERVER <<<<<<<<<<<<<<<<<<<<<<
2023-03-26_19:43:52 INFO ========================================================
2023-03-26_19:43:52 INFO ========================================================
2023-03-26_19:43:52 INFO Process priority class set to HIGH
2023-03-26_19:43:52 INFO Starting DB...
2023-03-26_19:43:52 DEBUG Network Thread Starting
2023-03-26_19:43:52 INFO  
2023-03-26_19:43:52 INFO LoginServer Ready
2023-03-26_19:43:53 INFO Loading World Server...
2023-03-26_19:43:53 INFO >> Loaded 64 world server definitions
2023-03-26_19:43:53 INFO  
2023-03-26_21:07:13 INFO Loading World Server...
2023-03-26_21:07:13 INFO >> Loaded 64 world server definitions
2023-03-26_21:07:13 INFO  
2023-03-26_22:30:33 INFO Loading World Server...
2023-03-26_22:30:33 INFO >> Loaded 64 world server definitions
2023-03-26_22:30:33 INFO  
2023-03-26_23:53:53 INFO Loading World Server...
2023-03-26_23:53:53 INFO >> Loaded 64 world server definitions
2023-03-26_23:53:53 INFO  
