2023-04-04_00:24:15 INFO Loading World Server...
2023-04-04_00:24:15 INFO >> Loaded 64 world server definitions
2023-04-04_00:24:15 INFO  
2023-04-04_01:47:35 INFO Loading World Server...
2023-04-04_01:47:35 INFO >> Loaded 64 world server definitions
2023-04-04_01:47:35 INFO  
2023-04-04_03:10:55 INFO Loading World Server...
2023-04-04_03:10:55 INFO >> Loaded 64 world server definitions
2023-04-04_03:10:55 INFO  
2023-04-04_04:34:15 INFO Loading World Server...
2023-04-04_04:34:15 INFO >> Loaded 64 world server definitions
2023-04-04_04:34:15 INFO  
2023-04-04_05:57:35 INFO Loading World Server...
2023-04-04_05:57:35 INFO >> Loaded 64 world server definitions
2023-04-04_05:57:35 INFO  
2023-04-04_07:20:55 INFO Loading World Server...
2023-04-04_07:20:55 INFO >> Loaded 64 world server definitions
2023-04-04_07:20:55 INFO  
2023-04-04_08:44:15 INFO Loading World Server...
2023-04-04_08:44:15 INFO >> Loaded 64 world server definitions
2023-04-04_08:44:15 INFO  
2023-04-04_10:07:35 INFO Loading World Server...
2023-04-04_10:07:35 INFO >> Loaded 64 world server definitions
2023-04-04_10:07:35 INFO  
2023-04-04_11:30:55 INFO Loading World Server...
2023-04-04_11:30:55 INFO >> Loaded 64 world server definitions
2023-04-04_11:30:55 INFO  
2023-04-04_12:54:15 INFO Loading World Server...
2023-04-04_12:54:15 INFO >> Loaded 64 world server definitions
2023-04-04_12:54:15 INFO  
2023-04-04_14:17:35 INFO Loading World Server...
2023-04-04_14:17:35 INFO >> Loaded 64 world server definitions
2023-04-04_14:17:35 INFO  
2023-04-04_15:40:55 INFO Loading World Server...
2023-04-04_15:40:55 INFO >> Loaded 64 world server definitions
2023-04-04_15:40:55 INFO  
2023-04-04_17:04:15 INFO Loading World Server...
2023-04-04_17:04:15 INFO >> Loaded 64 world server definitions
2023-04-04_17:04:15 INFO  
2023-04-04_17:07:23 DEBUG Network Thread exits
2023-04-04_17:07:28 INFO Closing LoginServer
