2023-04-08_14:39:53 INFO ========================================================
2023-04-08_14:39:53 INFO ========================================================
2023-04-08_14:39:53 INFO >>>>>>>>>>>>>>>>>>>>> LOGIN SERVER <<<<<<<<<<<<<<<<<<<<<<
2023-04-08_14:39:53 INFO ========================================================
2023-04-08_14:39:53 INFO ========================================================
2023-04-08_14:39:53 INFO Process priority class set to HIGH
2023-04-08_14:39:53 INFO Starting DB...
2023-04-08_14:39:53 DEBUG Network Thread Starting
2023-04-08_14:39:53 INFO  
2023-04-08_14:39:53 INFO LoginServer Ready
2023-04-08_14:39:54 INFO Loading World Server...
2023-04-08_14:39:54 INFO >> Loaded 64 world server definitions
2023-04-08_14:39:54 INFO  
2023-04-08_16:03:14 INFO Loading World Server...
2023-04-08_16:03:14 INFO >> Loaded 64 world server definitions
2023-04-08_16:03:14 INFO  
2023-04-08_17:26:34 INFO Loading World Server...
2023-04-08_17:26:34 INFO >> Loaded 64 world server definitions
2023-04-08_17:26:34 INFO  
2023-04-08_18:36:27 DEBUG Network Thread exits
2023-04-08_18:36:27 INFO Closing LoginServer
