2023-04-06_00:38:20 INFO Loading World Server...
2023-04-06_00:38:20 INFO >> Loaded 64 world server definitions
2023-04-06_00:38:20 INFO  
2023-04-06_02:01:40 INFO Loading World Server...
2023-04-06_02:01:40 INFO >> Loaded 64 world server definitions
2023-04-06_02:01:40 INFO  
2023-04-06_03:25:00 INFO Loading World Server...
2023-04-06_03:25:00 INFO >> Loaded 64 world server definitions
2023-04-06_03:25:00 INFO  
2023-04-06_04:48:20 INFO Loading World Server...
2023-04-06_04:48:20 INFO >> Loaded 64 world server definitions
2023-04-06_04:48:20 INFO  
2023-04-06_06:11:40 INFO Loading World Server...
2023-04-06_06:11:40 INFO >> Loaded 64 world server definitions
2023-04-06_06:11:40 INFO  
2023-04-06_07:35:00 INFO Loading World Server...
2023-04-06_07:35:00 INFO >> Loaded 64 world server definitions
2023-04-06_07:35:00 INFO  
2023-04-06_08:58:20 INFO Loading World Server...
2023-04-06_08:58:20 INFO >> Loaded 64 world server definitions
2023-04-06_08:58:20 INFO  
2023-04-06_10:21:40 INFO Loading World Server...
2023-04-06_10:21:40 INFO >> Loaded 64 world server definitions
2023-04-06_10:21:40 INFO  
2023-04-06_11:45:00 INFO Loading World Server...
2023-04-06_11:45:00 INFO >> Loaded 64 world server definitions
2023-04-06_11:45:00 INFO  
2023-04-06_13:08:20 INFO Loading World Server...
2023-04-06_13:08:20 INFO >> Loaded 64 world server definitions
2023-04-06_13:08:20 INFO  
2023-04-06_14:31:40 INFO Loading World Server...
2023-04-06_14:31:40 INFO >> Loaded 64 world server definitions
2023-04-06_14:31:40 INFO  
2023-04-06_15:55:00 INFO Loading World Server...
2023-04-06_15:55:00 INFO >> Loaded 64 world server definitions
2023-04-06_15:55:00 INFO  
2023-04-06_17:18:20 INFO Loading World Server...
2023-04-06_17:18:20 INFO >> Loaded 64 world server definitions
2023-04-06_17:18:20 INFO  
2023-04-06_18:41:40 INFO Loading World Server...
2023-04-06_18:41:40 INFO >> Loaded 64 world server definitions
2023-04-06_18:41:40 INFO  
2023-04-06_19:53:26 DEBUG Network Thread exits
2023-04-06_19:53:31 INFO Closing LoginServer
