2023-04-08_00:10:07 INFO Loading World Server...
2023-04-08_00:10:07 INFO >> Loaded 64 world server definitions
2023-04-08_00:10:07 INFO  
2023-04-08_01:33:27 INFO Loading World Server...
2023-04-08_01:33:27 INFO >> Loaded 64 world server definitions
2023-04-08_01:33:27 INFO  
2023-04-08_02:56:47 INFO Loading World Server...
2023-04-08_02:56:47 INFO >> Loaded 64 world server definitions
2023-04-08_02:56:47 INFO  
2023-04-08_04:20:07 INFO Loading World Server...
2023-04-08_04:20:07 INFO >> Loaded 64 world server definitions
2023-04-08_04:20:07 INFO  
2023-04-08_05:43:27 INFO Loading World Server...
2023-04-08_05:43:27 INFO >> Loaded 64 world server definitions
2023-04-08_05:43:27 INFO  
2023-04-08_07:06:47 INFO Loading World Server...
2023-04-08_07:06:47 INFO >> Loaded 64 world server definitions
2023-04-08_07:06:47 INFO  
2023-04-08_08:30:07 INFO Loading World Server...
2023-04-08_08:30:07 INFO >> Loaded 64 world server definitions
2023-04-08_08:30:07 INFO  
2023-04-08_09:53:27 INFO Loading World Server...
2023-04-08_09:53:27 INFO >> Loaded 64 world server definitions
2023-04-08_09:53:27 INFO  
2023-04-08_11:16:47 INFO Loading World Server...
2023-04-08_11:16:47 INFO >> Loaded 64 world server definitions
2023-04-08_11:16:47 INFO  
2023-04-08_12:40:07 INFO Loading World Server...
2023-04-08_12:40:07 INFO >> Loaded 64 world server definitions
2023-04-08_12:40:07 INFO  
2023-04-08_14:03:27 INFO Loading World Server...
2023-04-08_14:03:27 INFO >> Loaded 64 world server definitions
2023-04-08_14:03:27 INFO  
2023-04-08_14:23:51 DEBUG Network Thread exits
2023-04-08_14:23:51 INFO Closing LoginServer
