2023-04-04_19:28:18 INFO ========================================================
2023-04-04_19:28:18 INFO ========================================================
2023-04-04_19:28:18 INFO >>>>>>>>>>>>>>>>>>>>> LOGIN SERVER <<<<<<<<<<<<<<<<<<<<<<
2023-04-04_19:28:18 INFO ========================================================
2023-04-04_19:28:18 INFO ========================================================
2023-04-04_19:28:18 INFO Process priority class set to HIGH
2023-04-04_19:28:18 INFO Starting DB...
2023-04-04_19:28:19 DEBUG Network Thread Starting
2023-04-04_19:28:19 INFO  
2023-04-04_19:28:19 INFO LoginServer Ready
2023-04-04_19:28:20 INFO Loading World Server...
2023-04-04_19:28:20 INFO >> Loaded 64 world server definitions
2023-04-04_19:28:20 INFO  
2023-04-04_20:51:40 INFO Loading World Server...
2023-04-04_20:51:40 INFO >> Loaded 64 world server definitions
2023-04-04_20:51:40 INFO  
2023-04-04_22:15:00 INFO Loading World Server...
2023-04-04_22:15:00 INFO >> Loaded 64 world server definitions
2023-04-04_22:15:00 INFO  
2023-04-04_23:38:20 INFO Loading World Server...
2023-04-04_23:38:20 INFO >> Loaded 64 world server definitions
2023-04-04_23:38:20 INFO  
