2023-03-31_00:43:27 INFO Loading World Server...
2023-03-31_00:43:27 INFO >> Loaded 64 world server definitions
2023-03-31_00:43:27 INFO  
2023-03-31_02:06:47 INFO Loading World Server...
2023-03-31_02:06:47 INFO >> Loaded 64 world server definitions
2023-03-31_02:06:47 INFO  
2023-03-31_03:30:07 INFO Loading World Server...
2023-03-31_03:30:07 INFO >> Loaded 64 world server definitions
2023-03-31_03:30:07 INFO  
2023-03-31_04:53:27 INFO Loading World Server...
2023-03-31_04:53:27 INFO >> Loaded 64 world server definitions
2023-03-31_04:53:27 INFO  
2023-03-31_06:16:47 INFO Loading World Server...
2023-03-31_06:16:47 INFO >> Loaded 64 world server definitions
2023-03-31_06:16:47 INFO  
2023-03-31_07:40:07 INFO Loading World Server...
2023-03-31_07:40:07 INFO >> Loaded 64 world server definitions
2023-03-31_07:40:07 INFO  
2023-03-31_09:03:27 INFO Loading World Server...
2023-03-31_09:03:27 INFO >> Loaded 64 world server definitions
2023-03-31_09:03:27 INFO  
2023-03-31_10:26:47 INFO Loading World Server...
2023-03-31_10:26:47 INFO >> Loaded 64 world server definitions
2023-03-31_10:26:47 INFO  
2023-03-31_11:26:56 DEBUG Network Thread exits
2023-03-31_11:26:56 INFO Closing LoginServer
