2023-04-08_18:40:35 INFO ========================================================
2023-04-08_18:40:35 INFO ========================================================
2023-04-08_18:40:35 INFO >>>>>>>>>>>>>>>>>>>>> LOGIN SERVER <<<<<<<<<<<<<<<<<<<<<<
2023-04-08_18:40:35 INFO ========================================================
2023-04-08_18:40:35 INFO ========================================================
2023-04-08_18:40:35 INFO Process priority class set to HIGH
2023-04-08_18:40:35 INFO Starting DB...
2023-04-08_18:40:35 DEBUG Network Thread Starting
2023-04-08_18:40:35 INFO  
2023-04-08_18:40:35 INFO LoginServer Ready
2023-04-08_18:40:36 INFO Loading World Server...
2023-04-08_18:40:36 INFO >> Loaded 64 world server definitions
2023-04-08_18:40:36 INFO  
2023-04-08_20:03:56 INFO Loading World Server...
2023-04-08_20:03:56 INFO >> Loaded 64 world server definitions
2023-04-08_20:03:56 INFO  
2023-04-08_21:27:16 INFO Loading World Server...
2023-04-08_21:27:16 INFO >> Loaded 64 world server definitions
2023-04-08_21:27:16 INFO  
2023-04-08_22:50:36 INFO Loading World Server...
2023-04-08_22:50:36 INFO >> Loaded 64 world server definitions
2023-04-08_22:50:36 INFO  
