2023-03-29_08:26:46 INFO ========================================================
2023-03-29_08:26:46 INFO ========================================================
2023-03-29_08:26:46 INFO >>>>>>>>>>>>>>>>>>>>> LOGIN SERVER <<<<<<<<<<<<<<<<<<<<<<
2023-03-29_08:26:46 INFO ========================================================
2023-03-29_08:26:46 INFO ========================================================
2023-03-29_08:26:46 INFO Process priority class set to HIGH
2023-03-29_08:26:46 INFO Starting DB...
2023-03-29_08:26:46 DEBUG Network Thread Starting
2023-03-29_08:26:46 INFO  
2023-03-29_08:26:46 INFO LoginServer Ready
2023-03-29_08:26:47 INFO Loading World Server...
2023-03-29_08:26:47 INFO >> Loaded 64 world server definitions
2023-03-29_08:26:47 INFO  
2023-03-29_09:50:07 INFO Loading World Server...
2023-03-29_09:50:07 INFO >> Loaded 64 world server definitions
2023-03-29_09:50:07 INFO  
2023-03-29_11:13:27 INFO Loading World Server...
2023-03-29_11:13:27 INFO >> Loaded 64 world server definitions
2023-03-29_11:13:27 INFO  
2023-03-29_12:36:47 INFO Loading World Server...
2023-03-29_12:36:47 INFO >> Loaded 64 world server definitions
2023-03-29_12:36:47 INFO  
2023-03-29_14:00:07 INFO Loading World Server...
2023-03-29_14:00:07 INFO >> Loaded 64 world server definitions
2023-03-29_14:00:07 INFO  
2023-03-29_15:23:27 INFO Loading World Server...
2023-03-29_15:23:27 INFO >> Loaded 64 world server definitions
2023-03-29_15:23:27 INFO  
2023-03-29_16:46:47 INFO Loading World Server...
2023-03-29_16:46:47 INFO >> Loaded 64 world server definitions
2023-03-29_16:46:47 INFO  
2023-03-29_18:10:07 INFO Loading World Server...
2023-03-29_18:10:07 INFO >> Loaded 64 world server definitions
2023-03-29_18:10:07 INFO  
2023-03-29_19:33:27 INFO Loading World Server...
2023-03-29_19:33:27 INFO >> Loaded 64 world server definitions
2023-03-29_19:33:27 INFO  
2023-03-29_20:56:47 INFO Loading World Server...
2023-03-29_20:56:47 INFO >> Loaded 64 world server definitions
2023-03-29_20:56:47 INFO  
2023-03-29_22:20:07 INFO Loading World Server...
2023-03-29_22:20:07 INFO >> Loaded 64 world server definitions
2023-03-29_22:20:07 INFO  
2023-03-29_23:43:27 INFO Loading World Server...
2023-03-29_23:43:27 INFO >> Loaded 64 world server definitions
2023-03-29_23:43:27 INFO  
