2023-03-25_00:27:16 INFO Loading World Server...
2023-03-25_00:27:16 INFO >> Loaded 64 world server definitions
2023-03-25_00:27:16 INFO  
2023-03-25_01:50:36 INFO Loading World Server...
2023-03-25_01:50:36 INFO >> Loaded 64 world server definitions
2023-03-25_01:50:36 INFO  
2023-03-25_03:13:56 INFO Loading World Server...
2023-03-25_03:13:56 INFO >> Loaded 64 world server definitions
2023-03-25_03:13:56 INFO  
2023-03-25_04:37:16 INFO Loading World Server...
2023-03-25_04:37:16 INFO >> Loaded 64 world server definitions
2023-03-25_04:37:16 INFO  
2023-03-25_06:00:36 INFO Loading World Server...
2023-03-25_06:00:36 INFO >> Loaded 64 world server definitions
2023-03-25_06:00:36 INFO  
2023-03-25_07:23:56 INFO Loading World Server...
2023-03-25_07:23:56 INFO >> Loaded 64 world server definitions
2023-03-25_07:23:56 INFO  
2023-03-25_08:47:16 INFO Loading World Server...
2023-03-25_08:47:16 INFO >> Loaded 64 world server definitions
2023-03-25_08:47:16 INFO  
2023-03-25_10:10:36 INFO Loading World Server...
2023-03-25_10:10:36 INFO >> Loaded 64 world server definitions
2023-03-25_10:10:36 INFO  
2023-03-25_11:33:56 INFO Loading World Server...
2023-03-25_11:33:56 INFO >> Loaded 64 world server definitions
2023-03-25_11:33:56 INFO  
2023-03-25_12:57:16 INFO Loading World Server...
2023-03-25_12:57:16 INFO >> Loaded 64 world server definitions
2023-03-25_12:57:16 INFO  
2023-03-25_14:20:36 INFO Loading World Server...
2023-03-25_14:20:36 INFO >> Loaded 64 world server definitions
2023-03-25_14:20:36 INFO  
2023-03-25_15:43:56 INFO Loading World Server...
2023-03-25_15:43:56 INFO >> Loaded 64 world server definitions
2023-03-25_15:43:56 INFO  
2023-03-25_17:07:16 INFO Loading World Server...
2023-03-25_17:07:16 INFO >> Loaded 64 world server definitions
2023-03-25_17:07:16 INFO  
2023-03-25_18:30:36 INFO Loading World Server...
2023-03-25_18:30:36 INFO >> Loaded 64 world server definitions
2023-03-25_18:30:36 INFO  
2023-03-25_19:53:56 INFO Loading World Server...
2023-03-25_19:53:57 INFO >> Loaded 64 world server definitions
2023-03-25_19:53:57 INFO  
2023-03-25_21:17:16 INFO Loading World Server...
2023-03-25_21:17:16 INFO >> Loaded 64 world server definitions
2023-03-25_21:17:16 INFO  
2023-03-25_22:26:17 DEBUG Network Thread exits
2023-03-25_22:26:17 INFO Closing LoginServer
