2023-04-05_17:24:31 INFO Adding Player [28][njnh1000]
2023-04-05_17:24:31 INFO Removing Player [28][njnh1000] - Kicked.
2023-04-05_17:24:31 INFO LoginQueue::Process -- [Acc: njnh1000][IP: 58.127.94.146][MAC: ][SERIAL: 0] Result: 1
2023-04-05_18:04:04 INFO Adding Player [28][njnh1000]
2023-04-05_18:04:04 INFO AuthSocket::AccountServerMove - [28][njnh1000] Move To [19][42][105][179]
2023-04-05_18:04:05 INFO AuthSocket::AccountServerAuth - [28][njnh1000] Success Move To [19][42][105][179]
2023-04-05_18:04:20 INFO AuthSocket::AccountServerMove - [28][njnh1000] Move To [0][38][71][106]
2023-04-05_18:04:22 INFO AuthSocket::AccountServerAuth - [28][njnh1000] Success Move To [0][38][71][106]
2023-04-05_18:06:17 INFO Removing Player [28][njnh1000] - Disconnected.
2023-04-05_18:13:07 INFO Adding Player [28][njnh1000]
2023-04-05_18:13:07 INFO Removing Player [28][njnh1000] - Kicked.
2023-04-05_18:13:07 INFO LoginQueue::Process -- [Acc: njnh1000][IP: 58.127.94.146][MAC: ][SERIAL: 0] Result: 1
2023-04-05_18:25:59 INFO Adding Player [29][nhnj1000]
2023-04-05_18:25:59 INFO Removing Player [29][nhnj1000] - Kicked.
2023-04-05_18:25:59 INFO LoginQueue::Process -- [Acc: nhnj1000][IP: 58.127.94.146][MAC: ][SERIAL: 0] Result: 1
2023-04-05_18:31:26 INFO Adding Player [28][njnh1000]
2023-04-05_18:31:26 INFO AuthSocket::AccountServerMove - [28][njnh1000] Move To [19][34][233][42]
2023-04-05_18:31:27 INFO AuthSocket::AccountServerAuth - [28][njnh1000] Success Move To [19][34][233][42]
2023-04-05_18:32:16 INFO AuthSocket::AccountServerMove - [28][njnh1000] Move To [0][3][172][109]
2023-04-05_18:32:17 INFO AuthSocket::AccountServerAuth - [28][njnh1000] Success Move To [0][3][172][109]
2023-04-05_18:34:06 INFO Removing Player [28][njnh1000] - Disconnected.
