2023-03-26_08:49:18 INFO Removing Player [2][blackgaara] - Disconnected.
2023-03-26_08:50:15 INFO LoginQueue::Process -- [Acc: blackgaara][IP: 77.175.188.143][MAC: ][SERIAL: 0] Result: 2
2023-03-26_08:50:22 INFO Adding Player [2][blackgaara]
2023-03-26_08:50:22 INFO Removing Player [2][blackgaara] - Kicked.
2023-03-26_08:50:22 INFO LoginQueue::Process -- [Acc: blackgaara][IP: 77.175.188.143][MAC: ][SERIAL: 0] Result: 1
2023-03-26_10:31:44 INFO Adding Player [2][blackgaara]
2023-03-26_10:31:44 INFO AuthSocket::AccountServerMove - [2][blackgaara] Move To [18][79][205][58]
2023-03-26_10:31:45 INFO AuthSocket::AccountServerAuth - [2][blackgaara] Success Move To [18][79][205][58]
2023-03-26_10:32:11 INFO AuthSocket::AccountServerMove - [2][blackgaara] Move To [0][0][132][136]
2023-03-26_10:32:12 INFO AuthSocket::AccountServerAuth - [2][blackgaara] Success Move To [0][0][132][136]
2023-03-26_12:59:20 INFO AuthSocket::AccountServerMove - [2][blackgaara] Move To [18][79][203][58]
2023-03-26_12:59:21 INFO AuthSocket::AccountServerAuth - [2][blackgaara] Success Move To [18][79][203][58]
2023-03-26_12:59:53 INFO AuthSocket::AccountServerMove - [2][blackgaara] Move To [0][10][14][13]
2023-03-26_12:59:53 INFO AuthSocket::AccountServerAuth - [2][blackgaara] Success Move To [0][10][14][13]
2023-03-26_13:04:15 INFO AuthSocket::AccountServerMove - [2][blackgaara] Move To [19][34][231][43]
2023-03-26_13:04:16 INFO AuthSocket::AccountServerAuth - [2][blackgaara] Success Move To [19][34][231][43]
2023-03-26_13:04:44 INFO AuthSocket::AccountServerMove - [2][blackgaara] Move To [0][0][131][132]
2023-03-26_13:04:45 INFO AuthSocket::AccountServerAuth - [2][blackgaara] Success Move To [0][0][131][132]
2023-03-26_13:08:19 INFO AuthSocket::AccountServerMove - [2][blackgaara] Move To [19][34][233][38]
2023-03-26_13:08:19 INFO AuthSocket::AccountServerAuth - [2][blackgaara] Success Move To [19][34][233][38]
2023-03-26_13:13:53 INFO AuthSocket::AccountServerMove - [2][blackgaara] Move To [0][0][132][129]
2023-03-26_13:13:53 INFO AuthSocket::AccountServerAuth - [2][blackgaara] Success Move To [0][0][132][129]
2023-03-26_13:14:33 INFO AuthSocket::AccountServerMove - [2][blackgaara] Move To [19][34][236][38]
2023-03-26_13:14:34 INFO AuthSocket::AccountServerAuth - [2][blackgaara] Success Move To [19][34][236][38]
2023-03-26_13:15:23 INFO Removing Player [2][blackgaara] - Disconnected.
2023-03-26_13:16:23 INFO Adding Player [2][blackgaara]
2023-03-26_13:16:23 INFO Removing Player [2][blackgaara] - Kicked.
2023-03-26_13:16:23 INFO LoginQueue::Process -- [Acc: blackgaara][IP: 77.175.188.143][MAC: ][SERIAL: 0] Result: 1
2023-03-26_13:16:28 INFO Adding Player [2][blackgaara]
2023-03-26_13:17:28 INFO AuthSocket::AccountServerMove - [2][blackgaara] Move To [19][34][229][44]
2023-03-26_13:17:28 INFO AuthSocket::AccountServerAuth - [2][blackgaara] Success Move To [19][34][229][44]
2023-03-26_13:27:06 INFO AuthSocket::AccountServerMove - [2][blackgaara] Move To [0][0][137][130]
2023-03-26_13:27:07 INFO AuthSocket::AccountServerAuth - [2][blackgaara] Success Move To [0][0][137][130]
2023-03-26_13:29:35 INFO Removing Player [2][blackgaara] - Disconnected.
2023-03-26_13:30:06 INFO Adding Player [2][blackgaara]
2023-03-26_13:30:06 INFO Removing Player [2][blackgaara] - Kicked.
2023-03-26_13:30:06 INFO LoginQueue::Process -- [Acc: blackgaara][IP: 77.175.188.143][MAC: ][SERIAL: 0] Result: 1
2023-03-26_13:31:58 INFO Adding Player [2][blackgaara]
2023-03-26_13:31:58 INFO Removing Player [2][blackgaara] - Kicked.
2023-03-26_13:31:58 INFO LoginQueue::Process -- [Acc: blackgaara][IP: 77.175.188.143][MAC: ][SERIAL: 0] Result: 1
2023-03-26_13:32:29 INFO Adding Player [2][blackgaara]
2023-03-26_13:32:29 INFO Removing Player [2][blackgaara] - Kicked.
2023-03-26_13:32:29 INFO LoginQueue::Process -- [Acc: blackgaara][IP: 77.175.188.143][MAC: ][SERIAL: 0] Result: 1
2023-03-26_13:39:45 INFO Adding Player [2][blackgaara]
2023-03-26_13:39:45 INFO AuthSocket::AccountServerMove - [2][blackgaara] Move To [19][34][232][45]
2023-03-26_13:39:45 INFO AuthSocket::AccountServerAuth - [2][blackgaara] Success Move To [19][34][232][45]
2023-03-26_13:40:11 INFO AuthSocket::AccountServerMove - [2][blackgaara] Move To [18][79][204][56]
2023-03-26_13:40:11 INFO AuthSocket::AccountServerAuth - [2][blackgaara] Success Move To [18][79][204][56]
2023-03-26_13:40:37 INFO AuthSocket::AccountServerMove - [2][blackgaara] Move To [19][34][234][43]
2023-03-26_13:40:37 INFO AuthSocket::AccountServerAuth - [2][blackgaara] Success Move To [19][34][234][43]
2023-03-26_13:40:43 INFO AuthSocket::AccountServerMove - [2][blackgaara] Move To [0][38][71][106]
2023-03-26_13:40:43 INFO AuthSocket::AccountServerAuth - [2][blackgaara] Success Move To [0][38][71][106]
2023-03-26_13:41:19 INFO AuthSocket::AccountServerMove - [2][blackgaara] Move To [19][30][29][42]
2023-03-26_13:41:20 INFO AuthSocket::AccountServerAuth - [2][blackgaara] Success Move To [19][30][29][42]
2023-03-26_13:41:25 INFO AuthSocket::AccountServerMove - [2][blackgaara] Move To [0][116][120][127]
2023-03-26_13:41:25 INFO AuthSocket::AccountServerAuth - [2][blackgaara] Success Move To [0][116][120][127]
2023-03-26_15:37:39 INFO AuthSocket::AccountServerMove - [2][blackgaara] Move To [18][79][204][56]
2023-03-26_15:37:40 INFO AuthSocket::AccountServerAuth - [2][blackgaara] Success Move To [18][79][204][56]
2023-03-26_15:38:17 INFO Removing Player [2][blackgaara] - Disconnected.
2023-03-26_15:39:05 INFO Adding Player [2][blackgaara]
2023-03-26_15:39:05 INFO Removing Player [2][blackgaara] - Kicked.
2023-03-26_15:39:05 INFO LoginQueue::Process -- [Acc: blackgaara][IP: 77.175.188.143][MAC: ][SERIAL: 0] Result: 1
2023-03-26_15:52:58 INFO Adding Player [2][blackgaara]
2023-03-26_15:52:58 INFO Removing Player [2][blackgaara] - Kicked.
2023-03-26_15:52:58 INFO LoginQueue::Process -- [Acc: blackgaara][IP: 77.175.188.143][MAC: ][SERIAL: 0] Result: 1
2023-03-26_16:06:40 INFO Adding Player [2][blackgaara]
2023-03-26_16:06:40 INFO AuthSocket::AccountServerMove - [2][blackgaara] Move To [19][34][235][37]
2023-03-26_16:06:41 INFO AuthSocket::AccountServerAuth - [2][blackgaara] Success Move To [19][34][235][37]
2023-03-26_16:08:03 INFO AuthSocket::AccountServerMove - [2][blackgaara] Move To [0][37][206][37]
2023-03-26_16:08:04 INFO AuthSocket::AccountServerAuth - [2][blackgaara] Success Move To [0][37][206][37]
2023-03-26_16:08:33 INFO AuthSocket::AccountServerMove - [2][blackgaara] Move To [19][34][231][42]
2023-03-26_16:08:33 INFO AuthSocket::AccountServerAuth - [2][blackgaara] Success Move To [19][34][231][42]
2023-03-26_16:10:12 INFO Removing Player [2][blackgaara] - Disconnected.
2023-03-26_16:11:00 INFO Adding Player [2][blackgaara]
2023-03-26_16:11:00 INFO Removing Player [2][blackgaara] - Kicked.
2023-03-26_16:11:00 INFO LoginQueue::Process -- [Acc: blackgaara][IP: 77.175.188.143][MAC: ][SERIAL: 0] Result: 1
2023-03-26_16:11:12 INFO Adding Player [2][blackgaara]
2023-03-26_16:11:12 INFO AuthSocket::AccountServerMove - [2][blackgaara] Move To [19][34][238][44]
2023-03-26_16:11:13 INFO AuthSocket::AccountServerAuth - [2][blackgaara] Success Move To [19][34][238][44]
2023-03-26_16:11:31 INFO AuthSocket::AccountServerMove - [2][blackgaara] Move To [0][0][137][124]
2023-03-26_16:11:32 INFO AuthSocket::AccountServerAuth - [2][blackgaara] Success Move To [0][0][137][124]
2023-03-26_16:11:49 INFO AuthSocket::AccountServerMove - [2][blackgaara] Move To [19][34][232][43]
2023-03-26_16:11:49 INFO AuthSocket::AccountServerAuth - [2][blackgaara] Success Move To [19][34][232][43]
2023-03-26_16:13:05 INFO Removing Player [2][blackgaara] - Disconnected.
2023-03-26_16:13:41 INFO Adding Player [2][blackgaara]
2023-03-26_16:13:41 INFO Removing Player [2][blackgaara] - Kicked.
2023-03-26_16:13:41 INFO LoginQueue::Process -- [Acc: blackgaara][IP: 77.175.188.143][MAC: ][SERIAL: 0] Result: 1
2023-03-26_16:13:45 INFO Adding Player [2][blackgaara]
2023-03-26_16:13:45 INFO AuthSocket::AccountServerMove - [2][blackgaara] Move To [19][34][229][48]
2023-03-26_16:13:45 INFO AuthSocket::AccountServerAuth - [2][blackgaara] Success Move To [19][34][229][48]
2023-03-26_16:15:58 INFO AuthSocket::AccountServerMove - [2][blackgaara] Move To [18][79][206][57]
2023-03-26_16:15:58 INFO AuthSocket::AccountServerAuth - [2][blackgaara] Success Move To [18][79][206][57]
2023-03-26_16:17:37 INFO AuthSocket::AccountServerMove - [2][blackgaara] Move To [19][34][238][43]
2023-03-26_16:17:37 INFO AuthSocket::AccountServerAuth - [2][blackgaara] Success Move To [19][34][238][43]
2023-03-26_16:22:10 INFO Removing Player [2][blackgaara] - Disconnected.
2023-03-26_16:22:49 INFO Adding Player [2][blackgaara]
2023-03-26_16:22:49 INFO Removing Player [2][blackgaara] - Kicked.
2023-03-26_16:22:49 INFO LoginQueue::Process -- [Acc: blackgaara][IP: 77.175.188.143][MAC: ][SERIAL: 0] Result: 1
2023-03-26_16:22:53 INFO Adding Player [2][blackgaara]
2023-03-26_16:23:06 INFO AuthSocket::AccountServerMove - [2][blackgaara] Move To [19][41][30][79]
2023-03-26_16:23:06 INFO AuthSocket::AccountServerAuth - [2][blackgaara] Success Move To [19][41][30][79]
2023-03-26_16:26:55 INFO AuthSocket::AccountServerMove - [2][blackgaara] Move To [18][79][204][56]
2023-03-26_16:26:55 INFO AuthSocket::AccountServerAuth - [2][blackgaara] Success Move To [18][79][204][56]
2023-03-26_16:27:23 INFO AuthSocket::AccountServerMove - [2][blackgaara] Move To [19][41][30][80]
2023-03-26_16:27:23 INFO AuthSocket::AccountServerAuth - [2][blackgaara] Success Move To [19][41][30][80]
2023-03-26_16:29:34 INFO Removing Player [2][blackgaara] - Disconnected.
2023-03-26_16:30:27 INFO Adding Player [2][blackgaara]
2023-03-26_16:30:27 INFO Removing Player [2][blackgaara] - Kicked.
2023-03-26_16:30:27 INFO LoginQueue::Process -- [Acc: blackgaara][IP: 77.175.188.143][MAC: ][SERIAL: 0] Result: 1
2023-03-26_16:30:30 INFO Adding Player [2][blackgaara]
2023-03-26_16:30:30 INFO AuthSocket::AccountServerMove - [2][blackgaara] Move To [19][42][104][178]
2023-03-26_16:30:30 INFO AuthSocket::AccountServerAuth - [2][blackgaara] Success Move To [19][42][104][178]
2023-03-26_16:32:05 INFO Removing Player [2][blackgaara] - Disconnected.
2023-03-26_16:32:33 INFO Adding Player [2][blackgaara]
2023-03-26_16:32:33 INFO Removing Player [2][blackgaara] - Kicked.
2023-03-26_16:32:34 INFO LoginQueue::Process -- [Acc: blackgaara][IP: 77.175.188.143][MAC: ][SERIAL: 0] Result: 1
2023-03-26_16:32:36 INFO Adding Player [2][blackgaara]
2023-03-26_16:32:36 INFO AuthSocket::AccountServerMove - [2][blackgaara] Move To [19][42][104][178]
2023-03-26_16:32:37 INFO AuthSocket::AccountServerAuth - [2][blackgaara] Success Move To [19][42][104][178]
2023-03-26_16:32:45 INFO AuthSocket::AccountServerMove - [2][blackgaara] Move To [0][37][70][183]
2023-03-26_16:32:45 INFO AuthSocket::AccountServerAuth - [2][blackgaara] Success Move To [0][37][70][183]
2023-03-26_16:32:48 INFO AuthSocket::AccountServerMove - [2][blackgaara] Move To [19][42][104][180]
2023-03-26_16:32:49 INFO AuthSocket::AccountServerAuth - [2][blackgaara] Success Move To [19][42][104][180]
2023-03-26_16:35:29 INFO AuthSocket::AccountServerMove - [2][blackgaara] Move To [0][37][205][40]
2023-03-26_16:35:29 INFO AuthSocket::AccountServerAuth - [2][blackgaara] Success Move To [0][37][205][40]
2023-03-26_16:35:56 INFO AuthSocket::AccountServerMove - [2][blackgaara] Move To [19][42][104][180]
2023-03-26_16:35:56 INFO AuthSocket::AccountServerAuth - [2][blackgaara] Success Move To [19][42][104][180]
2023-03-26_16:38:18 INFO AuthSocket::AccountServerMove - [2][blackgaara] Move To [0][51][191][148]
2023-03-26_16:38:19 INFO AuthSocket::AccountServerAuth - [2][blackgaara] Success Move To [0][51][191][148]
2023-03-26_16:38:37 INFO AuthSocket::AccountServerMove - [2][blackgaara] Move To [19][42][106][178]
2023-03-26_16:38:37 INFO AuthSocket::AccountServerAuth - [2][blackgaara] Success Move To [19][42][106][178]
2023-03-26_16:39:13 INFO Removing Player [2][blackgaara] - Disconnected.
2023-03-26_16:40:11 INFO Adding Player [2][blackgaara]
2023-03-26_16:40:11 INFO Removing Player [2][blackgaara] - Kicked.
2023-03-26_16:40:11 INFO LoginQueue::Process -- [Acc: blackgaara][IP: 77.175.188.143][MAC: ][SERIAL: 0] Result: 1
2023-03-26_16:40:15 INFO Adding Player [2][blackgaara]
2023-03-26_16:40:15 INFO AuthSocket::AccountServerMove - [2][blackgaara] Move To [19][42][106][178]
2023-03-26_16:40:15 INFO AuthSocket::AccountServerAuth - [2][blackgaara] Success Move To [19][42][106][178]
2023-03-26_16:40:30 INFO AuthSocket::AccountServerMove - [2][blackgaara] Move To [0][37][207][36]
2023-03-26_16:40:30 INFO AuthSocket::AccountServerAuth - [2][blackgaara] Success Move To [0][37][207][36]
2023-03-26_16:42:55 INFO Removing Player [2][blackgaara] - Disconnected.
2023-03-26_16:43:52 INFO Adding Player [2][blackgaara]
2023-03-26_16:43:52 INFO Removing Player [2][blackgaara] - Kicked.
2023-03-26_16:43:52 INFO LoginQueue::Process -- [Acc: blackgaara][IP: 77.175.188.143][MAC: ][SERIAL: 0] Result: 1
2023-03-26_16:44:04 INFO Adding Player [2][blackgaara]
2023-03-26_16:44:04 INFO AuthSocket::AccountServerMove - [2][blackgaara] Move To [19][41][30][81]
2023-03-26_16:44:04 INFO AuthSocket::AccountServerAuth - [2][blackgaara] Success Move To [19][41][30][81]
2023-03-26_16:46:53 INFO AuthSocket::AccountServerMove - [2][blackgaara] Move To [0][0][131][132]
2023-03-26_16:46:53 INFO AuthSocket::AccountServerAuth - [2][blackgaara] Success Move To [0][0][131][132]
2023-03-26_16:48:03 INFO AuthSocket::AccountServerMove - [2][blackgaara] Move To [19][34][229][38]
2023-03-26_16:48:03 INFO AuthSocket::AccountServerAuth - [2][blackgaara] Success Move To [19][34][229][38]
2023-03-26_16:49:20 INFO Removing Player [2][blackgaara] - Disconnected.
2023-03-26_17:10:21 INFO Adding Player [2][blackgaara]
2023-03-26_17:10:21 INFO Removing Player [2][blackgaara] - Kicked.
2023-03-26_17:10:21 INFO LoginQueue::Process -- [Acc: blackgaara][IP: 77.175.188.143][MAC: ][SERIAL: 0] Result: 1
2023-03-26_17:10:25 INFO Adding Player [2][blackgaara]
2023-03-26_17:10:25 INFO AuthSocket::AccountServerMove - [2][blackgaara] Move To [19][41][29][79]
2023-03-26_17:10:25 INFO AuthSocket::AccountServerAuth - [2][blackgaara] Success Move To [19][41][29][79]
2023-03-26_17:12:45 INFO AuthSocket::AccountServerMove - [2][blackgaara] Move To [0][0][134][118]
2023-03-26_17:12:45 INFO AuthSocket::AccountServerAuth - [2][blackgaara] Success Move To [0][0][134][118]
2023-03-26_17:12:51 INFO AuthSocket::AccountServerMove - [2][blackgaara] Move To [19][42][105][178]
2023-03-26_17:12:51 INFO AuthSocket::AccountServerAuth - [2][blackgaara] Success Move To [19][42][105][178]
2023-03-26_17:19:13 INFO Removing Player [2][blackgaara] - Disconnected.
2023-03-26_17:19:45 INFO Adding Player [2][blackgaara]
2023-03-26_17:19:45 INFO Removing Player [2][blackgaara] - Kicked.
2023-03-26_17:19:45 INFO LoginQueue::Process -- [Acc: blackgaara][IP: 77.175.188.143][MAC: ][SERIAL: 0] Result: 1
2023-03-26_17:19:49 INFO Adding Player [2][blackgaara]
2023-03-26_17:19:49 INFO AuthSocket::AccountServerMove - [2][blackgaara] Move To [19][42][105][178]
2023-03-26_17:19:49 INFO AuthSocket::AccountServerAuth - [2][blackgaara] Success Move To [19][42][105][178]
2023-03-26_17:21:02 INFO Removing Player [2][blackgaara] - Disconnected.
2023-03-26_17:21:46 INFO Adding Player [2][blackgaara]
2023-03-26_17:21:46 INFO Removing Player [2][blackgaara] - Kicked.
2023-03-26_17:21:46 INFO LoginQueue::Process -- [Acc: blackgaara][IP: 77.175.188.143][MAC: ][SERIAL: 0] Result: 1
2023-03-26_17:21:50 INFO Adding Player [2][blackgaara]
2023-03-26_17:21:50 INFO AuthSocket::AccountServerMove - [2][blackgaara] Move To [19][41][30][81]
2023-03-26_17:21:50 INFO AuthSocket::AccountServerAuth - [2][blackgaara] Success Move To [19][41][30][81]
2023-03-26_17:22:00 INFO AuthSocket::AccountServerMove - [2][blackgaara] Move To [0][38][71][106]
2023-03-26_17:22:00 INFO AuthSocket::AccountServerAuth - [2][blackgaara] Success Move To [0][38][71][106]
2023-03-26_17:22:03 INFO AuthSocket::AccountServerMove - [2][blackgaara] Move To [19][42][106][179]
2023-03-26_17:22:03 INFO AuthSocket::AccountServerAuth - [2][blackgaara] Success Move To [19][42][106][179]
2023-03-26_17:22:16 INFO AuthSocket::AccountServerMove - [2][blackgaara] Move To [0][37][69][188]
2023-03-26_17:22:16 INFO AuthSocket::AccountServerAuth - [2][blackgaara] Success Move To [0][37][69][188]
2023-03-26_17:22:40 INFO AuthSocket::AccountServerMove - [2][blackgaara] Move To [19][42][106][180]
2023-03-26_17:22:41 INFO AuthSocket::AccountServerAuth - [2][blackgaara] Success Move To [19][42][106][180]
2023-03-26_17:22:49 INFO AuthSocket::AccountServerMove - [2][blackgaara] Move To [0][38][71][106]
2023-03-26_17:22:49 INFO AuthSocket::AccountServerAuth - [2][blackgaara] Success Move To [0][38][71][106]
2023-03-26_17:23:18 INFO AuthSocket::AccountServerMove - [2][blackgaara] Move To [19][42][105][178]
2023-03-26_17:23:19 INFO AuthSocket::AccountServerAuth - [2][blackgaara] Success Move To [19][42][105][178]
2023-03-26_17:27:07 INFO AuthSocket::AccountServerMove - [2][blackgaara] Move To [0][37][207][40]
2023-03-26_17:27:08 INFO AuthSocket::AccountServerAuth - [2][blackgaara] Success Move To [0][37][207][40]
2023-03-26_17:28:03 INFO AuthSocket::AccountServerMove - [2][blackgaara] Move To [19][42][104][178]
2023-03-26_17:28:04 INFO AuthSocket::AccountServerAuth - [2][blackgaara] Success Move To [19][42][104][178]
2023-03-26_17:28:35 INFO AuthSocket::AccountServerMove - [2][blackgaara] Move To [0][37][71][187]
2023-03-26_17:28:36 INFO AuthSocket::AccountServerAuth - [2][blackgaara] Success Move To [0][37][71][187]
2023-03-26_17:30:17 INFO AuthSocket::AccountServerMove - [2][blackgaara] Move To [19][42][105][178]
2023-03-26_17:30:17 INFO AuthSocket::AccountServerAuth - [2][blackgaara] Success Move To [19][42][105][178]
2023-03-26_17:40:00 INFO Removing Player [2][blackgaara] - Disconnected.
2023-03-26_17:45:07 INFO Adding Player [2][blackgaara]
2023-03-26_17:45:07 INFO Removing Player [2][blackgaara] - Kicked.
2023-03-26_17:45:07 INFO LoginQueue::Process -- [Acc: blackgaara][IP: 77.175.188.143][MAC: ][SERIAL: 0] Result: 1
2023-03-26_18:28:46 INFO Adding Player [2][blackgaara]
2023-03-26_18:28:46 INFO Removing Player [2][blackgaara] - Kicked.
2023-03-26_18:28:46 INFO LoginQueue::Process -- [Acc: blackgaara][IP: 77.175.188.143][MAC: ][SERIAL: 0] Result: 1
2023-03-26_18:29:49 INFO Adding Player [2][blackgaara]
2023-03-26_18:29:49 INFO Removing Player [2][blackgaara] - Kicked.
2023-03-26_18:29:49 INFO LoginQueue::Process -- [Acc: blackgaara][IP: 77.175.188.143][MAC: ][SERIAL: 0] Result: 1
2023-03-26_18:31:27 INFO Adding Player [2][blackgaara]
2023-03-26_18:31:27 INFO Removing Player [2][blackgaara] - Kicked.
2023-03-26_18:31:27 INFO LoginQueue::Process -- [Acc: blackgaara][IP: 77.175.188.143][MAC: ][SERIAL: 0] Result: 1
2023-03-26_18:38:09 INFO Adding Player [2][blackgaara]
2023-03-26_18:38:09 INFO Removing Player [2][blackgaara] - Kicked.
2023-03-26_18:38:09 INFO LoginQueue::Process -- [Acc: blackgaara][IP: 77.175.188.143][MAC: ][SERIAL: 0] Result: 1
2023-03-26_18:50:48 INFO Adding Player [2][blackgaara]
2023-03-26_18:50:48 INFO AuthSocket::AccountServerMove - [2][blackgaara] Move To [18][79][205][58]
2023-03-26_18:50:48 INFO AuthSocket::AccountServerAuth - [2][blackgaara] Success Move To [18][79][205][58]
2023-03-26_18:51:11 INFO AuthSocket::AccountServerMove - [2][blackgaara] Move To [0][6][63][118]
2023-03-26_18:51:12 INFO AuthSocket::AccountServerAuth - [2][blackgaara] Success Move To [0][6][63][118]
2023-03-26_18:54:33 INFO Removing Player [2][blackgaara] - Disconnected.
2023-03-26_18:56:13 INFO Adding Player [2][blackgaara]
2023-03-26_18:56:13 INFO Removing Player [2][blackgaara] - Kicked.
2023-03-26_18:56:13 INFO LoginQueue::Process -- [Acc: blackgaara][IP: 77.175.188.143][MAC: ][SERIAL: 0] Result: 1
2023-03-26_19:04:22 INFO Adding Player [2][blackgaara]
2023-03-26_19:04:22 INFO Removing Player [2][blackgaara] - Kicked.
2023-03-26_19:04:22 INFO LoginQueue::Process -- [Acc: blackgaara][IP: 77.175.188.143][MAC: ][SERIAL: 0] Result: 1
2023-03-26_19:35:02 INFO Adding Player [2][blackgaara]
2023-03-26_19:35:02 INFO Removing Player [2][blackgaara] - Kicked.
2023-03-26_19:35:02 INFO LoginQueue::Process -- [Acc: blackgaara][IP: 77.175.188.143][MAC: ][SERIAL: 0] Result: 1
