2023-03-25_07:13:48 INFO Adding Player [2][blackgaara]
2023-03-25_07:13:48 INFO Removing Player [2][blackgaara] - Kicked.
2023-03-25_07:13:48 INFO LoginQueue::Process -- [Acc: blackgaara][IP: 77.175.188.143][MAC: ][SERIAL: 0] Result: 1
2023-03-25_07:30:20 INFO Adding Player [2][blackgaara]
2023-03-25_07:30:20 INFO Removing Player [2][blackgaara] - Kicked.
2023-03-25_07:30:20 INFO LoginQueue::Process -- [Acc: blackgaara][IP: 77.175.188.143][MAC: ][SERIAL: 0] Result: 1
2023-03-25_07:42:46 INFO Adding Player [2][blackgaara]
2023-03-25_07:42:46 INFO Removing Player [2][blackgaara] - Kicked.
2023-03-25_07:42:46 INFO LoginQueue::Process -- [Acc: blackgaara][IP: 77.175.188.143][MAC: ][SERIAL: 0] Result: 1
2023-03-25_08:00:59 INFO Adding Player [2][blackgaara]
2023-03-25_08:00:59 INFO Removing Player [2][blackgaara] - Kicked.
2023-03-25_08:00:59 INFO LoginQueue::Process -- [Acc: blackgaara][IP: 77.175.188.143][MAC: ][SERIAL: 0] Result: 1
2023-03-25_08:03:01 INFO Adding Player [2][blackgaara]
2023-03-25_08:03:01 INFO Removing Player [2][blackgaara] - Kicked.
2023-03-25_08:03:01 INFO LoginQueue::Process -- [Acc: blackgaara][IP: 77.175.188.143][MAC: ][SERIAL: 0] Result: 1
2023-03-25_08:13:06 INFO Adding Player [2][blackgaara]
2023-03-25_08:13:06 INFO Removing Player [2][blackgaara] - Kicked.
2023-03-25_08:13:06 INFO LoginQueue::Process -- [Acc: blackgaara][IP: 77.175.188.143][MAC: ][SERIAL: 0] Result: 1
2023-03-25_08:29:31 INFO Adding Player [2][blackgaara]
2023-03-25_08:29:31 INFO Removing Player [2][blackgaara] - Kicked.
2023-03-25_08:29:31 INFO LoginQueue::Process -- [Acc: blackgaara][IP: 77.175.188.143][MAC: ][SERIAL: 0] Result: 1
2023-03-25_08:35:58 INFO Adding Player [2][blackgaara]
2023-03-25_08:35:58 INFO Removing Player [2][blackgaara] - Kicked.
2023-03-25_08:35:58 INFO LoginQueue::Process -- [Acc: blackgaara][IP: 77.175.188.143][MAC: ][SERIAL: 0] Result: 1
2023-03-25_08:38:12 INFO Adding Player [2][blackgaara]
2023-03-25_08:38:12 INFO Removing Player [2][blackgaara] - Kicked.
2023-03-25_08:38:12 INFO LoginQueue::Process -- [Acc: blackgaara][IP: 77.175.188.143][MAC: ][SERIAL: 0] Result: 1
2023-03-25_09:25:26 INFO LoginQueue::Process -- [Acc: admin][IP: 77.175.188.143][MAC: ][SERIAL: 0] Result: 2
2023-03-25_09:25:31 INFO Adding Player [2][blackgaara]
2023-03-25_09:25:31 INFO Removing Player [2][blackgaara] - Kicked.
2023-03-25_09:25:31 INFO LoginQueue::Process -- [Acc: blackgaara][IP: 77.175.188.143][MAC: ][SERIAL: 0] Result: 1
2023-03-25_09:32:42 INFO Adding Player [2][blackgaara]
2023-03-25_09:32:42 INFO Removing Player [2][blackgaara] - Kicked.
2023-03-25_09:32:42 INFO LoginQueue::Process -- [Acc: blackgaara][IP: 77.175.188.143][MAC: ][SERIAL: 0] Result: 1
2023-03-25_09:35:41 INFO Adding Player [2][blackgaara]
2023-03-25_09:35:41 INFO Removing Player [2][blackgaara] - Kicked.
2023-03-25_09:35:41 INFO LoginQueue::Process -- [Acc: blackgaara][IP: 77.175.188.143][MAC: ][SERIAL: 0] Result: 1
2023-03-25_09:39:06 INFO Adding Player [2][blackgaara]
2023-03-25_09:39:06 INFO Removing Player [2][blackgaara] - Kicked.
2023-03-25_09:39:06 INFO LoginQueue::Process -- [Acc: blackgaara][IP: 77.175.188.143][MAC: ][SERIAL: 0] Result: 1
2023-03-25_09:40:47 INFO Adding Player [2][blackgaara]
2023-03-25_09:40:47 INFO Removing Player [2][blackgaara] - Kicked.
2023-03-25_09:40:47 INFO LoginQueue::Process -- [Acc: blackgaara][IP: 77.175.188.143][MAC: ][SERIAL: 0] Result: 1
2023-03-25_09:42:39 INFO Adding Player [2][blackgaara]
2023-03-25_09:42:39 INFO Removing Player [2][blackgaara] - Kicked.
2023-03-25_09:42:39 INFO LoginQueue::Process -- [Acc: blackgaara][IP: 77.175.188.143][MAC: ][SERIAL: 0] Result: 1
2023-03-25_09:43:55 INFO Adding Player [2][blackgaara]
2023-03-25_09:43:55 INFO Removing Player [2][blackgaara] - Kicked.
2023-03-25_09:43:55 INFO LoginQueue::Process -- [Acc: blackgaara][IP: 77.175.188.143][MAC: ][SERIAL: 0] Result: 1
2023-03-25_09:55:46 INFO Adding Player [2][blackgaara]
2023-03-25_09:55:46 INFO Removing Player [2][blackgaara] - Kicked.
2023-03-25_09:55:46 INFO LoginQueue::Process -- [Acc: blackgaara][IP: 77.175.188.143][MAC: ][SERIAL: 0] Result: 1
2023-03-25_09:57:46 INFO Adding Player [2][blackgaara]
2023-03-25_09:57:46 INFO Removing Player [2][blackgaara] - Kicked.
2023-03-25_09:57:46 INFO LoginQueue::Process -- [Acc: blackgaara][IP: 77.175.188.143][MAC: ][SERIAL: 0] Result: 1
2023-03-25_10:10:33 INFO Adding Player [2][blackgaara]
2023-03-25_10:10:33 INFO Removing Player [2][blackgaara] - Kicked.
2023-03-25_10:10:33 INFO LoginQueue::Process -- [Acc: blackgaara][IP: 77.175.188.143][MAC: ][SERIAL: 0] Result: 1
2023-03-25_10:17:09 INFO LoginQueue::Process -- [Acc: admin][IP: 77.175.188.143][MAC: ][SERIAL: 0] Result: 2
2023-03-25_10:17:16 INFO Adding Player [2][blackgaara]
2023-03-25_10:17:16 INFO Removing Player [2][blackgaara] - Kicked.
2023-03-25_10:17:16 INFO LoginQueue::Process -- [Acc: blackgaara][IP: 77.175.188.143][MAC: ][SERIAL: 0] Result: 1
2023-03-25_10:19:08 INFO Adding Player [2][blackgaara]
2023-03-25_10:19:08 INFO Removing Player [2][blackgaara] - Kicked.
2023-03-25_10:19:08 INFO LoginQueue::Process -- [Acc: blackgaara][IP: 77.175.188.143][MAC: ][SERIAL: 0] Result: 1
2023-03-25_10:19:54 INFO Adding Player [2][blackgaara]
2023-03-25_10:19:54 INFO Removing Player [2][blackgaara] - Kicked.
2023-03-25_10:19:54 INFO LoginQueue::Process -- [Acc: blackgaara][IP: 77.175.188.143][MAC: ][SERIAL: 0] Result: 1
2023-03-25_10:29:46 INFO LoginQueue::Process -- [Acc: blackgaara][IP: 77.175.188.143][MAC: ][SERIAL: 0] Result: 2
2023-03-25_10:29:49 INFO Adding Player [2][blackgaara]
2023-03-25_10:29:49 INFO Removing Player [2][blackgaara] - Kicked.
2023-03-25_10:29:49 INFO LoginQueue::Process -- [Acc: blackgaara][IP: 77.175.188.143][MAC: ][SERIAL: 0] Result: 1
2023-03-25_10:32:11 INFO LoginQueue::Process -- [Acc: blackgaara][IP: 77.175.188.143][MAC: ][SERIAL: 0] Result: 2
2023-03-25_10:32:15 INFO Adding Player [2][blackgaara]
2023-03-25_10:32:15 INFO Removing Player [2][blackgaara] - Kicked.
2023-03-25_10:32:15 INFO LoginQueue::Process -- [Acc: blackgaara][IP: 77.175.188.143][MAC: ][SERIAL: 0] Result: 1
2023-03-25_10:35:30 INFO Adding Player [2][blackgaara]
2023-03-25_10:35:30 INFO Removing Player [2][blackgaara] - Kicked.
2023-03-25_10:35:30 INFO LoginQueue::Process -- [Acc: blackgaara][IP: 77.175.188.143][MAC: ][SERIAL: 0] Result: 1
2023-03-25_10:48:06 INFO Adding Player [2][blackgaara]
2023-03-25_10:48:06 INFO Removing Player [2][blackgaara] - Kicked.
2023-03-25_10:48:06 INFO LoginQueue::Process -- [Acc: blackgaara][IP: 77.175.188.143][MAC: ][SERIAL: 0] Result: 1
2023-03-25_10:51:14 INFO Adding Player [2][blackgaara]
2023-03-25_10:51:14 INFO Removing Player [2][blackgaara] - Kicked.
2023-03-25_10:51:14 INFO LoginQueue::Process -- [Acc: blackgaara][IP: 77.175.188.143][MAC: ][SERIAL: 0] Result: 1
2023-03-25_10:53:09 INFO Adding Player [2][blackgaara]
2023-03-25_10:53:09 INFO Removing Player [2][blackgaara] - Kicked.
2023-03-25_10:53:09 INFO LoginQueue::Process -- [Acc: blackgaara][IP: 77.175.188.143][MAC: ][SERIAL: 0] Result: 1
2023-03-25_10:55:19 INFO Adding Player [2][blackgaara]
2023-03-25_10:55:19 INFO Removing Player [2][blackgaara] - Kicked.
2023-03-25_10:55:19 INFO LoginQueue::Process -- [Acc: blackgaara][IP: 77.175.188.143][MAC: ][SERIAL: 0] Result: 1
2023-03-25_14:32:52 INFO Adding Player [2][blackgaara]
2023-03-25_14:32:52 INFO Removing Player [2][blackgaara] - Kicked.
2023-03-25_14:32:52 INFO LoginQueue::Process -- [Acc: blackgaara][IP: 77.175.188.143][MAC: ][SERIAL: 0] Result: 1
2023-03-25_14:36:39 INFO Adding Player [2][blackgaara]
2023-03-25_14:37:12 INFO AuthSocket::AccountServerMove - [2][blackgaara] Move To [18][79][205][56]
2023-03-25_14:37:13 INFO AuthSocket::AccountServerAuth - [2][blackgaara] Success Move To [18][79][205][56]
2023-03-25_14:40:12 INFO Removing Player [2][blackgaara] - Disconnected.
2023-03-25_14:41:20 INFO Adding Player [2][blackgaara]
2023-03-25_14:41:20 INFO Removing Player [2][blackgaara] - Kicked.
2023-03-25_14:41:21 INFO LoginQueue::Process -- [Acc: blackgaara][IP: 77.175.188.143][MAC: ][SERIAL: 0] Result: 1
2023-03-25_14:41:28 INFO Adding Player [2][blackgaara]
2023-03-25_14:41:28 INFO AuthSocket::AccountServerMove - [2][blackgaara] Move To [18][79][203][57]
2023-03-25_14:41:28 INFO AuthSocket::AccountServerAuth - [2][blackgaara] Success Move To [18][79][203][57]
2023-03-25_14:41:47 INFO AuthSocket::AccountServerMove - [2][blackgaara] Move To [0][3][176][109]
2023-03-25_14:41:48 INFO AuthSocket::AccountServerAuth - [2][blackgaara] Success Move To [0][3][176][109]
2023-03-25_14:41:51 INFO AuthSocket::AccountServerMove - [2][blackgaara] Move To [18][79][204][57]
2023-03-25_14:41:52 INFO AuthSocket::AccountServerAuth - [2][blackgaara] Success Move To [18][79][204][57]
2023-03-25_14:42:49 INFO AuthSocket::AccountServerMove - [2][blackgaara] Move To [0][0][134][122]
2023-03-25_14:42:49 INFO AuthSocket::AccountServerAuth - [2][blackgaara] Success Move To [0][0][134][122]
2023-03-25_14:42:53 INFO AuthSocket::AccountServerMove - [2][blackgaara] Move To [18][79][206][56]
2023-03-25_14:42:53 INFO AuthSocket::AccountServerAuth - [2][blackgaara] Success Move To [18][79][206][56]
2023-03-25_14:45:22 INFO AuthSocket::AccountServerMove - [2][blackgaara] Move To [0][0][131][133]
2023-03-25_14:45:23 INFO AuthSocket::AccountServerAuth - [2][blackgaara] Success Move To [0][0][131][133]
2023-03-25_14:46:02 INFO AuthSocket::AccountServerMove - [2][blackgaara] Move To [18][79][204][56]
2023-03-25_14:46:03 INFO AuthSocket::AccountServerAuth - [2][blackgaara] Success Move To [18][79][204][56]
2023-03-25_14:46:14 INFO AuthSocket::AccountServerMove - [2][blackgaara] Move To [0][0][133][123]
2023-03-25_14:46:15 INFO AuthSocket::AccountServerAuth - [2][blackgaara] Success Move To [0][0][133][123]
2023-03-25_14:46:17 INFO AuthSocket::AccountServerMove - [2][blackgaara] Move To [18][79][204][58]
2023-03-25_14:46:18 INFO AuthSocket::AccountServerAuth - [2][blackgaara] Success Move To [18][79][204][58]
2023-03-25_14:47:00 INFO AuthSocket::AccountServerMove - [2][blackgaara] Move To [0][51][51][224]
2023-03-25_14:47:01 INFO AuthSocket::AccountServerAuth - [2][blackgaara] Success Move To [0][51][51][224]
2023-03-25_14:47:57 INFO AuthSocket::AccountServerMove - [2][blackgaara] Move To [18][79][204][56]
2023-03-25_14:47:58 INFO AuthSocket::AccountServerAuth - [2][blackgaara] Success Move To [18][79][204][56]
2023-03-25_14:48:52 INFO AuthSocket::AccountServerMove - [2][blackgaara] Move To [0][0][134][126]
2023-03-25_14:48:52 INFO AuthSocket::AccountServerAuth - [2][blackgaara] Success Move To [0][0][134][126]
2023-03-25_14:49:35 INFO AuthSocket::AccountServerMove - [2][blackgaara] Move To [18][79][206][56]
2023-03-25_14:49:36 INFO AuthSocket::AccountServerAuth - [2][blackgaara] Success Move To [18][79][206][56]
2023-03-25_14:50:50 INFO AuthSocket::AccountServerMove - [2][blackgaara] Move To [0][51][51][225]
2023-03-25_14:50:50 INFO AuthSocket::AccountServerAuth - [2][blackgaara] Success Move To [0][51][51][225]
2023-03-25_14:51:55 INFO AuthSocket::AccountServerMove - [2][blackgaara] Move To [18][79][205][58]
2023-03-25_14:51:56 INFO AuthSocket::AccountServerAuth - [2][blackgaara] Success Move To [18][79][205][58]
2023-03-25_14:52:40 INFO AuthSocket::AccountServerMove - [2][blackgaara] Move To [0][0][134][117]
2023-03-25_14:52:40 INFO AuthSocket::AccountServerAuth - [2][blackgaara] Success Move To [0][0][134][117]
2023-03-25_14:53:27 INFO AuthSocket::AccountServerMove - [2][blackgaara] Move To [18][79][206][58]
2023-03-25_14:53:28 INFO AuthSocket::AccountServerAuth - [2][blackgaara] Success Move To [18][79][206][58]
2023-03-25_14:55:27 INFO AuthSocket::AccountServerMove - [2][blackgaara] Move To [0][0][131][133]
2023-03-25_14:55:27 INFO AuthSocket::AccountServerAuth - [2][blackgaara] Success Move To [0][0][131][133]
2023-03-25_14:56:03 INFO AuthSocket::AccountServerMove - [2][blackgaara] Move To [18][79][206][56]
2023-03-25_14:56:04 INFO AuthSocket::AccountServerAuth - [2][blackgaara] Success Move To [18][79][206][56]
2023-03-25_14:58:04 INFO AuthSocket::AccountServerMove - [2][blackgaara] Move To [0][0][133][131]
2023-03-25_14:58:05 INFO AuthSocket::AccountServerAuth - [2][blackgaara] Success Move To [0][0][133][131]
2023-03-25_14:59:43 INFO AuthSocket::AccountServerMove - [2][blackgaara] Move To [18][79][205][56]
2023-03-25_14:59:44 INFO AuthSocket::AccountServerAuth - [2][blackgaara] Success Move To [18][79][205][56]
2023-03-25_15:03:59 INFO AuthSocket::AccountServerMove - [2][blackgaara] Move To [0][51][51][224]
2023-03-25_15:03:59 INFO AuthSocket::AccountServerAuth - [2][blackgaara] Success Move To [0][51][51][224]
2023-03-25_15:04:44 INFO AuthSocket::AccountServerMove - [2][blackgaara] Move To [18][79][204][56]
2023-03-25_15:04:44 INFO AuthSocket::AccountServerAuth - [2][blackgaara] Success Move To [18][79][204][56]
2023-03-25_15:05:15 INFO AuthSocket::AccountServerMove - [2][blackgaara] Move To [0][122][138][122]
2023-03-25_15:05:15 INFO AuthSocket::AccountServerAuth - [2][blackgaara] Success Move To [0][122][138][122]
2023-03-25_15:06:20 INFO AuthSocket::AccountServerMove - [2][blackgaara] Move To [18][79][206][58]
2023-03-25_15:06:21 INFO AuthSocket::AccountServerAuth - [2][blackgaara] Success Move To [18][79][206][58]
2023-03-25_15:07:28 INFO AuthSocket::AccountServerMove - [2][blackgaara] Move To [0][6][72][158]
2023-03-25_15:07:29 INFO AuthSocket::AccountServerAuth - [2][blackgaara] Success Move To [0][6][72][158]
2023-03-25_15:13:53 INFO AuthSocket::AccountServerMove - [2][blackgaara] Move To [18][79][204][56]
2023-03-25_15:13:53 INFO AuthSocket::AccountServerAuth - [2][blackgaara] Success Move To [18][79][204][56]
2023-03-25_15:14:18 INFO AuthSocket::AccountServerMove - [2][blackgaara] Move To [17][0][131][134]
2023-03-25_15:14:19 INFO AuthSocket::AccountServerAuth - [2][blackgaara] Success Move To [17][0][131][134]
2023-03-25_15:18:24 INFO AuthSocket::AccountServerMove - [2][blackgaara] Move To [18][79][204][58]
2023-03-25_15:18:24 INFO AuthSocket::AccountServerAuth - [2][blackgaara] Success Move To [18][79][204][58]
2023-03-25_15:19:16 INFO AuthSocket::AccountServerMove - [2][blackgaara] Move To [17][6][72][168]
2023-03-25_15:19:17 INFO AuthSocket::AccountServerAuth - [2][blackgaara] Success Move To [17][6][72][168]
2023-03-25_15:21:36 INFO AuthSocket::AccountServerMove - [2][blackgaara] Move To [18][79][206][57]
2023-03-25_15:21:37 INFO AuthSocket::AccountServerAuth - [2][blackgaara] Success Move To [18][79][206][57]
2023-03-25_15:22:49 INFO AuthSocket::AccountServerMove - [2][blackgaara] Move To [0][6][72][154]
2023-03-25_15:22:50 INFO AuthSocket::AccountServerAuth - [2][blackgaara] Success Move To [0][6][72][154]
2023-03-25_15:25:25 INFO AuthSocket::AccountServerMove - [2][blackgaara] Move To [18][79][205][56]
2023-03-25_15:25:26 INFO AuthSocket::AccountServerAuth - [2][blackgaara] Success Move To [18][79][205][56]
2023-03-25_15:26:00 INFO AuthSocket::AccountServerMove - [2][blackgaara] Move To [0][0][133][119]
2023-03-25_15:26:00 INFO AuthSocket::AccountServerAuth - [2][blackgaara] Success Move To [0][0][133][119]
2023-03-25_15:28:29 INFO AuthSocket::AccountServerMove - [2][blackgaara] Move To [18][79][203][57]
2023-03-25_15:28:30 INFO AuthSocket::AccountServerAuth - [2][blackgaara] Success Move To [18][79][203][57]
2023-03-25_15:28:59 INFO AuthSocket::AccountServerMove - [2][blackgaara] Move To [0][0][134][127]
2023-03-25_15:28:59 INFO AuthSocket::AccountServerAuth - [2][blackgaara] Success Move To [0][0][134][127]
2023-03-25_15:29:33 INFO AuthSocket::AccountServerMove - [2][blackgaara] Move To [18][79][204][58]
2023-03-25_15:29:34 INFO AuthSocket::AccountServerAuth - [2][blackgaara] Success Move To [18][79][204][58]
2023-03-25_15:33:08 INFO AuthSocket::AccountServerMove - [2][blackgaara] Move To [0][0][137][136]
2023-03-25_15:33:09 INFO AuthSocket::AccountServerAuth - [2][blackgaara] Success Move To [0][0][137][136]
2023-03-25_15:33:15 INFO Removing Player [2][blackgaara] - Server Closed.
2023-03-25_15:35:33 INFO Adding Player [2][blackgaara]
2023-03-25_15:35:33 INFO Removing Player [2][blackgaara] - Kicked.
2023-03-25_15:35:33 INFO LoginQueue::Process -- [Acc: blackgaara][IP: 77.175.188.143][MAC: ][SERIAL: 0] Result: 1
2023-03-25_15:35:36 INFO Adding Player [2][blackgaara]
2023-03-25_15:35:36 INFO AuthSocket::AccountServerMove - [2][blackgaara] Move To [18][79][193][27]
2023-03-25_15:35:37 INFO AuthSocket::AccountServerAuth - [2][blackgaara] Success Move To [18][79][193][27]
2023-03-25_15:35:48 INFO AuthSocket::AccountServerMove - [2][blackgaara] Move To [0][0][132][127]
2023-03-25_15:35:49 INFO AuthSocket::AccountServerAuth - [2][blackgaara] Success Move To [0][0][132][127]
2023-03-25_15:36:11 INFO AuthSocket::AccountServerMove - [2][blackgaara] Move To [18][79][203][56]
2023-03-25_15:36:11 INFO AuthSocket::AccountServerAuth - [2][blackgaara] Success Move To [18][79][203][56]
2023-03-25_15:36:52 INFO AuthSocket::AccountServerMove - [2][blackgaara] Move To [0][0][136][136]
2023-03-25_15:36:52 INFO AuthSocket::AccountServerAuth - [2][blackgaara] Success Move To [0][0][136][136]
2023-03-25_15:40:42 INFO AuthSocket::AccountServerMove - [2][blackgaara] Move To [18][79][203][58]
2023-03-25_15:40:43 INFO AuthSocket::AccountServerAuth - [2][blackgaara] Success Move To [18][79][203][58]
2023-03-25_15:41:16 INFO AuthSocket::AccountServerMove - [2][blackgaara] Move To [0][0][135][135]
2023-03-25_15:41:16 INFO AuthSocket::AccountServerAuth - [2][blackgaara] Success Move To [0][0][135][135]
2023-03-25_15:48:54 INFO AuthSocket::AccountServerMove - [2][blackgaara] Move To [18][79][206][58]
2023-03-25_15:48:54 INFO AuthSocket::AccountServerAuth - [2][blackgaara] Success Move To [18][79][206][58]
2023-03-25_15:49:17 INFO AuthSocket::AccountServerMove - [2][blackgaara] Move To [0][0][133][121]
2023-03-25_15:49:18 INFO AuthSocket::AccountServerAuth - [2][blackgaara] Success Move To [0][0][133][121]
2023-03-25_15:52:00 INFO AuthSocket::AccountServerMove - [2][blackgaara] Move To [18][79][205][57]
2023-03-25_15:52:00 INFO AuthSocket::AccountServerAuth - [2][blackgaara] Success Move To [18][79][205][57]
2023-03-25_15:52:19 INFO AuthSocket::AccountServerMove - [2][blackgaara] Move To [0][0][132][132]
2023-03-25_15:52:19 INFO AuthSocket::AccountServerAuth - [2][blackgaara] Success Move To [0][0][132][132]
2023-03-25_15:55:03 INFO AuthSocket::AccountServerMove - [2][blackgaara] Move To [18][79][205][58]
2023-03-25_15:55:04 INFO AuthSocket::AccountServerAuth - [2][blackgaara] Success Move To [18][79][205][58]
2023-03-25_15:55:23 INFO AuthSocket::AccountServerMove - [2][blackgaara] Move To [0][0][133][129]
2023-03-25_15:55:24 INFO AuthSocket::AccountServerAuth - [2][blackgaara] Success Move To [0][0][133][129]
2023-03-25_16:07:49 INFO AuthSocket::AccountServerMove - [2][blackgaara] Move To [18][79][205][57]
2023-03-25_16:07:49 INFO AuthSocket::AccountServerAuth - [2][blackgaara] Success Move To [18][79][205][57]
2023-03-25_16:08:15 INFO AuthSocket::AccountServerMove - [2][blackgaara] Move To [0][0][137][119]
2023-03-25_16:08:15 INFO AuthSocket::AccountServerAuth - [2][blackgaara] Success Move To [0][0][137][119]
2023-03-25_16:12:32 INFO AuthSocket::AccountServerMove - [2][blackgaara] Move To [19][34][229][43]
2023-03-25_16:12:32 INFO AuthSocket::AccountServerAuth - [2][blackgaara] Success Move To [19][34][229][43]
2023-03-25_16:12:49 INFO AuthSocket::AccountServerMove - [2][blackgaara] Move To [0][2][214][44]
2023-03-25_16:12:50 INFO AuthSocket::AccountServerAuth - [2][blackgaara] Success Move To [0][2][214][44]
2023-03-25_16:13:55 INFO AuthSocket::AccountServerMove - [2][blackgaara] Move To [18][79][205][56]
2023-03-25_16:13:55 INFO AuthSocket::AccountServerAuth - [2][blackgaara] Success Move To [18][79][205][56]
2023-03-25_16:14:17 INFO AuthSocket::AccountServerMove - [2][blackgaara] Move To [0][2][71][181]
2023-03-25_16:14:18 INFO AuthSocket::AccountServerAuth - [2][blackgaara] Success Move To [0][2][71][181]
2023-03-25_16:32:10 INFO AuthSocket::AccountServerMove - [2][blackgaara] Move To [18][79][205][56]
2023-03-25_16:32:11 INFO AuthSocket::AccountServerAuth - [2][blackgaara] Success Move To [18][79][205][56]
2023-03-25_16:32:31 INFO AuthSocket::AccountServerMove - [2][blackgaara] Move To [0][1][3][85]
2023-03-25_16:32:32 INFO AuthSocket::AccountServerAuth - [2][blackgaara] Success Move To [0][1][3][85]
2023-03-25_16:41:07 INFO AuthSocket::AccountServerMove - [2][blackgaara] Move To [18][79][203][56]
2023-03-25_16:41:08 INFO AuthSocket::AccountServerAuth - [2][blackgaara] Success Move To [18][79][203][56]
2023-03-25_16:41:32 INFO AuthSocket::AccountServerMove - [2][blackgaara] Move To [0][7][63][163]
2023-03-25_16:41:32 INFO AuthSocket::AccountServerAuth - [2][blackgaara] Success Move To [0][7][63][163]
2023-03-25_16:53:09 INFO AuthSocket::AccountServerMove - [2][blackgaara] Move To [18][79][203][57]
2023-03-25_16:53:09 INFO AuthSocket::AccountServerAuth - [2][blackgaara] Success Move To [18][79][203][57]
2023-03-25_16:53:30 INFO AuthSocket::AccountServerMove - [2][blackgaara] Move To [0][4][241][237]
2023-03-25_16:53:31 INFO AuthSocket::AccountServerAuth - [2][blackgaara] Success Move To [0][4][241][237]
2023-03-25_16:58:37 INFO AuthSocket::AccountServerMove - [2][blackgaara] Move To [18][79][204][58]
2023-03-25_16:58:38 INFO AuthSocket::AccountServerAuth - [2][blackgaara] Success Move To [18][79][204][58]
2023-03-25_16:58:58 INFO AuthSocket::AccountServerMove - [2][blackgaara] Move To [0][8][195][65]
2023-03-25_16:58:58 INFO AuthSocket::AccountServerAuth - [2][blackgaara] Success Move To [0][8][195][65]
2023-03-25_17:02:40 INFO Removing Player [2][blackgaara] - Disconnected.
2023-03-25_17:09:37 INFO Adding Player [2][blackgaara]
2023-03-25_17:09:37 INFO Removing Player [2][blackgaara] - Kicked.
2023-03-25_17:09:37 INFO LoginQueue::Process -- [Acc: blackgaara][IP: 77.175.188.143][MAC: ][SERIAL: 0] Result: 1
2023-03-25_17:14:59 INFO Adding Player [2][blackgaara]
2023-03-25_17:14:59 INFO AuthSocket::AccountServerMove - [2][blackgaara] Move To [18][79][204][56]
2023-03-25_17:15:00 INFO AuthSocket::AccountServerAuth - [2][blackgaara] Success Move To [18][79][204][56]
2023-03-25_17:15:21 INFO AuthSocket::AccountServerMove - [2][blackgaara] Move To [0][112][236][152]
2023-03-25_17:15:22 INFO AuthSocket::AccountServerAuth - [2][blackgaara] Success Move To [0][112][236][152]
2023-03-25_17:18:41 INFO AuthSocket::AccountServerMove - [2][blackgaara] Move To [18][79][204][56]
2023-03-25_17:18:41 INFO AuthSocket::AccountServerAuth - [2][blackgaara] Success Move To [18][79][204][56]
2023-03-25_17:19:04 INFO AuthSocket::AccountServerMove - [2][blackgaara] Move To [0][112][236][152]
2023-03-25_17:19:05 INFO AuthSocket::AccountServerAuth - [2][blackgaara] Success Move To [0][112][236][152]
2023-03-25_17:20:02 INFO Removing Player [2][blackgaara] - Disconnected.
2023-03-25_17:20:16 INFO Adding Player [2][blackgaara]
2023-03-25_17:20:16 INFO Removing Player [2][blackgaara] - Kicked.
2023-03-25_17:20:16 INFO LoginQueue::Process -- [Acc: blackgaara][IP: 77.175.188.143][MAC: ][SERIAL: 0] Result: 1
2023-03-25_17:27:03 INFO Adding Player [2][blackgaara]
2023-03-25_17:27:03 INFO AuthSocket::AccountServerMove - [2][blackgaara] Move To [18][79][206][58]
2023-03-25_17:27:03 INFO AuthSocket::AccountServerAuth - [2][blackgaara] Success Move To [18][79][206][58]
2023-03-25_17:27:57 INFO AuthSocket::AccountServerMove - [2][blackgaara] Move To [0][112][236][152]
2023-03-25_17:27:57 INFO AuthSocket::AccountServerAuth - [2][blackgaara] Success Move To [0][112][236][152]
2023-03-25_17:36:50 INFO AuthSocket::AccountServerMove - [2][blackgaara] Move To [18][79][205][58]
2023-03-25_17:36:50 INFO AuthSocket::AccountServerAuth - [2][blackgaara] Success Move To [18][79][205][58]
2023-03-25_17:37:39 INFO AuthSocket::AccountServerMove - [2][blackgaara] Move To [0][112][236][152]
2023-03-25_17:37:39 INFO AuthSocket::AccountServerAuth - [2][blackgaara] Success Move To [0][112][236][152]
2023-03-25_17:51:51 INFO AuthSocket::AccountServerMove - [2][blackgaara] Move To [18][79][206][57]
2023-03-25_17:51:52 INFO AuthSocket::AccountServerAuth - [2][blackgaara] Success Move To [18][79][206][57]
2023-03-25_17:52:16 INFO AuthSocket::AccountServerMove - [2][blackgaara] Move To [0][112][236][152]
2023-03-25_17:52:16 INFO AuthSocket::AccountServerAuth - [2][blackgaara] Success Move To [0][112][236][152]
2023-03-25_18:08:02 INFO AuthSocket::AccountServerMove - [2][blackgaara] Move To [18][79][205][58]
2023-03-25_18:08:02 INFO AuthSocket::AccountServerAuth - [2][blackgaara] Success Move To [18][79][205][58]
2023-03-25_18:08:27 INFO AuthSocket::AccountServerMove - [2][blackgaara] Move To [0][33][187][173]
2023-03-25_18:08:28 INFO AuthSocket::AccountServerAuth - [2][blackgaara] Success Move To [0][33][187][173]
2023-03-25_19:02:55 INFO Removing Player [2][blackgaara] - Disconnected.
2023-03-25_19:03:27 INFO Adding Player [2][blackgaara]
2023-03-25_19:03:27 INFO Removing Player [2][blackgaara] - Kicked.
2023-03-25_19:03:27 INFO LoginQueue::Process -- [Acc: blackgaara][IP: 77.175.188.143][MAC: ][SERIAL: 0] Result: 1
2023-03-25_19:32:23 INFO Adding Player [2][blackgaara]
2023-03-25_19:32:23 INFO AuthSocket::AccountServerMove - [2][blackgaara] Move To [18][79][204][58]
2023-03-25_19:32:23 INFO AuthSocket::AccountServerAuth - [2][blackgaara] Success Move To [18][79][204][58]
2023-03-25_19:32:44 INFO AuthSocket::AccountServerMove - [2][blackgaara] Move To [0][2][23][27]
2023-03-25_19:32:45 INFO AuthSocket::AccountServerAuth - [2][blackgaara] Success Move To [0][2][23][27]
2023-03-25_19:36:12 INFO AuthSocket::AccountServerMove - [2][blackgaara] Move To [18][79][204][58]
2023-03-25_19:36:12 INFO AuthSocket::AccountServerAuth - [2][blackgaara] Success Move To [18][79][204][58]
2023-03-25_19:36:30 INFO AuthSocket::AccountServerMove - [2][blackgaara] Move To [0][51][52][226]
2023-03-25_19:36:30 INFO AuthSocket::AccountServerAuth - [2][blackgaara] Success Move To [0][51][52][226]
2023-03-25_19:37:23 INFO AuthSocket::AccountServerMove - [2][blackgaara] Move To [18][79][203][58]
2023-03-25_19:37:23 INFO AuthSocket::AccountServerAuth - [2][blackgaara] Success Move To [18][79][203][58]
2023-03-25_19:38:05 INFO AuthSocket::AccountServerMove - [2][blackgaara] Move To [0][51][51][224]
2023-03-25_19:38:06 INFO AuthSocket::AccountServerAuth - [2][blackgaara] Success Move To [0][51][51][224]
2023-03-25_19:39:07 INFO AuthSocket::AccountServerMove - [2][blackgaara] Move To [18][79][206][56]
2023-03-25_19:39:07 INFO AuthSocket::AccountServerAuth - [2][blackgaara] Success Move To [18][79][206][56]
2023-03-25_19:39:15 INFO AuthSocket::AccountServerMove - [2][blackgaara] Move To [0][0][136][131]
2023-03-25_19:39:15 INFO AuthSocket::AccountServerAuth - [2][blackgaara] Success Move To [0][0][136][131]
2023-03-25_20:06:45 INFO AuthSocket::AccountServerMove - [2][blackgaara] Move To [18][79][56][74]
2023-03-25_20:06:45 INFO AuthSocket::AccountServerAuth - [2][blackgaara] Success Move To [18][79][56][74]
2023-03-25_20:07:51 INFO AuthSocket::AccountServerMove - [2][blackgaara] Move To [0][0][134][127]
2023-03-25_20:07:52 INFO AuthSocket::AccountServerAuth - [2][blackgaara] Success Move To [0][0][134][127]
2023-03-25_20:10:52 INFO AuthSocket::AccountServerMove - [2][blackgaara] Move To [18][79][206][57]
2023-03-25_20:10:53 INFO AuthSocket::AccountServerAuth - [2][blackgaara] Success Move To [18][79][206][57]
2023-03-25_20:11:20 INFO AuthSocket::AccountServerMove - [2][blackgaara] Move To [0][0][134][121]
2023-03-25_20:11:20 INFO AuthSocket::AccountServerAuth - [2][blackgaara] Success Move To [0][0][134][121]
2023-03-25_20:16:14 INFO AuthSocket::AccountServerMove - [2][blackgaara] Move To [18][79][204][56]
2023-03-25_20:16:15 INFO AuthSocket::AccountServerAuth - [2][blackgaara] Success Move To [18][79][204][56]
2023-03-25_20:16:34 INFO AuthSocket::AccountServerMove - [2][blackgaara] Move To [0][3][174][113]
2023-03-25_20:16:35 INFO AuthSocket::AccountServerAuth - [2][blackgaara] Success Move To [0][3][174][113]
2023-03-25_20:19:11 INFO AuthSocket::AccountServerMove - [2][blackgaara] Move To [18][79][205][58]
2023-03-25_20:19:11 INFO AuthSocket::AccountServerAuth - [2][blackgaara] Success Move To [18][79][205][58]
2023-03-25_20:19:30 INFO AuthSocket::AccountServerMove - [2][blackgaara] Move To [0][3][176][113]
2023-03-25_20:19:30 INFO AuthSocket::AccountServerAuth - [2][blackgaara] Success Move To [0][3][176][113]
2023-03-25_20:24:21 INFO AuthSocket::AccountServerMove - [2][blackgaara] Move To [18][79][56][75]
2023-03-25_20:24:22 INFO AuthSocket::AccountServerAuth - [2][blackgaara] Success Move To [18][79][56][75]
2023-03-25_20:26:11 INFO AuthSocket::AccountServerMove - [2][blackgaara] Move To [0][0][132][132]
2023-03-25_20:26:11 INFO AuthSocket::AccountServerAuth - [2][blackgaara] Success Move To [0][0][132][132]
2023-03-25_20:46:00 INFO AuthSocket::AccountServerMove - [2][blackgaara] Move To [18][79][203][56]
2023-03-25_20:46:00 INFO AuthSocket::AccountServerAuth - [2][blackgaara] Success Move To [18][79][203][56]
2023-03-25_20:46:24 INFO AuthSocket::AccountServerMove - [2][blackgaara] Move To [0][0][131][121]
2023-03-25_20:46:25 INFO AuthSocket::AccountServerAuth - [2][blackgaara] Success Move To [0][0][131][121]
2023-03-25_20:47:29 INFO AuthSocket::AccountServerMove - [2][blackgaara] Move To [18][79][203][56]
2023-03-25_20:47:30 INFO AuthSocket::AccountServerAuth - [2][blackgaara] Success Move To [18][79][203][56]
2023-03-25_20:47:57 INFO AuthSocket::AccountServerMove - [2][blackgaara] Move To [0][0][133][129]
2023-03-25_20:47:57 INFO AuthSocket::AccountServerAuth - [2][blackgaara] Success Move To [0][0][133][129]
2023-03-25_20:54:14 INFO Removing Player [2][blackgaara] - Disconnected.
2023-03-25_20:54:46 INFO Adding Player [2][blackgaara]
2023-03-25_20:54:46 INFO Removing Player [2][blackgaara] - Kicked.
2023-03-25_20:54:46 INFO LoginQueue::Process -- [Acc: blackgaara][IP: 77.175.188.143][MAC: ][SERIAL: 0] Result: 1
2023-03-25_21:34:00 INFO Adding Player [2][blackgaara]
2023-03-25_21:34:00 INFO Removing Player [2][blackgaara] - Kicked.
2023-03-25_21:34:00 INFO LoginQueue::Process -- [Acc: blackgaara][IP: 77.175.188.143][MAC: ][SERIAL: 0] Result: 1
2023-03-25_22:11:52 INFO Adding Player [2][blackgaara]
2023-03-25_22:11:52 INFO AuthSocket::AccountServerMove - [2][blackgaara] Move To [18][79][205][56]
2023-03-25_22:11:53 INFO AuthSocket::AccountServerAuth - [2][blackgaara] Success Move To [18][79][205][56]
2023-03-25_22:12:17 INFO AuthSocket::AccountServerMove - [2][blackgaara] Move To [0][0][134][134]
2023-03-25_22:12:18 INFO AuthSocket::AccountServerAuth - [2][blackgaara] Success Move To [0][0][134][134]
2023-03-25_22:14:25 INFO AuthSocket::AccountServerMove - [2][blackgaara] Move To [18][79][205][57]
2023-03-25_22:14:26 INFO AuthSocket::AccountServerAuth - [2][blackgaara] Success Move To [18][79][205][57]
2023-03-25_22:14:58 INFO AuthSocket::AccountServerMove - [2][blackgaara] Move To [17][0][134][135]
2023-03-25_22:14:59 INFO AuthSocket::AccountServerAuth - [2][blackgaara] Success Move To [17][0][134][135]
2023-03-25_22:21:55 INFO Removing Player [2][blackgaara] - Server Closed.
