2023-03-29_08:29:15 INFO LoginQueue::Process -- [Acc: hellogame2][IP: 77.175.188.143][MAC: ][SERIAL: 0] Result: 2
2023-03-29_08:56:19 INFO Adding Player [2][blackgaara]
2023-03-29_08:56:19 INFO Removing Player [2][blackgaara] - Kicked.
2023-03-29_08:56:19 INFO LoginQueue::Process -- [Acc: blackgaara][IP: 77.175.188.143][MAC: ][SERIAL: 0] Result: 1
2023-03-29_13:07:23 INFO Adding Player [2][blackgaara]
2023-03-29_13:07:23 INFO AuthSocket::AccountServerMove - [2][blackgaara] Move To [18][79][203][57]
2023-03-29_13:07:24 INFO AuthSocket::AccountServerAuth - [2][blackgaara] Success Move To [18][79][203][57]
2023-03-29_13:08:01 INFO AuthSocket::AccountServerMove - [2][blackgaara] Move To [0][51][52][225]
2023-03-29_13:08:02 INFO AuthSocket::AccountServerAuth - [2][blackgaara] Success Move To [0][51][52][225]
2023-03-29_13:10:22 INFO AuthSocket::AccountServerMove - [2][blackgaara] Move To [18][79][205][56]
2023-03-29_13:10:22 INFO AuthSocket::AccountServerAuth - [2][blackgaara] Success Move To [18][79][205][56]
2023-03-29_13:10:54 INFO AuthSocket::AccountServerMove - [2][blackgaara] Move To [0][38][71][106]
2023-03-29_13:10:55 INFO AuthSocket::AccountServerAuth - [2][blackgaara] Success Move To [0][38][71][106]
2023-03-29_13:21:22 INFO AuthSocket::AccountServerMove - [2][blackgaara] Move To [18][79][205][56]
2023-03-29_13:21:23 INFO AuthSocket::AccountServerAuth - [2][blackgaara] Success Move To [18][79][205][56]
2023-03-29_13:22:04 INFO AuthSocket::AccountServerMove - [2][blackgaara] Move To [0][37][73][184]
2023-03-29_13:22:04 INFO AuthSocket::AccountServerAuth - [2][blackgaara] Success Move To [0][37][73][184]
2023-03-29_13:23:21 INFO AuthSocket::AccountServerMove - [2][blackgaara] Move To [19][42][104][179]
2023-03-29_13:23:22 INFO AuthSocket::AccountServerAuth - [2][blackgaara] Success Move To [19][42][104][179]
2023-03-29_13:25:18 INFO AuthSocket::AccountServerMove - [2][blackgaara] Move To [18][79][205][56]
2023-03-29_13:25:18 INFO AuthSocket::AccountServerAuth - [2][blackgaara] Success Move To [18][79][205][56]
2023-03-29_13:25:55 INFO AuthSocket::AccountServerMove - [2][blackgaara] Move To [19][34][229][45]
2023-03-29_13:25:56 INFO AuthSocket::AccountServerAuth - [2][blackgaara] Success Move To [19][34][229][45]
2023-03-29_13:26:16 INFO AuthSocket::AccountServerMove - [2][blackgaara] Move To [18][79][205][56]
2023-03-29_13:26:16 INFO AuthSocket::AccountServerAuth - [2][blackgaara] Success Move To [18][79][205][56]
2023-03-29_13:27:03 INFO AuthSocket::AccountServerMove - [2][blackgaara] Move To [19][34][229][45]
2023-03-29_13:27:03 INFO AuthSocket::AccountServerAuth - [2][blackgaara] Success Move To [19][34][229][45]
2023-03-29_13:29:27 INFO AuthSocket::AccountServerMove - [2][blackgaara] Move To [0][80][137][112]
2023-03-29_13:29:28 INFO AuthSocket::AccountServerAuth - [2][blackgaara] Success Move To [0][80][137][112]
2023-03-29_13:52:25 INFO AuthSocket::AccountServerMove - [2][blackgaara] Move To [18][79][205][58]
2023-03-29_13:52:26 INFO AuthSocket::AccountServerAuth - [2][blackgaara] Success Move To [18][79][205][58]
2023-03-29_13:52:55 INFO AuthSocket::AccountServerMove - [2][blackgaara] Move To [0][80][127][117]
2023-03-29_13:52:55 INFO AuthSocket::AccountServerAuth - [2][blackgaara] Success Move To [0][80][127][117]
2023-03-29_13:53:01 INFO Removing Player [2][blackgaara] - Server Closed.
2023-03-29_13:58:37 INFO Adding Player [2][blackgaara]
2023-03-29_13:58:37 INFO Removing Player [2][blackgaara] - Kicked.
2023-03-29_13:58:37 INFO LoginQueue::Process -- [Acc: blackgaara][IP: 77.175.188.143][MAC: ][SERIAL: 0] Result: 1
2023-03-29_13:58:40 INFO Adding Player [2][blackgaara]
2023-03-29_13:58:40 INFO AuthSocket::AccountServerMove - [2][blackgaara] Move To [18][79][205][58]
2023-03-29_13:58:40 INFO AuthSocket::AccountServerAuth - [2][blackgaara] Success Move To [18][79][205][58]
2023-03-29_13:58:54 INFO AuthSocket::AccountServerMove - [2][blackgaara] Move To [0][80][134][112]
2023-03-29_13:58:55 INFO AuthSocket::AccountServerAuth - [2][blackgaara] Success Move To [0][80][134][112]
2023-03-29_14:04:05 INFO AuthSocket::AccountServerMove - [2][blackgaara] Move To [18][79][203][57]
2023-03-29_14:04:06 INFO AuthSocket::AccountServerAuth - [2][blackgaara] Success Move To [18][79][203][57]
2023-03-29_14:04:30 INFO AuthSocket::AccountServerMove - [2][blackgaara] Move To [0][81][162][16]
2023-03-29_14:04:31 INFO AuthSocket::AccountServerAuth - [2][blackgaara] Success Move To [0][81][162][16]
2023-03-29_14:57:47 INFO AuthSocket::AccountServerMove - [2][blackgaara] Move To [18][79][203][57]
2023-03-29_14:57:47 INFO AuthSocket::AccountServerAuth - [2][blackgaara] Success Move To [18][79][203][57]
2023-03-29_14:57:53 INFO AuthSocket::AccountServerMove - [2][blackgaara] Move To [0][57][222][211]
2023-03-29_14:57:54 INFO AuthSocket::AccountServerAuth - [2][blackgaara] Success Move To [0][57][222][211]
2023-03-29_14:57:56 INFO AuthSocket::AccountServerMove - [2][blackgaara] Move To [18][79][203][56]
2023-03-29_14:57:57 INFO AuthSocket::AccountServerAuth - [2][blackgaara] Success Move To [18][79][203][56]
2023-03-29_14:58:25 INFO AuthSocket::AccountServerMove - [2][blackgaara] Move To [0][57][223][211]
2023-03-29_14:58:26 INFO AuthSocket::AccountServerAuth - [2][blackgaara] Success Move To [0][57][223][211]
2023-03-29_15:18:34 INFO AuthSocket::AccountServerMove - [2][blackgaara] Move To [18][79][203][57]
2023-03-29_15:18:35 INFO AuthSocket::AccountServerAuth - [2][blackgaara] Success Move To [18][79][203][57]
2023-03-29_15:18:59 INFO AuthSocket::AccountServerMove - [2][blackgaara] Move To [0][113][25][118]
2023-03-29_15:18:59 INFO AuthSocket::AccountServerAuth - [2][blackgaara] Success Move To [0][113][25][118]
2023-03-29_15:33:00 INFO AuthSocket::AccountServerMove - [2][blackgaara] Move To [18][79][203][58]
2023-03-29_15:33:01 INFO AuthSocket::AccountServerAuth - [2][blackgaara] Success Move To [18][79][203][58]
2023-03-29_15:33:24 INFO AuthSocket::AccountServerMove - [2][blackgaara] Move To [0][113][26][118]
2023-03-29_15:33:24 INFO AuthSocket::AccountServerAuth - [2][blackgaara] Success Move To [0][113][26][118]
2023-03-29_15:37:26 INFO AuthSocket::AccountServerMove - [2][blackgaara] Move To [18][79][206][58]
2023-03-29_15:37:26 INFO AuthSocket::AccountServerAuth - [2][blackgaara] Success Move To [18][79][206][58]
2023-03-29_15:37:52 INFO AuthSocket::AccountServerMove - [2][blackgaara] Move To [0][113][24][118]
2023-03-29_15:37:52 INFO AuthSocket::AccountServerAuth - [2][blackgaara] Success Move To [0][113][24][118]
2023-03-29_15:42:08 INFO AuthSocket::AccountServerMove - [2][blackgaara] Move To [18][79][206][57]
2023-03-29_15:42:09 INFO AuthSocket::AccountServerAuth - [2][blackgaara] Success Move To [18][79][206][57]
2023-03-29_15:42:32 INFO AuthSocket::AccountServerMove - [2][blackgaara] Move To [0][113][25][118]
2023-03-29_15:42:32 INFO AuthSocket::AccountServerAuth - [2][blackgaara] Success Move To [0][113][25][118]
2023-03-29_18:45:14 INFO Removing Player [2][blackgaara] - Disconnected.
2023-03-29_20:17:23 INFO Adding Player [11][black]
2023-03-29_20:17:23 INFO Removing Player [11][black] - Kicked.
2023-03-29_20:17:23 INFO LoginQueue::Process -- [Acc: black][IP: 77.175.188.143][MAC: ][SERIAL: 0] Result: 1
2023-03-29_20:18:52 INFO Adding Player [2][blackgaara]
2023-03-29_20:18:52 INFO Removing Player [2][blackgaara] - Kicked.
2023-03-29_20:18:52 INFO LoginQueue::Process -- [Acc: blackgaara][IP: 77.175.188.143][MAC: ][SERIAL: 0] Result: 1
2023-03-29_21:02:38 INFO Adding Player [2][blackgaara]
2023-03-29_21:02:38 INFO AuthSocket::AccountServerMove - [2][blackgaara] Move To [18][79][206][58]
2023-03-29_21:02:38 INFO AuthSocket::AccountServerAuth - [2][blackgaara] Success Move To [18][79][206][58]
2023-03-29_21:03:10 INFO AuthSocket::AccountServerMove - [2][blackgaara] Move To [0][56][137][109]
2023-03-29_21:03:10 INFO AuthSocket::AccountServerAuth - [2][blackgaara] Success Move To [0][56][137][109]
2023-03-29_21:05:22 INFO AuthSocket::AccountServerMove - [2][blackgaara] Move To [18][79][204][57]
2023-03-29_21:05:23 INFO AuthSocket::AccountServerAuth - [2][blackgaara] Success Move To [18][79][204][57]
2023-03-29_21:05:49 INFO AuthSocket::AccountServerMove - [2][blackgaara] Move To [0][56][139][105]
2023-03-29_21:05:50 INFO AuthSocket::AccountServerAuth - [2][blackgaara] Success Move To [0][56][139][105]
2023-03-29_22:15:09 INFO AuthSocket::AccountServerMove - [2][blackgaara] Move To [18][79][205][56]
2023-03-29_22:15:10 INFO AuthSocket::AccountServerAuth - [2][blackgaara] Success Move To [18][79][205][56]
2023-03-29_22:15:48 INFO AuthSocket::AccountServerMove - [2][blackgaara] Move To [0][56][140][107]
2023-03-29_22:15:49 INFO AuthSocket::AccountServerAuth - [2][blackgaara] Success Move To [0][56][140][107]
2023-03-29_22:19:42 INFO AuthSocket::AccountServerMove - [2][blackgaara] Move To [18][79][206][57]
2023-03-29_22:19:43 INFO AuthSocket::AccountServerAuth - [2][blackgaara] Success Move To [18][79][206][57]
2023-03-29_22:20:27 INFO AuthSocket::AccountServerMove - [2][blackgaara] Move To [0][91][58][195]
2023-03-29_22:20:27 INFO AuthSocket::AccountServerAuth - [2][blackgaara] Success Move To [0][91][58][195]
2023-03-29_22:22:06 INFO AuthSocket::AccountServerMove - [2][blackgaara] Move To [18][79][206][57]
2023-03-29_22:22:07 INFO AuthSocket::AccountServerAuth - [2][blackgaara] Success Move To [18][79][206][57]
2023-03-29_22:22:30 INFO AuthSocket::AccountServerMove - [2][blackgaara] Move To [0][91][52][194]
2023-03-29_22:22:31 INFO AuthSocket::AccountServerAuth - [2][blackgaara] Success Move To [0][91][52][194]
2023-03-29_23:25:05 INFO Removing Player [2][blackgaara] - Disconnected.
