2023-03-30_09:19:59 INFO Adding Player [2][blackgaara]
2023-03-30_09:19:59 INFO Removing Player [2][blackgaara] - Kicked.
2023-03-30_09:19:59 INFO LoginQueue::Process -- [Acc: blackgaara][IP: 77.175.188.143][MAC: ][SERIAL: 0] Result: 1
2023-03-30_09:31:09 INFO Adding Player [2][blackgaara]
2023-03-30_09:31:09 INFO AuthSocket::AccountServerMove - [2][blackgaara] Move To [18][79][203][57]
2023-03-30_09:31:10 INFO AuthSocket::AccountServerAuth - [2][blackgaara] Success Move To [18][79][203][57]
2023-03-30_09:32:44 INFO AuthSocket::AccountServerMove - [2][blackgaara] Move To [0][91][53][191]
2023-03-30_09:32:45 INFO AuthSocket::AccountServerAuth - [2][blackgaara] Success Move To [0][91][53][191]
2023-03-30_09:54:05 INFO AuthSocket::AccountServerMove - [2][blackgaara] Move To [18][79][204][57]
2023-03-30_09:54:05 INFO AuthSocket::AccountServerAuth - [2][blackgaara] Success Move To [18][79][204][57]
2023-03-30_09:55:14 INFO AuthSocket::AccountServerMove - [2][blackgaara] Move To [0][91][52][190]
2023-03-30_09:55:15 INFO AuthSocket::AccountServerAuth - [2][blackgaara] Success Move To [0][91][52][190]
2023-03-30_10:04:30 INFO AuthSocket::AccountServerMove - [2][blackgaara] Move To [18][79][205][56]
2023-03-30_10:04:31 INFO AuthSocket::AccountServerAuth - [2][blackgaara] Success Move To [18][79][205][56]
2023-03-30_10:05:08 INFO AuthSocket::AccountServerMove - [2][blackgaara] Move To [0][91][58][196]
2023-03-30_10:05:09 INFO AuthSocket::AccountServerAuth - [2][blackgaara] Success Move To [0][91][58][196]
2023-03-30_10:06:16 INFO AuthSocket::AccountServerMove - [2][blackgaara] Move To [18][79][205][57]
2023-03-30_10:06:17 INFO AuthSocket::AccountServerAuth - [2][blackgaara] Success Move To [18][79][205][57]
2023-03-30_10:06:19 INFO AuthSocket::AccountServerMove - [2][blackgaara] Move To [0][91][57][192]
2023-03-30_10:06:20 INFO AuthSocket::AccountServerAuth - [2][blackgaara] Success Move To [0][91][57][192]
2023-03-30_10:17:23 INFO AuthSocket::AccountServerMove - [2][blackgaara] Move To [18][79][206][56]
2023-03-30_10:17:24 INFO AuthSocket::AccountServerAuth - [2][blackgaara] Success Move To [18][79][206][56]
2023-03-30_10:17:48 INFO AuthSocket::AccountServerMove - [2][blackgaara] Move To [0][91][59][195]
2023-03-30_10:17:49 INFO AuthSocket::AccountServerAuth - [2][blackgaara] Success Move To [0][91][59][195]
2023-03-30_10:19:25 INFO Removing Player [2][blackgaara] - Disconnected.
2023-03-30_10:19:47 INFO Adding Player [2][blackgaara]
2023-03-30_10:19:47 INFO Removing Player [2][blackgaara] - Kicked.
2023-03-30_10:19:47 INFO LoginQueue::Process -- [Acc: blackgaara][IP: 77.175.188.143][MAC: ][SERIAL: 0] Result: 1
2023-03-30_10:37:48 INFO Adding Player [2][blackgaara]
2023-03-30_10:37:48 INFO AuthSocket::AccountServerMove - [2][blackgaara] Move To [18][79][203][57]
2023-03-30_10:37:49 INFO AuthSocket::AccountServerAuth - [2][blackgaara] Success Move To [18][79][203][57]
2023-03-30_10:38:24 INFO AuthSocket::AccountServerMove - [2][blackgaara] Move To [0][91][51][194]
2023-03-30_10:38:25 INFO AuthSocket::AccountServerAuth - [2][blackgaara] Success Move To [0][91][51][194]
2023-03-30_10:40:17 INFO AuthSocket::AccountServerMove - [2][blackgaara] Move To [18][79][204][58]
2023-03-30_10:40:18 INFO AuthSocket::AccountServerAuth - [2][blackgaara] Success Move To [18][79][204][58]
2023-03-30_10:41:45 INFO AuthSocket::AccountServerMove - [2][blackgaara] Move To [0][91][58][196]
2023-03-30_10:41:46 INFO AuthSocket::AccountServerAuth - [2][blackgaara] Success Move To [0][91][58][196]
2023-03-30_11:20:01 INFO AuthSocket::AccountServerMove - [2][blackgaara] Move To [18][79][203][58]
2023-03-30_11:20:01 INFO AuthSocket::AccountServerAuth - [2][blackgaara] Success Move To [18][79][203][58]
2023-03-30_11:21:33 INFO AuthSocket::AccountServerMove - [2][blackgaara] Move To [0][91][53][194]
2023-03-30_11:21:33 INFO AuthSocket::AccountServerAuth - [2][blackgaara] Success Move To [0][91][53][194]
2023-03-30_11:22:53 INFO AuthSocket::AccountServerMove - [2][blackgaara] Move To [18][79][206][57]
2023-03-30_11:22:53 INFO AuthSocket::AccountServerAuth - [2][blackgaara] Success Move To [18][79][206][57]
2023-03-30_11:23:27 INFO AuthSocket::AccountServerMove - [2][blackgaara] Move To [0][91][54][195]
2023-03-30_11:23:28 INFO AuthSocket::AccountServerAuth - [2][blackgaara] Success Move To [0][91][54][195]
2023-03-30_11:24:29 INFO AuthSocket::AccountServerMove - [2][blackgaara] Move To [19][30][29][42]
2023-03-30_11:24:29 INFO AuthSocket::AccountServerAuth - [2][blackgaara] Success Move To [19][30][29][42]
2023-03-30_11:24:33 INFO AuthSocket::AccountServerMove - [2][blackgaara] Move To [0][113][24][120]
2023-03-30_11:24:34 INFO AuthSocket::AccountServerAuth - [2][blackgaara] Success Move To [0][113][24][120]
2023-03-30_11:25:20 INFO AuthSocket::AccountServerMove - [2][blackgaara] Move To [19][41][29][81]
2023-03-30_11:25:21 INFO AuthSocket::AccountServerAuth - [2][blackgaara] Success Move To [19][41][29][81]
2023-03-30_11:38:25 INFO Removing Player [2][blackgaara] - Server Closed.
2023-03-30_11:39:20 INFO Adding Player [2][blackgaara]
2023-03-30_11:39:20 INFO Removing Player [2][blackgaara] - Kicked.
2023-03-30_11:39:20 INFO LoginQueue::Process -- [Acc: blackgaara][IP: 77.175.188.143][MAC: ][SERIAL: 0] Result: 1
2023-03-30_11:39:24 INFO Adding Player [2][blackgaara]
2023-03-30_11:40:16 INFO Removing Player [2][blackgaara] - Disconnected.
2023-03-30_11:40:16 INFO Removing Player [2][blackgaara] - Server Closed.
2023-03-30_11:55:32 INFO Adding Player [2][blackgaara]
2023-03-30_11:55:32 INFO Removing Player [2][blackgaara] - Kicked.
2023-03-30_11:55:32 INFO LoginQueue::Process -- [Acc: blackgaara][IP: 77.175.188.143][MAC: ][SERIAL: 0] Result: 1
2023-03-30_11:55:47 INFO Adding Player [2][blackgaara]
2023-03-30_11:55:47 INFO AuthSocket::AccountServerMove - [2][blackgaara] Move To [19][42][104][178]
2023-03-30_11:55:47 INFO AuthSocket::AccountServerAuth - [2][blackgaara] Success Move To [19][42][104][178]
2023-03-30_11:56:29 INFO AuthSocket::AccountServerMove - [2][blackgaara] Move To [0][91][51][191]
2023-03-30_11:56:30 INFO AuthSocket::AccountServerAuth - [2][blackgaara] Success Move To [0][91][51][191]
2023-03-30_13:06:37 INFO AuthSocket::AccountServerMove - [2][blackgaara] Move To [19][41][30][80]
2023-03-30_13:06:37 INFO AuthSocket::AccountServerAuth - [2][blackgaara] Success Move To [19][41][30][80]
2023-03-30_15:33:23 INFO Removing Player [2][blackgaara] - Disconnected.
2023-03-30_15:34:09 INFO Adding Player [2][blackgaara]
2023-03-30_15:34:09 INFO Removing Player [2][blackgaara] - Kicked.
2023-03-30_15:34:09 INFO LoginQueue::Process -- [Acc: blackgaara][IP: 77.175.188.143][MAC: ][SERIAL: 0] Result: 1
2023-03-30_16:43:39 INFO Adding Player [2][blackgaara]
2023-03-30_16:43:39 INFO Removing Player [2][blackgaara] - Kicked.
2023-03-30_16:43:39 INFO LoginQueue::Process -- [Acc: blackgaara][IP: 77.175.188.143][MAC: ][SERIAL: 0] Result: 1
2023-03-30_17:00:10 INFO Adding Player [2][blackgaara]
2023-03-30_17:00:25 INFO Removing Player [2][blackgaara] - Server Closed.
2023-03-30_17:02:44 INFO Adding Player [2][blackgaara]
2023-03-30_17:02:44 INFO Removing Player [2][blackgaara] - Kicked.
2023-03-30_17:02:44 INFO LoginQueue::Process -- [Acc: blackgaara][IP: 77.175.188.143][MAC: ][SERIAL: 0] Result: 1
2023-03-30_17:03:20 INFO Adding Player [2][blackgaara]
2023-03-30_17:03:54 INFO AuthSocket::AccountServerMove - [2][blackgaara] Move To [18][79][206][58]
2023-03-30_17:03:55 INFO AuthSocket::AccountServerAuth - [2][blackgaara] Success Move To [18][79][206][58]
2023-03-30_17:04:21 INFO AuthSocket::AccountServerMove - [2][blackgaara] Move To [0][116][120][127]
2023-03-30_17:04:22 INFO AuthSocket::AccountServerAuth - [2][blackgaara] Success Move To [0][116][120][127]
2023-03-30_17:19:23 INFO AuthSocket::AccountServerMove - [2][blackgaara] Move To [18][79][205][58]
2023-03-30_17:19:23 INFO AuthSocket::AccountServerAuth - [2][blackgaara] Success Move To [18][79][205][58]
2023-03-30_17:20:15 INFO AuthSocket::AccountServerMove - [2][blackgaara] Move To [0][117][131][128]
2023-03-30_17:20:16 INFO AuthSocket::AccountServerAuth - [2][blackgaara] Success Move To [0][117][131][128]
2023-03-30_17:31:31 INFO AuthSocket::AccountServerMove - [2][blackgaara] Move To [18][79][206][57]
2023-03-30_17:31:32 INFO AuthSocket::AccountServerAuth - [2][blackgaara] Success Move To [18][79][206][57]
2023-03-30_17:31:57 INFO AuthSocket::AccountServerMove - [2][blackgaara] Move To [0][118][123][123]
2023-03-30_17:31:58 INFO AuthSocket::AccountServerAuth - [2][blackgaara] Success Move To [0][118][123][123]
2023-03-30_17:39:43 INFO AuthSocket::AccountServerMove - [2][blackgaara] Move To [18][79][205][56]
2023-03-30_17:39:43 INFO AuthSocket::AccountServerAuth - [2][blackgaara] Success Move To [18][79][205][56]
2023-03-30_17:40:10 INFO AuthSocket::AccountServerMove - [2][blackgaara] Move To [0][119][125][119]
2023-03-30_17:40:10 INFO AuthSocket::AccountServerAuth - [2][blackgaara] Success Move To [0][119][125][119]
2023-03-30_18:01:53 INFO AuthSocket::AccountServerMove - [2][blackgaara] Move To [18][79][206][57]
2023-03-30_18:01:53 INFO AuthSocket::AccountServerAuth - [2][blackgaara] Success Move To [18][79][206][57]
2023-03-30_18:03:48 INFO AuthSocket::AccountServerMove - [2][blackgaara] Move To [0][120][126][119]
2023-03-30_18:03:49 INFO AuthSocket::AccountServerAuth - [2][blackgaara] Success Move To [0][120][126][119]
2023-03-30_18:05:38 INFO AuthSocket::AccountServerMove - [2][blackgaara] Move To [18][79][204][57]
2023-03-30_18:05:38 INFO AuthSocket::AccountServerAuth - [2][blackgaara] Success Move To [18][79][204][57]
2023-03-30_18:06:51 INFO AuthSocket::AccountServerMove - [2][blackgaara] Move To [0][120][126][119]
2023-03-30_18:06:51 INFO AuthSocket::AccountServerAuth - [2][blackgaara] Success Move To [0][120][126][119]
2023-03-30_18:27:53 INFO Removing Player [2][blackgaara] - Disconnected.
2023-03-30_19:20:50 INFO Adding Player [2][blackgaara]
2023-03-30_19:20:50 INFO Removing Player [2][blackgaara] - Kicked.
2023-03-30_19:20:50 INFO LoginQueue::Process -- [Acc: blackgaara][IP: 77.175.188.143][MAC: ][SERIAL: 0] Result: 1
2023-03-30_19:58:11 INFO Adding Player [2][blackgaara]
2023-03-30_19:58:11 INFO AuthSocket::AccountServerMove - [2][blackgaara] Move To [18][79][204][56]
2023-03-30_19:58:12 INFO AuthSocket::AccountServerAuth - [2][blackgaara] Success Move To [18][79][204][56]
2023-03-30_19:58:44 INFO AuthSocket::AccountServerMove - [2][blackgaara] Move To [0][122][135][112]
2023-03-30_19:58:45 INFO AuthSocket::AccountServerAuth - [2][blackgaara] Success Move To [0][122][135][112]
2023-03-30_20:07:52 INFO AuthSocket::AccountServerMove - [2][blackgaara] Move To [18][79][206][57]
2023-03-30_20:07:52 INFO AuthSocket::AccountServerAuth - [2][blackgaara] Success Move To [18][79][206][57]
2023-03-30_20:08:14 INFO AuthSocket::AccountServerMove - [2][blackgaara] Move To [0][122][135][114]
2023-03-30_20:08:14 INFO AuthSocket::AccountServerAuth - [2][blackgaara] Success Move To [0][122][135][114]
2023-03-30_20:09:19 INFO AuthSocket::AccountServerMove - [2][blackgaara] Move To [18][79][204][58]
2023-03-30_20:09:19 INFO AuthSocket::AccountServerAuth - [2][blackgaara] Success Move To [18][79][204][58]
2023-03-30_20:09:41 INFO AuthSocket::AccountServerMove - [2][blackgaara] Move To [0][122][139][123]
2023-03-30_20:09:42 INFO AuthSocket::AccountServerAuth - [2][blackgaara] Success Move To [0][122][139][123]
2023-03-30_20:11:22 INFO AuthSocket::AccountServerMove - [2][blackgaara] Move To [18][79][203][56]
2023-03-30_20:11:23 INFO AuthSocket::AccountServerAuth - [2][blackgaara] Success Move To [18][79][203][56]
2023-03-30_20:11:55 INFO AuthSocket::AccountServerMove - [2][blackgaara] Move To [0][122][130][117]
2023-03-30_20:11:55 INFO AuthSocket::AccountServerAuth - [2][blackgaara] Success Move To [0][122][130][117]
2023-03-30_20:14:48 INFO AuthSocket::AccountServerMove - [2][blackgaara] Move To [18][79][203][58]
2023-03-30_20:14:48 INFO AuthSocket::AccountServerAuth - [2][blackgaara] Success Move To [18][79][203][58]
2023-03-30_20:15:15 INFO AuthSocket::AccountServerMove - [2][blackgaara] Move To [0][122][136][122]
2023-03-30_20:15:15 INFO AuthSocket::AccountServerAuth - [2][blackgaara] Success Move To [0][122][136][122]
2023-03-30_21:00:47 INFO AuthSocket::AccountServerMove - [2][blackgaara] Move To [18][79][206][57]
2023-03-30_21:00:48 INFO AuthSocket::AccountServerAuth - [2][blackgaara] Success Move To [18][79][206][57]
2023-03-30_21:01:16 INFO AuthSocket::AccountServerMove - [2][blackgaara] Move To [0][123][237][87]
2023-03-30_21:01:16 INFO AuthSocket::AccountServerAuth - [2][blackgaara] Success Move To [0][123][237][87]
2023-03-30_21:06:42 INFO AuthSocket::AccountServerMove - [2][blackgaara] Move To [18][79][206][56]
2023-03-30_21:06:43 INFO AuthSocket::AccountServerAuth - [2][blackgaara] Success Move To [18][79][206][56]
2023-03-30_21:07:11 INFO AuthSocket::AccountServerMove - [2][blackgaara] Move To [0][123][238][90]
2023-03-30_21:07:12 INFO AuthSocket::AccountServerAuth - [2][blackgaara] Success Move To [0][123][238][90]
2023-03-30_21:31:33 INFO AuthSocket::AccountServerMove - [2][blackgaara] Move To [18][79][203][58]
2023-03-30_21:31:34 INFO AuthSocket::AccountServerAuth - [2][blackgaara] Success Move To [18][79][203][58]
2023-03-30_21:31:42 INFO AuthSocket::AccountServerMove - [2][blackgaara] Move To [0][130][130][122]
2023-03-30_21:31:42 INFO AuthSocket::AccountServerAuth - [2][blackgaara] Success Move To [0][130][130][122]
2023-03-30_21:31:46 INFO AuthSocket::AccountServerMove - [2][blackgaara] Move To [18][79][204][56]
2023-03-30_21:31:47 INFO AuthSocket::AccountServerAuth - [2][blackgaara] Success Move To [18][79][204][56]
2023-03-30_21:43:25 INFO AuthSocket::AccountServerMove - [2][blackgaara] Move To [0][128][131][126]
2023-03-30_21:43:26 INFO AuthSocket::AccountServerAuth - [2][blackgaara] Success Move To [0][128][131][126]
2023-03-30_21:57:34 INFO AuthSocket::AccountServerMove - [2][blackgaara] Move To [18][79][204][58]
2023-03-30_21:57:35 INFO AuthSocket::AccountServerAuth - [2][blackgaara] Success Move To [18][79][204][58]
2023-03-30_21:58:08 INFO AuthSocket::AccountServerMove - [2][blackgaara] Move To [0][131][240][14]
2023-03-30_21:58:09 INFO AuthSocket::AccountServerAuth - [2][blackgaara] Success Move To [0][131][240][14]
2023-03-30_22:41:22 INFO AuthSocket::AccountServerMove - [2][blackgaara] Move To [18][79][205][57]
2023-03-30_22:41:23 INFO AuthSocket::AccountServerAuth - [2][blackgaara] Success Move To [18][79][205][57]
2023-03-30_22:42:51 INFO AuthSocket::AccountServerMove - [2][blackgaara] Move To [0][132][129][124]
2023-03-30_22:42:52 INFO AuthSocket::AccountServerAuth - [2][blackgaara] Success Move To [0][132][129][124]
2023-03-30_22:47:24 INFO AuthSocket::AccountServerMove - [2][blackgaara] Move To [18][79][203][57]
2023-03-30_22:47:25 INFO AuthSocket::AccountServerAuth - [2][blackgaara] Success Move To [18][79][203][57]
2023-03-30_22:47:57 INFO AuthSocket::AccountServerMove - [2][blackgaara] Move To [0][132][128][116]
2023-03-30_22:47:57 INFO AuthSocket::AccountServerAuth - [2][blackgaara] Success Move To [0][132][128][116]
2023-03-30_23:05:56 INFO AuthSocket::AccountServerMove - [2][blackgaara] Move To [18][79][205][57]
2023-03-30_23:05:56 INFO AuthSocket::AccountServerAuth - [2][blackgaara] Success Move To [18][79][205][57]
2023-03-30_23:06:54 INFO AuthSocket::AccountServerMove - [2][blackgaara] Move To [0][133][131][57]
2023-03-30_23:06:54 INFO AuthSocket::AccountServerAuth - [2][blackgaara] Success Move To [0][133][131][57]
2023-03-30_23:20:37 INFO AuthSocket::AccountServerMove - [2][blackgaara] Move To [18][79][205][57]
2023-03-30_23:20:37 INFO AuthSocket::AccountServerAuth - [2][blackgaara] Success Move To [18][79][205][57]
2023-03-30_23:22:06 INFO AuthSocket::AccountServerMove - [2][blackgaara] Move To [0][134][123][29]
2023-03-30_23:22:07 INFO AuthSocket::AccountServerAuth - [2][blackgaara] Success Move To [0][134][123][29]
2023-03-30_23:37:12 INFO AuthSocket::AccountServerMove - [2][blackgaara] Move To [18][79][204][57]
2023-03-30_23:37:12 INFO AuthSocket::AccountServerAuth - [2][blackgaara] Success Move To [18][79][204][57]
2023-03-30_23:37:44 INFO AuthSocket::AccountServerMove - [2][blackgaara] Move To [0][136][127][19]
2023-03-30_23:37:45 INFO AuthSocket::AccountServerAuth - [2][blackgaara] Success Move To [0][136][127][19]
2023-03-30_23:50:03 INFO AuthSocket::AccountServerMove - [2][blackgaara] Move To [18][79][205][56]
2023-03-30_23:50:04 INFO AuthSocket::AccountServerAuth - [2][blackgaara] Success Move To [18][79][205][56]
2023-03-30_23:50:35 INFO AuthSocket::AccountServerMove - [2][blackgaara] Move To [0][137][129][123]
2023-03-30_23:50:35 INFO AuthSocket::AccountServerAuth - [2][blackgaara] Success Move To [0][137][129][123]
2023-03-30_23:51:59 INFO Removing Player [2][blackgaara] - Disconnected.
