2023-03-04_00:00:00 INFO Invasion 0 [White Wizard] launched
2023-03-04_00:00:00 INFO Invasion 3 [New Year Day] launched
2023-03-04_00:00:00 INFO Invasion 6 [Santa Event] launched
2023-03-04_00:00:00 INFO Invasion 8 [Golden Invasion] launched
2023-03-04_00:00:00 INFO Invasion 9 [Lucky Coin] launched
2023-03-04_00:00:00 INFO Invasion 12 [Summon the Demons] launched
2023-03-04_00:00:06 INFO Deleting Invasion 4
2023-03-04_00:05:00 INFO Invasion 13 [Exiled from Exile] launched
2023-03-04_00:30:00 INFO Invasion 2 [Underground] launched
2023-03-04_00:30:00 INFO Invasion 5 [Summer] launched
2023-03-04_00:30:05 INFO Deleting Invasion 0
2023-03-04_00:30:05 INFO Deleting Invasion 3
2023-03-04_00:30:05 INFO Deleting Invasion 6
2023-03-04_00:30:05 INFO Deleting Invasion 9
2023-03-04_00:35:05 INFO Deleting Invasion 13
2023-03-04_01:00:00 INFO Invasion 1 [Blue Event] launched
2023-03-04_01:00:00 INFO Invasion 10 [Muun Invasion] launched
2023-03-04_01:00:05 INFO Deleting Invasion 2
2023-03-04_01:00:07 INFO Deleting Invasion 5
2023-03-04_01:30:00 INFO Invasion 4 [Red Dragon] launched
2023-03-04_01:30:05 INFO Deleting Invasion 1
2023-03-04_01:30:06 INFO Deleting Invasion 10
2023-03-04_02:00:00 INFO Invasion 0 [White Wizard] launched
2023-03-04_02:00:01 INFO Invasion 9 [Lucky Coin] launched
2023-03-04_02:00:05 INFO Deleting Invasion 4
2023-03-04_02:05:00 INFO Invasion 13 [Exiled from Exile] launched
2023-03-04_02:30:00 INFO Invasion 2 [Underground] launched
2023-03-04_02:30:06 INFO Deleting Invasion 0
2023-03-04_02:30:06 INFO Deleting Invasion 9
2023-03-04_02:35:05 INFO Deleting Invasion 13
2023-03-04_03:00:00 INFO Invasion 1 [Blue Event] launched
2023-03-04_03:00:00 INFO Invasion 10 [Muun Invasion] launched
2023-03-04_03:00:07 INFO Deleting Invasion 2
2023-03-04_03:30:00 INFO Invasion 4 [Red Dragon] launched
2023-03-04_03:30:05 INFO Deleting Invasion 1
2023-03-04_03:30:06 INFO Deleting Invasion 10
2023-03-04_04:00:00 INFO Invasion 0 [White Wizard] launched
2023-03-04_04:00:00 INFO Invasion 3 [New Year Day] launched
2023-03-04_04:00:00 INFO Invasion 6 [Santa Event] launched
2023-03-04_04:00:00 INFO Invasion 9 [Lucky Coin] launched
2023-03-04_04:00:08 INFO Deleting Invasion 4
2023-03-04_04:05:00 INFO Invasion 13 [Exiled from Exile] launched
2023-03-04_04:30:00 INFO Invasion 2 [Underground] launched
2023-03-04_04:30:00 INFO Invasion 5 [Summer] launched
2023-03-04_04:30:07 INFO Deleting Invasion 0
2023-03-04_04:30:07 INFO Deleting Invasion 3
2023-03-04_04:30:07 INFO Deleting Invasion 6
2023-03-04_04:30:07 INFO Deleting Invasion 9
2023-03-04_04:35:05 INFO Deleting Invasion 13
2023-03-04_05:00:00 INFO Invasion 1 [Blue Event] launched
2023-03-04_05:00:01 INFO Invasion 10 [Muun Invasion] launched
2023-03-04_05:00:05 INFO Deleting Invasion 2
2023-03-04_05:00:05 INFO Deleting Invasion 5
2023-03-04_05:00:05 INFO Deleting Invasion 12
2023-03-04_05:30:00 INFO Invasion 4 [Red Dragon] launched
2023-03-04_05:30:05 INFO Deleting Invasion 1
2023-03-04_05:30:06 INFO Deleting Invasion 10
2023-03-04_05:50:05 INFO Deleting Invasion 8
2023-03-04_06:00:00 INFO Invasion 0 [White Wizard] launched
2023-03-04_06:00:01 INFO Invasion 8 [Golden Invasion] launched
2023-03-04_06:00:01 INFO Invasion 9 [Lucky Coin] launched
2023-03-04_06:00:03 INFO Invasion 12 [Summon the Demons] launched
2023-03-04_06:00:09 INFO Deleting Invasion 4
2023-03-04_06:05:00 INFO Invasion 13 [Exiled from Exile] launched
2023-03-04_06:30:00 INFO Invasion 2 [Underground] launched
2023-03-04_06:30:06 INFO Deleting Invasion 0
2023-03-04_06:30:07 INFO Deleting Invasion 9
2023-03-04_06:35:05 INFO Deleting Invasion 13
2023-03-04_07:00:00 INFO Invasion 1 [Blue Event] launched
2023-03-04_07:00:00 INFO Invasion 10 [Muun Invasion] launched
2023-03-04_07:00:07 INFO Deleting Invasion 2
2023-03-04_07:30:00 INFO Invasion 4 [Red Dragon] launched
2023-03-04_07:30:05 INFO Deleting Invasion 1
2023-03-04_07:30:05 INFO Deleting Invasion 10
2023-03-04_08:00:00 INFO Invasion 0 [White Wizard] launched
2023-03-04_08:00:00 INFO Invasion 3 [New Year Day] launched
2023-03-04_08:00:01 INFO Invasion 6 [Santa Event] launched
2023-03-04_08:00:01 INFO Invasion 9 [Lucky Coin] launched
2023-03-04_08:00:02 INFO Invasion 15 [Skeleton Sorcerer Invasion] launched
2023-03-04_08:00:09 INFO Deleting Invasion 4
2023-03-04_08:05:00 INFO Invasion 13 [Exiled from Exile] launched
2023-03-04_08:30:00 INFO Invasion 2 [Underground] launched
2023-03-04_08:30:00 INFO Invasion 5 [Summer] launched
2023-03-04_08:30:06 INFO Deleting Invasion 0
2023-03-04_08:30:07 INFO Deleting Invasion 3
2023-03-04_08:30:07 INFO Deleting Invasion 6
2023-03-04_08:30:07 INFO Deleting Invasion 9
2023-03-04_08:35:05 INFO Deleting Invasion 13
2023-03-04_09:00:00 INFO Invasion 1 [Blue Event] launched
2023-03-04_09:00:00 INFO Invasion 10 [Muun Invasion] launched
2023-03-04_09:00:07 INFO Deleting Invasion 2
2023-03-04_09:00:07 INFO Deleting Invasion 5
2023-03-04_09:30:00 INFO Invasion 4 [Red Dragon] launched
2023-03-04_09:30:05 INFO Deleting Invasion 1
2023-03-04_09:30:05 INFO Deleting Invasion 10
2023-03-04_10:00:00 INFO Invasion 0 [White Wizard] launched
2023-03-04_10:00:00 INFO Invasion 9 [Lucky Coin] launched
2023-03-04_10:00:07 INFO Deleting Invasion 4
2023-03-04_10:05:00 INFO Invasion 13 [Exiled from Exile] launched
2023-03-04_10:30:00 INFO Invasion 2 [Underground] launched
2023-03-04_10:30:07 INFO Deleting Invasion 0
2023-03-04_10:30:07 INFO Deleting Invasion 9
2023-03-04_10:35:05 INFO Deleting Invasion 13
2023-03-04_11:00:00 INFO Invasion 1 [Blue Event] launched
2023-03-04_11:00:01 INFO Invasion 10 [Muun Invasion] launched
2023-03-04_11:00:05 INFO Deleting Invasion 2
2023-03-04_11:00:08 INFO Deleting Invasion 12
2023-03-04_11:30:00 INFO Invasion 4 [Red Dragon] launched
2023-03-04_11:30:07 INFO Deleting Invasion 1
2023-03-04_11:30:07 INFO Deleting Invasion 10
2023-03-04_11:50:05 INFO Deleting Invasion 8
2023-03-04_12:00:00 INFO Invasion 0 [White Wizard] launched
2023-03-04_12:00:02 INFO Invasion 3 [New Year Day] launched
2023-03-04_12:00:03 INFO Invasion 6 [Santa Event] launched
2023-03-04_12:00:04 INFO Invasion 8 [Golden Invasion] launched
2023-03-04_12:00:05 INFO Invasion 9 [Lucky Coin] launched
2023-03-04_12:00:06 INFO Invasion 12 [Summon the Demons] launched
2023-03-04_12:00:14 INFO Deleting Invasion 4
2023-03-04_12:05:00 INFO Invasion 13 [Exiled from Exile] launched
2023-03-04_12:30:00 INFO Invasion 2 [Underground] launched
2023-03-04_12:30:00 INFO Invasion 5 [Summer] launched
2023-03-04_12:30:05 INFO Deleting Invasion 0
2023-03-04_12:30:07 INFO Deleting Invasion 3
2023-03-04_12:30:08 INFO Deleting Invasion 6
2023-03-04_12:30:10 INFO Deleting Invasion 9
2023-03-04_12:35:07 INFO Deleting Invasion 13
