2023-04-05_00:00:00 INFO Invasion 0 [White Wizard] launched
2023-04-05_00:00:00 INFO Invasion 3 [New Year Day] launched
2023-04-05_00:00:01 INFO Invasion 6 [Santa Event] launched
2023-04-05_00:00:01 INFO Invasion 9 [Lucky Coin] launched
2023-04-05_00:00:01 INFO Invasion 12 [Summon the Demons] launched
2023-04-05_00:00:07 INFO Deleting Invasion 4
2023-04-05_00:05:00 INFO Invasion 13 [Exiled from Exile] launched
2023-04-05_00:30:00 INFO Invasion 2 [Underground] launched
2023-04-05_00:30:00 INFO Invasion 5 [Summer] launched
2023-04-05_00:30:06 INFO Deleting Invasion 0
2023-04-05_00:30:06 INFO Deleting Invasion 3
2023-04-05_00:30:06 INFO Deleting Invasion 6
2023-04-05_00:30:06 INFO Deleting Invasion 9
2023-04-05_00:35:05 INFO Deleting Invasion 13
2023-04-05_01:00:00 INFO Invasion 1 [Blue Event] launched
2023-04-05_01:00:00 INFO Invasion 10 [Muun Invasion] launched
2023-04-05_01:00:07 INFO Deleting Invasion 2
2023-04-05_01:00:07 INFO Deleting Invasion 5
2023-04-05_01:30:00 INFO Invasion 4 [Red Dragon] launched
2023-04-05_01:30:05 INFO Deleting Invasion 1
2023-04-05_01:30:05 INFO Deleting Invasion 10
2023-04-05_01:50:05 INFO Deleting Invasion 8
2023-04-05_02:00:00 INFO Invasion 0 [White Wizard] launched
2023-04-05_02:00:00 INFO Invasion 8 [Golden Invasion] launched
2023-04-05_02:00:00 INFO Invasion 9 [Lucky Coin] launched
2023-04-05_02:00:05 INFO Deleting Invasion 4
2023-04-05_02:05:00 INFO Invasion 13 [Exiled from Exile] launched
2023-04-05_02:30:00 INFO Invasion 2 [Underground] launched
2023-04-05_02:30:05 INFO Deleting Invasion 0
2023-04-05_02:30:06 INFO Deleting Invasion 9
2023-04-05_02:35:05 INFO Deleting Invasion 13
2023-04-05_03:00:00 INFO Invasion 1 [Blue Event] launched
2023-04-05_03:00:00 INFO Invasion 10 [Muun Invasion] launched
2023-04-05_03:00:07 INFO Deleting Invasion 2
2023-04-05_03:30:01 INFO Invasion 4 [Red Dragon] launched
2023-04-05_03:30:05 INFO Deleting Invasion 1
2023-04-05_03:30:05 INFO Deleting Invasion 10
2023-04-05_04:00:00 INFO Invasion 0 [White Wizard] launched
2023-04-05_04:00:00 INFO Invasion 3 [New Year Day] launched
2023-04-05_04:00:00 INFO Invasion 6 [Santa Event] launched
2023-04-05_04:00:00 INFO Invasion 9 [Lucky Coin] launched
2023-04-05_04:00:07 INFO Deleting Invasion 4
2023-04-05_04:05:00 INFO Invasion 13 [Exiled from Exile] launched
2023-04-05_04:30:00 INFO Invasion 2 [Underground] launched
2023-04-05_04:30:00 INFO Invasion 5 [Summer] launched
2023-04-05_04:30:05 INFO Deleting Invasion 0
2023-04-05_04:30:05 INFO Deleting Invasion 3
2023-04-05_04:30:05 INFO Deleting Invasion 6
2023-04-05_04:30:05 INFO Deleting Invasion 9
2023-04-05_04:35:05 INFO Deleting Invasion 13
2023-04-05_05:00:00 INFO Invasion 1 [Blue Event] launched
2023-04-05_05:00:00 INFO Invasion 10 [Muun Invasion] launched
2023-04-05_05:00:07 INFO Deleting Invasion 2
2023-04-05_05:00:07 INFO Deleting Invasion 5
2023-04-05_05:00:07 INFO Deleting Invasion 12
2023-04-05_05:30:00 INFO Invasion 4 [Red Dragon] launched
2023-04-05_05:30:06 INFO Deleting Invasion 1
2023-04-05_05:30:06 INFO Deleting Invasion 10
2023-04-05_06:00:00 INFO Invasion 0 [White Wizard] launched
2023-04-05_06:00:00 INFO Invasion 9 [Lucky Coin] launched
2023-04-05_06:00:00 INFO Invasion 12 [Summon the Demons] launched
2023-04-05_06:00:05 INFO Deleting Invasion 15
2023-04-05_06:00:05 INFO Deleting Invasion 4
2023-04-05_06:05:00 INFO Invasion 13 [Exiled from Exile] launched
2023-04-05_06:30:00 INFO Invasion 2 [Underground] launched
2023-04-05_06:30:05 INFO Deleting Invasion 0
2023-04-05_06:30:05 INFO Deleting Invasion 9
2023-04-05_06:35:05 INFO Deleting Invasion 13
2023-04-05_07:00:00 INFO Invasion 1 [Blue Event] launched
2023-04-05_07:00:00 INFO Invasion 10 [Muun Invasion] launched
2023-04-05_07:00:05 INFO Deleting Invasion 2
2023-04-05_07:30:00 INFO Invasion 4 [Red Dragon] launched
2023-04-05_07:30:07 INFO Deleting Invasion 1
2023-04-05_07:30:07 INFO Deleting Invasion 10
2023-04-05_07:50:05 INFO Deleting Invasion 8
2023-04-05_08:00:00 INFO Invasion 0 [White Wizard] launched
2023-04-05_08:00:01 INFO Invasion 3 [New Year Day] launched
2023-04-05_08:00:01 INFO Invasion 6 [Santa Event] launched
2023-04-05_08:00:02 INFO Invasion 8 [Golden Invasion] launched
2023-04-05_08:00:02 INFO Invasion 9 [Lucky Coin] launched
2023-04-05_08:00:02 INFO Invasion 15 [Skeleton Sorcerer Invasion] launched
2023-04-05_08:00:05 INFO Deleting Invasion 4
2023-04-05_08:05:00 INFO Invasion 13 [Exiled from Exile] launched
2023-04-05_08:30:00 INFO Invasion 2 [Underground] launched
2023-04-05_08:30:00 INFO Invasion 5 [Summer] launched
2023-04-05_08:30:07 INFO Deleting Invasion 0
2023-04-05_08:30:07 INFO Deleting Invasion 3
2023-04-05_08:30:07 INFO Deleting Invasion 6
2023-04-05_08:30:08 INFO Deleting Invasion 9
2023-04-05_08:35:05 INFO Deleting Invasion 13
2023-04-05_09:00:00 INFO Invasion 1 [Blue Event] launched
2023-04-05_09:00:00 INFO Invasion 10 [Muun Invasion] launched
2023-04-05_09:00:05 INFO Deleting Invasion 2
2023-04-05_09:00:05 INFO Deleting Invasion 5
2023-04-05_09:30:00 INFO Invasion 4 [Red Dragon] launched
2023-04-05_09:30:07 INFO Deleting Invasion 1
2023-04-05_09:30:07 INFO Deleting Invasion 10
2023-04-05_10:00:00 INFO Invasion 0 [White Wizard] launched
2023-04-05_10:00:00 INFO Invasion 9 [Lucky Coin] launched
2023-04-05_10:00:07 INFO Deleting Invasion 4
2023-04-05_10:05:00 INFO Invasion 13 [Exiled from Exile] launched
2023-04-05_10:30:00 INFO Invasion 2 [Underground] launched
2023-04-05_10:30:05 INFO Deleting Invasion 0
2023-04-05_10:30:05 INFO Deleting Invasion 9
2023-04-05_10:35:07 INFO Deleting Invasion 13
2023-04-05_11:00:00 INFO Invasion 1 [Blue Event] launched
2023-04-05_11:00:00 INFO Invasion 10 [Muun Invasion] launched
2023-04-05_11:00:05 INFO Deleting Invasion 12
2023-04-05_11:00:05 INFO Deleting Invasion 2
2023-04-05_11:30:00 INFO Invasion 4 [Red Dragon] launched
2023-04-05_11:30:08 INFO Deleting Invasion 1
2023-04-05_11:30:08 INFO Deleting Invasion 10
2023-04-05_12:00:00 INFO Invasion 0 [White Wizard] launched
2023-04-05_12:00:00 INFO Invasion 3 [New Year Day] launched
2023-04-05_12:00:00 INFO Invasion 6 [Santa Event] launched
2023-04-05_12:00:00 INFO Invasion 9 [Lucky Coin] launched
2023-04-05_12:00:00 INFO Invasion 12 [Summon the Demons] launched
2023-04-05_12:00:05 INFO Deleting Invasion 4
2023-04-05_12:05:00 INFO Invasion 13 [Exiled from Exile] launched
2023-04-05_12:30:00 INFO Invasion 2 [Underground] launched
2023-04-05_12:30:00 INFO Invasion 5 [Summer] launched
2023-04-05_12:30:05 INFO Deleting Invasion 0
2023-04-05_12:30:05 INFO Deleting Invasion 3
2023-04-05_12:30:05 INFO Deleting Invasion 6
2023-04-05_12:30:05 INFO Deleting Invasion 9
2023-04-05_12:35:05 INFO Deleting Invasion 13
2023-04-05_13:00:00 INFO Invasion 1 [Blue Event] launched
2023-04-05_13:00:00 INFO Invasion 10 [Muun Invasion] launched
2023-04-05_13:00:05 INFO Deleting Invasion 2
2023-04-05_13:00:05 INFO Deleting Invasion 5
2023-04-05_13:30:00 INFO Invasion 4 [Red Dragon] launched
2023-04-05_13:30:05 INFO Deleting Invasion 1
2023-04-05_13:30:05 INFO Deleting Invasion 10
2023-04-05_13:50:07 INFO Deleting Invasion 8
2023-04-05_14:00:00 INFO Invasion 0 [White Wizard] launched
2023-04-05_14:00:00 INFO Invasion 8 [Golden Invasion] launched
2023-04-05_14:00:00 INFO Invasion 9 [Lucky Coin] launched
2023-04-05_14:00:05 INFO Deleting Invasion 4
2023-04-05_14:05:00 INFO Invasion 13 [Exiled from Exile] launched
2023-04-05_14:30:00 INFO Invasion 2 [Underground] launched
2023-04-05_14:30:05 INFO Deleting Invasion 0
2023-04-05_14:30:05 INFO Deleting Invasion 9
2023-04-05_14:35:05 INFO Deleting Invasion 13
2023-04-05_15:00:00 INFO Invasion 1 [Blue Event] launched
2023-04-05_15:00:00 INFO Invasion 10 [Muun Invasion] launched
2023-04-05_15:00:07 INFO Deleting Invasion 2
2023-04-05_15:05:00 INFO Invasion 13 [Exiled from Exile] launched
2023-04-05_15:30:00 INFO Invasion 4 [Red Dragon] launched
2023-04-05_15:30:05 INFO Deleting Invasion 1
2023-04-05_15:30:05 INFO Deleting Invasion 10
2023-04-05_15:35:05 INFO Deleting Invasion 13
2023-04-05_16:00:00 INFO Invasion 0 [White Wizard] launched
2023-04-05_16:00:00 INFO Invasion 3 [New Year Day] launched
2023-04-05_16:00:00 INFO Invasion 6 [Santa Event] launched
2023-04-05_16:00:00 INFO Invasion 9 [Lucky Coin] launched
2023-04-05_16:00:12 INFO Deleting Invasion 4
2023-04-05_16:05:00 INFO Invasion 13 [Exiled from Exile] launched
2023-04-05_16:30:00 INFO Invasion 2 [Underground] launched
2023-04-05_16:30:01 INFO Invasion 5 [Summer] launched
2023-04-05_16:30:05 INFO Deleting Invasion 0
2023-04-05_16:30:05 INFO Deleting Invasion 3
2023-04-05_16:30:05 INFO Deleting Invasion 6
2023-04-05_16:30:05 INFO Deleting Invasion 9
2023-04-05_16:35:05 INFO Deleting Invasion 13
2023-04-05_17:00:00 INFO Invasion 1 [Blue Event] launched
2023-04-05_17:00:00 INFO Invasion 10 [Muun Invasion] launched
2023-04-05_17:00:05 INFO Deleting Invasion 12
2023-04-05_17:00:09 INFO Deleting Invasion 2
2023-04-05_17:00:09 INFO Deleting Invasion 5
2023-04-05_17:30:00 INFO Invasion 4 [Red Dragon] launched
2023-04-05_17:30:05 INFO Deleting Invasion 1
2023-04-05_17:30:05 INFO Deleting Invasion 10
2023-04-05_18:00:00 INFO Invasion 0 [White Wizard] launched
2023-04-05_18:00:00 INFO Invasion 9 [Lucky Coin] launched
2023-04-05_18:00:00 INFO Invasion 12 [Summon the Demons] launched
2023-04-05_18:00:07 INFO Deleting Invasion 4
2023-04-05_18:00:07 INFO Deleting Invasion 15
2023-04-05_18:05:00 INFO Invasion 13 [Exiled from Exile] launched
2023-04-05_18:30:00 INFO Invasion 2 [Underground] launched
2023-04-05_18:30:06 INFO Deleting Invasion 0
2023-04-05_18:30:06 INFO Deleting Invasion 9
2023-04-05_18:35:05 INFO Deleting Invasion 13
2023-04-05_19:00:00 INFO Invasion 1 [Blue Event] launched
2023-04-05_19:00:00 INFO Invasion 10 [Muun Invasion] launched
2023-04-05_19:00:08 INFO Deleting Invasion 2
2023-04-05_19:05:00 INFO Invasion 13 [Exiled from Exile] launched
2023-04-05_19:30:00 INFO Invasion 4 [Red Dragon] launched
2023-04-05_19:30:05 INFO Deleting Invasion 1
2023-04-05_19:30:05 INFO Deleting Invasion 10
2023-04-05_19:35:05 INFO Deleting Invasion 13
2023-04-05_19:50:04 INFO Deleting Invasion 8
2023-04-05_20:00:00 INFO Invasion 0 [White Wizard] launched
2023-04-05_20:00:01 INFO Invasion 3 [New Year Day] launched
2023-04-05_20:00:02 INFO Invasion 6 [Santa Event] launched
2023-04-05_20:00:02 INFO Invasion 8 [Golden Invasion] launched
2023-04-05_20:00:02 INFO Invasion 9 [Lucky Coin] launched
2023-04-05_20:00:03 INFO Invasion 15 [Skeleton Sorcerer Invasion] launched
2023-04-05_20:00:06 INFO Deleting Invasion 4
2023-04-05_20:05:00 INFO Invasion 13 [Exiled from Exile] launched
2023-04-05_20:30:00 INFO Invasion 2 [Underground] launched
2023-04-05_20:30:00 INFO Invasion 5 [Summer] launched
2023-04-05_20:30:05 INFO Deleting Invasion 0
2023-04-05_20:30:06 INFO Deleting Invasion 3
2023-04-05_20:30:07 INFO Deleting Invasion 6
2023-04-05_20:30:08 INFO Deleting Invasion 9
2023-04-05_20:35:05 INFO Deleting Invasion 13
2023-04-05_21:00:00 INFO Invasion 1 [Blue Event] launched
2023-04-05_21:00:00 INFO Invasion 10 [Muun Invasion] launched
2023-04-05_21:00:07 INFO Deleting Invasion 2
2023-04-05_21:00:07 INFO Deleting Invasion 5
2023-04-05_21:30:00 INFO Invasion 4 [Red Dragon] launched
2023-04-05_21:30:05 INFO Deleting Invasion 1
2023-04-05_21:30:05 INFO Deleting Invasion 10
2023-04-05_22:00:01 INFO Invasion 0 [White Wizard] launched
2023-04-05_22:00:01 INFO Invasion 9 [Lucky Coin] launched
2023-04-05_22:00:05 INFO Deleting Invasion 4
2023-04-05_22:05:00 INFO Invasion 13 [Exiled from Exile] launched
2023-04-05_22:30:00 INFO Invasion 2 [Underground] launched
2023-04-05_22:30:06 INFO Deleting Invasion 0
2023-04-05_22:30:06 INFO Deleting Invasion 9
2023-04-05_22:35:05 INFO Deleting Invasion 13
2023-04-05_23:00:01 INFO Invasion 1 [Blue Event] launched
2023-04-05_23:00:01 INFO Invasion 10 [Muun Invasion] launched
2023-04-05_23:00:08 INFO Deleting Invasion 2
2023-04-05_23:00:08 INFO Deleting Invasion 12
2023-04-05_23:30:00 INFO Invasion 4 [Red Dragon] launched
2023-04-05_23:30:07 INFO Deleting Invasion 1
2023-04-05_23:30:07 INFO Deleting Invasion 10
