2023-03-26_10:31:28 INFO [HappyHour] SetState_None()
2023-03-26_11:00:00 INFO Invasion 1 [Blue Event] launched
2023-03-26_11:00:00 INFO Invasion 10 [Muun Invasion] launched
2023-03-26_11:30:00 INFO Invasion 4 [Red Dragon] launched
2023-03-26_11:30:05 INFO Deleting Invasion 1
2023-03-26_11:30:05 INFO Deleting Invasion 10
2023-03-26_12:00:00 INFO Invasion 0 [White Wizard] launched
2023-03-26_12:00:00 INFO Invasion 3 [New Year Day] launched
2023-03-26_12:00:00 INFO Invasion 6 [Santa Event] launched
2023-03-26_12:00:00 INFO Invasion 8 [Golden Invasion] launched
2023-03-26_12:00:00 INFO Invasion 9 [Lucky Coin] launched
2023-03-26_12:00:00 INFO Invasion 12 [Summon the Demons] launched
2023-03-26_12:00:05 INFO Deleting Invasion 4
2023-03-26_12:05:00 INFO Invasion 13 [Exiled from Exile] launched
2023-03-26_12:30:00 INFO Invasion 2 [Underground] launched
2023-03-26_12:30:00 INFO Invasion 5 [Summer] launched
2023-03-26_12:30:05 INFO Deleting Invasion 0
2023-03-26_12:30:06 INFO Deleting Invasion 3
2023-03-26_12:30:06 INFO Deleting Invasion 6
2023-03-26_12:30:06 INFO Deleting Invasion 9
2023-03-26_12:35:05 INFO Deleting Invasion 13
2023-03-26_13:00:00 INFO Invasion 1 [Blue Event] launched
2023-03-26_13:00:00 INFO Invasion 10 [Muun Invasion] launched
2023-03-26_13:00:05 INFO Deleting Invasion 2
2023-03-26_13:00:05 INFO Deleting Invasion 5
