2023-04-01_00:00:00 INFO Invasion 0 [White Wizard] launched
2023-04-01_00:00:00 INFO Invasion 3 [New Year Day] launched
2023-04-01_00:00:00 INFO Invasion 6 [Santa Event] launched
2023-04-01_00:00:00 INFO Invasion 9 [Lucky Coin] launched
2023-04-01_00:00:01 INFO Invasion 12 [Summon the Demons] launched
2023-04-01_00:00:05 INFO Deleting Invasion 4
2023-04-01_00:05:00 INFO Invasion 13 [Exiled from Exile] launched
2023-04-01_00:30:00 INFO Invasion 2 [Underground] launched
2023-04-01_00:30:00 INFO Invasion 5 [Summer] launched
2023-04-01_00:30:05 INFO Deleting Invasion 0
2023-04-01_00:30:05 INFO Deleting Invasion 3
2023-04-01_00:30:06 INFO Deleting Invasion 6
2023-04-01_00:30:06 INFO Deleting Invasion 9
2023-04-01_00:35:06 INFO Deleting Invasion 13
2023-04-01_01:00:00 INFO Invasion 1 [Blue Event] launched
2023-04-01_01:00:00 INFO Invasion 10 [Muun Invasion] launched
2023-04-01_01:00:05 INFO Deleting Invasion 2
2023-04-01_01:00:05 INFO Deleting Invasion 5
2023-04-01_01:30:00 INFO Invasion 4 [Red Dragon] launched
2023-04-01_01:30:05 INFO Deleting Invasion 1
2023-04-01_01:30:05 INFO Deleting Invasion 10
2023-04-01_02:00:00 INFO Invasion 0 [White Wizard] launched
2023-04-01_02:00:00 INFO Invasion 9 [Lucky Coin] launched
2023-04-01_02:00:05 INFO Deleting Invasion 4
2023-04-01_02:05:00 INFO Invasion 13 [Exiled from Exile] launched
2023-04-01_02:30:00 INFO Invasion 2 [Underground] launched
2023-04-01_02:30:06 INFO Deleting Invasion 0
2023-04-01_02:30:06 INFO Deleting Invasion 9
2023-04-01_02:35:05 INFO Deleting Invasion 13
2023-04-01_03:00:00 INFO Invasion 1 [Blue Event] launched
2023-04-01_03:00:00 INFO Invasion 10 [Muun Invasion] launched
2023-04-01_03:00:06 INFO Deleting Invasion 2
2023-04-01_03:30:00 INFO Invasion 4 [Red Dragon] launched
2023-04-01_03:30:05 INFO Deleting Invasion 1
2023-04-01_03:30:05 INFO Deleting Invasion 10
2023-04-01_04:00:00 INFO Invasion 0 [White Wizard] launched
2023-04-01_04:00:00 INFO Invasion 3 [New Year Day] launched
2023-04-01_04:00:00 INFO Invasion 6 [Santa Event] launched
2023-04-01_04:00:00 INFO Invasion 9 [Lucky Coin] launched
2023-04-01_04:00:08 INFO Deleting Invasion 4
2023-04-01_04:05:00 INFO Invasion 13 [Exiled from Exile] launched
2023-04-01_04:30:00 INFO Invasion 2 [Underground] launched
2023-04-01_04:30:00 INFO Invasion 5 [Summer] launched
2023-04-01_04:30:05 INFO Deleting Invasion 0
2023-04-01_04:30:05 INFO Deleting Invasion 3
2023-04-01_04:30:05 INFO Deleting Invasion 6
2023-04-01_04:30:05 INFO Deleting Invasion 9
2023-04-01_04:35:05 INFO Deleting Invasion 13
2023-04-01_04:50:05 INFO Deleting Invasion 8
2023-04-01_05:00:00 INFO Invasion 1 [Blue Event] launched
2023-04-01_05:00:00 INFO Invasion 8 [Golden Invasion] launched
2023-04-01_05:00:00 INFO Invasion 10 [Muun Invasion] launched
2023-04-01_05:00:08 INFO Deleting Invasion 2
2023-04-01_05:00:08 INFO Deleting Invasion 5
2023-04-01_05:00:08 INFO Deleting Invasion 12
2023-04-01_05:30:00 INFO Invasion 4 [Red Dragon] launched
2023-04-01_05:30:05 INFO Deleting Invasion 1
2023-04-01_05:30:05 INFO Deleting Invasion 10
2023-04-01_06:00:00 INFO Invasion 0 [White Wizard] launched
2023-04-01_06:00:01 INFO Invasion 9 [Lucky Coin] launched
2023-04-01_06:00:01 INFO Invasion 12 [Summon the Demons] launched
2023-04-01_06:00:05 INFO Deleting Invasion 4
2023-04-01_06:05:00 INFO Invasion 13 [Exiled from Exile] launched
2023-04-01_06:30:00 INFO Invasion 2 [Underground] launched
2023-04-01_06:30:06 INFO Deleting Invasion 0
2023-04-01_06:30:06 INFO Deleting Invasion 9
2023-04-01_06:35:05 INFO Deleting Invasion 13
2023-04-01_07:00:00 INFO Invasion 1 [Blue Event] launched
2023-04-01_07:00:00 INFO Invasion 10 [Muun Invasion] launched
2023-04-01_07:00:07 INFO Deleting Invasion 2
2023-04-01_07:30:00 INFO Invasion 4 [Red Dragon] launched
2023-04-01_07:30:06 INFO Deleting Invasion 1
2023-04-01_07:30:06 INFO Deleting Invasion 10
2023-04-01_08:00:00 INFO Invasion 0 [White Wizard] launched
2023-04-01_08:00:00 INFO Invasion 3 [New Year Day] launched
2023-04-01_08:00:00 INFO Invasion 6 [Santa Event] launched
2023-04-01_08:00:00 INFO Invasion 9 [Lucky Coin] launched
2023-04-01_08:00:00 INFO Invasion 15 [Skeleton Sorcerer Invasion] launched
2023-04-01_08:00:08 INFO Deleting Invasion 4
2023-04-01_08:05:00 INFO Invasion 13 [Exiled from Exile] launched
2023-04-01_08:30:00 INFO Invasion 2 [Underground] launched
2023-04-01_08:30:00 INFO Invasion 5 [Summer] launched
2023-04-01_08:30:05 INFO Deleting Invasion 0
2023-04-01_08:30:05 INFO Deleting Invasion 3
2023-04-01_08:30:05 INFO Deleting Invasion 6
2023-04-01_08:30:09 INFO Deleting Invasion 9
2023-04-01_08:35:07 INFO Deleting Invasion 13
2023-04-01_09:00:00 INFO Invasion 1 [Blue Event] launched
2023-04-01_09:00:00 INFO Invasion 10 [Muun Invasion] launched
2023-04-01_09:00:08 INFO Deleting Invasion 2
2023-04-01_09:00:08 INFO Deleting Invasion 5
2023-04-01_09:30:00 INFO Invasion 4 [Red Dragon] launched
2023-04-01_09:30:05 INFO Deleting Invasion 1
2023-04-01_09:30:05 INFO Deleting Invasion 10
2023-04-01_10:00:00 INFO Invasion 0 [White Wizard] launched
2023-04-01_10:00:00 INFO Invasion 9 [Lucky Coin] launched
2023-04-01_10:00:08 INFO Deleting Invasion 4
2023-04-01_10:05:00 INFO Invasion 13 [Exiled from Exile] launched
2023-04-01_10:30:00 INFO Invasion 2 [Underground] launched
2023-04-01_10:30:07 INFO Deleting Invasion 0
2023-04-01_10:30:07 INFO Deleting Invasion 9
2023-04-01_10:35:05 INFO Deleting Invasion 13
2023-04-01_10:50:05 INFO Deleting Invasion 8
2023-04-01_11:00:00 INFO Invasion 1 [Blue Event] launched
2023-04-01_11:00:01 INFO Invasion 8 [Golden Invasion] launched
2023-04-01_11:00:02 INFO Invasion 10 [Muun Invasion] launched
2023-04-01_11:00:09 INFO Deleting Invasion 2
2023-04-01_11:00:09 INFO Deleting Invasion 12
2023-04-01_11:30:00 INFO Invasion 4 [Red Dragon] launched
2023-04-01_11:30:05 INFO Deleting Invasion 1
2023-04-01_11:30:07 INFO Deleting Invasion 10
2023-04-01_12:00:00 INFO Invasion 0 [White Wizard] launched
2023-04-01_12:00:00 INFO Invasion 3 [New Year Day] launched
2023-04-01_12:00:01 INFO Invasion 6 [Santa Event] launched
2023-04-01_12:00:02 INFO Invasion 9 [Lucky Coin] launched
2023-04-01_12:00:04 INFO Invasion 12 [Summon the Demons] launched
2023-04-01_12:00:12 INFO Deleting Invasion 4
2023-04-01_12:05:00 INFO Invasion 13 [Exiled from Exile] launched
2023-04-01_12:30:00 INFO Invasion 2 [Underground] launched
2023-04-01_12:30:00 INFO Invasion 5 [Summer] launched
2023-04-01_12:30:05 INFO Deleting Invasion 0
2023-04-01_12:30:05 INFO Deleting Invasion 3
2023-04-01_12:30:09 INFO Deleting Invasion 6
2023-04-01_12:30:09 INFO Deleting Invasion 9
2023-04-01_12:35:07 INFO Deleting Invasion 13
2023-04-01_13:00:00 INFO Invasion 1 [Blue Event] launched
2023-04-01_13:00:00 INFO Invasion 10 [Muun Invasion] launched
2023-04-01_13:00:08 INFO Deleting Invasion 2
2023-04-01_13:00:08 INFO Deleting Invasion 5
2023-04-01_13:30:00 INFO Invasion 4 [Red Dragon] launched
2023-04-01_13:30:06 INFO Deleting Invasion 1
2023-04-01_13:30:06 INFO Deleting Invasion 10
2023-04-01_14:00:00 INFO Invasion 0 [White Wizard] launched
2023-04-01_14:00:00 INFO Invasion 9 [Lucky Coin] launched
2023-04-01_14:00:05 INFO Deleting Invasion 4
2023-04-01_14:05:00 INFO Invasion 13 [Exiled from Exile] launched
2023-04-01_14:30:00 INFO Invasion 2 [Underground] launched
2023-04-01_14:30:05 INFO Deleting Invasion 0
2023-04-01_14:30:07 INFO Deleting Invasion 9
2023-04-01_14:35:07 INFO Deleting Invasion 13
2023-04-01_15:00:00 INFO Invasion 1 [Blue Event] launched
2023-04-01_15:00:00 INFO Invasion 10 [Muun Invasion] launched
2023-04-01_15:00:08 INFO Deleting Invasion 2
2023-04-01_15:05:00 INFO Invasion 13 [Exiled from Exile] launched
2023-04-01_15:30:00 INFO Invasion 4 [Red Dragon] launched
2023-04-01_15:30:05 INFO Deleting Invasion 1
2023-04-01_15:30:05 INFO Deleting Invasion 10
2023-04-01_15:35:05 INFO Deleting Invasion 13
2023-04-01_16:00:00 INFO Invasion 0 [White Wizard] launched
2023-04-01_16:00:01 INFO Invasion 3 [New Year Day] launched
2023-04-01_16:00:01 INFO Invasion 6 [Santa Event] launched
2023-04-01_16:00:01 INFO Invasion 9 [Lucky Coin] launched
2023-04-01_16:00:05 INFO Deleting Invasion 4
2023-04-01_16:05:00 INFO Invasion 13 [Exiled from Exile] launched
2023-04-01_16:30:00 INFO Invasion 2 [Underground] launched
2023-04-01_16:30:00 INFO Invasion 5 [Summer] launched
2023-04-01_16:30:06 INFO Deleting Invasion 0
2023-04-01_16:30:06 INFO Deleting Invasion 3
2023-04-01_16:30:06 INFO Deleting Invasion 6
2023-04-01_16:30:06 INFO Deleting Invasion 9
2023-04-01_16:35:05 INFO Deleting Invasion 13
2023-04-01_16:50:06 INFO Deleting Invasion 8
2023-04-01_17:00:00 INFO Invasion 1 [Blue Event] launched
2023-04-01_17:00:00 INFO Invasion 8 [Golden Invasion] launched
2023-04-01_17:00:00 INFO Invasion 10 [Muun Invasion] launched
2023-04-01_17:00:07 INFO Deleting Invasion 2
2023-04-01_17:00:07 INFO Deleting Invasion 5
2023-04-01_17:00:09 INFO Deleting Invasion 12
2023-04-01_17:30:00 INFO Invasion 4 [Red Dragon] launched
2023-04-01_17:30:05 INFO Deleting Invasion 1
2023-04-01_17:30:05 INFO Deleting Invasion 10
2023-04-01_18:00:00 INFO Invasion 0 [White Wizard] launched
2023-04-01_18:00:00 INFO Invasion 9 [Lucky Coin] launched
2023-04-01_18:00:00 INFO Invasion 12 [Summon the Demons] launched
2023-04-01_18:00:05 INFO Deleting Invasion 15
2023-04-01_18:00:06 INFO Deleting Invasion 4
2023-04-01_18:05:00 INFO Invasion 13 [Exiled from Exile] launched
2023-04-01_18:30:00 INFO Invasion 2 [Underground] launched
2023-04-01_18:30:05 INFO Deleting Invasion 0
2023-04-01_18:30:05 INFO Deleting Invasion 9
2023-04-01_18:35:06 INFO Deleting Invasion 13
2023-04-01_19:00:00 INFO Invasion 1 [Blue Event] launched
2023-04-01_19:00:00 INFO Invasion 10 [Muun Invasion] launched
2023-04-01_19:00:05 INFO Deleting Invasion 2
2023-04-01_19:05:00 INFO Invasion 13 [Exiled from Exile] launched
2023-04-01_19:30:00 INFO Invasion 4 [Red Dragon] launched
2023-04-01_19:30:05 INFO Deleting Invasion 1
2023-04-01_19:30:06 INFO Deleting Invasion 10
2023-04-01_19:35:05 INFO Deleting Invasion 13
2023-04-01_20:00:00 INFO Invasion 0 [White Wizard] launched
2023-04-01_20:00:00 INFO Invasion 3 [New Year Day] launched
2023-04-01_20:00:01 INFO Invasion 6 [Santa Event] launched
2023-04-01_20:00:01 INFO Invasion 9 [Lucky Coin] launched
2023-04-01_20:00:01 INFO Invasion 15 [Skeleton Sorcerer Invasion] launched
2023-04-01_20:00:08 INFO Deleting Invasion 4
2023-04-01_20:05:00 INFO Invasion 13 [Exiled from Exile] launched
2023-04-01_20:30:00 INFO Invasion 2 [Underground] launched
2023-04-01_20:30:00 INFO Invasion 5 [Summer] launched
2023-04-01_20:30:09 INFO Deleting Invasion 0
2023-04-01_20:30:09 INFO Deleting Invasion 3
2023-04-01_20:30:09 INFO Deleting Invasion 6
2023-04-01_20:30:09 INFO Deleting Invasion 9
2023-04-01_20:35:05 INFO Deleting Invasion 13
2023-04-01_21:00:00 INFO Invasion 1 [Blue Event] launched
2023-04-01_21:00:00 INFO Invasion 10 [Muun Invasion] launched
2023-04-01_21:00:10 INFO Deleting Invasion 2
2023-04-01_21:00:10 INFO Deleting Invasion 5
2023-04-01_21:30:00 INFO Invasion 4 [Red Dragon] launched
2023-04-01_21:30:06 INFO Deleting Invasion 1
2023-04-01_21:30:06 INFO Deleting Invasion 10
2023-04-01_22:00:00 INFO Invasion 0 [White Wizard] launched
2023-04-01_22:00:00 INFO Invasion 9 [Lucky Coin] launched
2023-04-01_22:00:05 INFO Deleting Invasion 4
2023-04-01_22:05:00 INFO Invasion 13 [Exiled from Exile] launched
2023-04-01_22:30:00 INFO Invasion 2 [Underground] launched
2023-04-01_22:30:05 INFO Deleting Invasion 0
2023-04-01_22:30:05 INFO Deleting Invasion 9
2023-04-01_22:35:05 INFO Deleting Invasion 13
2023-04-01_22:50:05 INFO Deleting Invasion 8
2023-04-01_23:00:00 INFO Invasion 1 [Blue Event] launched
2023-04-01_23:00:00 INFO Invasion 8 [Golden Invasion] launched
2023-04-01_23:00:00 INFO Invasion 10 [Muun Invasion] launched
2023-04-01_23:00:05 INFO Deleting Invasion 12
2023-04-01_23:00:09 INFO Deleting Invasion 2
2023-04-01_23:30:00 INFO Invasion 4 [Red Dragon] launched
2023-04-01_23:30:08 INFO Deleting Invasion 1
2023-04-01_23:30:08 INFO Deleting Invasion 10
