2023-04-07_00:00:00 INFO Invasion 0 [White Wizard] launched
2023-04-07_00:00:00 INFO Invasion 3 [New Year Day] launched
2023-04-07_00:00:00 INFO Invasion 6 [Santa Event] launched
2023-04-07_00:00:00 INFO Invasion 9 [Lucky Coin] launched
2023-04-07_00:00:00 INFO Invasion 12 [Summon the Demons] launched
2023-04-07_00:00:08 INFO Deleting Invasion 4
2023-04-07_00:05:00 INFO Invasion 13 [Exiled from Exile] launched
2023-04-07_00:30:00 INFO Invasion 2 [Underground] launched
2023-04-07_00:30:00 INFO Invasion 5 [Summer] launched
2023-04-07_00:30:05 INFO Deleting Invasion 0
2023-04-07_00:30:05 INFO Deleting Invasion 3
2023-04-07_00:30:05 INFO Deleting Invasion 6
2023-04-07_00:30:05 INFO Deleting Invasion 9
2023-04-07_00:35:05 INFO Deleting Invasion 13
2023-04-07_01:00:00 INFO Invasion 1 [Blue Event] launched
2023-04-07_01:00:00 INFO Invasion 10 [Muun Invasion] launched
2023-04-07_01:00:06 INFO Deleting Invasion 2
2023-04-07_01:00:06 INFO Deleting Invasion 5
2023-04-07_01:30:00 INFO Invasion 4 [Red Dragon] launched
2023-04-07_01:30:05 INFO Deleting Invasion 1
2023-04-07_01:30:05 INFO Deleting Invasion 10
2023-04-07_02:00:00 INFO Invasion 0 [White Wizard] launched
2023-04-07_02:00:00 INFO Invasion 9 [Lucky Coin] launched
2023-04-07_02:00:05 INFO Deleting Invasion 4
2023-04-07_02:05:00 INFO Invasion 13 [Exiled from Exile] launched
2023-04-07_02:30:00 INFO Invasion 2 [Underground] launched
2023-04-07_02:30:06 INFO Deleting Invasion 0
2023-04-07_02:30:06 INFO Deleting Invasion 9
2023-04-07_02:35:05 INFO Deleting Invasion 13
2023-04-07_03:00:00 INFO Invasion 1 [Blue Event] launched
2023-04-07_03:00:00 INFO Invasion 10 [Muun Invasion] launched
2023-04-07_03:00:07 INFO Deleting Invasion 2
2023-04-07_03:30:00 INFO Invasion 4 [Red Dragon] launched
2023-04-07_03:30:07 INFO Deleting Invasion 1
2023-04-07_03:30:07 INFO Deleting Invasion 10
2023-04-07_03:50:05 INFO Deleting Invasion 8
2023-04-07_04:00:00 INFO Invasion 0 [White Wizard] launched
2023-04-07_04:00:01 INFO Invasion 3 [New Year Day] launched
2023-04-07_04:00:04 INFO Invasion 6 [Santa Event] launched
2023-04-07_04:00:05 INFO Invasion 8 [Golden Invasion] launched
2023-04-07_04:00:07 INFO Invasion 9 [Lucky Coin] launched
2023-04-07_04:00:15 INFO Deleting Invasion 4
2023-04-07_04:05:01 INFO Invasion 13 [Exiled from Exile] launched
2023-04-07_04:30:00 INFO Invasion 2 [Underground] launched
2023-04-07_04:30:01 INFO Invasion 5 [Summer] launched
2023-04-07_04:30:05 INFO Deleting Invasion 0
2023-04-07_04:30:08 INFO Deleting Invasion 3
2023-04-07_04:30:09 INFO Deleting Invasion 6
2023-04-07_04:30:12 INFO Deleting Invasion 9
2023-04-07_04:35:08 INFO Deleting Invasion 13
2023-04-07_05:00:00 INFO Invasion 1 [Blue Event] launched
2023-04-07_05:00:01 INFO Invasion 10 [Muun Invasion] launched
2023-04-07_05:00:05 INFO Deleting Invasion 12
2023-04-07_05:00:07 INFO Deleting Invasion 2
2023-04-07_05:00:07 INFO Deleting Invasion 5
2023-04-07_05:30:00 INFO Invasion 4 [Red Dragon] launched
2023-04-07_05:30:05 INFO Deleting Invasion 1
2023-04-07_05:30:08 INFO Deleting Invasion 10
2023-04-07_06:00:00 INFO Invasion 0 [White Wizard] launched
2023-04-07_06:00:00 INFO Invasion 9 [Lucky Coin] launched
2023-04-07_06:00:00 INFO Invasion 12 [Summon the Demons] launched
2023-04-07_06:00:05 INFO Deleting Invasion 4
2023-04-07_06:05:00 INFO Invasion 13 [Exiled from Exile] launched
2023-04-07_06:30:00 INFO Invasion 2 [Underground] launched
2023-04-07_06:30:06 INFO Deleting Invasion 0
2023-04-07_06:30:06 INFO Deleting Invasion 9
2023-04-07_06:35:05 INFO Deleting Invasion 13
2023-04-07_07:00:00 INFO Invasion 1 [Blue Event] launched
2023-04-07_07:00:00 INFO Invasion 10 [Muun Invasion] launched
2023-04-07_07:00:05 INFO Deleting Invasion 2
2023-04-07_07:30:00 INFO Invasion 4 [Red Dragon] launched
2023-04-07_07:30:06 INFO Deleting Invasion 1
2023-04-07_07:30:06 INFO Deleting Invasion 10
2023-04-07_08:00:00 INFO Invasion 0 [White Wizard] launched
2023-04-07_08:00:00 INFO Invasion 3 [New Year Day] launched
2023-04-07_08:00:00 INFO Invasion 6 [Santa Event] launched
2023-04-07_08:00:00 INFO Invasion 9 [Lucky Coin] launched
2023-04-07_08:00:00 INFO Invasion 15 [Skeleton Sorcerer Invasion] launched
2023-04-07_08:00:05 INFO Deleting Invasion 4
2023-04-07_08:05:00 INFO Invasion 13 [Exiled from Exile] launched
2023-04-07_08:30:00 INFO Invasion 2 [Underground] launched
2023-04-07_08:30:00 INFO Invasion 5 [Summer] launched
2023-04-07_08:30:07 INFO Deleting Invasion 0
2023-04-07_08:30:08 INFO Deleting Invasion 3
2023-04-07_08:30:08 INFO Deleting Invasion 6
2023-04-07_08:30:08 INFO Deleting Invasion 9
2023-04-07_08:35:05 INFO Deleting Invasion 13
2023-04-07_09:00:00 INFO Invasion 1 [Blue Event] launched
2023-04-07_09:00:00 INFO Invasion 10 [Muun Invasion] launched
2023-04-07_09:00:09 INFO Deleting Invasion 2
2023-04-07_09:00:09 INFO Deleting Invasion 5
2023-04-07_09:30:00 INFO Invasion 4 [Red Dragon] launched
2023-04-07_09:30:05 INFO Deleting Invasion 1
2023-04-07_09:30:05 INFO Deleting Invasion 10
2023-04-07_09:50:10 INFO Deleting Invasion 8
2023-04-07_10:00:00 INFO Invasion 0 [White Wizard] launched
2023-04-07_10:00:00 INFO Invasion 8 [Golden Invasion] launched
2023-04-07_10:00:01 INFO Invasion 9 [Lucky Coin] launched
2023-04-07_10:00:05 INFO Deleting Invasion 4
2023-04-07_10:05:00 INFO Invasion 13 [Exiled from Exile] launched
2023-04-07_10:30:00 INFO Invasion 2 [Underground] launched
2023-04-07_10:30:07 INFO Deleting Invasion 0
2023-04-07_10:30:07 INFO Deleting Invasion 9
2023-04-07_10:35:06 INFO Deleting Invasion 13
2023-04-07_11:00:00 INFO Invasion 1 [Blue Event] launched
2023-04-07_11:00:00 INFO Invasion 10 [Muun Invasion] launched
2023-04-07_11:00:10 INFO Deleting Invasion 2
2023-04-07_11:00:10 INFO Deleting Invasion 12
2023-04-07_11:30:00 INFO Invasion 4 [Red Dragon] launched
2023-04-07_11:30:05 INFO Deleting Invasion 1
2023-04-07_11:30:05 INFO Deleting Invasion 10
2023-04-07_12:00:00 INFO Invasion 0 [White Wizard] launched
2023-04-07_12:00:00 INFO Invasion 3 [New Year Day] launched
2023-04-07_12:00:00 INFO Invasion 6 [Santa Event] launched
2023-04-07_12:00:00 INFO Invasion 9 [Lucky Coin] launched
2023-04-07_12:00:02 INFO Invasion 12 [Summon the Demons] launched
2023-04-07_12:00:17 INFO Deleting Invasion 4
2023-04-07_12:05:00 INFO Invasion 13 [Exiled from Exile] launched
2023-04-07_12:30:00 INFO Invasion 2 [Underground] launched
2023-04-07_12:30:00 INFO Invasion 5 [Summer] launched
2023-04-07_12:30:07 INFO Deleting Invasion 0
2023-04-07_12:30:07 INFO Deleting Invasion 3
2023-04-07_12:30:07 INFO Deleting Invasion 6
2023-04-07_12:30:07 INFO Deleting Invasion 9
2023-04-07_12:35:05 INFO Deleting Invasion 13
2023-04-07_13:00:00 INFO Invasion 1 [Blue Event] launched
2023-04-07_13:00:00 INFO Invasion 10 [Muun Invasion] launched
2023-04-07_13:00:05 INFO Deleting Invasion 2
2023-04-07_13:00:09 INFO Deleting Invasion 5
2023-04-07_13:30:00 INFO Invasion 4 [Red Dragon] launched
2023-04-07_13:30:05 INFO Deleting Invasion 1
2023-04-07_13:30:05 INFO Deleting Invasion 10
2023-04-07_14:00:00 INFO Invasion 0 [White Wizard] launched
2023-04-07_14:00:00 INFO Invasion 9 [Lucky Coin] launched
2023-04-07_14:00:05 INFO Deleting Invasion 4
2023-04-07_14:05:01 INFO Invasion 13 [Exiled from Exile] launched
2023-04-07_14:30:00 INFO Invasion 2 [Underground] launched
2023-04-07_14:30:05 INFO Deleting Invasion 0
2023-04-07_14:30:07 INFO Deleting Invasion 9
2023-04-07_14:35:06 INFO Deleting Invasion 13
2023-04-07_15:00:00 INFO Invasion 1 [Blue Event] launched
2023-04-07_15:00:00 INFO Invasion 10 [Muun Invasion] launched
2023-04-07_15:00:08 INFO Deleting Invasion 2
2023-04-07_15:05:00 INFO Invasion 13 [Exiled from Exile] launched
2023-04-07_15:30:00 INFO Invasion 4 [Red Dragon] launched
2023-04-07_15:30:06 INFO Deleting Invasion 1
2023-04-07_15:30:06 INFO Deleting Invasion 10
2023-04-07_15:35:06 INFO Deleting Invasion 13
2023-04-07_15:50:05 INFO Deleting Invasion 8
2023-04-07_16:00:00 INFO Invasion 0 [White Wizard] launched
2023-04-07_16:00:02 INFO Invasion 3 [New Year Day] launched
2023-04-07_16:00:02 INFO Invasion 6 [Santa Event] launched
2023-04-07_16:00:03 INFO Invasion 8 [Golden Invasion] launched
2023-04-07_16:00:03 INFO Invasion 9 [Lucky Coin] launched
2023-04-07_16:00:05 INFO Deleting Invasion 4
2023-04-07_16:05:00 INFO Invasion 13 [Exiled from Exile] launched
2023-04-07_16:30:00 INFO Invasion 2 [Underground] launched
2023-04-07_16:30:00 INFO Invasion 5 [Summer] launched
2023-04-07_16:30:05 INFO Deleting Invasion 0
2023-04-07_16:30:07 INFO Deleting Invasion 3
2023-04-07_16:30:08 INFO Deleting Invasion 6
2023-04-07_16:30:08 INFO Deleting Invasion 9
2023-04-07_16:35:06 INFO Deleting Invasion 13
2023-04-07_17:00:00 INFO Invasion 1 [Blue Event] launched
2023-04-07_17:00:00 INFO Invasion 10 [Muun Invasion] launched
2023-04-07_17:00:05 INFO Deleting Invasion 2
2023-04-07_17:00:05 INFO Deleting Invasion 5
2023-04-07_17:00:09 INFO Deleting Invasion 12
2023-04-07_17:30:00 INFO Invasion 4 [Red Dragon] launched
2023-04-07_17:30:06 INFO Deleting Invasion 1
2023-04-07_17:30:06 INFO Deleting Invasion 10
2023-04-07_18:00:00 INFO Invasion 0 [White Wizard] launched
2023-04-07_18:00:00 INFO Invasion 9 [Lucky Coin] launched
2023-04-07_18:00:00 INFO Invasion 12 [Summon the Demons] launched
2023-04-07_18:00:05 INFO Deleting Invasion 15
2023-04-07_18:00:05 INFO Deleting Invasion 4
2023-04-07_18:05:00 INFO Invasion 13 [Exiled from Exile] launched
2023-04-07_18:30:00 INFO Invasion 2 [Underground] launched
2023-04-07_18:30:05 INFO Deleting Invasion 0
2023-04-07_18:30:05 INFO Deleting Invasion 9
2023-04-07_18:35:06 INFO Deleting Invasion 13
2023-04-07_19:00:00 INFO Invasion 1 [Blue Event] launched
2023-04-07_19:00:00 INFO Invasion 10 [Muun Invasion] launched
2023-04-07_19:00:06 INFO Deleting Invasion 2
2023-04-07_19:05:00 INFO Invasion 13 [Exiled from Exile] launched
2023-04-07_19:30:00 INFO Invasion 4 [Red Dragon] launched
2023-04-07_19:30:05 INFO Deleting Invasion 1
2023-04-07_19:30:05 INFO Deleting Invasion 10
2023-04-07_19:35:05 INFO Deleting Invasion 13
2023-04-07_20:00:00 INFO Invasion 0 [White Wizard] launched
2023-04-07_20:00:00 INFO Invasion 3 [New Year Day] launched
2023-04-07_20:00:00 INFO Invasion 6 [Santa Event] launched
2023-04-07_20:00:00 INFO Invasion 9 [Lucky Coin] launched
2023-04-07_20:00:00 INFO Invasion 15 [Skeleton Sorcerer Invasion] launched
2023-04-07_20:00:05 INFO Deleting Invasion 4
2023-04-07_20:05:00 INFO Invasion 13 [Exiled from Exile] launched
2023-04-07_20:30:00 INFO Invasion 2 [Underground] launched
2023-04-07_20:30:00 INFO Invasion 5 [Summer] launched
2023-04-07_20:30:06 INFO Deleting Invasion 0
2023-04-07_20:30:06 INFO Deleting Invasion 3
2023-04-07_20:30:06 INFO Deleting Invasion 6
2023-04-07_20:30:06 INFO Deleting Invasion 9
2023-04-07_20:35:05 INFO Deleting Invasion 13
2023-04-07_21:00:00 INFO Invasion 1 [Blue Event] launched
2023-04-07_21:00:00 INFO Invasion 10 [Muun Invasion] launched
2023-04-07_21:00:05 INFO Deleting Invasion 2
2023-04-07_21:00:05 INFO Deleting Invasion 5
2023-04-07_21:30:00 INFO Invasion 4 [Red Dragon] launched
2023-04-07_21:30:06 INFO Deleting Invasion 1
2023-04-07_21:30:06 INFO Deleting Invasion 10
2023-04-07_21:50:07 INFO Deleting Invasion 8
2023-04-07_22:00:00 INFO Invasion 0 [White Wizard] launched
2023-04-07_22:00:00 INFO Invasion 8 [Golden Invasion] launched
2023-04-07_22:00:00 INFO Invasion 9 [Lucky Coin] launched
2023-04-07_22:00:06 INFO Deleting Invasion 4
2023-04-07_22:05:00 INFO Invasion 13 [Exiled from Exile] launched
