2023-03-31_11:27:26 INFO ========================================================
2023-03-31_11:27:26 INFO ========================================================
2023-03-31_11:27:26 INFO >>>>>>>>>>>>>>>>>>>>> CONNECT SERVER <<<<<<<<<<<<<<<<<<<<<<
2023-03-31_11:27:26 INFO ========================================================
2023-03-31_11:27:26 INFO ========================================================
2023-03-31_11:27:26 INFO Process priority class set to HIGH
2023-03-31_11:27:26 INFO Starting DB...
2023-03-31_11:27:28 INFO Reading Server List...
2023-03-31_11:27:28 INFO Added Server 0 [Regular]    Port: 55501   IP: 85.215.196.105   Display: 1	AccountAllowed: 0	Disabled: 1
2023-03-31_11:27:28 INFO Added Server 17 [ArkaWar]    Port: 55517   IP: 85.215.196.105   Display: 0	AccountAllowed: 0	Disabled: 1
2023-03-31_11:27:28 INFO Added Server 18 [Event]    Port: 55518   IP: 85.215.196.105   Display: 0	AccountAllowed: 0	Disabled: 1
2023-03-31_11:27:28 INFO Added Server 19 [Siege]    Port: 55519   IP: 85.215.196.105   Display: 0	AccountAllowed: 0	Disabled: 1
2023-03-31_11:27:28 INFO >> Loaded 4 servers
2023-03-31_11:27:28 INFO  
2023-03-31_11:27:28 DEBUG Network Thread Starting
2023-03-31_11:27:28 DEBUG Network Thread Starting
2023-03-31_11:27:28 INFO  
2023-03-31_11:27:28 INFO CSServer Ready
2023-03-31_11:27:59 INFO [ SERVER CONNECT ] Connecting Server - Regular / 0
2023-03-31_11:28:57 INFO ProtocolCore: C1,04,F4,06,
2023-03-31_11:28:57 INFO Reading Server List...
2023-03-31_11:28:57 INFO Added Server 0 [Regular]    Port: 55501   IP: 85.215.196.105   Display: 1	AccountAllowed: 0	Disabled: 0
2023-03-31_11:28:57 INFO Added Server 17 [ArkaWar]    Port: 55517   IP: 85.215.196.105   Display: 0	AccountAllowed: 0	Disabled: 1
2023-03-31_11:28:57 INFO Added Server 18 [Event]    Port: 55518   IP: 85.215.196.105   Display: 0	AccountAllowed: 0	Disabled: 1
2023-03-31_11:28:57 INFO Added Server 19 [Siege]    Port: 55519   IP: 85.215.196.105   Display: 0	AccountAllowed: 0	Disabled: 1
2023-03-31_11:28:57 INFO >> Loaded 4 servers
2023-03-31_11:28:57 INFO  
2023-03-31_11:28:59 INFO ProtocolCore: C1,04,F4,06,
2023-03-31_11:28:59 INFO ProtocolCore: C1,06,F4,03,00,00,
2023-03-31_11:29:07 INFO ProtocolCore: C1,04,F4,06,
2023-03-31_11:29:08 INFO ProtocolCore: C1,06,F4,03,00,00,
2023-03-31_11:29:14 INFO ProtocolCore: C1,04,F4,06,
2023-03-31_11:30:44 INFO ProtocolCore: C1,04,F4,06,
2023-03-31_11:30:47 INFO ProtocolCore: C1,04,F4,06,
2023-03-31_11:30:47 INFO ProtocolCore: C1,06,F4,03,00,00,
2023-03-31_11:34:34 INFO ProtocolCore: C1,04,F4,06,
2023-03-31_11:34:35 INFO ProtocolCore: C1,04,F4,06,
2023-03-31_11:34:36 INFO ProtocolCore: C1,06,F4,03,00,00,
2023-03-31_11:36:15 DEBUG Network Thread exits
2023-03-31_11:36:15 DEBUG Network Thread exits
2023-03-31_11:36:15 INFO Closing CSServer
