2023-03-24_20:29:21 INFO ========================================================
2023-03-24_20:29:21 INFO ========================================================
2023-03-24_20:29:21 INFO >>>>>>>>>>>>>>>>>>>>> CONNECT SERVER <<<<<<<<<<<<<<<<<<<<<<
2023-03-24_20:29:21 INFO ========================================================
2023-03-24_20:29:21 INFO ========================================================
2023-03-24_20:29:21 INFO Process priority class set to HIGH
2023-03-24_20:29:21 INFO Starting DB...
2023-03-24_20:29:22 INFO Reading Server List...
2023-03-24_20:29:22 INFO Added Server 0 [Regular]    Port: 55501   IP: 85.215.196.105   Display: 1	AccountAllowed: 0	Disabled: 1
2023-03-24_20:29:22 INFO Added Server 17 [ArkaWar]    Port: 55517   IP: 85.215.196.105   Display: 0	AccountAllowed: 0	Disabled: 1
2023-03-24_20:29:22 INFO Added Server 18 [Event]    Port: 55518   IP: 85.215.196.105   Display: 0	AccountAllowed: 0	Disabled: 1
2023-03-24_20:29:22 INFO Added Server 19 [Siege]    Port: 55519   IP: 85.215.196.105   Display: 0	AccountAllowed: 0	Disabled: 1
2023-03-24_20:29:22 INFO >> Loaded 4 servers
2023-03-24_20:29:22 INFO  
2023-03-24_20:29:22 DEBUG Network Thread Starting
2023-03-24_20:29:22 DEBUG Network Thread Starting
2023-03-24_20:29:22 INFO  
2023-03-24_20:29:22 INFO CSServer Ready
2023-03-24_20:29:47 INFO [ SERVER CONNECT ] Connecting Server - Regular / 0
2023-03-24_20:30:07 INFO [ SERVER CONNECT ] Connecting Server - ArkaWar / 17
2023-03-24_20:31:03 INFO [ SERVER CONNECT ] Connecting Server - Event / 18
2023-03-24_20:31:20 INFO [ SERVER CONNECT ] Connecting Server - Siege / 19
2023-03-24_20:33:02 INFO [ SERVER CLOSE ] Closing Server - ArkaWar / 17
2023-03-24_20:33:08 INFO [ SERVER CLOSE ] Closing Server - Event / 18
2023-03-24_20:43:53 INFO ProtocolCore: C1,04,F4,06,
2023-03-24_20:43:53 INFO Reading Server List...
2023-03-24_20:43:53 INFO Added Server 0 [Regular]    Port: 55501   IP: 85.215.196.105   Display: 1	AccountAllowed: 0	Disabled: 0
2023-03-24_20:43:53 INFO Added Server 17 [ArkaWar]    Port: 55517   IP: 85.215.196.105   Display: 0	AccountAllowed: 0	Disabled: 0
2023-03-24_20:43:53 INFO Added Server 18 [Event]    Port: 55518   IP: 85.215.196.105   Display: 0	AccountAllowed: 0	Disabled: 0
2023-03-24_20:43:53 INFO Added Server 19 [Siege]    Port: 55519   IP: 85.215.196.105   Display: 0	AccountAllowed: 0	Disabled: 0
2023-03-24_20:43:53 INFO >> Loaded 4 servers
2023-03-24_20:43:53 INFO  
2023-03-24_20:43:54 INFO ProtocolCore: C1,04,F4,06,
2023-03-24_20:43:55 INFO ProtocolCore: C1,06,F4,03,00,00,
2023-03-24_20:44:02 INFO ProtocolCore: C1,04,F4,06,
2023-03-24_20:44:03 INFO ProtocolCore: C1,06,F4,03,00,00,
2023-03-24_20:44:11 INFO ProtocolCore: C1,04,F4,06,
2023-03-24_20:45:36 INFO ProtocolCore: C1,04,F4,06,
2023-03-24_20:45:37 INFO ProtocolCore: C1,04,F4,06,
2023-03-24_20:45:38 INFO ProtocolCore: C1,06,F4,03,00,00,
2023-03-24_20:45:46 INFO ProtocolCore: C1,04,F4,06,
2023-03-24_20:46:08 INFO ProtocolCore: C1,06,F4,03,00,00,
2023-03-24_20:48:51 INFO ProtocolCore: C1,04,F4,06,
2023-03-24_20:49:02 INFO ProtocolCore: C1,04,F4,06,
2023-03-24_20:49:03 INFO ProtocolCore: C1,06,F4,03,00,00,
