2023-03-31_11:47:35 INFO ========================================================
2023-03-31_11:47:35 INFO ========================================================
2023-03-31_11:47:35 INFO >>>>>>>>>>>>>>>>>>>>> CONNECT SERVER <<<<<<<<<<<<<<<<<<<<<<
2023-03-31_11:47:35 INFO ========================================================
2023-03-31_11:47:35 INFO ========================================================
2023-03-31_11:47:35 INFO Process priority class set to HIGH
2023-03-31_11:47:35 INFO Starting DB...
2023-03-31_11:47:37 INFO Reading Server List...
2023-03-31_11:47:37 INFO Added Server 0 [Regular]    Port: 55501   IP: 85.215.196.105   Display: 1	AccountAllowed: 0	Disabled: 1
2023-03-31_11:47:37 INFO Added Server 17 [ArkaWar]    Port: 55517   IP: 85.215.196.105   Display: 0	AccountAllowed: 0	Disabled: 1
2023-03-31_11:47:37 INFO Added Server 18 [Event]    Port: 55518   IP: 85.215.196.105   Display: 0	AccountAllowed: 0	Disabled: 1
2023-03-31_11:47:37 INFO Added Server 19 [Siege]    Port: 55519   IP: 85.215.196.105   Display: 0	AccountAllowed: 0	Disabled: 1
2023-03-31_11:47:37 INFO >> Loaded 4 servers
2023-03-31_11:47:37 INFO  
2023-03-31_11:47:37 DEBUG Network Thread Starting
2023-03-31_11:47:37 DEBUG Network Thread Starting
2023-03-31_11:47:37 INFO  
2023-03-31_11:47:37 INFO CSServer Ready
2023-03-31_11:47:53 INFO [ SERVER CONNECT ] Connecting Server - Regular / 0
2023-03-31_11:48:41 INFO ProtocolCore: C1,04,F4,06,
2023-03-31_11:48:41 INFO Reading Server List...
2023-03-31_11:48:41 INFO Added Server 0 [Regular]    Port: 55501   IP: 85.215.196.105   Display: 1	AccountAllowed: 0	Disabled: 0
2023-03-31_11:48:41 INFO Added Server 17 [ArkaWar]    Port: 55517   IP: 85.215.196.105   Display: 0	AccountAllowed: 0	Disabled: 1
2023-03-31_11:48:41 INFO Added Server 18 [Event]    Port: 55518   IP: 85.215.196.105   Display: 0	AccountAllowed: 0	Disabled: 1
2023-03-31_11:48:41 INFO Added Server 19 [Siege]    Port: 55519   IP: 85.215.196.105   Display: 0	AccountAllowed: 0	Disabled: 1
2023-03-31_11:48:41 INFO >> Loaded 4 servers
2023-03-31_11:48:41 INFO  
2023-03-31_11:48:43 INFO ProtocolCore: C1,04,F4,06,
2023-03-31_11:48:44 INFO ProtocolCore: C1,06,F4,03,00,00,
2023-03-31_11:51:32 INFO ProtocolCore: C1,04,F4,06,
2023-03-31_11:51:33 INFO ProtocolCore: C1,04,F4,06,
2023-03-31_11:51:34 INFO ProtocolCore: C1,06,F4,03,00,00,
2023-03-31_11:52:08 INFO ProtocolCore: C1,04,F4,06,
2023-03-31_11:52:33 INFO ProtocolCore: C1,04,F4,06,
2023-03-31_11:52:34 INFO ProtocolCore: C1,06,F4,03,00,00,
2023-03-31_11:53:12 INFO ProtocolCore: C1,04,F4,06,
2023-03-31_11:53:15 INFO ProtocolCore: C1,04,F4,06,
2023-03-31_11:53:16 INFO ProtocolCore: C1,06,F4,03,00,00,
2023-03-31_11:56:43 INFO [ SERVER CLOSE ] Closing Server - Regular / 0
2023-03-31_11:59:09 INFO [ SERVER CONNECT ] Connecting Server - Regular / 0
2023-03-31_11:59:43 INFO [ SERVER CLOSE ] Closing Server - Regular / 0
2023-03-31_11:59:46 DEBUG Network Thread exits
2023-03-31_11:59:46 DEBUG Network Thread exits
2023-03-31_11:59:46 INFO Closing CSServer
