2023-03-26_08:49:43 INFO ProtocolCore: C1,04,F4,06,
2023-03-26_08:49:43 INFO Reading Server List...
2023-03-26_08:49:43 INFO Added Server 0 [Regular]    Port: 55501   IP: 85.215.196.105   Display: 1	AccountAllowed: 0	Disabled: 0
2023-03-26_08:49:43 INFO Added Server 17 [ArkaWar]    Port: 55517   IP: 85.215.196.105   Display: 0	AccountAllowed: 0	Disabled: 0
2023-03-26_08:49:43 INFO Added Server 18 [Event]    Port: 55518   IP: 85.215.196.105   Display: 0	AccountAllowed: 0	Disabled: 0
2023-03-26_08:49:43 INFO Added Server 19 [Siege]    Port: 55519   IP: 85.215.196.105   Display: 0	AccountAllowed: 0	Disabled: 0
2023-03-26_08:49:43 INFO >> Loaded 4 servers
2023-03-26_08:49:43 INFO  
2023-03-26_08:49:53 INFO ProtocolCore: C1,04,F4,06,
2023-03-26_08:49:54 INFO ProtocolCore: C1,06,F4,03,00,00,
2023-03-26_09:00:10 INFO [ SERVER CLOSE ] Closing Server - Event / 18
2023-03-26_10:31:28 INFO [ SERVER CONNECT ] Connecting Server - Event / 18
2023-03-26_10:31:55 INFO [ SERVER CLOSE ] Closing Server - Regular / 0
2023-03-26_10:32:09 INFO [ SERVER CONNECT ] Connecting Server - Regular / 0
2023-03-26_12:59:27 INFO [ SERVER CLOSE ] Closing Server - Regular / 0
2023-03-26_12:59:47 INFO [ SERVER CONNECT ] Connecting Server - Regular / 0
2023-03-26_13:02:59 INFO [ SERVER CONNECT ] Connecting Server - Siege / 19
2023-03-26_13:04:22 INFO [ SERVER CLOSE ] Closing Server - Regular / 0
2023-03-26_13:04:35 INFO [ SERVER CONNECT ] Connecting Server - Regular / 0
2023-03-26_13:13:58 INFO [ SERVER CLOSE ] Closing Server - Siege / 19
2023-03-26_13:14:18 INFO [ SERVER CONNECT ] Connecting Server - Siege / 19
2023-03-26_13:15:33 INFO [ SERVER CLOSE ] Closing Server - Siege / 19
2023-03-26_13:15:48 INFO ProtocolCore: C1,04,F4,06,
2023-03-26_13:15:48 INFO Reading Server List...
2023-03-26_13:15:48 INFO Added Server 0 [Regular]    Port: 55501   IP: 85.215.196.105   Display: 1	AccountAllowed: 0	Disabled: 0
2023-03-26_13:15:48 INFO Added Server 17 [ArkaWar]    Port: 55517   IP: 85.215.196.105   Display: 0	AccountAllowed: 0	Disabled: 0
2023-03-26_13:15:48 INFO Added Server 18 [Event]    Port: 55518   IP: 85.215.196.105   Display: 0	AccountAllowed: 0	Disabled: 0
2023-03-26_13:15:48 INFO Added Server 19 [Siege]    Port: 55519   IP: 85.215.196.105   Display: 0	AccountAllowed: 0	Disabled: 0
2023-03-26_13:15:48 INFO >> Loaded 4 servers
2023-03-26_13:15:48 INFO  
2023-03-26_13:16:04 INFO [ SERVER CLOSE ] Closing Server - Event / 18
2023-03-26_13:16:18 INFO ProtocolCore: C1,04,F4,06,
2023-03-26_13:16:18 INFO ProtocolCore: C1,06,F4,03,00,00,
2023-03-26_13:16:26 INFO [ SERVER CONNECT ] Connecting Server - Event / 18
2023-03-26_13:17:02 INFO [ SERVER CONNECT ] Connecting Server - Siege / 19
2023-03-26_13:29:35 INFO ProtocolCore: C1,04,F4,06,
2023-03-26_13:29:36 INFO [ SERVER CLOSE ] Closing Server - Regular / 0
2023-03-26_13:29:50 INFO [ SERVER CONNECT ] Connecting Server - Regular / 0
2023-03-26_13:30:01 INFO ProtocolCore: C1,04,F4,06,
2023-03-26_13:30:02 INFO ProtocolCore: C1,06,F4,03,00,00,
2023-03-26_13:31:25 INFO ProtocolCore: C1,04,F4,06,
2023-03-26_13:31:29 INFO [ SERVER CLOSE ] Closing Server - Regular / 0
2023-03-26_13:31:44 INFO [ SERVER CONNECT ] Connecting Server - Regular / 0
2023-03-26_13:31:51 INFO ProtocolCore: C1,04,F4,06,
2023-03-26_13:31:52 INFO ProtocolCore: C1,06,F4,03,00,00,
2023-03-26_13:32:21 INFO ProtocolCore: C1,04,F4,06,
2023-03-26_13:32:25 INFO ProtocolCore: C1,04,F4,06,
2023-03-26_13:32:25 INFO ProtocolCore: C1,06,F4,03,00,00,
2023-03-26_13:40:15 INFO [ SERVER CLOSE ] Closing Server - Siege / 19
2023-03-26_13:40:36 INFO [ SERVER CONNECT ] Connecting Server - Siege / 19
2023-03-26_15:37:44 INFO [ SERVER CLOSE ] Closing Server - Regular / 0
2023-03-26_15:37:59 INFO [ SERVER CONNECT ] Connecting Server - Regular / 0
2023-03-26_15:38:23 INFO [ SERVER CLOSE ] Closing Server - Regular / 0
2023-03-26_15:38:36 INFO [ SERVER CONNECT ] Connecting Server - Regular / 0
2023-03-26_15:38:58 INFO ProtocolCore: C1,04,F4,06,
2023-03-26_15:38:58 INFO Reading Server List...
2023-03-26_15:38:58 INFO Added Server 0 [Regular]    Port: 55501   IP: 85.215.196.105   Display: 1	AccountAllowed: 0	Disabled: 0
2023-03-26_15:38:58 INFO Added Server 17 [ArkaWar]    Port: 55517   IP: 85.215.196.105   Display: 0	AccountAllowed: 0	Disabled: 0
2023-03-26_15:38:58 INFO Added Server 18 [Event]    Port: 55518   IP: 85.215.196.105   Display: 0	AccountAllowed: 0	Disabled: 0
2023-03-26_15:38:58 INFO Added Server 19 [Siege]    Port: 55519   IP: 85.215.196.105   Display: 0	AccountAllowed: 0	Disabled: 0
2023-03-26_15:38:58 INFO >> Loaded 4 servers
2023-03-26_15:38:58 INFO  
2023-03-26_15:39:00 INFO ProtocolCore: C1,04,F4,06,
2023-03-26_15:39:00 INFO ProtocolCore: C1,06,F4,03,00,00,
2023-03-26_15:44:31 INFO [ SERVER CLOSE ] Closing Server - Siege / 19
2023-03-26_15:44:34 INFO [ SERVER CLOSE ] Closing Server - Event / 18
2023-03-26_15:52:16 INFO ProtocolCore: C1,04,F4,06,
2023-03-26_15:52:53 INFO ProtocolCore: C1,04,F4,06,
2023-03-26_15:52:54 INFO ProtocolCore: C1,06,F4,03,00,00,
2023-03-26_16:05:16 INFO [ SERVER CONNECT ] Connecting Server - Event / 18
2023-03-26_16:05:33 INFO [ SERVER CONNECT ] Connecting Server - Siege / 19
2023-03-26_16:08:06 INFO [ SERVER CLOSE ] Closing Server - Siege / 19
2023-03-26_16:08:26 INFO [ SERVER CONNECT ] Connecting Server - Siege / 19
2023-03-26_16:10:38 INFO ProtocolCore: C1,04,F4,06,
2023-03-26_16:10:56 INFO ProtocolCore: C1,04,F4,06,
2023-03-26_16:10:56 INFO ProtocolCore: C1,06,F4,03,00,00,
2023-03-26_16:13:06 INFO ProtocolCore: C1,04,F4,06,
2023-03-26_16:13:27 INFO [ SERVER CLOSE ] Closing Server - Siege / 19
2023-03-26_16:13:36 INFO ProtocolCore: C1,04,F4,06,
2023-03-26_16:13:37 INFO ProtocolCore: C1,06,F4,03,00,00,
2023-03-26_16:13:44 INFO [ SERVER CONNECT ] Connecting Server - Siege / 19
2023-03-26_16:17:16 INFO [ SERVER CLOSE ] Closing Server - Siege / 19
2023-03-26_16:17:36 INFO [ SERVER CONNECT ] Connecting Server - Siege / 19
2023-03-26_16:22:11 INFO ProtocolCore: C1,04,F4,06,
2023-03-26_16:22:13 INFO [ SERVER CLOSE ] Closing Server - Event / 18
2023-03-26_16:22:16 INFO [ SERVER CLOSE ] Closing Server - Siege / 19
2023-03-26_16:22:20 INFO [ SERVER CLOSE ] Closing Server - Regular / 0
2023-03-26_16:22:34 INFO [ SERVER CONNECT ] Connecting Server - Regular / 0
2023-03-26_16:22:45 INFO ProtocolCore: C1,04,F4,06,
2023-03-26_16:22:45 INFO [ SERVER CONNECT ] Connecting Server - Event / 18
2023-03-26_16:22:46 INFO ProtocolCore: C1,06,F4,03,00,00,
2023-03-26_16:22:58 INFO [ SERVER CONNECT ] Connecting Server - Siege / 19
2023-03-26_16:29:34 INFO [ SERVER CLOSE ] Closing Server - Regular / 0
2023-03-26_16:29:34 INFO ProtocolCore: C1,04,F4,06,
2023-03-26_16:29:38 INFO [ SERVER CLOSE ] Closing Server - Siege / 19
2023-03-26_16:29:41 INFO [ SERVER CLOSE ] Closing Server - Event / 18
2023-03-26_16:30:01 INFO [ SERVER CONNECT ] Connecting Server - Regular / 0
2023-03-26_16:30:06 INFO [ SERVER CONNECT ] Connecting Server - Siege / 19
2023-03-26_16:30:20 INFO ProtocolCore: C1,04,F4,06,
2023-03-26_16:30:22 INFO ProtocolCore: C1,04,F4,06,
2023-03-26_16:30:22 INFO ProtocolCore: C1,06,F4,03,00,00,
2023-03-26_16:32:05 INFO ProtocolCore: C1,04,F4,06,
2023-03-26_16:32:07 INFO [ SERVER CLOSE ] Closing Server - Regular / 0
2023-03-26_16:32:10 INFO [ SERVER CLOSE ] Closing Server - Siege / 19
2023-03-26_16:32:25 INFO [ SERVER CONNECT ] Connecting Server - Regular / 0
2023-03-26_16:32:29 INFO ProtocolCore: C1,04,F4,06,
2023-03-26_16:32:30 INFO ProtocolCore: C1,06,F4,03,00,00,
2023-03-26_16:32:33 INFO [ SERVER CONNECT ] Connecting Server - Siege / 19
2023-03-26_16:39:14 INFO ProtocolCore: C1,04,F4,06,
2023-03-26_16:39:18 INFO [ SERVER CLOSE ] Closing Server - Siege / 19
2023-03-26_16:39:22 INFO [ SERVER CLOSE ] Closing Server - Regular / 0
2023-03-26_16:39:34 INFO [ SERVER CONNECT ] Connecting Server - Event / 18
2023-03-26_16:39:36 INFO [ SERVER CLOSE ] Closing Server - Event / 18
2023-03-26_16:39:53 INFO [ SERVER CONNECT ] Connecting Server - Regular / 0
2023-03-26_16:40:02 INFO [ SERVER CONNECT ] Connecting Server - Siege / 19
2023-03-26_16:40:07 INFO ProtocolCore: C1,04,F4,06,
2023-03-26_16:40:07 INFO ProtocolCore: C1,06,F4,03,00,00,
2023-03-26_16:42:53 INFO [ SERVER CLOSE ] Closing Server - Siege / 19
2023-03-26_16:42:55 INFO ProtocolCore: C1,04,F4,06,
2023-03-26_16:42:58 INFO [ SERVER CLOSE ] Closing Server - Regular / 0
2023-03-26_16:43:11 INFO ProtocolCore: C1,04,F4,06,
2023-03-26_16:43:14 INFO [ SERVER CONNECT ] Connecting Server - Siege / 19
2023-03-26_16:43:28 INFO [ SERVER CONNECT ] Connecting Server - Regular / 0
2023-03-26_16:43:45 INFO ProtocolCore: C1,04,F4,06,
2023-03-26_16:43:47 INFO ProtocolCore: C1,04,F4,06,
2023-03-26_16:43:47 INFO ProtocolCore: C1,06,F4,03,00,00,
2023-03-26_16:46:37 INFO [ SERVER CLOSE ] Closing Server - Regular / 0
2023-03-26_16:46:51 INFO [ SERVER CONNECT ] Connecting Server - Regular / 0
2023-03-26_16:49:19 INFO [ SERVER CLOSE ] Closing Server - Regular / 0
2023-03-26_16:49:20 INFO ProtocolCore: C1,04,F4,06,
2023-03-26_16:49:23 INFO [ SERVER CLOSE ] Closing Server - Siege / 19
2023-03-26_16:49:40 INFO [ SERVER CONNECT ] Connecting Server - Regular / 0
2023-03-26_16:49:48 INFO [ SERVER CONNECT ] Connecting Server - Siege / 19
2023-03-26_16:50:26 INFO ProtocolCore: C1,04,F4,06,
2023-03-26_17:07:48 INFO [ SERVER CLOSE ] Closing Server - Regular / 0
2023-03-26_17:07:52 INFO [ SERVER CLOSE ] Closing Server - Siege / 19
2023-03-26_17:08:07 INFO [ SERVER CONNECT ] Connecting Server - Regular / 0
2023-03-26_17:08:20 INFO [ SERVER CONNECT ] Connecting Server - Event / 18
2023-03-26_17:09:44 INFO [ SERVER CONNECT ] Connecting Server - Siege / 19
2023-03-26_17:10:02 INFO ProtocolCore: C1,04,F4,06,
2023-03-26_17:10:02 INFO Reading Server List...
2023-03-26_17:10:02 INFO Added Server 0 [Regular]    Port: 55501   IP: 85.215.196.105   Display: 1	AccountAllowed: 0	Disabled: 0
2023-03-26_17:10:02 INFO Added Server 17 [ArkaWar]    Port: 55517   IP: 85.215.196.105   Display: 0	AccountAllowed: 0	Disabled: 0
2023-03-26_17:10:02 INFO Added Server 18 [Event]    Port: 55518   IP: 85.215.196.105   Display: 0	AccountAllowed: 0	Disabled: 0
2023-03-26_17:10:02 INFO Added Server 19 [Siege]    Port: 55519   IP: 85.215.196.105   Display: 0	AccountAllowed: 0	Disabled: 0
2023-03-26_17:10:02 INFO >> Loaded 4 servers
2023-03-26_17:10:02 INFO  
2023-03-26_17:10:16 INFO ProtocolCore: C1,04,F4,06,
2023-03-26_17:10:17 INFO ProtocolCore: C1,06,F4,03,00,00,
2023-03-26_17:11:07 INFO [ SERVER CLOSE ] Closing Server - Regular / 0
2023-03-26_17:11:22 INFO [ SERVER CONNECT ] Connecting Server - Regular / 0
2023-03-26_17:11:39 INFO [ SERVER CLOSE ] Closing Server - Regular / 0
2023-03-26_17:11:55 INFO [ SERVER CONNECT ] Connecting Server - Regular / 0
2023-03-26_17:19:37 INFO ProtocolCore: C1,04,F4,06,
2023-03-26_17:19:41 INFO ProtocolCore: C1,04,F4,06,
2023-03-26_17:19:41 INFO ProtocolCore: C1,06,F4,03,00,00,
2023-03-26_17:21:41 INFO ProtocolCore: C1,04,F4,06,
2023-03-26_17:21:42 INFO ProtocolCore: C1,04,F4,06,
2023-03-26_17:21:43 INFO ProtocolCore: C1,06,F4,03,00,00,
2023-03-26_17:22:20 INFO [ SERVER CLOSE ] Closing Server - Siege / 19
2023-03-26_17:22:39 INFO [ SERVER CONNECT ] Connecting Server - Siege / 19
2023-03-26_17:27:12 INFO [ SERVER CLOSE ] Closing Server - Siege / 19
2023-03-26_17:27:59 INFO [ SERVER CONNECT ] Connecting Server - Siege / 19
2023-03-26_17:28:41 INFO [ SERVER CLOSE ] Closing Server - Siege / 19
2023-03-26_17:29:29 INFO [ SERVER CONNECT ] Connecting Server - Siege / 19
2023-03-26_17:29:33 INFO [ SERVER CLOSE ] Closing Server - Siege / 19
2023-03-26_17:29:46 INFO [ SERVER CONNECT ] Connecting Server - Siege / 19
2023-03-26_17:29:48 INFO [ SERVER CLOSE ] Closing Server - Siege / 19
2023-03-26_17:30:08 INFO [ SERVER CONNECT ] Connecting Server - Siege / 19
2023-03-26_17:40:37 INFO ProtocolCore: C1,04,F4,06,
2023-03-26_17:41:49 INFO [ SERVER CLOSE ] Closing Server - Siege / 19
2023-03-26_17:41:55 INFO [ SERVER CLOSE ] Closing Server - Regular / 0
2023-03-26_17:41:58 INFO [ SERVER CLOSE ] Closing Server - Event / 18
2023-03-26_17:42:14 INFO [ SERVER CONNECT ] Connecting Server - Regular / 0
2023-03-26_17:42:29 INFO [ SERVER CONNECT ] Connecting Server - Event / 18
2023-03-26_17:42:54 INFO [ SERVER CONNECT ] Connecting Server - Siege / 19
2023-03-26_17:44:26 INFO ProtocolCore: C1,04,F4,06,
2023-03-26_17:45:03 INFO ProtocolCore: C1,04,F4,06,
2023-03-26_17:45:04 INFO ProtocolCore: C1,06,F4,03,00,00,
2023-03-26_18:28:37 INFO ProtocolCore: C1,04,F4,06,
2023-03-26_18:28:38 INFO ProtocolCore: C1,04,F4,06,
2023-03-26_18:28:39 INFO ProtocolCore: C1,06,F4,03,00,00,
2023-03-26_18:29:05 INFO ProtocolCore: C1,04,F4,06,
2023-03-26_18:29:05 INFO [ SERVER CLOSE ] Closing Server - Regular / 0
2023-03-26_18:29:17 INFO ProtocolCore: C1,04,F4,06,
2023-03-26_18:29:19 INFO [ SERVER CONNECT ] Connecting Server - Regular / 0
2023-03-26_18:29:43 INFO ProtocolCore: C1,04,F4,06,
2023-03-26_18:29:44 INFO ProtocolCore: C1,04,F4,06,
2023-03-26_18:29:45 INFO ProtocolCore: C1,06,F4,03,00,00,
2023-03-26_18:31:07 INFO ProtocolCore: C1,04,F4,06,
2023-03-26_18:31:07 INFO [ SERVER CLOSE ] Closing Server - Regular / 0
2023-03-26_18:31:21 INFO [ SERVER CONNECT ] Connecting Server - Regular / 0
2023-03-26_18:31:23 INFO ProtocolCore: C1,04,F4,06,
2023-03-26_18:31:23 INFO ProtocolCore: C1,06,F4,03,00,00,
2023-03-26_18:37:40 INFO ProtocolCore: C1,04,F4,06,
2023-03-26_18:37:40 INFO Reading Server List...
2023-03-26_18:37:40 INFO Added Server 0 [Regular]    Port: 55501   IP: 85.215.196.105   Display: 1	AccountAllowed: 0	Disabled: 0
2023-03-26_18:37:40 INFO Added Server 17 [ArkaWar]    Port: 55517   IP: 85.215.196.105   Display: 0	AccountAllowed: 0	Disabled: 0
2023-03-26_18:37:40 INFO Added Server 18 [Event]    Port: 55518   IP: 85.215.196.105   Display: 0	AccountAllowed: 0	Disabled: 0
2023-03-26_18:37:40 INFO Added Server 19 [Siege]    Port: 55519   IP: 85.215.196.105   Display: 0	AccountAllowed: 0	Disabled: 0
2023-03-26_18:37:40 INFO >> Loaded 4 servers
2023-03-26_18:37:40 INFO  
2023-03-26_18:37:45 INFO [ SERVER CLOSE ] Closing Server - Regular / 0
2023-03-26_18:38:00 INFO [ SERVER CONNECT ] Connecting Server - Regular / 0
2023-03-26_18:38:04 INFO ProtocolCore: C1,04,F4,06,
2023-03-26_18:38:05 INFO ProtocolCore: C1,06,F4,03,00,00,
2023-03-26_18:50:55 INFO [ SERVER CLOSE ] Closing Server - Regular / 0
2023-03-26_18:51:11 INFO [ SERVER CONNECT ] Connecting Server - Regular / 0
2023-03-26_18:54:34 INFO ProtocolCore: C1,04,F4,06,
2023-03-26_18:54:34 INFO [ SERVER CLOSE ] Closing Server - Regular / 0
2023-03-26_18:54:49 INFO [ SERVER CONNECT ] Connecting Server - Regular / 0
2023-03-26_18:55:33 INFO [ SERVER CLOSE ] Closing Server - Regular / 0
2023-03-26_18:55:47 INFO [ SERVER CONNECT ] Connecting Server - Regular / 0
2023-03-26_18:56:06 INFO ProtocolCore: C1,04,F4,06,
2023-03-26_18:56:07 INFO ProtocolCore: C1,04,F4,06,
2023-03-26_18:56:08 INFO ProtocolCore: C1,06,F4,03,00,00,
2023-03-26_19:04:01 INFO ProtocolCore: C1,04,F4,06,
2023-03-26_19:04:01 INFO [ SERVER CLOSE ] Closing Server - Regular / 0
2023-03-26_19:04:14 INFO [ SERVER CONNECT ] Connecting Server - Regular / 0
2023-03-26_19:04:16 INFO ProtocolCore: C1,04,F4,06,
2023-03-26_19:04:17 INFO ProtocolCore: C1,06,F4,03,00,00,
2023-03-26_19:34:16 INFO ProtocolCore: C1,04,F4,06,
2023-03-26_19:34:18 INFO [ SERVER CLOSE ] Closing Server - Regular / 0
2023-03-26_19:34:30 INFO ProtocolCore: C1,04,F4,06,
2023-03-26_19:34:31 INFO [ SERVER CONNECT ] Connecting Server - Regular / 0
2023-03-26_19:34:55 INFO ProtocolCore: C1,04,F4,06,
2023-03-26_19:34:57 INFO ProtocolCore: C1,04,F4,06,
2023-03-26_19:34:58 INFO ProtocolCore: C1,06,F4,03,00,00,
2023-03-26_19:43:31 INFO [ SERVER CLOSE ] Closing Server - Regular / 0
2023-03-26_19:43:35 DEBUG Network Thread exits
2023-03-26_19:43:35 DEBUG Network Thread exits
2023-03-26_19:43:35 INFO Closing CSServer
