2023-03-31_11:38:29 INFO ========================================================
2023-03-31_11:38:29 INFO ========================================================
2023-03-31_11:38:29 INFO >>>>>>>>>>>>>>>>>>>>> CONNECT SERVER <<<<<<<<<<<<<<<<<<<<<<
2023-03-31_11:38:29 INFO ========================================================
2023-03-31_11:38:29 INFO ========================================================
2023-03-31_11:38:29 INFO Process priority class set to HIGH
2023-03-31_11:38:29 INFO Starting DB...
2023-03-31_11:38:30 INFO Reading Server List...
2023-03-31_11:38:30 INFO Added Server 0 [Regular]    Port: 55501   IP: 85.215.196.105   Display: 1	AccountAllowed: 0	Disabled: 1
2023-03-31_11:38:30 INFO Added Server 17 [ArkaWar]    Port: 55517   IP: 85.215.196.105   Display: 0	AccountAllowed: 0	Disabled: 1
2023-03-31_11:38:30 INFO Added Server 18 [Event]    Port: 55518   IP: 85.215.196.105   Display: 0	AccountAllowed: 0	Disabled: 1
2023-03-31_11:38:30 INFO Added Server 19 [Siege]    Port: 55519   IP: 85.215.196.105   Display: 0	AccountAllowed: 0	Disabled: 1
2023-03-31_11:38:30 INFO >> Loaded 4 servers
2023-03-31_11:38:30 INFO  
2023-03-31_11:38:30 DEBUG Network Thread Starting
2023-03-31_11:38:30 DEBUG Network Thread Starting
2023-03-31_11:38:30 INFO  
2023-03-31_11:38:30 INFO CSServer Ready
2023-03-31_11:45:58 INFO [ SERVER CONNECT ] Connecting Server - Regular / 0
2023-03-31_11:47:15 DEBUG Network Thread exits
2023-03-31_11:47:15 DEBUG Network Thread exits
2023-03-31_11:47:15 INFO Closing CSServer
