2023-03-31_22:47:49 INFO Opening DatabasePool 'u897592642_login'. Asynchronous connections: 1, synchronous connections: 2.
2023-03-31_22:47:49 INFO MySQL client library: 5.6.29
2023-03-31_22:47:49 INFO MySQL server ver: 5.5.5-10.6.12-MariaDB-cll-lve 
2023-03-31_22:47:49 INFO Connected to MySQL database at sql975.main-hosting.eu
2023-03-31_22:47:52 INFO MySQL client library: 5.6.29
2023-03-31_22:47:52 INFO MySQL server ver: 5.5.5-10.6.12-MariaDB-cll-lve 
2023-03-31_22:47:52 INFO Connected to MySQL database at sql975.main-hosting.eu
2023-03-31_22:47:52 INFO MySQL client library: 5.6.29
2023-03-31_22:47:52 INFO MySQL server ver: 5.5.5-10.6.12-MariaDB-cll-lve 
2023-03-31_22:47:52 INFO Connected to MySQL database at sql975.main-hosting.eu
2023-03-31_22:47:52 INFO DatabasePool 'u897592642_login' opened successfully. 3 total connections running.
2023-03-31_22:52:52 INFO Main::KeepDatabaseAlive
2023-03-31_22:57:52 INFO Main::KeepDatabaseAlive
2023-03-31_23:02:52 INFO Main::KeepDatabaseAlive
2023-03-31_23:07:52 INFO Main::KeepDatabaseAlive
2023-03-31_23:12:52 INFO Main::KeepDatabaseAlive
2023-03-31_23:17:52 INFO Main::KeepDatabaseAlive
2023-03-31_23:22:52 INFO Main::KeepDatabaseAlive
2023-03-31_23:27:52 INFO Main::KeepDatabaseAlive
2023-03-31_23:32:52 INFO Main::KeepDatabaseAlive
2023-03-31_23:37:52 INFO Main::KeepDatabaseAlive
2023-03-31_23:42:52 INFO Main::KeepDatabaseAlive
2023-03-31_23:47:52 INFO Main::KeepDatabaseAlive
2023-03-31_23:52:52 INFO Main::KeepDatabaseAlive
2023-03-31_23:57:52 INFO Main::KeepDatabaseAlive
