2023-03-26_19:43:57 INFO Opening DatabasePool 'login'. Asynchronous connections: 1, synchronous connections: 2.
2023-03-26_19:43:57 INFO MySQL client library: 5.6.29
2023-03-26_19:43:57 INFO MySQL server ver: 5.7.41-log 
2023-03-26_19:43:57 INFO Connected to MySQL database at 127.0.0.1
2023-03-26_19:43:57 INFO MySQL client library: 5.6.29
2023-03-26_19:43:57 INFO MySQL server ver: 5.7.41-log 
2023-03-26_19:43:57 INFO Connected to MySQL database at 127.0.0.1
2023-03-26_19:43:57 INFO MySQL client library: 5.6.29
2023-03-26_19:43:57 INFO MySQL server ver: 5.7.41-log 
2023-03-26_19:43:57 INFO Connected to MySQL database at 127.0.0.1
2023-03-26_19:43:57 INFO DatabasePool 'login' opened successfully. 3 total connections running.
2023-03-26_19:48:57 INFO Main::KeepDatabaseAlive
2023-03-26_19:53:57 INFO Main::KeepDatabaseAlive
2023-03-26_19:58:57 INFO Main::KeepDatabaseAlive
2023-03-26_20:03:57 INFO Main::KeepDatabaseAlive
2023-03-26_20:08:57 INFO Main::KeepDatabaseAlive
2023-03-26_20:13:57 INFO Main::KeepDatabaseAlive
2023-03-26_20:18:57 INFO Main::KeepDatabaseAlive
2023-03-26_20:23:57 INFO Main::KeepDatabaseAlive
2023-03-26_20:28:57 INFO Main::KeepDatabaseAlive
2023-03-26_20:33:57 INFO Main::KeepDatabaseAlive
2023-03-26_20:38:57 INFO Main::KeepDatabaseAlive
2023-03-26_20:43:57 INFO Main::KeepDatabaseAlive
2023-03-26_20:48:57 INFO Main::KeepDatabaseAlive
2023-03-26_20:53:57 INFO Main::KeepDatabaseAlive
2023-03-26_20:58:57 INFO Main::KeepDatabaseAlive
2023-03-26_21:03:57 INFO Main::KeepDatabaseAlive
2023-03-26_21:08:57 INFO Main::KeepDatabaseAlive
2023-03-26_21:13:57 INFO Main::KeepDatabaseAlive
2023-03-26_21:18:57 INFO Main::KeepDatabaseAlive
2023-03-26_21:23:57 INFO Main::KeepDatabaseAlive
2023-03-26_21:28:57 INFO Main::KeepDatabaseAlive
2023-03-26_21:33:57 INFO Main::KeepDatabaseAlive
2023-03-26_21:38:57 INFO Main::KeepDatabaseAlive
2023-03-26_21:43:57 INFO Main::KeepDatabaseAlive
2023-03-26_21:48:57 INFO Main::KeepDatabaseAlive
2023-03-26_21:53:57 INFO Main::KeepDatabaseAlive
2023-03-26_21:58:57 INFO Main::KeepDatabaseAlive
2023-03-26_22:03:57 INFO Main::KeepDatabaseAlive
2023-03-26_22:08:57 INFO Main::KeepDatabaseAlive
2023-03-26_22:13:57 INFO Main::KeepDatabaseAlive
2023-03-26_22:18:57 INFO Main::KeepDatabaseAlive
2023-03-26_22:23:57 INFO Main::KeepDatabaseAlive
2023-03-26_22:28:57 INFO Main::KeepDatabaseAlive
2023-03-26_22:33:57 INFO Main::KeepDatabaseAlive
2023-03-26_22:38:57 INFO Main::KeepDatabaseAlive
2023-03-26_22:43:57 INFO Main::KeepDatabaseAlive
2023-03-26_22:48:57 INFO Main::KeepDatabaseAlive
2023-03-26_22:53:57 INFO Main::KeepDatabaseAlive
2023-03-26_22:58:57 INFO Main::KeepDatabaseAlive
2023-03-26_23:03:57 INFO Main::KeepDatabaseAlive
2023-03-26_23:08:57 INFO Main::KeepDatabaseAlive
2023-03-26_23:13:57 INFO Main::KeepDatabaseAlive
2023-03-26_23:18:57 INFO Main::KeepDatabaseAlive
2023-03-26_23:23:57 INFO Main::KeepDatabaseAlive
2023-03-26_23:28:57 INFO Main::KeepDatabaseAlive
2023-03-26_23:33:57 INFO Main::KeepDatabaseAlive
2023-03-26_23:38:57 INFO Main::KeepDatabaseAlive
2023-03-26_23:43:57 INFO Main::KeepDatabaseAlive
2023-03-26_23:48:57 INFO Main::KeepDatabaseAlive
2023-03-26_23:53:57 INFO Main::KeepDatabaseAlive
2023-03-26_23:58:57 INFO Main::KeepDatabaseAlive
