2023-03-29_08:25:16 INFO Opening DatabasePool 'login'. Asynchronous connections: 1, synchronous connections: 2.
2023-03-29_08:25:16 INFO MySQL client library: 5.6.29
2023-03-29_08:25:16 INFO MySQL server ver: 5.7.41-log 
2023-03-29_08:25:16 INFO Connected to MySQL database at 127.0.0.1
2023-03-29_08:25:16 INFO MySQL client library: 5.6.29
2023-03-29_08:25:16 INFO MySQL server ver: 5.7.41-log 
2023-03-29_08:25:16 INFO Connected to MySQL database at 127.0.0.1
2023-03-29_08:25:16 INFO MySQL client library: 5.6.29
2023-03-29_08:25:16 INFO MySQL server ver: 5.7.41-log 
2023-03-29_08:25:16 INFO Connected to MySQL database at 127.0.0.1
2023-03-29_08:25:16 INFO DatabasePool 'login' opened successfully. 3 total connections running.
2023-03-29_08:30:16 INFO Main::KeepDatabaseAlive
2023-03-29_08:35:16 INFO Main::KeepDatabaseAlive
2023-03-29_08:40:16 INFO Main::KeepDatabaseAlive
2023-03-29_08:45:17 INFO Main::KeepDatabaseAlive
2023-03-29_08:50:16 INFO Main::KeepDatabaseAlive
2023-03-29_08:55:17 INFO Main::KeepDatabaseAlive
2023-03-29_09:00:17 INFO Main::KeepDatabaseAlive
2023-03-29_09:05:17 INFO Main::KeepDatabaseAlive
2023-03-29_09:10:17 INFO Main::KeepDatabaseAlive
2023-03-29_09:15:17 INFO Main::KeepDatabaseAlive
2023-03-29_09:20:16 INFO Main::KeepDatabaseAlive
2023-03-29_09:25:16 INFO Main::KeepDatabaseAlive
2023-03-29_09:30:16 INFO Main::KeepDatabaseAlive
2023-03-29_09:35:16 INFO Main::KeepDatabaseAlive
2023-03-29_09:40:16 INFO Main::KeepDatabaseAlive
2023-03-29_09:45:16 INFO Main::KeepDatabaseAlive
2023-03-29_09:50:16 INFO Main::KeepDatabaseAlive
2023-03-29_09:55:16 INFO Main::KeepDatabaseAlive
2023-03-29_10:00:16 INFO Main::KeepDatabaseAlive
2023-03-29_10:05:16 INFO Main::KeepDatabaseAlive
2023-03-29_10:10:16 INFO Main::KeepDatabaseAlive
2023-03-29_10:15:17 INFO Main::KeepDatabaseAlive
2023-03-29_10:20:17 INFO Main::KeepDatabaseAlive
2023-03-29_10:25:17 INFO Main::KeepDatabaseAlive
2023-03-29_10:30:16 INFO Main::KeepDatabaseAlive
2023-03-29_10:35:16 INFO Main::KeepDatabaseAlive
2023-03-29_10:40:17 INFO Main::KeepDatabaseAlive
2023-03-29_10:45:16 INFO Main::KeepDatabaseAlive
2023-03-29_10:50:17 INFO Main::KeepDatabaseAlive
2023-03-29_10:55:17 INFO Main::KeepDatabaseAlive
2023-03-29_11:00:16 INFO Main::KeepDatabaseAlive
2023-03-29_11:05:16 INFO Main::KeepDatabaseAlive
2023-03-29_11:10:17 INFO Main::KeepDatabaseAlive
2023-03-29_11:15:16 INFO Main::KeepDatabaseAlive
2023-03-29_11:20:17 INFO Main::KeepDatabaseAlive
2023-03-29_11:25:16 INFO Main::KeepDatabaseAlive
2023-03-29_11:30:16 INFO Main::KeepDatabaseAlive
2023-03-29_11:35:17 INFO Main::KeepDatabaseAlive
2023-03-29_11:40:17 INFO Main::KeepDatabaseAlive
2023-03-29_11:45:17 INFO Main::KeepDatabaseAlive
2023-03-29_11:50:17 INFO Main::KeepDatabaseAlive
2023-03-29_11:55:16 INFO Main::KeepDatabaseAlive
2023-03-29_12:00:17 INFO Main::KeepDatabaseAlive
2023-03-29_12:05:17 INFO Main::KeepDatabaseAlive
2023-03-29_12:10:16 INFO Main::KeepDatabaseAlive
2023-03-29_12:15:16 INFO Main::KeepDatabaseAlive
2023-03-29_12:20:17 INFO Main::KeepDatabaseAlive
2023-03-29_12:25:17 INFO Main::KeepDatabaseAlive
2023-03-29_12:30:16 INFO Main::KeepDatabaseAlive
2023-03-29_12:35:17 INFO Main::KeepDatabaseAlive
2023-03-29_12:40:17 INFO Main::KeepDatabaseAlive
2023-03-29_12:45:17 INFO Main::KeepDatabaseAlive
2023-03-29_12:50:17 INFO Main::KeepDatabaseAlive
2023-03-29_12:55:16 INFO Main::KeepDatabaseAlive
2023-03-29_13:00:16 INFO Main::KeepDatabaseAlive
2023-03-29_13:05:17 INFO Main::KeepDatabaseAlive
2023-03-29_13:10:17 INFO Main::KeepDatabaseAlive
2023-03-29_13:15:17 INFO Main::KeepDatabaseAlive
2023-03-29_13:20:17 INFO Main::KeepDatabaseAlive
2023-03-29_13:25:17 INFO Main::KeepDatabaseAlive
2023-03-29_13:30:17 INFO Main::KeepDatabaseAlive
2023-03-29_13:35:17 INFO Main::KeepDatabaseAlive
2023-03-29_13:40:17 INFO Main::KeepDatabaseAlive
2023-03-29_13:45:17 INFO Main::KeepDatabaseAlive
2023-03-29_13:50:17 INFO Main::KeepDatabaseAlive
2023-03-29_13:55:17 INFO Main::KeepDatabaseAlive
2023-03-29_14:00:16 INFO Main::KeepDatabaseAlive
2023-03-29_14:05:17 INFO Main::KeepDatabaseAlive
2023-03-29_14:10:16 INFO Main::KeepDatabaseAlive
2023-03-29_14:15:16 INFO Main::KeepDatabaseAlive
2023-03-29_14:20:17 INFO Main::KeepDatabaseAlive
2023-03-29_14:25:17 INFO Main::KeepDatabaseAlive
2023-03-29_14:30:16 INFO Main::KeepDatabaseAlive
2023-03-29_14:35:16 INFO Main::KeepDatabaseAlive
2023-03-29_14:40:16 INFO Main::KeepDatabaseAlive
2023-03-29_14:45:17 INFO Main::KeepDatabaseAlive
2023-03-29_14:50:17 INFO Main::KeepDatabaseAlive
2023-03-29_14:55:17 INFO Main::KeepDatabaseAlive
2023-03-29_15:00:16 INFO Main::KeepDatabaseAlive
2023-03-29_15:05:17 INFO Main::KeepDatabaseAlive
2023-03-29_15:10:16 INFO Main::KeepDatabaseAlive
2023-03-29_15:15:16 INFO Main::KeepDatabaseAlive
2023-03-29_15:20:17 INFO Main::KeepDatabaseAlive
2023-03-29_15:25:17 INFO Main::KeepDatabaseAlive
2023-03-29_15:30:17 INFO Main::KeepDatabaseAlive
2023-03-29_15:35:17 INFO Main::KeepDatabaseAlive
2023-03-29_15:40:17 INFO Main::KeepDatabaseAlive
2023-03-29_15:45:17 INFO Main::KeepDatabaseAlive
2023-03-29_15:50:16 INFO Main::KeepDatabaseAlive
2023-03-29_15:55:16 INFO Main::KeepDatabaseAlive
2023-03-29_16:00:16 INFO Main::KeepDatabaseAlive
2023-03-29_16:05:17 INFO Main::KeepDatabaseAlive
2023-03-29_16:10:16 INFO Main::KeepDatabaseAlive
2023-03-29_16:15:16 INFO Main::KeepDatabaseAlive
2023-03-29_16:20:16 INFO Main::KeepDatabaseAlive
2023-03-29_16:25:16 INFO Main::KeepDatabaseAlive
2023-03-29_16:30:17 INFO Main::KeepDatabaseAlive
2023-03-29_16:35:16 INFO Main::KeepDatabaseAlive
2023-03-29_16:40:16 INFO Main::KeepDatabaseAlive
2023-03-29_16:45:16 INFO Main::KeepDatabaseAlive
2023-03-29_16:50:17 INFO Main::KeepDatabaseAlive
2023-03-29_16:55:17 INFO Main::KeepDatabaseAlive
2023-03-29_17:00:16 INFO Main::KeepDatabaseAlive
2023-03-29_17:05:17 INFO Main::KeepDatabaseAlive
2023-03-29_17:10:16 INFO Main::KeepDatabaseAlive
2023-03-29_17:15:16 INFO Main::KeepDatabaseAlive
2023-03-29_17:20:17 INFO Main::KeepDatabaseAlive
2023-03-29_17:25:16 INFO Main::KeepDatabaseAlive
2023-03-29_17:30:16 INFO Main::KeepDatabaseAlive
2023-03-29_17:35:16 INFO Main::KeepDatabaseAlive
2023-03-29_17:40:17 INFO Main::KeepDatabaseAlive
2023-03-29_17:45:16 INFO Main::KeepDatabaseAlive
2023-03-29_17:50:16 INFO Main::KeepDatabaseAlive
2023-03-29_17:55:17 INFO Main::KeepDatabaseAlive
2023-03-29_18:00:17 INFO Main::KeepDatabaseAlive
2023-03-29_18:05:17 INFO Main::KeepDatabaseAlive
2023-03-29_18:10:16 INFO Main::KeepDatabaseAlive
2023-03-29_18:15:17 INFO Main::KeepDatabaseAlive
2023-03-29_18:20:16 INFO Main::KeepDatabaseAlive
2023-03-29_18:25:16 INFO Main::KeepDatabaseAlive
2023-03-29_18:30:16 INFO Main::KeepDatabaseAlive
2023-03-29_18:35:17 INFO Main::KeepDatabaseAlive
2023-03-29_18:40:16 INFO Main::KeepDatabaseAlive
2023-03-29_18:45:16 INFO Main::KeepDatabaseAlive
2023-03-29_18:50:16 INFO Main::KeepDatabaseAlive
2023-03-29_18:55:16 INFO Main::KeepDatabaseAlive
2023-03-29_19:00:16 INFO Main::KeepDatabaseAlive
2023-03-29_19:05:16 INFO Main::KeepDatabaseAlive
2023-03-29_19:10:16 INFO Main::KeepDatabaseAlive
2023-03-29_19:15:16 INFO Main::KeepDatabaseAlive
2023-03-29_19:20:16 INFO Main::KeepDatabaseAlive
2023-03-29_19:25:16 INFO Main::KeepDatabaseAlive
2023-03-29_19:30:16 INFO Main::KeepDatabaseAlive
2023-03-29_19:35:16 INFO Main::KeepDatabaseAlive
2023-03-29_19:40:16 INFO Main::KeepDatabaseAlive
2023-03-29_19:45:16 INFO Main::KeepDatabaseAlive
2023-03-29_19:50:17 INFO Main::KeepDatabaseAlive
2023-03-29_19:55:16 INFO Main::KeepDatabaseAlive
2023-03-29_20:00:17 INFO Main::KeepDatabaseAlive
2023-03-29_20:05:17 INFO Main::KeepDatabaseAlive
2023-03-29_20:10:17 INFO Main::KeepDatabaseAlive
2023-03-29_20:15:16 INFO Main::KeepDatabaseAlive
2023-03-29_20:20:16 INFO Main::KeepDatabaseAlive
2023-03-29_20:25:17 INFO Main::KeepDatabaseAlive
2023-03-29_20:30:17 INFO Main::KeepDatabaseAlive
2023-03-29_20:35:17 INFO Main::KeepDatabaseAlive
2023-03-29_20:40:16 INFO Main::KeepDatabaseAlive
2023-03-29_20:45:17 INFO Main::KeepDatabaseAlive
2023-03-29_20:50:17 INFO Main::KeepDatabaseAlive
2023-03-29_20:55:17 INFO Main::KeepDatabaseAlive
2023-03-29_21:00:17 INFO Main::KeepDatabaseAlive
2023-03-29_21:05:17 INFO Main::KeepDatabaseAlive
2023-03-29_21:10:17 INFO Main::KeepDatabaseAlive
2023-03-29_21:15:16 INFO Main::KeepDatabaseAlive
2023-03-29_21:20:17 INFO Main::KeepDatabaseAlive
2023-03-29_21:25:16 INFO Main::KeepDatabaseAlive
2023-03-29_21:30:16 INFO Main::KeepDatabaseAlive
2023-03-29_21:35:16 INFO Main::KeepDatabaseAlive
2023-03-29_21:40:17 INFO Main::KeepDatabaseAlive
2023-03-29_21:45:16 INFO Main::KeepDatabaseAlive
2023-03-29_21:50:17 INFO Main::KeepDatabaseAlive
2023-03-29_21:55:17 INFO Main::KeepDatabaseAlive
2023-03-29_22:00:16 INFO Main::KeepDatabaseAlive
2023-03-29_22:05:16 INFO Main::KeepDatabaseAlive
2023-03-29_22:10:17 INFO Main::KeepDatabaseAlive
2023-03-29_22:15:16 INFO Main::KeepDatabaseAlive
2023-03-29_22:20:17 INFO Main::KeepDatabaseAlive
2023-03-29_22:25:17 INFO Main::KeepDatabaseAlive
2023-03-29_22:30:16 INFO Main::KeepDatabaseAlive
2023-03-29_22:35:17 INFO Main::KeepDatabaseAlive
2023-03-29_22:40:17 INFO Main::KeepDatabaseAlive
2023-03-29_22:45:17 INFO Main::KeepDatabaseAlive
2023-03-29_22:50:17 INFO Main::KeepDatabaseAlive
2023-03-29_22:55:16 INFO Main::KeepDatabaseAlive
2023-03-29_23:00:17 INFO Main::KeepDatabaseAlive
2023-03-29_23:05:16 INFO Main::KeepDatabaseAlive
2023-03-29_23:10:16 INFO Main::KeepDatabaseAlive
2023-03-29_23:15:17 INFO Main::KeepDatabaseAlive
2023-03-29_23:20:16 INFO Main::KeepDatabaseAlive
2023-03-29_23:25:16 INFO Main::KeepDatabaseAlive
2023-03-29_23:30:16 INFO Main::KeepDatabaseAlive
2023-03-29_23:35:16 INFO Main::KeepDatabaseAlive
2023-03-29_23:40:17 INFO Main::KeepDatabaseAlive
2023-03-29_23:45:16 INFO Main::KeepDatabaseAlive
2023-03-29_23:50:17 INFO Main::KeepDatabaseAlive
2023-03-29_23:55:16 INFO Main::KeepDatabaseAlive
