2023-04-06_20:59:12 INFO Opening DatabasePool 'u897592642_login'. Asynchronous connections: 1, synchronous connections: 2.
2023-04-06_20:59:12 INFO MySQL client library: 5.6.29
2023-04-06_20:59:12 INFO MySQL server ver: 5.5.5-10.6.12-MariaDB-cll-lve 
2023-04-06_20:59:12 INFO Connected to MySQL database at sql975.main-hosting.eu
2023-04-06_20:59:12 INFO MySQL client library: 5.6.29
2023-04-06_20:59:12 INFO MySQL server ver: 5.5.5-10.6.12-MariaDB-cll-lve 
2023-04-06_20:59:12 INFO Connected to MySQL database at sql975.main-hosting.eu
2023-04-06_20:59:13 INFO MySQL client library: 5.6.29
2023-04-06_20:59:13 INFO MySQL server ver: 5.5.5-10.6.12-MariaDB-cll-lve 
2023-04-06_20:59:13 INFO Connected to MySQL database at sql975.main-hosting.eu
2023-04-06_20:59:13 INFO DatabasePool 'u897592642_login' opened successfully. 3 total connections running.
2023-04-06_21:04:13 INFO Main::KeepDatabaseAlive
2023-04-06_21:09:13 INFO Main::KeepDatabaseAlive
2023-04-06_21:14:13 INFO Main::KeepDatabaseAlive
2023-04-06_21:19:13 INFO Main::KeepDatabaseAlive
2023-04-06_21:24:13 INFO Main::KeepDatabaseAlive
2023-04-06_21:29:13 INFO Main::KeepDatabaseAlive
2023-04-06_21:34:13 INFO Main::KeepDatabaseAlive
2023-04-06_21:39:13 INFO Main::KeepDatabaseAlive
2023-04-06_21:44:13 INFO Main::KeepDatabaseAlive
2023-04-06_21:46:20 INFO Closing down DatabasePool 'u897592642_login'.
2023-04-06_21:46:20 INFO Asynchronous connections on DatabasePool 'u897592642_login' terminated. Proceeding with synchronous connections.
2023-04-06_21:46:20 INFO All connections on DatabasePool 'u897592642_login' closed.
