2023-03-24_23:03:15 INFO Opening DatabasePool 'login'. Asynchronous connections: 1, synchronous connections: 2.
2023-03-24_23:03:15 INFO MySQL client library: 5.6.29
2023-03-24_23:03:15 INFO MySQL server ver: 5.7.41-log 
2023-03-24_23:03:15 INFO Connected to MySQL database at 127.0.0.1
2023-03-24_23:03:15 INFO MySQL client library: 5.6.29
2023-03-24_23:03:15 INFO MySQL server ver: 5.7.41-log 
2023-03-24_23:03:15 INFO Connected to MySQL database at 127.0.0.1
2023-03-24_23:03:15 INFO MySQL client library: 5.6.29
2023-03-24_23:03:15 INFO MySQL server ver: 5.7.41-log 
2023-03-24_23:03:15 INFO Connected to MySQL database at 127.0.0.1
2023-03-24_23:03:15 INFO DatabasePool 'login' opened successfully. 3 total connections running.
2023-03-24_23:08:15 INFO Main::KeepDatabaseAlive
2023-03-24_23:13:15 INFO Main::KeepDatabaseAlive
2023-03-24_23:18:15 INFO Main::KeepDatabaseAlive
2023-03-24_23:23:15 INFO Main::KeepDatabaseAlive
2023-03-24_23:28:15 INFO Main::KeepDatabaseAlive
2023-03-24_23:33:15 INFO Main::KeepDatabaseAlive
2023-03-24_23:38:15 INFO Main::KeepDatabaseAlive
2023-03-24_23:43:15 INFO Main::KeepDatabaseAlive
2023-03-24_23:48:15 INFO Main::KeepDatabaseAlive
2023-03-24_23:53:15 INFO Main::KeepDatabaseAlive
2023-03-24_23:58:15 INFO Main::KeepDatabaseAlive
