2023-04-04_19:28:10 INFO Opening DatabasePool 'u897592642_login'. Asynchronous connections: 1, synchronous connections: 2.
2023-04-04_19:28:10 INFO MySQL client library: 5.6.29
2023-04-04_19:28:10 INFO MySQL server ver: 5.5.5-10.6.12-MariaDB-cll-lve 
2023-04-04_19:28:10 INFO Connected to MySQL database at sql975.main-hosting.eu
2023-04-04_19:28:10 INFO MySQL client library: 5.6.29
2023-04-04_19:28:10 INFO MySQL server ver: 5.5.5-10.6.12-MariaDB-cll-lve 
2023-04-04_19:28:10 INFO Connected to MySQL database at sql975.main-hosting.eu
2023-04-04_19:28:11 INFO MySQL client library: 5.6.29
2023-04-04_19:28:11 INFO MySQL server ver: 5.5.5-10.6.12-MariaDB-cll-lve 
2023-04-04_19:28:11 INFO Connected to MySQL database at sql975.main-hosting.eu
2023-04-04_19:28:11 INFO DatabasePool 'u897592642_login' opened successfully. 3 total connections running.
2023-04-04_19:33:11 INFO Main::KeepDatabaseAlive
2023-04-04_19:38:11 INFO Main::KeepDatabaseAlive
2023-04-04_19:43:11 INFO Main::KeepDatabaseAlive
2023-04-04_19:48:11 INFO Main::KeepDatabaseAlive
2023-04-04_19:53:11 INFO Main::KeepDatabaseAlive
2023-04-04_19:58:11 INFO Main::KeepDatabaseAlive
2023-04-04_20:03:11 INFO Main::KeepDatabaseAlive
2023-04-04_20:08:11 INFO Main::KeepDatabaseAlive
2023-04-04_20:13:11 INFO Main::KeepDatabaseAlive
2023-04-04_20:18:11 INFO Main::KeepDatabaseAlive
2023-04-04_20:23:11 INFO Main::KeepDatabaseAlive
2023-04-04_20:28:11 INFO Main::KeepDatabaseAlive
2023-04-04_20:33:11 INFO Main::KeepDatabaseAlive
2023-04-04_20:38:11 INFO Main::KeepDatabaseAlive
2023-04-04_20:43:11 INFO Main::KeepDatabaseAlive
2023-04-04_20:48:11 INFO Main::KeepDatabaseAlive
2023-04-04_20:53:11 INFO Main::KeepDatabaseAlive
2023-04-04_20:58:11 INFO Main::KeepDatabaseAlive
2023-04-04_21:03:11 INFO Main::KeepDatabaseAlive
2023-04-04_21:08:11 INFO Main::KeepDatabaseAlive
2023-04-04_21:13:11 INFO Main::KeepDatabaseAlive
2023-04-04_21:18:11 INFO Main::KeepDatabaseAlive
2023-04-04_21:23:11 INFO Main::KeepDatabaseAlive
2023-04-04_21:28:11 INFO Main::KeepDatabaseAlive
2023-04-04_21:33:11 INFO Main::KeepDatabaseAlive
2023-04-04_21:38:11 INFO Main::KeepDatabaseAlive
2023-04-04_21:43:11 INFO Main::KeepDatabaseAlive
2023-04-04_21:48:11 INFO Main::KeepDatabaseAlive
2023-04-04_21:53:11 INFO Main::KeepDatabaseAlive
2023-04-04_21:58:11 INFO Main::KeepDatabaseAlive
2023-04-04_22:03:11 INFO Main::KeepDatabaseAlive
2023-04-04_22:08:11 INFO Main::KeepDatabaseAlive
2023-04-04_22:13:11 INFO Main::KeepDatabaseAlive
2023-04-04_22:18:11 INFO Main::KeepDatabaseAlive
2023-04-04_22:23:11 INFO Main::KeepDatabaseAlive
2023-04-04_22:28:11 INFO Main::KeepDatabaseAlive
2023-04-04_22:33:11 INFO Main::KeepDatabaseAlive
2023-04-04_22:38:11 INFO Main::KeepDatabaseAlive
2023-04-04_22:43:11 INFO Main::KeepDatabaseAlive
2023-04-04_22:48:11 INFO Main::KeepDatabaseAlive
2023-04-04_22:53:11 INFO Main::KeepDatabaseAlive
2023-04-04_22:58:11 INFO Main::KeepDatabaseAlive
2023-04-04_23:03:11 INFO Main::KeepDatabaseAlive
2023-04-04_23:08:11 INFO Main::KeepDatabaseAlive
2023-04-04_23:13:11 INFO Main::KeepDatabaseAlive
2023-04-04_23:18:11 INFO Main::KeepDatabaseAlive
2023-04-04_23:23:11 INFO Main::KeepDatabaseAlive
2023-04-04_23:28:11 INFO Main::KeepDatabaseAlive
2023-04-04_23:33:11 INFO Main::KeepDatabaseAlive
2023-04-04_23:38:11 INFO Main::KeepDatabaseAlive
2023-04-04_23:43:11 INFO Main::KeepDatabaseAlive
2023-04-04_23:48:11 INFO Main::KeepDatabaseAlive
2023-04-04_23:53:11 INFO Main::KeepDatabaseAlive
2023-04-04_23:58:11 INFO Main::KeepDatabaseAlive
