2023-03-31_12:13:01 INFO Opening DatabasePool 'u897592642_login'. Asynchronous connections: 1, synchronous connections: 2.
2023-03-31_12:13:01 INFO MySQL client library: 5.6.29
2023-03-31_12:13:01 INFO MySQL server ver: 5.5.5-10.6.12-MariaDB-cll-lve 
2023-03-31_12:13:01 INFO Connected to MySQL database at sql975.main-hosting.eu
2023-03-31_12:13:02 INFO MySQL client library: 5.6.29
2023-03-31_12:13:02 INFO MySQL server ver: 5.5.5-10.6.12-MariaDB-cll-lve 
2023-03-31_12:13:02 INFO Connected to MySQL database at sql975.main-hosting.eu
2023-03-31_12:13:02 INFO MySQL client library: 5.6.29
2023-03-31_12:13:02 INFO MySQL server ver: 5.5.5-10.6.12-MariaDB-cll-lve 
2023-03-31_12:13:02 INFO Connected to MySQL database at sql975.main-hosting.eu
2023-03-31_12:13:02 INFO DatabasePool 'u897592642_login' opened successfully. 3 total connections running.
2023-03-31_12:18:02 INFO Main::KeepDatabaseAlive
2023-03-31_12:23:02 INFO Main::KeepDatabaseAlive
2023-03-31_12:28:02 INFO Main::KeepDatabaseAlive
2023-03-31_12:33:02 INFO Main::KeepDatabaseAlive
2023-03-31_12:38:02 INFO Main::KeepDatabaseAlive
2023-03-31_12:43:02 INFO Main::KeepDatabaseAlive
2023-03-31_12:48:02 INFO Main::KeepDatabaseAlive
2023-03-31_12:53:02 INFO Main::KeepDatabaseAlive
2023-03-31_12:58:02 INFO Main::KeepDatabaseAlive
2023-03-31_13:03:02 INFO Main::KeepDatabaseAlive
2023-03-31_13:08:02 INFO Main::KeepDatabaseAlive
2023-03-31_13:13:02 INFO Main::KeepDatabaseAlive
2023-03-31_13:18:02 INFO Main::KeepDatabaseAlive
2023-03-31_13:23:02 INFO Main::KeepDatabaseAlive
2023-03-31_13:28:02 INFO Main::KeepDatabaseAlive
2023-03-31_13:33:02 INFO Main::KeepDatabaseAlive
2023-03-31_13:38:02 INFO Main::KeepDatabaseAlive
2023-03-31_13:43:02 INFO Main::KeepDatabaseAlive
2023-03-31_13:48:02 INFO Main::KeepDatabaseAlive
2023-03-31_13:53:02 INFO Main::KeepDatabaseAlive
2023-03-31_13:58:02 INFO Main::KeepDatabaseAlive
2023-03-31_14:03:02 INFO Main::KeepDatabaseAlive
2023-03-31_14:08:02 INFO Main::KeepDatabaseAlive
2023-03-31_14:13:02 INFO Main::KeepDatabaseAlive
2023-03-31_14:18:02 INFO Main::KeepDatabaseAlive
2023-03-31_14:23:02 INFO Main::KeepDatabaseAlive
2023-03-31_14:28:02 INFO Main::KeepDatabaseAlive
2023-03-31_14:33:02 INFO Main::KeepDatabaseAlive
2023-03-31_14:38:02 INFO Main::KeepDatabaseAlive
2023-03-31_14:43:02 INFO Main::KeepDatabaseAlive
2023-03-31_14:48:02 INFO Main::KeepDatabaseAlive
2023-03-31_14:53:02 INFO Main::KeepDatabaseAlive
2023-03-31_14:58:02 INFO Main::KeepDatabaseAlive
2023-03-31_15:03:02 INFO Main::KeepDatabaseAlive
2023-03-31_15:08:02 INFO Main::KeepDatabaseAlive
2023-03-31_15:13:02 INFO Main::KeepDatabaseAlive
2023-03-31_15:18:02 INFO Main::KeepDatabaseAlive
2023-03-31_15:23:02 INFO Main::KeepDatabaseAlive
2023-03-31_15:28:02 INFO Main::KeepDatabaseAlive
2023-03-31_15:33:02 INFO Main::KeepDatabaseAlive
2023-03-31_15:38:02 INFO Main::KeepDatabaseAlive
2023-03-31_15:43:02 INFO Main::KeepDatabaseAlive
2023-03-31_15:48:02 INFO Main::KeepDatabaseAlive
2023-03-31_15:53:02 INFO Main::KeepDatabaseAlive
2023-03-31_15:58:02 INFO Main::KeepDatabaseAlive
2023-03-31_16:03:02 INFO Main::KeepDatabaseAlive
2023-03-31_16:08:02 INFO Main::KeepDatabaseAlive
2023-03-31_16:13:02 INFO Main::KeepDatabaseAlive
2023-03-31_16:18:02 INFO Main::KeepDatabaseAlive
2023-03-31_16:23:02 INFO Main::KeepDatabaseAlive
2023-03-31_16:28:02 INFO Main::KeepDatabaseAlive
2023-03-31_16:33:02 INFO Main::KeepDatabaseAlive
2023-03-31_16:38:02 INFO Main::KeepDatabaseAlive
2023-03-31_16:43:02 INFO Main::KeepDatabaseAlive
2023-03-31_16:48:02 INFO Main::KeepDatabaseAlive
2023-03-31_16:53:02 INFO Main::KeepDatabaseAlive
2023-03-31_16:58:02 INFO Main::KeepDatabaseAlive
2023-03-31_17:03:02 INFO Main::KeepDatabaseAlive
2023-03-31_17:08:02 INFO Main::KeepDatabaseAlive
2023-03-31_17:13:02 INFO Main::KeepDatabaseAlive
2023-03-31_17:18:02 INFO Main::KeepDatabaseAlive
2023-03-31_17:23:02 INFO Main::KeepDatabaseAlive
2023-03-31_17:28:02 INFO Main::KeepDatabaseAlive
2023-03-31_17:33:02 INFO Main::KeepDatabaseAlive
2023-03-31_17:38:02 INFO Main::KeepDatabaseAlive
2023-03-31_17:43:02 INFO Main::KeepDatabaseAlive
2023-03-31_17:48:02 INFO Main::KeepDatabaseAlive
2023-03-31_17:53:02 INFO Main::KeepDatabaseAlive
2023-03-31_17:58:02 INFO Main::KeepDatabaseAlive
2023-03-31_18:03:02 INFO Main::KeepDatabaseAlive
2023-03-31_18:08:02 INFO Main::KeepDatabaseAlive
2023-03-31_18:13:02 INFO Main::KeepDatabaseAlive
2023-03-31_18:18:02 INFO Main::KeepDatabaseAlive
2023-03-31_18:23:02 INFO Main::KeepDatabaseAlive
2023-03-31_18:28:02 INFO Main::KeepDatabaseAlive
2023-03-31_18:33:02 INFO Main::KeepDatabaseAlive
2023-03-31_18:38:02 INFO Main::KeepDatabaseAlive
2023-03-31_18:43:02 INFO Main::KeepDatabaseAlive
2023-03-31_18:48:02 INFO Main::KeepDatabaseAlive
2023-03-31_18:53:02 INFO Main::KeepDatabaseAlive
2023-03-31_18:58:02 INFO Main::KeepDatabaseAlive
2023-03-31_19:03:02 INFO Main::KeepDatabaseAlive
2023-03-31_19:08:02 INFO Main::KeepDatabaseAlive
2023-03-31_19:13:02 INFO Main::KeepDatabaseAlive
2023-03-31_19:18:02 INFO Main::KeepDatabaseAlive
2023-03-31_19:23:02 INFO Main::KeepDatabaseAlive
2023-03-31_19:28:02 INFO Main::KeepDatabaseAlive
2023-03-31_19:33:02 INFO Main::KeepDatabaseAlive
2023-03-31_19:38:02 INFO Main::KeepDatabaseAlive
2023-03-31_19:43:02 INFO Main::KeepDatabaseAlive
2023-03-31_19:48:02 INFO Main::KeepDatabaseAlive
2023-03-31_19:53:02 INFO Main::KeepDatabaseAlive
2023-03-31_19:58:02 INFO Main::KeepDatabaseAlive
2023-03-31_20:03:02 INFO Main::KeepDatabaseAlive
2023-03-31_20:08:02 INFO Main::KeepDatabaseAlive
2023-03-31_20:13:02 INFO Main::KeepDatabaseAlive
2023-03-31_20:18:02 INFO Main::KeepDatabaseAlive
2023-03-31_20:23:02 INFO Main::KeepDatabaseAlive
2023-03-31_20:28:02 INFO Main::KeepDatabaseAlive
2023-03-31_20:33:02 INFO Main::KeepDatabaseAlive
2023-03-31_20:38:02 INFO Main::KeepDatabaseAlive
2023-03-31_20:43:02 INFO Main::KeepDatabaseAlive
2023-03-31_20:48:02 INFO Main::KeepDatabaseAlive
2023-03-31_20:53:02 INFO Main::KeepDatabaseAlive
2023-03-31_20:58:02 INFO Main::KeepDatabaseAlive
2023-03-31_21:03:02 INFO Main::KeepDatabaseAlive
2023-03-31_21:08:02 INFO Main::KeepDatabaseAlive
2023-03-31_21:13:02 INFO Main::KeepDatabaseAlive
2023-03-31_21:18:02 INFO Main::KeepDatabaseAlive
2023-03-31_21:23:02 INFO Main::KeepDatabaseAlive
2023-03-31_21:28:02 INFO Main::KeepDatabaseAlive
2023-03-31_21:33:02 INFO Main::KeepDatabaseAlive
2023-03-31_21:38:02 INFO Main::KeepDatabaseAlive
2023-03-31_21:43:02 INFO Main::KeepDatabaseAlive
2023-03-31_21:48:02 INFO Main::KeepDatabaseAlive
2023-03-31_21:53:02 INFO Main::KeepDatabaseAlive
2023-03-31_21:58:02 INFO Main::KeepDatabaseAlive
2023-03-31_22:03:02 INFO Main::KeepDatabaseAlive
2023-03-31_22:08:02 INFO Main::KeepDatabaseAlive
2023-03-31_22:13:02 INFO Main::KeepDatabaseAlive
2023-03-31_22:18:02 INFO Main::KeepDatabaseAlive
2023-03-31_22:23:02 INFO Main::KeepDatabaseAlive
2023-03-31_22:28:02 INFO Main::KeepDatabaseAlive
2023-03-31_22:33:02 INFO Main::KeepDatabaseAlive
2023-03-31_22:38:02 INFO Main::KeepDatabaseAlive
2023-03-31_22:43:02 INFO Main::KeepDatabaseAlive
2023-03-31_22:45:47 INFO Closing down DatabasePool 'u897592642_login'.
2023-03-31_22:45:47 INFO Asynchronous connections on DatabasePool 'u897592642_login' terminated. Proceeding with synchronous connections.
2023-03-31_22:45:47 INFO All connections on DatabasePool 'u897592642_login' closed.
