2023-04-06_21:46:52 INFO Opening DatabasePool 'login'. Asynchronous connections: 1, synchronous connections: 2.
2023-04-06_21:46:52 INFO MySQL client library: 5.6.29
2023-04-06_21:46:52 INFO MySQL server ver: 5.7.41-log 
2023-04-06_21:46:52 INFO Connected to MySQL database at 127.0.0.1
2023-04-06_21:46:52 INFO MySQL client library: 5.6.29
2023-04-06_21:46:52 INFO MySQL server ver: 5.7.41-log 
2023-04-06_21:46:52 INFO Connected to MySQL database at 127.0.0.1
2023-04-06_21:46:52 INFO MySQL client library: 5.6.29
2023-04-06_21:46:52 INFO MySQL server ver: 5.7.41-log 
2023-04-06_21:46:52 INFO Connected to MySQL database at 127.0.0.1
2023-04-06_21:46:52 INFO DatabasePool 'login' opened successfully. 3 total connections running.
2023-04-06_21:51:52 INFO Main::KeepDatabaseAlive
2023-04-06_21:56:52 INFO Main::KeepDatabaseAlive
2023-04-06_22:01:52 INFO Main::KeepDatabaseAlive
2023-04-06_22:06:52 INFO Main::KeepDatabaseAlive
2023-04-06_22:11:52 INFO Main::KeepDatabaseAlive
2023-04-06_22:16:52 INFO Main::KeepDatabaseAlive
2023-04-06_22:21:52 INFO Main::KeepDatabaseAlive
2023-04-06_22:26:52 INFO Main::KeepDatabaseAlive
2023-04-06_22:31:52 INFO Main::KeepDatabaseAlive
2023-04-06_22:36:52 INFO Main::KeepDatabaseAlive
2023-04-06_22:41:52 INFO Main::KeepDatabaseAlive
2023-04-06_22:46:52 INFO Main::KeepDatabaseAlive
2023-04-06_22:51:52 INFO Main::KeepDatabaseAlive
2023-04-06_22:56:52 INFO Main::KeepDatabaseAlive
2023-04-06_23:01:52 INFO Main::KeepDatabaseAlive
2023-04-06_23:06:52 INFO Main::KeepDatabaseAlive
2023-04-06_23:11:52 INFO Main::KeepDatabaseAlive
2023-04-06_23:16:52 INFO Main::KeepDatabaseAlive
2023-04-06_23:21:52 INFO Main::KeepDatabaseAlive
2023-04-06_23:26:52 INFO Main::KeepDatabaseAlive
2023-04-06_23:31:52 INFO Main::KeepDatabaseAlive
2023-04-06_23:36:52 INFO Main::KeepDatabaseAlive
2023-04-06_23:41:52 INFO Main::KeepDatabaseAlive
2023-04-06_23:46:52 INFO Main::KeepDatabaseAlive
2023-04-06_23:51:52 INFO Main::KeepDatabaseAlive
2023-04-06_23:56:52 INFO Main::KeepDatabaseAlive
