2023-03-29_13:02:14 INFO [DevilSquare - 1] Moving Players Out
2023-03-29_13:02:14 INFO [DevilSquare - 1] Clearing Monsters
2023-03-29_13:02:14 INFO [DevilSquare - 1] DevilSquare::SetState_None
2023-03-29_13:02:14 INFO [DevilSquare - 2] Moving Players Out
2023-03-29_13:02:14 INFO [DevilSquare - 2] Clearing Monsters
2023-03-29_13:02:14 INFO [DevilSquare - 2] DevilSquare::SetState_None
2023-03-29_13:02:14 INFO [DevilSquare - 3] Moving Players Out
2023-03-29_13:02:14 INFO [DevilSquare - 3] Clearing Monsters
2023-03-29_13:02:14 INFO [DevilSquare - 3] DevilSquare::SetState_None
2023-03-29_13:02:14 INFO [DevilSquare - 4] Moving Players Out
2023-03-29_13:02:14 INFO [DevilSquare - 4] Clearing Monsters
2023-03-29_13:02:14 INFO [DevilSquare - 4] DevilSquare::SetState_None
2023-03-29_13:02:14 INFO [DevilSquare - 5] Moving Players Out
2023-03-29_13:02:14 INFO [DevilSquare - 5] Clearing Monsters
2023-03-29_13:02:14 INFO [DevilSquare - 5] DevilSquare::SetState_None
2023-03-29_13:02:14 INFO [DevilSquare - 6] Moving Players Out
2023-03-29_13:02:14 INFO [DevilSquare - 6] Clearing Monsters
2023-03-29_13:02:14 INFO [DevilSquare - 6] DevilSquare::SetState_None
2023-03-29_13:02:14 INFO [DevilSquare - 7] Moving Players Out
2023-03-29_13:02:14 INFO [DevilSquare - 7] Clearing Monsters
2023-03-29_13:02:14 INFO [DevilSquare - 7] DevilSquare::SetState_None
2023-03-29_13:02:14 INFO [DevilSquareMgr] SetState_None()
2023-03-29_13:30:00 INFO [DevilSquare - 1] DevilSquare::SetState_Open
2023-03-29_13:30:00 INFO [DevilSquare - 2] DevilSquare::SetState_Open
2023-03-29_13:30:00 INFO [DevilSquare - 3] DevilSquare::SetState_Open
2023-03-29_13:30:00 INFO [DevilSquare - 4] DevilSquare::SetState_Open
2023-03-29_13:30:00 INFO [DevilSquare - 5] DevilSquare::SetState_Open
2023-03-29_13:30:00 INFO [DevilSquare - 6] DevilSquare::SetState_Open
2023-03-29_13:30:00 INFO [DevilSquare - 7] DevilSquare::SetState_Open
2023-03-29_13:30:00 INFO [DevilSquareMgr] SetState_Open()
2023-03-29_13:35:00 INFO [DevilSquare - 1] DevilSquare::SetState_StandBy
2023-03-29_13:35:00 INFO [DevilSquare - 2] DevilSquare::SetState_StandBy
2023-03-29_13:35:00 INFO [DevilSquare - 3] DevilSquare::SetState_StandBy
2023-03-29_13:35:00 INFO [DevilSquare - 4] DevilSquare::SetState_StandBy
2023-03-29_13:35:00 INFO [DevilSquare - 5] DevilSquare::SetState_StandBy
2023-03-29_13:35:00 INFO [DevilSquare - 6] DevilSquare::SetState_StandBy
2023-03-29_13:35:00 INFO [DevilSquare - 7] DevilSquare::SetState_StandBy
2023-03-29_13:35:00 INFO [DevilSquareMgr] SetState_Playing()
2023-03-29_13:35:01 INFO [DevilSquare - 1] Moving Players Out
2023-03-29_13:35:01 INFO [DevilSquare - 1] Clearing Monsters
2023-03-29_13:35:01 INFO [DevilSquare - 1] DevilSquare::SetState_None
2023-03-29_13:35:01 INFO [DevilSquare - 2] Moving Players Out
2023-03-29_13:35:01 INFO [DevilSquare - 2] Clearing Monsters
2023-03-29_13:35:01 INFO [DevilSquare - 2] DevilSquare::SetState_None
2023-03-29_13:35:01 INFO [DevilSquare - 3] Moving Players Out
2023-03-29_13:35:01 INFO [DevilSquare - 3] Clearing Monsters
2023-03-29_13:35:01 INFO [DevilSquare - 3] DevilSquare::SetState_None
2023-03-29_13:35:01 INFO [DevilSquare - 4] Moving Players Out
2023-03-29_13:35:01 INFO [DevilSquare - 4] Clearing Monsters
2023-03-29_13:35:01 INFO [DevilSquare - 4] DevilSquare::SetState_None
2023-03-29_13:35:01 INFO [DevilSquare - 5] Moving Players Out
2023-03-29_13:35:01 INFO [DevilSquare - 5] Clearing Monsters
2023-03-29_13:35:01 INFO [DevilSquare - 5] DevilSquare::SetState_None
2023-03-29_13:35:01 INFO [DevilSquare - 6] Moving Players Out
2023-03-29_13:35:01 INFO [DevilSquare - 6] Clearing Monsters
2023-03-29_13:35:01 INFO [DevilSquare - 6] DevilSquare::SetState_None
2023-03-29_13:35:01 INFO [DevilSquare - 7] Moving Players Out
2023-03-29_13:35:01 INFO [DevilSquare - 7] Clearing Monsters
2023-03-29_13:35:01 INFO [DevilSquare - 7] DevilSquare::SetState_None
2023-03-29_13:35:01 INFO [DevilSquareMgr] SetState_None()
2023-03-29_14:30:00 INFO [DevilSquare - 1] DevilSquare::SetState_Open
2023-03-29_14:30:00 INFO [DevilSquare - 2] DevilSquare::SetState_Open
2023-03-29_14:30:00 INFO [DevilSquare - 3] DevilSquare::SetState_Open
2023-03-29_14:30:00 INFO [DevilSquare - 4] DevilSquare::SetState_Open
2023-03-29_14:30:00 INFO [DevilSquare - 5] DevilSquare::SetState_Open
2023-03-29_14:30:00 INFO [DevilSquare - 6] DevilSquare::SetState_Open
2023-03-29_14:30:00 INFO [DevilSquare - 7] DevilSquare::SetState_Open
2023-03-29_14:30:00 INFO [DevilSquareMgr] SetState_Open()
2023-03-29_14:35:00 INFO [DevilSquare - 1] DevilSquare::SetState_StandBy
2023-03-29_14:35:00 INFO [DevilSquare - 2] DevilSquare::SetState_StandBy
2023-03-29_14:35:00 INFO [DevilSquare - 3] DevilSquare::SetState_StandBy
2023-03-29_14:35:00 INFO [DevilSquare - 4] DevilSquare::SetState_StandBy
2023-03-29_14:35:00 INFO [DevilSquare - 5] DevilSquare::SetState_StandBy
2023-03-29_14:35:00 INFO [DevilSquare - 6] DevilSquare::SetState_StandBy
2023-03-29_14:35:00 INFO [DevilSquare - 7] DevilSquare::SetState_StandBy
2023-03-29_14:35:00 INFO [DevilSquareMgr] SetState_Playing()
2023-03-29_14:35:00 INFO [DevilSquare - 1] Moving Players Out
2023-03-29_14:35:00 INFO [DevilSquare - 1] Clearing Monsters
2023-03-29_14:35:01 INFO [DevilSquare - 1] DevilSquare::SetState_None
2023-03-29_14:35:01 INFO [DevilSquare - 2] Moving Players Out
2023-03-29_14:35:01 INFO [DevilSquare - 2] Clearing Monsters
2023-03-29_14:35:01 INFO [DevilSquare - 2] DevilSquare::SetState_None
2023-03-29_14:35:01 INFO [DevilSquare - 3] Moving Players Out
2023-03-29_14:35:01 INFO [DevilSquare - 3] Clearing Monsters
2023-03-29_14:35:01 INFO [DevilSquare - 3] DevilSquare::SetState_None
2023-03-29_14:35:01 INFO [DevilSquare - 4] Moving Players Out
2023-03-29_14:35:01 INFO [DevilSquare - 4] Clearing Monsters
2023-03-29_14:35:01 INFO [DevilSquare - 4] DevilSquare::SetState_None
2023-03-29_14:35:01 INFO [DevilSquare - 5] Moving Players Out
2023-03-29_14:35:01 INFO [DevilSquare - 5] Clearing Monsters
2023-03-29_14:35:01 INFO [DevilSquare - 5] DevilSquare::SetState_None
2023-03-29_14:35:01 INFO [DevilSquare - 6] Moving Players Out
2023-03-29_14:35:01 INFO [DevilSquare - 6] Clearing Monsters
2023-03-29_14:35:01 INFO [DevilSquare - 6] DevilSquare::SetState_None
2023-03-29_14:35:01 INFO [DevilSquare - 7] Moving Players Out
2023-03-29_14:35:01 INFO [DevilSquare - 7] Clearing Monsters
2023-03-29_14:35:01 INFO [DevilSquare - 7] DevilSquare::SetState_None
2023-03-29_14:35:01 INFO [DevilSquareMgr] SetState_None()
2023-03-29_15:30:01 INFO [DevilSquare - 1] DevilSquare::SetState_Open
2023-03-29_15:30:01 INFO [DevilSquare - 2] DevilSquare::SetState_Open
2023-03-29_15:30:01 INFO [DevilSquare - 3] DevilSquare::SetState_Open
2023-03-29_15:30:01 INFO [DevilSquare - 4] DevilSquare::SetState_Open
2023-03-29_15:30:01 INFO [DevilSquare - 5] DevilSquare::SetState_Open
2023-03-29_15:30:01 INFO [DevilSquare - 6] DevilSquare::SetState_Open
2023-03-29_15:30:01 INFO [DevilSquare - 7] DevilSquare::SetState_Open
2023-03-29_15:30:01 INFO [DevilSquareMgr] SetState_Open()
2023-03-29_15:35:01 INFO [DevilSquare - 1] DevilSquare::SetState_StandBy
2023-03-29_15:35:01 INFO [DevilSquare - 2] DevilSquare::SetState_StandBy
2023-03-29_15:35:01 INFO [DevilSquare - 3] DevilSquare::SetState_StandBy
2023-03-29_15:35:01 INFO [DevilSquare - 4] DevilSquare::SetState_StandBy
2023-03-29_15:35:01 INFO [DevilSquare - 5] DevilSquare::SetState_StandBy
2023-03-29_15:35:01 INFO [DevilSquare - 6] DevilSquare::SetState_StandBy
2023-03-29_15:35:01 INFO [DevilSquare - 7] DevilSquare::SetState_StandBy
2023-03-29_15:35:01 INFO [DevilSquareMgr] SetState_Playing()
2023-03-29_15:35:01 INFO [DevilSquare - 1] Moving Players Out
2023-03-29_15:35:01 INFO [DevilSquare - 1] Clearing Monsters
2023-03-29_15:35:01 INFO [DevilSquare - 1] DevilSquare::SetState_None
2023-03-29_15:35:01 INFO [DevilSquare - 2] Moving Players Out
2023-03-29_15:35:01 INFO [DevilSquare - 2] Clearing Monsters
2023-03-29_15:35:01 INFO [DevilSquare - 2] DevilSquare::SetState_None
2023-03-29_15:35:01 INFO [DevilSquare - 3] Moving Players Out
2023-03-29_15:35:01 INFO [DevilSquare - 3] Clearing Monsters
2023-03-29_15:35:01 INFO [DevilSquare - 3] DevilSquare::SetState_None
2023-03-29_15:35:01 INFO [DevilSquare - 4] Moving Players Out
2023-03-29_15:35:02 INFO [DevilSquare - 4] Clearing Monsters
2023-03-29_15:35:02 INFO [DevilSquare - 4] DevilSquare::SetState_None
2023-03-29_15:35:02 INFO [DevilSquare - 5] Moving Players Out
2023-03-29_15:35:02 INFO [DevilSquare - 5] Clearing Monsters
2023-03-29_15:35:02 INFO [DevilSquare - 5] DevilSquare::SetState_None
2023-03-29_15:35:02 INFO [DevilSquare - 6] Moving Players Out
2023-03-29_15:35:02 INFO [DevilSquare - 6] Clearing Monsters
2023-03-29_15:35:02 INFO [DevilSquare - 6] DevilSquare::SetState_None
2023-03-29_15:35:02 INFO [DevilSquare - 7] Moving Players Out
2023-03-29_15:35:02 INFO [DevilSquare - 7] Clearing Monsters
2023-03-29_15:35:02 INFO [DevilSquare - 7] DevilSquare::SetState_None
2023-03-29_15:35:02 INFO [DevilSquareMgr] SetState_None()
2023-03-29_16:30:00 INFO [DevilSquare - 1] DevilSquare::SetState_Open
2023-03-29_16:30:01 INFO [DevilSquare - 2] DevilSquare::SetState_Open
2023-03-29_16:30:01 INFO [DevilSquare - 3] DevilSquare::SetState_Open
2023-03-29_16:30:01 INFO [DevilSquare - 4] DevilSquare::SetState_Open
2023-03-29_16:30:01 INFO [DevilSquare - 5] DevilSquare::SetState_Open
2023-03-29_16:30:01 INFO [DevilSquare - 6] DevilSquare::SetState_Open
2023-03-29_16:30:01 INFO [DevilSquare - 7] DevilSquare::SetState_Open
2023-03-29_16:30:01 INFO [DevilSquareMgr] SetState_Open()
2023-03-29_16:35:01 INFO [DevilSquare - 1] DevilSquare::SetState_StandBy
2023-03-29_16:35:01 INFO [DevilSquare - 2] DevilSquare::SetState_StandBy
2023-03-29_16:35:01 INFO [DevilSquare - 3] DevilSquare::SetState_StandBy
2023-03-29_16:35:01 INFO [DevilSquare - 4] DevilSquare::SetState_StandBy
2023-03-29_16:35:01 INFO [DevilSquare - 5] DevilSquare::SetState_StandBy
2023-03-29_16:35:01 INFO [DevilSquare - 6] DevilSquare::SetState_StandBy
2023-03-29_16:35:01 INFO [DevilSquare - 7] DevilSquare::SetState_StandBy
2023-03-29_16:35:01 INFO [DevilSquareMgr] SetState_Playing()
2023-03-29_16:35:01 INFO [DevilSquare - 1] Moving Players Out
2023-03-29_16:35:01 INFO [DevilSquare - 1] Clearing Monsters
2023-03-29_16:35:01 INFO [DevilSquare - 1] DevilSquare::SetState_None
2023-03-29_16:35:01 INFO [DevilSquare - 2] Moving Players Out
2023-03-29_16:35:01 INFO [DevilSquare - 2] Clearing Monsters
2023-03-29_16:35:01 INFO [DevilSquare - 2] DevilSquare::SetState_None
2023-03-29_16:35:01 INFO [DevilSquare - 3] Moving Players Out
2023-03-29_16:35:01 INFO [DevilSquare - 3] Clearing Monsters
2023-03-29_16:35:01 INFO [DevilSquare - 3] DevilSquare::SetState_None
2023-03-29_16:35:02 INFO [DevilSquare - 4] Moving Players Out
2023-03-29_16:35:02 INFO [DevilSquare - 4] Clearing Monsters
2023-03-29_16:35:02 INFO [DevilSquare - 4] DevilSquare::SetState_None
2023-03-29_16:35:02 INFO [DevilSquare - 5] Moving Players Out
2023-03-29_16:35:02 INFO [DevilSquare - 5] Clearing Monsters
2023-03-29_16:35:02 INFO [DevilSquare - 5] DevilSquare::SetState_None
2023-03-29_16:35:02 INFO [DevilSquare - 6] Moving Players Out
2023-03-29_16:35:02 INFO [DevilSquare - 6] Clearing Monsters
2023-03-29_16:35:02 INFO [DevilSquare - 6] DevilSquare::SetState_None
2023-03-29_16:35:02 INFO [DevilSquare - 7] Moving Players Out
2023-03-29_16:35:02 INFO [DevilSquare - 7] Clearing Monsters
2023-03-29_16:35:02 INFO [DevilSquare - 7] DevilSquare::SetState_None
2023-03-29_16:35:02 INFO [DevilSquareMgr] SetState_None()
2023-03-29_17:30:00 INFO [DevilSquare - 1] DevilSquare::SetState_Open
2023-03-29_17:30:00 INFO [DevilSquare - 2] DevilSquare::SetState_Open
2023-03-29_17:30:00 INFO [DevilSquare - 3] DevilSquare::SetState_Open
2023-03-29_17:30:00 INFO [DevilSquare - 4] DevilSquare::SetState_Open
2023-03-29_17:30:00 INFO [DevilSquare - 5] DevilSquare::SetState_Open
2023-03-29_17:30:00 INFO [DevilSquare - 6] DevilSquare::SetState_Open
2023-03-29_17:30:00 INFO [DevilSquare - 7] DevilSquare::SetState_Open
2023-03-29_17:30:00 INFO [DevilSquareMgr] SetState_Open()
2023-03-29_17:35:00 INFO [DevilSquare - 1] DevilSquare::SetState_StandBy
2023-03-29_17:35:00 INFO [DevilSquare - 2] DevilSquare::SetState_StandBy
2023-03-29_17:35:00 INFO [DevilSquare - 3] DevilSquare::SetState_StandBy
2023-03-29_17:35:00 INFO [DevilSquare - 4] DevilSquare::SetState_StandBy
2023-03-29_17:35:00 INFO [DevilSquare - 5] DevilSquare::SetState_StandBy
2023-03-29_17:35:00 INFO [DevilSquare - 6] DevilSquare::SetState_StandBy
2023-03-29_17:35:00 INFO [DevilSquare - 7] DevilSquare::SetState_StandBy
2023-03-29_17:35:00 INFO [DevilSquareMgr] SetState_Playing()
2023-03-29_17:35:01 INFO [DevilSquare - 1] Moving Players Out
2023-03-29_17:35:01 INFO [DevilSquare - 1] Clearing Monsters
2023-03-29_17:35:01 INFO [DevilSquare - 1] DevilSquare::SetState_None
2023-03-29_17:35:01 INFO [DevilSquare - 2] Moving Players Out
2023-03-29_17:35:01 INFO [DevilSquare - 2] Clearing Monsters
2023-03-29_17:35:01 INFO [DevilSquare - 2] DevilSquare::SetState_None
2023-03-29_17:35:01 INFO [DevilSquare - 3] Moving Players Out
2023-03-29_17:35:01 INFO [DevilSquare - 3] Clearing Monsters
2023-03-29_17:35:01 INFO [DevilSquare - 3] DevilSquare::SetState_None
2023-03-29_17:35:01 INFO [DevilSquare - 4] Moving Players Out
2023-03-29_17:35:01 INFO [DevilSquare - 4] Clearing Monsters
2023-03-29_17:35:01 INFO [DevilSquare - 4] DevilSquare::SetState_None
2023-03-29_17:35:01 INFO [DevilSquare - 5] Moving Players Out
2023-03-29_17:35:01 INFO [DevilSquare - 5] Clearing Monsters
2023-03-29_17:35:01 INFO [DevilSquare - 5] DevilSquare::SetState_None
2023-03-29_17:35:01 INFO [DevilSquare - 6] Moving Players Out
2023-03-29_17:35:01 INFO [DevilSquare - 6] Clearing Monsters
2023-03-29_17:35:01 INFO [DevilSquare - 6] DevilSquare::SetState_None
2023-03-29_17:35:02 INFO [DevilSquare - 7] Moving Players Out
2023-03-29_17:35:02 INFO [DevilSquare - 7] Clearing Monsters
2023-03-29_17:35:02 INFO [DevilSquare - 7] DevilSquare::SetState_None
2023-03-29_17:35:02 INFO [DevilSquareMgr] SetState_None()
2023-03-29_18:30:00 INFO [DevilSquare - 1] DevilSquare::SetState_Open
2023-03-29_18:30:00 INFO [DevilSquare - 2] DevilSquare::SetState_Open
2023-03-29_18:30:00 INFO [DevilSquare - 3] DevilSquare::SetState_Open
2023-03-29_18:30:00 INFO [DevilSquare - 4] DevilSquare::SetState_Open
2023-03-29_18:30:00 INFO [DevilSquare - 5] DevilSquare::SetState_Open
2023-03-29_18:30:01 INFO [DevilSquare - 6] DevilSquare::SetState_Open
2023-03-29_18:30:01 INFO [DevilSquare - 7] DevilSquare::SetState_Open
2023-03-29_18:30:01 INFO [DevilSquareMgr] SetState_Open()
2023-03-29_18:35:01 INFO [DevilSquare - 1] DevilSquare::SetState_StandBy
2023-03-29_18:35:01 INFO [DevilSquare - 2] DevilSquare::SetState_StandBy
2023-03-29_18:35:01 INFO [DevilSquare - 3] DevilSquare::SetState_StandBy
2023-03-29_18:35:01 INFO [DevilSquare - 4] DevilSquare::SetState_StandBy
2023-03-29_18:35:01 INFO [DevilSquare - 5] DevilSquare::SetState_StandBy
2023-03-29_18:35:01 INFO [DevilSquare - 6] DevilSquare::SetState_StandBy
2023-03-29_18:35:01 INFO [DevilSquare - 7] DevilSquare::SetState_StandBy
2023-03-29_18:35:01 INFO [DevilSquareMgr] SetState_Playing()
2023-03-29_18:35:01 INFO [DevilSquare - 1] Moving Players Out
2023-03-29_18:35:01 INFO [DevilSquare - 1] Clearing Monsters
2023-03-29_18:35:01 INFO [DevilSquare - 1] DevilSquare::SetState_None
2023-03-29_18:35:01 INFO [DevilSquare - 2] Moving Players Out
2023-03-29_18:35:01 INFO [DevilSquare - 2] Clearing Monsters
2023-03-29_18:35:01 INFO [DevilSquare - 2] DevilSquare::SetState_None
2023-03-29_18:35:01 INFO [DevilSquare - 3] Moving Players Out
2023-03-29_18:35:01 INFO [DevilSquare - 3] Clearing Monsters
2023-03-29_18:35:02 INFO [DevilSquare - 3] DevilSquare::SetState_None
2023-03-29_18:35:02 INFO [DevilSquare - 4] Moving Players Out
2023-03-29_18:35:02 INFO [DevilSquare - 4] Clearing Monsters
2023-03-29_18:35:02 INFO [DevilSquare - 4] DevilSquare::SetState_None
2023-03-29_18:35:02 INFO [DevilSquare - 5] Moving Players Out
2023-03-29_18:35:02 INFO [DevilSquare - 5] Clearing Monsters
2023-03-29_18:35:02 INFO [DevilSquare - 5] DevilSquare::SetState_None
2023-03-29_18:35:02 INFO [DevilSquare - 6] Moving Players Out
2023-03-29_18:35:02 INFO [DevilSquare - 6] Clearing Monsters
2023-03-29_18:35:02 INFO [DevilSquare - 6] DevilSquare::SetState_None
2023-03-29_18:35:02 INFO [DevilSquare - 7] Moving Players Out
2023-03-29_18:35:02 INFO [DevilSquare - 7] Clearing Monsters
2023-03-29_18:35:02 INFO [DevilSquare - 7] DevilSquare::SetState_None
2023-03-29_18:35:02 INFO [DevilSquareMgr] SetState_None()
2023-03-29_19:30:00 INFO [DevilSquare - 1] DevilSquare::SetState_Open
2023-03-29_19:30:00 INFO [DevilSquare - 2] DevilSquare::SetState_Open
2023-03-29_19:30:00 INFO [DevilSquare - 3] DevilSquare::SetState_Open
2023-03-29_19:30:00 INFO [DevilSquare - 4] DevilSquare::SetState_Open
2023-03-29_19:30:00 INFO [DevilSquare - 5] DevilSquare::SetState_Open
2023-03-29_19:30:00 INFO [DevilSquare - 6] DevilSquare::SetState_Open
2023-03-29_19:30:00 INFO [DevilSquare - 7] DevilSquare::SetState_Open
2023-03-29_19:30:00 INFO [DevilSquareMgr] SetState_Open()
2023-03-29_19:35:00 INFO [DevilSquare - 1] DevilSquare::SetState_StandBy
2023-03-29_19:35:01 INFO [DevilSquare - 2] DevilSquare::SetState_StandBy
2023-03-29_19:35:01 INFO [DevilSquare - 3] DevilSquare::SetState_StandBy
2023-03-29_19:35:01 INFO [DevilSquare - 4] DevilSquare::SetState_StandBy
2023-03-29_19:35:01 INFO [DevilSquare - 5] DevilSquare::SetState_StandBy
2023-03-29_19:35:01 INFO [DevilSquare - 6] DevilSquare::SetState_StandBy
2023-03-29_19:35:01 INFO [DevilSquare - 7] DevilSquare::SetState_StandBy
2023-03-29_19:35:01 INFO [DevilSquareMgr] SetState_Playing()
2023-03-29_19:35:01 INFO [DevilSquare - 1] Moving Players Out
2023-03-29_19:35:01 INFO [DevilSquare - 1] Clearing Monsters
2023-03-29_19:35:01 INFO [DevilSquare - 1] DevilSquare::SetState_None
2023-03-29_19:35:01 INFO [DevilSquare - 2] Moving Players Out
2023-03-29_19:35:01 INFO [DevilSquare - 2] Clearing Monsters
2023-03-29_19:35:01 INFO [DevilSquare - 2] DevilSquare::SetState_None
2023-03-29_19:35:02 INFO [DevilSquare - 3] Moving Players Out
2023-03-29_19:35:02 INFO [DevilSquare - 3] Clearing Monsters
2023-03-29_19:35:02 INFO [DevilSquare - 3] DevilSquare::SetState_None
2023-03-29_19:35:02 INFO [DevilSquare - 4] Moving Players Out
2023-03-29_19:35:02 INFO [DevilSquare - 4] Clearing Monsters
2023-03-29_19:35:02 INFO [DevilSquare - 4] DevilSquare::SetState_None
2023-03-29_19:35:02 INFO [DevilSquare - 5] Moving Players Out
2023-03-29_19:35:02 INFO [DevilSquare - 5] Clearing Monsters
2023-03-29_19:35:02 INFO [DevilSquare - 5] DevilSquare::SetState_None
2023-03-29_19:35:02 INFO [DevilSquare - 6] Moving Players Out
2023-03-29_19:35:02 INFO [DevilSquare - 6] Clearing Monsters
2023-03-29_19:35:02 INFO [DevilSquare - 6] DevilSquare::SetState_None
2023-03-29_19:35:02 INFO [DevilSquare - 7] Moving Players Out
2023-03-29_19:35:02 INFO [DevilSquare - 7] Clearing Monsters
2023-03-29_19:35:02 INFO [DevilSquare - 7] DevilSquare::SetState_None
2023-03-29_19:35:03 INFO [DevilSquareMgr] SetState_None()
2023-03-29_20:30:00 INFO [DevilSquare - 1] DevilSquare::SetState_Open
2023-03-29_20:30:01 INFO [DevilSquare - 2] DevilSquare::SetState_Open
2023-03-29_20:30:01 INFO [DevilSquare - 3] DevilSquare::SetState_Open
2023-03-29_20:30:01 INFO [DevilSquare - 4] DevilSquare::SetState_Open
2023-03-29_20:30:01 INFO [DevilSquare - 5] DevilSquare::SetState_Open
2023-03-29_20:30:01 INFO [DevilSquare - 6] DevilSquare::SetState_Open
2023-03-29_20:30:01 INFO [DevilSquare - 7] DevilSquare::SetState_Open
2023-03-29_20:30:01 INFO [DevilSquareMgr] SetState_Open()
2023-03-29_20:35:01 INFO [DevilSquare - 1] DevilSquare::SetState_StandBy
2023-03-29_20:35:01 INFO [DevilSquare - 2] DevilSquare::SetState_StandBy
2023-03-29_20:35:01 INFO [DevilSquare - 3] DevilSquare::SetState_StandBy
2023-03-29_20:35:01 INFO [DevilSquare - 4] DevilSquare::SetState_StandBy
2023-03-29_20:35:01 INFO [DevilSquare - 5] DevilSquare::SetState_StandBy
2023-03-29_20:35:01 INFO [DevilSquare - 6] DevilSquare::SetState_StandBy
2023-03-29_20:35:01 INFO [DevilSquare - 7] DevilSquare::SetState_StandBy
2023-03-29_20:35:02 INFO [DevilSquareMgr] SetState_Playing()
2023-03-29_20:35:02 INFO [DevilSquare - 1] Moving Players Out
2023-03-29_20:35:02 INFO [DevilSquare - 1] Clearing Monsters
2023-03-29_20:35:02 INFO [DevilSquare - 1] DevilSquare::SetState_None
2023-03-29_20:35:02 INFO [DevilSquare - 2] Moving Players Out
2023-03-29_20:35:02 INFO [DevilSquare - 2] Clearing Monsters
2023-03-29_20:35:02 INFO [DevilSquare - 2] DevilSquare::SetState_None
2023-03-29_20:35:02 INFO [DevilSquare - 3] Moving Players Out
2023-03-29_20:35:02 INFO [DevilSquare - 3] Clearing Monsters
2023-03-29_20:35:02 INFO [DevilSquare - 3] DevilSquare::SetState_None
2023-03-29_20:35:02 INFO [DevilSquare - 4] Moving Players Out
2023-03-29_20:35:02 INFO [DevilSquare - 4] Clearing Monsters
2023-03-29_20:35:03 INFO [DevilSquare - 4] DevilSquare::SetState_None
2023-03-29_20:35:03 INFO [DevilSquare - 5] Moving Players Out
2023-03-29_20:35:03 INFO [DevilSquare - 5] Clearing Monsters
2023-03-29_20:35:03 INFO [DevilSquare - 5] DevilSquare::SetState_None
2023-03-29_20:35:03 INFO [DevilSquare - 6] Moving Players Out
2023-03-29_20:35:03 INFO [DevilSquare - 6] Clearing Monsters
2023-03-29_20:35:03 INFO [DevilSquare - 6] DevilSquare::SetState_None
2023-03-29_20:35:03 INFO [DevilSquare - 7] Moving Players Out
2023-03-29_20:35:03 INFO [DevilSquare - 7] Clearing Monsters
2023-03-29_20:35:03 INFO [DevilSquare - 7] DevilSquare::SetState_None
2023-03-29_20:35:03 INFO [DevilSquareMgr] SetState_None()
2023-03-29_21:30:00 INFO [DevilSquare - 1] DevilSquare::SetState_Open
2023-03-29_21:30:00 INFO [DevilSquare - 2] DevilSquare::SetState_Open
2023-03-29_21:30:00 INFO [DevilSquare - 3] DevilSquare::SetState_Open
2023-03-29_21:30:01 INFO [DevilSquare - 4] DevilSquare::SetState_Open
2023-03-29_21:30:01 INFO [DevilSquare - 5] DevilSquare::SetState_Open
2023-03-29_21:30:01 INFO [DevilSquare - 6] DevilSquare::SetState_Open
2023-03-29_21:30:01 INFO [DevilSquare - 7] DevilSquare::SetState_Open
2023-03-29_21:30:01 INFO [DevilSquareMgr] SetState_Open()
2023-03-29_21:35:01 INFO [DevilSquare - 1] DevilSquare::SetState_StandBy
2023-03-29_21:35:01 INFO [DevilSquare - 2] DevilSquare::SetState_StandBy
2023-03-29_21:35:01 INFO [DevilSquare - 3] DevilSquare::SetState_StandBy
2023-03-29_21:35:01 INFO [DevilSquare - 4] DevilSquare::SetState_StandBy
2023-03-29_21:35:01 INFO [DevilSquare - 5] DevilSquare::SetState_StandBy
2023-03-29_21:35:01 INFO [DevilSquare - 6] DevilSquare::SetState_StandBy
2023-03-29_21:35:01 INFO [DevilSquare - 7] DevilSquare::SetState_StandBy
2023-03-29_21:35:01 INFO [DevilSquareMgr] SetState_Playing()
2023-03-29_21:35:01 INFO [DevilSquare - 1] Moving Players Out
2023-03-29_21:35:02 INFO [DevilSquare - 1] Clearing Monsters
2023-03-29_21:35:02 INFO [DevilSquare - 1] DevilSquare::SetState_None
2023-03-29_21:35:02 INFO [DevilSquare - 2] Moving Players Out
2023-03-29_21:35:02 INFO [DevilSquare - 2] Clearing Monsters
2023-03-29_21:35:02 INFO [DevilSquare - 2] DevilSquare::SetState_None
2023-03-29_21:35:02 INFO [DevilSquare - 3] Moving Players Out
2023-03-29_21:35:02 INFO [DevilSquare - 3] Clearing Monsters
2023-03-29_21:35:02 INFO [DevilSquare - 3] DevilSquare::SetState_None
2023-03-29_21:35:02 INFO [DevilSquare - 4] Moving Players Out
2023-03-29_21:35:02 INFO [DevilSquare - 4] Clearing Monsters
2023-03-29_21:35:02 INFO [DevilSquare - 4] DevilSquare::SetState_None
2023-03-29_21:35:02 INFO [DevilSquare - 5] Moving Players Out
2023-03-29_21:35:02 INFO [DevilSquare - 5] Clearing Monsters
2023-03-29_21:35:03 INFO [DevilSquare - 5] DevilSquare::SetState_None
2023-03-29_21:35:03 INFO [DevilSquare - 6] Moving Players Out
2023-03-29_21:35:03 INFO [DevilSquare - 6] Clearing Monsters
2023-03-29_21:35:03 INFO [DevilSquare - 6] DevilSquare::SetState_None
2023-03-29_21:35:03 INFO [DevilSquare - 7] Moving Players Out
2023-03-29_21:35:03 INFO [DevilSquare - 7] Clearing Monsters
2023-03-29_21:35:03 INFO [DevilSquare - 7] DevilSquare::SetState_None
2023-03-29_21:35:03 INFO [DevilSquareMgr] SetState_None()
2023-03-29_22:30:00 INFO [DevilSquare - 1] DevilSquare::SetState_Open
2023-03-29_22:30:00 INFO [DevilSquare - 2] DevilSquare::SetState_Open
2023-03-29_22:30:00 INFO [DevilSquare - 3] DevilSquare::SetState_Open
2023-03-29_22:30:00 INFO [DevilSquare - 4] DevilSquare::SetState_Open
2023-03-29_22:30:00 INFO [DevilSquare - 5] DevilSquare::SetState_Open
2023-03-29_22:30:01 INFO [DevilSquare - 6] DevilSquare::SetState_Open
2023-03-29_22:30:01 INFO [DevilSquare - 7] DevilSquare::SetState_Open
2023-03-29_22:30:01 INFO [DevilSquareMgr] SetState_Open()
2023-03-29_22:35:01 INFO [DevilSquare - 1] DevilSquare::SetState_StandBy
2023-03-29_22:35:01 INFO [DevilSquare - 2] DevilSquare::SetState_StandBy
2023-03-29_22:35:01 INFO [DevilSquare - 3] DevilSquare::SetState_StandBy
2023-03-29_22:35:01 INFO [DevilSquare - 4] DevilSquare::SetState_StandBy
2023-03-29_22:35:01 INFO [DevilSquare - 5] DevilSquare::SetState_StandBy
2023-03-29_22:35:01 INFO [DevilSquare - 6] DevilSquare::SetState_StandBy
2023-03-29_22:35:01 INFO [DevilSquare - 7] DevilSquare::SetState_StandBy
2023-03-29_22:35:01 INFO [DevilSquareMgr] SetState_Playing()
2023-03-29_22:35:01 INFO [DevilSquare - 1] Moving Players Out
2023-03-29_22:35:02 INFO [DevilSquare - 1] Clearing Monsters
2023-03-29_22:35:02 INFO [DevilSquare - 1] DevilSquare::SetState_None
2023-03-29_22:35:02 INFO [DevilSquare - 2] Moving Players Out
2023-03-29_22:35:02 INFO [DevilSquare - 2] Clearing Monsters
2023-03-29_22:35:02 INFO [DevilSquare - 2] DevilSquare::SetState_None
2023-03-29_22:35:02 INFO [DevilSquare - 3] Moving Players Out
2023-03-29_22:35:02 INFO [DevilSquare - 3] Clearing Monsters
2023-03-29_22:35:02 INFO [DevilSquare - 3] DevilSquare::SetState_None
2023-03-29_22:35:02 INFO [DevilSquare - 4] Moving Players Out
2023-03-29_22:35:02 INFO [DevilSquare - 4] Clearing Monsters
2023-03-29_22:35:03 INFO [DevilSquare - 4] DevilSquare::SetState_None
2023-03-29_22:35:03 INFO [DevilSquare - 5] Moving Players Out
2023-03-29_22:35:03 INFO [DevilSquare - 5] Clearing Monsters
2023-03-29_22:35:03 INFO [DevilSquare - 5] DevilSquare::SetState_None
2023-03-29_22:35:03 INFO [DevilSquare - 6] Moving Players Out
2023-03-29_22:35:03 INFO [DevilSquare - 6] Clearing Monsters
2023-03-29_22:35:03 INFO [DevilSquare - 6] DevilSquare::SetState_None
2023-03-29_22:35:03 INFO [DevilSquare - 7] Moving Players Out
2023-03-29_22:35:03 INFO [DevilSquare - 7] Clearing Monsters
2023-03-29_22:35:03 INFO [DevilSquare - 7] DevilSquare::SetState_None
2023-03-29_22:35:03 INFO [DevilSquareMgr] SetState_None()
2023-03-29_23:30:00 INFO [DevilSquare - 1] DevilSquare::SetState_Open
2023-03-29_23:30:00 INFO [DevilSquare - 2] DevilSquare::SetState_Open
2023-03-29_23:30:00 INFO [DevilSquare - 3] DevilSquare::SetState_Open
2023-03-29_23:30:00 INFO [DevilSquare - 4] DevilSquare::SetState_Open
2023-03-29_23:30:00 INFO [DevilSquare - 5] DevilSquare::SetState_Open
2023-03-29_23:30:00 INFO [DevilSquare - 6] DevilSquare::SetState_Open
2023-03-29_23:30:01 INFO [DevilSquare - 7] DevilSquare::SetState_Open
2023-03-29_23:30:01 INFO [DevilSquareMgr] SetState_Open()
2023-03-29_23:35:01 INFO [DevilSquare - 1] DevilSquare::SetState_StandBy
2023-03-29_23:35:01 INFO [DevilSquare - 2] DevilSquare::SetState_StandBy
2023-03-29_23:35:01 INFO [DevilSquare - 3] DevilSquare::SetState_StandBy
2023-03-29_23:35:01 INFO [DevilSquare - 4] DevilSquare::SetState_StandBy
2023-03-29_23:35:01 INFO [DevilSquare - 5] DevilSquare::SetState_StandBy
2023-03-29_23:35:01 INFO [DevilSquare - 6] DevilSquare::SetState_StandBy
2023-03-29_23:35:01 INFO [DevilSquare - 7] DevilSquare::SetState_StandBy
2023-03-29_23:35:01 INFO [DevilSquareMgr] SetState_Playing()
2023-03-29_23:35:01 INFO [DevilSquare - 1] Moving Players Out
2023-03-29_23:35:01 INFO [DevilSquare - 1] Clearing Monsters
2023-03-29_23:35:01 INFO [DevilSquare - 1] DevilSquare::SetState_None
2023-03-29_23:35:02 INFO [DevilSquare - 2] Moving Players Out
2023-03-29_23:35:02 INFO [DevilSquare - 2] Clearing Monsters
2023-03-29_23:35:02 INFO [DevilSquare - 2] DevilSquare::SetState_None
2023-03-29_23:35:02 INFO [DevilSquare - 3] Moving Players Out
2023-03-29_23:35:02 INFO [DevilSquare - 3] Clearing Monsters
2023-03-29_23:35:02 INFO [DevilSquare - 3] DevilSquare::SetState_None
2023-03-29_23:35:02 INFO [DevilSquare - 4] Moving Players Out
2023-03-29_23:35:02 INFO [DevilSquare - 4] Clearing Monsters
2023-03-29_23:35:02 INFO [DevilSquare - 4] DevilSquare::SetState_None
2023-03-29_23:35:02 INFO [DevilSquare - 5] Moving Players Out
2023-03-29_23:35:02 INFO [DevilSquare - 5] Clearing Monsters
2023-03-29_23:35:03 INFO [DevilSquare - 5] DevilSquare::SetState_None
2023-03-29_23:35:03 INFO [DevilSquare - 6] Moving Players Out
2023-03-29_23:35:03 INFO [DevilSquare - 6] Clearing Monsters
2023-03-29_23:35:03 INFO [DevilSquare - 6] DevilSquare::SetState_None
2023-03-29_23:35:03 INFO [DevilSquare - 7] Moving Players Out
2023-03-29_23:35:03 INFO [DevilSquare - 7] Clearing Monsters
2023-03-29_23:35:03 INFO [DevilSquare - 7] DevilSquare::SetState_None
2023-03-29_23:35:04 INFO [DevilSquareMgr] SetState_None()
