2023-03-31_00:30:00 INFO [DevilSquare - 1] DevilSquare::SetState_Open
2023-03-31_00:30:00 INFO [DevilSquare - 2] DevilSquare::SetState_Open
2023-03-31_00:30:00 INFO [DevilSquare - 3] DevilSquare::SetState_Open
2023-03-31_00:30:00 INFO [DevilSquare - 4] DevilSquare::SetState_Open
2023-03-31_00:30:00 INFO [DevilSquare - 5] DevilSquare::SetState_Open
2023-03-31_00:30:00 INFO [DevilSquare - 6] DevilSquare::SetState_Open
2023-03-31_00:30:01 INFO [DevilSquare - 7] DevilSquare::SetState_Open
2023-03-31_00:30:01 INFO [DevilSquareMgr] SetState_Open()
2023-03-31_00:35:01 INFO [DevilSquare - 1] DevilSquare::SetState_StandBy
2023-03-31_00:35:01 INFO [DevilSquare - 2] DevilSquare::SetState_StandBy
2023-03-31_00:35:01 INFO [DevilSquare - 3] DevilSquare::SetState_StandBy
2023-03-31_00:35:01 INFO [DevilSquare - 4] DevilSquare::SetState_StandBy
2023-03-31_00:35:01 INFO [DevilSquare - 5] DevilSquare::SetState_StandBy
2023-03-31_00:35:01 INFO [DevilSquare - 6] DevilSquare::SetState_StandBy
2023-03-31_00:35:01 INFO [DevilSquare - 7] DevilSquare::SetState_StandBy
2023-03-31_00:35:01 INFO [DevilSquareMgr] SetState_Playing()
2023-03-31_00:35:01 INFO [DevilSquare - 1] Moving Players Out
2023-03-31_00:35:01 INFO [DevilSquare - 1] Clearing Monsters
2023-03-31_00:35:01 INFO [DevilSquare - 1] DevilSquare::SetState_None
2023-03-31_00:35:01 INFO [DevilSquare - 2] Moving Players Out
2023-03-31_00:35:01 INFO [DevilSquare - 2] Clearing Monsters
2023-03-31_00:35:02 INFO [DevilSquare - 2] DevilSquare::SetState_None
2023-03-31_00:35:02 INFO [DevilSquare - 3] Moving Players Out
2023-03-31_00:35:02 INFO [DevilSquare - 3] Clearing Monsters
2023-03-31_00:35:02 INFO [DevilSquare - 3] DevilSquare::SetState_None
2023-03-31_00:35:02 INFO [DevilSquare - 4] Moving Players Out
2023-03-31_00:35:02 INFO [DevilSquare - 4] Clearing Monsters
2023-03-31_00:35:02 INFO [DevilSquare - 4] DevilSquare::SetState_None
2023-03-31_00:35:02 INFO [DevilSquare - 5] Moving Players Out
2023-03-31_00:35:02 INFO [DevilSquare - 5] Clearing Monsters
2023-03-31_00:35:02 INFO [DevilSquare - 5] DevilSquare::SetState_None
2023-03-31_00:35:02 INFO [DevilSquare - 6] Moving Players Out
2023-03-31_00:35:02 INFO [DevilSquare - 6] Clearing Monsters
2023-03-31_00:35:02 INFO [DevilSquare - 6] DevilSquare::SetState_None
2023-03-31_00:35:02 INFO [DevilSquare - 7] Moving Players Out
2023-03-31_00:35:03 INFO [DevilSquare - 7] Clearing Monsters
2023-03-31_00:35:03 INFO [DevilSquare - 7] DevilSquare::SetState_None
2023-03-31_00:35:03 INFO [DevilSquareMgr] SetState_None()
2023-03-31_01:30:00 INFO [DevilSquare - 1] DevilSquare::SetState_Open
2023-03-31_01:30:00 INFO [DevilSquare - 2] DevilSquare::SetState_Open
2023-03-31_01:30:01 INFO [DevilSquare - 3] DevilSquare::SetState_Open
2023-03-31_01:30:01 INFO [DevilSquare - 4] DevilSquare::SetState_Open
2023-03-31_01:30:01 INFO [DevilSquare - 5] DevilSquare::SetState_Open
2023-03-31_01:30:01 INFO [DevilSquare - 6] DevilSquare::SetState_Open
2023-03-31_01:30:01 INFO [DevilSquare - 7] DevilSquare::SetState_Open
2023-03-31_01:30:01 INFO [DevilSquareMgr] SetState_Open()
2023-03-31_01:35:01 INFO [DevilSquare - 1] DevilSquare::SetState_StandBy
2023-03-31_01:35:01 INFO [DevilSquare - 2] DevilSquare::SetState_StandBy
2023-03-31_01:35:01 INFO [DevilSquare - 3] DevilSquare::SetState_StandBy
2023-03-31_01:35:01 INFO [DevilSquare - 4] DevilSquare::SetState_StandBy
2023-03-31_01:35:01 INFO [DevilSquare - 5] DevilSquare::SetState_StandBy
2023-03-31_01:35:01 INFO [DevilSquare - 6] DevilSquare::SetState_StandBy
2023-03-31_01:35:01 INFO [DevilSquare - 7] DevilSquare::SetState_StandBy
2023-03-31_01:35:01 INFO [DevilSquareMgr] SetState_Playing()
2023-03-31_01:35:01 INFO [DevilSquare - 1] Moving Players Out
2023-03-31_01:35:02 INFO [DevilSquare - 1] Clearing Monsters
2023-03-31_01:35:02 INFO [DevilSquare - 1] DevilSquare::SetState_None
2023-03-31_01:35:02 INFO [DevilSquare - 2] Moving Players Out
2023-03-31_01:35:02 INFO [DevilSquare - 2] Clearing Monsters
2023-03-31_01:35:02 INFO [DevilSquare - 2] DevilSquare::SetState_None
2023-03-31_01:35:02 INFO [DevilSquare - 3] Moving Players Out
2023-03-31_01:35:02 INFO [DevilSquare - 3] Clearing Monsters
2023-03-31_01:35:02 INFO [DevilSquare - 3] DevilSquare::SetState_None
2023-03-31_01:35:02 INFO [DevilSquare - 4] Moving Players Out
2023-03-31_01:35:02 INFO [DevilSquare - 4] Clearing Monsters
2023-03-31_01:35:02 INFO [DevilSquare - 4] DevilSquare::SetState_None
2023-03-31_01:35:02 INFO [DevilSquare - 5] Moving Players Out
2023-03-31_01:35:02 INFO [DevilSquare - 5] Clearing Monsters
2023-03-31_01:35:03 INFO [DevilSquare - 5] DevilSquare::SetState_None
2023-03-31_01:35:03 INFO [DevilSquare - 6] Moving Players Out
2023-03-31_01:35:03 INFO [DevilSquare - 6] Clearing Monsters
2023-03-31_01:35:03 INFO [DevilSquare - 6] DevilSquare::SetState_None
2023-03-31_01:35:03 INFO [DevilSquare - 7] Moving Players Out
2023-03-31_01:35:03 INFO [DevilSquare - 7] Clearing Monsters
2023-03-31_01:35:03 INFO [DevilSquare - 7] DevilSquare::SetState_None
2023-03-31_01:35:03 INFO [DevilSquareMgr] SetState_None()
2023-03-31_02:30:00 INFO [DevilSquare - 1] DevilSquare::SetState_Open
2023-03-31_02:30:00 INFO [DevilSquare - 2] DevilSquare::SetState_Open
2023-03-31_02:30:00 INFO [DevilSquare - 3] DevilSquare::SetState_Open
2023-03-31_02:30:00 INFO [DevilSquare - 4] DevilSquare::SetState_Open
2023-03-31_02:30:00 INFO [DevilSquare - 5] DevilSquare::SetState_Open
2023-03-31_02:30:01 INFO [DevilSquare - 6] DevilSquare::SetState_Open
2023-03-31_02:30:01 INFO [DevilSquare - 7] DevilSquare::SetState_Open
2023-03-31_02:30:01 INFO [DevilSquareMgr] SetState_Open()
2023-03-31_02:35:01 INFO [DevilSquare - 1] DevilSquare::SetState_StandBy
2023-03-31_02:35:01 INFO [DevilSquare - 2] DevilSquare::SetState_StandBy
2023-03-31_02:35:01 INFO [DevilSquare - 3] DevilSquare::SetState_StandBy
2023-03-31_02:35:01 INFO [DevilSquare - 4] DevilSquare::SetState_StandBy
2023-03-31_02:35:01 INFO [DevilSquare - 5] DevilSquare::SetState_StandBy
2023-03-31_02:35:01 INFO [DevilSquare - 6] DevilSquare::SetState_StandBy
2023-03-31_02:35:02 INFO [DevilSquare - 7] DevilSquare::SetState_StandBy
2023-03-31_02:35:02 INFO [DevilSquareMgr] SetState_Playing()
2023-03-31_02:35:02 INFO [DevilSquare - 1] Moving Players Out
2023-03-31_02:35:02 INFO [DevilSquare - 1] Clearing Monsters
2023-03-31_02:35:02 INFO [DevilSquare - 1] DevilSquare::SetState_None
2023-03-31_02:35:02 INFO [DevilSquare - 2] Moving Players Out
2023-03-31_02:35:02 INFO [DevilSquare - 2] Clearing Monsters
2023-03-31_02:35:02 INFO [DevilSquare - 2] DevilSquare::SetState_None
2023-03-31_02:35:02 INFO [DevilSquare - 3] Moving Players Out
2023-03-31_02:35:02 INFO [DevilSquare - 3] Clearing Monsters
2023-03-31_02:35:02 INFO [DevilSquare - 3] DevilSquare::SetState_None
2023-03-31_02:35:03 INFO [DevilSquare - 4] Moving Players Out
2023-03-31_02:35:03 INFO [DevilSquare - 4] Clearing Monsters
2023-03-31_02:35:03 INFO [DevilSquare - 4] DevilSquare::SetState_None
2023-03-31_02:35:03 INFO [DevilSquare - 5] Moving Players Out
2023-03-31_02:35:04 INFO [DevilSquare - 5] Clearing Monsters
2023-03-31_02:35:04 INFO [DevilSquare - 5] DevilSquare::SetState_None
2023-03-31_02:35:04 INFO [DevilSquare - 6] Moving Players Out
2023-03-31_02:35:04 INFO [DevilSquare - 6] Clearing Monsters
2023-03-31_02:35:04 INFO [DevilSquare - 6] DevilSquare::SetState_None
2023-03-31_02:35:04 INFO [DevilSquare - 7] Moving Players Out
2023-03-31_02:35:04 INFO [DevilSquare - 7] Clearing Monsters
2023-03-31_02:35:04 INFO [DevilSquare - 7] DevilSquare::SetState_None
2023-03-31_02:35:04 INFO [DevilSquareMgr] SetState_None()
2023-03-31_03:30:00 INFO [DevilSquare - 1] DevilSquare::SetState_Open
2023-03-31_03:30:00 INFO [DevilSquare - 2] DevilSquare::SetState_Open
2023-03-31_03:30:01 INFO [DevilSquare - 3] DevilSquare::SetState_Open
2023-03-31_03:30:01 INFO [DevilSquare - 4] DevilSquare::SetState_Open
2023-03-31_03:30:01 INFO [DevilSquare - 5] DevilSquare::SetState_Open
2023-03-31_03:30:01 INFO [DevilSquare - 6] DevilSquare::SetState_Open
2023-03-31_03:30:01 INFO [DevilSquare - 7] DevilSquare::SetState_Open
2023-03-31_03:30:01 INFO [DevilSquareMgr] SetState_Open()
2023-03-31_03:35:01 INFO [DevilSquare - 1] DevilSquare::SetState_StandBy
2023-03-31_03:35:01 INFO [DevilSquare - 2] DevilSquare::SetState_StandBy
2023-03-31_03:35:01 INFO [DevilSquare - 3] DevilSquare::SetState_StandBy
2023-03-31_03:35:01 INFO [DevilSquare - 4] DevilSquare::SetState_StandBy
2023-03-31_03:35:01 INFO [DevilSquare - 5] DevilSquare::SetState_StandBy
2023-03-31_03:35:01 INFO [DevilSquare - 6] DevilSquare::SetState_StandBy
2023-03-31_03:35:02 INFO [DevilSquare - 7] DevilSquare::SetState_StandBy
2023-03-31_03:35:02 INFO [DevilSquareMgr] SetState_Playing()
2023-03-31_03:35:02 INFO [DevilSquare - 1] Moving Players Out
2023-03-31_03:35:02 INFO [DevilSquare - 1] Clearing Monsters
2023-03-31_03:35:02 INFO [DevilSquare - 1] DevilSquare::SetState_None
2023-03-31_03:35:02 INFO [DevilSquare - 2] Moving Players Out
2023-03-31_03:35:02 INFO [DevilSquare - 2] Clearing Monsters
2023-03-31_03:35:02 INFO [DevilSquare - 2] DevilSquare::SetState_None
2023-03-31_03:35:02 INFO [DevilSquare - 3] Moving Players Out
2023-03-31_03:35:02 INFO [DevilSquare - 3] Clearing Monsters
2023-03-31_03:35:02 INFO [DevilSquare - 3] DevilSquare::SetState_None
2023-03-31_03:35:03 INFO [DevilSquare - 4] Moving Players Out
2023-03-31_03:35:03 INFO [DevilSquare - 4] Clearing Monsters
2023-03-31_03:35:03 INFO [DevilSquare - 4] DevilSquare::SetState_None
2023-03-31_03:35:03 INFO [DevilSquare - 5] Moving Players Out
2023-03-31_03:35:03 INFO [DevilSquare - 5] Clearing Monsters
2023-03-31_03:35:03 INFO [DevilSquare - 5] DevilSquare::SetState_None
2023-03-31_03:35:03 INFO [DevilSquare - 6] Moving Players Out
2023-03-31_03:35:03 INFO [DevilSquare - 6] Clearing Monsters
2023-03-31_03:35:03 INFO [DevilSquare - 6] DevilSquare::SetState_None
2023-03-31_03:35:03 INFO [DevilSquare - 7] Moving Players Out
2023-03-31_03:35:03 INFO [DevilSquare - 7] Clearing Monsters
2023-03-31_03:35:03 INFO [DevilSquare - 7] DevilSquare::SetState_None
2023-03-31_03:35:04 INFO [DevilSquareMgr] SetState_None()
2023-03-31_04:30:00 INFO [DevilSquare - 1] DevilSquare::SetState_Open
2023-03-31_04:30:01 INFO [DevilSquare - 2] DevilSquare::SetState_Open
2023-03-31_04:30:01 INFO [DevilSquare - 3] DevilSquare::SetState_Open
2023-03-31_04:30:01 INFO [DevilSquare - 4] DevilSquare::SetState_Open
2023-03-31_04:30:01 INFO [DevilSquare - 5] DevilSquare::SetState_Open
2023-03-31_04:30:01 INFO [DevilSquare - 6] DevilSquare::SetState_Open
2023-03-31_04:30:01 INFO [DevilSquare - 7] DevilSquare::SetState_Open
2023-03-31_04:30:01 INFO [DevilSquareMgr] SetState_Open()
2023-03-31_04:35:01 INFO [DevilSquare - 1] DevilSquare::SetState_StandBy
2023-03-31_04:35:01 INFO [DevilSquare - 2] DevilSquare::SetState_StandBy
2023-03-31_04:35:01 INFO [DevilSquare - 3] DevilSquare::SetState_StandBy
2023-03-31_04:35:01 INFO [DevilSquare - 4] DevilSquare::SetState_StandBy
2023-03-31_04:35:01 INFO [DevilSquare - 5] DevilSquare::SetState_StandBy
2023-03-31_04:35:02 INFO [DevilSquare - 6] DevilSquare::SetState_StandBy
2023-03-31_04:35:02 INFO [DevilSquare - 7] DevilSquare::SetState_StandBy
2023-03-31_04:35:02 INFO [DevilSquareMgr] SetState_Playing()
2023-03-31_04:35:02 INFO [DevilSquare - 1] Moving Players Out
2023-03-31_04:35:02 INFO [DevilSquare - 1] Clearing Monsters
2023-03-31_04:35:02 INFO [DevilSquare - 1] DevilSquare::SetState_None
2023-03-31_04:35:02 INFO [DevilSquare - 2] Moving Players Out
2023-03-31_04:35:02 INFO [DevilSquare - 2] Clearing Monsters
2023-03-31_04:35:02 INFO [DevilSquare - 2] DevilSquare::SetState_None
2023-03-31_04:35:02 INFO [DevilSquare - 3] Moving Players Out
2023-03-31_04:35:02 INFO [DevilSquare - 3] Clearing Monsters
2023-03-31_04:35:02 INFO [DevilSquare - 3] DevilSquare::SetState_None
2023-03-31_04:35:03 INFO [DevilSquare - 4] Moving Players Out
2023-03-31_04:35:03 INFO [DevilSquare - 4] Clearing Monsters
2023-03-31_04:35:03 INFO [DevilSquare - 4] DevilSquare::SetState_None
2023-03-31_04:35:03 INFO [DevilSquare - 5] Moving Players Out
2023-03-31_04:35:03 INFO [DevilSquare - 5] Clearing Monsters
2023-03-31_04:35:03 INFO [DevilSquare - 5] DevilSquare::SetState_None
2023-03-31_04:35:03 INFO [DevilSquare - 6] Moving Players Out
2023-03-31_04:35:03 INFO [DevilSquare - 6] Clearing Monsters
2023-03-31_04:35:03 INFO [DevilSquare - 6] DevilSquare::SetState_None
2023-03-31_04:35:03 INFO [DevilSquare - 7] Moving Players Out
2023-03-31_04:35:03 INFO [DevilSquare - 7] Clearing Monsters
2023-03-31_04:35:03 INFO [DevilSquare - 7] DevilSquare::SetState_None
2023-03-31_04:35:04 INFO [DevilSquareMgr] SetState_None()
2023-03-31_05:30:00 INFO [DevilSquare - 1] DevilSquare::SetState_Open
2023-03-31_05:30:00 INFO [DevilSquare - 2] DevilSquare::SetState_Open
2023-03-31_05:30:01 INFO [DevilSquare - 3] DevilSquare::SetState_Open
2023-03-31_05:30:01 INFO [DevilSquare - 4] DevilSquare::SetState_Open
2023-03-31_05:30:01 INFO [DevilSquare - 5] DevilSquare::SetState_Open
2023-03-31_05:30:01 INFO [DevilSquare - 6] DevilSquare::SetState_Open
2023-03-31_05:30:01 INFO [DevilSquare - 7] DevilSquare::SetState_Open
2023-03-31_05:30:01 INFO [DevilSquareMgr] SetState_Open()
2023-03-31_05:35:01 INFO [DevilSquare - 1] DevilSquare::SetState_StandBy
2023-03-31_05:35:01 INFO [DevilSquare - 2] DevilSquare::SetState_StandBy
2023-03-31_05:35:01 INFO [DevilSquare - 3] DevilSquare::SetState_StandBy
2023-03-31_05:35:01 INFO [DevilSquare - 4] DevilSquare::SetState_StandBy
2023-03-31_05:35:01 INFO [DevilSquare - 5] DevilSquare::SetState_StandBy
2023-03-31_05:35:01 INFO [DevilSquare - 6] DevilSquare::SetState_StandBy
2023-03-31_05:35:02 INFO [DevilSquare - 7] DevilSquare::SetState_StandBy
2023-03-31_05:35:02 INFO [DevilSquareMgr] SetState_Playing()
2023-03-31_05:35:02 INFO [DevilSquare - 1] Moving Players Out
2023-03-31_05:35:02 INFO [DevilSquare - 1] Clearing Monsters
2023-03-31_05:35:02 INFO [DevilSquare - 1] DevilSquare::SetState_None
2023-03-31_05:35:02 INFO [DevilSquare - 2] Moving Players Out
2023-03-31_05:35:02 INFO [DevilSquare - 2] Clearing Monsters
2023-03-31_05:35:02 INFO [DevilSquare - 2] DevilSquare::SetState_None
2023-03-31_05:35:02 INFO [DevilSquare - 3] Moving Players Out
2023-03-31_05:35:03 INFO [DevilSquare - 3] Clearing Monsters
2023-03-31_05:35:03 INFO [DevilSquare - 3] DevilSquare::SetState_None
2023-03-31_05:35:03 INFO [DevilSquare - 4] Moving Players Out
2023-03-31_05:35:03 INFO [DevilSquare - 4] Clearing Monsters
2023-03-31_05:35:03 INFO [DevilSquare - 4] DevilSquare::SetState_None
2023-03-31_05:35:03 INFO [DevilSquare - 5] Moving Players Out
2023-03-31_05:35:03 INFO [DevilSquare - 5] Clearing Monsters
2023-03-31_05:35:03 INFO [DevilSquare - 5] DevilSquare::SetState_None
2023-03-31_05:35:03 INFO [DevilSquare - 6] Moving Players Out
2023-03-31_05:35:04 INFO [DevilSquare - 6] Clearing Monsters
2023-03-31_05:35:04 INFO [DevilSquare - 6] DevilSquare::SetState_None
2023-03-31_05:35:04 INFO [DevilSquare - 7] Moving Players Out
2023-03-31_05:35:04 INFO [DevilSquare - 7] Clearing Monsters
2023-03-31_05:35:04 INFO [DevilSquare - 7] DevilSquare::SetState_None
2023-03-31_05:35:04 INFO [DevilSquareMgr] SetState_None()
2023-03-31_06:30:01 INFO [DevilSquare - 1] DevilSquare::SetState_Open
2023-03-31_06:30:01 INFO [DevilSquare - 2] DevilSquare::SetState_Open
2023-03-31_06:30:01 INFO [DevilSquare - 3] DevilSquare::SetState_Open
2023-03-31_06:30:01 INFO [DevilSquare - 4] DevilSquare::SetState_Open
2023-03-31_06:30:01 INFO [DevilSquare - 5] DevilSquare::SetState_Open
2023-03-31_06:30:01 INFO [DevilSquare - 6] DevilSquare::SetState_Open
2023-03-31_06:30:01 INFO [DevilSquare - 7] DevilSquare::SetState_Open
2023-03-31_06:30:02 INFO [DevilSquareMgr] SetState_Open()
2023-03-31_06:35:02 INFO [DevilSquare - 1] DevilSquare::SetState_StandBy
2023-03-31_06:35:02 INFO [DevilSquare - 2] DevilSquare::SetState_StandBy
2023-03-31_06:35:02 INFO [DevilSquare - 3] DevilSquare::SetState_StandBy
2023-03-31_06:35:02 INFO [DevilSquare - 4] DevilSquare::SetState_StandBy
2023-03-31_06:35:02 INFO [DevilSquare - 5] DevilSquare::SetState_StandBy
2023-03-31_06:35:02 INFO [DevilSquare - 6] DevilSquare::SetState_StandBy
2023-03-31_06:35:02 INFO [DevilSquare - 7] DevilSquare::SetState_StandBy
2023-03-31_06:35:02 INFO [DevilSquareMgr] SetState_Playing()
2023-03-31_06:35:02 INFO [DevilSquare - 1] Moving Players Out
2023-03-31_06:35:03 INFO [DevilSquare - 1] Clearing Monsters
2023-03-31_06:35:03 INFO [DevilSquare - 1] DevilSquare::SetState_None
2023-03-31_06:35:03 INFO [DevilSquare - 2] Moving Players Out
2023-03-31_06:35:03 INFO [DevilSquare - 2] Clearing Monsters
2023-03-31_06:35:03 INFO [DevilSquare - 2] DevilSquare::SetState_None
2023-03-31_06:35:03 INFO [DevilSquare - 3] Moving Players Out
2023-03-31_06:35:03 INFO [DevilSquare - 3] Clearing Monsters
2023-03-31_06:35:03 INFO [DevilSquare - 3] DevilSquare::SetState_None
2023-03-31_06:35:03 INFO [DevilSquare - 4] Moving Players Out
2023-03-31_06:35:03 INFO [DevilSquare - 4] Clearing Monsters
2023-03-31_06:35:04 INFO [DevilSquare - 4] DevilSquare::SetState_None
2023-03-31_06:35:04 INFO [DevilSquare - 5] Moving Players Out
2023-03-31_06:35:04 INFO [DevilSquare - 5] Clearing Monsters
2023-03-31_06:35:04 INFO [DevilSquare - 5] DevilSquare::SetState_None
2023-03-31_06:35:04 INFO [DevilSquare - 6] Moving Players Out
2023-03-31_06:35:04 INFO [DevilSquare - 6] Clearing Monsters
2023-03-31_06:35:04 INFO [DevilSquare - 6] DevilSquare::SetState_None
2023-03-31_06:35:04 INFO [DevilSquare - 7] Moving Players Out
2023-03-31_06:35:04 INFO [DevilSquare - 7] Clearing Monsters
2023-03-31_06:35:05 INFO [DevilSquare - 7] DevilSquare::SetState_None
2023-03-31_06:35:05 INFO [DevilSquareMgr] SetState_None()
2023-03-31_07:30:00 INFO [DevilSquare - 1] DevilSquare::SetState_Open
2023-03-31_07:30:00 INFO [DevilSquare - 2] DevilSquare::SetState_Open
2023-03-31_07:30:00 INFO [DevilSquare - 3] DevilSquare::SetState_Open
2023-03-31_07:30:00 INFO [DevilSquare - 4] DevilSquare::SetState_Open
2023-03-31_07:30:00 INFO [DevilSquare - 5] DevilSquare::SetState_Open
2023-03-31_07:30:00 INFO [DevilSquare - 6] DevilSquare::SetState_Open
2023-03-31_07:30:00 INFO [DevilSquare - 7] DevilSquare::SetState_Open
2023-03-31_07:30:00 INFO [DevilSquareMgr] SetState_Open()
2023-03-31_07:35:00 INFO [DevilSquare - 1] DevilSquare::SetState_StandBy
2023-03-31_07:35:00 INFO [DevilSquare - 2] DevilSquare::SetState_StandBy
2023-03-31_07:35:00 INFO [DevilSquare - 3] DevilSquare::SetState_StandBy
2023-03-31_07:35:00 INFO [DevilSquare - 4] DevilSquare::SetState_StandBy
2023-03-31_07:35:00 INFO [DevilSquare - 5] DevilSquare::SetState_StandBy
2023-03-31_07:35:00 INFO [DevilSquare - 6] DevilSquare::SetState_StandBy
2023-03-31_07:35:00 INFO [DevilSquare - 7] DevilSquare::SetState_StandBy
2023-03-31_07:35:00 INFO [DevilSquareMgr] SetState_Playing()
2023-03-31_07:35:00 INFO [DevilSquare - 1] Moving Players Out
2023-03-31_07:35:00 INFO [DevilSquare - 1] Clearing Monsters
2023-03-31_07:35:00 INFO [DevilSquare - 1] DevilSquare::SetState_None
2023-03-31_07:35:00 INFO [DevilSquare - 2] Moving Players Out
2023-03-31_07:35:00 INFO [DevilSquare - 2] Clearing Monsters
2023-03-31_07:35:00 INFO [DevilSquare - 2] DevilSquare::SetState_None
2023-03-31_07:35:00 INFO [DevilSquare - 3] Moving Players Out
2023-03-31_07:35:00 INFO [DevilSquare - 3] Clearing Monsters
2023-03-31_07:35:00 INFO [DevilSquare - 3] DevilSquare::SetState_None
2023-03-31_07:35:00 INFO [DevilSquare - 4] Moving Players Out
2023-03-31_07:35:00 INFO [DevilSquare - 4] Clearing Monsters
2023-03-31_07:35:00 INFO [DevilSquare - 4] DevilSquare::SetState_None
2023-03-31_07:35:00 INFO [DevilSquare - 5] Moving Players Out
2023-03-31_07:35:00 INFO [DevilSquare - 5] Clearing Monsters
2023-03-31_07:35:00 INFO [DevilSquare - 5] DevilSquare::SetState_None
2023-03-31_07:35:00 INFO [DevilSquare - 6] Moving Players Out
2023-03-31_07:35:00 INFO [DevilSquare - 6] Clearing Monsters
2023-03-31_07:35:00 INFO [DevilSquare - 6] DevilSquare::SetState_None
2023-03-31_07:35:00 INFO [DevilSquare - 7] Moving Players Out
2023-03-31_07:35:00 INFO [DevilSquare - 7] Clearing Monsters
2023-03-31_07:35:00 INFO [DevilSquare - 7] DevilSquare::SetState_None
2023-03-31_07:35:00 INFO [DevilSquareMgr] SetState_None()
2023-03-31_08:30:00 INFO [DevilSquare - 1] DevilSquare::SetState_Open
2023-03-31_08:30:00 INFO [DevilSquare - 2] DevilSquare::SetState_Open
2023-03-31_08:30:00 INFO [DevilSquare - 3] DevilSquare::SetState_Open
2023-03-31_08:30:00 INFO [DevilSquare - 4] DevilSquare::SetState_Open
2023-03-31_08:30:00 INFO [DevilSquare - 5] DevilSquare::SetState_Open
2023-03-31_08:30:00 INFO [DevilSquare - 6] DevilSquare::SetState_Open
2023-03-31_08:30:00 INFO [DevilSquare - 7] DevilSquare::SetState_Open
2023-03-31_08:30:00 INFO [DevilSquareMgr] SetState_Open()
2023-03-31_08:35:00 INFO [DevilSquare - 1] DevilSquare::SetState_StandBy
2023-03-31_08:35:00 INFO [DevilSquare - 2] DevilSquare::SetState_StandBy
2023-03-31_08:35:00 INFO [DevilSquare - 3] DevilSquare::SetState_StandBy
2023-03-31_08:35:00 INFO [DevilSquare - 4] DevilSquare::SetState_StandBy
2023-03-31_08:35:00 INFO [DevilSquare - 5] DevilSquare::SetState_StandBy
2023-03-31_08:35:00 INFO [DevilSquare - 6] DevilSquare::SetState_StandBy
2023-03-31_08:35:00 INFO [DevilSquare - 7] DevilSquare::SetState_StandBy
2023-03-31_08:35:01 INFO [DevilSquareMgr] SetState_Playing()
2023-03-31_08:35:01 INFO [DevilSquare - 1] Moving Players Out
2023-03-31_08:35:01 INFO [DevilSquare - 1] Clearing Monsters
2023-03-31_08:35:01 INFO [DevilSquare - 1] DevilSquare::SetState_None
2023-03-31_08:35:01 INFO [DevilSquare - 2] Moving Players Out
2023-03-31_08:35:01 INFO [DevilSquare - 2] Clearing Monsters
2023-03-31_08:35:01 INFO [DevilSquare - 2] DevilSquare::SetState_None
2023-03-31_08:35:01 INFO [DevilSquare - 3] Moving Players Out
2023-03-31_08:35:01 INFO [DevilSquare - 3] Clearing Monsters
2023-03-31_08:35:01 INFO [DevilSquare - 3] DevilSquare::SetState_None
2023-03-31_08:35:01 INFO [DevilSquare - 4] Moving Players Out
2023-03-31_08:35:01 INFO [DevilSquare - 4] Clearing Monsters
2023-03-31_08:35:01 INFO [DevilSquare - 4] DevilSquare::SetState_None
2023-03-31_08:35:01 INFO [DevilSquare - 5] Moving Players Out
2023-03-31_08:35:01 INFO [DevilSquare - 5] Clearing Monsters
2023-03-31_08:35:01 INFO [DevilSquare - 5] DevilSquare::SetState_None
2023-03-31_08:35:01 INFO [DevilSquare - 6] Moving Players Out
2023-03-31_08:35:01 INFO [DevilSquare - 6] Clearing Monsters
2023-03-31_08:35:01 INFO [DevilSquare - 6] DevilSquare::SetState_None
2023-03-31_08:35:01 INFO [DevilSquare - 7] Moving Players Out
2023-03-31_08:35:01 INFO [DevilSquare - 7] Clearing Monsters
2023-03-31_08:35:01 INFO [DevilSquare - 7] DevilSquare::SetState_None
2023-03-31_08:35:01 INFO [DevilSquareMgr] SetState_None()
2023-03-31_09:30:00 INFO [DevilSquare - 1] DevilSquare::SetState_Open
2023-03-31_09:30:00 INFO [DevilSquare - 2] DevilSquare::SetState_Open
2023-03-31_09:30:00 INFO [DevilSquare - 3] DevilSquare::SetState_Open
2023-03-31_09:30:00 INFO [DevilSquare - 4] DevilSquare::SetState_Open
2023-03-31_09:30:00 INFO [DevilSquare - 5] DevilSquare::SetState_Open
2023-03-31_09:30:00 INFO [DevilSquare - 6] DevilSquare::SetState_Open
2023-03-31_09:30:00 INFO [DevilSquare - 7] DevilSquare::SetState_Open
2023-03-31_09:30:00 INFO [DevilSquareMgr] SetState_Open()
2023-03-31_09:35:00 INFO [DevilSquare - 1] DevilSquare::SetState_StandBy
2023-03-31_09:35:00 INFO [DevilSquare - 2] DevilSquare::SetState_StandBy
2023-03-31_09:35:00 INFO [DevilSquare - 3] DevilSquare::SetState_StandBy
2023-03-31_09:35:00 INFO [DevilSquare - 4] DevilSquare::SetState_StandBy
2023-03-31_09:35:00 INFO [DevilSquare - 5] DevilSquare::SetState_StandBy
2023-03-31_09:35:00 INFO [DevilSquare - 6] DevilSquare::SetState_StandBy
2023-03-31_09:35:00 INFO [DevilSquare - 7] DevilSquare::SetState_StandBy
2023-03-31_09:35:00 INFO [DevilSquareMgr] SetState_Playing()
2023-03-31_09:35:00 INFO [DevilSquare - 1] Moving Players Out
2023-03-31_09:35:00 INFO [DevilSquare - 1] Clearing Monsters
2023-03-31_09:35:00 INFO [DevilSquare - 1] DevilSquare::SetState_None
2023-03-31_09:35:00 INFO [DevilSquare - 2] Moving Players Out
2023-03-31_09:35:00 INFO [DevilSquare - 2] Clearing Monsters
2023-03-31_09:35:00 INFO [DevilSquare - 2] DevilSquare::SetState_None
2023-03-31_09:35:00 INFO [DevilSquare - 3] Moving Players Out
2023-03-31_09:35:00 INFO [DevilSquare - 3] Clearing Monsters
2023-03-31_09:35:00 INFO [DevilSquare - 3] DevilSquare::SetState_None
2023-03-31_09:35:00 INFO [DevilSquare - 4] Moving Players Out
2023-03-31_09:35:00 INFO [DevilSquare - 4] Clearing Monsters
2023-03-31_09:35:00 INFO [DevilSquare - 4] DevilSquare::SetState_None
2023-03-31_09:35:00 INFO [DevilSquare - 5] Moving Players Out
2023-03-31_09:35:00 INFO [DevilSquare - 5] Clearing Monsters
2023-03-31_09:35:00 INFO [DevilSquare - 5] DevilSquare::SetState_None
2023-03-31_09:35:00 INFO [DevilSquare - 6] Moving Players Out
2023-03-31_09:35:00 INFO [DevilSquare - 6] Clearing Monsters
2023-03-31_09:35:00 INFO [DevilSquare - 6] DevilSquare::SetState_None
2023-03-31_09:35:00 INFO [DevilSquare - 7] Moving Players Out
2023-03-31_09:35:00 INFO [DevilSquare - 7] Clearing Monsters
2023-03-31_09:35:00 INFO [DevilSquare - 7] DevilSquare::SetState_None
2023-03-31_09:35:01 INFO [DevilSquareMgr] SetState_None()
