2023-03-27_00:30:00 INFO [DevilSquare - 1] DevilSquare::SetState_Open
2023-03-27_00:30:00 INFO [DevilSquare - 2] DevilSquare::SetState_Open
2023-03-27_00:30:00 INFO [DevilSquare - 3] DevilSquare::SetState_Open
2023-03-27_00:30:00 INFO [DevilSquare - 4] DevilSquare::SetState_Open
2023-03-27_00:30:00 INFO [DevilSquare - 5] DevilSquare::SetState_Open
2023-03-27_00:30:00 INFO [DevilSquare - 6] DevilSquare::SetState_Open
2023-03-27_00:30:00 INFO [DevilSquare - 7] DevilSquare::SetState_Open
2023-03-27_00:30:00 INFO [DevilSquareMgr] SetState_Open()
2023-03-27_00:35:00 INFO [DevilSquare - 1] DevilSquare::SetState_StandBy
2023-03-27_00:35:00 INFO [DevilSquare - 2] DevilSquare::SetState_StandBy
2023-03-27_00:35:00 INFO [DevilSquare - 3] DevilSquare::SetState_StandBy
2023-03-27_00:35:00 INFO [DevilSquare - 4] DevilSquare::SetState_StandBy
2023-03-27_00:35:00 INFO [DevilSquare - 5] DevilSquare::SetState_StandBy
2023-03-27_00:35:00 INFO [DevilSquare - 6] DevilSquare::SetState_StandBy
2023-03-27_00:35:01 INFO [DevilSquare - 7] DevilSquare::SetState_StandBy
2023-03-27_00:35:01 INFO [DevilSquareMgr] SetState_Playing()
2023-03-27_00:35:01 INFO [DevilSquare - 1] Moving Players Out
2023-03-27_00:35:01 INFO [DevilSquare - 1] Clearing Monsters
2023-03-27_00:35:01 INFO [DevilSquare - 1] DevilSquare::SetState_None
2023-03-27_00:35:01 INFO [DevilSquare - 2] Moving Players Out
2023-03-27_00:35:01 INFO [DevilSquare - 2] Clearing Monsters
2023-03-27_00:35:01 INFO [DevilSquare - 2] DevilSquare::SetState_None
2023-03-27_00:35:01 INFO [DevilSquare - 3] Moving Players Out
2023-03-27_00:35:01 INFO [DevilSquare - 3] Clearing Monsters
2023-03-27_00:35:01 INFO [DevilSquare - 3] DevilSquare::SetState_None
2023-03-27_00:35:01 INFO [DevilSquare - 4] Moving Players Out
2023-03-27_00:35:01 INFO [DevilSquare - 4] Clearing Monsters
2023-03-27_00:35:01 INFO [DevilSquare - 4] DevilSquare::SetState_None
2023-03-27_00:35:01 INFO [DevilSquare - 5] Moving Players Out
2023-03-27_00:35:01 INFO [DevilSquare - 5] Clearing Monsters
2023-03-27_00:35:01 INFO [DevilSquare - 5] DevilSquare::SetState_None
2023-03-27_00:35:01 INFO [DevilSquare - 6] Moving Players Out
2023-03-27_00:35:02 INFO [DevilSquare - 6] Clearing Monsters
2023-03-27_00:35:02 INFO [DevilSquare - 6] DevilSquare::SetState_None
2023-03-27_00:35:02 INFO [DevilSquare - 7] Moving Players Out
2023-03-27_00:35:02 INFO [DevilSquare - 7] Clearing Monsters
2023-03-27_00:35:02 INFO [DevilSquare - 7] DevilSquare::SetState_None
2023-03-27_00:35:02 INFO [DevilSquareMgr] SetState_None()
2023-03-27_01:30:00 INFO [DevilSquare - 1] DevilSquare::SetState_Open
2023-03-27_01:30:00 INFO [DevilSquare - 2] DevilSquare::SetState_Open
2023-03-27_01:30:00 INFO [DevilSquare - 3] DevilSquare::SetState_Open
2023-03-27_01:30:00 INFO [DevilSquare - 4] DevilSquare::SetState_Open
2023-03-27_01:30:00 INFO [DevilSquare - 5] DevilSquare::SetState_Open
2023-03-27_01:30:00 INFO [DevilSquare - 6] DevilSquare::SetState_Open
2023-03-27_01:30:00 INFO [DevilSquare - 7] DevilSquare::SetState_Open
2023-03-27_01:30:01 INFO [DevilSquareMgr] SetState_Open()
2023-03-27_01:35:01 INFO [DevilSquare - 1] DevilSquare::SetState_StandBy
2023-03-27_01:35:01 INFO [DevilSquare - 2] DevilSquare::SetState_StandBy
2023-03-27_01:35:01 INFO [DevilSquare - 3] DevilSquare::SetState_StandBy
2023-03-27_01:35:01 INFO [DevilSquare - 4] DevilSquare::SetState_StandBy
2023-03-27_01:35:01 INFO [DevilSquare - 5] DevilSquare::SetState_StandBy
2023-03-27_01:35:01 INFO [DevilSquare - 6] DevilSquare::SetState_StandBy
2023-03-27_01:35:01 INFO [DevilSquare - 7] DevilSquare::SetState_StandBy
2023-03-27_01:35:01 INFO [DevilSquareMgr] SetState_Playing()
2023-03-27_01:35:01 INFO [DevilSquare - 1] Moving Players Out
2023-03-27_01:35:01 INFO [DevilSquare - 1] Clearing Monsters
2023-03-27_01:35:01 INFO [DevilSquare - 1] DevilSquare::SetState_None
2023-03-27_01:35:01 INFO [DevilSquare - 2] Moving Players Out
2023-03-27_01:35:01 INFO [DevilSquare - 2] Clearing Monsters
2023-03-27_01:35:01 INFO [DevilSquare - 2] DevilSquare::SetState_None
2023-03-27_01:35:01 INFO [DevilSquare - 3] Moving Players Out
2023-03-27_01:35:01 INFO [DevilSquare - 3] Clearing Monsters
2023-03-27_01:35:01 INFO [DevilSquare - 3] DevilSquare::SetState_None
2023-03-27_01:35:02 INFO [DevilSquare - 4] Moving Players Out
2023-03-27_01:35:02 INFO [DevilSquare - 4] Clearing Monsters
2023-03-27_01:35:02 INFO [DevilSquare - 4] DevilSquare::SetState_None
2023-03-27_01:35:02 INFO [DevilSquare - 5] Moving Players Out
2023-03-27_01:35:02 INFO [DevilSquare - 5] Clearing Monsters
2023-03-27_01:35:02 INFO [DevilSquare - 5] DevilSquare::SetState_None
2023-03-27_01:35:02 INFO [DevilSquare - 6] Moving Players Out
2023-03-27_01:35:02 INFO [DevilSquare - 6] Clearing Monsters
2023-03-27_01:35:02 INFO [DevilSquare - 6] DevilSquare::SetState_None
2023-03-27_01:35:02 INFO [DevilSquare - 7] Moving Players Out
2023-03-27_01:35:02 INFO [DevilSquare - 7] Clearing Monsters
2023-03-27_01:35:02 INFO [DevilSquare - 7] DevilSquare::SetState_None
2023-03-27_01:35:02 INFO [DevilSquareMgr] SetState_None()
2023-03-27_02:30:01 INFO [DevilSquare - 1] DevilSquare::SetState_Open
2023-03-27_02:30:01 INFO [DevilSquare - 2] DevilSquare::SetState_Open
2023-03-27_02:30:01 INFO [DevilSquare - 3] DevilSquare::SetState_Open
2023-03-27_02:30:01 INFO [DevilSquare - 4] DevilSquare::SetState_Open
2023-03-27_02:30:01 INFO [DevilSquare - 5] DevilSquare::SetState_Open
2023-03-27_02:30:01 INFO [DevilSquare - 6] DevilSquare::SetState_Open
2023-03-27_02:30:01 INFO [DevilSquare - 7] DevilSquare::SetState_Open
2023-03-27_02:30:01 INFO [DevilSquareMgr] SetState_Open()
2023-03-27_02:35:01 INFO [DevilSquare - 1] DevilSquare::SetState_StandBy
2023-03-27_02:35:01 INFO [DevilSquare - 2] DevilSquare::SetState_StandBy
2023-03-27_02:35:01 INFO [DevilSquare - 3] DevilSquare::SetState_StandBy
2023-03-27_02:35:01 INFO [DevilSquare - 4] DevilSquare::SetState_StandBy
2023-03-27_02:35:01 INFO [DevilSquare - 5] DevilSquare::SetState_StandBy
2023-03-27_02:35:01 INFO [DevilSquare - 6] DevilSquare::SetState_StandBy
2023-03-27_02:35:01 INFO [DevilSquare - 7] DevilSquare::SetState_StandBy
2023-03-27_02:35:01 INFO [DevilSquareMgr] SetState_Playing()
2023-03-27_02:35:01 INFO [DevilSquare - 1] Moving Players Out
2023-03-27_02:35:01 INFO [DevilSquare - 1] Clearing Monsters
2023-03-27_02:35:01 INFO [DevilSquare - 1] DevilSquare::SetState_None
2023-03-27_02:35:01 INFO [DevilSquare - 2] Moving Players Out
2023-03-27_02:35:01 INFO [DevilSquare - 2] Clearing Monsters
2023-03-27_02:35:02 INFO [DevilSquare - 2] DevilSquare::SetState_None
2023-03-27_02:35:02 INFO [DevilSquare - 3] Moving Players Out
2023-03-27_02:35:02 INFO [DevilSquare - 3] Clearing Monsters
2023-03-27_02:35:02 INFO [DevilSquare - 3] DevilSquare::SetState_None
2023-03-27_02:35:02 INFO [DevilSquare - 4] Moving Players Out
2023-03-27_02:35:02 INFO [DevilSquare - 4] Clearing Monsters
2023-03-27_02:35:02 INFO [DevilSquare - 4] DevilSquare::SetState_None
2023-03-27_02:35:02 INFO [DevilSquare - 5] Moving Players Out
2023-03-27_02:35:02 INFO [DevilSquare - 5] Clearing Monsters
2023-03-27_02:35:02 INFO [DevilSquare - 5] DevilSquare::SetState_None
2023-03-27_02:35:02 INFO [DevilSquare - 6] Moving Players Out
2023-03-27_02:35:02 INFO [DevilSquare - 6] Clearing Monsters
2023-03-27_02:35:02 INFO [DevilSquare - 6] DevilSquare::SetState_None
2023-03-27_02:35:02 INFO [DevilSquare - 7] Moving Players Out
2023-03-27_02:35:02 INFO [DevilSquare - 7] Clearing Monsters
2023-03-27_02:35:02 INFO [DevilSquare - 7] DevilSquare::SetState_None
2023-03-27_02:35:02 INFO [DevilSquareMgr] SetState_None()
2023-03-27_03:30:00 INFO [DevilSquare - 1] DevilSquare::SetState_Open
2023-03-27_03:30:01 INFO [DevilSquare - 2] DevilSquare::SetState_Open
2023-03-27_03:30:01 INFO [DevilSquare - 3] DevilSquare::SetState_Open
2023-03-27_03:30:01 INFO [DevilSquare - 4] DevilSquare::SetState_Open
2023-03-27_03:30:01 INFO [DevilSquare - 5] DevilSquare::SetState_Open
2023-03-27_03:30:01 INFO [DevilSquare - 6] DevilSquare::SetState_Open
2023-03-27_03:30:01 INFO [DevilSquare - 7] DevilSquare::SetState_Open
2023-03-27_03:30:01 INFO [DevilSquareMgr] SetState_Open()
2023-03-27_03:35:01 INFO [DevilSquare - 1] DevilSquare::SetState_StandBy
2023-03-27_03:35:01 INFO [DevilSquare - 2] DevilSquare::SetState_StandBy
2023-03-27_03:35:01 INFO [DevilSquare - 3] DevilSquare::SetState_StandBy
2023-03-27_03:35:01 INFO [DevilSquare - 4] DevilSquare::SetState_StandBy
2023-03-27_03:35:01 INFO [DevilSquare - 5] DevilSquare::SetState_StandBy
2023-03-27_03:35:01 INFO [DevilSquare - 6] DevilSquare::SetState_StandBy
2023-03-27_03:35:01 INFO [DevilSquare - 7] DevilSquare::SetState_StandBy
2023-03-27_03:35:01 INFO [DevilSquareMgr] SetState_Playing()
2023-03-27_03:35:01 INFO [DevilSquare - 1] Moving Players Out
2023-03-27_03:35:02 INFO [DevilSquare - 1] Clearing Monsters
2023-03-27_03:35:02 INFO [DevilSquare - 1] DevilSquare::SetState_None
2023-03-27_03:35:02 INFO [DevilSquare - 2] Moving Players Out
2023-03-27_03:35:02 INFO [DevilSquare - 2] Clearing Monsters
2023-03-27_03:35:02 INFO [DevilSquare - 2] DevilSquare::SetState_None
2023-03-27_03:35:02 INFO [DevilSquare - 3] Moving Players Out
2023-03-27_03:35:02 INFO [DevilSquare - 3] Clearing Monsters
2023-03-27_03:35:02 INFO [DevilSquare - 3] DevilSquare::SetState_None
2023-03-27_03:35:02 INFO [DevilSquare - 4] Moving Players Out
2023-03-27_03:35:02 INFO [DevilSquare - 4] Clearing Monsters
2023-03-27_03:35:02 INFO [DevilSquare - 4] DevilSquare::SetState_None
2023-03-27_03:35:02 INFO [DevilSquare - 5] Moving Players Out
2023-03-27_03:35:02 INFO [DevilSquare - 5] Clearing Monsters
2023-03-27_03:35:02 INFO [DevilSquare - 5] DevilSquare::SetState_None
2023-03-27_03:35:03 INFO [DevilSquare - 6] Moving Players Out
2023-03-27_03:35:03 INFO [DevilSquare - 6] Clearing Monsters
2023-03-27_03:35:03 INFO [DevilSquare - 6] DevilSquare::SetState_None
2023-03-27_03:35:03 INFO [DevilSquare - 7] Moving Players Out
2023-03-27_03:35:03 INFO [DevilSquare - 7] Clearing Monsters
2023-03-27_03:35:03 INFO [DevilSquare - 7] DevilSquare::SetState_None
2023-03-27_03:35:03 INFO [DevilSquareMgr] SetState_None()
2023-03-27_04:30:00 INFO [DevilSquare - 1] DevilSquare::SetState_Open
2023-03-27_04:30:00 INFO [DevilSquare - 2] DevilSquare::SetState_Open
2023-03-27_04:30:00 INFO [DevilSquare - 3] DevilSquare::SetState_Open
2023-03-27_04:30:00 INFO [DevilSquare - 4] DevilSquare::SetState_Open
2023-03-27_04:30:00 INFO [DevilSquare - 5] DevilSquare::SetState_Open
2023-03-27_04:30:00 INFO [DevilSquare - 6] DevilSquare::SetState_Open
2023-03-27_04:30:00 INFO [DevilSquare - 7] DevilSquare::SetState_Open
2023-03-27_04:30:00 INFO [DevilSquareMgr] SetState_Open()
2023-03-27_04:35:00 INFO [DevilSquare - 1] DevilSquare::SetState_StandBy
2023-03-27_04:35:01 INFO [DevilSquare - 2] DevilSquare::SetState_StandBy
2023-03-27_04:35:01 INFO [DevilSquare - 3] DevilSquare::SetState_StandBy
2023-03-27_04:35:01 INFO [DevilSquare - 4] DevilSquare::SetState_StandBy
2023-03-27_04:35:01 INFO [DevilSquare - 5] DevilSquare::SetState_StandBy
2023-03-27_04:35:01 INFO [DevilSquare - 6] DevilSquare::SetState_StandBy
2023-03-27_04:35:01 INFO [DevilSquare - 7] DevilSquare::SetState_StandBy
2023-03-27_04:35:01 INFO [DevilSquareMgr] SetState_Playing()
2023-03-27_04:35:01 INFO [DevilSquare - 1] Moving Players Out
2023-03-27_04:35:01 INFO [DevilSquare - 1] Clearing Monsters
2023-03-27_04:35:01 INFO [DevilSquare - 1] DevilSquare::SetState_None
2023-03-27_04:35:01 INFO [DevilSquare - 2] Moving Players Out
2023-03-27_04:35:01 INFO [DevilSquare - 2] Clearing Monsters
2023-03-27_04:35:01 INFO [DevilSquare - 2] DevilSquare::SetState_None
2023-03-27_04:35:01 INFO [DevilSquare - 3] Moving Players Out
2023-03-27_04:35:01 INFO [DevilSquare - 3] Clearing Monsters
2023-03-27_04:35:01 INFO [DevilSquare - 3] DevilSquare::SetState_None
2023-03-27_04:35:02 INFO [DevilSquare - 4] Moving Players Out
2023-03-27_04:35:02 INFO [DevilSquare - 4] Clearing Monsters
2023-03-27_04:35:02 INFO [DevilSquare - 4] DevilSquare::SetState_None
2023-03-27_04:35:02 INFO [DevilSquare - 5] Moving Players Out
2023-03-27_04:35:02 INFO [DevilSquare - 5] Clearing Monsters
2023-03-27_04:35:02 INFO [DevilSquare - 5] DevilSquare::SetState_None
2023-03-27_04:35:02 INFO [DevilSquare - 6] Moving Players Out
2023-03-27_04:35:02 INFO [DevilSquare - 6] Clearing Monsters
2023-03-27_04:35:02 INFO [DevilSquare - 6] DevilSquare::SetState_None
2023-03-27_04:35:02 INFO [DevilSquare - 7] Moving Players Out
2023-03-27_04:35:02 INFO [DevilSquare - 7] Clearing Monsters
2023-03-27_04:35:02 INFO [DevilSquare - 7] DevilSquare::SetState_None
2023-03-27_04:35:02 INFO [DevilSquareMgr] SetState_None()
2023-03-27_05:30:00 INFO [DevilSquare - 1] DevilSquare::SetState_Open
2023-03-27_05:30:00 INFO [DevilSquare - 2] DevilSquare::SetState_Open
2023-03-27_05:30:00 INFO [DevilSquare - 3] DevilSquare::SetState_Open
2023-03-27_05:30:00 INFO [DevilSquare - 4] DevilSquare::SetState_Open
2023-03-27_05:30:01 INFO [DevilSquare - 5] DevilSquare::SetState_Open
2023-03-27_05:30:01 INFO [DevilSquare - 6] DevilSquare::SetState_Open
2023-03-27_05:30:01 INFO [DevilSquare - 7] DevilSquare::SetState_Open
2023-03-27_05:30:01 INFO [DevilSquareMgr] SetState_Open()
2023-03-27_05:35:01 INFO [DevilSquare - 1] DevilSquare::SetState_StandBy
2023-03-27_05:35:01 INFO [DevilSquare - 2] DevilSquare::SetState_StandBy
2023-03-27_05:35:01 INFO [DevilSquare - 3] DevilSquare::SetState_StandBy
2023-03-27_05:35:01 INFO [DevilSquare - 4] DevilSquare::SetState_StandBy
2023-03-27_05:35:01 INFO [DevilSquare - 5] DevilSquare::SetState_StandBy
2023-03-27_05:35:01 INFO [DevilSquare - 6] DevilSquare::SetState_StandBy
2023-03-27_05:35:01 INFO [DevilSquare - 7] DevilSquare::SetState_StandBy
2023-03-27_05:35:01 INFO [DevilSquareMgr] SetState_Playing()
2023-03-27_05:35:01 INFO [DevilSquare - 1] Moving Players Out
2023-03-27_05:35:01 INFO [DevilSquare - 1] Clearing Monsters
2023-03-27_05:35:01 INFO [DevilSquare - 1] DevilSquare::SetState_None
2023-03-27_05:35:01 INFO [DevilSquare - 2] Moving Players Out
2023-03-27_05:35:02 INFO [DevilSquare - 2] Clearing Monsters
2023-03-27_05:35:02 INFO [DevilSquare - 2] DevilSquare::SetState_None
2023-03-27_05:35:02 INFO [DevilSquare - 3] Moving Players Out
2023-03-27_05:35:02 INFO [DevilSquare - 3] Clearing Monsters
2023-03-27_05:35:02 INFO [DevilSquare - 3] DevilSquare::SetState_None
2023-03-27_05:35:02 INFO [DevilSquare - 4] Moving Players Out
2023-03-27_05:35:02 INFO [DevilSquare - 4] Clearing Monsters
2023-03-27_05:35:02 INFO [DevilSquare - 4] DevilSquare::SetState_None
2023-03-27_05:35:02 INFO [DevilSquare - 5] Moving Players Out
2023-03-27_05:35:02 INFO [DevilSquare - 5] Clearing Monsters
2023-03-27_05:35:02 INFO [DevilSquare - 5] DevilSquare::SetState_None
2023-03-27_05:35:02 INFO [DevilSquare - 6] Moving Players Out
2023-03-27_05:35:02 INFO [DevilSquare - 6] Clearing Monsters
2023-03-27_05:35:02 INFO [DevilSquare - 6] DevilSquare::SetState_None
2023-03-27_05:35:02 INFO [DevilSquare - 7] Moving Players Out
2023-03-27_05:35:03 INFO [DevilSquare - 7] Clearing Monsters
2023-03-27_05:35:03 INFO [DevilSquare - 7] DevilSquare::SetState_None
2023-03-27_05:35:03 INFO [DevilSquareMgr] SetState_None()
2023-03-27_06:30:00 INFO [DevilSquare - 1] DevilSquare::SetState_Open
2023-03-27_06:30:01 INFO [DevilSquare - 2] DevilSquare::SetState_Open
2023-03-27_06:30:01 INFO [DevilSquare - 3] DevilSquare::SetState_Open
2023-03-27_06:30:01 INFO [DevilSquare - 4] DevilSquare::SetState_Open
2023-03-27_06:30:01 INFO [DevilSquare - 5] DevilSquare::SetState_Open
2023-03-27_06:30:01 INFO [DevilSquare - 6] DevilSquare::SetState_Open
2023-03-27_06:30:01 INFO [DevilSquare - 7] DevilSquare::SetState_Open
2023-03-27_06:30:01 INFO [DevilSquareMgr] SetState_Open()
2023-03-27_06:35:01 INFO [DevilSquare - 1] DevilSquare::SetState_StandBy
2023-03-27_06:35:01 INFO [DevilSquare - 2] DevilSquare::SetState_StandBy
2023-03-27_06:35:01 INFO [DevilSquare - 3] DevilSquare::SetState_StandBy
2023-03-27_06:35:01 INFO [DevilSquare - 4] DevilSquare::SetState_StandBy
2023-03-27_06:35:01 INFO [DevilSquare - 5] DevilSquare::SetState_StandBy
2023-03-27_06:35:01 INFO [DevilSquare - 6] DevilSquare::SetState_StandBy
2023-03-27_06:35:01 INFO [DevilSquare - 7] DevilSquare::SetState_StandBy
2023-03-27_06:35:01 INFO [DevilSquareMgr] SetState_Playing()
2023-03-27_06:35:01 INFO [DevilSquare - 1] Moving Players Out
2023-03-27_06:35:02 INFO [DevilSquare - 1] Clearing Monsters
2023-03-27_06:35:02 INFO [DevilSquare - 1] DevilSquare::SetState_None
2023-03-27_06:35:02 INFO [DevilSquare - 2] Moving Players Out
2023-03-27_06:35:02 INFO [DevilSquare - 2] Clearing Monsters
2023-03-27_06:35:02 INFO [DevilSquare - 2] DevilSquare::SetState_None
2023-03-27_06:35:02 INFO [DevilSquare - 3] Moving Players Out
2023-03-27_06:35:02 INFO [DevilSquare - 3] Clearing Monsters
2023-03-27_06:35:02 INFO [DevilSquare - 3] DevilSquare::SetState_None
2023-03-27_06:35:02 INFO [DevilSquare - 4] Moving Players Out
2023-03-27_06:35:02 INFO [DevilSquare - 4] Clearing Monsters
2023-03-27_06:35:02 INFO [DevilSquare - 4] DevilSquare::SetState_None
2023-03-27_06:35:02 INFO [DevilSquare - 5] Moving Players Out
2023-03-27_06:35:03 INFO [DevilSquare - 5] Clearing Monsters
2023-03-27_06:35:03 INFO [DevilSquare - 5] DevilSquare::SetState_None
2023-03-27_06:35:03 INFO [DevilSquare - 6] Moving Players Out
2023-03-27_06:35:03 INFO [DevilSquare - 6] Clearing Monsters
2023-03-27_06:35:03 INFO [DevilSquare - 6] DevilSquare::SetState_None
2023-03-27_06:35:03 INFO [DevilSquare - 7] Moving Players Out
2023-03-27_06:35:03 INFO [DevilSquare - 7] Clearing Monsters
2023-03-27_06:35:03 INFO [DevilSquare - 7] DevilSquare::SetState_None
2023-03-27_06:35:03 INFO [DevilSquareMgr] SetState_None()
2023-03-27_07:30:00 INFO [DevilSquare - 1] DevilSquare::SetState_Open
2023-03-27_07:30:00 INFO [DevilSquare - 2] DevilSquare::SetState_Open
2023-03-27_07:30:00 INFO [DevilSquare - 3] DevilSquare::SetState_Open
2023-03-27_07:30:00 INFO [DevilSquare - 4] DevilSquare::SetState_Open
2023-03-27_07:30:00 INFO [DevilSquare - 5] DevilSquare::SetState_Open
2023-03-27_07:30:00 INFO [DevilSquare - 6] DevilSquare::SetState_Open
2023-03-27_07:30:00 INFO [DevilSquare - 7] DevilSquare::SetState_Open
2023-03-27_07:30:00 INFO [DevilSquareMgr] SetState_Open()
2023-03-27_07:35:00 INFO [DevilSquare - 1] DevilSquare::SetState_StandBy
2023-03-27_07:35:00 INFO [DevilSquare - 2] DevilSquare::SetState_StandBy
2023-03-27_07:35:00 INFO [DevilSquare - 3] DevilSquare::SetState_StandBy
2023-03-27_07:35:00 INFO [DevilSquare - 4] DevilSquare::SetState_StandBy
2023-03-27_07:35:00 INFO [DevilSquare - 5] DevilSquare::SetState_StandBy
2023-03-27_07:35:00 INFO [DevilSquare - 6] DevilSquare::SetState_StandBy
2023-03-27_07:35:00 INFO [DevilSquare - 7] DevilSquare::SetState_StandBy
2023-03-27_07:35:01 INFO [DevilSquareMgr] SetState_Playing()
2023-03-27_07:35:01 INFO [DevilSquare - 1] Moving Players Out
2023-03-27_07:35:01 INFO [DevilSquare - 1] Clearing Monsters
2023-03-27_07:35:01 INFO [DevilSquare - 1] DevilSquare::SetState_None
2023-03-27_07:35:01 INFO [DevilSquare - 2] Moving Players Out
2023-03-27_07:35:01 INFO [DevilSquare - 2] Clearing Monsters
2023-03-27_07:35:01 INFO [DevilSquare - 2] DevilSquare::SetState_None
2023-03-27_07:35:01 INFO [DevilSquare - 3] Moving Players Out
2023-03-27_07:35:01 INFO [DevilSquare - 3] Clearing Monsters
2023-03-27_07:35:01 INFO [DevilSquare - 3] DevilSquare::SetState_None
2023-03-27_07:35:01 INFO [DevilSquare - 4] Moving Players Out
2023-03-27_07:35:02 INFO [DevilSquare - 4] Clearing Monsters
2023-03-27_07:35:02 INFO [DevilSquare - 4] DevilSquare::SetState_None
2023-03-27_07:35:02 INFO [DevilSquare - 5] Moving Players Out
2023-03-27_07:35:02 INFO [DevilSquare - 5] Clearing Monsters
2023-03-27_07:35:02 INFO [DevilSquare - 5] DevilSquare::SetState_None
2023-03-27_07:35:02 INFO [DevilSquare - 6] Moving Players Out
2023-03-27_07:35:02 INFO [DevilSquare - 6] Clearing Monsters
2023-03-27_07:35:02 INFO [DevilSquare - 6] DevilSquare::SetState_None
2023-03-27_07:35:02 INFO [DevilSquare - 7] Moving Players Out
2023-03-27_07:35:02 INFO [DevilSquare - 7] Clearing Monsters
2023-03-27_07:35:02 INFO [DevilSquare - 7] DevilSquare::SetState_None
2023-03-27_07:35:03 INFO [DevilSquareMgr] SetState_None()
2023-03-27_08:30:00 INFO [DevilSquare - 1] DevilSquare::SetState_Open
2023-03-27_08:30:00 INFO [DevilSquare - 2] DevilSquare::SetState_Open
2023-03-27_08:30:00 INFO [DevilSquare - 3] DevilSquare::SetState_Open
2023-03-27_08:30:00 INFO [DevilSquare - 4] DevilSquare::SetState_Open
2023-03-27_08:30:00 INFO [DevilSquare - 5] DevilSquare::SetState_Open
2023-03-27_08:30:01 INFO [DevilSquare - 6] DevilSquare::SetState_Open
2023-03-27_08:30:02 INFO [DevilSquare - 7] DevilSquare::SetState_Open
2023-03-27_08:30:02 INFO [DevilSquareMgr] SetState_Open()
2023-03-27_08:35:02 INFO [DevilSquare - 1] DevilSquare::SetState_StandBy
2023-03-27_08:35:02 INFO [DevilSquare - 2] DevilSquare::SetState_StandBy
2023-03-27_08:35:02 INFO [DevilSquare - 3] DevilSquare::SetState_StandBy
2023-03-27_08:35:03 INFO [DevilSquare - 4] DevilSquare::SetState_StandBy
2023-03-27_08:35:03 INFO [DevilSquare - 5] DevilSquare::SetState_StandBy
2023-03-27_08:35:03 INFO [DevilSquare - 6] DevilSquare::SetState_StandBy
2023-03-27_08:35:03 INFO [DevilSquare - 7] DevilSquare::SetState_StandBy
2023-03-27_08:35:03 INFO [DevilSquareMgr] SetState_Playing()
2023-03-27_08:35:03 INFO [DevilSquare - 1] Moving Players Out
2023-03-27_08:35:03 INFO [DevilSquare - 1] Clearing Monsters
2023-03-27_08:35:03 INFO [DevilSquare - 1] DevilSquare::SetState_None
2023-03-27_08:35:03 INFO [DevilSquare - 2] Moving Players Out
2023-03-27_08:35:03 INFO [DevilSquare - 2] Clearing Monsters
2023-03-27_08:35:04 INFO [DevilSquare - 2] DevilSquare::SetState_None
2023-03-27_08:35:04 INFO [DevilSquare - 3] Moving Players Out
2023-03-27_08:35:04 INFO [DevilSquare - 3] Clearing Monsters
2023-03-27_08:35:04 INFO [DevilSquare - 3] DevilSquare::SetState_None
2023-03-27_08:35:04 INFO [DevilSquare - 4] Moving Players Out
2023-03-27_08:35:04 INFO [DevilSquare - 4] Clearing Monsters
2023-03-27_08:35:04 INFO [DevilSquare - 4] DevilSquare::SetState_None
2023-03-27_08:35:04 INFO [DevilSquare - 5] Moving Players Out
2023-03-27_08:35:04 INFO [DevilSquare - 5] Clearing Monsters
2023-03-27_08:35:04 INFO [DevilSquare - 5] DevilSquare::SetState_None
2023-03-27_08:35:04 INFO [DevilSquare - 6] Moving Players Out
2023-03-27_08:35:04 INFO [DevilSquare - 6] Clearing Monsters
2023-03-27_08:35:05 INFO [DevilSquare - 6] DevilSquare::SetState_None
2023-03-27_08:35:05 INFO [DevilSquare - 7] Moving Players Out
2023-03-27_08:35:05 INFO [DevilSquare - 7] Clearing Monsters
2023-03-27_08:35:05 INFO [DevilSquare - 7] DevilSquare::SetState_None
2023-03-27_08:35:05 INFO [DevilSquareMgr] SetState_None()
2023-03-27_09:30:00 INFO [DevilSquare - 1] DevilSquare::SetState_Open
2023-03-27_09:30:00 INFO [DevilSquare - 2] DevilSquare::SetState_Open
2023-03-27_09:30:00 INFO [DevilSquare - 3] DevilSquare::SetState_Open
2023-03-27_09:30:00 INFO [DevilSquare - 4] DevilSquare::SetState_Open
2023-03-27_09:30:00 INFO [DevilSquare - 5] DevilSquare::SetState_Open
2023-03-27_09:30:00 INFO [DevilSquare - 6] DevilSquare::SetState_Open
2023-03-27_09:30:01 INFO [DevilSquare - 7] DevilSquare::SetState_Open
2023-03-27_09:30:01 INFO [DevilSquareMgr] SetState_Open()
2023-03-27_09:35:01 INFO [DevilSquare - 1] DevilSquare::SetState_StandBy
2023-03-27_09:35:01 INFO [DevilSquare - 2] DevilSquare::SetState_StandBy
2023-03-27_09:35:01 INFO [DevilSquare - 3] DevilSquare::SetState_StandBy
2023-03-27_09:35:01 INFO [DevilSquare - 4] DevilSquare::SetState_StandBy
2023-03-27_09:35:02 INFO [DevilSquare - 5] DevilSquare::SetState_StandBy
2023-03-27_09:35:02 INFO [DevilSquare - 6] DevilSquare::SetState_StandBy
2023-03-27_09:35:02 INFO [DevilSquare - 7] DevilSquare::SetState_StandBy
2023-03-27_09:35:02 INFO [DevilSquareMgr] SetState_Playing()
2023-03-27_09:35:02 INFO [DevilSquare - 1] Moving Players Out
2023-03-27_09:35:02 INFO [DevilSquare - 1] Clearing Monsters
2023-03-27_09:35:02 INFO [DevilSquare - 1] DevilSquare::SetState_None
2023-03-27_09:35:03 INFO [DevilSquare - 2] Moving Players Out
2023-03-27_09:35:03 INFO [DevilSquare - 2] Clearing Monsters
2023-03-27_09:35:03 INFO [DevilSquare - 2] DevilSquare::SetState_None
2023-03-27_09:35:03 INFO [DevilSquare - 3] Moving Players Out
2023-03-27_09:35:03 INFO [DevilSquare - 3] Clearing Monsters
2023-03-27_09:35:03 INFO [DevilSquare - 3] DevilSquare::SetState_None
2023-03-27_09:35:03 INFO [DevilSquare - 4] Moving Players Out
2023-03-27_09:35:03 INFO [DevilSquare - 4] Clearing Monsters
2023-03-27_09:35:03 INFO [DevilSquare - 4] DevilSquare::SetState_None
2023-03-27_09:35:03 INFO [DevilSquare - 5] Moving Players Out
2023-03-27_09:35:04 INFO [DevilSquare - 5] Clearing Monsters
2023-03-27_09:35:04 INFO [DevilSquare - 5] DevilSquare::SetState_None
2023-03-27_09:35:04 INFO [DevilSquare - 6] Moving Players Out
2023-03-27_09:35:04 INFO [DevilSquare - 6] Clearing Monsters
2023-03-27_09:35:04 INFO [DevilSquare - 6] DevilSquare::SetState_None
2023-03-27_09:35:04 INFO [DevilSquare - 7] Moving Players Out
2023-03-27_09:35:04 INFO [DevilSquare - 7] Clearing Monsters
2023-03-27_09:35:04 INFO [DevilSquare - 7] DevilSquare::SetState_None
2023-03-27_09:35:05 INFO [DevilSquareMgr] SetState_None()
2023-03-27_10:30:00 INFO [DevilSquare - 1] DevilSquare::SetState_Open
2023-03-27_10:30:00 INFO [DevilSquare - 2] DevilSquare::SetState_Open
2023-03-27_10:30:00 INFO [DevilSquare - 3] DevilSquare::SetState_Open
2023-03-27_10:30:00 INFO [DevilSquare - 4] DevilSquare::SetState_Open
2023-03-27_10:30:00 INFO [DevilSquare - 5] DevilSquare::SetState_Open
2023-03-27_10:30:00 INFO [DevilSquare - 6] DevilSquare::SetState_Open
2023-03-27_10:30:00 INFO [DevilSquare - 7] DevilSquare::SetState_Open
2023-03-27_10:30:00 INFO [DevilSquareMgr] SetState_Open()
2023-03-27_10:35:00 INFO [DevilSquare - 1] DevilSquare::SetState_StandBy
2023-03-27_10:35:00 INFO [DevilSquare - 2] DevilSquare::SetState_StandBy
2023-03-27_10:35:00 INFO [DevilSquare - 3] DevilSquare::SetState_StandBy
2023-03-27_10:35:00 INFO [DevilSquare - 4] DevilSquare::SetState_StandBy
2023-03-27_10:35:00 INFO [DevilSquare - 5] DevilSquare::SetState_StandBy
2023-03-27_10:35:00 INFO [DevilSquare - 6] DevilSquare::SetState_StandBy
2023-03-27_10:35:00 INFO [DevilSquare - 7] DevilSquare::SetState_StandBy
2023-03-27_10:35:00 INFO [DevilSquareMgr] SetState_Playing()
2023-03-27_10:35:00 INFO [DevilSquare - 1] Moving Players Out
2023-03-27_10:35:01 INFO [DevilSquare - 1] Clearing Monsters
2023-03-27_10:35:01 INFO [DevilSquare - 1] DevilSquare::SetState_None
2023-03-27_10:35:01 INFO [DevilSquare - 2] Moving Players Out
2023-03-27_10:35:01 INFO [DevilSquare - 2] Clearing Monsters
2023-03-27_10:35:01 INFO [DevilSquare - 2] DevilSquare::SetState_None
2023-03-27_10:35:01 INFO [DevilSquare - 3] Moving Players Out
2023-03-27_10:35:01 INFO [DevilSquare - 3] Clearing Monsters
2023-03-27_10:35:01 INFO [DevilSquare - 3] DevilSquare::SetState_None
2023-03-27_10:35:01 INFO [DevilSquare - 4] Moving Players Out
2023-03-27_10:35:01 INFO [DevilSquare - 4] Clearing Monsters
2023-03-27_10:35:01 INFO [DevilSquare - 4] DevilSquare::SetState_None
2023-03-27_10:35:01 INFO [DevilSquare - 5] Moving Players Out
2023-03-27_10:35:01 INFO [DevilSquare - 5] Clearing Monsters
2023-03-27_10:35:01 INFO [DevilSquare - 5] DevilSquare::SetState_None
2023-03-27_10:35:01 INFO [DevilSquare - 6] Moving Players Out
2023-03-27_10:35:01 INFO [DevilSquare - 6] Clearing Monsters
2023-03-27_10:35:01 INFO [DevilSquare - 6] DevilSquare::SetState_None
2023-03-27_10:35:02 INFO [DevilSquare - 7] Moving Players Out
2023-03-27_10:35:02 INFO [DevilSquare - 7] Clearing Monsters
2023-03-27_10:35:02 INFO [DevilSquare - 7] DevilSquare::SetState_None
2023-03-27_10:35:03 INFO [DevilSquareMgr] SetState_None()
2023-03-27_11:30:01 INFO [DevilSquare - 1] DevilSquare::SetState_Open
2023-03-27_11:30:01 INFO [DevilSquare - 2] DevilSquare::SetState_Open
2023-03-27_11:30:01 INFO [DevilSquare - 3] DevilSquare::SetState_Open
2023-03-27_11:30:01 INFO [DevilSquare - 4] DevilSquare::SetState_Open
2023-03-27_11:30:01 INFO [DevilSquare - 5] DevilSquare::SetState_Open
2023-03-27_11:30:01 INFO [DevilSquare - 6] DevilSquare::SetState_Open
2023-03-27_11:30:01 INFO [DevilSquare - 7] DevilSquare::SetState_Open
2023-03-27_11:30:01 INFO [DevilSquareMgr] SetState_Open()
2023-03-27_11:35:01 INFO [DevilSquare - 1] DevilSquare::SetState_StandBy
2023-03-27_11:35:01 INFO [DevilSquare - 2] DevilSquare::SetState_StandBy
2023-03-27_11:35:01 INFO [DevilSquare - 3] DevilSquare::SetState_StandBy
2023-03-27_11:35:01 INFO [DevilSquare - 4] DevilSquare::SetState_StandBy
2023-03-27_11:35:01 INFO [DevilSquare - 5] DevilSquare::SetState_StandBy
2023-03-27_11:35:01 INFO [DevilSquare - 6] DevilSquare::SetState_StandBy
2023-03-27_11:35:01 INFO [DevilSquare - 7] DevilSquare::SetState_StandBy
2023-03-27_11:35:01 INFO [DevilSquareMgr] SetState_Playing()
2023-03-27_11:35:01 INFO [DevilSquare - 1] Moving Players Out
2023-03-27_11:35:01 INFO [DevilSquare - 1] Clearing Monsters
2023-03-27_11:35:01 INFO [DevilSquare - 1] DevilSquare::SetState_None
2023-03-27_11:35:01 INFO [DevilSquare - 2] Moving Players Out
2023-03-27_11:35:01 INFO [DevilSquare - 2] Clearing Monsters
2023-03-27_11:35:01 INFO [DevilSquare - 2] DevilSquare::SetState_None
2023-03-27_11:35:01 INFO [DevilSquare - 3] Moving Players Out
2023-03-27_11:35:01 INFO [DevilSquare - 3] Clearing Monsters
2023-03-27_11:35:02 INFO [DevilSquare - 3] DevilSquare::SetState_None
2023-03-27_11:35:02 INFO [DevilSquare - 4] Moving Players Out
2023-03-27_11:35:02 INFO [DevilSquare - 4] Clearing Monsters
2023-03-27_11:35:02 INFO [DevilSquare - 4] DevilSquare::SetState_None
2023-03-27_11:35:02 INFO [DevilSquare - 5] Moving Players Out
2023-03-27_11:35:02 INFO [DevilSquare - 5] Clearing Monsters
2023-03-27_11:35:02 INFO [DevilSquare - 5] DevilSquare::SetState_None
2023-03-27_11:35:02 INFO [DevilSquare - 6] Moving Players Out
2023-03-27_11:35:02 INFO [DevilSquare - 6] Clearing Monsters
2023-03-27_11:35:02 INFO [DevilSquare - 6] DevilSquare::SetState_None
2023-03-27_11:35:02 INFO [DevilSquare - 7] Moving Players Out
2023-03-27_11:35:02 INFO [DevilSquare - 7] Clearing Monsters
2023-03-27_11:35:02 INFO [DevilSquare - 7] DevilSquare::SetState_None
2023-03-27_11:35:02 INFO [DevilSquareMgr] SetState_None()
2023-03-27_12:30:00 INFO [DevilSquare - 1] DevilSquare::SetState_Open
2023-03-27_12:30:00 INFO [DevilSquare - 2] DevilSquare::SetState_Open
2023-03-27_12:30:00 INFO [DevilSquare - 3] DevilSquare::SetState_Open
2023-03-27_12:30:01 INFO [DevilSquare - 4] DevilSquare::SetState_Open
2023-03-27_12:30:01 INFO [DevilSquare - 5] DevilSquare::SetState_Open
2023-03-27_12:30:01 INFO [DevilSquare - 6] DevilSquare::SetState_Open
2023-03-27_12:30:01 INFO [DevilSquare - 7] DevilSquare::SetState_Open
2023-03-27_12:30:01 INFO [DevilSquareMgr] SetState_Open()
2023-03-27_12:35:01 INFO [DevilSquare - 1] DevilSquare::SetState_StandBy
2023-03-27_12:35:01 INFO [DevilSquare - 2] DevilSquare::SetState_StandBy
2023-03-27_12:35:01 INFO [DevilSquare - 3] DevilSquare::SetState_StandBy
2023-03-27_12:35:01 INFO [DevilSquare - 4] DevilSquare::SetState_StandBy
2023-03-27_12:35:01 INFO [DevilSquare - 5] DevilSquare::SetState_StandBy
2023-03-27_12:35:01 INFO [DevilSquare - 6] DevilSquare::SetState_StandBy
2023-03-27_12:35:01 INFO [DevilSquare - 7] DevilSquare::SetState_StandBy
2023-03-27_12:35:01 INFO [DevilSquareMgr] SetState_Playing()
2023-03-27_12:35:01 INFO [DevilSquare - 1] Moving Players Out
2023-03-27_12:35:01 INFO [DevilSquare - 1] Clearing Monsters
2023-03-27_12:35:01 INFO [DevilSquare - 1] DevilSquare::SetState_None
2023-03-27_12:35:01 INFO [DevilSquare - 2] Moving Players Out
2023-03-27_12:35:01 INFO [DevilSquare - 2] Clearing Monsters
2023-03-27_12:35:01 INFO [DevilSquare - 2] DevilSquare::SetState_None
2023-03-27_12:35:02 INFO [DevilSquare - 3] Moving Players Out
2023-03-27_12:35:02 INFO [DevilSquare - 3] Clearing Monsters
2023-03-27_12:35:02 INFO [DevilSquare - 3] DevilSquare::SetState_None
2023-03-27_12:35:02 INFO [DevilSquare - 4] Moving Players Out
2023-03-27_12:35:02 INFO [DevilSquare - 4] Clearing Monsters
2023-03-27_12:35:02 INFO [DevilSquare - 4] DevilSquare::SetState_None
2023-03-27_12:35:02 INFO [DevilSquare - 5] Moving Players Out
2023-03-27_12:35:02 INFO [DevilSquare - 5] Clearing Monsters
2023-03-27_12:35:02 INFO [DevilSquare - 5] DevilSquare::SetState_None
2023-03-27_12:35:02 INFO [DevilSquare - 6] Moving Players Out
2023-03-27_12:35:02 INFO [DevilSquare - 6] Clearing Monsters
2023-03-27_12:35:02 INFO [DevilSquare - 6] DevilSquare::SetState_None
2023-03-27_12:35:02 INFO [DevilSquare - 7] Moving Players Out
2023-03-27_12:35:02 INFO [DevilSquare - 7] Clearing Monsters
2023-03-27_12:35:02 INFO [DevilSquare - 7] DevilSquare::SetState_None
2023-03-27_12:35:03 INFO [DevilSquareMgr] SetState_None()
2023-03-27_13:30:00 INFO [DevilSquare - 1] DevilSquare::SetState_Open
2023-03-27_13:30:00 INFO [DevilSquare - 2] DevilSquare::SetState_Open
2023-03-27_13:30:00 INFO [DevilSquare - 3] DevilSquare::SetState_Open
2023-03-27_13:30:00 INFO [DevilSquare - 4] DevilSquare::SetState_Open
2023-03-27_13:30:00 INFO [DevilSquare - 5] DevilSquare::SetState_Open
2023-03-27_13:30:01 INFO [DevilSquare - 6] DevilSquare::SetState_Open
2023-03-27_13:30:01 INFO [DevilSquare - 7] DevilSquare::SetState_Open
2023-03-27_13:30:01 INFO [DevilSquareMgr] SetState_Open()
2023-03-27_13:35:01 INFO [DevilSquare - 1] DevilSquare::SetState_StandBy
2023-03-27_13:35:01 INFO [DevilSquare - 2] DevilSquare::SetState_StandBy
2023-03-27_13:35:01 INFO [DevilSquare - 3] DevilSquare::SetState_StandBy
2023-03-27_13:35:01 INFO [DevilSquare - 4] DevilSquare::SetState_StandBy
2023-03-27_13:35:01 INFO [DevilSquare - 5] DevilSquare::SetState_StandBy
2023-03-27_13:35:01 INFO [DevilSquare - 6] DevilSquare::SetState_StandBy
2023-03-27_13:35:01 INFO [DevilSquare - 7] DevilSquare::SetState_StandBy
2023-03-27_13:35:01 INFO [DevilSquareMgr] SetState_Playing()
2023-03-27_13:35:02 INFO [DevilSquare - 1] Moving Players Out
2023-03-27_13:35:02 INFO [DevilSquare - 1] Clearing Monsters
2023-03-27_13:35:02 INFO [DevilSquare - 1] DevilSquare::SetState_None
2023-03-27_13:35:02 INFO [DevilSquare - 2] Moving Players Out
2023-03-27_13:35:02 INFO [DevilSquare - 2] Clearing Monsters
2023-03-27_13:35:02 INFO [DevilSquare - 2] DevilSquare::SetState_None
2023-03-27_13:35:02 INFO [DevilSquare - 3] Moving Players Out
2023-03-27_13:35:02 INFO [DevilSquare - 3] Clearing Monsters
2023-03-27_13:35:02 INFO [DevilSquare - 3] DevilSquare::SetState_None
2023-03-27_13:35:02 INFO [DevilSquare - 4] Moving Players Out
2023-03-27_13:35:02 INFO [DevilSquare - 4] Clearing Monsters
2023-03-27_13:35:02 INFO [DevilSquare - 4] DevilSquare::SetState_None
2023-03-27_13:35:02 INFO [DevilSquare - 5] Moving Players Out
2023-03-27_13:35:03 INFO [DevilSquare - 5] Clearing Monsters
2023-03-27_13:35:03 INFO [DevilSquare - 5] DevilSquare::SetState_None
2023-03-27_13:35:03 INFO [DevilSquare - 6] Moving Players Out
2023-03-27_13:35:03 INFO [DevilSquare - 6] Clearing Monsters
2023-03-27_13:35:03 INFO [DevilSquare - 6] DevilSquare::SetState_None
2023-03-27_13:35:03 INFO [DevilSquare - 7] Moving Players Out
2023-03-27_13:35:03 INFO [DevilSquare - 7] Clearing Monsters
2023-03-27_13:35:03 INFO [DevilSquare - 7] DevilSquare::SetState_None
2023-03-27_13:35:03 INFO [DevilSquareMgr] SetState_None()
2023-03-27_14:30:00 INFO [DevilSquare - 1] DevilSquare::SetState_Open
2023-03-27_14:30:00 INFO [DevilSquare - 2] DevilSquare::SetState_Open
2023-03-27_14:30:01 INFO [DevilSquare - 3] DevilSquare::SetState_Open
2023-03-27_14:30:01 INFO [DevilSquare - 4] DevilSquare::SetState_Open
2023-03-27_14:30:01 INFO [DevilSquare - 5] DevilSquare::SetState_Open
2023-03-27_14:30:01 INFO [DevilSquare - 6] DevilSquare::SetState_Open
2023-03-27_14:30:01 INFO [DevilSquare - 7] DevilSquare::SetState_Open
2023-03-27_14:30:01 INFO [DevilSquareMgr] SetState_Open()
2023-03-27_14:35:01 INFO [DevilSquare - 1] DevilSquare::SetState_StandBy
2023-03-27_14:35:01 INFO [DevilSquare - 2] DevilSquare::SetState_StandBy
2023-03-27_14:35:01 INFO [DevilSquare - 3] DevilSquare::SetState_StandBy
2023-03-27_14:35:01 INFO [DevilSquare - 4] DevilSquare::SetState_StandBy
2023-03-27_14:35:01 INFO [DevilSquare - 5] DevilSquare::SetState_StandBy
2023-03-27_14:35:01 INFO [DevilSquare - 6] DevilSquare::SetState_StandBy
2023-03-27_14:35:02 INFO [DevilSquare - 7] DevilSquare::SetState_StandBy
2023-03-27_14:35:02 INFO [DevilSquareMgr] SetState_Playing()
2023-03-27_14:35:02 INFO [DevilSquare - 1] Moving Players Out
2023-03-27_14:35:02 INFO [DevilSquare - 1] Clearing Monsters
2023-03-27_14:35:02 INFO [DevilSquare - 1] DevilSquare::SetState_None
2023-03-27_14:35:02 INFO [DevilSquare - 2] Moving Players Out
2023-03-27_14:35:02 INFO [DevilSquare - 2] Clearing Monsters
2023-03-27_14:35:03 INFO [DevilSquare - 2] DevilSquare::SetState_None
2023-03-27_14:35:03 INFO [DevilSquare - 3] Moving Players Out
2023-03-27_14:35:03 INFO [DevilSquare - 3] Clearing Monsters
2023-03-27_14:35:03 INFO [DevilSquare - 3] DevilSquare::SetState_None
2023-03-27_14:35:03 INFO [DevilSquare - 4] Moving Players Out
2023-03-27_14:35:03 INFO [DevilSquare - 4] Clearing Monsters
2023-03-27_14:35:03 INFO [DevilSquare - 4] DevilSquare::SetState_None
2023-03-27_14:35:03 INFO [DevilSquare - 5] Moving Players Out
2023-03-27_14:35:04 INFO [DevilSquare - 5] Clearing Monsters
2023-03-27_14:35:04 INFO [DevilSquare - 5] DevilSquare::SetState_None
2023-03-27_14:35:04 INFO [DevilSquare - 6] Moving Players Out
2023-03-27_14:35:04 INFO [DevilSquare - 6] Clearing Monsters
2023-03-27_14:35:04 INFO [DevilSquare - 6] DevilSquare::SetState_None
2023-03-27_14:35:04 INFO [DevilSquare - 7] Moving Players Out
2023-03-27_14:35:04 INFO [DevilSquare - 7] Clearing Monsters
2023-03-27_14:35:04 INFO [DevilSquare - 7] DevilSquare::SetState_None
2023-03-27_14:35:04 INFO [DevilSquareMgr] SetState_None()
2023-03-27_15:30:01 INFO [DevilSquare - 1] DevilSquare::SetState_Open
2023-03-27_15:30:01 INFO [DevilSquare - 2] DevilSquare::SetState_Open
2023-03-27_15:30:01 INFO [DevilSquare - 3] DevilSquare::SetState_Open
2023-03-27_15:30:01 INFO [DevilSquare - 4] DevilSquare::SetState_Open
2023-03-27_15:30:01 INFO [DevilSquare - 5] DevilSquare::SetState_Open
2023-03-27_15:30:01 INFO [DevilSquare - 6] DevilSquare::SetState_Open
2023-03-27_15:30:02 INFO [DevilSquare - 7] DevilSquare::SetState_Open
2023-03-27_15:30:02 INFO [DevilSquareMgr] SetState_Open()
2023-03-27_15:35:02 INFO [DevilSquare - 1] DevilSquare::SetState_StandBy
2023-03-27_15:35:02 INFO [DevilSquare - 2] DevilSquare::SetState_StandBy
2023-03-27_15:35:02 INFO [DevilSquare - 3] DevilSquare::SetState_StandBy
2023-03-27_15:35:02 INFO [DevilSquare - 4] DevilSquare::SetState_StandBy
2023-03-27_15:35:02 INFO [DevilSquare - 5] DevilSquare::SetState_StandBy
2023-03-27_15:35:02 INFO [DevilSquare - 6] DevilSquare::SetState_StandBy
2023-03-27_15:35:02 INFO [DevilSquare - 7] DevilSquare::SetState_StandBy
2023-03-27_15:35:02 INFO [DevilSquareMgr] SetState_Playing()
2023-03-27_15:35:03 INFO [DevilSquare - 1] Moving Players Out
2023-03-27_15:35:03 INFO [DevilSquare - 1] Clearing Monsters
2023-03-27_15:35:03 INFO [DevilSquare - 1] DevilSquare::SetState_None
2023-03-27_15:35:03 INFO [DevilSquare - 2] Moving Players Out
2023-03-27_15:35:03 INFO [DevilSquare - 2] Clearing Monsters
2023-03-27_15:35:03 INFO [DevilSquare - 2] DevilSquare::SetState_None
2023-03-27_15:35:03 INFO [DevilSquare - 3] Moving Players Out
2023-03-27_15:35:03 INFO [DevilSquare - 3] Clearing Monsters
2023-03-27_15:35:03 INFO [DevilSquare - 3] DevilSquare::SetState_None
2023-03-27_15:35:04 INFO [DevilSquare - 4] Moving Players Out
2023-03-27_15:35:04 INFO [DevilSquare - 4] Clearing Monsters
2023-03-27_15:35:04 INFO [DevilSquare - 4] DevilSquare::SetState_None
2023-03-27_15:35:04 INFO [DevilSquare - 5] Moving Players Out
2023-03-27_15:35:04 INFO [DevilSquare - 5] Clearing Monsters
2023-03-27_15:35:05 INFO [DevilSquare - 5] DevilSquare::SetState_None
2023-03-27_15:35:05 INFO [DevilSquare - 6] Moving Players Out
2023-03-27_15:35:05 INFO [DevilSquare - 6] Clearing Monsters
2023-03-27_15:35:05 INFO [DevilSquare - 6] DevilSquare::SetState_None
2023-03-27_15:35:06 INFO [DevilSquare - 7] Moving Players Out
2023-03-27_15:35:06 INFO [DevilSquare - 7] Clearing Monsters
2023-03-27_15:35:06 INFO [DevilSquare - 7] DevilSquare::SetState_None
2023-03-27_15:35:06 INFO [DevilSquareMgr] SetState_None()
2023-03-27_16:30:00 INFO [DevilSquare - 1] DevilSquare::SetState_Open
2023-03-27_16:30:00 INFO [DevilSquare - 2] DevilSquare::SetState_Open
2023-03-27_16:30:00 INFO [DevilSquare - 3] DevilSquare::SetState_Open
2023-03-27_16:30:00 INFO [DevilSquare - 4] DevilSquare::SetState_Open
2023-03-27_16:30:00 INFO [DevilSquare - 5] DevilSquare::SetState_Open
2023-03-27_16:30:00 INFO [DevilSquare - 6] DevilSquare::SetState_Open
2023-03-27_16:30:00 INFO [DevilSquare - 7] DevilSquare::SetState_Open
2023-03-27_16:30:00 INFO [DevilSquareMgr] SetState_Open()
2023-03-27_16:35:00 INFO [DevilSquare - 1] DevilSquare::SetState_StandBy
2023-03-27_16:35:00 INFO [DevilSquare - 2] DevilSquare::SetState_StandBy
2023-03-27_16:35:00 INFO [DevilSquare - 3] DevilSquare::SetState_StandBy
2023-03-27_16:35:00 INFO [DevilSquare - 4] DevilSquare::SetState_StandBy
2023-03-27_16:35:00 INFO [DevilSquare - 5] DevilSquare::SetState_StandBy
2023-03-27_16:35:00 INFO [DevilSquare - 6] DevilSquare::SetState_StandBy
2023-03-27_16:35:00 INFO [DevilSquare - 7] DevilSquare::SetState_StandBy
2023-03-27_16:35:00 INFO [DevilSquareMgr] SetState_Playing()
2023-03-27_16:35:01 INFO [DevilSquare - 1] Moving Players Out
2023-03-27_16:35:01 INFO [DevilSquare - 1] Clearing Monsters
2023-03-27_16:35:01 INFO [DevilSquare - 1] DevilSquare::SetState_None
2023-03-27_16:35:01 INFO [DevilSquare - 2] Moving Players Out
2023-03-27_16:35:01 INFO [DevilSquare - 2] Clearing Monsters
2023-03-27_16:35:01 INFO [DevilSquare - 2] DevilSquare::SetState_None
2023-03-27_16:35:01 INFO [DevilSquare - 3] Moving Players Out
2023-03-27_16:35:01 INFO [DevilSquare - 3] Clearing Monsters
2023-03-27_16:35:01 INFO [DevilSquare - 3] DevilSquare::SetState_None
2023-03-27_16:35:01 INFO [DevilSquare - 4] Moving Players Out
2023-03-27_16:35:01 INFO [DevilSquare - 4] Clearing Monsters
2023-03-27_16:35:01 INFO [DevilSquare - 4] DevilSquare::SetState_None
2023-03-27_16:35:01 INFO [DevilSquare - 5] Moving Players Out
2023-03-27_16:35:01 INFO [DevilSquare - 5] Clearing Monsters
2023-03-27_16:35:01 INFO [DevilSquare - 5] DevilSquare::SetState_None
2023-03-27_16:35:01 INFO [DevilSquare - 6] Moving Players Out
2023-03-27_16:35:01 INFO [DevilSquare - 6] Clearing Monsters
2023-03-27_16:35:01 INFO [DevilSquare - 6] DevilSquare::SetState_None
2023-03-27_16:35:01 INFO [DevilSquare - 7] Moving Players Out
2023-03-27_16:35:01 INFO [DevilSquare - 7] Clearing Monsters
2023-03-27_16:35:01 INFO [DevilSquare - 7] DevilSquare::SetState_None
2023-03-27_16:35:01 INFO [DevilSquareMgr] SetState_None()
2023-03-27_17:30:00 INFO [DevilSquare - 1] DevilSquare::SetState_Open
2023-03-27_17:30:00 INFO [DevilSquare - 2] DevilSquare::SetState_Open
2023-03-27_17:30:00 INFO [DevilSquare - 3] DevilSquare::SetState_Open
2023-03-27_17:30:00 INFO [DevilSquare - 4] DevilSquare::SetState_Open
2023-03-27_17:30:00 INFO [DevilSquare - 5] DevilSquare::SetState_Open
2023-03-27_17:30:00 INFO [DevilSquare - 6] DevilSquare::SetState_Open
2023-03-27_17:30:00 INFO [DevilSquare - 7] DevilSquare::SetState_Open
2023-03-27_17:30:00 INFO [DevilSquareMgr] SetState_Open()
2023-03-27_17:35:00 INFO [DevilSquare - 1] DevilSquare::SetState_StandBy
2023-03-27_17:35:01 INFO [DevilSquare - 2] DevilSquare::SetState_StandBy
2023-03-27_17:35:01 INFO [DevilSquare - 3] DevilSquare::SetState_StandBy
2023-03-27_17:35:01 INFO [DevilSquare - 4] DevilSquare::SetState_StandBy
2023-03-27_17:35:01 INFO [DevilSquare - 5] DevilSquare::SetState_StandBy
2023-03-27_17:35:01 INFO [DevilSquare - 6] DevilSquare::SetState_StandBy
2023-03-27_17:35:01 INFO [DevilSquare - 7] DevilSquare::SetState_StandBy
2023-03-27_17:35:01 INFO [DevilSquareMgr] SetState_Playing()
2023-03-27_17:35:01 INFO [DevilSquare - 1] Moving Players Out
2023-03-27_17:35:01 INFO [DevilSquare - 1] Clearing Monsters
2023-03-27_17:35:01 INFO [DevilSquare - 1] DevilSquare::SetState_None
2023-03-27_17:35:01 INFO [DevilSquare - 2] Moving Players Out
2023-03-27_17:35:01 INFO [DevilSquare - 2] Clearing Monsters
2023-03-27_17:35:01 INFO [DevilSquare - 2] DevilSquare::SetState_None
2023-03-27_17:35:01 INFO [DevilSquare - 3] Moving Players Out
2023-03-27_17:35:01 INFO [DevilSquare - 3] Clearing Monsters
2023-03-27_17:35:01 INFO [DevilSquare - 3] DevilSquare::SetState_None
2023-03-27_17:35:01 INFO [DevilSquare - 4] Moving Players Out
2023-03-27_17:35:01 INFO [DevilSquare - 4] Clearing Monsters
2023-03-27_17:35:01 INFO [DevilSquare - 4] DevilSquare::SetState_None
2023-03-27_17:35:01 INFO [DevilSquare - 5] Moving Players Out
2023-03-27_17:35:01 INFO [DevilSquare - 5] Clearing Monsters
2023-03-27_17:35:01 INFO [DevilSquare - 5] DevilSquare::SetState_None
2023-03-27_17:35:01 INFO [DevilSquare - 6] Moving Players Out
2023-03-27_17:35:02 INFO [DevilSquare - 6] Clearing Monsters
2023-03-27_17:35:02 INFO [DevilSquare - 6] DevilSquare::SetState_None
2023-03-27_17:35:02 INFO [DevilSquare - 7] Moving Players Out
2023-03-27_17:35:02 INFO [DevilSquare - 7] Clearing Monsters
2023-03-27_17:35:02 INFO [DevilSquare - 7] DevilSquare::SetState_None
2023-03-27_17:35:02 INFO [DevilSquareMgr] SetState_None()
2023-03-27_18:30:00 INFO [DevilSquare - 1] DevilSquare::SetState_Open
2023-03-27_18:30:00 INFO [DevilSquare - 2] DevilSquare::SetState_Open
2023-03-27_18:30:00 INFO [DevilSquare - 3] DevilSquare::SetState_Open
2023-03-27_18:30:00 INFO [DevilSquare - 4] DevilSquare::SetState_Open
2023-03-27_18:30:00 INFO [DevilSquare - 5] DevilSquare::SetState_Open
2023-03-27_18:30:00 INFO [DevilSquare - 6] DevilSquare::SetState_Open
2023-03-27_18:30:00 INFO [DevilSquare - 7] DevilSquare::SetState_Open
2023-03-27_18:30:00 INFO [DevilSquareMgr] SetState_Open()
2023-03-27_18:35:00 INFO [DevilSquare - 1] DevilSquare::SetState_StandBy
2023-03-27_18:35:00 INFO [DevilSquare - 2] DevilSquare::SetState_StandBy
2023-03-27_18:35:00 INFO [DevilSquare - 3] DevilSquare::SetState_StandBy
2023-03-27_18:35:00 INFO [DevilSquare - 4] DevilSquare::SetState_StandBy
2023-03-27_18:35:00 INFO [DevilSquare - 5] DevilSquare::SetState_StandBy
2023-03-27_18:35:00 INFO [DevilSquare - 6] DevilSquare::SetState_StandBy
2023-03-27_18:35:00 INFO [DevilSquare - 7] DevilSquare::SetState_StandBy
2023-03-27_18:35:00 INFO [DevilSquareMgr] SetState_Playing()
2023-03-27_18:35:01 INFO [DevilSquare - 1] Moving Players Out
2023-03-27_18:35:01 INFO [DevilSquare - 1] Clearing Monsters
2023-03-27_18:35:01 INFO [DevilSquare - 1] DevilSquare::SetState_None
2023-03-27_18:35:01 INFO [DevilSquare - 2] Moving Players Out
2023-03-27_18:35:01 INFO [DevilSquare - 2] Clearing Monsters
2023-03-27_18:35:01 INFO [DevilSquare - 2] DevilSquare::SetState_None
2023-03-27_18:35:01 INFO [DevilSquare - 3] Moving Players Out
2023-03-27_18:35:01 INFO [DevilSquare - 3] Clearing Monsters
2023-03-27_18:35:01 INFO [DevilSquare - 3] DevilSquare::SetState_None
2023-03-27_18:35:01 INFO [DevilSquare - 4] Moving Players Out
2023-03-27_18:35:01 INFO [DevilSquare - 4] Clearing Monsters
2023-03-27_18:35:01 INFO [DevilSquare - 4] DevilSquare::SetState_None
2023-03-27_18:35:01 INFO [DevilSquare - 5] Moving Players Out
2023-03-27_18:35:01 INFO [DevilSquare - 5] Clearing Monsters
2023-03-27_18:35:02 INFO [DevilSquare - 5] DevilSquare::SetState_None
2023-03-27_18:35:02 INFO [DevilSquare - 6] Moving Players Out
2023-03-27_18:35:02 INFO [DevilSquare - 6] Clearing Monsters
2023-03-27_18:35:02 INFO [DevilSquare - 6] DevilSquare::SetState_None
2023-03-27_18:35:02 INFO [DevilSquare - 7] Moving Players Out
2023-03-27_18:35:02 INFO [DevilSquare - 7] Clearing Monsters
2023-03-27_18:35:02 INFO [DevilSquare - 7] DevilSquare::SetState_None
2023-03-27_18:35:02 INFO [DevilSquareMgr] SetState_None()
2023-03-27_19:30:00 INFO [DevilSquare - 1] DevilSquare::SetState_Open
2023-03-27_19:30:00 INFO [DevilSquare - 2] DevilSquare::SetState_Open
2023-03-27_19:30:00 INFO [DevilSquare - 3] DevilSquare::SetState_Open
2023-03-27_19:30:01 INFO [DevilSquare - 4] DevilSquare::SetState_Open
2023-03-27_19:30:01 INFO [DevilSquare - 5] DevilSquare::SetState_Open
2023-03-27_19:30:02 INFO [DevilSquare - 6] DevilSquare::SetState_Open
2023-03-27_19:30:02 INFO [DevilSquare - 7] DevilSquare::SetState_Open
2023-03-27_19:30:02 INFO [DevilSquareMgr] SetState_Open()
2023-03-27_19:35:02 INFO [DevilSquare - 1] DevilSquare::SetState_StandBy
2023-03-27_19:35:02 INFO [DevilSquare - 2] DevilSquare::SetState_StandBy
2023-03-27_19:35:02 INFO [DevilSquare - 3] DevilSquare::SetState_StandBy
2023-03-27_19:35:02 INFO [DevilSquare - 4] DevilSquare::SetState_StandBy
2023-03-27_19:35:02 INFO [DevilSquare - 5] DevilSquare::SetState_StandBy
2023-03-27_19:35:02 INFO [DevilSquare - 6] DevilSquare::SetState_StandBy
2023-03-27_19:35:02 INFO [DevilSquare - 7] DevilSquare::SetState_StandBy
2023-03-27_19:35:02 INFO [DevilSquareMgr] SetState_Playing()
2023-03-27_19:35:02 INFO [DevilSquare - 1] Moving Players Out
2023-03-27_19:35:03 INFO [DevilSquare - 1] Clearing Monsters
2023-03-27_19:35:03 INFO [DevilSquare - 1] DevilSquare::SetState_None
2023-03-27_19:35:03 INFO [DevilSquare - 2] Moving Players Out
2023-03-27_19:35:03 INFO [DevilSquare - 2] Clearing Monsters
2023-03-27_19:35:03 INFO [DevilSquare - 2] DevilSquare::SetState_None
2023-03-27_19:35:03 INFO [DevilSquare - 3] Moving Players Out
2023-03-27_19:35:03 INFO [DevilSquare - 3] Clearing Monsters
2023-03-27_19:35:03 INFO [DevilSquare - 3] DevilSquare::SetState_None
2023-03-27_19:35:03 INFO [DevilSquare - 4] Moving Players Out
2023-03-27_19:35:03 INFO [DevilSquare - 4] Clearing Monsters
2023-03-27_19:35:03 INFO [DevilSquare - 4] DevilSquare::SetState_None
2023-03-27_19:35:03 INFO [DevilSquare - 5] Moving Players Out
2023-03-27_19:35:04 INFO [DevilSquare - 5] Clearing Monsters
2023-03-27_19:35:04 INFO [DevilSquare - 5] DevilSquare::SetState_None
2023-03-27_19:35:04 INFO [DevilSquare - 6] Moving Players Out
2023-03-27_19:35:04 INFO [DevilSquare - 6] Clearing Monsters
2023-03-27_19:35:04 INFO [DevilSquare - 6] DevilSquare::SetState_None
2023-03-27_19:35:04 INFO [DevilSquare - 7] Moving Players Out
2023-03-27_19:35:04 INFO [DevilSquare - 7] Clearing Monsters
2023-03-27_19:35:04 INFO [DevilSquare - 7] DevilSquare::SetState_None
2023-03-27_19:35:04 INFO [DevilSquareMgr] SetState_None()
2023-03-27_20:30:01 INFO [DevilSquare - 1] DevilSquare::SetState_Open
2023-03-27_20:30:02 INFO [DevilSquare - 2] DevilSquare::SetState_Open
2023-03-27_20:30:02 INFO [DevilSquare - 3] DevilSquare::SetState_Open
2023-03-27_20:30:02 INFO [DevilSquare - 4] DevilSquare::SetState_Open
2023-03-27_20:30:02 INFO [DevilSquare - 5] DevilSquare::SetState_Open
2023-03-27_20:30:02 INFO [DevilSquare - 6] DevilSquare::SetState_Open
2023-03-27_20:30:02 INFO [DevilSquare - 7] DevilSquare::SetState_Open
2023-03-27_20:30:02 INFO [DevilSquareMgr] SetState_Open()
2023-03-27_20:35:02 INFO [DevilSquare - 1] DevilSquare::SetState_StandBy
2023-03-27_20:35:02 INFO [DevilSquare - 2] DevilSquare::SetState_StandBy
2023-03-27_20:35:02 INFO [DevilSquare - 3] DevilSquare::SetState_StandBy
2023-03-27_20:35:02 INFO [DevilSquare - 4] DevilSquare::SetState_StandBy
2023-03-27_20:35:02 INFO [DevilSquare - 5] DevilSquare::SetState_StandBy
2023-03-27_20:35:03 INFO [DevilSquare - 6] DevilSquare::SetState_StandBy
2023-03-27_20:35:03 INFO [DevilSquare - 7] DevilSquare::SetState_StandBy
2023-03-27_20:35:03 INFO [DevilSquareMgr] SetState_Playing()
2023-03-27_20:35:03 INFO [DevilSquare - 1] Moving Players Out
2023-03-27_20:35:03 INFO [DevilSquare - 1] Clearing Monsters
2023-03-27_20:35:03 INFO [DevilSquare - 1] DevilSquare::SetState_None
2023-03-27_20:35:03 INFO [DevilSquare - 2] Moving Players Out
2023-03-27_20:35:03 INFO [DevilSquare - 2] Clearing Monsters
2023-03-27_20:35:03 INFO [DevilSquare - 2] DevilSquare::SetState_None
2023-03-27_20:35:04 INFO [DevilSquare - 3] Moving Players Out
2023-03-27_20:35:04 INFO [DevilSquare - 3] Clearing Monsters
2023-03-27_20:35:04 INFO [DevilSquare - 3] DevilSquare::SetState_None
2023-03-27_20:35:04 INFO [DevilSquare - 4] Moving Players Out
2023-03-27_20:35:04 INFO [DevilSquare - 4] Clearing Monsters
2023-03-27_20:35:04 INFO [DevilSquare - 4] DevilSquare::SetState_None
2023-03-27_20:35:04 INFO [DevilSquare - 5] Moving Players Out
2023-03-27_20:35:05 INFO [DevilSquare - 5] Clearing Monsters
2023-03-27_20:35:05 INFO [DevilSquare - 5] DevilSquare::SetState_None
2023-03-27_20:35:05 INFO [DevilSquare - 6] Moving Players Out
2023-03-27_20:35:05 INFO [DevilSquare - 6] Clearing Monsters
2023-03-27_20:35:05 INFO [DevilSquare - 6] DevilSquare::SetState_None
2023-03-27_20:35:05 INFO [DevilSquare - 7] Moving Players Out
2023-03-27_20:35:06 INFO [DevilSquare - 7] Clearing Monsters
2023-03-27_20:35:06 INFO [DevilSquare - 7] DevilSquare::SetState_None
2023-03-27_20:35:06 INFO [DevilSquareMgr] SetState_None()
2023-03-27_21:30:00 INFO [DevilSquare - 1] DevilSquare::SetState_Open
2023-03-27_21:30:00 INFO [DevilSquare - 2] DevilSquare::SetState_Open
2023-03-27_21:30:00 INFO [DevilSquare - 3] DevilSquare::SetState_Open
2023-03-27_21:30:00 INFO [DevilSquare - 4] DevilSquare::SetState_Open
2023-03-27_21:30:00 INFO [DevilSquare - 5] DevilSquare::SetState_Open
2023-03-27_21:30:00 INFO [DevilSquare - 6] DevilSquare::SetState_Open
2023-03-27_21:30:00 INFO [DevilSquare - 7] DevilSquare::SetState_Open
2023-03-27_21:30:00 INFO [DevilSquareMgr] SetState_Open()
2023-03-27_21:35:00 INFO [DevilSquare - 1] DevilSquare::SetState_StandBy
2023-03-27_21:35:00 INFO [DevilSquare - 2] DevilSquare::SetState_StandBy
2023-03-27_21:35:00 INFO [DevilSquare - 3] DevilSquare::SetState_StandBy
2023-03-27_21:35:00 INFO [DevilSquare - 4] DevilSquare::SetState_StandBy
2023-03-27_21:35:00 INFO [DevilSquare - 5] DevilSquare::SetState_StandBy
2023-03-27_21:35:00 INFO [DevilSquare - 6] DevilSquare::SetState_StandBy
2023-03-27_21:35:00 INFO [DevilSquare - 7] DevilSquare::SetState_StandBy
2023-03-27_21:35:00 INFO [DevilSquareMgr] SetState_Playing()
2023-03-27_21:35:00 INFO [DevilSquare - 1] Moving Players Out
2023-03-27_21:35:00 INFO [DevilSquare - 1] Clearing Monsters
2023-03-27_21:35:00 INFO [DevilSquare - 1] DevilSquare::SetState_None
2023-03-27_21:35:00 INFO [DevilSquare - 2] Moving Players Out
2023-03-27_21:35:00 INFO [DevilSquare - 2] Clearing Monsters
2023-03-27_21:35:00 INFO [DevilSquare - 2] DevilSquare::SetState_None
2023-03-27_21:35:00 INFO [DevilSquare - 3] Moving Players Out
2023-03-27_21:35:00 INFO [DevilSquare - 3] Clearing Monsters
2023-03-27_21:35:00 INFO [DevilSquare - 3] DevilSquare::SetState_None
2023-03-27_21:35:00 INFO [DevilSquare - 4] Moving Players Out
2023-03-27_21:35:00 INFO [DevilSquare - 4] Clearing Monsters
2023-03-27_21:35:00 INFO [DevilSquare - 4] DevilSquare::SetState_None
2023-03-27_21:35:00 INFO [DevilSquare - 5] Moving Players Out
2023-03-27_21:35:00 INFO [DevilSquare - 5] Clearing Monsters
2023-03-27_21:35:00 INFO [DevilSquare - 5] DevilSquare::SetState_None
2023-03-27_21:35:00 INFO [DevilSquare - 6] Moving Players Out
2023-03-27_21:35:00 INFO [DevilSquare - 6] Clearing Monsters
2023-03-27_21:35:00 INFO [DevilSquare - 6] DevilSquare::SetState_None
2023-03-27_21:35:00 INFO [DevilSquare - 7] Moving Players Out
2023-03-27_21:35:00 INFO [DevilSquare - 7] Clearing Monsters
2023-03-27_21:35:00 INFO [DevilSquare - 7] DevilSquare::SetState_None
2023-03-27_21:35:00 INFO [DevilSquareMgr] SetState_None()
2023-03-27_22:30:00 INFO [DevilSquare - 1] DevilSquare::SetState_Open
2023-03-27_22:30:00 INFO [DevilSquare - 2] DevilSquare::SetState_Open
2023-03-27_22:30:01 INFO [DevilSquare - 3] DevilSquare::SetState_Open
2023-03-27_22:30:01 INFO [DevilSquare - 4] DevilSquare::SetState_Open
2023-03-27_22:30:01 INFO [DevilSquare - 5] DevilSquare::SetState_Open
2023-03-27_22:30:01 INFO [DevilSquare - 6] DevilSquare::SetState_Open
2023-03-27_22:30:01 INFO [DevilSquare - 7] DevilSquare::SetState_Open
2023-03-27_22:30:01 INFO [DevilSquareMgr] SetState_Open()
2023-03-27_22:35:01 INFO [DevilSquare - 1] DevilSquare::SetState_StandBy
2023-03-27_22:35:01 INFO [DevilSquare - 2] DevilSquare::SetState_StandBy
2023-03-27_22:35:01 INFO [DevilSquare - 3] DevilSquare::SetState_StandBy
2023-03-27_22:35:01 INFO [DevilSquare - 4] DevilSquare::SetState_StandBy
2023-03-27_22:35:01 INFO [DevilSquare - 5] DevilSquare::SetState_StandBy
2023-03-27_22:35:01 INFO [DevilSquare - 6] DevilSquare::SetState_StandBy
2023-03-27_22:35:01 INFO [DevilSquare - 7] DevilSquare::SetState_StandBy
2023-03-27_22:35:01 INFO [DevilSquareMgr] SetState_Playing()
2023-03-27_22:35:01 INFO [DevilSquare - 1] Moving Players Out
2023-03-27_22:35:01 INFO [DevilSquare - 1] Clearing Monsters
2023-03-27_22:35:01 INFO [DevilSquare - 1] DevilSquare::SetState_None
2023-03-27_22:35:01 INFO [DevilSquare - 2] Moving Players Out
2023-03-27_22:35:01 INFO [DevilSquare - 2] Clearing Monsters
2023-03-27_22:35:01 INFO [DevilSquare - 2] DevilSquare::SetState_None
2023-03-27_22:35:01 INFO [DevilSquare - 3] Moving Players Out
2023-03-27_22:35:01 INFO [DevilSquare - 3] Clearing Monsters
2023-03-27_22:35:01 INFO [DevilSquare - 3] DevilSquare::SetState_None
2023-03-27_22:35:01 INFO [DevilSquare - 4] Moving Players Out
2023-03-27_22:35:01 INFO [DevilSquare - 4] Clearing Monsters
2023-03-27_22:35:01 INFO [DevilSquare - 4] DevilSquare::SetState_None
2023-03-27_22:35:01 INFO [DevilSquare - 5] Moving Players Out
2023-03-27_22:35:02 INFO [DevilSquare - 5] Clearing Monsters
2023-03-27_22:35:02 INFO [DevilSquare - 5] DevilSquare::SetState_None
2023-03-27_22:35:02 INFO [DevilSquare - 6] Moving Players Out
2023-03-27_22:35:02 INFO [DevilSquare - 6] Clearing Monsters
2023-03-27_22:35:02 INFO [DevilSquare - 6] DevilSquare::SetState_None
2023-03-27_22:35:02 INFO [DevilSquare - 7] Moving Players Out
2023-03-27_22:35:02 INFO [DevilSquare - 7] Clearing Monsters
2023-03-27_22:35:02 INFO [DevilSquare - 7] DevilSquare::SetState_None
2023-03-27_22:35:02 INFO [DevilSquareMgr] SetState_None()
2023-03-27_23:30:00 INFO [DevilSquare - 1] DevilSquare::SetState_Open
2023-03-27_23:30:01 INFO [DevilSquare - 2] DevilSquare::SetState_Open
2023-03-27_23:30:01 INFO [DevilSquare - 3] DevilSquare::SetState_Open
2023-03-27_23:30:01 INFO [DevilSquare - 4] DevilSquare::SetState_Open
2023-03-27_23:30:01 INFO [DevilSquare - 5] DevilSquare::SetState_Open
2023-03-27_23:30:01 INFO [DevilSquare - 6] DevilSquare::SetState_Open
2023-03-27_23:30:01 INFO [DevilSquare - 7] DevilSquare::SetState_Open
2023-03-27_23:30:01 INFO [DevilSquareMgr] SetState_Open()
2023-03-27_23:35:01 INFO [DevilSquare - 1] DevilSquare::SetState_StandBy
2023-03-27_23:35:01 INFO [DevilSquare - 2] DevilSquare::SetState_StandBy
2023-03-27_23:35:01 INFO [DevilSquare - 3] DevilSquare::SetState_StandBy
2023-03-27_23:35:01 INFO [DevilSquare - 4] DevilSquare::SetState_StandBy
2023-03-27_23:35:01 INFO [DevilSquare - 5] DevilSquare::SetState_StandBy
2023-03-27_23:35:01 INFO [DevilSquare - 6] DevilSquare::SetState_StandBy
2023-03-27_23:35:01 INFO [DevilSquare - 7] DevilSquare::SetState_StandBy
2023-03-27_23:35:02 INFO [DevilSquareMgr] SetState_Playing()
2023-03-27_23:35:02 INFO [DevilSquare - 1] Moving Players Out
2023-03-27_23:35:02 INFO [DevilSquare - 1] Clearing Monsters
2023-03-27_23:35:02 INFO [DevilSquare - 1] DevilSquare::SetState_None
2023-03-27_23:35:02 INFO [DevilSquare - 2] Moving Players Out
2023-03-27_23:35:02 INFO [DevilSquare - 2] Clearing Monsters
2023-03-27_23:35:02 INFO [DevilSquare - 2] DevilSquare::SetState_None
2023-03-27_23:35:02 INFO [DevilSquare - 3] Moving Players Out
2023-03-27_23:35:02 INFO [DevilSquare - 3] Clearing Monsters
2023-03-27_23:35:02 INFO [DevilSquare - 3] DevilSquare::SetState_None
2023-03-27_23:35:02 INFO [DevilSquare - 4] Moving Players Out
2023-03-27_23:35:02 INFO [DevilSquare - 4] Clearing Monsters
2023-03-27_23:35:02 INFO [DevilSquare - 4] DevilSquare::SetState_None
2023-03-27_23:35:02 INFO [DevilSquare - 5] Moving Players Out
2023-03-27_23:35:02 INFO [DevilSquare - 5] Clearing Monsters
2023-03-27_23:35:02 INFO [DevilSquare - 5] DevilSquare::SetState_None
2023-03-27_23:35:02 INFO [DevilSquare - 6] Moving Players Out
2023-03-27_23:35:03 INFO [DevilSquare - 6] Clearing Monsters
2023-03-27_23:35:03 INFO [DevilSquare - 6] DevilSquare::SetState_None
2023-03-27_23:35:03 INFO [DevilSquare - 7] Moving Players Out
2023-03-27_23:35:03 INFO [DevilSquare - 7] Clearing Monsters
2023-03-27_23:35:03 INFO [DevilSquare - 7] DevilSquare::SetState_None
2023-03-27_23:35:03 INFO [DevilSquareMgr] SetState_None()
