2023-04-06_21:47:30 INFO [DevilSquare - 1] Moving Players Out
2023-04-06_21:47:30 INFO [DevilSquare - 1] Clearing Monsters
2023-04-06_21:47:30 INFO [DevilSquare - 1] DevilSquare::SetState_None
2023-04-06_21:47:30 INFO [DevilSquare - 2] Moving Players Out
2023-04-06_21:47:30 INFO [DevilSquare - 2] Clearing Monsters
2023-04-06_21:47:30 INFO [DevilSquare - 2] DevilSquare::SetState_None
2023-04-06_21:47:30 INFO [DevilSquare - 3] Moving Players Out
2023-04-06_21:47:30 INFO [DevilSquare - 3] Clearing Monsters
2023-04-06_21:47:30 INFO [DevilSquare - 3] DevilSquare::SetState_None
2023-04-06_21:47:30 INFO [DevilSquare - 4] Moving Players Out
2023-04-06_21:47:30 INFO [DevilSquare - 4] Clearing Monsters
2023-04-06_21:47:30 INFO [DevilSquare - 4] DevilSquare::SetState_None
2023-04-06_21:47:30 INFO [DevilSquare - 5] Moving Players Out
2023-04-06_21:47:30 INFO [DevilSquare - 5] Clearing Monsters
2023-04-06_21:47:30 INFO [DevilSquare - 5] DevilSquare::SetState_None
2023-04-06_21:47:30 INFO [DevilSquare - 6] Moving Players Out
2023-04-06_21:47:30 INFO [DevilSquare - 6] Clearing Monsters
2023-04-06_21:47:30 INFO [DevilSquare - 6] DevilSquare::SetState_None
2023-04-06_21:47:30 INFO [DevilSquare - 7] Moving Players Out
2023-04-06_21:47:30 INFO [DevilSquare - 7] Clearing Monsters
2023-04-06_21:47:30 INFO [DevilSquare - 7] DevilSquare::SetState_None
2023-04-06_21:47:30 INFO [DevilSquareMgr] SetState_None()
2023-04-06_22:30:00 INFO [DevilSquare - 1] DevilSquare::SetState_Open
2023-04-06_22:30:00 INFO [DevilSquare - 2] DevilSquare::SetState_Open
2023-04-06_22:30:00 INFO [DevilSquare - 3] DevilSquare::SetState_Open
2023-04-06_22:30:00 INFO [DevilSquare - 4] DevilSquare::SetState_Open
2023-04-06_22:30:00 INFO [DevilSquare - 5] DevilSquare::SetState_Open
2023-04-06_22:30:00 INFO [DevilSquare - 6] DevilSquare::SetState_Open
2023-04-06_22:30:00 INFO [DevilSquare - 7] DevilSquare::SetState_Open
2023-04-06_22:30:00 INFO [DevilSquareMgr] SetState_Open()
2023-04-06_22:35:00 INFO [DevilSquare - 1] DevilSquare::SetState_StandBy
2023-04-06_22:35:00 INFO [DevilSquare - 2] DevilSquare::SetState_StandBy
2023-04-06_22:35:00 INFO [DevilSquare - 3] DevilSquare::SetState_StandBy
2023-04-06_22:35:00 INFO [DevilSquare - 4] DevilSquare::SetState_StandBy
2023-04-06_22:35:00 INFO [DevilSquare - 5] DevilSquare::SetState_StandBy
2023-04-06_22:35:00 INFO [DevilSquare - 6] DevilSquare::SetState_StandBy
2023-04-06_22:35:00 INFO [DevilSquare - 7] DevilSquare::SetState_StandBy
2023-04-06_22:35:00 INFO [DevilSquareMgr] SetState_Playing()
2023-04-06_22:35:00 INFO [DevilSquare - 1] Moving Players Out
2023-04-06_22:35:00 INFO [DevilSquare - 1] Clearing Monsters
2023-04-06_22:35:00 INFO [DevilSquare - 1] DevilSquare::SetState_None
2023-04-06_22:35:00 INFO [DevilSquare - 2] Moving Players Out
2023-04-06_22:35:00 INFO [DevilSquare - 2] Clearing Monsters
2023-04-06_22:35:00 INFO [DevilSquare - 2] DevilSquare::SetState_None
2023-04-06_22:35:00 INFO [DevilSquare - 3] Moving Players Out
2023-04-06_22:35:00 INFO [DevilSquare - 3] Clearing Monsters
2023-04-06_22:35:01 INFO [DevilSquare - 3] DevilSquare::SetState_None
2023-04-06_22:35:01 INFO [DevilSquare - 4] Moving Players Out
2023-04-06_22:35:01 INFO [DevilSquare - 4] Clearing Monsters
2023-04-06_22:35:01 INFO [DevilSquare - 4] DevilSquare::SetState_None
2023-04-06_22:35:01 INFO [DevilSquare - 5] Moving Players Out
2023-04-06_22:35:01 INFO [DevilSquare - 5] Clearing Monsters
2023-04-06_22:35:01 INFO [DevilSquare - 5] DevilSquare::SetState_None
2023-04-06_22:35:01 INFO [DevilSquare - 6] Moving Players Out
2023-04-06_22:35:01 INFO [DevilSquare - 6] Clearing Monsters
2023-04-06_22:35:01 INFO [DevilSquare - 6] DevilSquare::SetState_None
2023-04-06_22:35:01 INFO [DevilSquare - 7] Moving Players Out
2023-04-06_22:35:01 INFO [DevilSquare - 7] Clearing Monsters
2023-04-06_22:35:01 INFO [DevilSquare - 7] DevilSquare::SetState_None
2023-04-06_22:35:01 INFO [DevilSquareMgr] SetState_None()
2023-04-06_23:30:00 INFO [DevilSquare - 1] DevilSquare::SetState_Open
2023-04-06_23:30:00 INFO [DevilSquare - 2] DevilSquare::SetState_Open
2023-04-06_23:30:00 INFO [DevilSquare - 3] DevilSquare::SetState_Open
2023-04-06_23:30:00 INFO [DevilSquare - 4] DevilSquare::SetState_Open
2023-04-06_23:30:00 INFO [DevilSquare - 5] DevilSquare::SetState_Open
2023-04-06_23:30:00 INFO [DevilSquare - 6] DevilSquare::SetState_Open
2023-04-06_23:30:00 INFO [DevilSquare - 7] DevilSquare::SetState_Open
2023-04-06_23:30:00 INFO [DevilSquareMgr] SetState_Open()
2023-04-06_23:35:00 INFO [DevilSquare - 1] DevilSquare::SetState_StandBy
2023-04-06_23:35:00 INFO [DevilSquare - 2] DevilSquare::SetState_StandBy
2023-04-06_23:35:00 INFO [DevilSquare - 3] DevilSquare::SetState_StandBy
2023-04-06_23:35:00 INFO [DevilSquare - 4] DevilSquare::SetState_StandBy
2023-04-06_23:35:00 INFO [DevilSquare - 5] DevilSquare::SetState_StandBy
2023-04-06_23:35:00 INFO [DevilSquare - 6] DevilSquare::SetState_StandBy
2023-04-06_23:35:00 INFO [DevilSquare - 7] DevilSquare::SetState_StandBy
2023-04-06_23:35:00 INFO [DevilSquareMgr] SetState_Playing()
2023-04-06_23:35:00 INFO [DevilSquare - 1] Moving Players Out
2023-04-06_23:35:00 INFO [DevilSquare - 1] Clearing Monsters
2023-04-06_23:35:00 INFO [DevilSquare - 1] DevilSquare::SetState_None
2023-04-06_23:35:00 INFO [DevilSquare - 2] Moving Players Out
2023-04-06_23:35:00 INFO [DevilSquare - 2] Clearing Monsters
2023-04-06_23:35:00 INFO [DevilSquare - 2] DevilSquare::SetState_None
2023-04-06_23:35:00 INFO [DevilSquare - 3] Moving Players Out
2023-04-06_23:35:00 INFO [DevilSquare - 3] Clearing Monsters
2023-04-06_23:35:00 INFO [DevilSquare - 3] DevilSquare::SetState_None
2023-04-06_23:35:00 INFO [DevilSquare - 4] Moving Players Out
2023-04-06_23:35:00 INFO [DevilSquare - 4] Clearing Monsters
2023-04-06_23:35:00 INFO [DevilSquare - 4] DevilSquare::SetState_None
2023-04-06_23:35:00 INFO [DevilSquare - 5] Moving Players Out
2023-04-06_23:35:00 INFO [DevilSquare - 5] Clearing Monsters
2023-04-06_23:35:00 INFO [DevilSquare - 5] DevilSquare::SetState_None
2023-04-06_23:35:00 INFO [DevilSquare - 6] Moving Players Out
2023-04-06_23:35:01 INFO [DevilSquare - 6] Clearing Monsters
2023-04-06_23:35:01 INFO [DevilSquare - 6] DevilSquare::SetState_None
2023-04-06_23:35:01 INFO [DevilSquare - 7] Moving Players Out
2023-04-06_23:35:01 INFO [DevilSquare - 7] Clearing Monsters
2023-04-06_23:35:01 INFO [DevilSquare - 7] DevilSquare::SetState_None
2023-04-06_23:35:01 INFO [DevilSquareMgr] SetState_None()
