2023-04-01_00:30:00 INFO [DevilSquare - 1] DevilSquare::SetState_Open
2023-04-01_00:30:00 INFO [DevilSquare - 2] DevilSquare::SetState_Open
2023-04-01_00:30:00 INFO [DevilSquare - 3] DevilSquare::SetState_Open
2023-04-01_00:30:00 INFO [DevilSquare - 4] DevilSquare::SetState_Open
2023-04-01_00:30:00 INFO [DevilSquare - 5] DevilSquare::SetState_Open
2023-04-01_00:30:00 INFO [DevilSquare - 6] DevilSquare::SetState_Open
2023-04-01_00:30:00 INFO [DevilSquare - 7] DevilSquare::SetState_Open
2023-04-01_00:30:00 INFO [DevilSquareMgr] SetState_Open()
2023-04-01_00:35:00 INFO [DevilSquare - 1] DevilSquare::SetState_StandBy
2023-04-01_00:35:00 INFO [DevilSquare - 2] DevilSquare::SetState_StandBy
2023-04-01_00:35:00 INFO [DevilSquare - 3] DevilSquare::SetState_StandBy
2023-04-01_00:35:00 INFO [DevilSquare - 4] DevilSquare::SetState_StandBy
2023-04-01_00:35:00 INFO [DevilSquare - 5] DevilSquare::SetState_StandBy
2023-04-01_00:35:00 INFO [DevilSquare - 6] DevilSquare::SetState_StandBy
2023-04-01_00:35:00 INFO [DevilSquare - 7] DevilSquare::SetState_StandBy
2023-04-01_00:35:00 INFO [DevilSquareMgr] SetState_Playing()
2023-04-01_00:35:00 INFO [DevilSquare - 1] Moving Players Out
2023-04-01_00:35:00 INFO [DevilSquare - 1] Clearing Monsters
2023-04-01_00:35:00 INFO [DevilSquare - 1] DevilSquare::SetState_None
2023-04-01_00:35:00 INFO [DevilSquare - 2] Moving Players Out
2023-04-01_00:35:01 INFO [DevilSquare - 2] Clearing Monsters
2023-04-01_00:35:01 INFO [DevilSquare - 2] DevilSquare::SetState_None
2023-04-01_00:35:01 INFO [DevilSquare - 3] Moving Players Out
2023-04-01_00:35:01 INFO [DevilSquare - 3] Clearing Monsters
2023-04-01_00:35:01 INFO [DevilSquare - 3] DevilSquare::SetState_None
2023-04-01_00:35:01 INFO [DevilSquare - 4] Moving Players Out
2023-04-01_00:35:01 INFO [DevilSquare - 4] Clearing Monsters
2023-04-01_00:35:01 INFO [DevilSquare - 4] DevilSquare::SetState_None
2023-04-01_00:35:01 INFO [DevilSquare - 5] Moving Players Out
2023-04-01_00:35:01 INFO [DevilSquare - 5] Clearing Monsters
2023-04-01_00:35:01 INFO [DevilSquare - 5] DevilSquare::SetState_None
2023-04-01_00:35:01 INFO [DevilSquare - 6] Moving Players Out
2023-04-01_00:35:01 INFO [DevilSquare - 6] Clearing Monsters
2023-04-01_00:35:01 INFO [DevilSquare - 6] DevilSquare::SetState_None
2023-04-01_00:35:01 INFO [DevilSquare - 7] Moving Players Out
2023-04-01_00:35:01 INFO [DevilSquare - 7] Clearing Monsters
2023-04-01_00:35:01 INFO [DevilSquare - 7] DevilSquare::SetState_None
2023-04-01_00:35:01 INFO [DevilSquareMgr] SetState_None()
2023-04-01_01:30:00 INFO [DevilSquare - 1] DevilSquare::SetState_Open
2023-04-01_01:30:00 INFO [DevilSquare - 2] DevilSquare::SetState_Open
2023-04-01_01:30:00 INFO [DevilSquare - 3] DevilSquare::SetState_Open
2023-04-01_01:30:00 INFO [DevilSquare - 4] DevilSquare::SetState_Open
2023-04-01_01:30:00 INFO [DevilSquare - 5] DevilSquare::SetState_Open
2023-04-01_01:30:00 INFO [DevilSquare - 6] DevilSquare::SetState_Open
2023-04-01_01:30:00 INFO [DevilSquare - 7] DevilSquare::SetState_Open
2023-04-01_01:30:00 INFO [DevilSquareMgr] SetState_Open()
2023-04-01_01:35:00 INFO [DevilSquare - 1] DevilSquare::SetState_StandBy
2023-04-01_01:35:00 INFO [DevilSquare - 2] DevilSquare::SetState_StandBy
2023-04-01_01:35:00 INFO [DevilSquare - 3] DevilSquare::SetState_StandBy
2023-04-01_01:35:00 INFO [DevilSquare - 4] DevilSquare::SetState_StandBy
2023-04-01_01:35:00 INFO [DevilSquare - 5] DevilSquare::SetState_StandBy
2023-04-01_01:35:00 INFO [DevilSquare - 6] DevilSquare::SetState_StandBy
2023-04-01_01:35:00 INFO [DevilSquare - 7] DevilSquare::SetState_StandBy
2023-04-01_01:35:00 INFO [DevilSquareMgr] SetState_Playing()
2023-04-01_01:35:00 INFO [DevilSquare - 1] Moving Players Out
2023-04-01_01:35:00 INFO [DevilSquare - 1] Clearing Monsters
2023-04-01_01:35:00 INFO [DevilSquare - 1] DevilSquare::SetState_None
2023-04-01_01:35:00 INFO [DevilSquare - 2] Moving Players Out
2023-04-01_01:35:00 INFO [DevilSquare - 2] Clearing Monsters
2023-04-01_01:35:00 INFO [DevilSquare - 2] DevilSquare::SetState_None
2023-04-01_01:35:00 INFO [DevilSquare - 3] Moving Players Out
2023-04-01_01:35:00 INFO [DevilSquare - 3] Clearing Monsters
2023-04-01_01:35:00 INFO [DevilSquare - 3] DevilSquare::SetState_None
2023-04-01_01:35:00 INFO [DevilSquare - 4] Moving Players Out
2023-04-01_01:35:00 INFO [DevilSquare - 4] Clearing Monsters
2023-04-01_01:35:01 INFO [DevilSquare - 4] DevilSquare::SetState_None
2023-04-01_01:35:01 INFO [DevilSquare - 5] Moving Players Out
2023-04-01_01:35:01 INFO [DevilSquare - 5] Clearing Monsters
2023-04-01_01:35:01 INFO [DevilSquare - 5] DevilSquare::SetState_None
2023-04-01_01:35:01 INFO [DevilSquare - 6] Moving Players Out
2023-04-01_01:35:01 INFO [DevilSquare - 6] Clearing Monsters
2023-04-01_01:35:01 INFO [DevilSquare - 6] DevilSquare::SetState_None
2023-04-01_01:35:01 INFO [DevilSquare - 7] Moving Players Out
2023-04-01_01:35:01 INFO [DevilSquare - 7] Clearing Monsters
2023-04-01_01:35:01 INFO [DevilSquare - 7] DevilSquare::SetState_None
2023-04-01_01:35:01 INFO [DevilSquareMgr] SetState_None()
2023-04-01_02:30:00 INFO [DevilSquare - 1] DevilSquare::SetState_Open
2023-04-01_02:30:00 INFO [DevilSquare - 2] DevilSquare::SetState_Open
2023-04-01_02:30:00 INFO [DevilSquare - 3] DevilSquare::SetState_Open
2023-04-01_02:30:00 INFO [DevilSquare - 4] DevilSquare::SetState_Open
2023-04-01_02:30:00 INFO [DevilSquare - 5] DevilSquare::SetState_Open
2023-04-01_02:30:00 INFO [DevilSquare - 6] DevilSquare::SetState_Open
2023-04-01_02:30:00 INFO [DevilSquare - 7] DevilSquare::SetState_Open
2023-04-01_02:30:00 INFO [DevilSquareMgr] SetState_Open()
2023-04-01_02:35:00 INFO [DevilSquare - 1] DevilSquare::SetState_StandBy
2023-04-01_02:35:01 INFO [DevilSquare - 2] DevilSquare::SetState_StandBy
2023-04-01_02:35:01 INFO [DevilSquare - 3] DevilSquare::SetState_StandBy
2023-04-01_02:35:01 INFO [DevilSquare - 4] DevilSquare::SetState_StandBy
2023-04-01_02:35:01 INFO [DevilSquare - 5] DevilSquare::SetState_StandBy
2023-04-01_02:35:01 INFO [DevilSquare - 6] DevilSquare::SetState_StandBy
2023-04-01_02:35:01 INFO [DevilSquare - 7] DevilSquare::SetState_StandBy
2023-04-01_02:35:01 INFO [DevilSquareMgr] SetState_Playing()
2023-04-01_02:35:01 INFO [DevilSquare - 1] Moving Players Out
2023-04-01_02:35:01 INFO [DevilSquare - 1] Clearing Monsters
2023-04-01_02:35:01 INFO [DevilSquare - 1] DevilSquare::SetState_None
2023-04-01_02:35:01 INFO [DevilSquare - 2] Moving Players Out
2023-04-01_02:35:01 INFO [DevilSquare - 2] Clearing Monsters
2023-04-01_02:35:01 INFO [DevilSquare - 2] DevilSquare::SetState_None
2023-04-01_02:35:01 INFO [DevilSquare - 3] Moving Players Out
2023-04-01_02:35:01 INFO [DevilSquare - 3] Clearing Monsters
2023-04-01_02:35:01 INFO [DevilSquare - 3] DevilSquare::SetState_None
2023-04-01_02:35:01 INFO [DevilSquare - 4] Moving Players Out
2023-04-01_02:35:01 INFO [DevilSquare - 4] Clearing Monsters
2023-04-01_02:35:01 INFO [DevilSquare - 4] DevilSquare::SetState_None
2023-04-01_02:35:01 INFO [DevilSquare - 5] Moving Players Out
2023-04-01_02:35:02 INFO [DevilSquare - 5] Clearing Monsters
2023-04-01_02:35:02 INFO [DevilSquare - 5] DevilSquare::SetState_None
2023-04-01_02:35:02 INFO [DevilSquare - 6] Moving Players Out
2023-04-01_02:35:02 INFO [DevilSquare - 6] Clearing Monsters
2023-04-01_02:35:02 INFO [DevilSquare - 6] DevilSquare::SetState_None
2023-04-01_02:35:02 INFO [DevilSquare - 7] Moving Players Out
2023-04-01_02:35:02 INFO [DevilSquare - 7] Clearing Monsters
2023-04-01_02:35:02 INFO [DevilSquare - 7] DevilSquare::SetState_None
2023-04-01_02:35:02 INFO [DevilSquareMgr] SetState_None()
2023-04-01_03:30:00 INFO [DevilSquare - 1] DevilSquare::SetState_Open
2023-04-01_03:30:00 INFO [DevilSquare - 2] DevilSquare::SetState_Open
2023-04-01_03:30:00 INFO [DevilSquare - 3] DevilSquare::SetState_Open
2023-04-01_03:30:00 INFO [DevilSquare - 4] DevilSquare::SetState_Open
2023-04-01_03:30:00 INFO [DevilSquare - 5] DevilSquare::SetState_Open
2023-04-01_03:30:01 INFO [DevilSquare - 6] DevilSquare::SetState_Open
2023-04-01_03:30:01 INFO [DevilSquare - 7] DevilSquare::SetState_Open
2023-04-01_03:30:01 INFO [DevilSquareMgr] SetState_Open()
2023-04-01_03:35:01 INFO [DevilSquare - 1] DevilSquare::SetState_StandBy
2023-04-01_03:35:01 INFO [DevilSquare - 2] DevilSquare::SetState_StandBy
2023-04-01_03:35:01 INFO [DevilSquare - 3] DevilSquare::SetState_StandBy
2023-04-01_03:35:01 INFO [DevilSquare - 4] DevilSquare::SetState_StandBy
2023-04-01_03:35:01 INFO [DevilSquare - 5] DevilSquare::SetState_StandBy
2023-04-01_03:35:01 INFO [DevilSquare - 6] DevilSquare::SetState_StandBy
2023-04-01_03:35:01 INFO [DevilSquare - 7] DevilSquare::SetState_StandBy
2023-04-01_03:35:01 INFO [DevilSquareMgr] SetState_Playing()
2023-04-01_03:35:01 INFO [DevilSquare - 1] Moving Players Out
2023-04-01_03:35:01 INFO [DevilSquare - 1] Clearing Monsters
2023-04-01_03:35:01 INFO [DevilSquare - 1] DevilSquare::SetState_None
2023-04-01_03:35:01 INFO [DevilSquare - 2] Moving Players Out
2023-04-01_03:35:01 INFO [DevilSquare - 2] Clearing Monsters
2023-04-01_03:35:01 INFO [DevilSquare - 2] DevilSquare::SetState_None
2023-04-01_03:35:01 INFO [DevilSquare - 3] Moving Players Out
2023-04-01_03:35:01 INFO [DevilSquare - 3] Clearing Monsters
2023-04-01_03:35:01 INFO [DevilSquare - 3] DevilSquare::SetState_None
2023-04-01_03:35:01 INFO [DevilSquare - 4] Moving Players Out
2023-04-01_03:35:02 INFO [DevilSquare - 4] Clearing Monsters
2023-04-01_03:35:02 INFO [DevilSquare - 4] DevilSquare::SetState_None
2023-04-01_03:35:02 INFO [DevilSquare - 5] Moving Players Out
2023-04-01_03:35:02 INFO [DevilSquare - 5] Clearing Monsters
2023-04-01_03:35:02 INFO [DevilSquare - 5] DevilSquare::SetState_None
2023-04-01_03:35:02 INFO [DevilSquare - 6] Moving Players Out
2023-04-01_03:35:02 INFO [DevilSquare - 6] Clearing Monsters
2023-04-01_03:35:02 INFO [DevilSquare - 6] DevilSquare::SetState_None
2023-04-01_03:35:02 INFO [DevilSquare - 7] Moving Players Out
2023-04-01_03:35:02 INFO [DevilSquare - 7] Clearing Monsters
2023-04-01_03:35:02 INFO [DevilSquare - 7] DevilSquare::SetState_None
2023-04-01_03:35:02 INFO [DevilSquareMgr] SetState_None()
2023-04-01_04:30:00 INFO [DevilSquare - 1] DevilSquare::SetState_Open
2023-04-01_04:30:01 INFO [DevilSquare - 2] DevilSquare::SetState_Open
2023-04-01_04:30:01 INFO [DevilSquare - 3] DevilSquare::SetState_Open
2023-04-01_04:30:01 INFO [DevilSquare - 4] DevilSquare::SetState_Open
2023-04-01_04:30:01 INFO [DevilSquare - 5] DevilSquare::SetState_Open
2023-04-01_04:30:01 INFO [DevilSquare - 6] DevilSquare::SetState_Open
2023-04-01_04:30:01 INFO [DevilSquare - 7] DevilSquare::SetState_Open
2023-04-01_04:30:01 INFO [DevilSquareMgr] SetState_Open()
2023-04-01_04:35:01 INFO [DevilSquare - 1] DevilSquare::SetState_StandBy
2023-04-01_04:35:01 INFO [DevilSquare - 2] DevilSquare::SetState_StandBy
2023-04-01_04:35:01 INFO [DevilSquare - 3] DevilSquare::SetState_StandBy
2023-04-01_04:35:01 INFO [DevilSquare - 4] DevilSquare::SetState_StandBy
2023-04-01_04:35:01 INFO [DevilSquare - 5] DevilSquare::SetState_StandBy
2023-04-01_04:35:01 INFO [DevilSquare - 6] DevilSquare::SetState_StandBy
2023-04-01_04:35:01 INFO [DevilSquare - 7] DevilSquare::SetState_StandBy
2023-04-01_04:35:01 INFO [DevilSquareMgr] SetState_Playing()
2023-04-01_04:35:01 INFO [DevilSquare - 1] Moving Players Out
2023-04-01_04:35:01 INFO [DevilSquare - 1] Clearing Monsters
2023-04-01_04:35:01 INFO [DevilSquare - 1] DevilSquare::SetState_None
2023-04-01_04:35:01 INFO [DevilSquare - 2] Moving Players Out
2023-04-01_04:35:02 INFO [DevilSquare - 2] Clearing Monsters
2023-04-01_04:35:02 INFO [DevilSquare - 2] DevilSquare::SetState_None
2023-04-01_04:35:02 INFO [DevilSquare - 3] Moving Players Out
2023-04-01_04:35:02 INFO [DevilSquare - 3] Clearing Monsters
2023-04-01_04:35:02 INFO [DevilSquare - 3] DevilSquare::SetState_None
2023-04-01_04:35:02 INFO [DevilSquare - 4] Moving Players Out
2023-04-01_04:35:02 INFO [DevilSquare - 4] Clearing Monsters
2023-04-01_04:35:02 INFO [DevilSquare - 4] DevilSquare::SetState_None
2023-04-01_04:35:02 INFO [DevilSquare - 5] Moving Players Out
2023-04-01_04:35:02 INFO [DevilSquare - 5] Clearing Monsters
2023-04-01_04:35:02 INFO [DevilSquare - 5] DevilSquare::SetState_None
2023-04-01_04:35:02 INFO [DevilSquare - 6] Moving Players Out
2023-04-01_04:35:02 INFO [DevilSquare - 6] Clearing Monsters
2023-04-01_04:35:02 INFO [DevilSquare - 6] DevilSquare::SetState_None
2023-04-01_04:35:02 INFO [DevilSquare - 7] Moving Players Out
2023-04-01_04:35:02 INFO [DevilSquare - 7] Clearing Monsters
2023-04-01_04:35:02 INFO [DevilSquare - 7] DevilSquare::SetState_None
2023-04-01_04:35:03 INFO [DevilSquareMgr] SetState_None()
2023-04-01_05:30:00 INFO [DevilSquare - 1] DevilSquare::SetState_Open
2023-04-01_05:30:00 INFO [DevilSquare - 2] DevilSquare::SetState_Open
2023-04-01_05:30:00 INFO [DevilSquare - 3] DevilSquare::SetState_Open
2023-04-01_05:30:00 INFO [DevilSquare - 4] DevilSquare::SetState_Open
2023-04-01_05:30:01 INFO [DevilSquare - 5] DevilSquare::SetState_Open
2023-04-01_05:30:01 INFO [DevilSquare - 6] DevilSquare::SetState_Open
2023-04-01_05:30:01 INFO [DevilSquare - 7] DevilSquare::SetState_Open
2023-04-01_05:30:01 INFO [DevilSquareMgr] SetState_Open()
2023-04-01_05:35:01 INFO [DevilSquare - 1] DevilSquare::SetState_StandBy
2023-04-01_05:35:01 INFO [DevilSquare - 2] DevilSquare::SetState_StandBy
2023-04-01_05:35:01 INFO [DevilSquare - 3] DevilSquare::SetState_StandBy
2023-04-01_05:35:01 INFO [DevilSquare - 4] DevilSquare::SetState_StandBy
2023-04-01_05:35:01 INFO [DevilSquare - 5] DevilSquare::SetState_StandBy
2023-04-01_05:35:01 INFO [DevilSquare - 6] DevilSquare::SetState_StandBy
2023-04-01_05:35:01 INFO [DevilSquare - 7] DevilSquare::SetState_StandBy
2023-04-01_05:35:01 INFO [DevilSquareMgr] SetState_Playing()
2023-04-01_05:35:01 INFO [DevilSquare - 1] Moving Players Out
2023-04-01_05:35:01 INFO [DevilSquare - 1] Clearing Monsters
2023-04-01_05:35:01 INFO [DevilSquare - 1] DevilSquare::SetState_None
2023-04-01_05:35:02 INFO [DevilSquare - 2] Moving Players Out
2023-04-01_05:35:02 INFO [DevilSquare - 2] Clearing Monsters
2023-04-01_05:35:02 INFO [DevilSquare - 2] DevilSquare::SetState_None
2023-04-01_05:35:02 INFO [DevilSquare - 3] Moving Players Out
2023-04-01_05:35:02 INFO [DevilSquare - 3] Clearing Monsters
2023-04-01_05:35:02 INFO [DevilSquare - 3] DevilSquare::SetState_None
2023-04-01_05:35:02 INFO [DevilSquare - 4] Moving Players Out
2023-04-01_05:35:02 INFO [DevilSquare - 4] Clearing Monsters
2023-04-01_05:35:02 INFO [DevilSquare - 4] DevilSquare::SetState_None
2023-04-01_05:35:02 INFO [DevilSquare - 5] Moving Players Out
2023-04-01_05:35:02 INFO [DevilSquare - 5] Clearing Monsters
2023-04-01_05:35:02 INFO [DevilSquare - 5] DevilSquare::SetState_None
2023-04-01_05:35:02 INFO [DevilSquare - 6] Moving Players Out
2023-04-01_05:35:02 INFO [DevilSquare - 6] Clearing Monsters
2023-04-01_05:35:02 INFO [DevilSquare - 6] DevilSquare::SetState_None
2023-04-01_05:35:02 INFO [DevilSquare - 7] Moving Players Out
2023-04-01_05:35:03 INFO [DevilSquare - 7] Clearing Monsters
2023-04-01_05:35:03 INFO [DevilSquare - 7] DevilSquare::SetState_None
2023-04-01_05:35:03 INFO [DevilSquareMgr] SetState_None()
2023-04-01_06:30:00 INFO [DevilSquare - 1] DevilSquare::SetState_Open
2023-04-01_06:30:00 INFO [DevilSquare - 2] DevilSquare::SetState_Open
2023-04-01_06:30:00 INFO [DevilSquare - 3] DevilSquare::SetState_Open
2023-04-01_06:30:01 INFO [DevilSquare - 4] DevilSquare::SetState_Open
2023-04-01_06:30:01 INFO [DevilSquare - 5] DevilSquare::SetState_Open
2023-04-01_06:30:01 INFO [DevilSquare - 6] DevilSquare::SetState_Open
2023-04-01_06:30:01 INFO [DevilSquare - 7] DevilSquare::SetState_Open
2023-04-01_06:30:01 INFO [DevilSquareMgr] SetState_Open()
2023-04-01_06:35:01 INFO [DevilSquare - 1] DevilSquare::SetState_StandBy
2023-04-01_06:35:01 INFO [DevilSquare - 2] DevilSquare::SetState_StandBy
2023-04-01_06:35:01 INFO [DevilSquare - 3] DevilSquare::SetState_StandBy
2023-04-01_06:35:01 INFO [DevilSquare - 4] DevilSquare::SetState_StandBy
2023-04-01_06:35:01 INFO [DevilSquare - 5] DevilSquare::SetState_StandBy
2023-04-01_06:35:01 INFO [DevilSquare - 6] DevilSquare::SetState_StandBy
2023-04-01_06:35:01 INFO [DevilSquare - 7] DevilSquare::SetState_StandBy
2023-04-01_06:35:02 INFO [DevilSquareMgr] SetState_Playing()
2023-04-01_06:35:02 INFO [DevilSquare - 1] Moving Players Out
2023-04-01_06:35:02 INFO [DevilSquare - 1] Clearing Monsters
2023-04-01_06:35:02 INFO [DevilSquare - 1] DevilSquare::SetState_None
2023-04-01_06:35:02 INFO [DevilSquare - 2] Moving Players Out
2023-04-01_06:35:02 INFO [DevilSquare - 2] Clearing Monsters
2023-04-01_06:35:02 INFO [DevilSquare - 2] DevilSquare::SetState_None
2023-04-01_06:35:02 INFO [DevilSquare - 3] Moving Players Out
2023-04-01_06:35:02 INFO [DevilSquare - 3] Clearing Monsters
2023-04-01_06:35:02 INFO [DevilSquare - 3] DevilSquare::SetState_None
2023-04-01_06:35:02 INFO [DevilSquare - 4] Moving Players Out
2023-04-01_06:35:02 INFO [DevilSquare - 4] Clearing Monsters
2023-04-01_06:35:02 INFO [DevilSquare - 4] DevilSquare::SetState_None
2023-04-01_06:35:03 INFO [DevilSquare - 5] Moving Players Out
2023-04-01_06:35:03 INFO [DevilSquare - 5] Clearing Monsters
2023-04-01_06:35:03 INFO [DevilSquare - 5] DevilSquare::SetState_None
2023-04-01_06:35:03 INFO [DevilSquare - 6] Moving Players Out
2023-04-01_06:35:03 INFO [DevilSquare - 6] Clearing Monsters
2023-04-01_06:35:03 INFO [DevilSquare - 6] DevilSquare::SetState_None
2023-04-01_06:35:03 INFO [DevilSquare - 7] Moving Players Out
2023-04-01_06:35:03 INFO [DevilSquare - 7] Clearing Monsters
2023-04-01_06:35:03 INFO [DevilSquare - 7] DevilSquare::SetState_None
2023-04-01_06:35:03 INFO [DevilSquareMgr] SetState_None()
2023-04-01_07:30:00 INFO [DevilSquare - 1] DevilSquare::SetState_Open
2023-04-01_07:30:00 INFO [DevilSquare - 2] DevilSquare::SetState_Open
2023-04-01_07:30:00 INFO [DevilSquare - 3] DevilSquare::SetState_Open
2023-04-01_07:30:00 INFO [DevilSquare - 4] DevilSquare::SetState_Open
2023-04-01_07:30:00 INFO [DevilSquare - 5] DevilSquare::SetState_Open
2023-04-01_07:30:01 INFO [DevilSquare - 6] DevilSquare::SetState_Open
2023-04-01_07:30:01 INFO [DevilSquare - 7] DevilSquare::SetState_Open
2023-04-01_07:30:01 INFO [DevilSquareMgr] SetState_Open()
2023-04-01_07:35:01 INFO [DevilSquare - 1] DevilSquare::SetState_StandBy
2023-04-01_07:35:01 INFO [DevilSquare - 2] DevilSquare::SetState_StandBy
2023-04-01_07:35:01 INFO [DevilSquare - 3] DevilSquare::SetState_StandBy
2023-04-01_07:35:01 INFO [DevilSquare - 4] DevilSquare::SetState_StandBy
2023-04-01_07:35:01 INFO [DevilSquare - 5] DevilSquare::SetState_StandBy
2023-04-01_07:35:01 INFO [DevilSquare - 6] DevilSquare::SetState_StandBy
2023-04-01_07:35:01 INFO [DevilSquare - 7] DevilSquare::SetState_StandBy
2023-04-01_07:35:01 INFO [DevilSquareMgr] SetState_Playing()
2023-04-01_07:35:01 INFO [DevilSquare - 1] Moving Players Out
2023-04-01_07:35:01 INFO [DevilSquare - 1] Clearing Monsters
2023-04-01_07:35:02 INFO [DevilSquare - 1] DevilSquare::SetState_None
2023-04-01_07:35:02 INFO [DevilSquare - 2] Moving Players Out
2023-04-01_07:35:02 INFO [DevilSquare - 2] Clearing Monsters
2023-04-01_07:35:02 INFO [DevilSquare - 2] DevilSquare::SetState_None
2023-04-01_07:35:02 INFO [DevilSquare - 3] Moving Players Out
2023-04-01_07:35:02 INFO [DevilSquare - 3] Clearing Monsters
2023-04-01_07:35:02 INFO [DevilSquare - 3] DevilSquare::SetState_None
2023-04-01_07:35:02 INFO [DevilSquare - 4] Moving Players Out
2023-04-01_07:35:02 INFO [DevilSquare - 4] Clearing Monsters
2023-04-01_07:35:02 INFO [DevilSquare - 4] DevilSquare::SetState_None
2023-04-01_07:35:02 INFO [DevilSquare - 5] Moving Players Out
2023-04-01_07:35:02 INFO [DevilSquare - 5] Clearing Monsters
2023-04-01_07:35:02 INFO [DevilSquare - 5] DevilSquare::SetState_None
2023-04-01_07:35:03 INFO [DevilSquare - 6] Moving Players Out
2023-04-01_07:35:03 INFO [DevilSquare - 6] Clearing Monsters
2023-04-01_07:35:03 INFO [DevilSquare - 6] DevilSquare::SetState_None
2023-04-01_07:35:03 INFO [DevilSquare - 7] Moving Players Out
2023-04-01_07:35:03 INFO [DevilSquare - 7] Clearing Monsters
2023-04-01_07:35:03 INFO [DevilSquare - 7] DevilSquare::SetState_None
2023-04-01_07:35:03 INFO [DevilSquareMgr] SetState_None()
2023-04-01_08:30:00 INFO [DevilSquare - 1] DevilSquare::SetState_Open
2023-04-01_08:30:01 INFO [DevilSquare - 2] DevilSquare::SetState_Open
2023-04-01_08:30:02 INFO [DevilSquare - 3] DevilSquare::SetState_Open
2023-04-01_08:30:03 INFO [DevilSquare - 4] DevilSquare::SetState_Open
2023-04-01_08:30:03 INFO [DevilSquare - 5] DevilSquare::SetState_Open
2023-04-01_08:30:03 INFO [DevilSquare - 6] DevilSquare::SetState_Open
2023-04-01_08:30:03 INFO [DevilSquare - 7] DevilSquare::SetState_Open
2023-04-01_08:30:04 INFO [DevilSquareMgr] SetState_Open()
2023-04-01_08:35:04 INFO [DevilSquare - 1] DevilSquare::SetState_StandBy
2023-04-01_08:35:04 INFO [DevilSquare - 2] DevilSquare::SetState_StandBy
2023-04-01_08:35:04 INFO [DevilSquare - 3] DevilSquare::SetState_StandBy
2023-04-01_08:35:04 INFO [DevilSquare - 4] DevilSquare::SetState_StandBy
2023-04-01_08:35:04 INFO [DevilSquare - 5] DevilSquare::SetState_StandBy
2023-04-01_08:35:04 INFO [DevilSquare - 6] DevilSquare::SetState_StandBy
2023-04-01_08:35:04 INFO [DevilSquare - 7] DevilSquare::SetState_StandBy
2023-04-01_08:35:04 INFO [DevilSquareMgr] SetState_Playing()
2023-04-01_08:35:04 INFO [DevilSquare - 1] Moving Players Out
2023-04-01_08:35:04 INFO [DevilSquare - 1] Clearing Monsters
2023-04-01_08:35:04 INFO [DevilSquare - 1] DevilSquare::SetState_None
2023-04-01_08:35:05 INFO [DevilSquare - 2] Moving Players Out
2023-04-01_08:35:05 INFO [DevilSquare - 2] Clearing Monsters
2023-04-01_08:35:05 INFO [DevilSquare - 2] DevilSquare::SetState_None
2023-04-01_08:35:05 INFO [DevilSquare - 3] Moving Players Out
2023-04-01_08:35:05 INFO [DevilSquare - 3] Clearing Monsters
2023-04-01_08:35:05 INFO [DevilSquare - 3] DevilSquare::SetState_None
2023-04-01_08:35:05 INFO [DevilSquare - 4] Moving Players Out
2023-04-01_08:35:05 INFO [DevilSquare - 4] Clearing Monsters
2023-04-01_08:35:05 INFO [DevilSquare - 4] DevilSquare::SetState_None
2023-04-01_08:35:05 INFO [DevilSquare - 5] Moving Players Out
2023-04-01_08:35:06 INFO [DevilSquare - 5] Clearing Monsters
2023-04-01_08:35:06 INFO [DevilSquare - 5] DevilSquare::SetState_None
2023-04-01_08:35:06 INFO [DevilSquare - 6] Moving Players Out
2023-04-01_08:35:06 INFO [DevilSquare - 6] Clearing Monsters
2023-04-01_08:35:06 INFO [DevilSquare - 6] DevilSquare::SetState_None
2023-04-01_08:35:06 INFO [DevilSquare - 7] Moving Players Out
2023-04-01_08:35:06 INFO [DevilSquare - 7] Clearing Monsters
2023-04-01_08:35:06 INFO [DevilSquare - 7] DevilSquare::SetState_None
2023-04-01_08:35:07 INFO [DevilSquareMgr] SetState_None()
2023-04-01_09:30:00 INFO [DevilSquare - 1] DevilSquare::SetState_Open
2023-04-01_09:30:00 INFO [DevilSquare - 2] DevilSquare::SetState_Open
2023-04-01_09:30:00 INFO [DevilSquare - 3] DevilSquare::SetState_Open
2023-04-01_09:30:00 INFO [DevilSquare - 4] DevilSquare::SetState_Open
2023-04-01_09:30:01 INFO [DevilSquare - 5] DevilSquare::SetState_Open
2023-04-01_09:30:01 INFO [DevilSquare - 6] DevilSquare::SetState_Open
2023-04-01_09:30:01 INFO [DevilSquare - 7] DevilSquare::SetState_Open
2023-04-01_09:30:01 INFO [DevilSquareMgr] SetState_Open()
2023-04-01_09:35:01 INFO [DevilSquare - 1] DevilSquare::SetState_StandBy
2023-04-01_09:35:01 INFO [DevilSquare - 2] DevilSquare::SetState_StandBy
2023-04-01_09:35:01 INFO [DevilSquare - 3] DevilSquare::SetState_StandBy
2023-04-01_09:35:01 INFO [DevilSquare - 4] DevilSquare::SetState_StandBy
2023-04-01_09:35:01 INFO [DevilSquare - 5] DevilSquare::SetState_StandBy
2023-04-01_09:35:01 INFO [DevilSquare - 6] DevilSquare::SetState_StandBy
2023-04-01_09:35:01 INFO [DevilSquare - 7] DevilSquare::SetState_StandBy
2023-04-01_09:35:01 INFO [DevilSquareMgr] SetState_Playing()
2023-04-01_09:35:01 INFO [DevilSquare - 1] Moving Players Out
2023-04-01_09:35:02 INFO [DevilSquare - 1] Clearing Monsters
2023-04-01_09:35:02 INFO [DevilSquare - 1] DevilSquare::SetState_None
2023-04-01_09:35:02 INFO [DevilSquare - 2] Moving Players Out
2023-04-01_09:35:02 INFO [DevilSquare - 2] Clearing Monsters
2023-04-01_09:35:03 INFO [DevilSquare - 2] DevilSquare::SetState_None
2023-04-01_09:35:03 INFO [DevilSquare - 3] Moving Players Out
2023-04-01_09:35:03 INFO [DevilSquare - 3] Clearing Monsters
2023-04-01_09:35:03 INFO [DevilSquare - 3] DevilSquare::SetState_None
2023-04-01_09:35:03 INFO [DevilSquare - 4] Moving Players Out
2023-04-01_09:35:03 INFO [DevilSquare - 4] Clearing Monsters
2023-04-01_09:35:03 INFO [DevilSquare - 4] DevilSquare::SetState_None
2023-04-01_09:35:03 INFO [DevilSquare - 5] Moving Players Out
2023-04-01_09:35:03 INFO [DevilSquare - 5] Clearing Monsters
2023-04-01_09:35:03 INFO [DevilSquare - 5] DevilSquare::SetState_None
2023-04-01_09:35:04 INFO [DevilSquare - 6] Moving Players Out
2023-04-01_09:35:04 INFO [DevilSquare - 6] Clearing Monsters
2023-04-01_09:35:04 INFO [DevilSquare - 6] DevilSquare::SetState_None
2023-04-01_09:35:04 INFO [DevilSquare - 7] Moving Players Out
2023-04-01_09:35:04 INFO [DevilSquare - 7] Clearing Monsters
2023-04-01_09:35:04 INFO [DevilSquare - 7] DevilSquare::SetState_None
2023-04-01_09:35:04 INFO [DevilSquareMgr] SetState_None()
2023-04-01_10:30:00 INFO [DevilSquare - 1] DevilSquare::SetState_Open
2023-04-01_10:30:00 INFO [DevilSquare - 2] DevilSquare::SetState_Open
2023-04-01_10:30:00 INFO [DevilSquare - 3] DevilSquare::SetState_Open
2023-04-01_10:30:01 INFO [DevilSquare - 4] DevilSquare::SetState_Open
2023-04-01_10:30:01 INFO [DevilSquare - 5] DevilSquare::SetState_Open
2023-04-01_10:30:01 INFO [DevilSquare - 6] DevilSquare::SetState_Open
2023-04-01_10:30:01 INFO [DevilSquare - 7] DevilSquare::SetState_Open
2023-04-01_10:30:01 INFO [DevilSquareMgr] SetState_Open()
2023-04-01_10:35:01 INFO [DevilSquare - 1] DevilSquare::SetState_StandBy
2023-04-01_10:35:01 INFO [DevilSquare - 2] DevilSquare::SetState_StandBy
2023-04-01_10:35:01 INFO [DevilSquare - 3] DevilSquare::SetState_StandBy
2023-04-01_10:35:01 INFO [DevilSquare - 4] DevilSquare::SetState_StandBy
2023-04-01_10:35:01 INFO [DevilSquare - 5] DevilSquare::SetState_StandBy
2023-04-01_10:35:01 INFO [DevilSquare - 6] DevilSquare::SetState_StandBy
2023-04-01_10:35:01 INFO [DevilSquare - 7] DevilSquare::SetState_StandBy
2023-04-01_10:35:01 INFO [DevilSquareMgr] SetState_Playing()
2023-04-01_10:35:02 INFO [DevilSquare - 1] Moving Players Out
2023-04-01_10:35:02 INFO [DevilSquare - 1] Clearing Monsters
2023-04-01_10:35:02 INFO [DevilSquare - 1] DevilSquare::SetState_None
2023-04-01_10:35:02 INFO [DevilSquare - 2] Moving Players Out
2023-04-01_10:35:02 INFO [DevilSquare - 2] Clearing Monsters
2023-04-01_10:35:02 INFO [DevilSquare - 2] DevilSquare::SetState_None
2023-04-01_10:35:02 INFO [DevilSquare - 3] Moving Players Out
2023-04-01_10:35:02 INFO [DevilSquare - 3] Clearing Monsters
2023-04-01_10:35:02 INFO [DevilSquare - 3] DevilSquare::SetState_None
2023-04-01_10:35:02 INFO [DevilSquare - 4] Moving Players Out
2023-04-01_10:35:02 INFO [DevilSquare - 4] Clearing Monsters
2023-04-01_10:35:03 INFO [DevilSquare - 4] DevilSquare::SetState_None
2023-04-01_10:35:03 INFO [DevilSquare - 5] Moving Players Out
2023-04-01_10:35:03 INFO [DevilSquare - 5] Clearing Monsters
2023-04-01_10:35:03 INFO [DevilSquare - 5] DevilSquare::SetState_None
2023-04-01_10:35:03 INFO [DevilSquare - 6] Moving Players Out
2023-04-01_10:35:03 INFO [DevilSquare - 6] Clearing Monsters
2023-04-01_10:35:03 INFO [DevilSquare - 6] DevilSquare::SetState_None
2023-04-01_10:35:03 INFO [DevilSquare - 7] Moving Players Out
2023-04-01_10:35:03 INFO [DevilSquare - 7] Clearing Monsters
2023-04-01_10:35:03 INFO [DevilSquare - 7] DevilSquare::SetState_None
2023-04-01_10:35:04 INFO [DevilSquareMgr] SetState_None()
2023-04-01_11:30:00 INFO [DevilSquare - 1] DevilSquare::SetState_Open
2023-04-01_11:30:01 INFO [DevilSquare - 2] DevilSquare::SetState_Open
2023-04-01_11:30:01 INFO [DevilSquare - 3] DevilSquare::SetState_Open
2023-04-01_11:30:02 INFO [DevilSquare - 4] DevilSquare::SetState_Open
2023-04-01_11:30:02 INFO [DevilSquare - 5] DevilSquare::SetState_Open
2023-04-01_11:30:02 INFO [DevilSquare - 6] DevilSquare::SetState_Open
2023-04-01_11:30:02 INFO [DevilSquare - 7] DevilSquare::SetState_Open
2023-04-01_11:30:02 INFO [DevilSquareMgr] SetState_Open()
2023-04-01_11:35:02 INFO [DevilSquare - 1] DevilSquare::SetState_StandBy
2023-04-01_11:35:02 INFO [DevilSquare - 2] DevilSquare::SetState_StandBy
2023-04-01_11:35:02 INFO [DevilSquare - 3] DevilSquare::SetState_StandBy
2023-04-01_11:35:02 INFO [DevilSquare - 4] DevilSquare::SetState_StandBy
2023-04-01_11:35:03 INFO [DevilSquare - 5] DevilSquare::SetState_StandBy
2023-04-01_11:35:03 INFO [DevilSquare - 6] DevilSquare::SetState_StandBy
2023-04-01_11:35:03 INFO [DevilSquare - 7] DevilSquare::SetState_StandBy
2023-04-01_11:35:03 INFO [DevilSquareMgr] SetState_Playing()
2023-04-01_11:35:03 INFO [DevilSquare - 1] Moving Players Out
2023-04-01_11:35:03 INFO [DevilSquare - 1] Clearing Monsters
2023-04-01_11:35:03 INFO [DevilSquare - 1] DevilSquare::SetState_None
2023-04-01_11:35:03 INFO [DevilSquare - 2] Moving Players Out
2023-04-01_11:35:03 INFO [DevilSquare - 2] Clearing Monsters
2023-04-01_11:35:03 INFO [DevilSquare - 2] DevilSquare::SetState_None
2023-04-01_11:35:03 INFO [DevilSquare - 3] Moving Players Out
2023-04-01_11:35:04 INFO [DevilSquare - 3] Clearing Monsters
2023-04-01_11:35:04 INFO [DevilSquare - 3] DevilSquare::SetState_None
2023-04-01_11:35:04 INFO [DevilSquare - 4] Moving Players Out
2023-04-01_11:35:04 INFO [DevilSquare - 4] Clearing Monsters
2023-04-01_11:35:04 INFO [DevilSquare - 4] DevilSquare::SetState_None
2023-04-01_11:35:04 INFO [DevilSquare - 5] Moving Players Out
2023-04-01_11:35:04 INFO [DevilSquare - 5] Clearing Monsters
2023-04-01_11:35:04 INFO [DevilSquare - 5] DevilSquare::SetState_None
2023-04-01_11:35:04 INFO [DevilSquare - 6] Moving Players Out
2023-04-01_11:35:04 INFO [DevilSquare - 6] Clearing Monsters
2023-04-01_11:35:04 INFO [DevilSquare - 6] DevilSquare::SetState_None
2023-04-01_11:35:05 INFO [DevilSquare - 7] Moving Players Out
2023-04-01_11:35:05 INFO [DevilSquare - 7] Clearing Monsters
2023-04-01_11:35:05 INFO [DevilSquare - 7] DevilSquare::SetState_None
2023-04-01_11:35:05 INFO [DevilSquareMgr] SetState_None()
2023-04-01_12:30:00 INFO [DevilSquare - 1] DevilSquare::SetState_Open
2023-04-01_12:30:01 INFO [DevilSquare - 2] DevilSquare::SetState_Open
2023-04-01_12:30:03 INFO [DevilSquare - 3] DevilSquare::SetState_Open
2023-04-01_12:30:03 INFO [DevilSquare - 4] DevilSquare::SetState_Open
2023-04-01_12:30:03 INFO [DevilSquare - 5] DevilSquare::SetState_Open
2023-04-01_12:30:03 INFO [DevilSquare - 6] DevilSquare::SetState_Open
2023-04-01_12:30:03 INFO [DevilSquare - 7] DevilSquare::SetState_Open
2023-04-01_12:30:03 INFO [DevilSquareMgr] SetState_Open()
2023-04-01_12:35:03 INFO [DevilSquare - 1] DevilSquare::SetState_StandBy
2023-04-01_12:35:03 INFO [DevilSquare - 2] DevilSquare::SetState_StandBy
2023-04-01_12:35:04 INFO [DevilSquare - 3] DevilSquare::SetState_StandBy
2023-04-01_12:35:04 INFO [DevilSquare - 4] DevilSquare::SetState_StandBy
2023-04-01_12:35:04 INFO [DevilSquare - 5] DevilSquare::SetState_StandBy
2023-04-01_12:35:04 INFO [DevilSquare - 6] DevilSquare::SetState_StandBy
2023-04-01_12:35:04 INFO [DevilSquare - 7] DevilSquare::SetState_StandBy
2023-04-01_12:35:04 INFO [DevilSquareMgr] SetState_Playing()
2023-04-01_12:35:04 INFO [DevilSquare - 1] Moving Players Out
2023-04-01_12:35:04 INFO [DevilSquare - 1] Clearing Monsters
2023-04-01_12:35:04 INFO [DevilSquare - 1] DevilSquare::SetState_None
2023-04-01_12:35:04 INFO [DevilSquare - 2] Moving Players Out
2023-04-01_12:35:04 INFO [DevilSquare - 2] Clearing Monsters
2023-04-01_12:35:05 INFO [DevilSquare - 2] DevilSquare::SetState_None
2023-04-01_12:35:05 INFO [DevilSquare - 3] Moving Players Out
2023-04-01_12:35:05 INFO [DevilSquare - 3] Clearing Monsters
2023-04-01_12:35:05 INFO [DevilSquare - 3] DevilSquare::SetState_None
2023-04-01_12:35:05 INFO [DevilSquare - 4] Moving Players Out
2023-04-01_12:35:05 INFO [DevilSquare - 4] Clearing Monsters
2023-04-01_12:35:05 INFO [DevilSquare - 4] DevilSquare::SetState_None
2023-04-01_12:35:06 INFO [DevilSquare - 5] Moving Players Out
2023-04-01_12:35:06 INFO [DevilSquare - 5] Clearing Monsters
2023-04-01_12:35:06 INFO [DevilSquare - 5] DevilSquare::SetState_None
2023-04-01_12:35:06 INFO [DevilSquare - 6] Moving Players Out
2023-04-01_12:35:06 INFO [DevilSquare - 6] Clearing Monsters
2023-04-01_12:35:06 INFO [DevilSquare - 6] DevilSquare::SetState_None
2023-04-01_12:35:06 INFO [DevilSquare - 7] Moving Players Out
2023-04-01_12:35:06 INFO [DevilSquare - 7] Clearing Monsters
2023-04-01_12:35:07 INFO [DevilSquare - 7] DevilSquare::SetState_None
2023-04-01_12:35:07 INFO [DevilSquareMgr] SetState_None()
2023-04-01_13:30:00 INFO [DevilSquare - 1] DevilSquare::SetState_Open
2023-04-01_13:30:00 INFO [DevilSquare - 2] DevilSquare::SetState_Open
2023-04-01_13:30:00 INFO [DevilSquare - 3] DevilSquare::SetState_Open
2023-04-01_13:30:00 INFO [DevilSquare - 4] DevilSquare::SetState_Open
2023-04-01_13:30:00 INFO [DevilSquare - 5] DevilSquare::SetState_Open
2023-04-01_13:30:00 INFO [DevilSquare - 6] DevilSquare::SetState_Open
2023-04-01_13:30:01 INFO [DevilSquare - 7] DevilSquare::SetState_Open
2023-04-01_13:30:01 INFO [DevilSquareMgr] SetState_Open()
2023-04-01_13:35:01 INFO [DevilSquare - 1] DevilSquare::SetState_StandBy
2023-04-01_13:35:01 INFO [DevilSquare - 2] DevilSquare::SetState_StandBy
2023-04-01_13:35:01 INFO [DevilSquare - 3] DevilSquare::SetState_StandBy
2023-04-01_13:35:01 INFO [DevilSquare - 4] DevilSquare::SetState_StandBy
2023-04-01_13:35:01 INFO [DevilSquare - 5] DevilSquare::SetState_StandBy
2023-04-01_13:35:01 INFO [DevilSquare - 6] DevilSquare::SetState_StandBy
2023-04-01_13:35:01 INFO [DevilSquare - 7] DevilSquare::SetState_StandBy
2023-04-01_13:35:01 INFO [DevilSquareMgr] SetState_Playing()
2023-04-01_13:35:01 INFO [DevilSquare - 1] Moving Players Out
2023-04-01_13:35:02 INFO [DevilSquare - 1] Clearing Monsters
2023-04-01_13:35:02 INFO [DevilSquare - 1] DevilSquare::SetState_None
2023-04-01_13:35:02 INFO [DevilSquare - 2] Moving Players Out
2023-04-01_13:35:02 INFO [DevilSquare - 2] Clearing Monsters
2023-04-01_13:35:02 INFO [DevilSquare - 2] DevilSquare::SetState_None
2023-04-01_13:35:02 INFO [DevilSquare - 3] Moving Players Out
2023-04-01_13:35:02 INFO [DevilSquare - 3] Clearing Monsters
2023-04-01_13:35:02 INFO [DevilSquare - 3] DevilSquare::SetState_None
2023-04-01_13:35:02 INFO [DevilSquare - 4] Moving Players Out
2023-04-01_13:35:03 INFO [DevilSquare - 4] Clearing Monsters
2023-04-01_13:35:03 INFO [DevilSquare - 4] DevilSquare::SetState_None
2023-04-01_13:35:03 INFO [DevilSquare - 5] Moving Players Out
2023-04-01_13:35:03 INFO [DevilSquare - 5] Clearing Monsters
2023-04-01_13:35:03 INFO [DevilSquare - 5] DevilSquare::SetState_None
2023-04-01_13:35:03 INFO [DevilSquare - 6] Moving Players Out
2023-04-01_13:35:03 INFO [DevilSquare - 6] Clearing Monsters
2023-04-01_13:35:03 INFO [DevilSquare - 6] DevilSquare::SetState_None
2023-04-01_13:35:03 INFO [DevilSquare - 7] Moving Players Out
2023-04-01_13:35:04 INFO [DevilSquare - 7] Clearing Monsters
2023-04-01_13:35:04 INFO [DevilSquare - 7] DevilSquare::SetState_None
2023-04-01_13:35:04 INFO [DevilSquareMgr] SetState_None()
2023-04-01_14:30:01 INFO [DevilSquare - 1] DevilSquare::SetState_Open
2023-04-01_14:30:01 INFO [DevilSquare - 2] DevilSquare::SetState_Open
2023-04-01_14:30:01 INFO [DevilSquare - 3] DevilSquare::SetState_Open
2023-04-01_14:30:01 INFO [DevilSquare - 4] DevilSquare::SetState_Open
2023-04-01_14:30:01 INFO [DevilSquare - 5] DevilSquare::SetState_Open
2023-04-01_14:30:02 INFO [DevilSquare - 6] DevilSquare::SetState_Open
2023-04-01_14:30:02 INFO [DevilSquare - 7] DevilSquare::SetState_Open
2023-04-01_14:30:02 INFO [DevilSquareMgr] SetState_Open()
2023-04-01_14:35:02 INFO [DevilSquare - 1] DevilSquare::SetState_StandBy
2023-04-01_14:35:02 INFO [DevilSquare - 2] DevilSquare::SetState_StandBy
2023-04-01_14:35:02 INFO [DevilSquare - 3] DevilSquare::SetState_StandBy
2023-04-01_14:35:02 INFO [DevilSquare - 4] DevilSquare::SetState_StandBy
2023-04-01_14:35:02 INFO [DevilSquare - 5] DevilSquare::SetState_StandBy
2023-04-01_14:35:02 INFO [DevilSquare - 6] DevilSquare::SetState_StandBy
2023-04-01_14:35:02 INFO [DevilSquare - 7] DevilSquare::SetState_StandBy
2023-04-01_14:35:03 INFO [DevilSquareMgr] SetState_Playing()
2023-04-01_14:35:03 INFO [DevilSquare - 1] Moving Players Out
2023-04-01_14:35:03 INFO [DevilSquare - 1] Clearing Monsters
2023-04-01_14:35:03 INFO [DevilSquare - 1] DevilSquare::SetState_None
2023-04-01_14:35:03 INFO [DevilSquare - 2] Moving Players Out
2023-04-01_14:35:03 INFO [DevilSquare - 2] Clearing Monsters
2023-04-01_14:35:03 INFO [DevilSquare - 2] DevilSquare::SetState_None
2023-04-01_14:35:03 INFO [DevilSquare - 3] Moving Players Out
2023-04-01_14:35:04 INFO [DevilSquare - 3] Clearing Monsters
2023-04-01_14:35:04 INFO [DevilSquare - 3] DevilSquare::SetState_None
2023-04-01_14:35:04 INFO [DevilSquare - 4] Moving Players Out
2023-04-01_14:35:04 INFO [DevilSquare - 4] Clearing Monsters
2023-04-01_14:35:04 INFO [DevilSquare - 4] DevilSquare::SetState_None
2023-04-01_14:35:04 INFO [DevilSquare - 5] Moving Players Out
2023-04-01_14:35:04 INFO [DevilSquare - 5] Clearing Monsters
2023-04-01_14:35:04 INFO [DevilSquare - 5] DevilSquare::SetState_None
2023-04-01_14:35:05 INFO [DevilSquare - 6] Moving Players Out
2023-04-01_14:35:05 INFO [DevilSquare - 6] Clearing Monsters
2023-04-01_14:35:05 INFO [DevilSquare - 6] DevilSquare::SetState_None
2023-04-01_14:35:06 INFO [DevilSquare - 7] Moving Players Out
2023-04-01_14:35:06 INFO [DevilSquare - 7] Clearing Monsters
2023-04-01_14:35:06 INFO [DevilSquare - 7] DevilSquare::SetState_None
2023-04-01_14:35:07 INFO [DevilSquareMgr] SetState_None()
2023-04-01_15:30:00 INFO [DevilSquare - 1] DevilSquare::SetState_Open
2023-04-01_15:30:00 INFO [DevilSquare - 2] DevilSquare::SetState_Open
2023-04-01_15:30:00 INFO [DevilSquare - 3] DevilSquare::SetState_Open
2023-04-01_15:30:00 INFO [DevilSquare - 4] DevilSquare::SetState_Open
2023-04-01_15:30:00 INFO [DevilSquare - 5] DevilSquare::SetState_Open
2023-04-01_15:30:00 INFO [DevilSquare - 6] DevilSquare::SetState_Open
2023-04-01_15:30:00 INFO [DevilSquare - 7] DevilSquare::SetState_Open
2023-04-01_15:30:00 INFO [DevilSquareMgr] SetState_Open()
2023-04-01_15:35:00 INFO [DevilSquare - 1] DevilSquare::SetState_StandBy
2023-04-01_15:35:00 INFO [DevilSquare - 2] DevilSquare::SetState_StandBy
2023-04-01_15:35:00 INFO [DevilSquare - 3] DevilSquare::SetState_StandBy
2023-04-01_15:35:00 INFO [DevilSquare - 4] DevilSquare::SetState_StandBy
2023-04-01_15:35:00 INFO [DevilSquare - 5] DevilSquare::SetState_StandBy
2023-04-01_15:35:00 INFO [DevilSquare - 6] DevilSquare::SetState_StandBy
2023-04-01_15:35:00 INFO [DevilSquare - 7] DevilSquare::SetState_StandBy
2023-04-01_15:35:00 INFO [DevilSquareMgr] SetState_Playing()
2023-04-01_15:35:00 INFO [DevilSquare - 1] Moving Players Out
2023-04-01_15:35:00 INFO [DevilSquare - 1] Clearing Monsters
2023-04-01_15:35:00 INFO [DevilSquare - 1] DevilSquare::SetState_None
2023-04-01_15:35:00 INFO [DevilSquare - 2] Moving Players Out
2023-04-01_15:35:00 INFO [DevilSquare - 2] Clearing Monsters
2023-04-01_15:35:00 INFO [DevilSquare - 2] DevilSquare::SetState_None
2023-04-01_15:35:00 INFO [DevilSquare - 3] Moving Players Out
2023-04-01_15:35:00 INFO [DevilSquare - 3] Clearing Monsters
2023-04-01_15:35:00 INFO [DevilSquare - 3] DevilSquare::SetState_None
2023-04-01_15:35:00 INFO [DevilSquare - 4] Moving Players Out
2023-04-01_15:35:00 INFO [DevilSquare - 4] Clearing Monsters
2023-04-01_15:35:00 INFO [DevilSquare - 4] DevilSquare::SetState_None
2023-04-01_15:35:00 INFO [DevilSquare - 5] Moving Players Out
2023-04-01_15:35:00 INFO [DevilSquare - 5] Clearing Monsters
2023-04-01_15:35:00 INFO [DevilSquare - 5] DevilSquare::SetState_None
2023-04-01_15:35:00 INFO [DevilSquare - 6] Moving Players Out
2023-04-01_15:35:00 INFO [DevilSquare - 6] Clearing Monsters
2023-04-01_15:35:00 INFO [DevilSquare - 6] DevilSquare::SetState_None
2023-04-01_15:35:00 INFO [DevilSquare - 7] Moving Players Out
2023-04-01_15:35:00 INFO [DevilSquare - 7] Clearing Monsters
2023-04-01_15:35:00 INFO [DevilSquare - 7] DevilSquare::SetState_None
2023-04-01_15:35:00 INFO [DevilSquareMgr] SetState_None()
2023-04-01_16:30:00 INFO [DevilSquare - 1] DevilSquare::SetState_Open
2023-04-01_16:30:00 INFO [DevilSquare - 2] DevilSquare::SetState_Open
2023-04-01_16:30:00 INFO [DevilSquare - 3] DevilSquare::SetState_Open
2023-04-01_16:30:00 INFO [DevilSquare - 4] DevilSquare::SetState_Open
2023-04-01_16:30:00 INFO [DevilSquare - 5] DevilSquare::SetState_Open
2023-04-01_16:30:00 INFO [DevilSquare - 6] DevilSquare::SetState_Open
2023-04-01_16:30:00 INFO [DevilSquare - 7] DevilSquare::SetState_Open
2023-04-01_16:30:00 INFO [DevilSquareMgr] SetState_Open()
2023-04-01_16:35:00 INFO [DevilSquare - 1] DevilSquare::SetState_StandBy
2023-04-01_16:35:00 INFO [DevilSquare - 2] DevilSquare::SetState_StandBy
2023-04-01_16:35:00 INFO [DevilSquare - 3] DevilSquare::SetState_StandBy
2023-04-01_16:35:00 INFO [DevilSquare - 4] DevilSquare::SetState_StandBy
2023-04-01_16:35:00 INFO [DevilSquare - 5] DevilSquare::SetState_StandBy
2023-04-01_16:35:00 INFO [DevilSquare - 6] DevilSquare::SetState_StandBy
2023-04-01_16:35:00 INFO [DevilSquare - 7] DevilSquare::SetState_StandBy
2023-04-01_16:35:00 INFO [DevilSquareMgr] SetState_Playing()
2023-04-01_16:35:00 INFO [DevilSquare - 1] Moving Players Out
2023-04-01_16:35:00 INFO [DevilSquare - 1] Clearing Monsters
2023-04-01_16:35:00 INFO [DevilSquare - 1] DevilSquare::SetState_None
2023-04-01_16:35:00 INFO [DevilSquare - 2] Moving Players Out
2023-04-01_16:35:00 INFO [DevilSquare - 2] Clearing Monsters
2023-04-01_16:35:00 INFO [DevilSquare - 2] DevilSquare::SetState_None
2023-04-01_16:35:00 INFO [DevilSquare - 3] Moving Players Out
2023-04-01_16:35:00 INFO [DevilSquare - 3] Clearing Monsters
2023-04-01_16:35:00 INFO [DevilSquare - 3] DevilSquare::SetState_None
2023-04-01_16:35:00 INFO [DevilSquare - 4] Moving Players Out
2023-04-01_16:35:01 INFO [DevilSquare - 4] Clearing Monsters
2023-04-01_16:35:01 INFO [DevilSquare - 4] DevilSquare::SetState_None
2023-04-01_16:35:01 INFO [DevilSquare - 5] Moving Players Out
2023-04-01_16:35:01 INFO [DevilSquare - 5] Clearing Monsters
2023-04-01_16:35:01 INFO [DevilSquare - 5] DevilSquare::SetState_None
2023-04-01_16:35:01 INFO [DevilSquare - 6] Moving Players Out
2023-04-01_16:35:01 INFO [DevilSquare - 6] Clearing Monsters
2023-04-01_16:35:01 INFO [DevilSquare - 6] DevilSquare::SetState_None
2023-04-01_16:35:01 INFO [DevilSquare - 7] Moving Players Out
2023-04-01_16:35:01 INFO [DevilSquare - 7] Clearing Monsters
2023-04-01_16:35:01 INFO [DevilSquare - 7] DevilSquare::SetState_None
2023-04-01_16:35:01 INFO [DevilSquareMgr] SetState_None()
2023-04-01_17:30:00 INFO [DevilSquare - 1] DevilSquare::SetState_Open
2023-04-01_17:30:00 INFO [DevilSquare - 2] DevilSquare::SetState_Open
2023-04-01_17:30:00 INFO [DevilSquare - 3] DevilSquare::SetState_Open
2023-04-01_17:30:01 INFO [DevilSquare - 4] DevilSquare::SetState_Open
2023-04-01_17:30:01 INFO [DevilSquare - 5] DevilSquare::SetState_Open
2023-04-01_17:30:01 INFO [DevilSquare - 6] DevilSquare::SetState_Open
2023-04-01_17:30:01 INFO [DevilSquare - 7] DevilSquare::SetState_Open
2023-04-01_17:30:01 INFO [DevilSquareMgr] SetState_Open()
2023-04-01_17:35:01 INFO [DevilSquare - 1] DevilSquare::SetState_StandBy
2023-04-01_17:35:01 INFO [DevilSquare - 2] DevilSquare::SetState_StandBy
2023-04-01_17:35:01 INFO [DevilSquare - 3] DevilSquare::SetState_StandBy
2023-04-01_17:35:01 INFO [DevilSquare - 4] DevilSquare::SetState_StandBy
2023-04-01_17:35:01 INFO [DevilSquare - 5] DevilSquare::SetState_StandBy
2023-04-01_17:35:01 INFO [DevilSquare - 6] DevilSquare::SetState_StandBy
2023-04-01_17:35:01 INFO [DevilSquare - 7] DevilSquare::SetState_StandBy
2023-04-01_17:35:01 INFO [DevilSquareMgr] SetState_Playing()
2023-04-01_17:35:01 INFO [DevilSquare - 1] Moving Players Out
2023-04-01_17:35:01 INFO [DevilSquare - 1] Clearing Monsters
2023-04-01_17:35:01 INFO [DevilSquare - 1] DevilSquare::SetState_None
2023-04-01_17:35:01 INFO [DevilSquare - 2] Moving Players Out
2023-04-01_17:35:01 INFO [DevilSquare - 2] Clearing Monsters
2023-04-01_17:35:01 INFO [DevilSquare - 2] DevilSquare::SetState_None
2023-04-01_17:35:01 INFO [DevilSquare - 3] Moving Players Out
2023-04-01_17:35:01 INFO [DevilSquare - 3] Clearing Monsters
2023-04-01_17:35:01 INFO [DevilSquare - 3] DevilSquare::SetState_None
2023-04-01_17:35:01 INFO [DevilSquare - 4] Moving Players Out
2023-04-01_17:35:01 INFO [DevilSquare - 4] Clearing Monsters
2023-04-01_17:35:01 INFO [DevilSquare - 4] DevilSquare::SetState_None
2023-04-01_17:35:01 INFO [DevilSquare - 5] Moving Players Out
2023-04-01_17:35:01 INFO [DevilSquare - 5] Clearing Monsters
2023-04-01_17:35:01 INFO [DevilSquare - 5] DevilSquare::SetState_None
2023-04-01_17:35:01 INFO [DevilSquare - 6] Moving Players Out
2023-04-01_17:35:01 INFO [DevilSquare - 6] Clearing Monsters
2023-04-01_17:35:01 INFO [DevilSquare - 6] DevilSquare::SetState_None
2023-04-01_17:35:01 INFO [DevilSquare - 7] Moving Players Out
2023-04-01_17:35:01 INFO [DevilSquare - 7] Clearing Monsters
2023-04-01_17:35:01 INFO [DevilSquare - 7] DevilSquare::SetState_None
2023-04-01_17:35:01 INFO [DevilSquareMgr] SetState_None()
2023-04-01_18:30:00 INFO [DevilSquare - 1] DevilSquare::SetState_Open
2023-04-01_18:30:00 INFO [DevilSquare - 2] DevilSquare::SetState_Open
2023-04-01_18:30:00 INFO [DevilSquare - 3] DevilSquare::SetState_Open
2023-04-01_18:30:00 INFO [DevilSquare - 4] DevilSquare::SetState_Open
2023-04-01_18:30:00 INFO [DevilSquare - 5] DevilSquare::SetState_Open
2023-04-01_18:30:00 INFO [DevilSquare - 6] DevilSquare::SetState_Open
2023-04-01_18:30:00 INFO [DevilSquare - 7] DevilSquare::SetState_Open
2023-04-01_18:30:00 INFO [DevilSquareMgr] SetState_Open()
2023-04-01_18:35:00 INFO [DevilSquare - 1] DevilSquare::SetState_StandBy
2023-04-01_18:35:00 INFO [DevilSquare - 2] DevilSquare::SetState_StandBy
2023-04-01_18:35:00 INFO [DevilSquare - 3] DevilSquare::SetState_StandBy
2023-04-01_18:35:00 INFO [DevilSquare - 4] DevilSquare::SetState_StandBy
2023-04-01_18:35:00 INFO [DevilSquare - 5] DevilSquare::SetState_StandBy
2023-04-01_18:35:00 INFO [DevilSquare - 6] DevilSquare::SetState_StandBy
2023-04-01_18:35:00 INFO [DevilSquare - 7] DevilSquare::SetState_StandBy
2023-04-01_18:35:00 INFO [DevilSquareMgr] SetState_Playing()
2023-04-01_18:35:00 INFO [DevilSquare - 1] Moving Players Out
2023-04-01_18:35:00 INFO [DevilSquare - 1] Clearing Monsters
2023-04-01_18:35:00 INFO [DevilSquare - 1] DevilSquare::SetState_None
2023-04-01_18:35:00 INFO [DevilSquare - 2] Moving Players Out
2023-04-01_18:35:00 INFO [DevilSquare - 2] Clearing Monsters
2023-04-01_18:35:00 INFO [DevilSquare - 2] DevilSquare::SetState_None
2023-04-01_18:35:00 INFO [DevilSquare - 3] Moving Players Out
2023-04-01_18:35:00 INFO [DevilSquare - 3] Clearing Monsters
2023-04-01_18:35:00 INFO [DevilSquare - 3] DevilSquare::SetState_None
2023-04-01_18:35:01 INFO [DevilSquare - 4] Moving Players Out
2023-04-01_18:35:01 INFO [DevilSquare - 4] Clearing Monsters
2023-04-01_18:35:01 INFO [DevilSquare - 4] DevilSquare::SetState_None
2023-04-01_18:35:01 INFO [DevilSquare - 5] Moving Players Out
2023-04-01_18:35:01 INFO [DevilSquare - 5] Clearing Monsters
2023-04-01_18:35:01 INFO [DevilSquare - 5] DevilSquare::SetState_None
2023-04-01_18:35:01 INFO [DevilSquare - 6] Moving Players Out
2023-04-01_18:35:01 INFO [DevilSquare - 6] Clearing Monsters
2023-04-01_18:35:01 INFO [DevilSquare - 6] DevilSquare::SetState_None
2023-04-01_18:35:01 INFO [DevilSquare - 7] Moving Players Out
2023-04-01_18:35:01 INFO [DevilSquare - 7] Clearing Monsters
2023-04-01_18:35:01 INFO [DevilSquare - 7] DevilSquare::SetState_None
2023-04-01_18:35:01 INFO [DevilSquareMgr] SetState_None()
2023-04-01_19:30:00 INFO [DevilSquare - 1] DevilSquare::SetState_Open
2023-04-01_19:30:00 INFO [DevilSquare - 2] DevilSquare::SetState_Open
2023-04-01_19:30:00 INFO [DevilSquare - 3] DevilSquare::SetState_Open
2023-04-01_19:30:00 INFO [DevilSquare - 4] DevilSquare::SetState_Open
2023-04-01_19:30:00 INFO [DevilSquare - 5] DevilSquare::SetState_Open
2023-04-01_19:30:00 INFO [DevilSquare - 6] DevilSquare::SetState_Open
2023-04-01_19:30:00 INFO [DevilSquare - 7] DevilSquare::SetState_Open
2023-04-01_19:30:01 INFO [DevilSquareMgr] SetState_Open()
2023-04-01_19:35:01 INFO [DevilSquare - 1] DevilSquare::SetState_StandBy
2023-04-01_19:35:01 INFO [DevilSquare - 2] DevilSquare::SetState_StandBy
2023-04-01_19:35:01 INFO [DevilSquare - 3] DevilSquare::SetState_StandBy
2023-04-01_19:35:01 INFO [DevilSquare - 4] DevilSquare::SetState_StandBy
2023-04-01_19:35:01 INFO [DevilSquare - 5] DevilSquare::SetState_StandBy
2023-04-01_19:35:01 INFO [DevilSquare - 6] DevilSquare::SetState_StandBy
2023-04-01_19:35:01 INFO [DevilSquare - 7] DevilSquare::SetState_StandBy
2023-04-01_19:35:01 INFO [DevilSquareMgr] SetState_Playing()
2023-04-01_19:35:01 INFO [DevilSquare - 1] Moving Players Out
2023-04-01_19:35:01 INFO [DevilSquare - 1] Clearing Monsters
2023-04-01_19:35:01 INFO [DevilSquare - 1] DevilSquare::SetState_None
2023-04-01_19:35:01 INFO [DevilSquare - 2] Moving Players Out
2023-04-01_19:35:01 INFO [DevilSquare - 2] Clearing Monsters
2023-04-01_19:35:01 INFO [DevilSquare - 2] DevilSquare::SetState_None
2023-04-01_19:35:01 INFO [DevilSquare - 3] Moving Players Out
2023-04-01_19:35:01 INFO [DevilSquare - 3] Clearing Monsters
2023-04-01_19:35:01 INFO [DevilSquare - 3] DevilSquare::SetState_None
2023-04-01_19:35:01 INFO [DevilSquare - 4] Moving Players Out
2023-04-01_19:35:01 INFO [DevilSquare - 4] Clearing Monsters
2023-04-01_19:35:01 INFO [DevilSquare - 4] DevilSquare::SetState_None
2023-04-01_19:35:01 INFO [DevilSquare - 5] Moving Players Out
2023-04-01_19:35:01 INFO [DevilSquare - 5] Clearing Monsters
2023-04-01_19:35:01 INFO [DevilSquare - 5] DevilSquare::SetState_None
2023-04-01_19:35:01 INFO [DevilSquare - 6] Moving Players Out
2023-04-01_19:35:01 INFO [DevilSquare - 6] Clearing Monsters
2023-04-01_19:35:01 INFO [DevilSquare - 6] DevilSquare::SetState_None
2023-04-01_19:35:02 INFO [DevilSquare - 7] Moving Players Out
2023-04-01_19:35:02 INFO [DevilSquare - 7] Clearing Monsters
2023-04-01_19:35:02 INFO [DevilSquare - 7] DevilSquare::SetState_None
2023-04-01_19:35:02 INFO [DevilSquareMgr] SetState_None()
2023-04-01_20:30:00 INFO [DevilSquare - 1] DevilSquare::SetState_Open
2023-04-01_20:30:01 INFO [DevilSquare - 2] DevilSquare::SetState_Open
2023-04-01_20:30:01 INFO [DevilSquare - 3] DevilSquare::SetState_Open
2023-04-01_20:30:02 INFO [DevilSquare - 4] DevilSquare::SetState_Open
2023-04-01_20:30:02 INFO [DevilSquare - 5] DevilSquare::SetState_Open
2023-04-01_20:30:03 INFO [DevilSquare - 6] DevilSquare::SetState_Open
2023-04-01_20:30:04 INFO [DevilSquare - 7] DevilSquare::SetState_Open
2023-04-01_20:30:04 INFO [DevilSquareMgr] SetState_Open()
2023-04-01_20:35:04 INFO [DevilSquare - 1] DevilSquare::SetState_StandBy
2023-04-01_20:35:04 INFO [DevilSquare - 2] DevilSquare::SetState_StandBy
2023-04-01_20:35:04 INFO [DevilSquare - 3] DevilSquare::SetState_StandBy
2023-04-01_20:35:04 INFO [DevilSquare - 4] DevilSquare::SetState_StandBy
2023-04-01_20:35:04 INFO [DevilSquare - 5] DevilSquare::SetState_StandBy
2023-04-01_20:35:04 INFO [DevilSquare - 6] DevilSquare::SetState_StandBy
2023-04-01_20:35:04 INFO [DevilSquare - 7] DevilSquare::SetState_StandBy
2023-04-01_20:35:04 INFO [DevilSquareMgr] SetState_Playing()
2023-04-01_20:35:04 INFO [DevilSquare - 1] Moving Players Out
2023-04-01_20:35:04 INFO [DevilSquare - 1] Clearing Monsters
2023-04-01_20:35:04 INFO [DevilSquare - 1] DevilSquare::SetState_None
2023-04-01_20:35:04 INFO [DevilSquare - 2] Moving Players Out
2023-04-01_20:35:04 INFO [DevilSquare - 2] Clearing Monsters
2023-04-01_20:35:04 INFO [DevilSquare - 2] DevilSquare::SetState_None
2023-04-01_20:35:04 INFO [DevilSquare - 3] Moving Players Out
2023-04-01_20:35:04 INFO [DevilSquare - 3] Clearing Monsters
2023-04-01_20:35:04 INFO [DevilSquare - 3] DevilSquare::SetState_None
2023-04-01_20:35:04 INFO [DevilSquare - 4] Moving Players Out
2023-04-01_20:35:04 INFO [DevilSquare - 4] Clearing Monsters
2023-04-01_20:35:04 INFO [DevilSquare - 4] DevilSquare::SetState_None
2023-04-01_20:35:04 INFO [DevilSquare - 5] Moving Players Out
2023-04-01_20:35:05 INFO [DevilSquare - 5] Clearing Monsters
2023-04-01_20:35:05 INFO [DevilSquare - 5] DevilSquare::SetState_None
2023-04-01_20:35:05 INFO [DevilSquare - 6] Moving Players Out
2023-04-01_20:35:05 INFO [DevilSquare - 6] Clearing Monsters
2023-04-01_20:35:05 INFO [DevilSquare - 6] DevilSquare::SetState_None
2023-04-01_20:35:05 INFO [DevilSquare - 7] Moving Players Out
2023-04-01_20:35:05 INFO [DevilSquare - 7] Clearing Monsters
2023-04-01_20:35:05 INFO [DevilSquare - 7] DevilSquare::SetState_None
2023-04-01_20:35:05 INFO [DevilSquareMgr] SetState_None()
2023-04-01_21:30:00 INFO [DevilSquare - 1] DevilSquare::SetState_Open
2023-04-01_21:30:00 INFO [DevilSquare - 2] DevilSquare::SetState_Open
2023-04-01_21:30:00 INFO [DevilSquare - 3] DevilSquare::SetState_Open
2023-04-01_21:30:00 INFO [DevilSquare - 4] DevilSquare::SetState_Open
2023-04-01_21:30:00 INFO [DevilSquare - 5] DevilSquare::SetState_Open
2023-04-01_21:30:00 INFO [DevilSquare - 6] DevilSquare::SetState_Open
2023-04-01_21:30:00 INFO [DevilSquare - 7] DevilSquare::SetState_Open
2023-04-01_21:30:01 INFO [DevilSquareMgr] SetState_Open()
2023-04-01_21:35:01 INFO [DevilSquare - 1] DevilSquare::SetState_StandBy
2023-04-01_21:35:01 INFO [DevilSquare - 2] DevilSquare::SetState_StandBy
2023-04-01_21:35:01 INFO [DevilSquare - 3] DevilSquare::SetState_StandBy
2023-04-01_21:35:01 INFO [DevilSquare - 4] DevilSquare::SetState_StandBy
2023-04-01_21:35:01 INFO [DevilSquare - 5] DevilSquare::SetState_StandBy
2023-04-01_21:35:01 INFO [DevilSquare - 6] DevilSquare::SetState_StandBy
2023-04-01_21:35:01 INFO [DevilSquare - 7] DevilSquare::SetState_StandBy
2023-04-01_21:35:01 INFO [DevilSquareMgr] SetState_Playing()
2023-04-01_21:35:01 INFO [DevilSquare - 1] Moving Players Out
2023-04-01_21:35:01 INFO [DevilSquare - 1] Clearing Monsters
2023-04-01_21:35:01 INFO [DevilSquare - 1] DevilSquare::SetState_None
2023-04-01_21:35:01 INFO [DevilSquare - 2] Moving Players Out
2023-04-01_21:35:01 INFO [DevilSquare - 2] Clearing Monsters
2023-04-01_21:35:01 INFO [DevilSquare - 2] DevilSquare::SetState_None
2023-04-01_21:35:01 INFO [DevilSquare - 3] Moving Players Out
2023-04-01_21:35:01 INFO [DevilSquare - 3] Clearing Monsters
2023-04-01_21:35:01 INFO [DevilSquare - 3] DevilSquare::SetState_None
2023-04-01_21:35:01 INFO [DevilSquare - 4] Moving Players Out
2023-04-01_21:35:01 INFO [DevilSquare - 4] Clearing Monsters
2023-04-01_21:35:01 INFO [DevilSquare - 4] DevilSquare::SetState_None
2023-04-01_21:35:01 INFO [DevilSquare - 5] Moving Players Out
2023-04-01_21:35:02 INFO [DevilSquare - 5] Clearing Monsters
2023-04-01_21:35:02 INFO [DevilSquare - 5] DevilSquare::SetState_None
2023-04-01_21:35:02 INFO [DevilSquare - 6] Moving Players Out
2023-04-01_21:35:02 INFO [DevilSquare - 6] Clearing Monsters
2023-04-01_21:35:02 INFO [DevilSquare - 6] DevilSquare::SetState_None
2023-04-01_21:35:02 INFO [DevilSquare - 7] Moving Players Out
2023-04-01_21:35:02 INFO [DevilSquare - 7] Clearing Monsters
2023-04-01_21:35:02 INFO [DevilSquare - 7] DevilSquare::SetState_None
2023-04-01_21:35:02 INFO [DevilSquareMgr] SetState_None()
2023-04-01_22:30:00 INFO [DevilSquare - 1] DevilSquare::SetState_Open
2023-04-01_22:30:00 INFO [DevilSquare - 2] DevilSquare::SetState_Open
2023-04-01_22:30:00 INFO [DevilSquare - 3] DevilSquare::SetState_Open
2023-04-01_22:30:00 INFO [DevilSquare - 4] DevilSquare::SetState_Open
2023-04-01_22:30:00 INFO [DevilSquare - 5] DevilSquare::SetState_Open
2023-04-01_22:30:01 INFO [DevilSquare - 6] DevilSquare::SetState_Open
2023-04-01_22:30:01 INFO [DevilSquare - 7] DevilSquare::SetState_Open
2023-04-01_22:30:01 INFO [DevilSquareMgr] SetState_Open()
2023-04-01_22:35:01 INFO [DevilSquare - 1] DevilSquare::SetState_StandBy
2023-04-01_22:35:01 INFO [DevilSquare - 2] DevilSquare::SetState_StandBy
2023-04-01_22:35:01 INFO [DevilSquare - 3] DevilSquare::SetState_StandBy
2023-04-01_22:35:01 INFO [DevilSquare - 4] DevilSquare::SetState_StandBy
2023-04-01_22:35:01 INFO [DevilSquare - 5] DevilSquare::SetState_StandBy
2023-04-01_22:35:01 INFO [DevilSquare - 6] DevilSquare::SetState_StandBy
2023-04-01_22:35:01 INFO [DevilSquare - 7] DevilSquare::SetState_StandBy
2023-04-01_22:35:01 INFO [DevilSquareMgr] SetState_Playing()
2023-04-01_22:35:01 INFO [DevilSquare - 1] Moving Players Out
2023-04-01_22:35:01 INFO [DevilSquare - 1] Clearing Monsters
2023-04-01_22:35:01 INFO [DevilSquare - 1] DevilSquare::SetState_None
2023-04-01_22:35:01 INFO [DevilSquare - 2] Moving Players Out
2023-04-01_22:35:01 INFO [DevilSquare - 2] Clearing Monsters
2023-04-01_22:35:02 INFO [DevilSquare - 2] DevilSquare::SetState_None
2023-04-01_22:35:02 INFO [DevilSquare - 3] Moving Players Out
2023-04-01_22:35:02 INFO [DevilSquare - 3] Clearing Monsters
2023-04-01_22:35:02 INFO [DevilSquare - 3] DevilSquare::SetState_None
2023-04-01_22:35:02 INFO [DevilSquare - 4] Moving Players Out
2023-04-01_22:35:02 INFO [DevilSquare - 4] Clearing Monsters
2023-04-01_22:35:02 INFO [DevilSquare - 4] DevilSquare::SetState_None
2023-04-01_22:35:02 INFO [DevilSquare - 5] Moving Players Out
2023-04-01_22:35:02 INFO [DevilSquare - 5] Clearing Monsters
2023-04-01_22:35:02 INFO [DevilSquare - 5] DevilSquare::SetState_None
2023-04-01_22:35:02 INFO [DevilSquare - 6] Moving Players Out
2023-04-01_22:35:02 INFO [DevilSquare - 6] Clearing Monsters
2023-04-01_22:35:02 INFO [DevilSquare - 6] DevilSquare::SetState_None
2023-04-01_22:35:02 INFO [DevilSquare - 7] Moving Players Out
2023-04-01_22:35:02 INFO [DevilSquare - 7] Clearing Monsters
2023-04-01_22:35:02 INFO [DevilSquare - 7] DevilSquare::SetState_None
2023-04-01_22:35:03 INFO [DevilSquareMgr] SetState_None()
2023-04-01_23:30:00 INFO [DevilSquare - 1] DevilSquare::SetState_Open
2023-04-01_23:30:00 INFO [DevilSquare - 2] DevilSquare::SetState_Open
2023-04-01_23:30:00 INFO [DevilSquare - 3] DevilSquare::SetState_Open
2023-04-01_23:30:01 INFO [DevilSquare - 4] DevilSquare::SetState_Open
2023-04-01_23:30:02 INFO [DevilSquare - 5] DevilSquare::SetState_Open
2023-04-01_23:30:02 INFO [DevilSquare - 6] DevilSquare::SetState_Open
2023-04-01_23:30:02 INFO [DevilSquare - 7] DevilSquare::SetState_Open
2023-04-01_23:30:02 INFO [DevilSquareMgr] SetState_Open()
2023-04-01_23:35:02 INFO [DevilSquare - 1] DevilSquare::SetState_StandBy
2023-04-01_23:35:02 INFO [DevilSquare - 2] DevilSquare::SetState_StandBy
2023-04-01_23:35:02 INFO [DevilSquare - 3] DevilSquare::SetState_StandBy
2023-04-01_23:35:02 INFO [DevilSquare - 4] DevilSquare::SetState_StandBy
2023-04-01_23:35:02 INFO [DevilSquare - 5] DevilSquare::SetState_StandBy
2023-04-01_23:35:02 INFO [DevilSquare - 6] DevilSquare::SetState_StandBy
2023-04-01_23:35:02 INFO [DevilSquare - 7] DevilSquare::SetState_StandBy
2023-04-01_23:35:02 INFO [DevilSquareMgr] SetState_Playing()
2023-04-01_23:35:02 INFO [DevilSquare - 1] Moving Players Out
2023-04-01_23:35:02 INFO [DevilSquare - 1] Clearing Monsters
2023-04-01_23:35:02 INFO [DevilSquare - 1] DevilSquare::SetState_None
2023-04-01_23:35:03 INFO [DevilSquare - 2] Moving Players Out
2023-04-01_23:35:03 INFO [DevilSquare - 2] Clearing Monsters
2023-04-01_23:35:03 INFO [DevilSquare - 2] DevilSquare::SetState_None
2023-04-01_23:35:03 INFO [DevilSquare - 3] Moving Players Out
2023-04-01_23:35:03 INFO [DevilSquare - 3] Clearing Monsters
2023-04-01_23:35:03 INFO [DevilSquare - 3] DevilSquare::SetState_None
2023-04-01_23:35:03 INFO [DevilSquare - 4] Moving Players Out
2023-04-01_23:35:03 INFO [DevilSquare - 4] Clearing Monsters
2023-04-01_23:35:03 INFO [DevilSquare - 4] DevilSquare::SetState_None
2023-04-01_23:35:03 INFO [DevilSquare - 5] Moving Players Out
2023-04-01_23:35:03 INFO [DevilSquare - 5] Clearing Monsters
2023-04-01_23:35:03 INFO [DevilSquare - 5] DevilSquare::SetState_None
2023-04-01_23:35:03 INFO [DevilSquare - 6] Moving Players Out
2023-04-01_23:35:03 INFO [DevilSquare - 6] Clearing Monsters
2023-04-01_23:35:03 INFO [DevilSquare - 6] DevilSquare::SetState_None
2023-04-01_23:35:04 INFO [DevilSquare - 7] Moving Players Out
2023-04-01_23:35:04 INFO [DevilSquare - 7] Clearing Monsters
2023-04-01_23:35:04 INFO [DevilSquare - 7] DevilSquare::SetState_None
2023-04-01_23:35:04 INFO [DevilSquareMgr] SetState_None()
