2023-04-03_00:30:00 INFO [DevilSquare - 1] DevilSquare::SetState_Open
2023-04-03_00:30:00 INFO [DevilSquare - 2] DevilSquare::SetState_Open
2023-04-03_00:30:01 INFO [DevilSquare - 3] DevilSquare::SetState_Open
2023-04-03_00:30:01 INFO [DevilSquare - 4] DevilSquare::SetState_Open
2023-04-03_00:30:01 INFO [DevilSquare - 5] DevilSquare::SetState_Open
2023-04-03_00:30:01 INFO [DevilSquare - 6] DevilSquare::SetState_Open
2023-04-03_00:30:01 INFO [DevilSquare - 7] DevilSquare::SetState_Open
2023-04-03_00:30:01 INFO [DevilSquareMgr] SetState_Open()
2023-04-03_00:35:01 INFO [DevilSquare - 1] DevilSquare::SetState_StandBy
2023-04-03_00:35:01 INFO [DevilSquare - 2] DevilSquare::SetState_StandBy
2023-04-03_00:35:02 INFO [DevilSquare - 3] DevilSquare::SetState_StandBy
2023-04-03_00:35:02 INFO [DevilSquare - 4] DevilSquare::SetState_StandBy
2023-04-03_00:35:02 INFO [DevilSquare - 5] DevilSquare::SetState_StandBy
2023-04-03_00:35:02 INFO [DevilSquare - 6] DevilSquare::SetState_StandBy
2023-04-03_00:35:02 INFO [DevilSquare - 7] DevilSquare::SetState_StandBy
2023-04-03_00:35:02 INFO [DevilSquareMgr] SetState_Playing()
2023-04-03_00:35:02 INFO [DevilSquare - 1] Moving Players Out
2023-04-03_00:35:02 INFO [DevilSquare - 1] Clearing Monsters
2023-04-03_00:35:02 INFO [DevilSquare - 1] DevilSquare::SetState_None
2023-04-03_00:35:02 INFO [DevilSquare - 2] Moving Players Out
2023-04-03_00:35:02 INFO [DevilSquare - 2] Clearing Monsters
2023-04-03_00:35:02 INFO [DevilSquare - 2] DevilSquare::SetState_None
2023-04-03_00:35:03 INFO [DevilSquare - 3] Moving Players Out
2023-04-03_00:35:03 INFO [DevilSquare - 3] Clearing Monsters
2023-04-03_00:35:03 INFO [DevilSquare - 3] DevilSquare::SetState_None
2023-04-03_00:35:03 INFO [DevilSquare - 4] Moving Players Out
2023-04-03_00:35:03 INFO [DevilSquare - 4] Clearing Monsters
2023-04-03_00:35:03 INFO [DevilSquare - 4] DevilSquare::SetState_None
2023-04-03_00:35:03 INFO [DevilSquare - 5] Moving Players Out
2023-04-03_00:35:03 INFO [DevilSquare - 5] Clearing Monsters
2023-04-03_00:35:03 INFO [DevilSquare - 5] DevilSquare::SetState_None
2023-04-03_00:35:03 INFO [DevilSquare - 6] Moving Players Out
2023-04-03_00:35:03 INFO [DevilSquare - 6] Clearing Monsters
2023-04-03_00:35:03 INFO [DevilSquare - 6] DevilSquare::SetState_None
2023-04-03_00:35:03 INFO [DevilSquare - 7] Moving Players Out
2023-04-03_00:35:03 INFO [DevilSquare - 7] Clearing Monsters
2023-04-03_00:35:04 INFO [DevilSquare - 7] DevilSquare::SetState_None
2023-04-03_00:35:04 INFO [DevilSquareMgr] SetState_None()
2023-04-03_01:30:00 INFO [DevilSquare - 1] DevilSquare::SetState_Open
2023-04-03_01:30:00 INFO [DevilSquare - 2] DevilSquare::SetState_Open
2023-04-03_01:30:00 INFO [DevilSquare - 3] DevilSquare::SetState_Open
2023-04-03_01:30:00 INFO [DevilSquare - 4] DevilSquare::SetState_Open
2023-04-03_01:30:00 INFO [DevilSquare - 5] DevilSquare::SetState_Open
2023-04-03_01:30:00 INFO [DevilSquare - 6] DevilSquare::SetState_Open
2023-04-03_01:30:00 INFO [DevilSquare - 7] DevilSquare::SetState_Open
2023-04-03_01:30:01 INFO [DevilSquareMgr] SetState_Open()
2023-04-03_01:35:01 INFO [DevilSquare - 1] DevilSquare::SetState_StandBy
2023-04-03_01:35:01 INFO [DevilSquare - 2] DevilSquare::SetState_StandBy
2023-04-03_01:35:01 INFO [DevilSquare - 3] DevilSquare::SetState_StandBy
2023-04-03_01:35:01 INFO [DevilSquare - 4] DevilSquare::SetState_StandBy
2023-04-03_01:35:01 INFO [DevilSquare - 5] DevilSquare::SetState_StandBy
2023-04-03_01:35:02 INFO [DevilSquare - 6] DevilSquare::SetState_StandBy
2023-04-03_01:35:02 INFO [DevilSquare - 7] DevilSquare::SetState_StandBy
2023-04-03_01:35:02 INFO [DevilSquareMgr] SetState_Playing()
2023-04-03_01:35:02 INFO [DevilSquare - 1] Moving Players Out
2023-04-03_01:35:02 INFO [DevilSquare - 1] Clearing Monsters
2023-04-03_01:35:02 INFO [DevilSquare - 1] DevilSquare::SetState_None
2023-04-03_01:35:02 INFO [DevilSquare - 2] Moving Players Out
2023-04-03_01:35:02 INFO [DevilSquare - 2] Clearing Monsters
2023-04-03_01:35:02 INFO [DevilSquare - 2] DevilSquare::SetState_None
2023-04-03_01:35:02 INFO [DevilSquare - 3] Moving Players Out
2023-04-03_01:35:02 INFO [DevilSquare - 3] Clearing Monsters
2023-04-03_01:35:02 INFO [DevilSquare - 3] DevilSquare::SetState_None
2023-04-03_01:35:02 INFO [DevilSquare - 4] Moving Players Out
2023-04-03_01:35:02 INFO [DevilSquare - 4] Clearing Monsters
2023-04-03_01:35:03 INFO [DevilSquare - 4] DevilSquare::SetState_None
2023-04-03_01:35:03 INFO [DevilSquare - 5] Moving Players Out
2023-04-03_01:35:03 INFO [DevilSquare - 5] Clearing Monsters
2023-04-03_01:35:03 INFO [DevilSquare - 5] DevilSquare::SetState_None
2023-04-03_01:35:03 INFO [DevilSquare - 6] Moving Players Out
2023-04-03_01:35:03 INFO [DevilSquare - 6] Clearing Monsters
2023-04-03_01:35:03 INFO [DevilSquare - 6] DevilSquare::SetState_None
2023-04-03_01:35:03 INFO [DevilSquare - 7] Moving Players Out
2023-04-03_01:35:03 INFO [DevilSquare - 7] Clearing Monsters
2023-04-03_01:35:03 INFO [DevilSquare - 7] DevilSquare::SetState_None
2023-04-03_01:35:04 INFO [DevilSquareMgr] SetState_None()
2023-04-03_02:30:00 INFO [DevilSquare - 1] DevilSquare::SetState_Open
2023-04-03_02:30:00 INFO [DevilSquare - 2] DevilSquare::SetState_Open
2023-04-03_02:30:00 INFO [DevilSquare - 3] DevilSquare::SetState_Open
2023-04-03_02:30:00 INFO [DevilSquare - 4] DevilSquare::SetState_Open
2023-04-03_02:30:00 INFO [DevilSquare - 5] DevilSquare::SetState_Open
2023-04-03_02:30:01 INFO [DevilSquare - 6] DevilSquare::SetState_Open
2023-04-03_02:30:01 INFO [DevilSquare - 7] DevilSquare::SetState_Open
2023-04-03_02:30:01 INFO [DevilSquareMgr] SetState_Open()
2023-04-03_02:35:01 INFO [DevilSquare - 1] DevilSquare::SetState_StandBy
2023-04-03_02:35:01 INFO [DevilSquare - 2] DevilSquare::SetState_StandBy
2023-04-03_02:35:01 INFO [DevilSquare - 3] DevilSquare::SetState_StandBy
2023-04-03_02:35:02 INFO [DevilSquare - 4] DevilSquare::SetState_StandBy
2023-04-03_02:35:02 INFO [DevilSquare - 5] DevilSquare::SetState_StandBy
2023-04-03_02:35:02 INFO [DevilSquare - 6] DevilSquare::SetState_StandBy
2023-04-03_02:35:02 INFO [DevilSquare - 7] DevilSquare::SetState_StandBy
2023-04-03_02:35:02 INFO [DevilSquareMgr] SetState_Playing()
2023-04-03_02:35:02 INFO [DevilSquare - 1] Moving Players Out
2023-04-03_02:35:02 INFO [DevilSquare - 1] Clearing Monsters
2023-04-03_02:35:02 INFO [DevilSquare - 1] DevilSquare::SetState_None
2023-04-03_02:35:02 INFO [DevilSquare - 2] Moving Players Out
2023-04-03_02:35:02 INFO [DevilSquare - 2] Clearing Monsters
2023-04-03_02:35:02 INFO [DevilSquare - 2] DevilSquare::SetState_None
2023-04-03_02:35:03 INFO [DevilSquare - 3] Moving Players Out
2023-04-03_02:35:03 INFO [DevilSquare - 3] Clearing Monsters
2023-04-03_02:35:03 INFO [DevilSquare - 3] DevilSquare::SetState_None
2023-04-03_02:35:03 INFO [DevilSquare - 4] Moving Players Out
2023-04-03_02:35:03 INFO [DevilSquare - 4] Clearing Monsters
2023-04-03_02:35:03 INFO [DevilSquare - 4] DevilSquare::SetState_None
2023-04-03_02:35:03 INFO [DevilSquare - 5] Moving Players Out
2023-04-03_02:35:03 INFO [DevilSquare - 5] Clearing Monsters
2023-04-03_02:35:03 INFO [DevilSquare - 5] DevilSquare::SetState_None
2023-04-03_02:35:03 INFO [DevilSquare - 6] Moving Players Out
2023-04-03_02:35:04 INFO [DevilSquare - 6] Clearing Monsters
2023-04-03_02:35:04 INFO [DevilSquare - 6] DevilSquare::SetState_None
2023-04-03_02:35:04 INFO [DevilSquare - 7] Moving Players Out
2023-04-03_02:35:04 INFO [DevilSquare - 7] Clearing Monsters
2023-04-03_02:35:04 INFO [DevilSquare - 7] DevilSquare::SetState_None
2023-04-03_02:35:04 INFO [DevilSquareMgr] SetState_None()
2023-04-03_03:30:00 INFO [DevilSquare - 1] DevilSquare::SetState_Open
2023-04-03_03:30:00 INFO [DevilSquare - 2] DevilSquare::SetState_Open
2023-04-03_03:30:00 INFO [DevilSquare - 3] DevilSquare::SetState_Open
2023-04-03_03:30:00 INFO [DevilSquare - 4] DevilSquare::SetState_Open
2023-04-03_03:30:00 INFO [DevilSquare - 5] DevilSquare::SetState_Open
2023-04-03_03:30:00 INFO [DevilSquare - 6] DevilSquare::SetState_Open
2023-04-03_03:30:00 INFO [DevilSquare - 7] DevilSquare::SetState_Open
2023-04-03_03:30:01 INFO [DevilSquareMgr] SetState_Open()
2023-04-03_03:35:01 INFO [DevilSquare - 1] DevilSquare::SetState_StandBy
2023-04-03_03:35:01 INFO [DevilSquare - 2] DevilSquare::SetState_StandBy
2023-04-03_03:35:01 INFO [DevilSquare - 3] DevilSquare::SetState_StandBy
2023-04-03_03:35:01 INFO [DevilSquare - 4] DevilSquare::SetState_StandBy
2023-04-03_03:35:01 INFO [DevilSquare - 5] DevilSquare::SetState_StandBy
2023-04-03_03:35:01 INFO [DevilSquare - 6] DevilSquare::SetState_StandBy
2023-04-03_03:35:01 INFO [DevilSquare - 7] DevilSquare::SetState_StandBy
2023-04-03_03:35:01 INFO [DevilSquareMgr] SetState_Playing()
2023-04-03_03:35:01 INFO [DevilSquare - 1] Moving Players Out
2023-04-03_03:35:01 INFO [DevilSquare - 1] Clearing Monsters
2023-04-03_03:35:02 INFO [DevilSquare - 1] DevilSquare::SetState_None
2023-04-03_03:35:02 INFO [DevilSquare - 2] Moving Players Out
2023-04-03_03:35:02 INFO [DevilSquare - 2] Clearing Monsters
2023-04-03_03:35:02 INFO [DevilSquare - 2] DevilSquare::SetState_None
2023-04-03_03:35:02 INFO [DevilSquare - 3] Moving Players Out
2023-04-03_03:35:02 INFO [DevilSquare - 3] Clearing Monsters
2023-04-03_03:35:02 INFO [DevilSquare - 3] DevilSquare::SetState_None
2023-04-03_03:35:02 INFO [DevilSquare - 4] Moving Players Out
2023-04-03_03:35:02 INFO [DevilSquare - 4] Clearing Monsters
2023-04-03_03:35:02 INFO [DevilSquare - 4] DevilSquare::SetState_None
2023-04-03_03:35:02 INFO [DevilSquare - 5] Moving Players Out
2023-04-03_03:35:02 INFO [DevilSquare - 5] Clearing Monsters
2023-04-03_03:35:03 INFO [DevilSquare - 5] DevilSquare::SetState_None
2023-04-03_03:35:03 INFO [DevilSquare - 6] Moving Players Out
2023-04-03_03:35:03 INFO [DevilSquare - 6] Clearing Monsters
2023-04-03_03:35:03 INFO [DevilSquare - 6] DevilSquare::SetState_None
2023-04-03_03:35:03 INFO [DevilSquare - 7] Moving Players Out
2023-04-03_03:35:03 INFO [DevilSquare - 7] Clearing Monsters
2023-04-03_03:35:03 INFO [DevilSquare - 7] DevilSquare::SetState_None
2023-04-03_03:35:03 INFO [DevilSquareMgr] SetState_None()
2023-04-03_04:30:01 INFO [DevilSquare - 1] DevilSquare::SetState_Open
2023-04-03_04:30:01 INFO [DevilSquare - 2] DevilSquare::SetState_Open
2023-04-03_04:30:01 INFO [DevilSquare - 3] DevilSquare::SetState_Open
2023-04-03_04:30:01 INFO [DevilSquare - 4] DevilSquare::SetState_Open
2023-04-03_04:30:01 INFO [DevilSquare - 5] DevilSquare::SetState_Open
2023-04-03_04:30:01 INFO [DevilSquare - 6] DevilSquare::SetState_Open
2023-04-03_04:30:01 INFO [DevilSquare - 7] DevilSquare::SetState_Open
2023-04-03_04:30:01 INFO [DevilSquareMgr] SetState_Open()
2023-04-03_04:35:01 INFO [DevilSquare - 1] DevilSquare::SetState_StandBy
2023-04-03_04:35:01 INFO [DevilSquare - 2] DevilSquare::SetState_StandBy
2023-04-03_04:35:01 INFO [DevilSquare - 3] DevilSquare::SetState_StandBy
2023-04-03_04:35:01 INFO [DevilSquare - 4] DevilSquare::SetState_StandBy
2023-04-03_04:35:01 INFO [DevilSquare - 5] DevilSquare::SetState_StandBy
2023-04-03_04:35:02 INFO [DevilSquare - 6] DevilSquare::SetState_StandBy
2023-04-03_04:35:02 INFO [DevilSquare - 7] DevilSquare::SetState_StandBy
2023-04-03_04:35:02 INFO [DevilSquareMgr] SetState_Playing()
2023-04-03_04:35:02 INFO [DevilSquare - 1] Moving Players Out
2023-04-03_04:35:02 INFO [DevilSquare - 1] Clearing Monsters
2023-04-03_04:35:02 INFO [DevilSquare - 1] DevilSquare::SetState_None
2023-04-03_04:35:02 INFO [DevilSquare - 2] Moving Players Out
2023-04-03_04:35:02 INFO [DevilSquare - 2] Clearing Monsters
2023-04-03_04:35:02 INFO [DevilSquare - 2] DevilSquare::SetState_None
2023-04-03_04:35:02 INFO [DevilSquare - 3] Moving Players Out
2023-04-03_04:35:02 INFO [DevilSquare - 3] Clearing Monsters
2023-04-03_04:35:03 INFO [DevilSquare - 3] DevilSquare::SetState_None
2023-04-03_04:35:03 INFO [DevilSquare - 4] Moving Players Out
2023-04-03_04:35:03 INFO [DevilSquare - 4] Clearing Monsters
2023-04-03_04:35:03 INFO [DevilSquare - 4] DevilSquare::SetState_None
2023-04-03_04:35:03 INFO [DevilSquare - 5] Moving Players Out
2023-04-03_04:35:03 INFO [DevilSquare - 5] Clearing Monsters
2023-04-03_04:35:03 INFO [DevilSquare - 5] DevilSquare::SetState_None
2023-04-03_04:35:03 INFO [DevilSquare - 6] Moving Players Out
2023-04-03_04:35:03 INFO [DevilSquare - 6] Clearing Monsters
2023-04-03_04:35:03 INFO [DevilSquare - 6] DevilSquare::SetState_None
2023-04-03_04:35:04 INFO [DevilSquare - 7] Moving Players Out
2023-04-03_04:35:04 INFO [DevilSquare - 7] Clearing Monsters
2023-04-03_04:35:04 INFO [DevilSquare - 7] DevilSquare::SetState_None
2023-04-03_04:35:04 INFO [DevilSquareMgr] SetState_None()
2023-04-03_05:30:00 INFO [DevilSquare - 1] DevilSquare::SetState_Open
2023-04-03_05:30:00 INFO [DevilSquare - 2] DevilSquare::SetState_Open
2023-04-03_05:30:00 INFO [DevilSquare - 3] DevilSquare::SetState_Open
2023-04-03_05:30:01 INFO [DevilSquare - 4] DevilSquare::SetState_Open
2023-04-03_05:30:01 INFO [DevilSquare - 5] DevilSquare::SetState_Open
2023-04-03_05:30:01 INFO [DevilSquare - 6] DevilSquare::SetState_Open
2023-04-03_05:30:01 INFO [DevilSquare - 7] DevilSquare::SetState_Open
2023-04-03_05:30:01 INFO [DevilSquareMgr] SetState_Open()
2023-04-03_05:35:01 INFO [DevilSquare - 1] DevilSquare::SetState_StandBy
2023-04-03_05:35:01 INFO [DevilSquare - 2] DevilSquare::SetState_StandBy
2023-04-03_05:35:01 INFO [DevilSquare - 3] DevilSquare::SetState_StandBy
2023-04-03_05:35:01 INFO [DevilSquare - 4] DevilSquare::SetState_StandBy
2023-04-03_05:35:01 INFO [DevilSquare - 5] DevilSquare::SetState_StandBy
2023-04-03_05:35:01 INFO [DevilSquare - 6] DevilSquare::SetState_StandBy
2023-04-03_05:35:01 INFO [DevilSquare - 7] DevilSquare::SetState_StandBy
2023-04-03_05:35:01 INFO [DevilSquareMgr] SetState_Playing()
2023-04-03_05:35:02 INFO [DevilSquare - 1] Moving Players Out
2023-04-03_05:35:02 INFO [DevilSquare - 1] Clearing Monsters
2023-04-03_05:35:02 INFO [DevilSquare - 1] DevilSquare::SetState_None
2023-04-03_05:35:02 INFO [DevilSquare - 2] Moving Players Out
2023-04-03_05:35:02 INFO [DevilSquare - 2] Clearing Monsters
2023-04-03_05:35:02 INFO [DevilSquare - 2] DevilSquare::SetState_None
2023-04-03_05:35:02 INFO [DevilSquare - 3] Moving Players Out
2023-04-03_05:35:02 INFO [DevilSquare - 3] Clearing Monsters
2023-04-03_05:35:02 INFO [DevilSquare - 3] DevilSquare::SetState_None
2023-04-03_05:35:02 INFO [DevilSquare - 4] Moving Players Out
2023-04-03_05:35:02 INFO [DevilSquare - 4] Clearing Monsters
2023-04-03_05:35:03 INFO [DevilSquare - 4] DevilSquare::SetState_None
2023-04-03_05:35:03 INFO [DevilSquare - 5] Moving Players Out
2023-04-03_05:35:03 INFO [DevilSquare - 5] Clearing Monsters
2023-04-03_05:35:03 INFO [DevilSquare - 5] DevilSquare::SetState_None
2023-04-03_05:35:03 INFO [DevilSquare - 6] Moving Players Out
2023-04-03_05:35:03 INFO [DevilSquare - 6] Clearing Monsters
2023-04-03_05:35:03 INFO [DevilSquare - 6] DevilSquare::SetState_None
2023-04-03_05:35:03 INFO [DevilSquare - 7] Moving Players Out
2023-04-03_05:35:03 INFO [DevilSquare - 7] Clearing Monsters
2023-04-03_05:35:03 INFO [DevilSquare - 7] DevilSquare::SetState_None
2023-04-03_05:35:04 INFO [DevilSquareMgr] SetState_None()
2023-04-03_06:30:00 INFO [DevilSquare - 1] DevilSquare::SetState_Open
2023-04-03_06:30:00 INFO [DevilSquare - 2] DevilSquare::SetState_Open
2023-04-03_06:30:00 INFO [DevilSquare - 3] DevilSquare::SetState_Open
2023-04-03_06:30:01 INFO [DevilSquare - 4] DevilSquare::SetState_Open
2023-04-03_06:30:01 INFO [DevilSquare - 5] DevilSquare::SetState_Open
2023-04-03_06:30:01 INFO [DevilSquare - 6] DevilSquare::SetState_Open
2023-04-03_06:30:01 INFO [DevilSquare - 7] DevilSquare::SetState_Open
2023-04-03_06:30:01 INFO [DevilSquareMgr] SetState_Open()
2023-04-03_06:35:01 INFO [DevilSquare - 1] DevilSquare::SetState_StandBy
2023-04-03_06:35:01 INFO [DevilSquare - 2] DevilSquare::SetState_StandBy
2023-04-03_06:35:01 INFO [DevilSquare - 3] DevilSquare::SetState_StandBy
2023-04-03_06:35:01 INFO [DevilSquare - 4] DevilSquare::SetState_StandBy
2023-04-03_06:35:01 INFO [DevilSquare - 5] DevilSquare::SetState_StandBy
2023-04-03_06:35:02 INFO [DevilSquare - 6] DevilSquare::SetState_StandBy
2023-04-03_06:35:02 INFO [DevilSquare - 7] DevilSquare::SetState_StandBy
2023-04-03_06:35:02 INFO [DevilSquareMgr] SetState_Playing()
2023-04-03_06:35:02 INFO [DevilSquare - 1] Moving Players Out
2023-04-03_06:35:02 INFO [DevilSquare - 1] Clearing Monsters
2023-04-03_06:35:02 INFO [DevilSquare - 1] DevilSquare::SetState_None
2023-04-03_06:35:02 INFO [DevilSquare - 2] Moving Players Out
2023-04-03_06:35:02 INFO [DevilSquare - 2] Clearing Monsters
2023-04-03_06:35:02 INFO [DevilSquare - 2] DevilSquare::SetState_None
2023-04-03_06:35:03 INFO [DevilSquare - 3] Moving Players Out
2023-04-03_06:35:03 INFO [DevilSquare - 3] Clearing Monsters
2023-04-03_06:35:03 INFO [DevilSquare - 3] DevilSquare::SetState_None
2023-04-03_06:35:03 INFO [DevilSquare - 4] Moving Players Out
2023-04-03_06:35:03 INFO [DevilSquare - 4] Clearing Monsters
2023-04-03_06:35:03 INFO [DevilSquare - 4] DevilSquare::SetState_None
2023-04-03_06:35:03 INFO [DevilSquare - 5] Moving Players Out
2023-04-03_06:35:03 INFO [DevilSquare - 5] Clearing Monsters
2023-04-03_06:35:03 INFO [DevilSquare - 5] DevilSquare::SetState_None
2023-04-03_06:35:03 INFO [DevilSquare - 6] Moving Players Out
2023-04-03_06:35:04 INFO [DevilSquare - 6] Clearing Monsters
2023-04-03_06:35:04 INFO [DevilSquare - 6] DevilSquare::SetState_None
2023-04-03_06:35:04 INFO [DevilSquare - 7] Moving Players Out
2023-04-03_06:35:04 INFO [DevilSquare - 7] Clearing Monsters
2023-04-03_06:35:04 INFO [DevilSquare - 7] DevilSquare::SetState_None
2023-04-03_06:35:04 INFO [DevilSquareMgr] SetState_None()
2023-04-03_07:30:01 INFO [DevilSquare - 1] DevilSquare::SetState_Open
2023-04-03_07:30:01 INFO [DevilSquare - 2] DevilSquare::SetState_Open
2023-04-03_07:30:01 INFO [DevilSquare - 3] DevilSquare::SetState_Open
2023-04-03_07:30:01 INFO [DevilSquare - 4] DevilSquare::SetState_Open
2023-04-03_07:30:01 INFO [DevilSquare - 5] DevilSquare::SetState_Open
2023-04-03_07:30:01 INFO [DevilSquare - 6] DevilSquare::SetState_Open
2023-04-03_07:30:01 INFO [DevilSquare - 7] DevilSquare::SetState_Open
2023-04-03_07:30:01 INFO [DevilSquareMgr] SetState_Open()
2023-04-03_07:35:01 INFO [DevilSquare - 1] DevilSquare::SetState_StandBy
2023-04-03_07:35:02 INFO [DevilSquare - 2] DevilSquare::SetState_StandBy
2023-04-03_07:35:02 INFO [DevilSquare - 3] DevilSquare::SetState_StandBy
2023-04-03_07:35:02 INFO [DevilSquare - 4] DevilSquare::SetState_StandBy
2023-04-03_07:35:02 INFO [DevilSquare - 5] DevilSquare::SetState_StandBy
2023-04-03_07:35:02 INFO [DevilSquare - 6] DevilSquare::SetState_StandBy
2023-04-03_07:35:02 INFO [DevilSquare - 7] DevilSquare::SetState_StandBy
2023-04-03_07:35:02 INFO [DevilSquareMgr] SetState_Playing()
2023-04-03_07:35:02 INFO [DevilSquare - 1] Moving Players Out
2023-04-03_07:35:02 INFO [DevilSquare - 1] Clearing Monsters
2023-04-03_07:35:02 INFO [DevilSquare - 1] DevilSquare::SetState_None
2023-04-03_07:35:03 INFO [DevilSquare - 2] Moving Players Out
2023-04-03_07:35:03 INFO [DevilSquare - 2] Clearing Monsters
2023-04-03_07:35:03 INFO [DevilSquare - 2] DevilSquare::SetState_None
2023-04-03_07:35:03 INFO [DevilSquare - 3] Moving Players Out
2023-04-03_07:35:03 INFO [DevilSquare - 3] Clearing Monsters
2023-04-03_07:35:03 INFO [DevilSquare - 3] DevilSquare::SetState_None
2023-04-03_07:35:03 INFO [DevilSquare - 4] Moving Players Out
2023-04-03_07:35:03 INFO [DevilSquare - 4] Clearing Monsters
2023-04-03_07:35:03 INFO [DevilSquare - 4] DevilSquare::SetState_None
2023-04-03_07:35:03 INFO [DevilSquare - 5] Moving Players Out
2023-04-03_07:35:04 INFO [DevilSquare - 5] Clearing Monsters
2023-04-03_07:35:04 INFO [DevilSquare - 5] DevilSquare::SetState_None
2023-04-03_07:35:04 INFO [DevilSquare - 6] Moving Players Out
2023-04-03_07:35:04 INFO [DevilSquare - 6] Clearing Monsters
2023-04-03_07:35:04 INFO [DevilSquare - 6] DevilSquare::SetState_None
2023-04-03_07:35:04 INFO [DevilSquare - 7] Moving Players Out
2023-04-03_07:35:04 INFO [DevilSquare - 7] Clearing Monsters
2023-04-03_07:35:04 INFO [DevilSquare - 7] DevilSquare::SetState_None
2023-04-03_07:35:04 INFO [DevilSquareMgr] SetState_None()
2023-04-03_08:30:01 INFO [DevilSquare - 1] DevilSquare::SetState_Open
2023-04-03_08:30:01 INFO [DevilSquare - 2] DevilSquare::SetState_Open
2023-04-03_08:30:01 INFO [DevilSquare - 3] DevilSquare::SetState_Open
2023-04-03_08:30:01 INFO [DevilSquare - 4] DevilSquare::SetState_Open
2023-04-03_08:30:01 INFO [DevilSquare - 5] DevilSquare::SetState_Open
2023-04-03_08:30:01 INFO [DevilSquare - 6] DevilSquare::SetState_Open
2023-04-03_08:30:01 INFO [DevilSquare - 7] DevilSquare::SetState_Open
2023-04-03_08:30:01 INFO [DevilSquareMgr] SetState_Open()
2023-04-03_08:35:01 INFO [DevilSquare - 1] DevilSquare::SetState_StandBy
2023-04-03_08:35:01 INFO [DevilSquare - 2] DevilSquare::SetState_StandBy
2023-04-03_08:35:01 INFO [DevilSquare - 3] DevilSquare::SetState_StandBy
2023-04-03_08:35:01 INFO [DevilSquare - 4] DevilSquare::SetState_StandBy
2023-04-03_08:35:01 INFO [DevilSquare - 5] DevilSquare::SetState_StandBy
2023-04-03_08:35:01 INFO [DevilSquare - 6] DevilSquare::SetState_StandBy
2023-04-03_08:35:01 INFO [DevilSquare - 7] DevilSquare::SetState_StandBy
2023-04-03_08:35:01 INFO [DevilSquareMgr] SetState_Playing()
2023-04-03_08:35:01 INFO [DevilSquare - 1] Moving Players Out
2023-04-03_08:35:01 INFO [DevilSquare - 1] Clearing Monsters
2023-04-03_08:35:01 INFO [DevilSquare - 1] DevilSquare::SetState_None
2023-04-03_08:35:01 INFO [DevilSquare - 2] Moving Players Out
2023-04-03_08:35:01 INFO [DevilSquare - 2] Clearing Monsters
2023-04-03_08:35:01 INFO [DevilSquare - 2] DevilSquare::SetState_None
2023-04-03_08:35:01 INFO [DevilSquare - 3] Moving Players Out
2023-04-03_08:35:01 INFO [DevilSquare - 3] Clearing Monsters
2023-04-03_08:35:01 INFO [DevilSquare - 3] DevilSquare::SetState_None
2023-04-03_08:35:01 INFO [DevilSquare - 4] Moving Players Out
2023-04-03_08:35:01 INFO [DevilSquare - 4] Clearing Monsters
2023-04-03_08:35:01 INFO [DevilSquare - 4] DevilSquare::SetState_None
2023-04-03_08:35:01 INFO [DevilSquare - 5] Moving Players Out
2023-04-03_08:35:01 INFO [DevilSquare - 5] Clearing Monsters
2023-04-03_08:35:01 INFO [DevilSquare - 5] DevilSquare::SetState_None
2023-04-03_08:35:01 INFO [DevilSquare - 6] Moving Players Out
2023-04-03_08:35:01 INFO [DevilSquare - 6] Clearing Monsters
2023-04-03_08:35:01 INFO [DevilSquare - 6] DevilSquare::SetState_None
2023-04-03_08:35:01 INFO [DevilSquare - 7] Moving Players Out
2023-04-03_08:35:01 INFO [DevilSquare - 7] Clearing Monsters
2023-04-03_08:35:01 INFO [DevilSquare - 7] DevilSquare::SetState_None
2023-04-03_08:35:01 INFO [DevilSquareMgr] SetState_None()
2023-04-03_09:30:00 INFO [DevilSquare - 1] DevilSquare::SetState_Open
2023-04-03_09:30:00 INFO [DevilSquare - 2] DevilSquare::SetState_Open
2023-04-03_09:30:00 INFO [DevilSquare - 3] DevilSquare::SetState_Open
2023-04-03_09:30:00 INFO [DevilSquare - 4] DevilSquare::SetState_Open
2023-04-03_09:30:00 INFO [DevilSquare - 5] DevilSquare::SetState_Open
2023-04-03_09:30:00 INFO [DevilSquare - 6] DevilSquare::SetState_Open
2023-04-03_09:30:00 INFO [DevilSquare - 7] DevilSquare::SetState_Open
2023-04-03_09:30:00 INFO [DevilSquareMgr] SetState_Open()
2023-04-03_09:35:00 INFO [DevilSquare - 1] DevilSquare::SetState_StandBy
2023-04-03_09:35:00 INFO [DevilSquare - 2] DevilSquare::SetState_StandBy
2023-04-03_09:35:00 INFO [DevilSquare - 3] DevilSquare::SetState_StandBy
2023-04-03_09:35:00 INFO [DevilSquare - 4] DevilSquare::SetState_StandBy
2023-04-03_09:35:00 INFO [DevilSquare - 5] DevilSquare::SetState_StandBy
2023-04-03_09:35:00 INFO [DevilSquare - 6] DevilSquare::SetState_StandBy
2023-04-03_09:35:00 INFO [DevilSquare - 7] DevilSquare::SetState_StandBy
2023-04-03_09:35:00 INFO [DevilSquareMgr] SetState_Playing()
2023-04-03_09:35:00 INFO [DevilSquare - 1] Moving Players Out
2023-04-03_09:35:00 INFO [DevilSquare - 1] Clearing Monsters
2023-04-03_09:35:00 INFO [DevilSquare - 1] DevilSquare::SetState_None
2023-04-03_09:35:00 INFO [DevilSquare - 2] Moving Players Out
2023-04-03_09:35:00 INFO [DevilSquare - 2] Clearing Monsters
2023-04-03_09:35:00 INFO [DevilSquare - 2] DevilSquare::SetState_None
2023-04-03_09:35:00 INFO [DevilSquare - 3] Moving Players Out
2023-04-03_09:35:00 INFO [DevilSquare - 3] Clearing Monsters
2023-04-03_09:35:00 INFO [DevilSquare - 3] DevilSquare::SetState_None
2023-04-03_09:35:00 INFO [DevilSquare - 4] Moving Players Out
2023-04-03_09:35:00 INFO [DevilSquare - 4] Clearing Monsters
2023-04-03_09:35:00 INFO [DevilSquare - 4] DevilSquare::SetState_None
2023-04-03_09:35:00 INFO [DevilSquare - 5] Moving Players Out
2023-04-03_09:35:00 INFO [DevilSquare - 5] Clearing Monsters
2023-04-03_09:35:00 INFO [DevilSquare - 5] DevilSquare::SetState_None
2023-04-03_09:35:00 INFO [DevilSquare - 6] Moving Players Out
2023-04-03_09:35:00 INFO [DevilSquare - 6] Clearing Monsters
2023-04-03_09:35:00 INFO [DevilSquare - 6] DevilSquare::SetState_None
2023-04-03_09:35:00 INFO [DevilSquare - 7] Moving Players Out
2023-04-03_09:35:00 INFO [DevilSquare - 7] Clearing Monsters
2023-04-03_09:35:00 INFO [DevilSquare - 7] DevilSquare::SetState_None
2023-04-03_09:35:00 INFO [DevilSquareMgr] SetState_None()
2023-04-03_10:30:00 INFO [DevilSquare - 1] DevilSquare::SetState_Open
2023-04-03_10:30:00 INFO [DevilSquare - 2] DevilSquare::SetState_Open
2023-04-03_10:30:00 INFO [DevilSquare - 3] DevilSquare::SetState_Open
2023-04-03_10:30:00 INFO [DevilSquare - 4] DevilSquare::SetState_Open
2023-04-03_10:30:00 INFO [DevilSquare - 5] DevilSquare::SetState_Open
2023-04-03_10:30:00 INFO [DevilSquare - 6] DevilSquare::SetState_Open
2023-04-03_10:30:00 INFO [DevilSquare - 7] DevilSquare::SetState_Open
2023-04-03_10:30:00 INFO [DevilSquareMgr] SetState_Open()
2023-04-03_10:35:00 INFO [DevilSquare - 1] DevilSquare::SetState_StandBy
2023-04-03_10:35:00 INFO [DevilSquare - 2] DevilSquare::SetState_StandBy
2023-04-03_10:35:00 INFO [DevilSquare - 3] DevilSquare::SetState_StandBy
2023-04-03_10:35:00 INFO [DevilSquare - 4] DevilSquare::SetState_StandBy
2023-04-03_10:35:00 INFO [DevilSquare - 5] DevilSquare::SetState_StandBy
2023-04-03_10:35:00 INFO [DevilSquare - 6] DevilSquare::SetState_StandBy
2023-04-03_10:35:00 INFO [DevilSquare - 7] DevilSquare::SetState_StandBy
2023-04-03_10:35:00 INFO [DevilSquareMgr] SetState_Playing()
2023-04-03_10:35:00 INFO [DevilSquare - 1] Moving Players Out
2023-04-03_10:35:00 INFO [DevilSquare - 1] Clearing Monsters
2023-04-03_10:35:00 INFO [DevilSquare - 1] DevilSquare::SetState_None
2023-04-03_10:35:00 INFO [DevilSquare - 2] Moving Players Out
2023-04-03_10:35:01 INFO [DevilSquare - 2] Clearing Monsters
2023-04-03_10:35:01 INFO [DevilSquare - 2] DevilSquare::SetState_None
2023-04-03_10:35:01 INFO [DevilSquare - 3] Moving Players Out
2023-04-03_10:35:01 INFO [DevilSquare - 3] Clearing Monsters
2023-04-03_10:35:01 INFO [DevilSquare - 3] DevilSquare::SetState_None
2023-04-03_10:35:01 INFO [DevilSquare - 4] Moving Players Out
2023-04-03_10:35:01 INFO [DevilSquare - 4] Clearing Monsters
2023-04-03_10:35:01 INFO [DevilSquare - 4] DevilSquare::SetState_None
2023-04-03_10:35:01 INFO [DevilSquare - 5] Moving Players Out
2023-04-03_10:35:01 INFO [DevilSquare - 5] Clearing Monsters
2023-04-03_10:35:01 INFO [DevilSquare - 5] DevilSquare::SetState_None
2023-04-03_10:35:01 INFO [DevilSquare - 6] Moving Players Out
2023-04-03_10:35:01 INFO [DevilSquare - 6] Clearing Monsters
2023-04-03_10:35:01 INFO [DevilSquare - 6] DevilSquare::SetState_None
2023-04-03_10:35:01 INFO [DevilSquare - 7] Moving Players Out
2023-04-03_10:35:01 INFO [DevilSquare - 7] Clearing Monsters
2023-04-03_10:35:01 INFO [DevilSquare - 7] DevilSquare::SetState_None
2023-04-03_10:35:01 INFO [DevilSquareMgr] SetState_None()
2023-04-03_11:30:00 INFO [DevilSquare - 1] DevilSquare::SetState_Open
2023-04-03_11:30:00 INFO [DevilSquare - 2] DevilSquare::SetState_Open
2023-04-03_11:30:00 INFO [DevilSquare - 3] DevilSquare::SetState_Open
2023-04-03_11:30:00 INFO [DevilSquare - 4] DevilSquare::SetState_Open
2023-04-03_11:30:00 INFO [DevilSquare - 5] DevilSquare::SetState_Open
2023-04-03_11:30:00 INFO [DevilSquare - 6] DevilSquare::SetState_Open
2023-04-03_11:30:00 INFO [DevilSquare - 7] DevilSquare::SetState_Open
2023-04-03_11:30:00 INFO [DevilSquareMgr] SetState_Open()
2023-04-03_11:35:00 INFO [DevilSquare - 1] DevilSquare::SetState_StandBy
2023-04-03_11:35:00 INFO [DevilSquare - 2] DevilSquare::SetState_StandBy
2023-04-03_11:35:00 INFO [DevilSquare - 3] DevilSquare::SetState_StandBy
2023-04-03_11:35:00 INFO [DevilSquare - 4] DevilSquare::SetState_StandBy
2023-04-03_11:35:00 INFO [DevilSquare - 5] DevilSquare::SetState_StandBy
2023-04-03_11:35:00 INFO [DevilSquare - 6] DevilSquare::SetState_StandBy
2023-04-03_11:35:00 INFO [DevilSquare - 7] DevilSquare::SetState_StandBy
2023-04-03_11:35:00 INFO [DevilSquareMgr] SetState_Playing()
2023-04-03_11:35:00 INFO [DevilSquare - 1] Moving Players Out
2023-04-03_11:35:00 INFO [DevilSquare - 1] Clearing Monsters
2023-04-03_11:35:00 INFO [DevilSquare - 1] DevilSquare::SetState_None
2023-04-03_11:35:00 INFO [DevilSquare - 2] Moving Players Out
2023-04-03_11:35:00 INFO [DevilSquare - 2] Clearing Monsters
2023-04-03_11:35:00 INFO [DevilSquare - 2] DevilSquare::SetState_None
2023-04-03_11:35:00 INFO [DevilSquare - 3] Moving Players Out
2023-04-03_11:35:00 INFO [DevilSquare - 3] Clearing Monsters
2023-04-03_11:35:00 INFO [DevilSquare - 3] DevilSquare::SetState_None
2023-04-03_11:35:00 INFO [DevilSquare - 4] Moving Players Out
2023-04-03_11:35:01 INFO [DevilSquare - 4] Clearing Monsters
2023-04-03_11:35:01 INFO [DevilSquare - 4] DevilSquare::SetState_None
2023-04-03_11:35:01 INFO [DevilSquare - 5] Moving Players Out
2023-04-03_11:35:01 INFO [DevilSquare - 5] Clearing Monsters
2023-04-03_11:35:01 INFO [DevilSquare - 5] DevilSquare::SetState_None
2023-04-03_11:35:01 INFO [DevilSquare - 6] Moving Players Out
2023-04-03_11:35:01 INFO [DevilSquare - 6] Clearing Monsters
2023-04-03_11:35:01 INFO [DevilSquare - 6] DevilSquare::SetState_None
2023-04-03_11:35:01 INFO [DevilSquare - 7] Moving Players Out
2023-04-03_11:35:01 INFO [DevilSquare - 7] Clearing Monsters
2023-04-03_11:35:01 INFO [DevilSquare - 7] DevilSquare::SetState_None
2023-04-03_11:35:01 INFO [DevilSquareMgr] SetState_None()
2023-04-03_12:30:00 INFO [DevilSquare - 1] DevilSquare::SetState_Open
2023-04-03_12:30:00 INFO [DevilSquare - 2] DevilSquare::SetState_Open
2023-04-03_12:30:00 INFO [DevilSquare - 3] DevilSquare::SetState_Open
2023-04-03_12:30:00 INFO [DevilSquare - 4] DevilSquare::SetState_Open
2023-04-03_12:30:00 INFO [DevilSquare - 5] DevilSquare::SetState_Open
2023-04-03_12:30:00 INFO [DevilSquare - 6] DevilSquare::SetState_Open
2023-04-03_12:30:00 INFO [DevilSquare - 7] DevilSquare::SetState_Open
2023-04-03_12:30:00 INFO [DevilSquareMgr] SetState_Open()
2023-04-03_12:35:00 INFO [DevilSquare - 1] DevilSquare::SetState_StandBy
2023-04-03_12:35:00 INFO [DevilSquare - 2] DevilSquare::SetState_StandBy
2023-04-03_12:35:00 INFO [DevilSquare - 3] DevilSquare::SetState_StandBy
2023-04-03_12:35:00 INFO [DevilSquare - 4] DevilSquare::SetState_StandBy
2023-04-03_12:35:00 INFO [DevilSquare - 5] DevilSquare::SetState_StandBy
2023-04-03_12:35:00 INFO [DevilSquare - 6] DevilSquare::SetState_StandBy
2023-04-03_12:35:00 INFO [DevilSquare - 7] DevilSquare::SetState_StandBy
2023-04-03_12:35:00 INFO [DevilSquareMgr] SetState_Playing()
2023-04-03_12:35:00 INFO [DevilSquare - 1] Moving Players Out
2023-04-03_12:35:01 INFO [DevilSquare - 1] Clearing Monsters
2023-04-03_12:35:01 INFO [DevilSquare - 1] DevilSquare::SetState_None
2023-04-03_12:35:01 INFO [DevilSquare - 2] Moving Players Out
2023-04-03_12:35:01 INFO [DevilSquare - 2] Clearing Monsters
2023-04-03_12:35:01 INFO [DevilSquare - 2] DevilSquare::SetState_None
2023-04-03_12:35:01 INFO [DevilSquare - 3] Moving Players Out
2023-04-03_12:35:01 INFO [DevilSquare - 3] Clearing Monsters
2023-04-03_12:35:01 INFO [DevilSquare - 3] DevilSquare::SetState_None
2023-04-03_12:35:01 INFO [DevilSquare - 4] Moving Players Out
2023-04-03_12:35:01 INFO [DevilSquare - 4] Clearing Monsters
2023-04-03_12:35:01 INFO [DevilSquare - 4] DevilSquare::SetState_None
2023-04-03_12:35:01 INFO [DevilSquare - 5] Moving Players Out
2023-04-03_12:35:01 INFO [DevilSquare - 5] Clearing Monsters
2023-04-03_12:35:01 INFO [DevilSquare - 5] DevilSquare::SetState_None
2023-04-03_12:35:01 INFO [DevilSquare - 6] Moving Players Out
2023-04-03_12:35:01 INFO [DevilSquare - 6] Clearing Monsters
2023-04-03_12:35:01 INFO [DevilSquare - 6] DevilSquare::SetState_None
2023-04-03_12:35:01 INFO [DevilSquare - 7] Moving Players Out
2023-04-03_12:35:01 INFO [DevilSquare - 7] Clearing Monsters
2023-04-03_12:35:01 INFO [DevilSquare - 7] DevilSquare::SetState_None
2023-04-03_12:35:01 INFO [DevilSquareMgr] SetState_None()
2023-04-03_13:30:00 INFO [DevilSquare - 1] DevilSquare::SetState_Open
2023-04-03_13:30:00 INFO [DevilSquare - 2] DevilSquare::SetState_Open
2023-04-03_13:30:00 INFO [DevilSquare - 3] DevilSquare::SetState_Open
2023-04-03_13:30:00 INFO [DevilSquare - 4] DevilSquare::SetState_Open
2023-04-03_13:30:00 INFO [DevilSquare - 5] DevilSquare::SetState_Open
2023-04-03_13:30:00 INFO [DevilSquare - 6] DevilSquare::SetState_Open
2023-04-03_13:30:00 INFO [DevilSquare - 7] DevilSquare::SetState_Open
2023-04-03_13:30:00 INFO [DevilSquareMgr] SetState_Open()
2023-04-03_13:35:00 INFO [DevilSquare - 1] DevilSquare::SetState_StandBy
2023-04-03_13:35:00 INFO [DevilSquare - 2] DevilSquare::SetState_StandBy
2023-04-03_13:35:00 INFO [DevilSquare - 3] DevilSquare::SetState_StandBy
2023-04-03_13:35:00 INFO [DevilSquare - 4] DevilSquare::SetState_StandBy
2023-04-03_13:35:00 INFO [DevilSquare - 5] DevilSquare::SetState_StandBy
2023-04-03_13:35:00 INFO [DevilSquare - 6] DevilSquare::SetState_StandBy
2023-04-03_13:35:00 INFO [DevilSquare - 7] DevilSquare::SetState_StandBy
2023-04-03_13:35:00 INFO [DevilSquareMgr] SetState_Playing()
2023-04-03_13:35:00 INFO [DevilSquare - 1] Moving Players Out
2023-04-03_13:35:01 INFO [DevilSquare - 1] Clearing Monsters
2023-04-03_13:35:01 INFO [DevilSquare - 1] DevilSquare::SetState_None
2023-04-03_13:35:01 INFO [DevilSquare - 2] Moving Players Out
2023-04-03_13:35:01 INFO [DevilSquare - 2] Clearing Monsters
2023-04-03_13:35:01 INFO [DevilSquare - 2] DevilSquare::SetState_None
2023-04-03_13:35:01 INFO [DevilSquare - 3] Moving Players Out
2023-04-03_13:35:01 INFO [DevilSquare - 3] Clearing Monsters
2023-04-03_13:35:01 INFO [DevilSquare - 3] DevilSquare::SetState_None
2023-04-03_13:35:01 INFO [DevilSquare - 4] Moving Players Out
2023-04-03_13:35:01 INFO [DevilSquare - 4] Clearing Monsters
2023-04-03_13:35:01 INFO [DevilSquare - 4] DevilSquare::SetState_None
2023-04-03_13:35:01 INFO [DevilSquare - 5] Moving Players Out
2023-04-03_13:35:01 INFO [DevilSquare - 5] Clearing Monsters
2023-04-03_13:35:01 INFO [DevilSquare - 5] DevilSquare::SetState_None
2023-04-03_13:35:01 INFO [DevilSquare - 6] Moving Players Out
2023-04-03_13:35:01 INFO [DevilSquare - 6] Clearing Monsters
2023-04-03_13:35:01 INFO [DevilSquare - 6] DevilSquare::SetState_None
2023-04-03_13:35:01 INFO [DevilSquare - 7] Moving Players Out
2023-04-03_13:35:01 INFO [DevilSquare - 7] Clearing Monsters
2023-04-03_13:35:01 INFO [DevilSquare - 7] DevilSquare::SetState_None
2023-04-03_13:35:01 INFO [DevilSquareMgr] SetState_None()
2023-04-03_14:30:00 INFO [DevilSquare - 1] DevilSquare::SetState_Open
2023-04-03_14:30:00 INFO [DevilSquare - 2] DevilSquare::SetState_Open
2023-04-03_14:30:00 INFO [DevilSquare - 3] DevilSquare::SetState_Open
2023-04-03_14:30:00 INFO [DevilSquare - 4] DevilSquare::SetState_Open
2023-04-03_14:30:00 INFO [DevilSquare - 5] DevilSquare::SetState_Open
2023-04-03_14:30:00 INFO [DevilSquare - 6] DevilSquare::SetState_Open
2023-04-03_14:30:00 INFO [DevilSquare - 7] DevilSquare::SetState_Open
2023-04-03_14:30:00 INFO [DevilSquareMgr] SetState_Open()
2023-04-03_14:35:00 INFO [DevilSquare - 1] DevilSquare::SetState_StandBy
2023-04-03_14:35:00 INFO [DevilSquare - 2] DevilSquare::SetState_StandBy
2023-04-03_14:35:00 INFO [DevilSquare - 3] DevilSquare::SetState_StandBy
2023-04-03_14:35:00 INFO [DevilSquare - 4] DevilSquare::SetState_StandBy
2023-04-03_14:35:00 INFO [DevilSquare - 5] DevilSquare::SetState_StandBy
2023-04-03_14:35:00 INFO [DevilSquare - 6] DevilSquare::SetState_StandBy
2023-04-03_14:35:00 INFO [DevilSquare - 7] DevilSquare::SetState_StandBy
2023-04-03_14:35:00 INFO [DevilSquareMgr] SetState_Playing()
2023-04-03_14:35:00 INFO [DevilSquare - 1] Moving Players Out
2023-04-03_14:35:00 INFO [DevilSquare - 1] Clearing Monsters
2023-04-03_14:35:00 INFO [DevilSquare - 1] DevilSquare::SetState_None
2023-04-03_14:35:00 INFO [DevilSquare - 2] Moving Players Out
2023-04-03_14:35:01 INFO [DevilSquare - 2] Clearing Monsters
2023-04-03_14:35:01 INFO [DevilSquare - 2] DevilSquare::SetState_None
2023-04-03_14:35:01 INFO [DevilSquare - 3] Moving Players Out
2023-04-03_14:35:01 INFO [DevilSquare - 3] Clearing Monsters
2023-04-03_14:35:01 INFO [DevilSquare - 3] DevilSquare::SetState_None
2023-04-03_14:35:01 INFO [DevilSquare - 4] Moving Players Out
2023-04-03_14:35:01 INFO [DevilSquare - 4] Clearing Monsters
2023-04-03_14:35:01 INFO [DevilSquare - 4] DevilSquare::SetState_None
2023-04-03_14:35:01 INFO [DevilSquare - 5] Moving Players Out
2023-04-03_14:35:01 INFO [DevilSquare - 5] Clearing Monsters
2023-04-03_14:35:01 INFO [DevilSquare - 5] DevilSquare::SetState_None
2023-04-03_14:35:01 INFO [DevilSquare - 6] Moving Players Out
2023-04-03_14:35:01 INFO [DevilSquare - 6] Clearing Monsters
2023-04-03_14:35:01 INFO [DevilSquare - 6] DevilSquare::SetState_None
2023-04-03_14:35:01 INFO [DevilSquare - 7] Moving Players Out
2023-04-03_14:35:01 INFO [DevilSquare - 7] Clearing Monsters
2023-04-03_14:35:01 INFO [DevilSquare - 7] DevilSquare::SetState_None
2023-04-03_14:35:01 INFO [DevilSquareMgr] SetState_None()
2023-04-03_15:30:01 INFO [DevilSquare - 1] DevilSquare::SetState_Open
2023-04-03_15:30:01 INFO [DevilSquare - 2] DevilSquare::SetState_Open
2023-04-03_15:30:01 INFO [DevilSquare - 3] DevilSquare::SetState_Open
2023-04-03_15:30:01 INFO [DevilSquare - 4] DevilSquare::SetState_Open
2023-04-03_15:30:01 INFO [DevilSquare - 5] DevilSquare::SetState_Open
2023-04-03_15:30:01 INFO [DevilSquare - 6] DevilSquare::SetState_Open
2023-04-03_15:30:01 INFO [DevilSquare - 7] DevilSquare::SetState_Open
2023-04-03_15:30:01 INFO [DevilSquareMgr] SetState_Open()
2023-04-03_15:35:01 INFO [DevilSquare - 1] DevilSquare::SetState_StandBy
2023-04-03_15:35:01 INFO [DevilSquare - 2] DevilSquare::SetState_StandBy
2023-04-03_15:35:01 INFO [DevilSquare - 3] DevilSquare::SetState_StandBy
2023-04-03_15:35:01 INFO [DevilSquare - 4] DevilSquare::SetState_StandBy
2023-04-03_15:35:01 INFO [DevilSquare - 5] DevilSquare::SetState_StandBy
2023-04-03_15:35:01 INFO [DevilSquare - 6] DevilSquare::SetState_StandBy
2023-04-03_15:35:01 INFO [DevilSquare - 7] DevilSquare::SetState_StandBy
2023-04-03_15:35:01 INFO [DevilSquareMgr] SetState_Playing()
2023-04-03_15:35:01 INFO [DevilSquare - 1] Moving Players Out
2023-04-03_15:35:01 INFO [DevilSquare - 1] Clearing Monsters
2023-04-03_15:35:01 INFO [DevilSquare - 1] DevilSquare::SetState_None
2023-04-03_15:35:01 INFO [DevilSquare - 2] Moving Players Out
2023-04-03_15:35:02 INFO [DevilSquare - 2] Clearing Monsters
2023-04-03_15:35:02 INFO [DevilSquare - 2] DevilSquare::SetState_None
2023-04-03_15:35:02 INFO [DevilSquare - 3] Moving Players Out
2023-04-03_15:35:02 INFO [DevilSquare - 3] Clearing Monsters
2023-04-03_15:35:02 INFO [DevilSquare - 3] DevilSquare::SetState_None
2023-04-03_15:35:02 INFO [DevilSquare - 4] Moving Players Out
2023-04-03_15:35:02 INFO [DevilSquare - 4] Clearing Monsters
2023-04-03_15:35:02 INFO [DevilSquare - 4] DevilSquare::SetState_None
2023-04-03_15:35:02 INFO [DevilSquare - 5] Moving Players Out
2023-04-03_15:35:02 INFO [DevilSquare - 5] Clearing Monsters
2023-04-03_15:35:02 INFO [DevilSquare - 5] DevilSquare::SetState_None
2023-04-03_15:35:02 INFO [DevilSquare - 6] Moving Players Out
2023-04-03_15:35:02 INFO [DevilSquare - 6] Clearing Monsters
2023-04-03_15:35:02 INFO [DevilSquare - 6] DevilSquare::SetState_None
2023-04-03_15:35:02 INFO [DevilSquare - 7] Moving Players Out
2023-04-03_15:35:02 INFO [DevilSquare - 7] Clearing Monsters
2023-04-03_15:35:02 INFO [DevilSquare - 7] DevilSquare::SetState_None
2023-04-03_15:35:02 INFO [DevilSquareMgr] SetState_None()
2023-04-03_16:30:01 INFO [DevilSquare - 1] DevilSquare::SetState_Open
2023-04-03_16:30:01 INFO [DevilSquare - 2] DevilSquare::SetState_Open
2023-04-03_16:30:01 INFO [DevilSquare - 3] DevilSquare::SetState_Open
2023-04-03_16:30:01 INFO [DevilSquare - 4] DevilSquare::SetState_Open
2023-04-03_16:30:01 INFO [DevilSquare - 5] DevilSquare::SetState_Open
2023-04-03_16:30:01 INFO [DevilSquare - 6] DevilSquare::SetState_Open
2023-04-03_16:30:01 INFO [DevilSquare - 7] DevilSquare::SetState_Open
2023-04-03_16:30:01 INFO [DevilSquareMgr] SetState_Open()
2023-04-03_16:35:01 INFO [DevilSquare - 1] DevilSquare::SetState_StandBy
2023-04-03_16:35:01 INFO [DevilSquare - 2] DevilSquare::SetState_StandBy
2023-04-03_16:35:01 INFO [DevilSquare - 3] DevilSquare::SetState_StandBy
2023-04-03_16:35:01 INFO [DevilSquare - 4] DevilSquare::SetState_StandBy
2023-04-03_16:35:01 INFO [DevilSquare - 5] DevilSquare::SetState_StandBy
2023-04-03_16:35:01 INFO [DevilSquare - 6] DevilSquare::SetState_StandBy
2023-04-03_16:35:01 INFO [DevilSquare - 7] DevilSquare::SetState_StandBy
2023-04-03_16:35:02 INFO [DevilSquareMgr] SetState_Playing()
2023-04-03_16:35:02 INFO [DevilSquare - 1] Moving Players Out
2023-04-03_16:35:02 INFO [DevilSquare - 1] Clearing Monsters
2023-04-03_16:35:02 INFO [DevilSquare - 1] DevilSquare::SetState_None
2023-04-03_16:35:02 INFO [DevilSquare - 2] Moving Players Out
2023-04-03_16:35:02 INFO [DevilSquare - 2] Clearing Monsters
2023-04-03_16:35:02 INFO [DevilSquare - 2] DevilSquare::SetState_None
2023-04-03_16:35:02 INFO [DevilSquare - 3] Moving Players Out
2023-04-03_16:35:02 INFO [DevilSquare - 3] Clearing Monsters
2023-04-03_16:35:02 INFO [DevilSquare - 3] DevilSquare::SetState_None
2023-04-03_16:35:02 INFO [DevilSquare - 4] Moving Players Out
2023-04-03_16:35:02 INFO [DevilSquare - 4] Clearing Monsters
2023-04-03_16:35:02 INFO [DevilSquare - 4] DevilSquare::SetState_None
2023-04-03_16:35:03 INFO [DevilSquare - 5] Moving Players Out
2023-04-03_16:35:03 INFO [DevilSquare - 5] Clearing Monsters
2023-04-03_16:35:03 INFO [DevilSquare - 5] DevilSquare::SetState_None
2023-04-03_16:35:03 INFO [DevilSquare - 6] Moving Players Out
2023-04-03_16:35:03 INFO [DevilSquare - 6] Clearing Monsters
2023-04-03_16:35:03 INFO [DevilSquare - 6] DevilSquare::SetState_None
2023-04-03_16:35:03 INFO [DevilSquare - 7] Moving Players Out
2023-04-03_16:35:03 INFO [DevilSquare - 7] Clearing Monsters
2023-04-03_16:35:03 INFO [DevilSquare - 7] DevilSquare::SetState_None
2023-04-03_16:35:03 INFO [DevilSquareMgr] SetState_None()
2023-04-03_17:30:00 INFO [DevilSquare - 1] DevilSquare::SetState_Open
2023-04-03_17:30:00 INFO [DevilSquare - 2] DevilSquare::SetState_Open
2023-04-03_17:30:01 INFO [DevilSquare - 3] DevilSquare::SetState_Open
2023-04-03_17:30:01 INFO [DevilSquare - 4] DevilSquare::SetState_Open
2023-04-03_17:30:01 INFO [DevilSquare - 5] DevilSquare::SetState_Open
2023-04-03_17:30:01 INFO [DevilSquare - 6] DevilSquare::SetState_Open
2023-04-03_17:30:01 INFO [DevilSquare - 7] DevilSquare::SetState_Open
2023-04-03_17:30:01 INFO [DevilSquareMgr] SetState_Open()
2023-04-03_17:35:01 INFO [DevilSquare - 1] DevilSquare::SetState_StandBy
2023-04-03_17:35:01 INFO [DevilSquare - 2] DevilSquare::SetState_StandBy
2023-04-03_17:35:01 INFO [DevilSquare - 3] DevilSquare::SetState_StandBy
2023-04-03_17:35:01 INFO [DevilSquare - 4] DevilSquare::SetState_StandBy
2023-04-03_17:35:01 INFO [DevilSquare - 5] DevilSquare::SetState_StandBy
2023-04-03_17:35:01 INFO [DevilSquare - 6] DevilSquare::SetState_StandBy
2023-04-03_17:35:01 INFO [DevilSquare - 7] DevilSquare::SetState_StandBy
2023-04-03_17:35:01 INFO [DevilSquareMgr] SetState_Playing()
2023-04-03_17:35:01 INFO [DevilSquare - 1] Moving Players Out
2023-04-03_17:35:01 INFO [DevilSquare - 1] Clearing Monsters
2023-04-03_17:35:02 INFO [DevilSquare - 1] DevilSquare::SetState_None
2023-04-03_17:35:02 INFO [DevilSquare - 2] Moving Players Out
2023-04-03_17:35:02 INFO [DevilSquare - 2] Clearing Monsters
2023-04-03_17:35:02 INFO [DevilSquare - 2] DevilSquare::SetState_None
2023-04-03_17:35:02 INFO [DevilSquare - 3] Moving Players Out
2023-04-03_17:35:02 INFO [DevilSquare - 3] Clearing Monsters
2023-04-03_17:35:02 INFO [DevilSquare - 3] DevilSquare::SetState_None
2023-04-03_17:35:02 INFO [DevilSquare - 4] Moving Players Out
2023-04-03_17:35:02 INFO [DevilSquare - 4] Clearing Monsters
2023-04-03_17:35:02 INFO [DevilSquare - 4] DevilSquare::SetState_None
2023-04-03_17:35:02 INFO [DevilSquare - 5] Moving Players Out
2023-04-03_17:35:02 INFO [DevilSquare - 5] Clearing Monsters
2023-04-03_17:35:02 INFO [DevilSquare - 5] DevilSquare::SetState_None
2023-04-03_17:35:02 INFO [DevilSquare - 6] Moving Players Out
2023-04-03_17:35:02 INFO [DevilSquare - 6] Clearing Monsters
2023-04-03_17:35:02 INFO [DevilSquare - 6] DevilSquare::SetState_None
2023-04-03_17:35:02 INFO [DevilSquare - 7] Moving Players Out
2023-04-03_17:35:03 INFO [DevilSquare - 7] Clearing Monsters
2023-04-03_17:35:03 INFO [DevilSquare - 7] DevilSquare::SetState_None
2023-04-03_17:35:03 INFO [DevilSquareMgr] SetState_None()
2023-04-03_18:30:00 INFO [DevilSquare - 1] DevilSquare::SetState_Open
2023-04-03_18:30:00 INFO [DevilSquare - 2] DevilSquare::SetState_Open
2023-04-03_18:30:00 INFO [DevilSquare - 3] DevilSquare::SetState_Open
2023-04-03_18:30:00 INFO [DevilSquare - 4] DevilSquare::SetState_Open
2023-04-03_18:30:00 INFO [DevilSquare - 5] DevilSquare::SetState_Open
2023-04-03_18:30:00 INFO [DevilSquare - 6] DevilSquare::SetState_Open
2023-04-03_18:30:00 INFO [DevilSquare - 7] DevilSquare::SetState_Open
2023-04-03_18:30:01 INFO [DevilSquareMgr] SetState_Open()
2023-04-03_18:35:01 INFO [DevilSquare - 1] DevilSquare::SetState_StandBy
2023-04-03_18:35:01 INFO [DevilSquare - 2] DevilSquare::SetState_StandBy
2023-04-03_18:35:01 INFO [DevilSquare - 3] DevilSquare::SetState_StandBy
2023-04-03_18:35:01 INFO [DevilSquare - 4] DevilSquare::SetState_StandBy
2023-04-03_18:35:01 INFO [DevilSquare - 5] DevilSquare::SetState_StandBy
2023-04-03_18:35:01 INFO [DevilSquare - 6] DevilSquare::SetState_StandBy
2023-04-03_18:35:01 INFO [DevilSquare - 7] DevilSquare::SetState_StandBy
2023-04-03_18:35:01 INFO [DevilSquareMgr] SetState_Playing()
2023-04-03_18:35:01 INFO [DevilSquare - 1] Moving Players Out
2023-04-03_18:35:01 INFO [DevilSquare - 1] Clearing Monsters
2023-04-03_18:35:01 INFO [DevilSquare - 1] DevilSquare::SetState_None
2023-04-03_18:35:01 INFO [DevilSquare - 2] Moving Players Out
2023-04-03_18:35:01 INFO [DevilSquare - 2] Clearing Monsters
2023-04-03_18:35:01 INFO [DevilSquare - 2] DevilSquare::SetState_None
2023-04-03_18:35:01 INFO [DevilSquare - 3] Moving Players Out
2023-04-03_18:35:01 INFO [DevilSquare - 3] Clearing Monsters
2023-04-03_18:35:02 INFO [DevilSquare - 3] DevilSquare::SetState_None
2023-04-03_18:35:02 INFO [DevilSquare - 4] Moving Players Out
2023-04-03_18:35:02 INFO [DevilSquare - 4] Clearing Monsters
2023-04-03_18:35:02 INFO [DevilSquare - 4] DevilSquare::SetState_None
2023-04-03_18:35:02 INFO [DevilSquare - 5] Moving Players Out
2023-04-03_18:35:02 INFO [DevilSquare - 5] Clearing Monsters
2023-04-03_18:35:02 INFO [DevilSquare - 5] DevilSquare::SetState_None
2023-04-03_18:35:02 INFO [DevilSquare - 6] Moving Players Out
2023-04-03_18:35:02 INFO [DevilSquare - 6] Clearing Monsters
2023-04-03_18:35:02 INFO [DevilSquare - 6] DevilSquare::SetState_None
2023-04-03_18:35:02 INFO [DevilSquare - 7] Moving Players Out
2023-04-03_18:35:02 INFO [DevilSquare - 7] Clearing Monsters
2023-04-03_18:35:02 INFO [DevilSquare - 7] DevilSquare::SetState_None
2023-04-03_18:35:02 INFO [DevilSquareMgr] SetState_None()
2023-04-03_19:30:00 INFO [DevilSquare - 1] DevilSquare::SetState_Open
2023-04-03_19:30:00 INFO [DevilSquare - 2] DevilSquare::SetState_Open
2023-04-03_19:30:00 INFO [DevilSquare - 3] DevilSquare::SetState_Open
2023-04-03_19:30:00 INFO [DevilSquare - 4] DevilSquare::SetState_Open
2023-04-03_19:30:00 INFO [DevilSquare - 5] DevilSquare::SetState_Open
2023-04-03_19:30:00 INFO [DevilSquare - 6] DevilSquare::SetState_Open
2023-04-03_19:30:00 INFO [DevilSquare - 7] DevilSquare::SetState_Open
2023-04-03_19:30:00 INFO [DevilSquareMgr] SetState_Open()
2023-04-03_19:35:00 INFO [DevilSquare - 1] DevilSquare::SetState_StandBy
2023-04-03_19:35:00 INFO [DevilSquare - 2] DevilSquare::SetState_StandBy
2023-04-03_19:35:01 INFO [DevilSquare - 3] DevilSquare::SetState_StandBy
2023-04-03_19:35:01 INFO [DevilSquare - 4] DevilSquare::SetState_StandBy
2023-04-03_19:35:01 INFO [DevilSquare - 5] DevilSquare::SetState_StandBy
2023-04-03_19:35:01 INFO [DevilSquare - 6] DevilSquare::SetState_StandBy
2023-04-03_19:35:01 INFO [DevilSquare - 7] DevilSquare::SetState_StandBy
2023-04-03_19:35:01 INFO [DevilSquareMgr] SetState_Playing()
2023-04-03_19:35:01 INFO [DevilSquare - 1] Moving Players Out
2023-04-03_19:35:01 INFO [DevilSquare - 1] Clearing Monsters
2023-04-03_19:35:01 INFO [DevilSquare - 1] DevilSquare::SetState_None
2023-04-03_19:35:01 INFO [DevilSquare - 2] Moving Players Out
2023-04-03_19:35:01 INFO [DevilSquare - 2] Clearing Monsters
2023-04-03_19:35:01 INFO [DevilSquare - 2] DevilSquare::SetState_None
2023-04-03_19:35:01 INFO [DevilSquare - 3] Moving Players Out
2023-04-03_19:35:01 INFO [DevilSquare - 3] Clearing Monsters
2023-04-03_19:35:02 INFO [DevilSquare - 3] DevilSquare::SetState_None
2023-04-03_19:35:02 INFO [DevilSquare - 4] Moving Players Out
2023-04-03_19:35:02 INFO [DevilSquare - 4] Clearing Monsters
2023-04-03_19:35:02 INFO [DevilSquare - 4] DevilSquare::SetState_None
2023-04-03_19:35:02 INFO [DevilSquare - 5] Moving Players Out
2023-04-03_19:35:02 INFO [DevilSquare - 5] Clearing Monsters
2023-04-03_19:35:02 INFO [DevilSquare - 5] DevilSquare::SetState_None
2023-04-03_19:35:02 INFO [DevilSquare - 6] Moving Players Out
2023-04-03_19:35:02 INFO [DevilSquare - 6] Clearing Monsters
2023-04-03_19:35:02 INFO [DevilSquare - 6] DevilSquare::SetState_None
2023-04-03_19:35:02 INFO [DevilSquare - 7] Moving Players Out
2023-04-03_19:35:02 INFO [DevilSquare - 7] Clearing Monsters
2023-04-03_19:35:02 INFO [DevilSquare - 7] DevilSquare::SetState_None
2023-04-03_19:35:02 INFO [DevilSquareMgr] SetState_None()
2023-04-03_20:30:01 INFO [DevilSquare - 1] DevilSquare::SetState_Open
2023-04-03_20:30:01 INFO [DevilSquare - 2] DevilSquare::SetState_Open
2023-04-03_20:30:01 INFO [DevilSquare - 3] DevilSquare::SetState_Open
2023-04-03_20:30:01 INFO [DevilSquare - 4] DevilSquare::SetState_Open
2023-04-03_20:30:01 INFO [DevilSquare - 5] DevilSquare::SetState_Open
2023-04-03_20:30:01 INFO [DevilSquare - 6] DevilSquare::SetState_Open
2023-04-03_20:30:01 INFO [DevilSquare - 7] DevilSquare::SetState_Open
2023-04-03_20:30:01 INFO [DevilSquareMgr] SetState_Open()
2023-04-03_20:35:01 INFO [DevilSquare - 1] DevilSquare::SetState_StandBy
2023-04-03_20:35:01 INFO [DevilSquare - 2] DevilSquare::SetState_StandBy
2023-04-03_20:35:02 INFO [DevilSquare - 3] DevilSquare::SetState_StandBy
2023-04-03_20:35:02 INFO [DevilSquare - 4] DevilSquare::SetState_StandBy
2023-04-03_20:35:02 INFO [DevilSquare - 5] DevilSquare::SetState_StandBy
2023-04-03_20:35:02 INFO [DevilSquare - 6] DevilSquare::SetState_StandBy
2023-04-03_20:35:02 INFO [DevilSquare - 7] DevilSquare::SetState_StandBy
2023-04-03_20:35:02 INFO [DevilSquareMgr] SetState_Playing()
2023-04-03_20:35:02 INFO [DevilSquare - 1] Moving Players Out
2023-04-03_20:35:02 INFO [DevilSquare - 1] Clearing Monsters
2023-04-03_20:35:02 INFO [DevilSquare - 1] DevilSquare::SetState_None
2023-04-03_20:35:02 INFO [DevilSquare - 2] Moving Players Out
2023-04-03_20:35:02 INFO [DevilSquare - 2] Clearing Monsters
2023-04-03_20:35:03 INFO [DevilSquare - 2] DevilSquare::SetState_None
2023-04-03_20:35:03 INFO [DevilSquare - 3] Moving Players Out
2023-04-03_20:35:03 INFO [DevilSquare - 3] Clearing Monsters
2023-04-03_20:35:03 INFO [DevilSquare - 3] DevilSquare::SetState_None
2023-04-03_20:35:03 INFO [DevilSquare - 4] Moving Players Out
2023-04-03_20:35:03 INFO [DevilSquare - 4] Clearing Monsters
2023-04-03_20:35:03 INFO [DevilSquare - 4] DevilSquare::SetState_None
2023-04-03_20:35:03 INFO [DevilSquare - 5] Moving Players Out
2023-04-03_20:35:03 INFO [DevilSquare - 5] Clearing Monsters
2023-04-03_20:35:03 INFO [DevilSquare - 5] DevilSquare::SetState_None
2023-04-03_20:35:03 INFO [DevilSquare - 6] Moving Players Out
2023-04-03_20:35:04 INFO [DevilSquare - 6] Clearing Monsters
2023-04-03_20:35:04 INFO [DevilSquare - 6] DevilSquare::SetState_None
2023-04-03_20:35:04 INFO [DevilSquare - 7] Moving Players Out
2023-04-03_20:35:04 INFO [DevilSquare - 7] Clearing Monsters
2023-04-03_20:35:04 INFO [DevilSquare - 7] DevilSquare::SetState_None
2023-04-03_20:35:04 INFO [DevilSquareMgr] SetState_None()
2023-04-03_21:30:00 INFO [DevilSquare - 1] DevilSquare::SetState_Open
2023-04-03_21:30:01 INFO [DevilSquare - 2] DevilSquare::SetState_Open
2023-04-03_21:30:01 INFO [DevilSquare - 3] DevilSquare::SetState_Open
2023-04-03_21:30:01 INFO [DevilSquare - 4] DevilSquare::SetState_Open
2023-04-03_21:30:01 INFO [DevilSquare - 5] DevilSquare::SetState_Open
2023-04-03_21:30:01 INFO [DevilSquare - 6] DevilSquare::SetState_Open
2023-04-03_21:30:01 INFO [DevilSquare - 7] DevilSquare::SetState_Open
2023-04-03_21:30:01 INFO [DevilSquareMgr] SetState_Open()
2023-04-03_21:35:01 INFO [DevilSquare - 1] DevilSquare::SetState_StandBy
2023-04-03_21:35:01 INFO [DevilSquare - 2] DevilSquare::SetState_StandBy
2023-04-03_21:35:01 INFO [DevilSquare - 3] DevilSquare::SetState_StandBy
2023-04-03_21:35:01 INFO [DevilSquare - 4] DevilSquare::SetState_StandBy
2023-04-03_21:35:01 INFO [DevilSquare - 5] DevilSquare::SetState_StandBy
2023-04-03_21:35:01 INFO [DevilSquare - 6] DevilSquare::SetState_StandBy
2023-04-03_21:35:02 INFO [DevilSquare - 7] DevilSquare::SetState_StandBy
2023-04-03_21:35:02 INFO [DevilSquareMgr] SetState_Playing()
2023-04-03_21:35:02 INFO [DevilSquare - 1] Moving Players Out
2023-04-03_21:35:02 INFO [DevilSquare - 1] Clearing Monsters
2023-04-03_21:35:02 INFO [DevilSquare - 1] DevilSquare::SetState_None
2023-04-03_21:35:02 INFO [DevilSquare - 2] Moving Players Out
2023-04-03_21:35:02 INFO [DevilSquare - 2] Clearing Monsters
2023-04-03_21:35:02 INFO [DevilSquare - 2] DevilSquare::SetState_None
2023-04-03_21:35:02 INFO [DevilSquare - 3] Moving Players Out
2023-04-03_21:35:02 INFO [DevilSquare - 3] Clearing Monsters
2023-04-03_21:35:02 INFO [DevilSquare - 3] DevilSquare::SetState_None
2023-04-03_21:35:02 INFO [DevilSquare - 4] Moving Players Out
2023-04-03_21:35:02 INFO [DevilSquare - 4] Clearing Monsters
2023-04-03_21:35:03 INFO [DevilSquare - 4] DevilSquare::SetState_None
2023-04-03_21:35:03 INFO [DevilSquare - 5] Moving Players Out
2023-04-03_21:35:03 INFO [DevilSquare - 5] Clearing Monsters
2023-04-03_21:35:03 INFO [DevilSquare - 5] DevilSquare::SetState_None
2023-04-03_21:35:03 INFO [DevilSquare - 6] Moving Players Out
2023-04-03_21:35:03 INFO [DevilSquare - 6] Clearing Monsters
2023-04-03_21:35:03 INFO [DevilSquare - 6] DevilSquare::SetState_None
2023-04-03_21:35:03 INFO [DevilSquare - 7] Moving Players Out
2023-04-03_21:35:03 INFO [DevilSquare - 7] Clearing Monsters
2023-04-03_21:35:03 INFO [DevilSquare - 7] DevilSquare::SetState_None
2023-04-03_21:35:03 INFO [DevilSquareMgr] SetState_None()
