2023-03-03_23:09:19 INFO [ Battle StandBy ] SetState_Start()
2023-03-03_23:09:19 INFO SetState_BattleStandBy()
2023-03-03_23:10:18 INFO [ Battle StandBy ] SetState_Notify()
2023-03-03_23:11:17 INFO [ Battle StandBy ] SetState_End()
2023-03-03_23:11:17 INFO [ Battle StandBy ] SetState_None()
2023-03-03_23:11:17 INFO [ Battle Maya ] SetState_StandBy_1()
2023-03-03_23:11:17 INFO SetState_BattleOfMaya()
2023-03-03_23:13:16 INFO [ Battle Maya ] SetState_Notify_1()
2023-03-03_23:13:16 INFO [ Battle Maya ] Failed. No users at state 2
2023-03-03_23:13:16 INFO [ Battle Maya ] SetState_End()
2023-03-03_23:13:18 INFO [ Battle Maya ] SetState_EndCycle()
2023-03-03_23:13:18 INFO [ Battle Maya ] SetState_None()
2023-03-03_23:13:19 INFO SetState_End()
2023-03-03_23:13:19 INFO SetState_None()
2023-03-03_23:13:19 INFO [ Battle StandBy ] SetState_Start()
2023-03-03_23:13:19 INFO SetState_BattleStandBy()
2023-03-03_23:14:18 INFO [ Battle StandBy ] SetState_Notify()
2023-03-03_23:15:17 INFO [ Battle StandBy ] SetState_End()
2023-03-03_23:15:17 INFO [ Battle StandBy ] SetState_None()
2023-03-03_23:15:17 INFO [ Battle Maya ] SetState_StandBy_1()
2023-03-03_23:15:17 INFO SetState_BattleOfMaya()
2023-03-03_23:17:16 INFO [ Battle Maya ] SetState_Notify_1()
2023-03-03_23:17:16 INFO [ Battle Maya ] Failed. No users at state 2
2023-03-03_23:17:16 INFO [ Battle Maya ] SetState_End()
2023-03-03_23:17:18 INFO [ Battle Maya ] SetState_EndCycle()
2023-03-03_23:17:18 INFO [ Battle Maya ] SetState_None()
2023-03-03_23:17:18 INFO SetState_End()
2023-03-03_23:17:18 INFO SetState_None()
2023-03-03_23:17:18 INFO [ Battle StandBy ] SetState_Start()
2023-03-03_23:17:18 INFO SetState_BattleStandBy()
2023-03-03_23:18:17 INFO [ Battle StandBy ] SetState_Notify()
2023-03-03_23:19:16 INFO [ Battle StandBy ] SetState_End()
2023-03-03_23:19:16 INFO [ Battle StandBy ] SetState_None()
2023-03-03_23:19:16 INFO [ Battle Maya ] SetState_StandBy_1()
2023-03-03_23:19:16 INFO SetState_BattleOfMaya()
2023-03-03_23:21:15 INFO [ Battle Maya ] SetState_Notify_1()
2023-03-03_23:21:15 INFO [ Battle Maya ] Failed. No users at state 2
2023-03-03_23:21:15 INFO [ Battle Maya ] SetState_End()
2023-03-03_23:21:17 INFO [ Battle Maya ] SetState_EndCycle()
2023-03-03_23:21:17 INFO [ Battle Maya ] SetState_None()
2023-03-03_23:21:17 INFO SetState_End()
2023-03-03_23:21:17 INFO SetState_None()
2023-03-03_23:21:17 INFO [ Battle StandBy ] SetState_Start()
2023-03-03_23:21:17 INFO SetState_BattleStandBy()
2023-03-03_23:22:16 INFO [ Battle StandBy ] SetState_Notify()
2023-03-03_23:23:15 INFO [ Battle StandBy ] SetState_End()
2023-03-03_23:23:15 INFO [ Battle StandBy ] SetState_None()
2023-03-03_23:23:15 INFO [ Battle Maya ] SetState_StandBy_1()
2023-03-03_23:23:15 INFO SetState_BattleOfMaya()
2023-03-03_23:25:14 INFO [ Battle Maya ] SetState_Notify_1()
2023-03-03_23:25:14 INFO [ Battle Maya ] Failed. No users at state 2
2023-03-03_23:25:14 INFO [ Battle Maya ] SetState_End()
2023-03-03_23:25:16 INFO [ Battle Maya ] SetState_EndCycle()
2023-03-03_23:25:16 INFO [ Battle Maya ] SetState_None()
2023-03-03_23:25:16 INFO SetState_End()
2023-03-03_23:25:17 INFO SetState_None()
2023-03-03_23:25:17 INFO [ Battle StandBy ] SetState_Start()
2023-03-03_23:25:17 INFO SetState_BattleStandBy()
2023-03-03_23:26:16 INFO [ Battle StandBy ] SetState_Notify()
2023-03-03_23:27:15 INFO [ Battle StandBy ] SetState_End()
2023-03-03_23:27:15 INFO [ Battle StandBy ] SetState_None()
2023-03-03_23:27:15 INFO [ Battle Maya ] SetState_StandBy_1()
2023-03-03_23:27:15 INFO SetState_BattleOfMaya()
2023-03-03_23:29:14 INFO [ Battle Maya ] SetState_Notify_1()
2023-03-03_23:29:14 INFO [ Battle Maya ] Failed. No users at state 2
2023-03-03_23:29:14 INFO [ Battle Maya ] SetState_End()
2023-03-03_23:29:16 INFO [ Battle Maya ] SetState_EndCycle()
2023-03-03_23:29:16 INFO [ Battle Maya ] SetState_None()
2023-03-03_23:29:16 INFO SetState_End()
2023-03-03_23:29:16 INFO SetState_None()
2023-03-03_23:29:16 INFO [ Battle StandBy ] SetState_Start()
2023-03-03_23:29:16 INFO SetState_BattleStandBy()
2023-03-03_23:30:15 INFO [ Battle StandBy ] SetState_Notify()
2023-03-03_23:31:14 INFO [ Battle StandBy ] SetState_End()
2023-03-03_23:31:14 INFO [ Battle StandBy ] SetState_None()
2023-03-03_23:31:14 INFO [ Battle Maya ] SetState_StandBy_1()
2023-03-03_23:31:14 INFO SetState_BattleOfMaya()
2023-03-03_23:33:13 INFO [ Battle Maya ] SetState_Notify_1()
2023-03-03_23:33:13 INFO [ Battle Maya ] Failed. No users at state 2
2023-03-03_23:33:13 INFO [ Battle Maya ] SetState_End()
2023-03-03_23:33:15 INFO [ Battle Maya ] SetState_EndCycle()
2023-03-03_23:33:15 INFO [ Battle Maya ] SetState_None()
2023-03-03_23:33:15 INFO SetState_End()
2023-03-03_23:33:16 INFO SetState_None()
2023-03-03_23:33:16 INFO [ Battle StandBy ] SetState_Start()
2023-03-03_23:33:16 INFO SetState_BattleStandBy()
2023-03-03_23:34:15 INFO [ Battle StandBy ] SetState_Notify()
2023-03-03_23:35:14 INFO [ Battle StandBy ] SetState_End()
2023-03-03_23:35:14 INFO [ Battle StandBy ] SetState_None()
2023-03-03_23:35:14 INFO [ Battle Maya ] SetState_StandBy_1()
2023-03-03_23:35:14 INFO SetState_BattleOfMaya()
2023-03-03_23:37:13 INFO [ Battle Maya ] SetState_Notify_1()
2023-03-03_23:37:13 INFO [ Battle Maya ] Failed. No users at state 2
2023-03-03_23:37:13 INFO [ Battle Maya ] SetState_End()
2023-03-03_23:37:15 INFO [ Battle Maya ] SetState_EndCycle()
2023-03-03_23:37:15 INFO [ Battle Maya ] SetState_None()
2023-03-03_23:37:15 INFO SetState_End()
2023-03-03_23:37:15 INFO SetState_None()
2023-03-03_23:37:15 INFO [ Battle StandBy ] SetState_Start()
2023-03-03_23:37:15 INFO SetState_BattleStandBy()
2023-03-03_23:38:14 INFO [ Battle StandBy ] SetState_Notify()
2023-03-03_23:39:13 INFO [ Battle StandBy ] SetState_End()
2023-03-03_23:39:13 INFO [ Battle StandBy ] SetState_None()
2023-03-03_23:39:13 INFO [ Battle Maya ] SetState_StandBy_1()
2023-03-03_23:39:13 INFO SetState_BattleOfMaya()
2023-03-03_23:41:12 INFO [ Battle Maya ] SetState_Notify_1()
2023-03-03_23:41:12 INFO [ Battle Maya ] Failed. No users at state 2
2023-03-03_23:41:12 INFO [ Battle Maya ] SetState_End()
2023-03-03_23:41:14 INFO [ Battle Maya ] SetState_EndCycle()
2023-03-03_23:41:14 INFO [ Battle Maya ] SetState_None()
2023-03-03_23:41:14 INFO SetState_End()
2023-03-03_23:41:14 INFO SetState_None()
2023-03-03_23:41:14 INFO [ Battle StandBy ] SetState_Start()
2023-03-03_23:41:14 INFO SetState_BattleStandBy()
2023-03-03_23:42:13 INFO [ Battle StandBy ] SetState_Notify()
2023-03-03_23:43:12 INFO [ Battle StandBy ] SetState_End()
2023-03-03_23:43:12 INFO [ Battle StandBy ] SetState_None()
2023-03-03_23:43:12 INFO [ Battle Maya ] SetState_StandBy_1()
2023-03-03_23:43:12 INFO SetState_BattleOfMaya()
2023-03-03_23:45:11 INFO [ Battle Maya ] SetState_Notify_1()
2023-03-03_23:45:11 INFO [ Battle Maya ] Failed. No users at state 2
2023-03-03_23:45:12 INFO [ Battle Maya ] SetState_End()
2023-03-03_23:45:14 INFO [ Battle Maya ] SetState_EndCycle()
2023-03-03_23:45:14 INFO [ Battle Maya ] SetState_None()
2023-03-03_23:45:14 INFO SetState_End()
2023-03-03_23:45:14 INFO SetState_None()
2023-03-03_23:45:14 INFO [ Battle StandBy ] SetState_Start()
2023-03-03_23:45:14 INFO SetState_BattleStandBy()
2023-03-03_23:46:13 INFO [ Battle StandBy ] SetState_Notify()
2023-03-03_23:47:12 INFO [ Battle StandBy ] SetState_End()
2023-03-03_23:47:12 INFO [ Battle StandBy ] SetState_None()
2023-03-03_23:47:12 INFO [ Battle Maya ] SetState_StandBy_1()
2023-03-03_23:47:12 INFO SetState_BattleOfMaya()
2023-03-03_23:49:11 INFO [ Battle Maya ] SetState_Notify_1()
2023-03-03_23:49:11 INFO [ Battle Maya ] Failed. No users at state 2
2023-03-03_23:49:11 INFO [ Battle Maya ] SetState_End()
2023-03-03_23:49:13 INFO [ Battle Maya ] SetState_EndCycle()
2023-03-03_23:49:13 INFO [ Battle Maya ] SetState_None()
2023-03-03_23:49:13 INFO SetState_End()
2023-03-03_23:49:13 INFO SetState_None()
2023-03-03_23:49:13 INFO [ Battle StandBy ] SetState_Start()
2023-03-03_23:49:13 INFO SetState_BattleStandBy()
2023-03-03_23:50:12 INFO [ Battle StandBy ] SetState_Notify()
2023-03-03_23:51:11 INFO [ Battle StandBy ] SetState_End()
2023-03-03_23:51:11 INFO [ Battle StandBy ] SetState_None()
2023-03-03_23:51:11 INFO [ Battle Maya ] SetState_StandBy_1()
2023-03-03_23:51:11 INFO SetState_BattleOfMaya()
2023-03-03_23:53:10 INFO [ Battle Maya ] SetState_Notify_1()
2023-03-03_23:53:10 INFO [ Battle Maya ] Failed. No users at state 2
2023-03-03_23:53:10 INFO [ Battle Maya ] SetState_End()
2023-03-03_23:53:12 INFO [ Battle Maya ] SetState_EndCycle()
2023-03-03_23:53:12 INFO [ Battle Maya ] SetState_None()
2023-03-03_23:53:12 INFO SetState_End()
2023-03-03_23:53:12 INFO SetState_None()
2023-03-03_23:53:12 INFO [ Battle StandBy ] SetState_Start()
2023-03-03_23:53:12 INFO SetState_BattleStandBy()
2023-03-03_23:54:12 INFO [ Battle StandBy ] SetState_Notify()
2023-03-03_23:55:11 INFO [ Battle StandBy ] SetState_End()
2023-03-03_23:55:11 INFO [ Battle StandBy ] SetState_None()
2023-03-03_23:55:11 INFO [ Battle Maya ] SetState_StandBy_1()
2023-03-03_23:55:11 INFO SetState_BattleOfMaya()
2023-03-03_23:57:10 INFO [ Battle Maya ] SetState_Notify_1()
2023-03-03_23:57:10 INFO [ Battle Maya ] Failed. No users at state 2
2023-03-03_23:57:10 INFO [ Battle Maya ] SetState_End()
2023-03-03_23:57:12 INFO [ Battle Maya ] SetState_EndCycle()
2023-03-03_23:57:12 INFO [ Battle Maya ] SetState_None()
2023-03-03_23:57:12 INFO SetState_End()
2023-03-03_23:57:12 INFO SetState_None()
2023-03-03_23:57:12 INFO [ Battle StandBy ] SetState_Start()
2023-03-03_23:57:12 INFO SetState_BattleStandBy()
2023-03-03_23:58:11 INFO [ Battle StandBy ] SetState_Notify()
2023-03-03_23:59:10 INFO [ Battle StandBy ] SetState_End()
2023-03-03_23:59:10 INFO [ Battle StandBy ] SetState_None()
2023-03-03_23:59:10 INFO [ Battle Maya ] SetState_StandBy_1()
2023-03-03_23:59:10 INFO SetState_BattleOfMaya()
