2023-03-26_19:44:38 INFO [ Battle StandBy ] SetState_Start()
2023-03-26_19:44:38 INFO SetState_BattleStandBy()
2023-03-26_19:45:37 INFO [ Battle StandBy ] SetState_Notify()
2023-03-26_19:46:36 INFO [ Battle StandBy ] SetState_End()
2023-03-26_19:46:36 INFO [ Battle StandBy ] SetState_None()
2023-03-26_19:46:36 INFO [ Battle Maya ] SetState_StandBy_1()
2023-03-26_19:46:36 INFO SetState_BattleOfMaya()
2023-03-26_19:48:35 INFO [ Battle Maya ] SetState_Notify_1()
2023-03-26_19:48:35 INFO [ Battle Maya ] Failed. No users at state 2
2023-03-26_19:48:35 INFO [ Battle Maya ] SetState_End()
2023-03-26_19:48:37 INFO [ Battle Maya ] SetState_EndCycle()
2023-03-26_19:48:37 INFO [ Battle Maya ] SetState_None()
2023-03-26_19:48:37 INFO SetState_End()
2023-03-26_19:48:37 INFO SetState_None()
2023-03-26_19:48:37 INFO [ Battle StandBy ] SetState_Start()
2023-03-26_19:48:37 INFO SetState_BattleStandBy()
2023-03-26_19:49:36 INFO [ Battle StandBy ] SetState_Notify()
2023-03-26_19:50:35 INFO [ Battle StandBy ] SetState_End()
2023-03-26_19:50:35 INFO [ Battle StandBy ] SetState_None()
2023-03-26_19:50:35 INFO [ Battle Maya ] SetState_StandBy_1()
2023-03-26_19:50:35 INFO SetState_BattleOfMaya()
2023-03-26_19:52:34 INFO [ Battle Maya ] SetState_Notify_1()
2023-03-26_19:52:34 INFO [ Battle Maya ] Failed. No users at state 2
2023-03-26_19:52:34 INFO [ Battle Maya ] SetState_End()
2023-03-26_19:52:36 INFO [ Battle Maya ] SetState_EndCycle()
2023-03-26_19:52:37 INFO [ Battle Maya ] SetState_None()
2023-03-26_19:52:37 INFO SetState_End()
2023-03-26_19:52:37 INFO SetState_None()
2023-03-26_19:52:37 INFO [ Battle StandBy ] SetState_Start()
2023-03-26_19:52:37 INFO SetState_BattleStandBy()
2023-03-26_19:53:36 INFO [ Battle StandBy ] SetState_Notify()
2023-03-26_19:54:35 INFO [ Battle StandBy ] SetState_End()
2023-03-26_19:54:35 INFO [ Battle StandBy ] SetState_None()
2023-03-26_19:54:35 INFO [ Battle Maya ] SetState_StandBy_1()
2023-03-26_19:54:35 INFO SetState_BattleOfMaya()
2023-03-26_19:56:34 INFO [ Battle Maya ] SetState_Notify_1()
2023-03-26_19:56:34 INFO [ Battle Maya ] Failed. No users at state 2
2023-03-26_19:56:34 INFO [ Battle Maya ] SetState_End()
2023-03-26_19:56:36 INFO [ Battle Maya ] SetState_EndCycle()
2023-03-26_19:56:36 INFO [ Battle Maya ] SetState_None()
2023-03-26_19:56:36 INFO SetState_End()
2023-03-26_19:56:36 INFO SetState_None()
2023-03-26_19:56:36 INFO [ Battle StandBy ] SetState_Start()
2023-03-26_19:56:36 INFO SetState_BattleStandBy()
2023-03-26_19:57:35 INFO [ Battle StandBy ] SetState_Notify()
2023-03-26_19:58:34 INFO [ Battle StandBy ] SetState_End()
2023-03-26_19:58:34 INFO [ Battle StandBy ] SetState_None()
2023-03-26_19:58:34 INFO [ Battle Maya ] SetState_StandBy_1()
2023-03-26_19:58:34 INFO SetState_BattleOfMaya()
2023-03-26_20:00:33 INFO [ Battle Maya ] SetState_Notify_1()
2023-03-26_20:00:33 INFO [ Battle Maya ] Failed. No users at state 2
2023-03-26_20:00:33 INFO [ Battle Maya ] SetState_End()
2023-03-26_20:00:35 INFO [ Battle Maya ] SetState_EndCycle()
2023-03-26_20:00:35 INFO [ Battle Maya ] SetState_None()
2023-03-26_20:00:35 INFO SetState_End()
2023-03-26_20:00:35 INFO SetState_None()
2023-03-26_20:00:35 INFO [ Battle StandBy ] SetState_Start()
2023-03-26_20:00:35 INFO SetState_BattleStandBy()
2023-03-26_20:01:34 INFO [ Battle StandBy ] SetState_Notify()
2023-03-26_20:02:33 INFO [ Battle StandBy ] SetState_End()
2023-03-26_20:02:33 INFO [ Battle StandBy ] SetState_None()
2023-03-26_20:02:33 INFO [ Battle Maya ] SetState_StandBy_1()
2023-03-26_20:02:34 INFO SetState_BattleOfMaya()
2023-03-26_20:04:32 INFO [ Battle Maya ] SetState_Notify_1()
2023-03-26_20:04:33 INFO [ Battle Maya ] Failed. No users at state 2
2023-03-26_20:04:33 INFO [ Battle Maya ] SetState_End()
2023-03-26_20:04:35 INFO [ Battle Maya ] SetState_EndCycle()
2023-03-26_20:04:35 INFO [ Battle Maya ] SetState_None()
2023-03-26_20:04:35 INFO SetState_End()
2023-03-26_20:04:35 INFO SetState_None()
2023-03-26_20:04:35 INFO [ Battle StandBy ] SetState_Start()
2023-03-26_20:04:35 INFO SetState_BattleStandBy()
2023-03-26_20:05:34 INFO [ Battle StandBy ] SetState_Notify()
2023-03-26_20:06:33 INFO [ Battle StandBy ] SetState_End()
2023-03-26_20:06:33 INFO [ Battle StandBy ] SetState_None()
2023-03-26_20:06:33 INFO [ Battle Maya ] SetState_StandBy_1()
2023-03-26_20:06:33 INFO SetState_BattleOfMaya()
2023-03-26_20:08:32 INFO [ Battle Maya ] SetState_Notify_1()
2023-03-26_20:08:32 INFO [ Battle Maya ] Failed. No users at state 2
2023-03-26_20:08:32 INFO [ Battle Maya ] SetState_End()
2023-03-26_20:08:34 INFO [ Battle Maya ] SetState_EndCycle()
2023-03-26_20:08:34 INFO [ Battle Maya ] SetState_None()
2023-03-26_20:08:34 INFO SetState_End()
2023-03-26_20:08:34 INFO SetState_None()
2023-03-26_20:08:34 INFO [ Battle StandBy ] SetState_Start()
2023-03-26_20:08:34 INFO SetState_BattleStandBy()
2023-03-26_20:09:33 INFO [ Battle StandBy ] SetState_Notify()
2023-03-26_20:10:32 INFO [ Battle StandBy ] SetState_End()
2023-03-26_20:10:32 INFO [ Battle StandBy ] SetState_None()
2023-03-26_20:10:32 INFO [ Battle Maya ] SetState_StandBy_1()
2023-03-26_20:10:32 INFO SetState_BattleOfMaya()
2023-03-26_20:12:31 INFO [ Battle Maya ] SetState_Notify_1()
2023-03-26_20:12:31 INFO [ Battle Maya ] Failed. No users at state 2
2023-03-26_20:12:31 INFO [ Battle Maya ] SetState_End()
2023-03-26_20:12:33 INFO [ Battle Maya ] SetState_EndCycle()
2023-03-26_20:12:33 INFO [ Battle Maya ] SetState_None()
2023-03-26_20:12:33 INFO SetState_End()
2023-03-26_20:12:33 INFO SetState_None()
2023-03-26_20:12:33 INFO [ Battle StandBy ] SetState_Start()
2023-03-26_20:12:33 INFO SetState_BattleStandBy()
2023-03-26_20:13:32 INFO [ Battle StandBy ] SetState_Notify()
2023-03-26_20:14:31 INFO [ Battle StandBy ] SetState_End()
2023-03-26_20:14:32 INFO [ Battle StandBy ] SetState_None()
2023-03-26_20:14:32 INFO [ Battle Maya ] SetState_StandBy_1()
2023-03-26_20:14:32 INFO SetState_BattleOfMaya()
2023-03-26_20:16:31 INFO [ Battle Maya ] SetState_Notify_1()
2023-03-26_20:16:31 INFO [ Battle Maya ] Failed. No users at state 2
2023-03-26_20:16:31 INFO [ Battle Maya ] SetState_End()
2023-03-26_20:16:33 INFO [ Battle Maya ] SetState_EndCycle()
2023-03-26_20:16:33 INFO [ Battle Maya ] SetState_None()
2023-03-26_20:16:33 INFO SetState_End()
2023-03-26_20:16:33 INFO SetState_None()
2023-03-26_20:16:33 INFO [ Battle StandBy ] SetState_Start()
2023-03-26_20:16:33 INFO SetState_BattleStandBy()
2023-03-26_20:17:32 INFO [ Battle StandBy ] SetState_Notify()
2023-03-26_20:18:31 INFO [ Battle StandBy ] SetState_End()
2023-03-26_20:18:31 INFO [ Battle StandBy ] SetState_None()
2023-03-26_20:18:31 INFO [ Battle Maya ] SetState_StandBy_1()
2023-03-26_20:18:31 INFO SetState_BattleOfMaya()
2023-03-26_20:20:30 INFO [ Battle Maya ] SetState_Notify_1()
2023-03-26_20:20:30 INFO [ Battle Maya ] Failed. No users at state 2
2023-03-26_20:20:30 INFO [ Battle Maya ] SetState_End()
2023-03-26_20:20:32 INFO [ Battle Maya ] SetState_EndCycle()
2023-03-26_20:20:32 INFO [ Battle Maya ] SetState_None()
2023-03-26_20:20:32 INFO SetState_End()
2023-03-26_20:20:32 INFO SetState_None()
2023-03-26_20:20:32 INFO [ Battle StandBy ] SetState_Start()
2023-03-26_20:20:32 INFO SetState_BattleStandBy()
2023-03-26_20:21:31 INFO [ Battle StandBy ] SetState_Notify()
2023-03-26_20:22:30 INFO [ Battle StandBy ] SetState_End()
2023-03-26_20:22:30 INFO [ Battle StandBy ] SetState_None()
2023-03-26_20:22:30 INFO [ Battle Maya ] SetState_StandBy_1()
2023-03-26_20:22:30 INFO SetState_BattleOfMaya()
2023-03-26_20:24:29 INFO [ Battle Maya ] SetState_Notify_1()
2023-03-26_20:24:29 INFO [ Battle Maya ] Failed. No users at state 2
2023-03-26_20:24:29 INFO [ Battle Maya ] SetState_End()
2023-03-26_20:24:31 INFO [ Battle Maya ] SetState_EndCycle()
2023-03-26_20:24:31 INFO [ Battle Maya ] SetState_None()
2023-03-26_20:24:31 INFO SetState_End()
2023-03-26_20:24:31 INFO SetState_None()
2023-03-26_20:24:31 INFO [ Battle StandBy ] SetState_Start()
2023-03-26_20:24:31 INFO SetState_BattleStandBy()
2023-03-26_20:25:30 INFO [ Battle StandBy ] SetState_Notify()
2023-03-26_20:26:29 INFO [ Battle StandBy ] SetState_End()
2023-03-26_20:26:30 INFO [ Battle StandBy ] SetState_None()
2023-03-26_20:26:30 INFO [ Battle Maya ] SetState_StandBy_1()
2023-03-26_20:26:30 INFO SetState_BattleOfMaya()
2023-03-26_20:28:29 INFO [ Battle Maya ] SetState_Notify_1()
2023-03-26_20:28:29 INFO [ Battle Maya ] Failed. No users at state 2
2023-03-26_20:28:29 INFO [ Battle Maya ] SetState_End()
2023-03-26_20:28:31 INFO [ Battle Maya ] SetState_EndCycle()
2023-03-26_20:28:31 INFO [ Battle Maya ] SetState_None()
2023-03-26_20:28:31 INFO SetState_End()
2023-03-26_20:28:31 INFO SetState_None()
2023-03-26_20:28:31 INFO [ Battle StandBy ] SetState_Start()
2023-03-26_20:28:31 INFO SetState_BattleStandBy()
2023-03-26_20:29:30 INFO [ Battle StandBy ] SetState_Notify()
2023-03-26_20:30:29 INFO [ Battle StandBy ] SetState_End()
2023-03-26_20:30:29 INFO [ Battle StandBy ] SetState_None()
2023-03-26_20:30:29 INFO [ Battle Maya ] SetState_StandBy_1()
2023-03-26_20:30:29 INFO SetState_BattleOfMaya()
2023-03-26_20:32:28 INFO [ Battle Maya ] SetState_Notify_1()
2023-03-26_20:32:28 INFO [ Battle Maya ] Failed. No users at state 2
2023-03-26_20:32:28 INFO [ Battle Maya ] SetState_End()
2023-03-26_20:32:30 INFO [ Battle Maya ] SetState_EndCycle()
2023-03-26_20:32:30 INFO [ Battle Maya ] SetState_None()
2023-03-26_20:32:30 INFO SetState_End()
2023-03-26_20:32:30 INFO SetState_None()
2023-03-26_20:32:30 INFO [ Battle StandBy ] SetState_Start()
2023-03-26_20:32:30 INFO SetState_BattleStandBy()
2023-03-26_20:33:29 INFO [ Battle StandBy ] SetState_Notify()
2023-03-26_20:34:28 INFO [ Battle StandBy ] SetState_End()
2023-03-26_20:34:28 INFO [ Battle StandBy ] SetState_None()
2023-03-26_20:34:28 INFO [ Battle Maya ] SetState_StandBy_1()
2023-03-26_20:34:28 INFO SetState_BattleOfMaya()
2023-03-26_20:36:27 INFO [ Battle Maya ] SetState_Notify_1()
2023-03-26_20:36:27 INFO [ Battle Maya ] Failed. No users at state 2
2023-03-26_20:36:27 INFO [ Battle Maya ] SetState_End()
2023-03-26_20:36:29 INFO [ Battle Maya ] SetState_EndCycle()
2023-03-26_20:36:29 INFO [ Battle Maya ] SetState_None()
2023-03-26_20:36:29 INFO SetState_End()
2023-03-26_20:36:29 INFO SetState_None()
2023-03-26_20:36:29 INFO [ Battle StandBy ] SetState_Start()
2023-03-26_20:36:30 INFO SetState_BattleStandBy()
2023-03-26_20:37:29 INFO [ Battle StandBy ] SetState_Notify()
2023-03-26_20:38:28 INFO [ Battle StandBy ] SetState_End()
2023-03-26_20:38:28 INFO [ Battle StandBy ] SetState_None()
2023-03-26_20:38:28 INFO [ Battle Maya ] SetState_StandBy_1()
2023-03-26_20:38:28 INFO SetState_BattleOfMaya()
2023-03-26_20:40:27 INFO [ Battle Maya ] SetState_Notify_1()
2023-03-26_20:40:27 INFO [ Battle Maya ] Failed. No users at state 2
2023-03-26_20:40:27 INFO [ Battle Maya ] SetState_End()
2023-03-26_20:40:29 INFO [ Battle Maya ] SetState_EndCycle()
2023-03-26_20:40:29 INFO [ Battle Maya ] SetState_None()
2023-03-26_20:40:29 INFO SetState_End()
2023-03-26_20:40:29 INFO SetState_None()
2023-03-26_20:40:29 INFO [ Battle StandBy ] SetState_Start()
2023-03-26_20:40:29 INFO SetState_BattleStandBy()
2023-03-26_20:41:28 INFO [ Battle StandBy ] SetState_Notify()
2023-03-26_20:42:27 INFO [ Battle StandBy ] SetState_End()
2023-03-26_20:42:27 INFO [ Battle StandBy ] SetState_None()
2023-03-26_20:42:27 INFO [ Battle Maya ] SetState_StandBy_1()
2023-03-26_20:42:27 INFO SetState_BattleOfMaya()
2023-03-26_20:44:26 INFO [ Battle Maya ] SetState_Notify_1()
2023-03-26_20:44:26 INFO [ Battle Maya ] Failed. No users at state 2
2023-03-26_20:44:26 INFO [ Battle Maya ] SetState_End()
2023-03-26_20:44:28 INFO [ Battle Maya ] SetState_EndCycle()
2023-03-26_20:44:28 INFO [ Battle Maya ] SetState_None()
2023-03-26_20:44:28 INFO SetState_End()
2023-03-26_20:44:28 INFO SetState_None()
2023-03-26_20:44:28 INFO [ Battle StandBy ] SetState_Start()
2023-03-26_20:44:28 INFO SetState_BattleStandBy()
2023-03-26_20:45:27 INFO [ Battle StandBy ] SetState_Notify()
2023-03-26_20:46:26 INFO [ Battle StandBy ] SetState_End()
2023-03-26_20:46:26 INFO [ Battle StandBy ] SetState_None()
2023-03-26_20:46:26 INFO [ Battle Maya ] SetState_StandBy_1()
2023-03-26_20:46:26 INFO SetState_BattleOfMaya()
2023-03-26_20:48:25 INFO [ Battle Maya ] SetState_Notify_1()
2023-03-26_20:48:25 INFO [ Battle Maya ] Failed. No users at state 2
2023-03-26_20:48:25 INFO [ Battle Maya ] SetState_End()
2023-03-26_20:48:27 INFO [ Battle Maya ] SetState_EndCycle()
2023-03-26_20:48:27 INFO [ Battle Maya ] SetState_None()
2023-03-26_20:48:28 INFO SetState_End()
2023-03-26_20:48:28 INFO SetState_None()
2023-03-26_20:48:28 INFO [ Battle StandBy ] SetState_Start()
2023-03-26_20:48:28 INFO SetState_BattleStandBy()
2023-03-26_20:49:27 INFO [ Battle StandBy ] SetState_Notify()
2023-03-26_20:50:26 INFO [ Battle StandBy ] SetState_End()
2023-03-26_20:50:26 INFO [ Battle StandBy ] SetState_None()
2023-03-26_20:50:26 INFO [ Battle Maya ] SetState_StandBy_1()
2023-03-26_20:50:26 INFO SetState_BattleOfMaya()
2023-03-26_20:52:25 INFO [ Battle Maya ] SetState_Notify_1()
2023-03-26_20:52:25 INFO [ Battle Maya ] Failed. No users at state 2
2023-03-26_20:52:25 INFO [ Battle Maya ] SetState_End()
2023-03-26_20:52:27 INFO [ Battle Maya ] SetState_EndCycle()
2023-03-26_20:52:27 INFO [ Battle Maya ] SetState_None()
2023-03-26_20:52:27 INFO SetState_End()
2023-03-26_20:52:27 INFO SetState_None()
2023-03-26_20:52:27 INFO [ Battle StandBy ] SetState_Start()
2023-03-26_20:52:27 INFO SetState_BattleStandBy()
2023-03-26_20:53:26 INFO [ Battle StandBy ] SetState_Notify()
2023-03-26_20:54:25 INFO [ Battle StandBy ] SetState_End()
2023-03-26_20:54:25 INFO [ Battle StandBy ] SetState_None()
2023-03-26_20:54:25 INFO [ Battle Maya ] SetState_StandBy_1()
2023-03-26_20:54:25 INFO SetState_BattleOfMaya()
2023-03-26_20:56:24 INFO [ Battle Maya ] SetState_Notify_1()
2023-03-26_20:56:24 INFO [ Battle Maya ] Failed. No users at state 2
2023-03-26_20:56:24 INFO [ Battle Maya ] SetState_End()
2023-03-26_20:56:26 INFO [ Battle Maya ] SetState_EndCycle()
2023-03-26_20:56:26 INFO [ Battle Maya ] SetState_None()
2023-03-26_20:56:26 INFO SetState_End()
2023-03-26_20:56:26 INFO SetState_None()
2023-03-26_20:56:26 INFO [ Battle StandBy ] SetState_Start()
2023-03-26_20:56:26 INFO SetState_BattleStandBy()
2023-03-26_20:57:25 INFO [ Battle StandBy ] SetState_Notify()
2023-03-26_20:58:24 INFO [ Battle StandBy ] SetState_End()
2023-03-26_20:58:24 INFO [ Battle StandBy ] SetState_None()
2023-03-26_20:58:24 INFO [ Battle Maya ] SetState_StandBy_1()
2023-03-26_20:58:24 INFO SetState_BattleOfMaya()
2023-03-26_21:00:24 INFO [ Battle Maya ] SetState_Notify_1()
2023-03-26_21:00:24 INFO [ Battle Maya ] Failed. No users at state 2
2023-03-26_21:00:24 INFO [ Battle Maya ] SetState_End()
2023-03-26_21:00:26 INFO [ Battle Maya ] SetState_EndCycle()
2023-03-26_21:00:26 INFO [ Battle Maya ] SetState_None()
2023-03-26_21:00:26 INFO SetState_End()
2023-03-26_21:00:26 INFO SetState_None()
2023-03-26_21:00:26 INFO [ Battle StandBy ] SetState_Start()
2023-03-26_21:00:26 INFO SetState_BattleStandBy()
2023-03-26_21:01:25 INFO [ Battle StandBy ] SetState_Notify()
2023-03-26_21:02:24 INFO [ Battle StandBy ] SetState_End()
2023-03-26_21:02:24 INFO [ Battle StandBy ] SetState_None()
2023-03-26_21:02:24 INFO [ Battle Maya ] SetState_StandBy_1()
2023-03-26_21:02:24 INFO SetState_BattleOfMaya()
2023-03-26_21:04:23 INFO [ Battle Maya ] SetState_Notify_1()
2023-03-26_21:04:23 INFO [ Battle Maya ] Failed. No users at state 2
2023-03-26_21:04:23 INFO [ Battle Maya ] SetState_End()
2023-03-26_21:04:25 INFO [ Battle Maya ] SetState_EndCycle()
2023-03-26_21:04:25 INFO [ Battle Maya ] SetState_None()
2023-03-26_21:04:25 INFO SetState_End()
2023-03-26_21:04:25 INFO SetState_None()
2023-03-26_21:04:25 INFO [ Battle StandBy ] SetState_Start()
2023-03-26_21:04:25 INFO SetState_BattleStandBy()
2023-03-26_21:05:24 INFO [ Battle StandBy ] SetState_Notify()
2023-03-26_21:06:23 INFO [ Battle StandBy ] SetState_End()
2023-03-26_21:06:23 INFO [ Battle StandBy ] SetState_None()
2023-03-26_21:06:23 INFO [ Battle Maya ] SetState_StandBy_1()
2023-03-26_21:06:23 INFO SetState_BattleOfMaya()
2023-03-26_21:08:22 INFO [ Battle Maya ] SetState_Notify_1()
2023-03-26_21:08:22 INFO [ Battle Maya ] Failed. No users at state 2
2023-03-26_21:08:22 INFO [ Battle Maya ] SetState_End()
2023-03-26_21:08:24 INFO [ Battle Maya ] SetState_EndCycle()
2023-03-26_21:08:24 INFO [ Battle Maya ] SetState_None()
2023-03-26_21:08:24 INFO SetState_End()
2023-03-26_21:08:24 INFO SetState_None()
2023-03-26_21:08:24 INFO [ Battle StandBy ] SetState_Start()
2023-03-26_21:08:24 INFO SetState_BattleStandBy()
2023-03-26_21:09:24 INFO [ Battle StandBy ] SetState_Notify()
2023-03-26_21:10:23 INFO [ Battle StandBy ] SetState_End()
2023-03-26_21:10:23 INFO [ Battle StandBy ] SetState_None()
2023-03-26_21:10:23 INFO [ Battle Maya ] SetState_StandBy_1()
2023-03-26_21:10:23 INFO SetState_BattleOfMaya()
2023-03-26_21:12:22 INFO [ Battle Maya ] SetState_Notify_1()
2023-03-26_21:12:22 INFO [ Battle Maya ] Failed. No users at state 2
2023-03-26_21:12:22 INFO [ Battle Maya ] SetState_End()
2023-03-26_21:12:24 INFO [ Battle Maya ] SetState_EndCycle()
2023-03-26_21:12:24 INFO [ Battle Maya ] SetState_None()
2023-03-26_21:12:24 INFO SetState_End()
2023-03-26_21:12:24 INFO SetState_None()
2023-03-26_21:12:24 INFO [ Battle StandBy ] SetState_Start()
2023-03-26_21:12:24 INFO SetState_BattleStandBy()
2023-03-26_21:13:23 INFO [ Battle StandBy ] SetState_Notify()
2023-03-26_21:14:22 INFO [ Battle StandBy ] SetState_End()
2023-03-26_21:14:22 INFO [ Battle StandBy ] SetState_None()
2023-03-26_21:14:22 INFO [ Battle Maya ] SetState_StandBy_1()
2023-03-26_21:14:22 INFO SetState_BattleOfMaya()
2023-03-26_21:16:21 INFO [ Battle Maya ] SetState_Notify_1()
2023-03-26_21:16:21 INFO [ Battle Maya ] Failed. No users at state 2
2023-03-26_21:16:21 INFO [ Battle Maya ] SetState_End()
2023-03-26_21:16:23 INFO [ Battle Maya ] SetState_EndCycle()
2023-03-26_21:16:23 INFO [ Battle Maya ] SetState_None()
2023-03-26_21:16:23 INFO SetState_End()
2023-03-26_21:16:23 INFO SetState_None()
2023-03-26_21:16:23 INFO [ Battle StandBy ] SetState_Start()
2023-03-26_21:16:23 INFO SetState_BattleStandBy()
2023-03-26_21:17:22 INFO [ Battle StandBy ] SetState_Notify()
2023-03-26_21:18:21 INFO [ Battle StandBy ] SetState_End()
2023-03-26_21:18:21 INFO [ Battle StandBy ] SetState_None()
2023-03-26_21:18:21 INFO [ Battle Maya ] SetState_StandBy_1()
2023-03-26_21:18:21 INFO SetState_BattleOfMaya()
2023-03-26_21:20:20 INFO [ Battle Maya ] SetState_Notify_1()
2023-03-26_21:20:20 INFO [ Battle Maya ] Failed. No users at state 2
2023-03-26_21:20:21 INFO [ Battle Maya ] SetState_End()
2023-03-26_21:20:23 INFO [ Battle Maya ] SetState_EndCycle()
2023-03-26_21:20:23 INFO [ Battle Maya ] SetState_None()
2023-03-26_21:20:23 INFO SetState_End()
2023-03-26_21:20:23 INFO SetState_None()
2023-03-26_21:20:23 INFO [ Battle StandBy ] SetState_Start()
2023-03-26_21:20:23 INFO SetState_BattleStandBy()
2023-03-26_21:21:22 INFO [ Battle StandBy ] SetState_Notify()
2023-03-26_21:22:21 INFO [ Battle StandBy ] SetState_End()
2023-03-26_21:22:21 INFO [ Battle StandBy ] SetState_None()
2023-03-26_21:22:21 INFO [ Battle Maya ] SetState_StandBy_1()
2023-03-26_21:22:21 INFO SetState_BattleOfMaya()
2023-03-26_21:24:20 INFO [ Battle Maya ] SetState_Notify_1()
2023-03-26_21:24:20 INFO [ Battle Maya ] Failed. No users at state 2
2023-03-26_21:24:20 INFO [ Battle Maya ] SetState_End()
2023-03-26_21:24:22 INFO [ Battle Maya ] SetState_EndCycle()
2023-03-26_21:24:22 INFO [ Battle Maya ] SetState_None()
2023-03-26_21:24:22 INFO SetState_End()
2023-03-26_21:24:22 INFO SetState_None()
2023-03-26_21:24:22 INFO [ Battle StandBy ] SetState_Start()
2023-03-26_21:24:22 INFO SetState_BattleStandBy()
2023-03-26_21:25:21 INFO [ Battle StandBy ] SetState_Notify()
2023-03-26_21:26:20 INFO [ Battle StandBy ] SetState_End()
2023-03-26_21:26:20 INFO [ Battle StandBy ] SetState_None()
2023-03-26_21:26:20 INFO [ Battle Maya ] SetState_StandBy_1()
2023-03-26_21:26:20 INFO SetState_BattleOfMaya()
2023-03-26_21:28:19 INFO [ Battle Maya ] SetState_Notify_1()
2023-03-26_21:28:19 INFO [ Battle Maya ] Failed. No users at state 2
2023-03-26_21:28:19 INFO [ Battle Maya ] SetState_End()
2023-03-26_21:28:21 INFO [ Battle Maya ] SetState_EndCycle()
2023-03-26_21:28:21 INFO [ Battle Maya ] SetState_None()
2023-03-26_21:28:21 INFO SetState_End()
2023-03-26_21:28:22 INFO SetState_None()
2023-03-26_21:28:22 INFO [ Battle StandBy ] SetState_Start()
2023-03-26_21:28:22 INFO SetState_BattleStandBy()
2023-03-26_21:29:21 INFO [ Battle StandBy ] SetState_Notify()
2023-03-26_21:30:20 INFO [ Battle StandBy ] SetState_End()
2023-03-26_21:30:20 INFO [ Battle StandBy ] SetState_None()
2023-03-26_21:30:20 INFO [ Battle Maya ] SetState_StandBy_1()
2023-03-26_21:30:20 INFO SetState_BattleOfMaya()
2023-03-26_21:32:19 INFO [ Battle Maya ] SetState_Notify_1()
2023-03-26_21:32:19 INFO [ Battle Maya ] Failed. No users at state 2
2023-03-26_21:32:19 INFO [ Battle Maya ] SetState_End()
2023-03-26_21:32:21 INFO [ Battle Maya ] SetState_EndCycle()
2023-03-26_21:32:21 INFO [ Battle Maya ] SetState_None()
2023-03-26_21:32:21 INFO SetState_End()
2023-03-26_21:32:21 INFO SetState_None()
2023-03-26_21:32:21 INFO [ Battle StandBy ] SetState_Start()
2023-03-26_21:32:21 INFO SetState_BattleStandBy()
2023-03-26_21:33:20 INFO [ Battle StandBy ] SetState_Notify()
2023-03-26_21:34:19 INFO [ Battle StandBy ] SetState_End()
2023-03-26_21:34:19 INFO [ Battle StandBy ] SetState_None()
2023-03-26_21:34:19 INFO [ Battle Maya ] SetState_StandBy_1()
2023-03-26_21:34:19 INFO SetState_BattleOfMaya()
2023-03-26_21:36:18 INFO [ Battle Maya ] SetState_Notify_1()
2023-03-26_21:36:18 INFO [ Battle Maya ] Failed. No users at state 2
2023-03-26_21:36:18 INFO [ Battle Maya ] SetState_End()
2023-03-26_21:36:20 INFO [ Battle Maya ] SetState_EndCycle()
2023-03-26_21:36:20 INFO [ Battle Maya ] SetState_None()
2023-03-26_21:36:20 INFO SetState_End()
2023-03-26_21:36:20 INFO SetState_None()
2023-03-26_21:36:20 INFO [ Battle StandBy ] SetState_Start()
2023-03-26_21:36:20 INFO SetState_BattleStandBy()
2023-03-26_21:37:19 INFO [ Battle StandBy ] SetState_Notify()
2023-03-26_21:38:18 INFO [ Battle StandBy ] SetState_End()
2023-03-26_21:38:18 INFO [ Battle StandBy ] SetState_None()
2023-03-26_21:38:18 INFO [ Battle Maya ] SetState_StandBy_1()
2023-03-26_21:38:18 INFO SetState_BattleOfMaya()
2023-03-26_21:40:17 INFO [ Battle Maya ] SetState_Notify_1()
2023-03-26_21:40:17 INFO [ Battle Maya ] Failed. No users at state 2
2023-03-26_21:40:17 INFO [ Battle Maya ] SetState_End()
2023-03-26_21:40:20 INFO [ Battle Maya ] SetState_EndCycle()
2023-03-26_21:40:20 INFO [ Battle Maya ] SetState_None()
2023-03-26_21:40:20 INFO SetState_End()
2023-03-26_21:40:20 INFO SetState_None()
2023-03-26_21:40:20 INFO [ Battle StandBy ] SetState_Start()
2023-03-26_21:40:20 INFO SetState_BattleStandBy()
2023-03-26_21:41:19 INFO [ Battle StandBy ] SetState_Notify()
2023-03-26_21:42:18 INFO [ Battle StandBy ] SetState_End()
2023-03-26_21:42:18 INFO [ Battle StandBy ] SetState_None()
2023-03-26_21:42:18 INFO [ Battle Maya ] SetState_StandBy_1()
2023-03-26_21:42:18 INFO SetState_BattleOfMaya()
2023-03-26_21:44:17 INFO [ Battle Maya ] SetState_Notify_1()
2023-03-26_21:44:17 INFO [ Battle Maya ] Failed. No users at state 2
2023-03-26_21:44:17 INFO [ Battle Maya ] SetState_End()
2023-03-26_21:44:19 INFO [ Battle Maya ] SetState_EndCycle()
2023-03-26_21:44:19 INFO [ Battle Maya ] SetState_None()
2023-03-26_21:44:19 INFO SetState_End()
2023-03-26_21:44:19 INFO SetState_None()
2023-03-26_21:44:19 INFO [ Battle StandBy ] SetState_Start()
2023-03-26_21:44:19 INFO SetState_BattleStandBy()
2023-03-26_21:45:18 INFO [ Battle StandBy ] SetState_Notify()
2023-03-26_21:46:17 INFO [ Battle StandBy ] SetState_End()
2023-03-26_21:46:17 INFO [ Battle StandBy ] SetState_None()
2023-03-26_21:46:17 INFO [ Battle Maya ] SetState_StandBy_1()
2023-03-26_21:46:17 INFO SetState_BattleOfMaya()
2023-03-26_21:48:16 INFO [ Battle Maya ] SetState_Notify_1()
2023-03-26_21:48:16 INFO [ Battle Maya ] Failed. No users at state 2
2023-03-26_21:48:16 INFO [ Battle Maya ] SetState_End()
2023-03-26_21:48:18 INFO [ Battle Maya ] SetState_EndCycle()
2023-03-26_21:48:18 INFO [ Battle Maya ] SetState_None()
2023-03-26_21:48:18 INFO SetState_End()
2023-03-26_21:48:18 INFO SetState_None()
2023-03-26_21:48:18 INFO [ Battle StandBy ] SetState_Start()
2023-03-26_21:48:18 INFO SetState_BattleStandBy()
2023-03-26_21:49:17 INFO [ Battle StandBy ] SetState_Notify()
2023-03-26_21:50:17 INFO [ Battle StandBy ] SetState_End()
2023-03-26_21:50:17 INFO [ Battle StandBy ] SetState_None()
2023-03-26_21:50:17 INFO [ Battle Maya ] SetState_StandBy_1()
2023-03-26_21:50:17 INFO SetState_BattleOfMaya()
2023-03-26_21:52:16 INFO [ Battle Maya ] SetState_Notify_1()
2023-03-26_21:52:16 INFO [ Battle Maya ] Failed. No users at state 2
2023-03-26_21:52:16 INFO [ Battle Maya ] SetState_End()
2023-03-26_21:52:18 INFO [ Battle Maya ] SetState_EndCycle()
2023-03-26_21:52:18 INFO [ Battle Maya ] SetState_None()
2023-03-26_21:52:18 INFO SetState_End()
2023-03-26_21:52:18 INFO SetState_None()
2023-03-26_21:52:18 INFO [ Battle StandBy ] SetState_Start()
2023-03-26_21:52:18 INFO SetState_BattleStandBy()
2023-03-26_21:53:17 INFO [ Battle StandBy ] SetState_Notify()
2023-03-26_21:54:16 INFO [ Battle StandBy ] SetState_End()
2023-03-26_21:54:16 INFO [ Battle StandBy ] SetState_None()
2023-03-26_21:54:16 INFO [ Battle Maya ] SetState_StandBy_1()
2023-03-26_21:54:16 INFO SetState_BattleOfMaya()
2023-03-26_21:56:15 INFO [ Battle Maya ] SetState_Notify_1()
2023-03-26_21:56:15 INFO [ Battle Maya ] Failed. No users at state 2
2023-03-26_21:56:15 INFO [ Battle Maya ] SetState_End()
2023-03-26_21:56:17 INFO [ Battle Maya ] SetState_EndCycle()
2023-03-26_21:56:17 INFO [ Battle Maya ] SetState_None()
2023-03-26_21:56:17 INFO SetState_End()
2023-03-26_21:56:17 INFO SetState_None()
2023-03-26_21:56:17 INFO [ Battle StandBy ] SetState_Start()
2023-03-26_21:56:17 INFO SetState_BattleStandBy()
2023-03-26_21:57:16 INFO [ Battle StandBy ] SetState_Notify()
2023-03-26_21:58:15 INFO [ Battle StandBy ] SetState_End()
2023-03-26_21:58:15 INFO [ Battle StandBy ] SetState_None()
2023-03-26_21:58:15 INFO [ Battle Maya ] SetState_StandBy_1()
2023-03-26_21:58:15 INFO SetState_BattleOfMaya()
2023-03-26_22:00:14 INFO [ Battle Maya ] SetState_Notify_1()
2023-03-26_22:00:15 INFO [ Battle Maya ] Failed. No users at state 2
2023-03-26_22:00:15 INFO [ Battle Maya ] SetState_End()
2023-03-26_22:00:17 INFO [ Battle Maya ] SetState_EndCycle()
2023-03-26_22:00:17 INFO [ Battle Maya ] SetState_None()
2023-03-26_22:00:17 INFO SetState_End()
2023-03-26_22:00:17 INFO SetState_None()
2023-03-26_22:00:17 INFO [ Battle StandBy ] SetState_Start()
2023-03-26_22:00:17 INFO SetState_BattleStandBy()
2023-03-26_22:01:16 INFO [ Battle StandBy ] SetState_Notify()
2023-03-26_22:02:15 INFO [ Battle StandBy ] SetState_End()
2023-03-26_22:02:15 INFO [ Battle StandBy ] SetState_None()
2023-03-26_22:02:15 INFO [ Battle Maya ] SetState_StandBy_1()
2023-03-26_22:02:15 INFO SetState_BattleOfMaya()
2023-03-26_22:04:14 INFO [ Battle Maya ] SetState_Notify_1()
2023-03-26_22:04:14 INFO [ Battle Maya ] Failed. No users at state 2
2023-03-26_22:04:14 INFO [ Battle Maya ] SetState_End()
2023-03-26_22:04:16 INFO [ Battle Maya ] SetState_EndCycle()
2023-03-26_22:04:16 INFO [ Battle Maya ] SetState_None()
2023-03-26_22:04:16 INFO SetState_End()
2023-03-26_22:04:16 INFO SetState_None()
2023-03-26_22:04:16 INFO [ Battle StandBy ] SetState_Start()
2023-03-26_22:04:16 INFO SetState_BattleStandBy()
2023-03-26_22:05:15 INFO [ Battle StandBy ] SetState_Notify()
2023-03-26_22:06:14 INFO [ Battle StandBy ] SetState_End()
2023-03-26_22:06:14 INFO [ Battle StandBy ] SetState_None()
2023-03-26_22:06:14 INFO [ Battle Maya ] SetState_StandBy_1()
2023-03-26_22:06:14 INFO SetState_BattleOfMaya()
2023-03-26_22:08:13 INFO [ Battle Maya ] SetState_Notify_1()
2023-03-26_22:08:13 INFO [ Battle Maya ] Failed. No users at state 2
2023-03-26_22:08:13 INFO [ Battle Maya ] SetState_End()
2023-03-26_22:08:15 INFO [ Battle Maya ] SetState_EndCycle()
2023-03-26_22:08:16 INFO [ Battle Maya ] SetState_None()
2023-03-26_22:08:16 INFO SetState_End()
2023-03-26_22:08:16 INFO SetState_None()
2023-03-26_22:08:16 INFO [ Battle StandBy ] SetState_Start()
2023-03-26_22:08:16 INFO SetState_BattleStandBy()
2023-03-26_22:09:15 INFO [ Battle StandBy ] SetState_Notify()
2023-03-26_22:10:14 INFO [ Battle StandBy ] SetState_End()
2023-03-26_22:10:14 INFO [ Battle StandBy ] SetState_None()
2023-03-26_22:10:14 INFO [ Battle Maya ] SetState_StandBy_1()
2023-03-26_22:10:14 INFO SetState_BattleOfMaya()
2023-03-26_22:12:13 INFO [ Battle Maya ] SetState_Notify_1()
2023-03-26_22:12:13 INFO [ Battle Maya ] Failed. No users at state 2
2023-03-26_22:12:13 INFO [ Battle Maya ] SetState_End()
2023-03-26_22:12:15 INFO [ Battle Maya ] SetState_EndCycle()
2023-03-26_22:12:15 INFO [ Battle Maya ] SetState_None()
2023-03-26_22:12:15 INFO SetState_End()
2023-03-26_22:12:15 INFO SetState_None()
2023-03-26_22:12:15 INFO [ Battle StandBy ] SetState_Start()
2023-03-26_22:12:15 INFO SetState_BattleStandBy()
2023-03-26_22:13:14 INFO [ Battle StandBy ] SetState_Notify()
2023-03-26_22:14:13 INFO [ Battle StandBy ] SetState_End()
2023-03-26_22:14:13 INFO [ Battle StandBy ] SetState_None()
2023-03-26_22:14:13 INFO [ Battle Maya ] SetState_StandBy_1()
2023-03-26_22:14:13 INFO SetState_BattleOfMaya()
2023-03-26_22:16:12 INFO [ Battle Maya ] SetState_Notify_1()
2023-03-26_22:16:12 INFO [ Battle Maya ] Failed. No users at state 2
2023-03-26_22:16:12 INFO [ Battle Maya ] SetState_End()
2023-03-26_22:16:14 INFO [ Battle Maya ] SetState_EndCycle()
2023-03-26_22:16:14 INFO [ Battle Maya ] SetState_None()
2023-03-26_22:16:14 INFO SetState_End()
2023-03-26_22:16:14 INFO SetState_None()
2023-03-26_22:16:14 INFO [ Battle StandBy ] SetState_Start()
2023-03-26_22:16:14 INFO SetState_BattleStandBy()
2023-03-26_22:17:13 INFO [ Battle StandBy ] SetState_Notify()
2023-03-26_22:18:12 INFO [ Battle StandBy ] SetState_End()
2023-03-26_22:18:13 INFO [ Battle StandBy ] SetState_None()
2023-03-26_22:18:13 INFO [ Battle Maya ] SetState_StandBy_1()
2023-03-26_22:18:13 INFO SetState_BattleOfMaya()
2023-03-26_22:20:12 INFO [ Battle Maya ] SetState_Notify_1()
2023-03-26_22:20:12 INFO [ Battle Maya ] Failed. No users at state 2
2023-03-26_22:20:12 INFO [ Battle Maya ] SetState_End()
2023-03-26_22:20:14 INFO [ Battle Maya ] SetState_EndCycle()
2023-03-26_22:20:14 INFO [ Battle Maya ] SetState_None()
2023-03-26_22:20:14 INFO SetState_End()
2023-03-26_22:20:14 INFO SetState_None()
2023-03-26_22:20:14 INFO [ Battle StandBy ] SetState_Start()
2023-03-26_22:20:14 INFO SetState_BattleStandBy()
2023-03-26_22:21:13 INFO [ Battle StandBy ] SetState_Notify()
2023-03-26_22:22:12 INFO [ Battle StandBy ] SetState_End()
2023-03-26_22:22:12 INFO [ Battle StandBy ] SetState_None()
2023-03-26_22:22:12 INFO [ Battle Maya ] SetState_StandBy_1()
2023-03-26_22:22:12 INFO SetState_BattleOfMaya()
2023-03-26_22:24:11 INFO [ Battle Maya ] SetState_Notify_1()
2023-03-26_22:24:11 INFO [ Battle Maya ] Failed. No users at state 2
2023-03-26_22:24:11 INFO [ Battle Maya ] SetState_End()
2023-03-26_22:24:13 INFO [ Battle Maya ] SetState_EndCycle()
2023-03-26_22:24:13 INFO [ Battle Maya ] SetState_None()
2023-03-26_22:24:13 INFO SetState_End()
2023-03-26_22:24:13 INFO SetState_None()
2023-03-26_22:24:13 INFO [ Battle StandBy ] SetState_Start()
2023-03-26_22:24:13 INFO SetState_BattleStandBy()
2023-03-26_22:25:12 INFO [ Battle StandBy ] SetState_Notify()
2023-03-26_22:26:11 INFO [ Battle StandBy ] SetState_End()
2023-03-26_22:26:11 INFO [ Battle StandBy ] SetState_None()
2023-03-26_22:26:11 INFO [ Battle Maya ] SetState_StandBy_1()
2023-03-26_22:26:12 INFO SetState_BattleOfMaya()
2023-03-26_22:28:11 INFO [ Battle Maya ] SetState_Notify_1()
2023-03-26_22:28:11 INFO [ Battle Maya ] Failed. No users at state 2
2023-03-26_22:28:11 INFO [ Battle Maya ] SetState_End()
2023-03-26_22:28:13 INFO [ Battle Maya ] SetState_EndCycle()
2023-03-26_22:28:13 INFO [ Battle Maya ] SetState_None()
2023-03-26_22:28:13 INFO SetState_End()
2023-03-26_22:28:13 INFO SetState_None()
2023-03-26_22:28:13 INFO [ Battle StandBy ] SetState_Start()
2023-03-26_22:28:13 INFO SetState_BattleStandBy()
2023-03-26_22:29:12 INFO [ Battle StandBy ] SetState_Notify()
2023-03-26_22:30:11 INFO [ Battle StandBy ] SetState_End()
2023-03-26_22:30:11 INFO [ Battle StandBy ] SetState_None()
2023-03-26_22:30:11 INFO [ Battle Maya ] SetState_StandBy_1()
2023-03-26_22:30:11 INFO SetState_BattleOfMaya()
2023-03-26_22:32:10 INFO [ Battle Maya ] SetState_Notify_1()
2023-03-26_22:32:10 INFO [ Battle Maya ] Failed. No users at state 2
2023-03-26_22:32:10 INFO [ Battle Maya ] SetState_End()
2023-03-26_22:32:12 INFO [ Battle Maya ] SetState_EndCycle()
2023-03-26_22:32:12 INFO [ Battle Maya ] SetState_None()
2023-03-26_22:32:12 INFO SetState_End()
2023-03-26_22:32:12 INFO SetState_None()
2023-03-26_22:32:12 INFO [ Battle StandBy ] SetState_Start()
2023-03-26_22:32:12 INFO SetState_BattleStandBy()
2023-03-26_22:33:11 INFO [ Battle StandBy ] SetState_Notify()
2023-03-26_22:34:10 INFO [ Battle StandBy ] SetState_End()
2023-03-26_22:34:10 INFO [ Battle StandBy ] SetState_None()
2023-03-26_22:34:10 INFO [ Battle Maya ] SetState_StandBy_1()
2023-03-26_22:34:10 INFO SetState_BattleOfMaya()
2023-03-26_22:36:09 INFO [ Battle Maya ] SetState_Notify_1()
2023-03-26_22:36:09 INFO [ Battle Maya ] Failed. No users at state 2
2023-03-26_22:36:09 INFO [ Battle Maya ] SetState_End()
2023-03-26_22:36:11 INFO [ Battle Maya ] SetState_EndCycle()
2023-03-26_22:36:12 INFO [ Battle Maya ] SetState_None()
2023-03-26_22:36:12 INFO SetState_End()
2023-03-26_22:36:12 INFO SetState_None()
2023-03-26_22:36:12 INFO [ Battle StandBy ] SetState_Start()
2023-03-26_22:36:12 INFO SetState_BattleStandBy()
2023-03-26_22:37:11 INFO [ Battle StandBy ] SetState_Notify()
2023-03-26_22:38:10 INFO [ Battle StandBy ] SetState_End()
2023-03-26_22:38:10 INFO [ Battle StandBy ] SetState_None()
2023-03-26_22:38:10 INFO [ Battle Maya ] SetState_StandBy_1()
2023-03-26_22:38:10 INFO SetState_BattleOfMaya()
2023-03-26_22:40:09 INFO [ Battle Maya ] SetState_Notify_1()
2023-03-26_22:40:09 INFO [ Battle Maya ] Failed. No users at state 2
2023-03-26_22:40:09 INFO [ Battle Maya ] SetState_End()
2023-03-26_22:40:11 INFO [ Battle Maya ] SetState_EndCycle()
2023-03-26_22:40:11 INFO [ Battle Maya ] SetState_None()
2023-03-26_22:40:11 INFO SetState_End()
2023-03-26_22:40:11 INFO SetState_None()
2023-03-26_22:40:11 INFO [ Battle StandBy ] SetState_Start()
2023-03-26_22:40:11 INFO SetState_BattleStandBy()
2023-03-26_22:41:10 INFO [ Battle StandBy ] SetState_Notify()
2023-03-26_22:42:09 INFO [ Battle StandBy ] SetState_End()
2023-03-26_22:42:09 INFO [ Battle StandBy ] SetState_None()
2023-03-26_22:42:09 INFO [ Battle Maya ] SetState_StandBy_1()
2023-03-26_22:42:09 INFO SetState_BattleOfMaya()
2023-03-26_22:44:08 INFO [ Battle Maya ] SetState_Notify_1()
2023-03-26_22:44:08 INFO [ Battle Maya ] Failed. No users at state 2
2023-03-26_22:44:08 INFO [ Battle Maya ] SetState_End()
2023-03-26_22:44:10 INFO [ Battle Maya ] SetState_EndCycle()
2023-03-26_22:44:10 INFO [ Battle Maya ] SetState_None()
2023-03-26_22:44:10 INFO SetState_End()
2023-03-26_22:44:10 INFO SetState_None()
2023-03-26_22:44:10 INFO [ Battle StandBy ] SetState_Start()
2023-03-26_22:44:10 INFO SetState_BattleStandBy()
2023-03-26_22:45:09 INFO [ Battle StandBy ] SetState_Notify()
2023-03-26_22:46:09 INFO [ Battle StandBy ] SetState_End()
2023-03-26_22:46:09 INFO [ Battle StandBy ] SetState_None()
2023-03-26_22:46:09 INFO [ Battle Maya ] SetState_StandBy_1()
2023-03-26_22:46:09 INFO SetState_BattleOfMaya()
2023-03-26_22:48:08 INFO [ Battle Maya ] SetState_Notify_1()
2023-03-26_22:48:08 INFO [ Battle Maya ] Failed. No users at state 2
2023-03-26_22:48:08 INFO [ Battle Maya ] SetState_End()
2023-03-26_22:48:10 INFO [ Battle Maya ] SetState_EndCycle()
2023-03-26_22:48:10 INFO [ Battle Maya ] SetState_None()
2023-03-26_22:48:10 INFO SetState_End()
2023-03-26_22:48:10 INFO SetState_None()
2023-03-26_22:48:10 INFO [ Battle StandBy ] SetState_Start()
2023-03-26_22:48:10 INFO SetState_BattleStandBy()
2023-03-26_22:49:09 INFO [ Battle StandBy ] SetState_Notify()
2023-03-26_22:50:08 INFO [ Battle StandBy ] SetState_End()
2023-03-26_22:50:08 INFO [ Battle StandBy ] SetState_None()
2023-03-26_22:50:08 INFO [ Battle Maya ] SetState_StandBy_1()
2023-03-26_22:50:08 INFO SetState_BattleOfMaya()
2023-03-26_22:52:07 INFO [ Battle Maya ] SetState_Notify_1()
2023-03-26_22:52:07 INFO [ Battle Maya ] Failed. No users at state 2
2023-03-26_22:52:07 INFO [ Battle Maya ] SetState_End()
2023-03-26_22:52:09 INFO [ Battle Maya ] SetState_EndCycle()
2023-03-26_22:52:09 INFO [ Battle Maya ] SetState_None()
2023-03-26_22:52:09 INFO SetState_End()
2023-03-26_22:52:09 INFO SetState_None()
2023-03-26_22:52:09 INFO [ Battle StandBy ] SetState_Start()
2023-03-26_22:52:09 INFO SetState_BattleStandBy()
2023-03-26_22:53:08 INFO [ Battle StandBy ] SetState_Notify()
2023-03-26_22:54:07 INFO [ Battle StandBy ] SetState_End()
2023-03-26_22:54:07 INFO [ Battle StandBy ] SetState_None()
2023-03-26_22:54:07 INFO [ Battle Maya ] SetState_StandBy_1()
2023-03-26_22:54:08 INFO SetState_BattleOfMaya()
2023-03-26_22:56:07 INFO [ Battle Maya ] SetState_Notify_1()
2023-03-26_22:56:07 INFO [ Battle Maya ] Failed. No users at state 2
2023-03-26_22:56:07 INFO [ Battle Maya ] SetState_End()
2023-03-26_22:56:09 INFO [ Battle Maya ] SetState_EndCycle()
2023-03-26_22:56:09 INFO [ Battle Maya ] SetState_None()
2023-03-26_22:56:09 INFO SetState_End()
2023-03-26_22:56:09 INFO SetState_None()
2023-03-26_22:56:09 INFO [ Battle StandBy ] SetState_Start()
2023-03-26_22:56:09 INFO SetState_BattleStandBy()
2023-03-26_22:57:08 INFO [ Battle StandBy ] SetState_Notify()
2023-03-26_22:58:07 INFO [ Battle StandBy ] SetState_End()
2023-03-26_22:58:07 INFO [ Battle StandBy ] SetState_None()
2023-03-26_22:58:07 INFO [ Battle Maya ] SetState_StandBy_1()
2023-03-26_22:58:07 INFO SetState_BattleOfMaya()
2023-03-26_23:00:06 INFO [ Battle Maya ] SetState_Notify_1()
2023-03-26_23:00:06 INFO [ Battle Maya ] Failed. No users at state 2
2023-03-26_23:00:06 INFO [ Battle Maya ] SetState_End()
2023-03-26_23:00:08 INFO [ Battle Maya ] SetState_EndCycle()
2023-03-26_23:00:08 INFO [ Battle Maya ] SetState_None()
2023-03-26_23:00:08 INFO SetState_End()
2023-03-26_23:00:08 INFO SetState_None()
2023-03-26_23:00:08 INFO [ Battle StandBy ] SetState_Start()
2023-03-26_23:00:08 INFO SetState_BattleStandBy()
2023-03-26_23:01:07 INFO [ Battle StandBy ] SetState_Notify()
2023-03-26_23:02:06 INFO [ Battle StandBy ] SetState_End()
2023-03-26_23:02:06 INFO [ Battle StandBy ] SetState_None()
2023-03-26_23:02:06 INFO [ Battle Maya ] SetState_StandBy_1()
2023-03-26_23:02:06 INFO SetState_BattleOfMaya()
2023-03-26_23:04:05 INFO [ Battle Maya ] SetState_Notify_1()
2023-03-26_23:04:05 INFO [ Battle Maya ] Failed. No users at state 2
2023-03-26_23:04:05 INFO [ Battle Maya ] SetState_End()
2023-03-26_23:04:07 INFO [ Battle Maya ] SetState_EndCycle()
2023-03-26_23:04:08 INFO [ Battle Maya ] SetState_None()
2023-03-26_23:04:08 INFO SetState_End()
2023-03-26_23:04:08 INFO SetState_None()
2023-03-26_23:04:08 INFO [ Battle StandBy ] SetState_Start()
2023-03-26_23:04:08 INFO SetState_BattleStandBy()
2023-03-26_23:05:07 INFO [ Battle StandBy ] SetState_Notify()
2023-03-26_23:06:06 INFO [ Battle StandBy ] SetState_End()
2023-03-26_23:06:06 INFO [ Battle StandBy ] SetState_None()
2023-03-26_23:06:06 INFO [ Battle Maya ] SetState_StandBy_1()
2023-03-26_23:06:06 INFO SetState_BattleOfMaya()
2023-03-26_23:08:05 INFO [ Battle Maya ] SetState_Notify_1()
2023-03-26_23:08:05 INFO [ Battle Maya ] Failed. No users at state 2
2023-03-26_23:08:05 INFO [ Battle Maya ] SetState_End()
2023-03-26_23:08:07 INFO [ Battle Maya ] SetState_EndCycle()
2023-03-26_23:08:07 INFO [ Battle Maya ] SetState_None()
2023-03-26_23:08:07 INFO SetState_End()
2023-03-26_23:08:07 INFO SetState_None()
2023-03-26_23:08:07 INFO [ Battle StandBy ] SetState_Start()
2023-03-26_23:08:07 INFO SetState_BattleStandBy()
2023-03-26_23:09:06 INFO [ Battle StandBy ] SetState_Notify()
2023-03-26_23:10:05 INFO [ Battle StandBy ] SetState_End()
2023-03-26_23:10:05 INFO [ Battle StandBy ] SetState_None()
2023-03-26_23:10:05 INFO [ Battle Maya ] SetState_StandBy_1()
2023-03-26_23:10:05 INFO SetState_BattleOfMaya()
2023-03-26_23:12:04 INFO [ Battle Maya ] SetState_Notify_1()
2023-03-26_23:12:04 INFO [ Battle Maya ] Failed. No users at state 2
2023-03-26_23:12:04 INFO [ Battle Maya ] SetState_End()
2023-03-26_23:12:06 INFO [ Battle Maya ] SetState_EndCycle()
2023-03-26_23:12:06 INFO [ Battle Maya ] SetState_None()
2023-03-26_23:12:06 INFO SetState_End()
2023-03-26_23:12:06 INFO SetState_None()
2023-03-26_23:12:07 INFO [ Battle StandBy ] SetState_Start()
2023-03-26_23:12:07 INFO SetState_BattleStandBy()
2023-03-26_23:13:06 INFO [ Battle StandBy ] SetState_Notify()
2023-03-26_23:14:05 INFO [ Battle StandBy ] SetState_End()
2023-03-26_23:14:05 INFO [ Battle StandBy ] SetState_None()
2023-03-26_23:14:05 INFO [ Battle Maya ] SetState_StandBy_1()
2023-03-26_23:14:05 INFO SetState_BattleOfMaya()
2023-03-26_23:16:04 INFO [ Battle Maya ] SetState_Notify_1()
2023-03-26_23:16:04 INFO [ Battle Maya ] Failed. No users at state 2
2023-03-26_23:16:04 INFO [ Battle Maya ] SetState_End()
2023-03-26_23:16:06 INFO [ Battle Maya ] SetState_EndCycle()
2023-03-26_23:16:06 INFO [ Battle Maya ] SetState_None()
2023-03-26_23:16:06 INFO SetState_End()
2023-03-26_23:16:06 INFO SetState_None()
2023-03-26_23:16:06 INFO [ Battle StandBy ] SetState_Start()
2023-03-26_23:16:06 INFO SetState_BattleStandBy()
2023-03-26_23:17:05 INFO [ Battle StandBy ] SetState_Notify()
2023-03-26_23:18:04 INFO [ Battle StandBy ] SetState_End()
2023-03-26_23:18:04 INFO [ Battle StandBy ] SetState_None()
2023-03-26_23:18:04 INFO [ Battle Maya ] SetState_StandBy_1()
2023-03-26_23:18:04 INFO SetState_BattleOfMaya()
2023-03-26_23:20:03 INFO [ Battle Maya ] SetState_Notify_1()
2023-03-26_23:20:03 INFO [ Battle Maya ] Failed. No users at state 2
2023-03-26_23:20:03 INFO [ Battle Maya ] SetState_End()
2023-03-26_23:20:05 INFO [ Battle Maya ] SetState_EndCycle()
2023-03-26_23:20:05 INFO [ Battle Maya ] SetState_None()
2023-03-26_23:20:05 INFO SetState_End()
2023-03-26_23:20:05 INFO SetState_None()
2023-03-26_23:20:05 INFO [ Battle StandBy ] SetState_Start()
2023-03-26_23:20:05 INFO SetState_BattleStandBy()
2023-03-26_23:21:04 INFO [ Battle StandBy ] SetState_Notify()
2023-03-26_23:22:03 INFO [ Battle StandBy ] SetState_End()
2023-03-26_23:22:04 INFO [ Battle StandBy ] SetState_None()
2023-03-26_23:22:04 INFO [ Battle Maya ] SetState_StandBy_1()
2023-03-26_23:22:04 INFO SetState_BattleOfMaya()
2023-03-26_23:24:03 INFO [ Battle Maya ] SetState_Notify_1()
2023-03-26_23:24:03 INFO [ Battle Maya ] Failed. No users at state 2
2023-03-26_23:24:03 INFO [ Battle Maya ] SetState_End()
2023-03-26_23:24:05 INFO [ Battle Maya ] SetState_EndCycle()
2023-03-26_23:24:05 INFO [ Battle Maya ] SetState_None()
2023-03-26_23:24:05 INFO SetState_End()
2023-03-26_23:24:05 INFO SetState_None()
2023-03-26_23:24:05 INFO [ Battle StandBy ] SetState_Start()
2023-03-26_23:24:05 INFO SetState_BattleStandBy()
2023-03-26_23:25:04 INFO [ Battle StandBy ] SetState_Notify()
2023-03-26_23:26:03 INFO [ Battle StandBy ] SetState_End()
2023-03-26_23:26:03 INFO [ Battle StandBy ] SetState_None()
2023-03-26_23:26:03 INFO [ Battle Maya ] SetState_StandBy_1()
2023-03-26_23:26:03 INFO SetState_BattleOfMaya()
2023-03-26_23:28:02 INFO [ Battle Maya ] SetState_Notify_1()
2023-03-26_23:28:02 INFO [ Battle Maya ] Failed. No users at state 2
2023-03-26_23:28:02 INFO [ Battle Maya ] SetState_End()
2023-03-26_23:28:04 INFO [ Battle Maya ] SetState_EndCycle()
2023-03-26_23:28:04 INFO [ Battle Maya ] SetState_None()
2023-03-26_23:28:04 INFO SetState_End()
2023-03-26_23:28:04 INFO SetState_None()
2023-03-26_23:28:04 INFO [ Battle StandBy ] SetState_Start()
2023-03-26_23:28:04 INFO SetState_BattleStandBy()
2023-03-26_23:29:03 INFO [ Battle StandBy ] SetState_Notify()
2023-03-26_23:30:02 INFO [ Battle StandBy ] SetState_End()
2023-03-26_23:30:02 INFO [ Battle StandBy ] SetState_None()
2023-03-26_23:30:02 INFO [ Battle Maya ] SetState_StandBy_1()
2023-03-26_23:30:02 INFO SetState_BattleOfMaya()
2023-03-26_23:32:01 INFO [ Battle Maya ] SetState_Notify_1()
2023-03-26_23:32:01 INFO [ Battle Maya ] Failed. No users at state 2
2023-03-26_23:32:02 INFO [ Battle Maya ] SetState_End()
2023-03-26_23:32:04 INFO [ Battle Maya ] SetState_EndCycle()
2023-03-26_23:32:04 INFO [ Battle Maya ] SetState_None()
2023-03-26_23:32:04 INFO SetState_End()
2023-03-26_23:32:04 INFO SetState_None()
2023-03-26_23:32:04 INFO [ Battle StandBy ] SetState_Start()
2023-03-26_23:32:04 INFO SetState_BattleStandBy()
2023-03-26_23:33:03 INFO [ Battle StandBy ] SetState_Notify()
2023-03-26_23:34:02 INFO [ Battle StandBy ] SetState_End()
2023-03-26_23:34:02 INFO [ Battle StandBy ] SetState_None()
2023-03-26_23:34:02 INFO [ Battle Maya ] SetState_StandBy_1()
2023-03-26_23:34:02 INFO SetState_BattleOfMaya()
2023-03-26_23:36:01 INFO [ Battle Maya ] SetState_Notify_1()
2023-03-26_23:36:01 INFO [ Battle Maya ] Failed. No users at state 2
2023-03-26_23:36:01 INFO [ Battle Maya ] SetState_End()
2023-03-26_23:36:03 INFO [ Battle Maya ] SetState_EndCycle()
2023-03-26_23:36:03 INFO [ Battle Maya ] SetState_None()
2023-03-26_23:36:03 INFO SetState_End()
2023-03-26_23:36:03 INFO SetState_None()
2023-03-26_23:36:03 INFO [ Battle StandBy ] SetState_Start()
2023-03-26_23:36:03 INFO SetState_BattleStandBy()
2023-03-26_23:37:02 INFO [ Battle StandBy ] SetState_Notify()
2023-03-26_23:38:01 INFO [ Battle StandBy ] SetState_End()
2023-03-26_23:38:01 INFO [ Battle StandBy ] SetState_None()
2023-03-26_23:38:01 INFO [ Battle Maya ] SetState_StandBy_1()
2023-03-26_23:38:01 INFO SetState_BattleOfMaya()
2023-03-26_23:40:00 INFO [ Battle Maya ] SetState_Notify_1()
2023-03-26_23:40:00 INFO [ Battle Maya ] Failed. No users at state 2
2023-03-26_23:40:00 INFO [ Battle Maya ] SetState_End()
2023-03-26_23:40:02 INFO [ Battle Maya ] SetState_EndCycle()
2023-03-26_23:40:02 INFO [ Battle Maya ] SetState_None()
2023-03-26_23:40:02 INFO SetState_End()
2023-03-26_23:40:03 INFO SetState_None()
2023-03-26_23:40:03 INFO [ Battle StandBy ] SetState_Start()
2023-03-26_23:40:03 INFO SetState_BattleStandBy()
2023-03-26_23:41:02 INFO [ Battle StandBy ] SetState_Notify()
2023-03-26_23:42:01 INFO [ Battle StandBy ] SetState_End()
2023-03-26_23:42:01 INFO [ Battle StandBy ] SetState_None()
2023-03-26_23:42:01 INFO [ Battle Maya ] SetState_StandBy_1()
2023-03-26_23:42:01 INFO SetState_BattleOfMaya()
2023-03-26_23:44:00 INFO [ Battle Maya ] SetState_Notify_1()
2023-03-26_23:44:00 INFO [ Battle Maya ] Failed. No users at state 2
2023-03-26_23:44:00 INFO [ Battle Maya ] SetState_End()
2023-03-26_23:44:02 INFO [ Battle Maya ] SetState_EndCycle()
2023-03-26_23:44:02 INFO [ Battle Maya ] SetState_None()
2023-03-26_23:44:02 INFO SetState_End()
2023-03-26_23:44:02 INFO SetState_None()
2023-03-26_23:44:02 INFO [ Battle StandBy ] SetState_Start()
2023-03-26_23:44:02 INFO SetState_BattleStandBy()
2023-03-26_23:45:01 INFO [ Battle StandBy ] SetState_Notify()
2023-03-26_23:46:00 INFO [ Battle StandBy ] SetState_End()
2023-03-26_23:46:00 INFO [ Battle StandBy ] SetState_None()
2023-03-26_23:46:00 INFO [ Battle Maya ] SetState_StandBy_1()
2023-03-26_23:46:00 INFO SetState_BattleOfMaya()
2023-03-26_23:47:59 INFO [ Battle Maya ] SetState_Notify_1()
2023-03-26_23:47:59 INFO [ Battle Maya ] Failed. No users at state 2
2023-03-26_23:47:59 INFO [ Battle Maya ] SetState_End()
2023-03-26_23:48:01 INFO [ Battle Maya ] SetState_EndCycle()
2023-03-26_23:48:01 INFO [ Battle Maya ] SetState_None()
2023-03-26_23:48:01 INFO SetState_End()
2023-03-26_23:48:01 INFO SetState_None()
2023-03-26_23:48:01 INFO [ Battle StandBy ] SetState_Start()
2023-03-26_23:48:01 INFO SetState_BattleStandBy()
2023-03-26_23:49:00 INFO [ Battle StandBy ] SetState_Notify()
2023-03-26_23:49:59 INFO [ Battle StandBy ] SetState_End()
2023-03-26_23:50:00 INFO [ Battle StandBy ] SetState_None()
2023-03-26_23:50:00 INFO [ Battle Maya ] SetState_StandBy_1()
2023-03-26_23:50:00 INFO SetState_BattleOfMaya()
2023-03-26_23:51:59 INFO [ Battle Maya ] SetState_Notify_1()
2023-03-26_23:51:59 INFO [ Battle Maya ] Failed. No users at state 2
2023-03-26_23:51:59 INFO [ Battle Maya ] SetState_End()
2023-03-26_23:52:01 INFO [ Battle Maya ] SetState_EndCycle()
2023-03-26_23:52:01 INFO [ Battle Maya ] SetState_None()
2023-03-26_23:52:01 INFO SetState_End()
2023-03-26_23:52:01 INFO SetState_None()
2023-03-26_23:52:01 INFO [ Battle StandBy ] SetState_Start()
2023-03-26_23:52:01 INFO SetState_BattleStandBy()
2023-03-26_23:53:00 INFO [ Battle StandBy ] SetState_Notify()
2023-03-26_23:53:59 INFO [ Battle StandBy ] SetState_End()
2023-03-26_23:53:59 INFO [ Battle StandBy ] SetState_None()
2023-03-26_23:53:59 INFO [ Battle Maya ] SetState_StandBy_1()
2023-03-26_23:53:59 INFO SetState_BattleOfMaya()
2023-03-26_23:55:58 INFO [ Battle Maya ] SetState_Notify_1()
2023-03-26_23:55:58 INFO [ Battle Maya ] Failed. No users at state 2
2023-03-26_23:55:58 INFO [ Battle Maya ] SetState_End()
2023-03-26_23:56:00 INFO [ Battle Maya ] SetState_EndCycle()
2023-03-26_23:56:00 INFO [ Battle Maya ] SetState_None()
2023-03-26_23:56:00 INFO SetState_End()
2023-03-26_23:56:00 INFO SetState_None()
2023-03-26_23:56:00 INFO [ Battle StandBy ] SetState_Start()
2023-03-26_23:56:00 INFO SetState_BattleStandBy()
2023-03-26_23:56:59 INFO [ Battle StandBy ] SetState_Notify()
2023-03-26_23:57:58 INFO [ Battle StandBy ] SetState_End()
2023-03-26_23:57:59 INFO [ Battle StandBy ] SetState_None()
2023-03-26_23:57:59 INFO [ Battle Maya ] SetState_StandBy_1()
2023-03-26_23:57:59 INFO SetState_BattleOfMaya()
2023-03-26_23:59:58 INFO [ Battle Maya ] SetState_Notify_1()
2023-03-26_23:59:58 INFO [ Battle Maya ] Failed. No users at state 2
2023-03-26_23:59:58 INFO [ Battle Maya ] SetState_End()
2023-03-27_00:00:00 INFO [ Battle Maya ] SetState_EndCycle()
2023-03-27_00:00:00 INFO [ Battle Maya ] SetState_None()
2023-03-27_00:00:00 INFO SetState_End()
2023-03-27_00:00:03 INFO SetState_None()
2023-03-27_00:00:03 INFO [ Battle StandBy ] SetState_Start()
2023-03-27_00:00:03 INFO SetState_BattleStandBy()
