2023-03-25_20:06:40 INFO [ Battle StandBy ] SetState_Start()
2023-03-25_20:06:40 INFO SetState_BattleStandBy()
2023-03-25_20:07:39 INFO [ Battle StandBy ] SetState_Notify()
2023-03-25_20:08:38 INFO [ Battle StandBy ] SetState_End()
2023-03-25_20:08:38 INFO [ Battle StandBy ] SetState_None()
2023-03-25_20:08:38 INFO [ Battle Maya ] SetState_StandBy_1()
2023-03-25_20:08:38 INFO SetState_BattleOfMaya()
2023-03-25_20:10:37 INFO [ Battle Maya ] SetState_Notify_1()
2023-03-25_20:10:37 INFO [ Battle Maya ] Failed. No users at state 2
2023-03-25_20:10:37 INFO [ Battle Maya ] SetState_End()
2023-03-25_20:10:39 INFO [ Battle Maya ] SetState_EndCycle()
2023-03-25_20:10:39 INFO [ Battle Maya ] SetState_None()
2023-03-25_20:10:39 INFO SetState_End()
2023-03-25_20:10:39 INFO SetState_None()
2023-03-25_20:10:40 INFO [ Battle StandBy ] SetState_Start()
2023-03-25_20:10:40 INFO SetState_BattleStandBy()
2023-03-25_20:11:39 INFO [ Battle StandBy ] SetState_Notify()
2023-03-25_20:12:38 INFO [ Battle StandBy ] SetState_End()
2023-03-25_20:12:38 INFO [ Battle StandBy ] SetState_None()
2023-03-25_20:12:38 INFO [ Battle Maya ] SetState_StandBy_1()
2023-03-25_20:12:38 INFO SetState_BattleOfMaya()
2023-03-25_20:14:37 INFO [ Battle Maya ] SetState_Notify_1()
2023-03-25_20:14:37 INFO [ Battle Maya ] Failed. No users at state 2
2023-03-25_20:14:37 INFO [ Battle Maya ] SetState_End()
2023-03-25_20:14:39 INFO [ Battle Maya ] SetState_EndCycle()
2023-03-25_20:14:39 INFO [ Battle Maya ] SetState_None()
2023-03-25_20:14:39 INFO SetState_End()
2023-03-25_20:14:39 INFO SetState_None()
2023-03-25_20:14:39 INFO [ Battle StandBy ] SetState_Start()
2023-03-25_20:14:39 INFO SetState_BattleStandBy()
2023-03-25_20:15:38 INFO [ Battle StandBy ] SetState_Notify()
2023-03-25_20:16:37 INFO [ Battle StandBy ] SetState_End()
2023-03-25_20:16:37 INFO [ Battle StandBy ] SetState_None()
2023-03-25_20:16:37 INFO [ Battle Maya ] SetState_StandBy_1()
2023-03-25_20:16:37 INFO SetState_BattleOfMaya()
2023-03-25_20:18:36 INFO [ Battle Maya ] SetState_Notify_1()
2023-03-25_20:18:36 INFO [ Battle Maya ] Failed. No users at state 2
2023-03-25_20:18:36 INFO [ Battle Maya ] SetState_End()
2023-03-25_20:18:38 INFO [ Battle Maya ] SetState_EndCycle()
2023-03-25_20:18:38 INFO [ Battle Maya ] SetState_None()
2023-03-25_20:18:38 INFO SetState_End()
2023-03-25_20:18:38 INFO SetState_None()
2023-03-25_20:18:38 INFO [ Battle StandBy ] SetState_Start()
2023-03-25_20:18:38 INFO SetState_BattleStandBy()
2023-03-25_20:19:37 INFO [ Battle StandBy ] SetState_Notify()
2023-03-25_20:20:36 INFO [ Battle StandBy ] SetState_End()
2023-03-25_20:20:36 INFO [ Battle StandBy ] SetState_None()
2023-03-25_20:20:36 INFO [ Battle Maya ] SetState_StandBy_1()
2023-03-25_20:20:36 INFO SetState_BattleOfMaya()
2023-03-25_20:22:36 INFO [ Battle Maya ] SetState_Notify_1()
2023-03-25_20:22:36 INFO [ Battle Maya ] Failed. No users at state 2
2023-03-25_20:22:36 INFO [ Battle Maya ] SetState_End()
2023-03-25_20:22:38 INFO [ Battle Maya ] SetState_EndCycle()
2023-03-25_20:22:38 INFO [ Battle Maya ] SetState_None()
2023-03-25_20:22:38 INFO SetState_End()
2023-03-25_20:22:38 INFO SetState_None()
2023-03-25_20:22:38 INFO [ Battle StandBy ] SetState_Start()
2023-03-25_20:22:38 INFO SetState_BattleStandBy()
2023-03-25_20:23:37 INFO [ Battle StandBy ] SetState_Notify()
2023-03-25_20:24:36 INFO [ Battle StandBy ] SetState_End()
2023-03-25_20:24:36 INFO [ Battle StandBy ] SetState_None()
2023-03-25_20:24:36 INFO [ Battle Maya ] SetState_StandBy_1()
2023-03-25_20:24:36 INFO SetState_BattleOfMaya()
2023-03-25_20:26:35 INFO [ Battle Maya ] SetState_Notify_1()
2023-03-25_20:26:35 INFO [ Battle Maya ] Failed. No users at state 2
2023-03-25_20:26:35 INFO [ Battle Maya ] SetState_End()
2023-03-25_20:26:37 INFO [ Battle Maya ] SetState_EndCycle()
2023-03-25_20:26:37 INFO [ Battle Maya ] SetState_None()
2023-03-25_20:26:37 INFO SetState_End()
2023-03-25_20:26:37 INFO SetState_None()
2023-03-25_20:26:37 INFO [ Battle StandBy ] SetState_Start()
2023-03-25_20:26:37 INFO SetState_BattleStandBy()
2023-03-25_20:27:36 INFO [ Battle StandBy ] SetState_Notify()
2023-03-25_20:28:35 INFO [ Battle StandBy ] SetState_End()
2023-03-25_20:28:35 INFO [ Battle StandBy ] SetState_None()
2023-03-25_20:28:35 INFO [ Battle Maya ] SetState_StandBy_1()
2023-03-25_20:28:35 INFO SetState_BattleOfMaya()
2023-03-25_20:30:34 INFO [ Battle Maya ] SetState_Notify_1()
2023-03-25_20:30:34 INFO [ Battle Maya ] Failed. No users at state 2
2023-03-25_20:30:34 INFO [ Battle Maya ] SetState_End()
2023-03-25_20:30:36 INFO [ Battle Maya ] SetState_EndCycle()
2023-03-25_20:30:36 INFO [ Battle Maya ] SetState_None()
2023-03-25_20:30:36 INFO SetState_End()
2023-03-25_20:30:36 INFO SetState_None()
2023-03-25_20:30:36 INFO [ Battle StandBy ] SetState_Start()
2023-03-25_20:30:36 INFO SetState_BattleStandBy()
2023-03-25_20:31:35 INFO [ Battle StandBy ] SetState_Notify()
2023-03-25_20:32:34 INFO [ Battle StandBy ] SetState_End()
2023-03-25_20:32:35 INFO [ Battle StandBy ] SetState_None()
2023-03-25_20:32:35 INFO [ Battle Maya ] SetState_StandBy_1()
2023-03-25_20:32:35 INFO SetState_BattleOfMaya()
2023-03-25_20:34:34 INFO [ Battle Maya ] SetState_Notify_1()
2023-03-25_20:34:34 INFO [ Battle Maya ] Failed. No users at state 2
2023-03-25_20:34:34 INFO [ Battle Maya ] SetState_End()
2023-03-25_20:34:36 INFO [ Battle Maya ] SetState_EndCycle()
2023-03-25_20:34:36 INFO [ Battle Maya ] SetState_None()
2023-03-25_20:34:36 INFO SetState_End()
2023-03-25_20:34:36 INFO SetState_None()
2023-03-25_20:34:36 INFO [ Battle StandBy ] SetState_Start()
2023-03-25_20:34:36 INFO SetState_BattleStandBy()
2023-03-25_20:35:35 INFO [ Battle StandBy ] SetState_Notify()
2023-03-25_20:36:34 INFO [ Battle StandBy ] SetState_End()
2023-03-25_20:36:34 INFO [ Battle StandBy ] SetState_None()
2023-03-25_20:36:34 INFO [ Battle Maya ] SetState_StandBy_1()
2023-03-25_20:36:34 INFO SetState_BattleOfMaya()
2023-03-25_20:38:33 INFO [ Battle Maya ] SetState_Notify_1()
2023-03-25_20:38:33 INFO [ Battle Maya ] Failed. No users at state 2
2023-03-25_20:38:33 INFO [ Battle Maya ] SetState_End()
2023-03-25_20:38:35 INFO [ Battle Maya ] SetState_EndCycle()
2023-03-25_20:38:35 INFO [ Battle Maya ] SetState_None()
2023-03-25_20:38:35 INFO SetState_End()
2023-03-25_20:38:35 INFO SetState_None()
2023-03-25_20:38:35 INFO [ Battle StandBy ] SetState_Start()
2023-03-25_20:38:35 INFO SetState_BattleStandBy()
2023-03-25_20:39:34 INFO [ Battle StandBy ] SetState_Notify()
2023-03-25_20:40:33 INFO [ Battle StandBy ] SetState_End()
2023-03-25_20:40:33 INFO [ Battle StandBy ] SetState_None()
2023-03-25_20:40:33 INFO [ Battle Maya ] SetState_StandBy_1()
2023-03-25_20:40:33 INFO SetState_BattleOfMaya()
2023-03-25_20:42:32 INFO [ Battle Maya ] SetState_Notify_1()
2023-03-25_20:42:32 INFO [ Battle Maya ] Failed. No users at state 2
2023-03-25_20:42:32 INFO [ Battle Maya ] SetState_End()
2023-03-25_20:42:34 INFO [ Battle Maya ] SetState_EndCycle()
2023-03-25_20:42:35 INFO [ Battle Maya ] SetState_None()
2023-03-25_20:42:35 INFO SetState_End()
2023-03-25_20:42:35 INFO SetState_None()
2023-03-25_20:42:35 INFO [ Battle StandBy ] SetState_Start()
2023-03-25_20:42:35 INFO SetState_BattleStandBy()
2023-03-25_20:43:34 INFO [ Battle StandBy ] SetState_Notify()
2023-03-25_20:44:33 INFO [ Battle StandBy ] SetState_End()
2023-03-25_20:44:33 INFO [ Battle StandBy ] SetState_None()
2023-03-25_20:44:33 INFO [ Battle Maya ] SetState_StandBy_1()
2023-03-25_20:44:33 INFO SetState_BattleOfMaya()
2023-03-25_20:46:32 INFO [ Battle Maya ] SetState_Notify_1()
2023-03-25_20:46:32 INFO [ Battle Maya ] Failed. No users at state 2
2023-03-25_20:46:32 INFO [ Battle Maya ] SetState_End()
2023-03-25_20:46:34 INFO [ Battle Maya ] SetState_EndCycle()
2023-03-25_20:46:34 INFO [ Battle Maya ] SetState_None()
2023-03-25_20:46:34 INFO SetState_End()
2023-03-25_20:46:34 INFO SetState_None()
2023-03-25_20:46:34 INFO [ Battle StandBy ] SetState_Start()
2023-03-25_20:46:34 INFO SetState_BattleStandBy()
2023-03-25_20:47:33 INFO [ Battle StandBy ] SetState_Notify()
2023-03-25_20:48:32 INFO [ Battle StandBy ] SetState_End()
2023-03-25_20:48:32 INFO [ Battle StandBy ] SetState_None()
2023-03-25_20:48:32 INFO [ Battle Maya ] SetState_StandBy_1()
2023-03-25_20:48:32 INFO SetState_BattleOfMaya()
2023-03-25_20:50:31 INFO [ Battle Maya ] SetState_Notify_1()
2023-03-25_20:50:31 INFO [ Battle Maya ] Failed. No users at state 2
2023-03-25_20:50:31 INFO [ Battle Maya ] SetState_End()
2023-03-25_20:50:33 INFO [ Battle Maya ] SetState_EndCycle()
2023-03-25_20:50:33 INFO [ Battle Maya ] SetState_None()
2023-03-25_20:50:33 INFO SetState_End()
2023-03-25_20:50:33 INFO SetState_None()
2023-03-25_20:50:33 INFO [ Battle StandBy ] SetState_Start()
2023-03-25_20:50:33 INFO SetState_BattleStandBy()
2023-03-25_20:51:32 INFO [ Battle StandBy ] SetState_Notify()
2023-03-25_20:52:31 INFO [ Battle StandBy ] SetState_End()
2023-03-25_20:52:32 INFO [ Battle StandBy ] SetState_None()
2023-03-25_20:52:32 INFO [ Battle Maya ] SetState_StandBy_1()
2023-03-25_20:52:32 INFO SetState_BattleOfMaya()
2023-03-25_20:54:31 INFO [ Battle Maya ] SetState_Notify_1()
2023-03-25_20:54:31 INFO [ Battle Maya ] Failed. No users at state 2
2023-03-25_20:54:31 INFO [ Battle Maya ] SetState_End()
2023-03-25_20:54:33 INFO [ Battle Maya ] SetState_EndCycle()
2023-03-25_20:54:33 INFO [ Battle Maya ] SetState_None()
2023-03-25_20:54:33 INFO SetState_End()
2023-03-25_20:54:33 INFO SetState_None()
2023-03-25_20:54:33 INFO [ Battle StandBy ] SetState_Start()
2023-03-25_20:54:33 INFO SetState_BattleStandBy()
2023-03-25_20:55:32 INFO [ Battle StandBy ] SetState_Notify()
2023-03-25_20:56:31 INFO [ Battle StandBy ] SetState_End()
2023-03-25_20:56:31 INFO [ Battle StandBy ] SetState_None()
2023-03-25_20:56:31 INFO [ Battle Maya ] SetState_StandBy_1()
2023-03-25_20:56:31 INFO SetState_BattleOfMaya()
2023-03-25_20:58:30 INFO [ Battle Maya ] SetState_Notify_1()
2023-03-25_20:58:30 INFO [ Battle Maya ] Failed. No users at state 2
2023-03-25_20:58:30 INFO [ Battle Maya ] SetState_End()
2023-03-25_20:58:32 INFO [ Battle Maya ] SetState_EndCycle()
2023-03-25_20:58:32 INFO [ Battle Maya ] SetState_None()
2023-03-25_20:58:32 INFO SetState_End()
2023-03-25_20:58:32 INFO SetState_None()
2023-03-25_20:58:32 INFO [ Battle StandBy ] SetState_Start()
2023-03-25_20:58:32 INFO SetState_BattleStandBy()
2023-03-25_20:59:31 INFO [ Battle StandBy ] SetState_Notify()
2023-03-25_21:00:30 INFO [ Battle StandBy ] SetState_End()
2023-03-25_21:00:30 INFO [ Battle StandBy ] SetState_None()
2023-03-25_21:00:30 INFO [ Battle Maya ] SetState_StandBy_1()
2023-03-25_21:00:30 INFO SetState_BattleOfMaya()
2023-03-25_21:02:29 INFO [ Battle Maya ] SetState_Notify_1()
2023-03-25_21:02:29 INFO [ Battle Maya ] Failed. No users at state 2
2023-03-25_21:02:29 INFO [ Battle Maya ] SetState_End()
2023-03-25_21:02:31 INFO [ Battle Maya ] SetState_EndCycle()
2023-03-25_21:02:31 INFO [ Battle Maya ] SetState_None()
2023-03-25_21:02:31 INFO SetState_End()
2023-03-25_21:02:31 INFO SetState_None()
2023-03-25_21:02:31 INFO [ Battle StandBy ] SetState_Start()
2023-03-25_21:02:31 INFO SetState_BattleStandBy()
2023-03-25_21:03:31 INFO [ Battle StandBy ] SetState_Notify()
2023-03-25_21:04:30 INFO [ Battle StandBy ] SetState_End()
2023-03-25_21:04:30 INFO [ Battle StandBy ] SetState_None()
2023-03-25_21:04:30 INFO [ Battle Maya ] SetState_StandBy_1()
2023-03-25_21:04:30 INFO SetState_BattleOfMaya()
2023-03-25_21:06:29 INFO [ Battle Maya ] SetState_Notify_1()
2023-03-25_21:06:29 INFO [ Battle Maya ] Failed. No users at state 2
2023-03-25_21:06:29 INFO [ Battle Maya ] SetState_End()
2023-03-25_21:06:31 INFO [ Battle Maya ] SetState_EndCycle()
2023-03-25_21:06:31 INFO [ Battle Maya ] SetState_None()
2023-03-25_21:06:31 INFO SetState_End()
2023-03-25_21:06:31 INFO SetState_None()
2023-03-25_21:06:31 INFO [ Battle StandBy ] SetState_Start()
2023-03-25_21:06:31 INFO SetState_BattleStandBy()
2023-03-25_21:07:30 INFO [ Battle StandBy ] SetState_Notify()
2023-03-25_21:08:29 INFO [ Battle StandBy ] SetState_End()
2023-03-25_21:08:29 INFO [ Battle StandBy ] SetState_None()
2023-03-25_21:08:29 INFO [ Battle Maya ] SetState_StandBy_1()
2023-03-25_21:08:29 INFO SetState_BattleOfMaya()
2023-03-25_21:10:28 INFO [ Battle Maya ] SetState_Notify_1()
2023-03-25_21:10:28 INFO [ Battle Maya ] Failed. No users at state 2
2023-03-25_21:10:28 INFO [ Battle Maya ] SetState_End()
2023-03-25_21:10:30 INFO [ Battle Maya ] SetState_EndCycle()
2023-03-25_21:10:30 INFO [ Battle Maya ] SetState_None()
2023-03-25_21:10:30 INFO SetState_End()
2023-03-25_21:10:30 INFO SetState_None()
2023-03-25_21:10:30 INFO [ Battle StandBy ] SetState_Start()
2023-03-25_21:10:30 INFO SetState_BattleStandBy()
2023-03-25_21:11:29 INFO [ Battle StandBy ] SetState_Notify()
2023-03-25_21:12:28 INFO [ Battle StandBy ] SetState_End()
2023-03-25_21:12:28 INFO [ Battle StandBy ] SetState_None()
2023-03-25_21:12:28 INFO [ Battle Maya ] SetState_StandBy_1()
2023-03-25_21:12:29 INFO SetState_BattleOfMaya()
2023-03-25_21:14:28 INFO [ Battle Maya ] SetState_Notify_1()
2023-03-25_21:14:28 INFO [ Battle Maya ] Failed. No users at state 2
2023-03-25_21:14:28 INFO [ Battle Maya ] SetState_End()
2023-03-25_21:14:30 INFO [ Battle Maya ] SetState_EndCycle()
2023-03-25_21:14:30 INFO [ Battle Maya ] SetState_None()
2023-03-25_21:14:30 INFO SetState_End()
2023-03-25_21:14:30 INFO SetState_None()
2023-03-25_21:14:30 INFO [ Battle StandBy ] SetState_Start()
2023-03-25_21:14:30 INFO SetState_BattleStandBy()
2023-03-25_21:15:29 INFO [ Battle StandBy ] SetState_Notify()
2023-03-25_21:16:28 INFO [ Battle StandBy ] SetState_End()
2023-03-25_21:16:28 INFO [ Battle StandBy ] SetState_None()
2023-03-25_21:16:28 INFO [ Battle Maya ] SetState_StandBy_1()
2023-03-25_21:16:28 INFO SetState_BattleOfMaya()
2023-03-25_21:18:27 INFO [ Battle Maya ] SetState_Notify_1()
2023-03-25_21:18:27 INFO [ Battle Maya ] Failed. No users at state 2
2023-03-25_21:18:27 INFO [ Battle Maya ] SetState_End()
2023-03-25_21:18:29 INFO [ Battle Maya ] SetState_EndCycle()
2023-03-25_21:18:29 INFO [ Battle Maya ] SetState_None()
2023-03-25_21:18:29 INFO SetState_End()
2023-03-25_21:18:29 INFO SetState_None()
2023-03-25_21:18:29 INFO [ Battle StandBy ] SetState_Start()
2023-03-25_21:18:29 INFO SetState_BattleStandBy()
2023-03-25_21:19:28 INFO [ Battle StandBy ] SetState_Notify()
2023-03-25_21:20:27 INFO [ Battle StandBy ] SetState_End()
2023-03-25_21:20:27 INFO [ Battle StandBy ] SetState_None()
2023-03-25_21:20:27 INFO [ Battle Maya ] SetState_StandBy_1()
2023-03-25_21:20:27 INFO SetState_BattleOfMaya()
2023-03-25_21:22:26 INFO [ Battle Maya ] SetState_Notify_1()
2023-03-25_21:22:26 INFO [ Battle Maya ] Failed. No users at state 2
2023-03-25_21:22:26 INFO [ Battle Maya ] SetState_End()
2023-03-25_21:22:28 INFO [ Battle Maya ] SetState_EndCycle()
2023-03-25_21:22:28 INFO [ Battle Maya ] SetState_None()
2023-03-25_21:22:28 INFO SetState_End()
2023-03-25_21:22:28 INFO SetState_None()
2023-03-25_21:22:28 INFO [ Battle StandBy ] SetState_Start()
2023-03-25_21:22:28 INFO SetState_BattleStandBy()
2023-03-25_21:23:27 INFO [ Battle StandBy ] SetState_Notify()
2023-03-25_21:24:26 INFO [ Battle StandBy ] SetState_End()
2023-03-25_21:24:27 INFO [ Battle StandBy ] SetState_None()
2023-03-25_21:24:27 INFO [ Battle Maya ] SetState_StandBy_1()
2023-03-25_21:24:27 INFO SetState_BattleOfMaya()
2023-03-25_21:26:26 INFO [ Battle Maya ] SetState_Notify_1()
2023-03-25_21:26:26 INFO [ Battle Maya ] Failed. No users at state 2
2023-03-25_21:26:26 INFO [ Battle Maya ] SetState_End()
2023-03-25_21:26:28 INFO [ Battle Maya ] SetState_EndCycle()
2023-03-25_21:26:28 INFO [ Battle Maya ] SetState_None()
2023-03-25_21:26:28 INFO SetState_End()
2023-03-25_21:26:28 INFO SetState_None()
2023-03-25_21:26:28 INFO [ Battle StandBy ] SetState_Start()
2023-03-25_21:26:28 INFO SetState_BattleStandBy()
2023-03-25_21:27:27 INFO [ Battle StandBy ] SetState_Notify()
2023-03-25_21:28:26 INFO [ Battle StandBy ] SetState_End()
2023-03-25_21:28:26 INFO [ Battle StandBy ] SetState_None()
2023-03-25_21:28:26 INFO [ Battle Maya ] SetState_StandBy_1()
2023-03-25_21:28:26 INFO SetState_BattleOfMaya()
2023-03-25_21:30:25 INFO [ Battle Maya ] SetState_Notify_1()
2023-03-25_21:30:25 INFO [ Battle Maya ] Failed. No users at state 2
2023-03-25_21:30:25 INFO [ Battle Maya ] SetState_End()
2023-03-25_21:30:27 INFO [ Battle Maya ] SetState_EndCycle()
2023-03-25_21:30:27 INFO [ Battle Maya ] SetState_None()
2023-03-25_21:30:27 INFO SetState_End()
2023-03-25_21:30:27 INFO SetState_None()
2023-03-25_21:30:27 INFO [ Battle StandBy ] SetState_Start()
2023-03-25_21:30:27 INFO SetState_BattleStandBy()
2023-03-25_21:31:26 INFO [ Battle StandBy ] SetState_Notify()
2023-03-25_21:32:25 INFO [ Battle StandBy ] SetState_End()
2023-03-25_21:32:25 INFO [ Battle StandBy ] SetState_None()
2023-03-25_21:32:25 INFO [ Battle Maya ] SetState_StandBy_1()
2023-03-25_21:32:25 INFO SetState_BattleOfMaya()
2023-03-25_21:34:24 INFO [ Battle Maya ] SetState_Notify_1()
2023-03-25_21:34:24 INFO [ Battle Maya ] Failed. No users at state 2
2023-03-25_21:34:24 INFO [ Battle Maya ] SetState_End()
2023-03-25_21:34:26 INFO [ Battle Maya ] SetState_EndCycle()
2023-03-25_21:34:26 INFO [ Battle Maya ] SetState_None()
2023-03-25_21:34:26 INFO SetState_End()
2023-03-25_21:34:26 INFO SetState_None()
2023-03-25_21:34:26 INFO [ Battle StandBy ] SetState_Start()
2023-03-25_21:34:26 INFO SetState_BattleStandBy()
2023-03-25_21:35:25 INFO [ Battle StandBy ] SetState_Notify()
2023-03-25_21:36:24 INFO [ Battle StandBy ] SetState_End()
2023-03-25_21:36:25 INFO [ Battle StandBy ] SetState_None()
2023-03-25_21:36:25 INFO [ Battle Maya ] SetState_StandBy_1()
2023-03-25_21:36:25 INFO SetState_BattleOfMaya()
2023-03-25_21:38:24 INFO [ Battle Maya ] SetState_Notify_1()
2023-03-25_21:38:24 INFO [ Battle Maya ] Failed. No users at state 2
2023-03-25_21:38:24 INFO [ Battle Maya ] SetState_End()
2023-03-25_21:38:26 INFO [ Battle Maya ] SetState_EndCycle()
2023-03-25_21:38:26 INFO [ Battle Maya ] SetState_None()
2023-03-25_21:38:26 INFO SetState_End()
2023-03-25_21:38:26 INFO SetState_None()
2023-03-25_21:38:26 INFO [ Battle StandBy ] SetState_Start()
2023-03-25_21:38:26 INFO SetState_BattleStandBy()
2023-03-25_21:39:25 INFO [ Battle StandBy ] SetState_Notify()
2023-03-25_21:40:24 INFO [ Battle StandBy ] SetState_End()
2023-03-25_21:40:24 INFO [ Battle StandBy ] SetState_None()
2023-03-25_21:40:24 INFO [ Battle Maya ] SetState_StandBy_1()
2023-03-25_21:40:24 INFO SetState_BattleOfMaya()
2023-03-25_21:42:23 INFO [ Battle Maya ] SetState_Notify_1()
2023-03-25_21:42:23 INFO [ Battle Maya ] Failed. No users at state 2
2023-03-25_21:42:23 INFO [ Battle Maya ] SetState_End()
2023-03-25_21:42:25 INFO [ Battle Maya ] SetState_EndCycle()
2023-03-25_21:42:25 INFO [ Battle Maya ] SetState_None()
2023-03-25_21:42:25 INFO SetState_End()
2023-03-25_21:42:25 INFO SetState_None()
2023-03-25_21:42:25 INFO [ Battle StandBy ] SetState_Start()
2023-03-25_21:42:25 INFO SetState_BattleStandBy()
2023-03-25_21:43:24 INFO [ Battle StandBy ] SetState_Notify()
2023-03-25_21:44:23 INFO [ Battle StandBy ] SetState_End()
2023-03-25_21:44:23 INFO [ Battle StandBy ] SetState_None()
2023-03-25_21:44:23 INFO [ Battle Maya ] SetState_StandBy_1()
2023-03-25_21:44:23 INFO SetState_BattleOfMaya()
2023-03-25_21:46:22 INFO [ Battle Maya ] SetState_Notify_1()
2023-03-25_21:46:22 INFO [ Battle Maya ] Failed. No users at state 2
2023-03-25_21:46:22 INFO [ Battle Maya ] SetState_End()
2023-03-25_21:46:24 INFO [ Battle Maya ] SetState_EndCycle()
2023-03-25_21:46:24 INFO [ Battle Maya ] SetState_None()
2023-03-25_21:46:24 INFO SetState_End()
2023-03-25_21:46:24 INFO SetState_None()
2023-03-25_21:46:24 INFO [ Battle StandBy ] SetState_Start()
2023-03-25_21:46:25 INFO SetState_BattleStandBy()
2023-03-25_21:47:24 INFO [ Battle StandBy ] SetState_Notify()
2023-03-25_21:48:23 INFO [ Battle StandBy ] SetState_End()
2023-03-25_21:48:23 INFO [ Battle StandBy ] SetState_None()
2023-03-25_21:48:23 INFO [ Battle Maya ] SetState_StandBy_1()
2023-03-25_21:48:23 INFO SetState_BattleOfMaya()
2023-03-25_21:50:22 INFO [ Battle Maya ] SetState_Notify_1()
2023-03-25_21:50:22 INFO [ Battle Maya ] Failed. No users at state 2
2023-03-25_21:50:22 INFO [ Battle Maya ] SetState_End()
2023-03-25_21:50:24 INFO [ Battle Maya ] SetState_EndCycle()
2023-03-25_21:50:24 INFO [ Battle Maya ] SetState_None()
2023-03-25_21:50:24 INFO SetState_End()
2023-03-25_21:50:24 INFO SetState_None()
2023-03-25_21:50:24 INFO [ Battle StandBy ] SetState_Start()
2023-03-25_21:50:24 INFO SetState_BattleStandBy()
2023-03-25_21:51:23 INFO [ Battle StandBy ] SetState_Notify()
2023-03-25_21:52:22 INFO [ Battle StandBy ] SetState_End()
2023-03-25_21:52:22 INFO [ Battle StandBy ] SetState_None()
2023-03-25_21:52:22 INFO [ Battle Maya ] SetState_StandBy_1()
2023-03-25_21:52:22 INFO SetState_BattleOfMaya()
2023-03-25_21:54:21 INFO [ Battle Maya ] SetState_Notify_1()
2023-03-25_21:54:21 INFO [ Battle Maya ] Failed. No users at state 2
2023-03-25_21:54:21 INFO [ Battle Maya ] SetState_End()
2023-03-25_21:54:23 INFO [ Battle Maya ] SetState_EndCycle()
2023-03-25_21:54:23 INFO [ Battle Maya ] SetState_None()
2023-03-25_21:54:23 INFO SetState_End()
2023-03-25_21:54:23 INFO SetState_None()
2023-03-25_21:54:23 INFO [ Battle StandBy ] SetState_Start()
2023-03-25_21:54:23 INFO SetState_BattleStandBy()
2023-03-25_21:55:22 INFO [ Battle StandBy ] SetState_Notify()
2023-03-25_21:56:21 INFO [ Battle StandBy ] SetState_End()
2023-03-25_21:56:21 INFO [ Battle StandBy ] SetState_None()
2023-03-25_21:56:21 INFO [ Battle Maya ] SetState_StandBy_1()
2023-03-25_21:56:21 INFO SetState_BattleOfMaya()
2023-03-25_21:58:20 INFO [ Battle Maya ] SetState_Notify_1()
2023-03-25_21:58:20 INFO [ Battle Maya ] Failed. No users at state 2
2023-03-25_21:58:20 INFO [ Battle Maya ] SetState_End()
2023-03-25_21:58:23 INFO [ Battle Maya ] SetState_EndCycle()
2023-03-25_21:58:23 INFO [ Battle Maya ] SetState_None()
2023-03-25_21:58:23 INFO SetState_End()
2023-03-25_21:58:23 INFO SetState_None()
2023-03-25_21:58:23 INFO [ Battle StandBy ] SetState_Start()
2023-03-25_21:58:23 INFO SetState_BattleStandBy()
2023-03-25_21:59:22 INFO [ Battle StandBy ] SetState_Notify()
2023-03-25_22:00:21 INFO [ Battle StandBy ] SetState_End()
2023-03-25_22:00:21 INFO [ Battle StandBy ] SetState_None()
2023-03-25_22:00:21 INFO [ Battle Maya ] SetState_StandBy_1()
2023-03-25_22:00:21 INFO SetState_BattleOfMaya()
2023-03-25_22:02:20 INFO [ Battle Maya ] SetState_Notify_1()
2023-03-25_22:02:20 INFO [ Battle Maya ] Failed. No users at state 2
2023-03-25_22:02:20 INFO [ Battle Maya ] SetState_End()
2023-03-25_22:02:22 INFO [ Battle Maya ] SetState_EndCycle()
2023-03-25_22:02:22 INFO [ Battle Maya ] SetState_None()
2023-03-25_22:02:22 INFO SetState_End()
2023-03-25_22:02:22 INFO SetState_None()
2023-03-25_22:02:22 INFO [ Battle StandBy ] SetState_Start()
2023-03-25_22:02:22 INFO SetState_BattleStandBy()
2023-03-25_22:03:21 INFO [ Battle StandBy ] SetState_Notify()
2023-03-25_22:04:20 INFO [ Battle StandBy ] SetState_End()
2023-03-25_22:04:20 INFO [ Battle StandBy ] SetState_None()
2023-03-25_22:04:20 INFO [ Battle Maya ] SetState_StandBy_1()
2023-03-25_22:04:20 INFO SetState_BattleOfMaya()
2023-03-25_22:06:19 INFO [ Battle Maya ] SetState_Notify_1()
2023-03-25_22:06:19 INFO [ Battle Maya ] Failed. No users at state 2
2023-03-25_22:06:19 INFO [ Battle Maya ] SetState_End()
2023-03-25_22:06:21 INFO [ Battle Maya ] SetState_EndCycle()
2023-03-25_22:06:21 INFO [ Battle Maya ] SetState_None()
2023-03-25_22:06:21 INFO SetState_End()
2023-03-25_22:06:21 INFO SetState_None()
2023-03-25_22:06:21 INFO [ Battle StandBy ] SetState_Start()
2023-03-25_22:06:21 INFO SetState_BattleStandBy()
2023-03-25_22:07:20 INFO [ Battle StandBy ] SetState_Notify()
2023-03-25_22:08:19 INFO [ Battle StandBy ] SetState_End()
2023-03-25_22:08:20 INFO [ Battle StandBy ] SetState_None()
2023-03-25_22:08:20 INFO [ Battle Maya ] SetState_StandBy_1()
2023-03-25_22:08:20 INFO SetState_BattleOfMaya()
2023-03-25_22:10:19 INFO [ Battle Maya ] SetState_Notify_1()
2023-03-25_22:10:19 INFO [ Battle Maya ] Failed. No users at state 2
2023-03-25_22:10:19 INFO [ Battle Maya ] SetState_End()
2023-03-25_22:10:21 INFO [ Battle Maya ] SetState_EndCycle()
2023-03-25_22:10:21 INFO [ Battle Maya ] SetState_None()
2023-03-25_22:10:21 INFO SetState_End()
2023-03-25_22:10:21 INFO SetState_None()
2023-03-25_22:10:21 INFO [ Battle StandBy ] SetState_Start()
2023-03-25_22:10:21 INFO SetState_BattleStandBy()
2023-03-25_22:11:20 INFO [ Battle StandBy ] SetState_Notify()
2023-03-25_22:12:19 INFO [ Battle StandBy ] SetState_End()
2023-03-25_22:12:19 INFO [ Battle StandBy ] SetState_None()
2023-03-25_22:12:19 INFO [ Battle Maya ] SetState_StandBy_1()
2023-03-25_22:12:19 INFO SetState_BattleOfMaya()
2023-03-25_22:14:18 INFO [ Battle Maya ] SetState_Notify_1()
2023-03-25_22:14:18 INFO [ Battle Maya ] Failed. No users at state 2
2023-03-25_22:14:18 INFO [ Battle Maya ] SetState_End()
2023-03-25_22:14:20 INFO [ Battle Maya ] SetState_EndCycle()
2023-03-25_22:14:20 INFO [ Battle Maya ] SetState_None()
2023-03-25_22:14:20 INFO SetState_End()
2023-03-25_22:14:20 INFO SetState_None()
2023-03-25_22:14:20 INFO [ Battle StandBy ] SetState_Start()
2023-03-25_22:14:20 INFO SetState_BattleStandBy()
2023-03-25_22:15:19 INFO [ Battle StandBy ] SetState_Notify()
2023-03-25_22:16:18 INFO [ Battle StandBy ] SetState_End()
2023-03-25_22:16:18 INFO [ Battle StandBy ] SetState_None()
2023-03-25_22:16:18 INFO [ Battle Maya ] SetState_StandBy_1()
2023-03-25_22:16:19 INFO SetState_BattleOfMaya()
2023-03-25_22:18:18 INFO [ Battle Maya ] SetState_Notify_1()
2023-03-25_22:18:18 INFO [ Battle Maya ] Failed. No users at state 2
2023-03-25_22:18:18 INFO [ Battle Maya ] SetState_End()
2023-03-25_22:18:20 INFO [ Battle Maya ] SetState_EndCycle()
2023-03-25_22:18:20 INFO [ Battle Maya ] SetState_None()
2023-03-25_22:18:20 INFO SetState_End()
2023-03-25_22:18:20 INFO SetState_None()
2023-03-25_22:18:20 INFO [ Battle StandBy ] SetState_Start()
2023-03-25_22:18:20 INFO SetState_BattleStandBy()
2023-03-25_22:19:19 INFO [ Battle StandBy ] SetState_Notify()
2023-03-25_22:20:18 INFO [ Battle StandBy ] SetState_End()
2023-03-25_22:20:18 INFO [ Battle StandBy ] SetState_None()
2023-03-25_22:20:18 INFO [ Battle Maya ] SetState_StandBy_1()
2023-03-25_22:20:18 INFO SetState_BattleOfMaya()
2023-03-25_22:22:17 INFO [ Battle Maya ] SetState_Notify_1()
2023-03-25_22:22:17 INFO [ Battle Maya ] Failed. No users at state 2
2023-03-25_22:22:17 INFO [ Battle Maya ] SetState_End()
2023-03-25_22:22:19 INFO [ Battle Maya ] SetState_EndCycle()
2023-03-25_22:22:19 INFO [ Battle Maya ] SetState_None()
2023-03-25_22:22:19 INFO SetState_End()
2023-03-25_22:22:19 INFO SetState_None()
2023-03-25_22:22:19 INFO [ Battle StandBy ] SetState_Start()
2023-03-25_22:22:19 INFO SetState_BattleStandBy()
2023-03-25_22:23:18 INFO [ Battle StandBy ] SetState_Notify()
2023-03-25_22:24:17 INFO [ Battle StandBy ] SetState_End()
2023-03-25_22:24:17 INFO [ Battle StandBy ] SetState_None()
2023-03-25_22:24:17 INFO [ Battle Maya ] SetState_StandBy_1()
2023-03-25_22:24:17 INFO SetState_BattleOfMaya()
2023-03-25_22:26:17 INFO [ Battle Maya ] SetState_Notify_1()
2023-03-25_22:26:17 INFO [ Battle Maya ] Failed. No users at state 2
2023-03-25_22:26:17 INFO [ Battle Maya ] SetState_End()
2023-03-25_22:26:19 INFO [ Battle Maya ] SetState_EndCycle()
2023-03-25_22:26:19 INFO [ Battle Maya ] SetState_None()
2023-03-25_22:26:19 INFO SetState_End()
2023-03-25_22:26:19 INFO SetState_None()
2023-03-25_22:26:19 INFO [ Battle StandBy ] SetState_Start()
2023-03-25_22:26:19 INFO SetState_BattleStandBy()
