2023-04-06_21:47:35 INFO [ Battle StandBy ] SetState_Start()
2023-04-06_21:47:35 INFO SetState_BattleStandBy()
2023-04-06_21:48:34 INFO [ Battle StandBy ] SetState_Notify()
2023-04-06_21:49:33 INFO [ Battle StandBy ] SetState_End()
2023-04-06_21:49:33 INFO [ Battle StandBy ] SetState_None()
2023-04-06_21:49:33 INFO [ Battle Maya ] SetState_StandBy_1()
2023-04-06_21:49:33 INFO SetState_BattleOfMaya()
2023-04-06_21:51:32 INFO [ Battle Maya ] SetState_Notify_1()
2023-04-06_21:51:32 INFO [ Battle Maya ] Failed. No users at state 2
2023-04-06_21:51:32 INFO [ Battle Maya ] SetState_End()
2023-04-06_21:51:34 INFO [ Battle Maya ] SetState_EndCycle()
2023-04-06_21:51:34 INFO [ Battle Maya ] SetState_None()
2023-04-06_21:51:34 INFO SetState_End()
2023-04-06_21:51:34 INFO SetState_None()
2023-04-06_21:51:34 INFO [ Battle StandBy ] SetState_Start()
2023-04-06_21:51:34 INFO SetState_BattleStandBy()
2023-04-06_21:52:33 INFO [ Battle StandBy ] SetState_Notify()
2023-04-06_21:53:32 INFO [ Battle StandBy ] SetState_End()
2023-04-06_21:53:32 INFO [ Battle StandBy ] SetState_None()
2023-04-06_21:53:32 INFO [ Battle Maya ] SetState_StandBy_1()
2023-04-06_21:53:32 INFO SetState_BattleOfMaya()
2023-04-06_21:55:31 INFO [ Battle Maya ] SetState_Notify_1()
2023-04-06_21:55:31 INFO [ Battle Maya ] Failed. No users at state 2
2023-04-06_21:55:31 INFO [ Battle Maya ] SetState_End()
2023-04-06_21:55:33 INFO [ Battle Maya ] SetState_EndCycle()
2023-04-06_21:55:33 INFO [ Battle Maya ] SetState_None()
2023-04-06_21:55:33 INFO SetState_End()
2023-04-06_21:55:33 INFO SetState_None()
2023-04-06_21:55:33 INFO [ Battle StandBy ] SetState_Start()
2023-04-06_21:55:33 INFO SetState_BattleStandBy()
2023-04-06_21:56:32 INFO [ Battle StandBy ] SetState_Notify()
2023-04-06_21:57:31 INFO [ Battle StandBy ] SetState_End()
2023-04-06_21:57:31 INFO [ Battle StandBy ] SetState_None()
2023-04-06_21:57:32 INFO [ Battle Maya ] SetState_StandBy_1()
2023-04-06_21:57:32 INFO SetState_BattleOfMaya()
2023-04-06_21:59:31 INFO [ Battle Maya ] SetState_Notify_1()
2023-04-06_21:59:31 INFO [ Battle Maya ] Failed. No users at state 2
2023-04-06_21:59:31 INFO [ Battle Maya ] SetState_End()
2023-04-06_21:59:33 INFO [ Battle Maya ] SetState_EndCycle()
2023-04-06_21:59:33 INFO [ Battle Maya ] SetState_None()
2023-04-06_21:59:33 INFO SetState_End()
2023-04-06_21:59:33 INFO SetState_None()
2023-04-06_21:59:33 INFO [ Battle StandBy ] SetState_Start()
2023-04-06_21:59:33 INFO SetState_BattleStandBy()
2023-04-06_22:00:32 INFO [ Battle StandBy ] SetState_Notify()
2023-04-06_22:01:31 INFO [ Battle StandBy ] SetState_End()
2023-04-06_22:01:31 INFO [ Battle StandBy ] SetState_None()
2023-04-06_22:01:31 INFO [ Battle Maya ] SetState_StandBy_1()
2023-04-06_22:01:31 INFO SetState_BattleOfMaya()
2023-04-06_22:03:30 INFO [ Battle Maya ] SetState_Notify_1()
2023-04-06_22:03:30 INFO [ Battle Maya ] Failed. No users at state 2
2023-04-06_22:03:30 INFO [ Battle Maya ] SetState_End()
2023-04-06_22:03:32 INFO [ Battle Maya ] SetState_EndCycle()
2023-04-06_22:03:32 INFO [ Battle Maya ] SetState_None()
2023-04-06_22:03:32 INFO SetState_End()
2023-04-06_22:03:32 INFO SetState_None()
2023-04-06_22:03:32 INFO [ Battle StandBy ] SetState_Start()
2023-04-06_22:03:32 INFO SetState_BattleStandBy()
2023-04-06_22:04:31 INFO [ Battle StandBy ] SetState_Notify()
2023-04-06_22:05:30 INFO [ Battle StandBy ] SetState_End()
2023-04-06_22:05:30 INFO [ Battle StandBy ] SetState_None()
2023-04-06_22:05:30 INFO [ Battle Maya ] SetState_StandBy_1()
2023-04-06_22:05:30 INFO SetState_BattleOfMaya()
2023-04-06_22:07:29 INFO [ Battle Maya ] SetState_Notify_1()
2023-04-06_22:07:29 INFO [ Battle Maya ] Failed. No users at state 2
2023-04-06_22:07:29 INFO [ Battle Maya ] SetState_End()
2023-04-06_22:07:31 INFO [ Battle Maya ] SetState_EndCycle()
2023-04-06_22:07:31 INFO [ Battle Maya ] SetState_None()
2023-04-06_22:07:31 INFO SetState_End()
2023-04-06_22:07:32 INFO SetState_None()
2023-04-06_22:07:32 INFO [ Battle StandBy ] SetState_Start()
2023-04-06_22:07:32 INFO SetState_BattleStandBy()
2023-04-06_22:08:31 INFO [ Battle StandBy ] SetState_Notify()
2023-04-06_22:09:30 INFO [ Battle StandBy ] SetState_End()
2023-04-06_22:09:30 INFO [ Battle StandBy ] SetState_None()
2023-04-06_22:09:30 INFO [ Battle Maya ] SetState_StandBy_1()
2023-04-06_22:09:30 INFO SetState_BattleOfMaya()
2023-04-06_22:11:29 INFO [ Battle Maya ] SetState_Notify_1()
2023-04-06_22:11:29 INFO [ Battle Maya ] Failed. No users at state 2
2023-04-06_22:11:29 INFO [ Battle Maya ] SetState_End()
2023-04-06_22:11:31 INFO [ Battle Maya ] SetState_EndCycle()
2023-04-06_22:11:31 INFO [ Battle Maya ] SetState_None()
2023-04-06_22:11:31 INFO SetState_End()
2023-04-06_22:11:31 INFO SetState_None()
2023-04-06_22:11:31 INFO [ Battle StandBy ] SetState_Start()
2023-04-06_22:11:31 INFO SetState_BattleStandBy()
2023-04-06_22:12:30 INFO [ Battle StandBy ] SetState_Notify()
2023-04-06_22:13:29 INFO [ Battle StandBy ] SetState_End()
2023-04-06_22:13:29 INFO [ Battle StandBy ] SetState_None()
2023-04-06_22:13:29 INFO [ Battle Maya ] SetState_StandBy_1()
2023-04-06_22:13:29 INFO SetState_BattleOfMaya()
2023-04-06_22:15:28 INFO [ Battle Maya ] SetState_Notify_1()
2023-04-06_22:15:28 INFO [ Battle Maya ] Failed. No users at state 2
2023-04-06_22:15:28 INFO [ Battle Maya ] SetState_End()
2023-04-06_22:15:30 INFO [ Battle Maya ] SetState_EndCycle()
2023-04-06_22:15:30 INFO [ Battle Maya ] SetState_None()
2023-04-06_22:15:30 INFO SetState_End()
2023-04-06_22:15:30 INFO SetState_None()
2023-04-06_22:15:30 INFO [ Battle StandBy ] SetState_Start()
2023-04-06_22:15:30 INFO SetState_BattleStandBy()
2023-04-06_22:16:29 INFO [ Battle StandBy ] SetState_Notify()
2023-04-06_22:17:28 INFO [ Battle StandBy ] SetState_End()
2023-04-06_22:17:28 INFO [ Battle StandBy ] SetState_None()
2023-04-06_22:17:28 INFO [ Battle Maya ] SetState_StandBy_1()
2023-04-06_22:17:28 INFO SetState_BattleOfMaya()
2023-04-06_22:19:27 INFO [ Battle Maya ] SetState_Notify_1()
2023-04-06_22:19:27 INFO [ Battle Maya ] Failed. No users at state 2
2023-04-06_22:19:27 INFO [ Battle Maya ] SetState_End()
2023-04-06_22:19:29 INFO [ Battle Maya ] SetState_EndCycle()
2023-04-06_22:19:30 INFO [ Battle Maya ] SetState_None()
2023-04-06_22:19:30 INFO SetState_End()
2023-04-06_22:19:30 INFO SetState_None()
2023-04-06_22:19:30 INFO [ Battle StandBy ] SetState_Start()
2023-04-06_22:19:30 INFO SetState_BattleStandBy()
2023-04-06_22:20:29 INFO [ Battle StandBy ] SetState_Notify()
2023-04-06_22:21:28 INFO [ Battle StandBy ] SetState_End()
2023-04-06_22:21:28 INFO [ Battle StandBy ] SetState_None()
2023-04-06_22:21:28 INFO [ Battle Maya ] SetState_StandBy_1()
2023-04-06_22:21:28 INFO SetState_BattleOfMaya()
2023-04-06_22:23:27 INFO [ Battle Maya ] SetState_Notify_1()
2023-04-06_22:23:27 INFO [ Battle Maya ] Failed. No users at state 2
2023-04-06_22:23:27 INFO [ Battle Maya ] SetState_End()
2023-04-06_22:23:29 INFO [ Battle Maya ] SetState_EndCycle()
2023-04-06_22:23:29 INFO [ Battle Maya ] SetState_None()
2023-04-06_22:23:29 INFO SetState_End()
2023-04-06_22:23:29 INFO SetState_None()
2023-04-06_22:23:29 INFO [ Battle StandBy ] SetState_Start()
2023-04-06_22:23:29 INFO SetState_BattleStandBy()
2023-04-06_22:24:28 INFO [ Battle StandBy ] SetState_Notify()
2023-04-06_22:25:27 INFO [ Battle StandBy ] SetState_End()
2023-04-06_22:25:27 INFO [ Battle StandBy ] SetState_None()
2023-04-06_22:25:27 INFO [ Battle Maya ] SetState_StandBy_1()
2023-04-06_22:25:27 INFO SetState_BattleOfMaya()
2023-04-06_22:27:26 INFO [ Battle Maya ] SetState_Notify_1()
2023-04-06_22:27:26 INFO [ Battle Maya ] Failed. No users at state 2
2023-04-06_22:27:26 INFO [ Battle Maya ] SetState_End()
2023-04-06_22:27:28 INFO [ Battle Maya ] SetState_EndCycle()
2023-04-06_22:27:28 INFO [ Battle Maya ] SetState_None()
2023-04-06_22:27:28 INFO SetState_End()
2023-04-06_22:27:29 INFO SetState_None()
2023-04-06_22:27:29 INFO [ Battle StandBy ] SetState_Start()
2023-04-06_22:27:29 INFO SetState_BattleStandBy()
2023-04-06_22:28:28 INFO [ Battle StandBy ] SetState_Notify()
2023-04-06_22:29:27 INFO [ Battle StandBy ] SetState_End()
2023-04-06_22:29:27 INFO [ Battle StandBy ] SetState_None()
2023-04-06_22:29:27 INFO [ Battle Maya ] SetState_StandBy_1()
2023-04-06_22:29:27 INFO SetState_BattleOfMaya()
2023-04-06_22:31:26 INFO [ Battle Maya ] SetState_Notify_1()
2023-04-06_22:31:26 INFO [ Battle Maya ] Failed. No users at state 2
2023-04-06_22:31:26 INFO [ Battle Maya ] SetState_End()
2023-04-06_22:31:28 INFO [ Battle Maya ] SetState_EndCycle()
2023-04-06_22:31:28 INFO [ Battle Maya ] SetState_None()
2023-04-06_22:31:28 INFO SetState_End()
2023-04-06_22:31:28 INFO SetState_None()
2023-04-06_22:31:28 INFO [ Battle StandBy ] SetState_Start()
2023-04-06_22:31:28 INFO SetState_BattleStandBy()
2023-04-06_22:32:27 INFO [ Battle StandBy ] SetState_Notify()
2023-04-06_22:33:26 INFO [ Battle StandBy ] SetState_End()
2023-04-06_22:33:26 INFO [ Battle StandBy ] SetState_None()
2023-04-06_22:33:26 INFO [ Battle Maya ] SetState_StandBy_1()
2023-04-06_22:33:26 INFO SetState_BattleOfMaya()
2023-04-06_22:35:25 INFO [ Battle Maya ] SetState_Notify_1()
2023-04-06_22:35:25 INFO [ Battle Maya ] Failed. No users at state 2
2023-04-06_22:35:25 INFO [ Battle Maya ] SetState_End()
2023-04-06_22:35:27 INFO [ Battle Maya ] SetState_EndCycle()
2023-04-06_22:35:27 INFO [ Battle Maya ] SetState_None()
2023-04-06_22:35:27 INFO SetState_End()
2023-04-06_22:35:27 INFO SetState_None()
2023-04-06_22:35:27 INFO [ Battle StandBy ] SetState_Start()
2023-04-06_22:35:27 INFO SetState_BattleStandBy()
2023-04-06_22:36:26 INFO [ Battle StandBy ] SetState_Notify()
2023-04-06_22:37:25 INFO [ Battle StandBy ] SetState_End()
2023-04-06_22:37:25 INFO [ Battle StandBy ] SetState_None()
2023-04-06_22:37:25 INFO [ Battle Maya ] SetState_StandBy_1()
2023-04-06_22:37:25 INFO SetState_BattleOfMaya()
2023-04-06_22:39:24 INFO [ Battle Maya ] SetState_Notify_1()
2023-04-06_22:39:24 INFO [ Battle Maya ] Failed. No users at state 2
2023-04-06_22:39:24 INFO [ Battle Maya ] SetState_End()
2023-04-06_22:39:26 INFO [ Battle Maya ] SetState_EndCycle()
2023-04-06_22:39:26 INFO [ Battle Maya ] SetState_None()
2023-04-06_22:39:26 INFO SetState_End()
2023-04-06_22:39:27 INFO SetState_None()
2023-04-06_22:39:27 INFO [ Battle StandBy ] SetState_Start()
2023-04-06_22:39:27 INFO SetState_BattleStandBy()
2023-04-06_22:40:26 INFO [ Battle StandBy ] SetState_Notify()
2023-04-06_22:41:25 INFO [ Battle StandBy ] SetState_End()
2023-04-06_22:41:25 INFO [ Battle StandBy ] SetState_None()
2023-04-06_22:41:25 INFO [ Battle Maya ] SetState_StandBy_1()
2023-04-06_22:41:25 INFO SetState_BattleOfMaya()
2023-04-06_22:43:24 INFO [ Battle Maya ] SetState_Notify_1()
2023-04-06_22:43:24 INFO [ Battle Maya ] Failed. No users at state 2
2023-04-06_22:43:24 INFO [ Battle Maya ] SetState_End()
2023-04-06_22:43:26 INFO [ Battle Maya ] SetState_EndCycle()
2023-04-06_22:43:26 INFO [ Battle Maya ] SetState_None()
2023-04-06_22:43:26 INFO SetState_End()
2023-04-06_22:43:26 INFO SetState_None()
2023-04-06_22:43:26 INFO [ Battle StandBy ] SetState_Start()
2023-04-06_22:43:26 INFO SetState_BattleStandBy()
2023-04-06_22:44:25 INFO [ Battle StandBy ] SetState_Notify()
2023-04-06_22:45:24 INFO [ Battle StandBy ] SetState_End()
2023-04-06_22:45:24 INFO [ Battle StandBy ] SetState_None()
2023-04-06_22:45:24 INFO [ Battle Maya ] SetState_StandBy_1()
2023-04-06_22:45:24 INFO SetState_BattleOfMaya()
2023-04-06_22:47:23 INFO [ Battle Maya ] SetState_Notify_1()
2023-04-06_22:47:23 INFO [ Battle Maya ] Failed. No users at state 2
2023-04-06_22:47:23 INFO [ Battle Maya ] SetState_End()
2023-04-06_22:47:25 INFO [ Battle Maya ] SetState_EndCycle()
2023-04-06_22:47:25 INFO [ Battle Maya ] SetState_None()
2023-04-06_22:47:25 INFO SetState_End()
2023-04-06_22:47:25 INFO SetState_None()
2023-04-06_22:47:25 INFO [ Battle StandBy ] SetState_Start()
2023-04-06_22:47:25 INFO SetState_BattleStandBy()
2023-04-06_22:48:24 INFO [ Battle StandBy ] SetState_Notify()
2023-04-06_22:49:23 INFO [ Battle StandBy ] SetState_End()
2023-04-06_22:49:23 INFO [ Battle StandBy ] SetState_None()
2023-04-06_22:49:23 INFO [ Battle Maya ] SetState_StandBy_1()
2023-04-06_22:49:23 INFO SetState_BattleOfMaya()
2023-04-06_22:51:22 INFO [ Battle Maya ] SetState_Notify_1()
2023-04-06_22:51:22 INFO [ Battle Maya ] Failed. No users at state 2
2023-04-06_22:51:22 INFO [ Battle Maya ] SetState_End()
2023-04-06_22:51:24 INFO [ Battle Maya ] SetState_EndCycle()
2023-04-06_22:51:25 INFO [ Battle Maya ] SetState_None()
2023-04-06_22:51:25 INFO SetState_End()
2023-04-06_22:51:25 INFO SetState_None()
2023-04-06_22:51:25 INFO [ Battle StandBy ] SetState_Start()
2023-04-06_22:51:25 INFO SetState_BattleStandBy()
2023-04-06_22:52:24 INFO [ Battle StandBy ] SetState_Notify()
2023-04-06_22:53:23 INFO [ Battle StandBy ] SetState_End()
2023-04-06_22:53:23 INFO [ Battle StandBy ] SetState_None()
2023-04-06_22:53:23 INFO [ Battle Maya ] SetState_StandBy_1()
2023-04-06_22:53:23 INFO SetState_BattleOfMaya()
2023-04-06_22:55:22 INFO [ Battle Maya ] SetState_Notify_1()
2023-04-06_22:55:22 INFO [ Battle Maya ] Failed. No users at state 2
2023-04-06_22:55:22 INFO [ Battle Maya ] SetState_End()
2023-04-06_22:55:24 INFO [ Battle Maya ] SetState_EndCycle()
2023-04-06_22:55:24 INFO [ Battle Maya ] SetState_None()
2023-04-06_22:55:24 INFO SetState_End()
2023-04-06_22:55:24 INFO SetState_None()
2023-04-06_22:55:24 INFO [ Battle StandBy ] SetState_Start()
2023-04-06_22:55:24 INFO SetState_BattleStandBy()
2023-04-06_22:56:23 INFO [ Battle StandBy ] SetState_Notify()
2023-04-06_22:57:22 INFO [ Battle StandBy ] SetState_End()
2023-04-06_22:57:22 INFO [ Battle StandBy ] SetState_None()
2023-04-06_22:57:22 INFO [ Battle Maya ] SetState_StandBy_1()
2023-04-06_22:57:22 INFO SetState_BattleOfMaya()
2023-04-06_22:59:21 INFO [ Battle Maya ] SetState_Notify_1()
2023-04-06_22:59:21 INFO [ Battle Maya ] Failed. No users at state 2
2023-04-06_22:59:21 INFO [ Battle Maya ] SetState_End()
2023-04-06_22:59:23 INFO [ Battle Maya ] SetState_EndCycle()
2023-04-06_22:59:23 INFO [ Battle Maya ] SetState_None()
2023-04-06_22:59:23 INFO SetState_End()
2023-04-06_22:59:23 INFO SetState_None()
2023-04-06_22:59:23 INFO [ Battle StandBy ] SetState_Start()
2023-04-06_22:59:23 INFO SetState_BattleStandBy()
2023-04-06_23:00:22 INFO [ Battle StandBy ] SetState_Notify()
2023-04-06_23:01:21 INFO [ Battle StandBy ] SetState_End()
2023-04-06_23:01:21 INFO [ Battle StandBy ] SetState_None()
2023-04-06_23:01:21 INFO [ Battle Maya ] SetState_StandBy_1()
2023-04-06_23:01:21 INFO SetState_BattleOfMaya()
2023-04-06_23:03:20 INFO [ Battle Maya ] SetState_Notify_1()
2023-04-06_23:03:20 INFO [ Battle Maya ] Failed. No users at state 2
2023-04-06_23:03:20 INFO [ Battle Maya ] SetState_End()
2023-04-06_23:03:23 INFO [ Battle Maya ] SetState_EndCycle()
2023-04-06_23:03:23 INFO [ Battle Maya ] SetState_None()
2023-04-06_23:03:23 INFO SetState_End()
2023-04-06_23:03:23 INFO SetState_None()
2023-04-06_23:03:23 INFO [ Battle StandBy ] SetState_Start()
2023-04-06_23:03:23 INFO SetState_BattleStandBy()
2023-04-06_23:04:22 INFO [ Battle StandBy ] SetState_Notify()
2023-04-06_23:05:21 INFO [ Battle StandBy ] SetState_End()
2023-04-06_23:05:21 INFO [ Battle StandBy ] SetState_None()
2023-04-06_23:05:21 INFO [ Battle Maya ] SetState_StandBy_1()
2023-04-06_23:05:21 INFO SetState_BattleOfMaya()
2023-04-06_23:07:20 INFO [ Battle Maya ] SetState_Notify_1()
2023-04-06_23:07:20 INFO [ Battle Maya ] Failed. No users at state 2
2023-04-06_23:07:20 INFO [ Battle Maya ] SetState_End()
2023-04-06_23:07:22 INFO [ Battle Maya ] SetState_EndCycle()
2023-04-06_23:07:22 INFO [ Battle Maya ] SetState_None()
2023-04-06_23:07:22 INFO SetState_End()
2023-04-06_23:07:22 INFO SetState_None()
2023-04-06_23:07:22 INFO [ Battle StandBy ] SetState_Start()
2023-04-06_23:07:22 INFO SetState_BattleStandBy()
2023-04-06_23:08:21 INFO [ Battle StandBy ] SetState_Notify()
2023-04-06_23:09:20 INFO [ Battle StandBy ] SetState_End()
2023-04-06_23:09:20 INFO [ Battle StandBy ] SetState_None()
2023-04-06_23:09:20 INFO [ Battle Maya ] SetState_StandBy_1()
2023-04-06_23:09:20 INFO SetState_BattleOfMaya()
2023-04-06_23:11:19 INFO [ Battle Maya ] SetState_Notify_1()
2023-04-06_23:11:19 INFO [ Battle Maya ] Failed. No users at state 2
2023-04-06_23:11:19 INFO [ Battle Maya ] SetState_End()
2023-04-06_23:11:21 INFO [ Battle Maya ] SetState_EndCycle()
2023-04-06_23:11:21 INFO [ Battle Maya ] SetState_None()
2023-04-06_23:11:21 INFO SetState_End()
2023-04-06_23:11:21 INFO SetState_None()
2023-04-06_23:11:21 INFO [ Battle StandBy ] SetState_Start()
2023-04-06_23:11:21 INFO SetState_BattleStandBy()
2023-04-06_23:12:20 INFO [ Battle StandBy ] SetState_Notify()
2023-04-06_23:13:19 INFO [ Battle StandBy ] SetState_End()
2023-04-06_23:13:19 INFO [ Battle StandBy ] SetState_None()
2023-04-06_23:13:19 INFO [ Battle Maya ] SetState_StandBy_1()
2023-04-06_23:13:19 INFO SetState_BattleOfMaya()
2023-04-06_23:15:18 INFO [ Battle Maya ] SetState_Notify_1()
2023-04-06_23:15:18 INFO [ Battle Maya ] Failed. No users at state 2
2023-04-06_23:15:18 INFO [ Battle Maya ] SetState_End()
2023-04-06_23:15:20 INFO [ Battle Maya ] SetState_EndCycle()
2023-04-06_23:15:20 INFO [ Battle Maya ] SetState_None()
2023-04-06_23:15:20 INFO SetState_End()
2023-04-06_23:15:21 INFO SetState_None()
2023-04-06_23:15:21 INFO [ Battle StandBy ] SetState_Start()
2023-04-06_23:15:21 INFO SetState_BattleStandBy()
2023-04-06_23:16:20 INFO [ Battle StandBy ] SetState_Notify()
2023-04-06_23:17:19 INFO [ Battle StandBy ] SetState_End()
2023-04-06_23:17:19 INFO [ Battle StandBy ] SetState_None()
2023-04-06_23:17:19 INFO [ Battle Maya ] SetState_StandBy_1()
2023-04-06_23:17:19 INFO SetState_BattleOfMaya()
2023-04-06_23:19:18 INFO [ Battle Maya ] SetState_Notify_1()
2023-04-06_23:19:18 INFO [ Battle Maya ] Failed. No users at state 2
2023-04-06_23:19:18 INFO [ Battle Maya ] SetState_End()
2023-04-06_23:19:20 INFO [ Battle Maya ] SetState_EndCycle()
2023-04-06_23:19:20 INFO [ Battle Maya ] SetState_None()
2023-04-06_23:19:20 INFO SetState_End()
2023-04-06_23:19:20 INFO SetState_None()
2023-04-06_23:19:20 INFO [ Battle StandBy ] SetState_Start()
2023-04-06_23:19:20 INFO SetState_BattleStandBy()
2023-04-06_23:20:19 INFO [ Battle StandBy ] SetState_Notify()
2023-04-06_23:21:18 INFO [ Battle StandBy ] SetState_End()
2023-04-06_23:21:18 INFO [ Battle StandBy ] SetState_None()
2023-04-06_23:21:18 INFO [ Battle Maya ] SetState_StandBy_1()
2023-04-06_23:21:18 INFO SetState_BattleOfMaya()
2023-04-06_23:23:17 INFO [ Battle Maya ] SetState_Notify_1()
2023-04-06_23:23:17 INFO [ Battle Maya ] Failed. No users at state 2
2023-04-06_23:23:17 INFO [ Battle Maya ] SetState_End()
2023-04-06_23:23:19 INFO [ Battle Maya ] SetState_EndCycle()
2023-04-06_23:23:19 INFO [ Battle Maya ] SetState_None()
2023-04-06_23:23:19 INFO SetState_End()
2023-04-06_23:23:19 INFO SetState_None()
2023-04-06_23:23:19 INFO [ Battle StandBy ] SetState_Start()
2023-04-06_23:23:19 INFO SetState_BattleStandBy()
2023-04-06_23:24:18 INFO [ Battle StandBy ] SetState_Notify()
2023-04-06_23:25:17 INFO [ Battle StandBy ] SetState_End()
2023-04-06_23:25:17 INFO [ Battle StandBy ] SetState_None()
2023-04-06_23:25:17 INFO [ Battle Maya ] SetState_StandBy_1()
2023-04-06_23:25:17 INFO SetState_BattleOfMaya()
2023-04-06_23:27:16 INFO [ Battle Maya ] SetState_Notify_1()
2023-04-06_23:27:16 INFO [ Battle Maya ] Failed. No users at state 2
2023-04-06_23:27:16 INFO [ Battle Maya ] SetState_End()
2023-04-06_23:27:19 INFO [ Battle Maya ] SetState_EndCycle()
2023-04-06_23:27:19 INFO [ Battle Maya ] SetState_None()
2023-04-06_23:27:19 INFO SetState_End()
2023-04-06_23:27:19 INFO SetState_None()
2023-04-06_23:27:19 INFO [ Battle StandBy ] SetState_Start()
2023-04-06_23:27:19 INFO SetState_BattleStandBy()
2023-04-06_23:28:18 INFO [ Battle StandBy ] SetState_Notify()
2023-04-06_23:29:17 INFO [ Battle StandBy ] SetState_End()
2023-04-06_23:29:17 INFO [ Battle StandBy ] SetState_None()
2023-04-06_23:29:17 INFO [ Battle Maya ] SetState_StandBy_1()
2023-04-06_23:29:17 INFO SetState_BattleOfMaya()
2023-04-06_23:31:16 INFO [ Battle Maya ] SetState_Notify_1()
2023-04-06_23:31:16 INFO [ Battle Maya ] Failed. No users at state 2
2023-04-06_23:31:16 INFO [ Battle Maya ] SetState_End()
2023-04-06_23:31:18 INFO [ Battle Maya ] SetState_EndCycle()
2023-04-06_23:31:18 INFO [ Battle Maya ] SetState_None()
2023-04-06_23:31:18 INFO SetState_End()
2023-04-06_23:31:18 INFO SetState_None()
2023-04-06_23:31:18 INFO [ Battle StandBy ] SetState_Start()
2023-04-06_23:31:18 INFO SetState_BattleStandBy()
2023-04-06_23:32:17 INFO [ Battle StandBy ] SetState_Notify()
2023-04-06_23:33:16 INFO [ Battle StandBy ] SetState_End()
2023-04-06_23:33:16 INFO [ Battle StandBy ] SetState_None()
2023-04-06_23:33:16 INFO [ Battle Maya ] SetState_StandBy_1()
2023-04-06_23:33:16 INFO SetState_BattleOfMaya()
2023-04-06_23:35:15 INFO [ Battle Maya ] SetState_Notify_1()
2023-04-06_23:35:15 INFO [ Battle Maya ] Failed. No users at state 2
2023-04-06_23:35:15 INFO [ Battle Maya ] SetState_End()
2023-04-06_23:35:17 INFO [ Battle Maya ] SetState_EndCycle()
2023-04-06_23:35:17 INFO [ Battle Maya ] SetState_None()
2023-04-06_23:35:17 INFO SetState_End()
2023-04-06_23:35:17 INFO SetState_None()
2023-04-06_23:35:17 INFO [ Battle StandBy ] SetState_Start()
2023-04-06_23:35:17 INFO SetState_BattleStandBy()
2023-04-06_23:36:16 INFO [ Battle StandBy ] SetState_Notify()
2023-04-06_23:37:15 INFO [ Battle StandBy ] SetState_End()
2023-04-06_23:37:16 INFO [ Battle StandBy ] SetState_None()
2023-04-06_23:37:16 INFO [ Battle Maya ] SetState_StandBy_1()
2023-04-06_23:37:16 INFO SetState_BattleOfMaya()
2023-04-06_23:39:15 INFO [ Battle Maya ] SetState_Notify_1()
2023-04-06_23:39:15 INFO [ Battle Maya ] Failed. No users at state 2
2023-04-06_23:39:15 INFO [ Battle Maya ] SetState_End()
2023-04-06_23:39:17 INFO [ Battle Maya ] SetState_EndCycle()
2023-04-06_23:39:17 INFO [ Battle Maya ] SetState_None()
2023-04-06_23:39:17 INFO SetState_End()
2023-04-06_23:39:17 INFO SetState_None()
2023-04-06_23:39:17 INFO [ Battle StandBy ] SetState_Start()
2023-04-06_23:39:17 INFO SetState_BattleStandBy()
2023-04-06_23:40:16 INFO [ Battle StandBy ] SetState_Notify()
2023-04-06_23:41:15 INFO [ Battle StandBy ] SetState_End()
2023-04-06_23:41:15 INFO [ Battle StandBy ] SetState_None()
2023-04-06_23:41:15 INFO [ Battle Maya ] SetState_StandBy_1()
2023-04-06_23:41:15 INFO SetState_BattleOfMaya()
2023-04-06_23:43:14 INFO [ Battle Maya ] SetState_Notify_1()
2023-04-06_23:43:14 INFO [ Battle Maya ] Failed. No users at state 2
2023-04-06_23:43:14 INFO [ Battle Maya ] SetState_End()
2023-04-06_23:43:16 INFO [ Battle Maya ] SetState_EndCycle()
2023-04-06_23:43:16 INFO [ Battle Maya ] SetState_None()
2023-04-06_23:43:16 INFO SetState_End()
2023-04-06_23:43:16 INFO SetState_None()
2023-04-06_23:43:16 INFO [ Battle StandBy ] SetState_Start()
2023-04-06_23:43:16 INFO SetState_BattleStandBy()
2023-04-06_23:44:15 INFO [ Battle StandBy ] SetState_Notify()
2023-04-06_23:45:14 INFO [ Battle StandBy ] SetState_End()
2023-04-06_23:45:14 INFO [ Battle StandBy ] SetState_None()
2023-04-06_23:45:14 INFO [ Battle Maya ] SetState_StandBy_1()
2023-04-06_23:45:14 INFO SetState_BattleOfMaya()
2023-04-06_23:47:13 INFO [ Battle Maya ] SetState_Notify_1()
2023-04-06_23:47:13 INFO [ Battle Maya ] Failed. No users at state 2
2023-04-06_23:47:13 INFO [ Battle Maya ] SetState_End()
2023-04-06_23:47:15 INFO [ Battle Maya ] SetState_EndCycle()
2023-04-06_23:47:15 INFO [ Battle Maya ] SetState_None()
2023-04-06_23:47:15 INFO SetState_End()
2023-04-06_23:47:15 INFO SetState_None()
2023-04-06_23:47:15 INFO [ Battle StandBy ] SetState_Start()
2023-04-06_23:47:15 INFO SetState_BattleStandBy()
2023-04-06_23:48:14 INFO [ Battle StandBy ] SetState_Notify()
2023-04-06_23:49:14 INFO [ Battle StandBy ] SetState_End()
2023-04-06_23:49:14 INFO [ Battle StandBy ] SetState_None()
2023-04-06_23:49:14 INFO [ Battle Maya ] SetState_StandBy_1()
2023-04-06_23:49:14 INFO SetState_BattleOfMaya()
2023-04-06_23:51:13 INFO [ Battle Maya ] SetState_Notify_1()
2023-04-06_23:51:13 INFO [ Battle Maya ] Failed. No users at state 2
2023-04-06_23:51:13 INFO [ Battle Maya ] SetState_End()
2023-04-06_23:51:15 INFO [ Battle Maya ] SetState_EndCycle()
2023-04-06_23:51:15 INFO [ Battle Maya ] SetState_None()
2023-04-06_23:51:15 INFO SetState_End()
2023-04-06_23:51:15 INFO SetState_None()
2023-04-06_23:51:15 INFO [ Battle StandBy ] SetState_Start()
2023-04-06_23:51:15 INFO SetState_BattleStandBy()
2023-04-06_23:52:14 INFO [ Battle StandBy ] SetState_Notify()
2023-04-06_23:53:13 INFO [ Battle StandBy ] SetState_End()
2023-04-06_23:53:13 INFO [ Battle StandBy ] SetState_None()
2023-04-06_23:53:13 INFO [ Battle Maya ] SetState_StandBy_1()
2023-04-06_23:53:13 INFO SetState_BattleOfMaya()
2023-04-06_23:55:12 INFO [ Battle Maya ] SetState_Notify_1()
2023-04-06_23:55:12 INFO [ Battle Maya ] Failed. No users at state 2
2023-04-06_23:55:12 INFO [ Battle Maya ] SetState_End()
2023-04-06_23:55:14 INFO [ Battle Maya ] SetState_EndCycle()
2023-04-06_23:55:14 INFO [ Battle Maya ] SetState_None()
2023-04-06_23:55:14 INFO SetState_End()
2023-04-06_23:55:14 INFO SetState_None()
2023-04-06_23:55:14 INFO [ Battle StandBy ] SetState_Start()
2023-04-06_23:55:14 INFO SetState_BattleStandBy()
2023-04-06_23:56:13 INFO [ Battle StandBy ] SetState_Notify()
2023-04-06_23:57:12 INFO [ Battle StandBy ] SetState_End()
2023-04-06_23:57:12 INFO [ Battle StandBy ] SetState_None()
2023-04-06_23:57:12 INFO [ Battle Maya ] SetState_StandBy_1()
2023-04-06_23:57:12 INFO SetState_BattleOfMaya()
2023-04-06_23:59:11 INFO [ Battle Maya ] SetState_Notify_1()
2023-04-06_23:59:11 INFO [ Battle Maya ] Failed. No users at state 2
2023-04-06_23:59:11 INFO [ Battle Maya ] SetState_End()
2023-04-06_23:59:13 INFO [ Battle Maya ] SetState_EndCycle()
2023-04-06_23:59:13 INFO [ Battle Maya ] SetState_None()
2023-04-06_23:59:13 INFO SetState_End()
2023-04-06_23:59:14 INFO SetState_None()
2023-04-06_23:59:14 INFO [ Battle StandBy ] SetState_Start()
2023-04-06_23:59:14 INFO SetState_BattleStandBy()
