2023-03-26_10:31:28 INFO [ Battle StandBy ] SetState_Start()
2023-03-26_10:31:28 INFO SetState_BattleStandBy()
2023-03-26_10:32:27 INFO [ Battle StandBy ] SetState_Notify()
2023-03-26_10:33:26 INFO [ Battle StandBy ] SetState_End()
2023-03-26_10:33:26 INFO [ Battle StandBy ] SetState_None()
2023-03-26_10:33:26 INFO [ Battle Maya ] SetState_StandBy_1()
2023-03-26_10:33:26 INFO SetState_BattleOfMaya()
2023-03-26_10:35:25 INFO [ Battle Maya ] SetState_Notify_1()
2023-03-26_10:35:25 INFO [ Battle Maya ] Failed. No users at state 2
2023-03-26_10:35:25 INFO [ Battle Maya ] SetState_End()
2023-03-26_10:35:27 INFO [ Battle Maya ] SetState_EndCycle()
2023-03-26_10:35:27 INFO [ Battle Maya ] SetState_None()
2023-03-26_10:35:27 INFO SetState_End()
2023-03-26_10:35:27 INFO SetState_None()
2023-03-26_10:35:27 INFO [ Battle StandBy ] SetState_Start()
2023-03-26_10:35:27 INFO SetState_BattleStandBy()
2023-03-26_10:36:26 INFO [ Battle StandBy ] SetState_Notify()
2023-03-26_10:37:25 INFO [ Battle StandBy ] SetState_End()
2023-03-26_10:37:26 INFO [ Battle StandBy ] SetState_None()
2023-03-26_10:37:26 INFO [ Battle Maya ] SetState_StandBy_1()
2023-03-26_10:37:26 INFO SetState_BattleOfMaya()
2023-03-26_10:39:25 INFO [ Battle Maya ] SetState_Notify_1()
2023-03-26_10:39:25 INFO [ Battle Maya ] Failed. No users at state 2
2023-03-26_10:39:25 INFO [ Battle Maya ] SetState_End()
2023-03-26_10:39:27 INFO [ Battle Maya ] SetState_EndCycle()
2023-03-26_10:39:27 INFO [ Battle Maya ] SetState_None()
2023-03-26_10:39:27 INFO SetState_End()
2023-03-26_10:39:27 INFO SetState_None()
2023-03-26_10:39:27 INFO [ Battle StandBy ] SetState_Start()
2023-03-26_10:39:27 INFO SetState_BattleStandBy()
2023-03-26_10:40:26 INFO [ Battle StandBy ] SetState_Notify()
2023-03-26_10:41:25 INFO [ Battle StandBy ] SetState_End()
2023-03-26_10:41:25 INFO [ Battle StandBy ] SetState_None()
2023-03-26_10:41:25 INFO [ Battle Maya ] SetState_StandBy_1()
2023-03-26_10:41:25 INFO SetState_BattleOfMaya()
2023-03-26_10:43:24 INFO [ Battle Maya ] SetState_Notify_1()
2023-03-26_10:43:24 INFO [ Battle Maya ] Failed. No users at state 2
2023-03-26_10:43:24 INFO [ Battle Maya ] SetState_End()
2023-03-26_10:43:26 INFO [ Battle Maya ] SetState_EndCycle()
2023-03-26_10:43:26 INFO [ Battle Maya ] SetState_None()
2023-03-26_10:43:26 INFO SetState_End()
2023-03-26_10:43:26 INFO SetState_None()
2023-03-26_10:43:26 INFO [ Battle StandBy ] SetState_Start()
2023-03-26_10:43:26 INFO SetState_BattleStandBy()
2023-03-26_10:44:25 INFO [ Battle StandBy ] SetState_Notify()
2023-03-26_10:45:24 INFO [ Battle StandBy ] SetState_End()
2023-03-26_10:45:24 INFO [ Battle StandBy ] SetState_None()
2023-03-26_10:45:24 INFO [ Battle Maya ] SetState_StandBy_1()
2023-03-26_10:45:24 INFO SetState_BattleOfMaya()
2023-03-26_10:47:23 INFO [ Battle Maya ] SetState_Notify_1()
2023-03-26_10:47:23 INFO [ Battle Maya ] Failed. No users at state 2
2023-03-26_10:47:23 INFO [ Battle Maya ] SetState_End()
2023-03-26_10:47:25 INFO [ Battle Maya ] SetState_EndCycle()
2023-03-26_10:47:25 INFO [ Battle Maya ] SetState_None()
2023-03-26_10:47:25 INFO SetState_End()
2023-03-26_10:47:25 INFO SetState_None()
2023-03-26_10:47:25 INFO [ Battle StandBy ] SetState_Start()
2023-03-26_10:47:25 INFO SetState_BattleStandBy()
2023-03-26_10:48:24 INFO [ Battle StandBy ] SetState_Notify()
2023-03-26_10:49:23 INFO [ Battle StandBy ] SetState_End()
2023-03-26_10:49:24 INFO [ Battle StandBy ] SetState_None()
2023-03-26_10:49:24 INFO [ Battle Maya ] SetState_StandBy_1()
2023-03-26_10:49:24 INFO SetState_BattleOfMaya()
2023-03-26_10:51:23 INFO [ Battle Maya ] SetState_Notify_1()
2023-03-26_10:51:23 INFO [ Battle Maya ] Failed. No users at state 2
2023-03-26_10:51:23 INFO [ Battle Maya ] SetState_End()
2023-03-26_10:51:25 INFO [ Battle Maya ] SetState_EndCycle()
2023-03-26_10:51:25 INFO [ Battle Maya ] SetState_None()
2023-03-26_10:51:25 INFO SetState_End()
2023-03-26_10:51:25 INFO SetState_None()
2023-03-26_10:51:25 INFO [ Battle StandBy ] SetState_Start()
2023-03-26_10:51:25 INFO SetState_BattleStandBy()
2023-03-26_10:52:24 INFO [ Battle StandBy ] SetState_Notify()
2023-03-26_10:53:23 INFO [ Battle StandBy ] SetState_End()
2023-03-26_10:53:23 INFO [ Battle StandBy ] SetState_None()
2023-03-26_10:53:23 INFO [ Battle Maya ] SetState_StandBy_1()
2023-03-26_10:53:23 INFO SetState_BattleOfMaya()
2023-03-26_10:55:22 INFO [ Battle Maya ] SetState_Notify_1()
2023-03-26_10:55:22 INFO [ Battle Maya ] Failed. No users at state 2
2023-03-26_10:55:22 INFO [ Battle Maya ] SetState_End()
2023-03-26_10:55:24 INFO [ Battle Maya ] SetState_EndCycle()
2023-03-26_10:55:24 INFO [ Battle Maya ] SetState_None()
2023-03-26_10:55:24 INFO SetState_End()
2023-03-26_10:55:24 INFO SetState_None()
2023-03-26_10:55:24 INFO [ Battle StandBy ] SetState_Start()
2023-03-26_10:55:24 INFO SetState_BattleStandBy()
2023-03-26_10:56:23 INFO [ Battle StandBy ] SetState_Notify()
2023-03-26_10:57:22 INFO [ Battle StandBy ] SetState_End()
2023-03-26_10:57:22 INFO [ Battle StandBy ] SetState_None()
2023-03-26_10:57:22 INFO [ Battle Maya ] SetState_StandBy_1()
2023-03-26_10:57:22 INFO SetState_BattleOfMaya()
2023-03-26_10:59:21 INFO [ Battle Maya ] SetState_Notify_1()
2023-03-26_10:59:21 INFO [ Battle Maya ] Failed. No users at state 2
2023-03-26_10:59:21 INFO [ Battle Maya ] SetState_End()
2023-03-26_10:59:23 INFO [ Battle Maya ] SetState_EndCycle()
2023-03-26_10:59:23 INFO [ Battle Maya ] SetState_None()
2023-03-26_10:59:23 INFO SetState_End()
2023-03-26_10:59:23 INFO SetState_None()
2023-03-26_10:59:23 INFO [ Battle StandBy ] SetState_Start()
2023-03-26_10:59:23 INFO SetState_BattleStandBy()
2023-03-26_11:00:23 INFO [ Battle StandBy ] SetState_Notify()
2023-03-26_11:01:22 INFO [ Battle StandBy ] SetState_End()
2023-03-26_11:01:22 INFO [ Battle StandBy ] SetState_None()
2023-03-26_11:01:22 INFO [ Battle Maya ] SetState_StandBy_1()
2023-03-26_11:01:22 INFO SetState_BattleOfMaya()
2023-03-26_11:03:21 INFO [ Battle Maya ] SetState_Notify_1()
2023-03-26_11:03:21 INFO [ Battle Maya ] Failed. No users at state 2
2023-03-26_11:03:21 INFO [ Battle Maya ] SetState_End()
2023-03-26_11:03:23 INFO [ Battle Maya ] SetState_EndCycle()
2023-03-26_11:03:23 INFO [ Battle Maya ] SetState_None()
2023-03-26_11:03:23 INFO SetState_End()
2023-03-26_11:03:23 INFO SetState_None()
2023-03-26_11:03:23 INFO [ Battle StandBy ] SetState_Start()
2023-03-26_11:03:23 INFO SetState_BattleStandBy()
2023-03-26_11:04:22 INFO [ Battle StandBy ] SetState_Notify()
2023-03-26_11:05:21 INFO [ Battle StandBy ] SetState_End()
2023-03-26_11:05:21 INFO [ Battle StandBy ] SetState_None()
2023-03-26_11:05:21 INFO [ Battle Maya ] SetState_StandBy_1()
2023-03-26_11:05:21 INFO SetState_BattleOfMaya()
2023-03-26_11:07:20 INFO [ Battle Maya ] SetState_Notify_1()
2023-03-26_11:07:20 INFO [ Battle Maya ] Failed. No users at state 2
2023-03-26_11:07:20 INFO [ Battle Maya ] SetState_End()
2023-03-26_11:07:22 INFO [ Battle Maya ] SetState_EndCycle()
2023-03-26_11:07:22 INFO [ Battle Maya ] SetState_None()
2023-03-26_11:07:22 INFO SetState_End()
2023-03-26_11:07:22 INFO SetState_None()
2023-03-26_11:07:22 INFO [ Battle StandBy ] SetState_Start()
2023-03-26_11:07:22 INFO SetState_BattleStandBy()
2023-03-26_11:08:21 INFO [ Battle StandBy ] SetState_Notify()
2023-03-26_11:09:20 INFO [ Battle StandBy ] SetState_End()
2023-03-26_11:09:20 INFO [ Battle StandBy ] SetState_None()
2023-03-26_11:09:20 INFO [ Battle Maya ] SetState_StandBy_1()
2023-03-26_11:09:20 INFO SetState_BattleOfMaya()
2023-03-26_11:11:19 INFO [ Battle Maya ] SetState_Notify_1()
2023-03-26_11:11:19 INFO [ Battle Maya ] Failed. No users at state 2
2023-03-26_11:11:19 INFO [ Battle Maya ] SetState_End()
2023-03-26_11:11:21 INFO [ Battle Maya ] SetState_EndCycle()
2023-03-26_11:11:22 INFO [ Battle Maya ] SetState_None()
2023-03-26_11:11:22 INFO SetState_End()
2023-03-26_11:11:22 INFO SetState_None()
2023-03-26_11:11:22 INFO [ Battle StandBy ] SetState_Start()
2023-03-26_11:11:22 INFO SetState_BattleStandBy()
2023-03-26_11:12:21 INFO [ Battle StandBy ] SetState_Notify()
2023-03-26_11:13:20 INFO [ Battle StandBy ] SetState_End()
2023-03-26_11:13:20 INFO [ Battle StandBy ] SetState_None()
2023-03-26_11:13:20 INFO [ Battle Maya ] SetState_StandBy_1()
2023-03-26_11:13:20 INFO SetState_BattleOfMaya()
2023-03-26_11:15:19 INFO [ Battle Maya ] SetState_Notify_1()
2023-03-26_11:15:19 INFO [ Battle Maya ] Failed. No users at state 2
2023-03-26_11:15:19 INFO [ Battle Maya ] SetState_End()
2023-03-26_11:15:21 INFO [ Battle Maya ] SetState_EndCycle()
2023-03-26_11:15:21 INFO [ Battle Maya ] SetState_None()
2023-03-26_11:15:21 INFO SetState_End()
2023-03-26_11:15:21 INFO SetState_None()
2023-03-26_11:15:21 INFO [ Battle StandBy ] SetState_Start()
2023-03-26_11:15:21 INFO SetState_BattleStandBy()
2023-03-26_11:16:20 INFO [ Battle StandBy ] SetState_Notify()
2023-03-26_11:17:19 INFO [ Battle StandBy ] SetState_End()
2023-03-26_11:17:19 INFO [ Battle StandBy ] SetState_None()
2023-03-26_11:17:19 INFO [ Battle Maya ] SetState_StandBy_1()
2023-03-26_11:17:19 INFO SetState_BattleOfMaya()
2023-03-26_11:19:18 INFO [ Battle Maya ] SetState_Notify_1()
2023-03-26_11:19:18 INFO [ Battle Maya ] Failed. No users at state 2
2023-03-26_11:19:18 INFO [ Battle Maya ] SetState_End()
2023-03-26_11:19:20 INFO [ Battle Maya ] SetState_EndCycle()
2023-03-26_11:19:20 INFO [ Battle Maya ] SetState_None()
2023-03-26_11:19:20 INFO SetState_End()
2023-03-26_11:19:20 INFO SetState_None()
2023-03-26_11:19:20 INFO [ Battle StandBy ] SetState_Start()
2023-03-26_11:19:20 INFO SetState_BattleStandBy()
2023-03-26_11:20:19 INFO [ Battle StandBy ] SetState_Notify()
2023-03-26_11:21:18 INFO [ Battle StandBy ] SetState_End()
2023-03-26_11:21:18 INFO [ Battle StandBy ] SetState_None()
2023-03-26_11:21:18 INFO [ Battle Maya ] SetState_StandBy_1()
2023-03-26_11:21:18 INFO SetState_BattleOfMaya()
2023-03-26_11:23:17 INFO [ Battle Maya ] SetState_Notify_1()
2023-03-26_11:23:17 INFO [ Battle Maya ] Failed. No users at state 2
2023-03-26_11:23:17 INFO [ Battle Maya ] SetState_End()
2023-03-26_11:23:19 INFO [ Battle Maya ] SetState_EndCycle()
2023-03-26_11:23:20 INFO [ Battle Maya ] SetState_None()
2023-03-26_11:23:20 INFO SetState_End()
2023-03-26_11:23:20 INFO SetState_None()
2023-03-26_11:23:20 INFO [ Battle StandBy ] SetState_Start()
2023-03-26_11:23:20 INFO SetState_BattleStandBy()
2023-03-26_11:24:19 INFO [ Battle StandBy ] SetState_Notify()
2023-03-26_11:25:18 INFO [ Battle StandBy ] SetState_End()
2023-03-26_11:25:18 INFO [ Battle StandBy ] SetState_None()
2023-03-26_11:25:18 INFO [ Battle Maya ] SetState_StandBy_1()
2023-03-26_11:25:18 INFO SetState_BattleOfMaya()
2023-03-26_11:27:17 INFO [ Battle Maya ] SetState_Notify_1()
2023-03-26_11:27:17 INFO [ Battle Maya ] Failed. No users at state 2
2023-03-26_11:27:17 INFO [ Battle Maya ] SetState_End()
2023-03-26_11:27:19 INFO [ Battle Maya ] SetState_EndCycle()
2023-03-26_11:27:19 INFO [ Battle Maya ] SetState_None()
2023-03-26_11:27:19 INFO SetState_End()
2023-03-26_11:27:19 INFO SetState_None()
2023-03-26_11:27:19 INFO [ Battle StandBy ] SetState_Start()
2023-03-26_11:27:19 INFO SetState_BattleStandBy()
2023-03-26_11:28:18 INFO [ Battle StandBy ] SetState_Notify()
2023-03-26_11:29:17 INFO [ Battle StandBy ] SetState_End()
2023-03-26_11:29:17 INFO [ Battle StandBy ] SetState_None()
2023-03-26_11:29:17 INFO [ Battle Maya ] SetState_StandBy_1()
2023-03-26_11:29:17 INFO SetState_BattleOfMaya()
2023-03-26_11:31:16 INFO [ Battle Maya ] SetState_Notify_1()
2023-03-26_11:31:16 INFO [ Battle Maya ] Failed. No users at state 2
2023-03-26_11:31:16 INFO [ Battle Maya ] SetState_End()
2023-03-26_11:31:18 INFO [ Battle Maya ] SetState_EndCycle()
2023-03-26_11:31:18 INFO [ Battle Maya ] SetState_None()
2023-03-26_11:31:18 INFO SetState_End()
2023-03-26_11:31:18 INFO SetState_None()
2023-03-26_11:31:18 INFO [ Battle StandBy ] SetState_Start()
2023-03-26_11:31:18 INFO SetState_BattleStandBy()
2023-03-26_11:32:17 INFO [ Battle StandBy ] SetState_Notify()
2023-03-26_11:33:16 INFO [ Battle StandBy ] SetState_End()
2023-03-26_11:33:16 INFO [ Battle StandBy ] SetState_None()
2023-03-26_11:33:16 INFO [ Battle Maya ] SetState_StandBy_1()
2023-03-26_11:33:16 INFO SetState_BattleOfMaya()
2023-03-26_11:35:16 INFO [ Battle Maya ] SetState_Notify_1()
2023-03-26_11:35:16 INFO [ Battle Maya ] Failed. No users at state 2
2023-03-26_11:35:16 INFO [ Battle Maya ] SetState_End()
2023-03-26_11:35:18 INFO [ Battle Maya ] SetState_EndCycle()
2023-03-26_11:35:18 INFO [ Battle Maya ] SetState_None()
2023-03-26_11:35:18 INFO SetState_End()
2023-03-26_11:35:18 INFO SetState_None()
2023-03-26_11:35:18 INFO [ Battle StandBy ] SetState_Start()
2023-03-26_11:35:18 INFO SetState_BattleStandBy()
2023-03-26_11:36:17 INFO [ Battle StandBy ] SetState_Notify()
2023-03-26_11:37:16 INFO [ Battle StandBy ] SetState_End()
2023-03-26_11:37:16 INFO [ Battle StandBy ] SetState_None()
2023-03-26_11:37:16 INFO [ Battle Maya ] SetState_StandBy_1()
2023-03-26_11:37:16 INFO SetState_BattleOfMaya()
2023-03-26_11:39:15 INFO [ Battle Maya ] SetState_Notify_1()
2023-03-26_11:39:15 INFO [ Battle Maya ] Failed. No users at state 2
2023-03-26_11:39:15 INFO [ Battle Maya ] SetState_End()
2023-03-26_11:39:17 INFO [ Battle Maya ] SetState_EndCycle()
2023-03-26_11:39:17 INFO [ Battle Maya ] SetState_None()
2023-03-26_11:39:17 INFO SetState_End()
2023-03-26_11:39:17 INFO SetState_None()
2023-03-26_11:39:17 INFO [ Battle StandBy ] SetState_Start()
2023-03-26_11:39:17 INFO SetState_BattleStandBy()
2023-03-26_11:40:16 INFO [ Battle StandBy ] SetState_Notify()
2023-03-26_11:41:15 INFO [ Battle StandBy ] SetState_End()
2023-03-26_11:41:15 INFO [ Battle StandBy ] SetState_None()
2023-03-26_11:41:15 INFO [ Battle Maya ] SetState_StandBy_1()
2023-03-26_11:41:15 INFO SetState_BattleOfMaya()
2023-03-26_11:43:14 INFO [ Battle Maya ] SetState_Notify_1()
2023-03-26_11:43:14 INFO [ Battle Maya ] Failed. No users at state 2
2023-03-26_11:43:14 INFO [ Battle Maya ] SetState_End()
2023-03-26_11:43:16 INFO [ Battle Maya ] SetState_EndCycle()
2023-03-26_11:43:16 INFO [ Battle Maya ] SetState_None()
2023-03-26_11:43:16 INFO SetState_End()
2023-03-26_11:43:16 INFO SetState_None()
2023-03-26_11:43:16 INFO [ Battle StandBy ] SetState_Start()
2023-03-26_11:43:16 INFO SetState_BattleStandBy()
2023-03-26_11:44:15 INFO [ Battle StandBy ] SetState_Notify()
2023-03-26_11:45:14 INFO [ Battle StandBy ] SetState_End()
2023-03-26_11:45:15 INFO [ Battle StandBy ] SetState_None()
2023-03-26_11:45:15 INFO [ Battle Maya ] SetState_StandBy_1()
2023-03-26_11:45:15 INFO SetState_BattleOfMaya()
2023-03-26_11:47:14 INFO [ Battle Maya ] SetState_Notify_1()
2023-03-26_11:47:14 INFO [ Battle Maya ] Failed. No users at state 2
2023-03-26_11:47:14 INFO [ Battle Maya ] SetState_End()
2023-03-26_11:47:16 INFO [ Battle Maya ] SetState_EndCycle()
2023-03-26_11:47:16 INFO [ Battle Maya ] SetState_None()
2023-03-26_11:47:16 INFO SetState_End()
2023-03-26_11:47:16 INFO SetState_None()
2023-03-26_11:47:16 INFO [ Battle StandBy ] SetState_Start()
2023-03-26_11:47:16 INFO SetState_BattleStandBy()
2023-03-26_11:48:15 INFO [ Battle StandBy ] SetState_Notify()
2023-03-26_11:49:14 INFO [ Battle StandBy ] SetState_End()
2023-03-26_11:49:14 INFO [ Battle StandBy ] SetState_None()
2023-03-26_11:49:14 INFO [ Battle Maya ] SetState_StandBy_1()
2023-03-26_11:49:14 INFO SetState_BattleOfMaya()
2023-03-26_11:51:13 INFO [ Battle Maya ] SetState_Notify_1()
2023-03-26_11:51:13 INFO [ Battle Maya ] Failed. No users at state 2
2023-03-26_11:51:13 INFO [ Battle Maya ] SetState_End()
2023-03-26_11:51:15 INFO [ Battle Maya ] SetState_EndCycle()
2023-03-26_11:51:15 INFO [ Battle Maya ] SetState_None()
2023-03-26_11:51:15 INFO SetState_End()
2023-03-26_11:51:15 INFO SetState_None()
2023-03-26_11:51:15 INFO [ Battle StandBy ] SetState_Start()
2023-03-26_11:51:15 INFO SetState_BattleStandBy()
2023-03-26_11:52:14 INFO [ Battle StandBy ] SetState_Notify()
2023-03-26_11:53:13 INFO [ Battle StandBy ] SetState_End()
2023-03-26_11:53:13 INFO [ Battle StandBy ] SetState_None()
2023-03-26_11:53:13 INFO [ Battle Maya ] SetState_StandBy_1()
2023-03-26_11:53:13 INFO SetState_BattleOfMaya()
2023-03-26_11:55:12 INFO [ Battle Maya ] SetState_Notify_1()
2023-03-26_11:55:12 INFO [ Battle Maya ] Failed. No users at state 2
2023-03-26_11:55:12 INFO [ Battle Maya ] SetState_End()
2023-03-26_11:55:14 INFO [ Battle Maya ] SetState_EndCycle()
2023-03-26_11:55:14 INFO [ Battle Maya ] SetState_None()
2023-03-26_11:55:14 INFO SetState_End()
2023-03-26_11:55:15 INFO SetState_None()
2023-03-26_11:55:15 INFO [ Battle StandBy ] SetState_Start()
2023-03-26_11:55:15 INFO SetState_BattleStandBy()
2023-03-26_11:56:14 INFO [ Battle StandBy ] SetState_Notify()
2023-03-26_11:57:13 INFO [ Battle StandBy ] SetState_End()
2023-03-26_11:57:13 INFO [ Battle StandBy ] SetState_None()
2023-03-26_11:57:13 INFO [ Battle Maya ] SetState_StandBy_1()
2023-03-26_11:57:13 INFO SetState_BattleOfMaya()
2023-03-26_11:59:12 INFO [ Battle Maya ] SetState_Notify_1()
2023-03-26_11:59:12 INFO [ Battle Maya ] Failed. No users at state 2
2023-03-26_11:59:12 INFO [ Battle Maya ] SetState_End()
2023-03-26_11:59:14 INFO [ Battle Maya ] SetState_EndCycle()
2023-03-26_11:59:14 INFO [ Battle Maya ] SetState_None()
2023-03-26_11:59:14 INFO SetState_End()
2023-03-26_11:59:14 INFO SetState_None()
2023-03-26_11:59:14 INFO [ Battle StandBy ] SetState_Start()
2023-03-26_11:59:14 INFO SetState_BattleStandBy()
2023-03-26_12:00:13 INFO [ Battle StandBy ] SetState_Notify()
2023-03-26_12:01:12 INFO [ Battle StandBy ] SetState_End()
2023-03-26_12:01:12 INFO [ Battle StandBy ] SetState_None()
2023-03-26_12:01:12 INFO [ Battle Maya ] SetState_StandBy_1()
2023-03-26_12:01:12 INFO SetState_BattleOfMaya()
2023-03-26_12:03:11 INFO [ Battle Maya ] SetState_Notify_1()
2023-03-26_12:03:11 INFO [ Battle Maya ] Failed. No users at state 2
2023-03-26_12:03:11 INFO [ Battle Maya ] SetState_End()
2023-03-26_12:03:13 INFO [ Battle Maya ] SetState_EndCycle()
2023-03-26_12:03:13 INFO [ Battle Maya ] SetState_None()
2023-03-26_12:03:13 INFO SetState_End()
2023-03-26_12:03:13 INFO SetState_None()
2023-03-26_12:03:13 INFO [ Battle StandBy ] SetState_Start()
2023-03-26_12:03:13 INFO SetState_BattleStandBy()
2023-03-26_12:04:12 INFO [ Battle StandBy ] SetState_Notify()
2023-03-26_12:05:11 INFO [ Battle StandBy ] SetState_End()
2023-03-26_12:05:11 INFO [ Battle StandBy ] SetState_None()
2023-03-26_12:05:11 INFO [ Battle Maya ] SetState_StandBy_1()
2023-03-26_12:05:11 INFO SetState_BattleOfMaya()
2023-03-26_12:07:10 INFO [ Battle Maya ] SetState_Notify_1()
2023-03-26_12:07:10 INFO [ Battle Maya ] Failed. No users at state 2
2023-03-26_12:07:10 INFO [ Battle Maya ] SetState_End()
2023-03-26_12:07:12 INFO [ Battle Maya ] SetState_EndCycle()
2023-03-26_12:07:13 INFO [ Battle Maya ] SetState_None()
2023-03-26_12:07:13 INFO SetState_End()
2023-03-26_12:07:13 INFO SetState_None()
2023-03-26_12:07:13 INFO [ Battle StandBy ] SetState_Start()
2023-03-26_12:07:13 INFO SetState_BattleStandBy()
2023-03-26_12:08:12 INFO [ Battle StandBy ] SetState_Notify()
2023-03-26_12:09:11 INFO [ Battle StandBy ] SetState_End()
2023-03-26_12:09:11 INFO [ Battle StandBy ] SetState_None()
2023-03-26_12:09:11 INFO [ Battle Maya ] SetState_StandBy_1()
2023-03-26_12:09:11 INFO SetState_BattleOfMaya()
2023-03-26_12:11:10 INFO [ Battle Maya ] SetState_Notify_1()
2023-03-26_12:11:10 INFO [ Battle Maya ] Failed. No users at state 2
2023-03-26_12:11:10 INFO [ Battle Maya ] SetState_End()
2023-03-26_12:11:12 INFO [ Battle Maya ] SetState_EndCycle()
2023-03-26_12:11:12 INFO [ Battle Maya ] SetState_None()
2023-03-26_12:11:12 INFO SetState_End()
2023-03-26_12:11:12 INFO SetState_None()
2023-03-26_12:11:12 INFO [ Battle StandBy ] SetState_Start()
2023-03-26_12:11:12 INFO SetState_BattleStandBy()
2023-03-26_12:12:11 INFO [ Battle StandBy ] SetState_Notify()
2023-03-26_12:13:10 INFO [ Battle StandBy ] SetState_End()
2023-03-26_12:13:10 INFO [ Battle StandBy ] SetState_None()
2023-03-26_12:13:10 INFO [ Battle Maya ] SetState_StandBy_1()
2023-03-26_12:13:10 INFO SetState_BattleOfMaya()
2023-03-26_12:15:09 INFO [ Battle Maya ] SetState_Notify_1()
2023-03-26_12:15:09 INFO [ Battle Maya ] Failed. No users at state 2
2023-03-26_12:15:09 INFO [ Battle Maya ] SetState_End()
2023-03-26_12:15:11 INFO [ Battle Maya ] SetState_EndCycle()
2023-03-26_12:15:11 INFO [ Battle Maya ] SetState_None()
2023-03-26_12:15:11 INFO SetState_End()
2023-03-26_12:15:11 INFO SetState_None()
2023-03-26_12:15:11 INFO [ Battle StandBy ] SetState_Start()
2023-03-26_12:15:11 INFO SetState_BattleStandBy()
2023-03-26_12:16:10 INFO [ Battle StandBy ] SetState_Notify()
2023-03-26_12:17:09 INFO [ Battle StandBy ] SetState_End()
2023-03-26_12:17:10 INFO [ Battle StandBy ] SetState_None()
2023-03-26_12:17:10 INFO [ Battle Maya ] SetState_StandBy_1()
2023-03-26_12:17:10 INFO SetState_BattleOfMaya()
2023-03-26_12:19:09 INFO [ Battle Maya ] SetState_Notify_1()
2023-03-26_12:19:09 INFO [ Battle Maya ] Failed. No users at state 2
2023-03-26_12:19:09 INFO [ Battle Maya ] SetState_End()
2023-03-26_12:19:11 INFO [ Battle Maya ] SetState_EndCycle()
2023-03-26_12:19:11 INFO [ Battle Maya ] SetState_None()
2023-03-26_12:19:11 INFO SetState_End()
2023-03-26_12:19:11 INFO SetState_None()
2023-03-26_12:19:11 INFO [ Battle StandBy ] SetState_Start()
2023-03-26_12:19:11 INFO SetState_BattleStandBy()
2023-03-26_12:20:10 INFO [ Battle StandBy ] SetState_Notify()
2023-03-26_12:21:09 INFO [ Battle StandBy ] SetState_End()
2023-03-26_12:21:09 INFO [ Battle StandBy ] SetState_None()
2023-03-26_12:21:09 INFO [ Battle Maya ] SetState_StandBy_1()
2023-03-26_12:21:09 INFO SetState_BattleOfMaya()
2023-03-26_12:23:08 INFO [ Battle Maya ] SetState_Notify_1()
2023-03-26_12:23:08 INFO [ Battle Maya ] Failed. No users at state 2
2023-03-26_12:23:08 INFO [ Battle Maya ] SetState_End()
2023-03-26_12:23:10 INFO [ Battle Maya ] SetState_EndCycle()
2023-03-26_12:23:10 INFO [ Battle Maya ] SetState_None()
2023-03-26_12:23:10 INFO SetState_End()
2023-03-26_12:23:10 INFO SetState_None()
2023-03-26_12:23:10 INFO [ Battle StandBy ] SetState_Start()
2023-03-26_12:23:10 INFO SetState_BattleStandBy()
2023-03-26_12:24:09 INFO [ Battle StandBy ] SetState_Notify()
2023-03-26_12:25:08 INFO [ Battle StandBy ] SetState_End()
2023-03-26_12:25:08 INFO [ Battle StandBy ] SetState_None()
2023-03-26_12:25:08 INFO [ Battle Maya ] SetState_StandBy_1()
2023-03-26_12:25:08 INFO SetState_BattleOfMaya()
2023-03-26_12:27:07 INFO [ Battle Maya ] SetState_Notify_1()
2023-03-26_12:27:07 INFO [ Battle Maya ] Failed. No users at state 2
2023-03-26_12:27:07 INFO [ Battle Maya ] SetState_End()
2023-03-26_12:27:09 INFO [ Battle Maya ] SetState_EndCycle()
2023-03-26_12:27:09 INFO [ Battle Maya ] SetState_None()
2023-03-26_12:27:09 INFO SetState_End()
2023-03-26_12:27:10 INFO SetState_None()
2023-03-26_12:27:10 INFO [ Battle StandBy ] SetState_Start()
2023-03-26_12:27:10 INFO SetState_BattleStandBy()
2023-03-26_12:28:09 INFO [ Battle StandBy ] SetState_Notify()
2023-03-26_12:29:08 INFO [ Battle StandBy ] SetState_End()
2023-03-26_12:29:08 INFO [ Battle StandBy ] SetState_None()
2023-03-26_12:29:08 INFO [ Battle Maya ] SetState_StandBy_1()
2023-03-26_12:29:08 INFO SetState_BattleOfMaya()
2023-03-26_12:31:07 INFO [ Battle Maya ] SetState_Notify_1()
2023-03-26_12:31:07 INFO [ Battle Maya ] Failed. No users at state 2
2023-03-26_12:31:07 INFO [ Battle Maya ] SetState_End()
2023-03-26_12:31:09 INFO [ Battle Maya ] SetState_EndCycle()
2023-03-26_12:31:09 INFO [ Battle Maya ] SetState_None()
2023-03-26_12:31:09 INFO SetState_End()
2023-03-26_12:31:09 INFO SetState_None()
2023-03-26_12:31:09 INFO [ Battle StandBy ] SetState_Start()
2023-03-26_12:31:09 INFO SetState_BattleStandBy()
2023-03-26_12:32:08 INFO [ Battle StandBy ] SetState_Notify()
2023-03-26_12:33:07 INFO [ Battle StandBy ] SetState_End()
2023-03-26_12:33:07 INFO [ Battle StandBy ] SetState_None()
2023-03-26_12:33:07 INFO [ Battle Maya ] SetState_StandBy_1()
2023-03-26_12:33:07 INFO SetState_BattleOfMaya()
2023-03-26_12:35:06 INFO [ Battle Maya ] SetState_Notify_1()
2023-03-26_12:35:06 INFO [ Battle Maya ] Failed. No users at state 2
2023-03-26_12:35:06 INFO [ Battle Maya ] SetState_End()
2023-03-26_12:35:08 INFO [ Battle Maya ] SetState_EndCycle()
2023-03-26_12:35:08 INFO [ Battle Maya ] SetState_None()
2023-03-26_12:35:08 INFO SetState_End()
2023-03-26_12:35:08 INFO SetState_None()
2023-03-26_12:35:08 INFO [ Battle StandBy ] SetState_Start()
2023-03-26_12:35:08 INFO SetState_BattleStandBy()
2023-03-26_12:36:07 INFO [ Battle StandBy ] SetState_Notify()
2023-03-26_12:37:06 INFO [ Battle StandBy ] SetState_End()
2023-03-26_12:37:06 INFO [ Battle StandBy ] SetState_None()
2023-03-26_12:37:06 INFO [ Battle Maya ] SetState_StandBy_1()
2023-03-26_12:37:07 INFO SetState_BattleOfMaya()
2023-03-26_12:39:06 INFO [ Battle Maya ] SetState_Notify_1()
2023-03-26_12:39:06 INFO [ Battle Maya ] Failed. No users at state 2
2023-03-26_12:39:06 INFO [ Battle Maya ] SetState_End()
2023-03-26_12:39:08 INFO [ Battle Maya ] SetState_EndCycle()
2023-03-26_12:39:08 INFO [ Battle Maya ] SetState_None()
2023-03-26_12:39:08 INFO SetState_End()
2023-03-26_12:39:08 INFO SetState_None()
2023-03-26_12:39:08 INFO [ Battle StandBy ] SetState_Start()
2023-03-26_12:39:08 INFO SetState_BattleStandBy()
2023-03-26_12:40:07 INFO [ Battle StandBy ] SetState_Notify()
2023-03-26_12:41:06 INFO [ Battle StandBy ] SetState_End()
2023-03-26_12:41:06 INFO [ Battle StandBy ] SetState_None()
2023-03-26_12:41:06 INFO [ Battle Maya ] SetState_StandBy_1()
2023-03-26_12:41:06 INFO SetState_BattleOfMaya()
2023-03-26_12:43:05 INFO [ Battle Maya ] SetState_Notify_1()
2023-03-26_12:43:05 INFO [ Battle Maya ] Failed. No users at state 2
2023-03-26_12:43:05 INFO [ Battle Maya ] SetState_End()
2023-03-26_12:43:07 INFO [ Battle Maya ] SetState_EndCycle()
2023-03-26_12:43:07 INFO [ Battle Maya ] SetState_None()
2023-03-26_12:43:07 INFO SetState_End()
2023-03-26_12:43:07 INFO SetState_None()
2023-03-26_12:43:07 INFO [ Battle StandBy ] SetState_Start()
2023-03-26_12:43:07 INFO SetState_BattleStandBy()
2023-03-26_12:44:06 INFO [ Battle StandBy ] SetState_Notify()
2023-03-26_12:45:05 INFO [ Battle StandBy ] SetState_End()
2023-03-26_12:45:05 INFO [ Battle StandBy ] SetState_None()
2023-03-26_12:45:05 INFO [ Battle Maya ] SetState_StandBy_1()
2023-03-26_12:45:05 INFO SetState_BattleOfMaya()
2023-03-26_12:47:04 INFO [ Battle Maya ] SetState_Notify_1()
2023-03-26_12:47:04 INFO [ Battle Maya ] Failed. No users at state 2
2023-03-26_12:47:04 INFO [ Battle Maya ] SetState_End()
2023-03-26_12:47:06 INFO [ Battle Maya ] SetState_EndCycle()
2023-03-26_12:47:06 INFO [ Battle Maya ] SetState_None()
2023-03-26_12:47:07 INFO SetState_End()
2023-03-26_12:47:07 INFO SetState_None()
2023-03-26_12:47:07 INFO [ Battle StandBy ] SetState_Start()
2023-03-26_12:47:07 INFO SetState_BattleStandBy()
2023-03-26_12:48:06 INFO [ Battle StandBy ] SetState_Notify()
2023-03-26_12:49:05 INFO [ Battle StandBy ] SetState_End()
2023-03-26_12:49:05 INFO [ Battle StandBy ] SetState_None()
2023-03-26_12:49:05 INFO [ Battle Maya ] SetState_StandBy_1()
2023-03-26_12:49:05 INFO SetState_BattleOfMaya()
2023-03-26_12:51:04 INFO [ Battle Maya ] SetState_Notify_1()
2023-03-26_12:51:04 INFO [ Battle Maya ] Failed. No users at state 2
2023-03-26_12:51:04 INFO [ Battle Maya ] SetState_End()
2023-03-26_12:51:06 INFO [ Battle Maya ] SetState_EndCycle()
2023-03-26_12:51:06 INFO [ Battle Maya ] SetState_None()
2023-03-26_12:51:06 INFO SetState_End()
2023-03-26_12:51:06 INFO SetState_None()
2023-03-26_12:51:06 INFO [ Battle StandBy ] SetState_Start()
2023-03-26_12:51:06 INFO SetState_BattleStandBy()
2023-03-26_12:52:05 INFO [ Battle StandBy ] SetState_Notify()
2023-03-26_12:53:04 INFO [ Battle StandBy ] SetState_End()
2023-03-26_12:53:04 INFO [ Battle StandBy ] SetState_None()
2023-03-26_12:53:04 INFO [ Battle Maya ] SetState_StandBy_1()
2023-03-26_12:53:04 INFO SetState_BattleOfMaya()
2023-03-26_12:55:03 INFO [ Battle Maya ] SetState_Notify_1()
2023-03-26_12:55:03 INFO [ Battle Maya ] Failed. No users at state 2
2023-03-26_12:55:03 INFO [ Battle Maya ] SetState_End()
2023-03-26_12:55:05 INFO [ Battle Maya ] SetState_EndCycle()
2023-03-26_12:55:05 INFO [ Battle Maya ] SetState_None()
2023-03-26_12:55:05 INFO SetState_End()
2023-03-26_12:55:05 INFO SetState_None()
2023-03-26_12:55:05 INFO [ Battle StandBy ] SetState_Start()
2023-03-26_12:55:05 INFO SetState_BattleStandBy()
2023-03-26_12:56:04 INFO [ Battle StandBy ] SetState_Notify()
2023-03-26_12:57:04 INFO [ Battle StandBy ] SetState_End()
2023-03-26_12:57:04 INFO [ Battle StandBy ] SetState_None()
2023-03-26_12:57:04 INFO [ Battle Maya ] SetState_StandBy_1()
2023-03-26_12:57:04 INFO SetState_BattleOfMaya()
2023-03-26_12:59:03 INFO [ Battle Maya ] SetState_Notify_1()
2023-03-26_12:59:03 INFO [ Battle Maya ] Failed. No users at state 2
2023-03-26_12:59:03 INFO [ Battle Maya ] SetState_End()
2023-03-26_12:59:05 INFO [ Battle Maya ] SetState_EndCycle()
2023-03-26_12:59:05 INFO [ Battle Maya ] SetState_None()
2023-03-26_12:59:05 INFO SetState_End()
2023-03-26_12:59:05 INFO SetState_None()
2023-03-26_12:59:05 INFO [ Battle StandBy ] SetState_Start()
2023-03-26_12:59:05 INFO SetState_BattleStandBy()
2023-03-26_13:00:04 INFO [ Battle StandBy ] SetState_Notify()
2023-03-26_13:01:03 INFO [ Battle StandBy ] SetState_End()
2023-03-26_13:01:03 INFO [ Battle StandBy ] SetState_None()
2023-03-26_13:01:03 INFO [ Battle Maya ] SetState_StandBy_1()
2023-03-26_13:01:03 INFO SetState_BattleOfMaya()
2023-03-26_13:03:02 INFO [ Battle Maya ] SetState_Notify_1()
2023-03-26_13:03:02 INFO [ Battle Maya ] Failed. No users at state 2
2023-03-26_13:03:02 INFO [ Battle Maya ] SetState_End()
2023-03-26_13:03:04 INFO [ Battle Maya ] SetState_EndCycle()
2023-03-26_13:03:04 INFO [ Battle Maya ] SetState_None()
2023-03-26_13:03:04 INFO SetState_End()
2023-03-26_13:03:04 INFO SetState_None()
2023-03-26_13:03:04 INFO [ Battle StandBy ] SetState_Start()
2023-03-26_13:03:04 INFO SetState_BattleStandBy()
2023-03-26_13:04:03 INFO [ Battle StandBy ] SetState_Notify()
2023-03-26_13:05:02 INFO [ Battle StandBy ] SetState_End()
2023-03-26_13:05:03 INFO [ Battle StandBy ] SetState_None()
2023-03-26_13:05:03 INFO [ Battle Maya ] SetState_StandBy_1()
2023-03-26_13:05:03 INFO SetState_BattleOfMaya()
2023-03-26_13:07:02 INFO [ Battle Maya ] SetState_Notify_1()
2023-03-26_13:07:02 INFO [ Battle Maya ] Failed. No users at state 2
2023-03-26_13:07:02 INFO [ Battle Maya ] SetState_End()
2023-03-26_13:07:04 INFO [ Battle Maya ] SetState_EndCycle()
2023-03-26_13:07:04 INFO [ Battle Maya ] SetState_None()
2023-03-26_13:07:04 INFO SetState_End()
2023-03-26_13:07:04 INFO SetState_None()
2023-03-26_13:07:04 INFO [ Battle StandBy ] SetState_Start()
2023-03-26_13:07:04 INFO SetState_BattleStandBy()
2023-03-26_13:08:03 INFO [ Battle StandBy ] SetState_Notify()
2023-03-26_13:09:02 INFO [ Battle StandBy ] SetState_End()
2023-03-26_13:09:02 INFO [ Battle StandBy ] SetState_None()
2023-03-26_13:09:02 INFO [ Battle Maya ] SetState_StandBy_1()
2023-03-26_13:09:02 INFO SetState_BattleOfMaya()
2023-03-26_13:11:01 INFO [ Battle Maya ] SetState_Notify_1()
2023-03-26_13:11:01 INFO [ Battle Maya ] Failed. No users at state 2
2023-03-26_13:11:01 INFO [ Battle Maya ] SetState_End()
2023-03-26_13:11:03 INFO [ Battle Maya ] SetState_EndCycle()
2023-03-26_13:11:03 INFO [ Battle Maya ] SetState_None()
2023-03-26_13:11:03 INFO SetState_End()
2023-03-26_13:11:03 INFO SetState_None()
2023-03-26_13:11:03 INFO [ Battle StandBy ] SetState_Start()
2023-03-26_13:11:03 INFO SetState_BattleStandBy()
2023-03-26_13:12:02 INFO [ Battle StandBy ] SetState_Notify()
2023-03-26_13:13:01 INFO [ Battle StandBy ] SetState_End()
2023-03-26_13:13:01 INFO [ Battle StandBy ] SetState_None()
2023-03-26_13:13:01 INFO [ Battle Maya ] SetState_StandBy_1()
2023-03-26_13:13:01 INFO SetState_BattleOfMaya()
2023-03-26_13:15:00 INFO [ Battle Maya ] SetState_Notify_1()
2023-03-26_13:15:00 INFO [ Battle Maya ] Failed. No users at state 2
2023-03-26_13:15:00 INFO [ Battle Maya ] SetState_End()
2023-03-26_13:15:02 INFO [ Battle Maya ] SetState_EndCycle()
2023-03-26_13:15:03 INFO [ Battle Maya ] SetState_None()
2023-03-26_13:15:03 INFO SetState_End()
2023-03-26_13:15:03 INFO SetState_None()
2023-03-26_13:15:03 INFO [ Battle StandBy ] SetState_Start()
2023-03-26_13:15:03 INFO SetState_BattleStandBy()
2023-03-26_13:16:02 INFO [ Battle StandBy ] SetState_Notify()
