2023-04-06_21:34:59 INFO [ Battle StandBy ] SetState_Start()
2023-04-06_21:34:59 INFO SetState_BattleStandBy()
2023-04-06_21:35:58 INFO [ Battle StandBy ] SetState_Notify()
2023-04-06_21:36:57 INFO [ Battle StandBy ] SetState_End()
2023-04-06_21:36:57 INFO [ Battle StandBy ] SetState_None()
2023-04-06_21:36:57 INFO [ Battle Maya ] SetState_StandBy_1()
2023-04-06_21:36:57 INFO SetState_BattleOfMaya()
2023-04-06_21:38:56 INFO [ Battle Maya ] SetState_Notify_1()
2023-04-06_21:38:56 INFO [ Battle Maya ] Failed. No users at state 2
2023-04-06_21:38:56 INFO [ Battle Maya ] SetState_End()
2023-04-06_21:38:58 INFO [ Battle Maya ] SetState_EndCycle()
2023-04-06_21:38:58 INFO [ Battle Maya ] SetState_None()
2023-04-06_21:38:58 INFO SetState_End()
2023-04-06_21:38:59 INFO SetState_None()
2023-04-06_21:38:59 INFO [ Battle StandBy ] SetState_Start()
2023-04-06_21:38:59 INFO SetState_BattleStandBy()
2023-04-06_21:39:58 INFO [ Battle StandBy ] SetState_Notify()
2023-04-06_21:40:57 INFO [ Battle StandBy ] SetState_End()
2023-04-06_21:40:57 INFO [ Battle StandBy ] SetState_None()
2023-04-06_21:40:57 INFO [ Battle Maya ] SetState_StandBy_1()
2023-04-06_21:40:57 INFO SetState_BattleOfMaya()
2023-04-06_21:42:56 INFO [ Battle Maya ] SetState_Notify_1()
2023-04-06_21:42:56 INFO [ Battle Maya ] Failed. No users at state 2
2023-04-06_21:42:56 INFO [ Battle Maya ] SetState_End()
2023-04-06_21:42:58 INFO [ Battle Maya ] SetState_EndCycle()
2023-04-06_21:42:58 INFO [ Battle Maya ] SetState_None()
2023-04-06_21:42:58 INFO SetState_End()
2023-04-06_21:42:58 INFO SetState_None()
2023-04-06_21:42:58 INFO [ Battle StandBy ] SetState_Start()
2023-04-06_21:42:58 INFO SetState_BattleStandBy()
2023-04-06_21:43:57 INFO [ Battle StandBy ] SetState_Notify()
2023-04-06_21:44:56 INFO [ Battle StandBy ] SetState_End()
2023-04-06_21:44:56 INFO [ Battle StandBy ] SetState_None()
2023-04-06_21:44:56 INFO [ Battle Maya ] SetState_StandBy_1()
2023-04-06_21:44:56 INFO SetState_BattleOfMaya()
