2023-03-26_13:16:26 INFO [ Battle StandBy ] SetState_Start()
2023-03-26_13:16:26 INFO SetState_BattleStandBy()
2023-03-26_13:17:25 INFO [ Battle StandBy ] SetState_Notify()
2023-03-26_13:18:25 INFO [ Battle StandBy ] SetState_End()
2023-03-26_13:18:25 INFO [ Battle StandBy ] SetState_None()
2023-03-26_13:18:25 INFO [ Battle Maya ] SetState_StandBy_1()
2023-03-26_13:18:25 INFO SetState_BattleOfMaya()
2023-03-26_13:20:24 INFO [ Battle Maya ] SetState_Notify_1()
2023-03-26_13:20:24 INFO [ Battle Maya ] Failed. No users at state 2
2023-03-26_13:20:24 INFO [ Battle Maya ] SetState_End()
2023-03-26_13:20:26 INFO [ Battle Maya ] SetState_EndCycle()
2023-03-26_13:20:26 INFO [ Battle Maya ] SetState_None()
2023-03-26_13:20:26 INFO SetState_End()
2023-03-26_13:20:26 INFO SetState_None()
2023-03-26_13:20:26 INFO [ Battle StandBy ] SetState_Start()
2023-03-26_13:20:26 INFO SetState_BattleStandBy()
2023-03-26_13:21:25 INFO [ Battle StandBy ] SetState_Notify()
2023-03-26_13:22:24 INFO [ Battle StandBy ] SetState_End()
2023-03-26_13:22:24 INFO [ Battle StandBy ] SetState_None()
2023-03-26_13:22:24 INFO [ Battle Maya ] SetState_StandBy_1()
2023-03-26_13:22:24 INFO SetState_BattleOfMaya()
2023-03-26_13:24:23 INFO [ Battle Maya ] SetState_Notify_1()
2023-03-26_13:24:23 INFO [ Battle Maya ] Failed. No users at state 2
2023-03-26_13:24:23 INFO [ Battle Maya ] SetState_End()
2023-03-26_13:24:25 INFO [ Battle Maya ] SetState_EndCycle()
2023-03-26_13:24:25 INFO [ Battle Maya ] SetState_None()
2023-03-26_13:24:25 INFO SetState_End()
2023-03-26_13:24:25 INFO SetState_None()
2023-03-26_13:24:25 INFO [ Battle StandBy ] SetState_Start()
2023-03-26_13:24:25 INFO SetState_BattleStandBy()
2023-03-26_13:25:24 INFO [ Battle StandBy ] SetState_Notify()
2023-03-26_13:26:23 INFO [ Battle StandBy ] SetState_End()
2023-03-26_13:26:23 INFO [ Battle StandBy ] SetState_None()
2023-03-26_13:26:23 INFO [ Battle Maya ] SetState_StandBy_1()
2023-03-26_13:26:23 INFO SetState_BattleOfMaya()
2023-03-26_13:28:22 INFO [ Battle Maya ] SetState_Notify_1()
2023-03-26_13:28:22 INFO [ Battle Maya ] Failed. No users at state 2
2023-03-26_13:28:22 INFO [ Battle Maya ] SetState_End()
2023-03-26_13:28:24 INFO [ Battle Maya ] SetState_EndCycle()
2023-03-26_13:28:25 INFO [ Battle Maya ] SetState_None()
2023-03-26_13:28:25 INFO SetState_End()
2023-03-26_13:28:25 INFO SetState_None()
2023-03-26_13:28:25 INFO [ Battle StandBy ] SetState_Start()
2023-03-26_13:28:25 INFO SetState_BattleStandBy()
2023-03-26_13:29:24 INFO [ Battle StandBy ] SetState_Notify()
2023-03-26_13:30:23 INFO [ Battle StandBy ] SetState_End()
2023-03-26_13:30:23 INFO [ Battle StandBy ] SetState_None()
2023-03-26_13:30:23 INFO [ Battle Maya ] SetState_StandBy_1()
2023-03-26_13:30:23 INFO SetState_BattleOfMaya()
2023-03-26_13:32:22 INFO [ Battle Maya ] SetState_Notify_1()
2023-03-26_13:32:22 INFO [ Battle Maya ] Failed. No users at state 2
2023-03-26_13:32:22 INFO [ Battle Maya ] SetState_End()
2023-03-26_13:32:24 INFO [ Battle Maya ] SetState_EndCycle()
2023-03-26_13:32:24 INFO [ Battle Maya ] SetState_None()
2023-03-26_13:32:24 INFO SetState_End()
2023-03-26_13:32:24 INFO SetState_None()
2023-03-26_13:32:24 INFO [ Battle StandBy ] SetState_Start()
2023-03-26_13:32:24 INFO SetState_BattleStandBy()
2023-03-26_13:33:23 INFO [ Battle StandBy ] SetState_Notify()
2023-03-26_13:34:22 INFO [ Battle StandBy ] SetState_End()
2023-03-26_13:34:22 INFO [ Battle StandBy ] SetState_None()
2023-03-26_13:34:22 INFO [ Battle Maya ] SetState_StandBy_1()
2023-03-26_13:34:22 INFO SetState_BattleOfMaya()
2023-03-26_13:36:21 INFO [ Battle Maya ] SetState_Notify_1()
2023-03-26_13:36:21 INFO [ Battle Maya ] Failed. No users at state 2
2023-03-26_13:36:21 INFO [ Battle Maya ] SetState_End()
2023-03-26_13:36:23 INFO [ Battle Maya ] SetState_EndCycle()
2023-03-26_13:36:23 INFO [ Battle Maya ] SetState_None()
2023-03-26_13:36:23 INFO SetState_End()
2023-03-26_13:36:23 INFO SetState_None()
2023-03-26_13:36:23 INFO [ Battle StandBy ] SetState_Start()
2023-03-26_13:36:23 INFO SetState_BattleStandBy()
2023-03-26_13:37:22 INFO [ Battle StandBy ] SetState_Notify()
2023-03-26_13:38:21 INFO [ Battle StandBy ] SetState_End()
2023-03-26_13:38:21 INFO [ Battle StandBy ] SetState_None()
2023-03-26_13:38:21 INFO [ Battle Maya ] SetState_StandBy_1()
2023-03-26_13:38:21 INFO SetState_BattleOfMaya()
2023-03-26_13:40:20 INFO [ Battle Maya ] SetState_Notify_1()
2023-03-26_13:40:20 INFO [ Battle Maya ] Failed. No users at state 2
2023-03-26_13:40:20 INFO [ Battle Maya ] SetState_End()
2023-03-26_13:40:22 INFO [ Battle Maya ] SetState_EndCycle()
2023-03-26_13:40:22 INFO [ Battle Maya ] SetState_None()
2023-03-26_13:40:22 INFO SetState_End()
2023-03-26_13:40:23 INFO SetState_None()
2023-03-26_13:40:23 INFO [ Battle StandBy ] SetState_Start()
2023-03-26_13:40:23 INFO SetState_BattleStandBy()
2023-03-26_13:41:22 INFO [ Battle StandBy ] SetState_Notify()
2023-03-26_13:42:21 INFO [ Battle StandBy ] SetState_End()
2023-03-26_13:42:21 INFO [ Battle StandBy ] SetState_None()
2023-03-26_13:42:21 INFO [ Battle Maya ] SetState_StandBy_1()
2023-03-26_13:42:21 INFO SetState_BattleOfMaya()
2023-03-26_13:44:20 INFO [ Battle Maya ] SetState_Notify_1()
2023-03-26_13:44:20 INFO [ Battle Maya ] Failed. No users at state 2
2023-03-26_13:44:20 INFO [ Battle Maya ] SetState_End()
2023-03-26_13:44:22 INFO [ Battle Maya ] SetState_EndCycle()
2023-03-26_13:44:22 INFO [ Battle Maya ] SetState_None()
2023-03-26_13:44:22 INFO SetState_End()
2023-03-26_13:44:22 INFO SetState_None()
2023-03-26_13:44:22 INFO [ Battle StandBy ] SetState_Start()
2023-03-26_13:44:22 INFO SetState_BattleStandBy()
2023-03-26_13:45:21 INFO [ Battle StandBy ] SetState_Notify()
2023-03-26_13:46:20 INFO [ Battle StandBy ] SetState_End()
2023-03-26_13:46:20 INFO [ Battle StandBy ] SetState_None()
2023-03-26_13:46:20 INFO [ Battle Maya ] SetState_StandBy_1()
2023-03-26_13:46:20 INFO SetState_BattleOfMaya()
2023-03-26_13:48:19 INFO [ Battle Maya ] SetState_Notify_1()
2023-03-26_13:48:19 INFO [ Battle Maya ] Failed. No users at state 2
2023-03-26_13:48:19 INFO [ Battle Maya ] SetState_End()
2023-03-26_13:48:21 INFO [ Battle Maya ] SetState_EndCycle()
2023-03-26_13:48:21 INFO [ Battle Maya ] SetState_None()
2023-03-26_13:48:21 INFO SetState_End()
2023-03-26_13:48:21 INFO SetState_None()
2023-03-26_13:48:21 INFO [ Battle StandBy ] SetState_Start()
2023-03-26_13:48:21 INFO SetState_BattleStandBy()
2023-03-26_13:49:20 INFO [ Battle StandBy ] SetState_Notify()
2023-03-26_13:50:19 INFO [ Battle StandBy ] SetState_End()
2023-03-26_13:50:19 INFO [ Battle StandBy ] SetState_None()
2023-03-26_13:50:19 INFO [ Battle Maya ] SetState_StandBy_1()
2023-03-26_13:50:19 INFO SetState_BattleOfMaya()
2023-03-26_13:52:18 INFO [ Battle Maya ] SetState_Notify_1()
2023-03-26_13:52:18 INFO [ Battle Maya ] Failed. No users at state 2
2023-03-26_13:52:18 INFO [ Battle Maya ] SetState_End()
2023-03-26_13:52:20 INFO [ Battle Maya ] SetState_EndCycle()
2023-03-26_13:52:21 INFO [ Battle Maya ] SetState_None()
2023-03-26_13:52:21 INFO SetState_End()
2023-03-26_13:52:21 INFO SetState_None()
2023-03-26_13:52:21 INFO [ Battle StandBy ] SetState_Start()
2023-03-26_13:52:21 INFO SetState_BattleStandBy()
2023-03-26_13:53:20 INFO [ Battle StandBy ] SetState_Notify()
2023-03-26_13:54:19 INFO [ Battle StandBy ] SetState_End()
2023-03-26_13:54:19 INFO [ Battle StandBy ] SetState_None()
2023-03-26_13:54:19 INFO [ Battle Maya ] SetState_StandBy_1()
2023-03-26_13:54:19 INFO SetState_BattleOfMaya()
2023-03-26_13:56:18 INFO [ Battle Maya ] SetState_Notify_1()
2023-03-26_13:56:18 INFO [ Battle Maya ] Failed. No users at state 2
2023-03-26_13:56:18 INFO [ Battle Maya ] SetState_End()
2023-03-26_13:56:20 INFO [ Battle Maya ] SetState_EndCycle()
2023-03-26_13:56:20 INFO [ Battle Maya ] SetState_None()
2023-03-26_13:56:20 INFO SetState_End()
2023-03-26_13:56:20 INFO SetState_None()
2023-03-26_13:56:20 INFO [ Battle StandBy ] SetState_Start()
2023-03-26_13:56:20 INFO SetState_BattleStandBy()
2023-03-26_13:57:19 INFO [ Battle StandBy ] SetState_Notify()
2023-03-26_13:58:18 INFO [ Battle StandBy ] SetState_End()
2023-03-26_13:58:18 INFO [ Battle StandBy ] SetState_None()
2023-03-26_13:58:18 INFO [ Battle Maya ] SetState_StandBy_1()
2023-03-26_13:58:18 INFO SetState_BattleOfMaya()
2023-03-26_14:00:17 INFO [ Battle Maya ] SetState_Notify_1()
2023-03-26_14:00:17 INFO [ Battle Maya ] Failed. No users at state 2
2023-03-26_14:00:17 INFO [ Battle Maya ] SetState_End()
2023-03-26_14:00:19 INFO [ Battle Maya ] SetState_EndCycle()
2023-03-26_14:00:19 INFO [ Battle Maya ] SetState_None()
2023-03-26_14:00:19 INFO SetState_End()
2023-03-26_14:00:19 INFO SetState_None()
2023-03-26_14:00:19 INFO [ Battle StandBy ] SetState_Start()
2023-03-26_14:00:19 INFO SetState_BattleStandBy()
2023-03-26_14:01:18 INFO [ Battle StandBy ] SetState_Notify()
2023-03-26_14:02:17 INFO [ Battle StandBy ] SetState_End()
2023-03-26_14:02:17 INFO [ Battle StandBy ] SetState_None()
2023-03-26_14:02:17 INFO [ Battle Maya ] SetState_StandBy_1()
2023-03-26_14:02:17 INFO SetState_BattleOfMaya()
2023-03-26_14:04:16 INFO [ Battle Maya ] SetState_Notify_1()
2023-03-26_14:04:16 INFO [ Battle Maya ] Failed. No users at state 2
2023-03-26_14:04:16 INFO [ Battle Maya ] SetState_End()
2023-03-26_14:04:18 INFO [ Battle Maya ] SetState_EndCycle()
2023-03-26_14:04:19 INFO [ Battle Maya ] SetState_None()
2023-03-26_14:04:19 INFO SetState_End()
2023-03-26_14:04:19 INFO SetState_None()
2023-03-26_14:04:19 INFO [ Battle StandBy ] SetState_Start()
2023-03-26_14:04:19 INFO SetState_BattleStandBy()
2023-03-26_14:05:18 INFO [ Battle StandBy ] SetState_Notify()
2023-03-26_14:06:17 INFO [ Battle StandBy ] SetState_End()
2023-03-26_14:06:17 INFO [ Battle StandBy ] SetState_None()
2023-03-26_14:06:17 INFO [ Battle Maya ] SetState_StandBy_1()
2023-03-26_14:06:17 INFO SetState_BattleOfMaya()
2023-03-26_14:08:16 INFO [ Battle Maya ] SetState_Notify_1()
2023-03-26_14:08:16 INFO [ Battle Maya ] Failed. No users at state 2
2023-03-26_14:08:16 INFO [ Battle Maya ] SetState_End()
2023-03-26_14:08:18 INFO [ Battle Maya ] SetState_EndCycle()
2023-03-26_14:08:18 INFO [ Battle Maya ] SetState_None()
2023-03-26_14:08:18 INFO SetState_End()
2023-03-26_14:08:18 INFO SetState_None()
2023-03-26_14:08:18 INFO [ Battle StandBy ] SetState_Start()
2023-03-26_14:08:18 INFO SetState_BattleStandBy()
2023-03-26_14:09:17 INFO [ Battle StandBy ] SetState_Notify()
2023-03-26_14:10:16 INFO [ Battle StandBy ] SetState_End()
2023-03-26_14:10:16 INFO [ Battle StandBy ] SetState_None()
2023-03-26_14:10:16 INFO [ Battle Maya ] SetState_StandBy_1()
2023-03-26_14:10:16 INFO SetState_BattleOfMaya()
2023-03-26_14:12:15 INFO [ Battle Maya ] SetState_Notify_1()
2023-03-26_14:12:15 INFO [ Battle Maya ] Failed. No users at state 2
2023-03-26_14:12:15 INFO [ Battle Maya ] SetState_End()
2023-03-26_14:12:17 INFO [ Battle Maya ] SetState_EndCycle()
2023-03-26_14:12:17 INFO [ Battle Maya ] SetState_None()
2023-03-26_14:12:17 INFO SetState_End()
2023-03-26_14:12:17 INFO SetState_None()
2023-03-26_14:12:17 INFO [ Battle StandBy ] SetState_Start()
2023-03-26_14:12:17 INFO SetState_BattleStandBy()
2023-03-26_14:13:16 INFO [ Battle StandBy ] SetState_Notify()
2023-03-26_14:14:15 INFO [ Battle StandBy ] SetState_End()
2023-03-26_14:14:15 INFO [ Battle StandBy ] SetState_None()
2023-03-26_14:14:15 INFO [ Battle Maya ] SetState_StandBy_1()
2023-03-26_14:14:15 INFO SetState_BattleOfMaya()
2023-03-26_14:16:14 INFO [ Battle Maya ] SetState_Notify_1()
2023-03-26_14:16:14 INFO [ Battle Maya ] Failed. No users at state 2
2023-03-26_14:16:14 INFO [ Battle Maya ] SetState_End()
2023-03-26_14:16:16 INFO [ Battle Maya ] SetState_EndCycle()
2023-03-26_14:16:16 INFO [ Battle Maya ] SetState_None()
2023-03-26_14:16:16 INFO SetState_End()
2023-03-26_14:16:17 INFO SetState_None()
2023-03-26_14:16:17 INFO [ Battle StandBy ] SetState_Start()
2023-03-26_14:16:17 INFO SetState_BattleStandBy()
2023-03-26_14:17:16 INFO [ Battle StandBy ] SetState_Notify()
2023-03-26_14:18:15 INFO [ Battle StandBy ] SetState_End()
2023-03-26_14:18:15 INFO [ Battle StandBy ] SetState_None()
2023-03-26_14:18:15 INFO [ Battle Maya ] SetState_StandBy_1()
2023-03-26_14:18:15 INFO SetState_BattleOfMaya()
2023-03-26_14:20:14 INFO [ Battle Maya ] SetState_Notify_1()
2023-03-26_14:20:14 INFO [ Battle Maya ] Failed. No users at state 2
2023-03-26_14:20:14 INFO [ Battle Maya ] SetState_End()
2023-03-26_14:20:16 INFO [ Battle Maya ] SetState_EndCycle()
2023-03-26_14:20:16 INFO [ Battle Maya ] SetState_None()
2023-03-26_14:20:16 INFO SetState_End()
2023-03-26_14:20:16 INFO SetState_None()
2023-03-26_14:20:16 INFO [ Battle StandBy ] SetState_Start()
2023-03-26_14:20:16 INFO SetState_BattleStandBy()
2023-03-26_14:21:15 INFO [ Battle StandBy ] SetState_Notify()
2023-03-26_14:22:14 INFO [ Battle StandBy ] SetState_End()
2023-03-26_14:22:14 INFO [ Battle StandBy ] SetState_None()
2023-03-26_14:22:14 INFO [ Battle Maya ] SetState_StandBy_1()
2023-03-26_14:22:14 INFO SetState_BattleOfMaya()
2023-03-26_14:24:13 INFO [ Battle Maya ] SetState_Notify_1()
2023-03-26_14:24:13 INFO [ Battle Maya ] Failed. No users at state 2
2023-03-26_14:24:13 INFO [ Battle Maya ] SetState_End()
2023-03-26_14:24:15 INFO [ Battle Maya ] SetState_EndCycle()
2023-03-26_14:24:15 INFO [ Battle Maya ] SetState_None()
2023-03-26_14:24:15 INFO SetState_End()
2023-03-26_14:24:15 INFO SetState_None()
2023-03-26_14:24:15 INFO [ Battle StandBy ] SetState_Start()
2023-03-26_14:24:15 INFO SetState_BattleStandBy()
2023-03-26_14:25:14 INFO [ Battle StandBy ] SetState_Notify()
2023-03-26_14:26:13 INFO [ Battle StandBy ] SetState_End()
2023-03-26_14:26:13 INFO [ Battle StandBy ] SetState_None()
2023-03-26_14:26:13 INFO [ Battle Maya ] SetState_StandBy_1()
2023-03-26_14:26:13 INFO SetState_BattleOfMaya()
2023-03-26_14:28:12 INFO [ Battle Maya ] SetState_Notify_1()
2023-03-26_14:28:12 INFO [ Battle Maya ] Failed. No users at state 2
2023-03-26_14:28:12 INFO [ Battle Maya ] SetState_End()
2023-03-26_14:28:15 INFO [ Battle Maya ] SetState_EndCycle()
2023-03-26_14:28:15 INFO [ Battle Maya ] SetState_None()
2023-03-26_14:28:15 INFO SetState_End()
2023-03-26_14:28:15 INFO SetState_None()
2023-03-26_14:28:15 INFO [ Battle StandBy ] SetState_Start()
2023-03-26_14:28:15 INFO SetState_BattleStandBy()
2023-03-26_14:29:14 INFO [ Battle StandBy ] SetState_Notify()
2023-03-26_14:30:13 INFO [ Battle StandBy ] SetState_End()
2023-03-26_14:30:13 INFO [ Battle StandBy ] SetState_None()
2023-03-26_14:30:13 INFO [ Battle Maya ] SetState_StandBy_1()
2023-03-26_14:30:13 INFO SetState_BattleOfMaya()
2023-03-26_14:32:12 INFO [ Battle Maya ] SetState_Notify_1()
2023-03-26_14:32:12 INFO [ Battle Maya ] Failed. No users at state 2
2023-03-26_14:32:12 INFO [ Battle Maya ] SetState_End()
2023-03-26_14:32:14 INFO [ Battle Maya ] SetState_EndCycle()
2023-03-26_14:32:14 INFO [ Battle Maya ] SetState_None()
2023-03-26_14:32:14 INFO SetState_End()
2023-03-26_14:32:14 INFO SetState_None()
2023-03-26_14:32:14 INFO [ Battle StandBy ] SetState_Start()
2023-03-26_14:32:14 INFO SetState_BattleStandBy()
2023-03-26_14:33:13 INFO [ Battle StandBy ] SetState_Notify()
2023-03-26_14:34:12 INFO [ Battle StandBy ] SetState_End()
2023-03-26_14:34:12 INFO [ Battle StandBy ] SetState_None()
2023-03-26_14:34:12 INFO [ Battle Maya ] SetState_StandBy_1()
2023-03-26_14:34:12 INFO SetState_BattleOfMaya()
2023-03-26_14:36:11 INFO [ Battle Maya ] SetState_Notify_1()
2023-03-26_14:36:11 INFO [ Battle Maya ] Failed. No users at state 2
2023-03-26_14:36:11 INFO [ Battle Maya ] SetState_End()
2023-03-26_14:36:13 INFO [ Battle Maya ] SetState_EndCycle()
2023-03-26_14:36:13 INFO [ Battle Maya ] SetState_None()
2023-03-26_14:36:13 INFO SetState_End()
2023-03-26_14:36:13 INFO SetState_None()
2023-03-26_14:36:13 INFO [ Battle StandBy ] SetState_Start()
2023-03-26_14:36:13 INFO SetState_BattleStandBy()
2023-03-26_14:37:12 INFO [ Battle StandBy ] SetState_Notify()
2023-03-26_14:38:11 INFO [ Battle StandBy ] SetState_End()
2023-03-26_14:38:11 INFO [ Battle StandBy ] SetState_None()
2023-03-26_14:38:11 INFO [ Battle Maya ] SetState_StandBy_1()
2023-03-26_14:38:11 INFO SetState_BattleOfMaya()
2023-03-26_14:40:10 INFO [ Battle Maya ] SetState_Notify_1()
2023-03-26_14:40:11 INFO [ Battle Maya ] Failed. No users at state 2
2023-03-26_14:40:11 INFO [ Battle Maya ] SetState_End()
2023-03-26_14:40:13 INFO [ Battle Maya ] SetState_EndCycle()
2023-03-26_14:40:13 INFO [ Battle Maya ] SetState_None()
2023-03-26_14:40:13 INFO SetState_End()
2023-03-26_14:40:13 INFO SetState_None()
2023-03-26_14:40:13 INFO [ Battle StandBy ] SetState_Start()
2023-03-26_14:40:13 INFO SetState_BattleStandBy()
2023-03-26_14:41:12 INFO [ Battle StandBy ] SetState_Notify()
2023-03-26_14:42:11 INFO [ Battle StandBy ] SetState_End()
2023-03-26_14:42:11 INFO [ Battle StandBy ] SetState_None()
2023-03-26_14:42:11 INFO [ Battle Maya ] SetState_StandBy_1()
2023-03-26_14:42:11 INFO SetState_BattleOfMaya()
2023-03-26_14:44:10 INFO [ Battle Maya ] SetState_Notify_1()
2023-03-26_14:44:10 INFO [ Battle Maya ] Failed. No users at state 2
2023-03-26_14:44:10 INFO [ Battle Maya ] SetState_End()
2023-03-26_14:44:12 INFO [ Battle Maya ] SetState_EndCycle()
2023-03-26_14:44:12 INFO [ Battle Maya ] SetState_None()
2023-03-26_14:44:12 INFO SetState_End()
2023-03-26_14:44:12 INFO SetState_None()
2023-03-26_14:44:12 INFO [ Battle StandBy ] SetState_Start()
2023-03-26_14:44:12 INFO SetState_BattleStandBy()
2023-03-26_14:45:11 INFO [ Battle StandBy ] SetState_Notify()
2023-03-26_14:46:10 INFO [ Battle StandBy ] SetState_End()
2023-03-26_14:46:10 INFO [ Battle StandBy ] SetState_None()
2023-03-26_14:46:10 INFO [ Battle Maya ] SetState_StandBy_1()
2023-03-26_14:46:10 INFO SetState_BattleOfMaya()
2023-03-26_14:48:09 INFO [ Battle Maya ] SetState_Notify_1()
2023-03-26_14:48:09 INFO [ Battle Maya ] Failed. No users at state 2
2023-03-26_14:48:09 INFO [ Battle Maya ] SetState_End()
2023-03-26_14:48:11 INFO [ Battle Maya ] SetState_EndCycle()
2023-03-26_14:48:11 INFO [ Battle Maya ] SetState_None()
2023-03-26_14:48:11 INFO SetState_End()
2023-03-26_14:48:11 INFO SetState_None()
2023-03-26_14:48:11 INFO [ Battle StandBy ] SetState_Start()
2023-03-26_14:48:11 INFO SetState_BattleStandBy()
2023-03-26_14:49:10 INFO [ Battle StandBy ] SetState_Notify()
2023-03-26_14:50:09 INFO [ Battle StandBy ] SetState_End()
2023-03-26_14:50:10 INFO [ Battle StandBy ] SetState_None()
2023-03-26_14:50:10 INFO [ Battle Maya ] SetState_StandBy_1()
2023-03-26_14:50:10 INFO SetState_BattleOfMaya()
2023-03-26_14:52:09 INFO [ Battle Maya ] SetState_Notify_1()
2023-03-26_14:52:09 INFO [ Battle Maya ] Failed. No users at state 2
2023-03-26_14:52:09 INFO [ Battle Maya ] SetState_End()
2023-03-26_14:52:11 INFO [ Battle Maya ] SetState_EndCycle()
2023-03-26_14:52:11 INFO [ Battle Maya ] SetState_None()
2023-03-26_14:52:11 INFO SetState_End()
2023-03-26_14:52:11 INFO SetState_None()
2023-03-26_14:52:11 INFO [ Battle StandBy ] SetState_Start()
2023-03-26_14:52:11 INFO SetState_BattleStandBy()
2023-03-26_14:53:10 INFO [ Battle StandBy ] SetState_Notify()
2023-03-26_14:54:09 INFO [ Battle StandBy ] SetState_End()
2023-03-26_14:54:09 INFO [ Battle StandBy ] SetState_None()
2023-03-26_14:54:09 INFO [ Battle Maya ] SetState_StandBy_1()
2023-03-26_14:54:09 INFO SetState_BattleOfMaya()
2023-03-26_14:56:08 INFO [ Battle Maya ] SetState_Notify_1()
2023-03-26_14:56:08 INFO [ Battle Maya ] Failed. No users at state 2
2023-03-26_14:56:08 INFO [ Battle Maya ] SetState_End()
2023-03-26_14:56:10 INFO [ Battle Maya ] SetState_EndCycle()
2023-03-26_14:56:10 INFO [ Battle Maya ] SetState_None()
2023-03-26_14:56:10 INFO SetState_End()
2023-03-26_14:56:10 INFO SetState_None()
2023-03-26_14:56:10 INFO [ Battle StandBy ] SetState_Start()
2023-03-26_14:56:10 INFO SetState_BattleStandBy()
2023-03-26_14:57:09 INFO [ Battle StandBy ] SetState_Notify()
2023-03-26_14:58:08 INFO [ Battle StandBy ] SetState_End()
2023-03-26_14:58:08 INFO [ Battle StandBy ] SetState_None()
2023-03-26_14:58:08 INFO [ Battle Maya ] SetState_StandBy_1()
2023-03-26_14:58:08 INFO SetState_BattleOfMaya()
2023-03-26_15:00:07 INFO [ Battle Maya ] SetState_Notify_1()
2023-03-26_15:00:07 INFO [ Battle Maya ] Failed. No users at state 2
2023-03-26_15:00:07 INFO [ Battle Maya ] SetState_End()
2023-03-26_15:00:09 INFO [ Battle Maya ] SetState_EndCycle()
2023-03-26_15:00:09 INFO [ Battle Maya ] SetState_None()
2023-03-26_15:00:09 INFO SetState_End()
2023-03-26_15:00:09 INFO SetState_None()
2023-03-26_15:00:09 INFO [ Battle StandBy ] SetState_Start()
2023-03-26_15:00:09 INFO SetState_BattleStandBy()
2023-03-26_15:01:08 INFO [ Battle StandBy ] SetState_Notify()
2023-03-26_15:02:08 INFO [ Battle StandBy ] SetState_End()
2023-03-26_15:02:08 INFO [ Battle StandBy ] SetState_None()
2023-03-26_15:02:08 INFO [ Battle Maya ] SetState_StandBy_1()
2023-03-26_15:02:08 INFO SetState_BattleOfMaya()
2023-03-26_15:04:07 INFO [ Battle Maya ] SetState_Notify_1()
2023-03-26_15:04:07 INFO [ Battle Maya ] Failed. No users at state 2
2023-03-26_15:04:07 INFO [ Battle Maya ] SetState_End()
2023-03-26_15:04:09 INFO [ Battle Maya ] SetState_EndCycle()
2023-03-26_15:04:09 INFO [ Battle Maya ] SetState_None()
2023-03-26_15:04:09 INFO SetState_End()
2023-03-26_15:04:09 INFO SetState_None()
2023-03-26_15:04:09 INFO [ Battle StandBy ] SetState_Start()
2023-03-26_15:04:09 INFO SetState_BattleStandBy()
2023-03-26_15:05:08 INFO [ Battle StandBy ] SetState_Notify()
2023-03-26_15:06:07 INFO [ Battle StandBy ] SetState_End()
2023-03-26_15:06:07 INFO [ Battle StandBy ] SetState_None()
2023-03-26_15:06:07 INFO [ Battle Maya ] SetState_StandBy_1()
2023-03-26_15:06:07 INFO SetState_BattleOfMaya()
2023-03-26_15:08:06 INFO [ Battle Maya ] SetState_Notify_1()
2023-03-26_15:08:06 INFO [ Battle Maya ] Failed. No users at state 2
2023-03-26_15:08:06 INFO [ Battle Maya ] SetState_End()
2023-03-26_15:08:08 INFO [ Battle Maya ] SetState_EndCycle()
2023-03-26_15:08:08 INFO [ Battle Maya ] SetState_None()
2023-03-26_15:08:08 INFO SetState_End()
2023-03-26_15:08:08 INFO SetState_None()
2023-03-26_15:08:08 INFO [ Battle StandBy ] SetState_Start()
2023-03-26_15:08:08 INFO SetState_BattleStandBy()
2023-03-26_15:09:07 INFO [ Battle StandBy ] SetState_Notify()
2023-03-26_15:10:06 INFO [ Battle StandBy ] SetState_End()
2023-03-26_15:10:06 INFO [ Battle StandBy ] SetState_None()
2023-03-26_15:10:06 INFO [ Battle Maya ] SetState_StandBy_1()
2023-03-26_15:10:06 INFO SetState_BattleOfMaya()
2023-03-26_15:12:05 INFO [ Battle Maya ] SetState_Notify_1()
2023-03-26_15:12:05 INFO [ Battle Maya ] Failed. No users at state 2
2023-03-26_15:12:05 INFO [ Battle Maya ] SetState_End()
2023-03-26_15:12:07 INFO [ Battle Maya ] SetState_EndCycle()
2023-03-26_15:12:07 INFO [ Battle Maya ] SetState_None()
2023-03-26_15:12:07 INFO SetState_End()
2023-03-26_15:12:08 INFO SetState_None()
2023-03-26_15:12:08 INFO [ Battle StandBy ] SetState_Start()
2023-03-26_15:12:08 INFO SetState_BattleStandBy()
2023-03-26_15:13:07 INFO [ Battle StandBy ] SetState_Notify()
2023-03-26_15:14:06 INFO [ Battle StandBy ] SetState_End()
2023-03-26_15:14:06 INFO [ Battle StandBy ] SetState_None()
2023-03-26_15:14:06 INFO [ Battle Maya ] SetState_StandBy_1()
2023-03-26_15:14:06 INFO SetState_BattleOfMaya()
2023-03-26_15:16:05 INFO [ Battle Maya ] SetState_Notify_1()
2023-03-26_15:16:05 INFO [ Battle Maya ] Failed. No users at state 2
2023-03-26_15:16:05 INFO [ Battle Maya ] SetState_End()
2023-03-26_15:16:07 INFO [ Battle Maya ] SetState_EndCycle()
2023-03-26_15:16:07 INFO [ Battle Maya ] SetState_None()
2023-03-26_15:16:07 INFO SetState_End()
2023-03-26_15:16:07 INFO SetState_None()
2023-03-26_15:16:07 INFO [ Battle StandBy ] SetState_Start()
2023-03-26_15:16:07 INFO SetState_BattleStandBy()
2023-03-26_15:17:06 INFO [ Battle StandBy ] SetState_Notify()
2023-03-26_15:18:05 INFO [ Battle StandBy ] SetState_End()
2023-03-26_15:18:05 INFO [ Battle StandBy ] SetState_None()
2023-03-26_15:18:05 INFO [ Battle Maya ] SetState_StandBy_1()
2023-03-26_15:18:05 INFO SetState_BattleOfMaya()
2023-03-26_15:20:04 INFO [ Battle Maya ] SetState_Notify_1()
2023-03-26_15:20:04 INFO [ Battle Maya ] Failed. No users at state 2
2023-03-26_15:20:04 INFO [ Battle Maya ] SetState_End()
2023-03-26_15:20:06 INFO [ Battle Maya ] SetState_EndCycle()
2023-03-26_15:20:06 INFO [ Battle Maya ] SetState_None()
2023-03-26_15:20:06 INFO SetState_End()
2023-03-26_15:20:06 INFO SetState_None()
2023-03-26_15:20:06 INFO [ Battle StandBy ] SetState_Start()
2023-03-26_15:20:06 INFO SetState_BattleStandBy()
2023-03-26_15:21:05 INFO [ Battle StandBy ] SetState_Notify()
2023-03-26_15:22:04 INFO [ Battle StandBy ] SetState_End()
2023-03-26_15:22:04 INFO [ Battle StandBy ] SetState_None()
2023-03-26_15:22:04 INFO [ Battle Maya ] SetState_StandBy_1()
2023-03-26_15:22:04 INFO SetState_BattleOfMaya()
2023-03-26_15:24:03 INFO [ Battle Maya ] SetState_Notify_1()
2023-03-26_15:24:03 INFO [ Battle Maya ] Failed. No users at state 2
2023-03-26_15:24:03 INFO [ Battle Maya ] SetState_End()
2023-03-26_15:24:06 INFO [ Battle Maya ] SetState_EndCycle()
2023-03-26_15:24:06 INFO [ Battle Maya ] SetState_None()
2023-03-26_15:24:06 INFO SetState_End()
2023-03-26_15:24:06 INFO SetState_None()
2023-03-26_15:24:06 INFO [ Battle StandBy ] SetState_Start()
2023-03-26_15:24:06 INFO SetState_BattleStandBy()
2023-03-26_15:25:05 INFO [ Battle StandBy ] SetState_Notify()
2023-03-26_15:26:04 INFO [ Battle StandBy ] SetState_End()
2023-03-26_15:26:04 INFO [ Battle StandBy ] SetState_None()
2023-03-26_15:26:04 INFO [ Battle Maya ] SetState_StandBy_1()
2023-03-26_15:26:04 INFO SetState_BattleOfMaya()
2023-03-26_15:28:03 INFO [ Battle Maya ] SetState_Notify_1()
2023-03-26_15:28:03 INFO [ Battle Maya ] Failed. No users at state 2
2023-03-26_15:28:03 INFO [ Battle Maya ] SetState_End()
2023-03-26_15:28:05 INFO [ Battle Maya ] SetState_EndCycle()
2023-03-26_15:28:05 INFO [ Battle Maya ] SetState_None()
2023-03-26_15:28:05 INFO SetState_End()
2023-03-26_15:28:05 INFO SetState_None()
2023-03-26_15:28:05 INFO [ Battle StandBy ] SetState_Start()
2023-03-26_15:28:05 INFO SetState_BattleStandBy()
2023-03-26_15:29:04 INFO [ Battle StandBy ] SetState_Notify()
2023-03-26_15:30:03 INFO [ Battle StandBy ] SetState_End()
2023-03-26_15:30:03 INFO [ Battle StandBy ] SetState_None()
2023-03-26_15:30:03 INFO [ Battle Maya ] SetState_StandBy_1()
2023-03-26_15:30:03 INFO SetState_BattleOfMaya()
2023-03-26_15:32:02 INFO [ Battle Maya ] SetState_Notify_1()
2023-03-26_15:32:02 INFO [ Battle Maya ] Failed. No users at state 2
2023-03-26_15:32:02 INFO [ Battle Maya ] SetState_End()
2023-03-26_15:32:04 INFO [ Battle Maya ] SetState_EndCycle()
2023-03-26_15:32:04 INFO [ Battle Maya ] SetState_None()
2023-03-26_15:32:04 INFO SetState_End()
2023-03-26_15:32:04 INFO SetState_None()
2023-03-26_15:32:04 INFO [ Battle StandBy ] SetState_Start()
2023-03-26_15:32:04 INFO SetState_BattleStandBy()
2023-03-26_15:33:03 INFO [ Battle StandBy ] SetState_Notify()
2023-03-26_15:34:03 INFO [ Battle StandBy ] SetState_End()
2023-03-26_15:34:03 INFO [ Battle StandBy ] SetState_None()
2023-03-26_15:34:03 INFO [ Battle Maya ] SetState_StandBy_1()
2023-03-26_15:34:03 INFO SetState_BattleOfMaya()
2023-03-26_15:36:02 INFO [ Battle Maya ] SetState_Notify_1()
2023-03-26_15:36:02 INFO [ Battle Maya ] Failed. No users at state 2
2023-03-26_15:36:02 INFO [ Battle Maya ] SetState_End()
2023-03-26_15:36:04 INFO [ Battle Maya ] SetState_EndCycle()
2023-03-26_15:36:04 INFO [ Battle Maya ] SetState_None()
2023-03-26_15:36:04 INFO SetState_End()
2023-03-26_15:36:04 INFO SetState_None()
2023-03-26_15:36:04 INFO [ Battle StandBy ] SetState_Start()
2023-03-26_15:36:04 INFO SetState_BattleStandBy()
2023-03-26_15:37:03 INFO [ Battle StandBy ] SetState_Notify()
2023-03-26_15:38:02 INFO [ Battle StandBy ] SetState_End()
2023-03-26_15:38:02 INFO [ Battle StandBy ] SetState_None()
2023-03-26_15:38:02 INFO [ Battle Maya ] SetState_StandBy_1()
2023-03-26_15:38:02 INFO SetState_BattleOfMaya()
2023-03-26_15:40:01 INFO [ Battle Maya ] SetState_Notify_1()
2023-03-26_15:40:01 INFO [ Battle Maya ] Failed. No users at state 2
2023-03-26_15:40:01 INFO [ Battle Maya ] SetState_End()
2023-03-26_15:40:03 INFO [ Battle Maya ] SetState_EndCycle()
2023-03-26_15:40:03 INFO [ Battle Maya ] SetState_None()
2023-03-26_15:40:03 INFO SetState_End()
2023-03-26_15:40:03 INFO SetState_None()
2023-03-26_15:40:03 INFO [ Battle StandBy ] SetState_Start()
2023-03-26_15:40:03 INFO SetState_BattleStandBy()
2023-03-26_15:41:02 INFO [ Battle StandBy ] SetState_Notify()
2023-03-26_15:42:01 INFO [ Battle StandBy ] SetState_End()
2023-03-26_15:42:01 INFO [ Battle StandBy ] SetState_None()
2023-03-26_15:42:01 INFO [ Battle Maya ] SetState_StandBy_1()
2023-03-26_15:42:02 INFO SetState_BattleOfMaya()
2023-03-26_15:44:01 INFO [ Battle Maya ] SetState_Notify_1()
2023-03-26_15:44:01 INFO [ Battle Maya ] Failed. No users at state 2
2023-03-26_15:44:01 INFO [ Battle Maya ] SetState_End()
2023-03-26_15:44:03 INFO [ Battle Maya ] SetState_EndCycle()
2023-03-26_15:44:03 INFO [ Battle Maya ] SetState_None()
2023-03-26_15:44:03 INFO SetState_End()
2023-03-26_15:44:03 INFO SetState_None()
2023-03-26_15:44:03 INFO [ Battle StandBy ] SetState_Start()
2023-03-26_15:44:03 INFO SetState_BattleStandBy()
