2023-03-25_14:56:03 INFO [ Battle StandBy ] SetState_Start()
2023-03-25_14:56:03 INFO SetState_BattleStandBy()
2023-03-25_14:57:02 INFO [ Battle StandBy ] SetState_Notify()
2023-03-25_14:58:01 INFO [ Battle StandBy ] SetState_End()
2023-03-25_14:58:01 INFO [ Battle StandBy ] SetState_None()
2023-03-25_14:58:01 INFO [ Battle Maya ] SetState_StandBy_1()
2023-03-25_14:58:01 INFO SetState_BattleOfMaya()
2023-03-25_15:00:00 INFO [ Battle Maya ] SetState_Notify_1()
2023-03-25_15:00:00 INFO [ Battle Maya ] Failed. No users at state 2
2023-03-25_15:00:00 INFO [ Battle Maya ] SetState_End()
2023-03-25_15:00:02 INFO [ Battle Maya ] SetState_EndCycle()
2023-03-25_15:00:02 INFO [ Battle Maya ] SetState_None()
2023-03-25_15:00:02 INFO SetState_End()
2023-03-25_15:00:02 INFO SetState_None()
2023-03-25_15:00:02 INFO [ Battle StandBy ] SetState_Start()
2023-03-25_15:00:02 INFO SetState_BattleStandBy()
2023-03-25_15:01:01 INFO [ Battle StandBy ] SetState_Notify()
2023-03-25_15:02:00 INFO [ Battle StandBy ] SetState_End()
2023-03-25_15:02:00 INFO [ Battle StandBy ] SetState_None()
2023-03-25_15:02:00 INFO [ Battle Maya ] SetState_StandBy_1()
2023-03-25_15:02:00 INFO SetState_BattleOfMaya()
2023-03-25_15:03:59 INFO [ Battle Maya ] SetState_Notify_1()
2023-03-25_15:03:59 INFO [ Battle Maya ] Failed. No users at state 2
2023-03-25_15:03:59 INFO [ Battle Maya ] SetState_End()
2023-03-25_15:04:01 INFO [ Battle Maya ] SetState_EndCycle()
2023-03-25_15:04:01 INFO [ Battle Maya ] SetState_None()
2023-03-25_15:04:01 INFO SetState_End()
2023-03-25_15:04:01 INFO SetState_None()
2023-03-25_15:04:01 INFO [ Battle StandBy ] SetState_Start()
2023-03-25_15:04:01 INFO SetState_BattleStandBy()
