2023-03-30_17:03:46 INFO [ Battle StandBy ] SetState_Start()
2023-03-30_17:03:46 INFO SetState_BattleStandBy()
2023-03-30_17:04:45 INFO [ Battle StandBy ] SetState_Notify()
2023-03-30_17:05:44 INFO [ Battle StandBy ] SetState_End()
2023-03-30_17:05:44 INFO [ Battle StandBy ] SetState_None()
2023-03-30_17:05:44 INFO [ Battle Maya ] SetState_StandBy_1()
2023-03-30_17:05:44 INFO SetState_BattleOfMaya()
2023-03-30_17:07:43 INFO [ Battle Maya ] SetState_Notify_1()
2023-03-30_17:07:43 INFO [ Battle Maya ] Failed. No users at state 2
2023-03-30_17:07:43 INFO [ Battle Maya ] SetState_End()
2023-03-30_17:07:45 INFO [ Battle Maya ] SetState_EndCycle()
2023-03-30_17:07:45 INFO [ Battle Maya ] SetState_None()
2023-03-30_17:07:45 INFO SetState_End()
2023-03-30_17:07:45 INFO SetState_None()
2023-03-30_17:07:45 INFO [ Battle StandBy ] SetState_Start()
2023-03-30_17:07:45 INFO SetState_BattleStandBy()
2023-03-30_17:08:44 INFO [ Battle StandBy ] SetState_Notify()
2023-03-30_17:09:43 INFO [ Battle StandBy ] SetState_End()
2023-03-30_17:09:43 INFO [ Battle StandBy ] SetState_None()
2023-03-30_17:09:43 INFO [ Battle Maya ] SetState_StandBy_1()
2023-03-30_17:09:43 INFO SetState_BattleOfMaya()
2023-03-30_17:11:42 INFO [ Battle Maya ] SetState_Notify_1()
2023-03-30_17:11:42 INFO [ Battle Maya ] Failed. No users at state 2
2023-03-30_17:11:42 INFO [ Battle Maya ] SetState_End()
2023-03-30_17:11:44 INFO [ Battle Maya ] SetState_EndCycle()
2023-03-30_17:11:44 INFO [ Battle Maya ] SetState_None()
2023-03-30_17:11:44 INFO SetState_End()
2023-03-30_17:11:44 INFO SetState_None()
2023-03-30_17:11:44 INFO [ Battle StandBy ] SetState_Start()
2023-03-30_17:11:44 INFO SetState_BattleStandBy()
2023-03-30_17:12:44 INFO [ Battle StandBy ] SetState_Notify()
2023-03-30_17:13:43 INFO [ Battle StandBy ] SetState_End()
2023-03-30_17:13:43 INFO [ Battle StandBy ] SetState_None()
2023-03-30_17:13:43 INFO [ Battle Maya ] SetState_StandBy_1()
2023-03-30_17:13:43 INFO SetState_BattleOfMaya()
2023-03-30_17:15:42 INFO [ Battle Maya ] SetState_Notify_1()
2023-03-30_17:15:42 INFO [ Battle Maya ] Failed. No users at state 2
2023-03-30_17:15:42 INFO [ Battle Maya ] SetState_End()
2023-03-30_17:15:44 INFO [ Battle Maya ] SetState_EndCycle()
2023-03-30_17:15:44 INFO [ Battle Maya ] SetState_None()
2023-03-30_17:15:44 INFO SetState_End()
2023-03-30_17:15:44 INFO SetState_None()
2023-03-30_17:15:44 INFO [ Battle StandBy ] SetState_Start()
2023-03-30_17:15:44 INFO SetState_BattleStandBy()
2023-03-30_17:16:43 INFO [ Battle StandBy ] SetState_Notify()
2023-03-30_17:17:42 INFO [ Battle StandBy ] SetState_End()
2023-03-30_17:17:42 INFO [ Battle StandBy ] SetState_None()
2023-03-30_17:17:42 INFO [ Battle Maya ] SetState_StandBy_1()
2023-03-30_17:17:42 INFO SetState_BattleOfMaya()
2023-03-30_17:19:41 INFO [ Battle Maya ] SetState_Notify_1()
2023-03-30_17:19:41 INFO [ Battle Maya ] Failed. No users at state 2
2023-03-30_17:19:41 INFO [ Battle Maya ] SetState_End()
2023-03-30_17:19:43 INFO [ Battle Maya ] SetState_EndCycle()
2023-03-30_17:19:43 INFO [ Battle Maya ] SetState_None()
2023-03-30_17:19:43 INFO SetState_End()
2023-03-30_17:19:43 INFO SetState_None()
2023-03-30_17:19:43 INFO [ Battle StandBy ] SetState_Start()
2023-03-30_17:19:43 INFO SetState_BattleStandBy()
2023-03-30_17:20:42 INFO [ Battle StandBy ] SetState_Notify()
2023-03-30_17:21:41 INFO [ Battle StandBy ] SetState_End()
2023-03-30_17:21:41 INFO [ Battle StandBy ] SetState_None()
2023-03-30_17:21:41 INFO [ Battle Maya ] SetState_StandBy_1()
2023-03-30_17:21:41 INFO SetState_BattleOfMaya()
2023-03-30_17:23:40 INFO [ Battle Maya ] SetState_Notify_1()
2023-03-30_17:23:40 INFO [ Battle Maya ] Failed. No users at state 2
2023-03-30_17:23:40 INFO [ Battle Maya ] SetState_End()
2023-03-30_17:23:42 INFO [ Battle Maya ] SetState_EndCycle()
2023-03-30_17:23:42 INFO [ Battle Maya ] SetState_None()
2023-03-30_17:23:42 INFO SetState_End()
2023-03-30_17:23:42 INFO SetState_None()
2023-03-30_17:23:43 INFO [ Battle StandBy ] SetState_Start()
2023-03-30_17:23:43 INFO SetState_BattleStandBy()
2023-03-30_17:24:42 INFO [ Battle StandBy ] SetState_Notify()
2023-03-30_17:25:41 INFO [ Battle StandBy ] SetState_End()
2023-03-30_17:25:41 INFO [ Battle StandBy ] SetState_None()
2023-03-30_17:25:41 INFO [ Battle Maya ] SetState_StandBy_1()
2023-03-30_17:25:41 INFO SetState_BattleOfMaya()
2023-03-30_17:27:40 INFO [ Battle Maya ] SetState_Notify_1()
2023-03-30_17:27:40 INFO [ Battle Maya ] Failed. No users at state 2
2023-03-30_17:27:40 INFO [ Battle Maya ] SetState_End()
2023-03-30_17:27:42 INFO [ Battle Maya ] SetState_EndCycle()
2023-03-30_17:27:42 INFO [ Battle Maya ] SetState_None()
2023-03-30_17:27:42 INFO SetState_End()
2023-03-30_17:27:42 INFO SetState_None()
2023-03-30_17:27:42 INFO [ Battle StandBy ] SetState_Start()
2023-03-30_17:27:42 INFO SetState_BattleStandBy()
2023-03-30_17:28:41 INFO [ Battle StandBy ] SetState_Notify()
2023-03-30_17:29:40 INFO [ Battle StandBy ] SetState_End()
2023-03-30_17:29:40 INFO [ Battle StandBy ] SetState_None()
2023-03-30_17:29:40 INFO [ Battle Maya ] SetState_StandBy_1()
2023-03-30_17:29:40 INFO SetState_BattleOfMaya()
2023-03-30_17:31:39 INFO [ Battle Maya ] SetState_Notify_1()
2023-03-30_17:31:39 INFO [ Battle Maya ] Failed. No users at state 2
2023-03-30_17:31:39 INFO [ Battle Maya ] SetState_End()
2023-03-30_17:31:41 INFO [ Battle Maya ] SetState_EndCycle()
2023-03-30_17:31:41 INFO [ Battle Maya ] SetState_None()
2023-03-30_17:31:41 INFO SetState_End()
2023-03-30_17:31:41 INFO SetState_None()
2023-03-30_17:31:41 INFO [ Battle StandBy ] SetState_Start()
2023-03-30_17:31:41 INFO SetState_BattleStandBy()
2023-03-30_17:32:40 INFO [ Battle StandBy ] SetState_Notify()
2023-03-30_17:33:39 INFO [ Battle StandBy ] SetState_End()
2023-03-30_17:33:40 INFO [ Battle StandBy ] SetState_None()
2023-03-30_17:33:40 INFO [ Battle Maya ] SetState_StandBy_1()
2023-03-30_17:33:40 INFO SetState_BattleOfMaya()
2023-03-30_17:35:39 INFO [ Battle Maya ] SetState_Notify_1()
2023-03-30_17:35:39 INFO [ Battle Maya ] Failed. No users at state 2
2023-03-30_17:35:39 INFO [ Battle Maya ] SetState_End()
2023-03-30_17:35:41 INFO [ Battle Maya ] SetState_EndCycle()
2023-03-30_17:35:41 INFO [ Battle Maya ] SetState_None()
2023-03-30_17:35:41 INFO SetState_End()
2023-03-30_17:35:41 INFO SetState_None()
2023-03-30_17:35:41 INFO [ Battle StandBy ] SetState_Start()
2023-03-30_17:35:41 INFO SetState_BattleStandBy()
2023-03-30_17:36:40 INFO [ Battle StandBy ] SetState_Notify()
2023-03-30_17:37:39 INFO [ Battle StandBy ] SetState_End()
2023-03-30_17:37:39 INFO [ Battle StandBy ] SetState_None()
2023-03-30_17:37:39 INFO [ Battle Maya ] SetState_StandBy_1()
2023-03-30_17:37:39 INFO SetState_BattleOfMaya()
2023-03-30_17:39:38 INFO [ Battle Maya ] SetState_Notify_1()
2023-03-30_17:39:38 INFO [ Battle Maya ] Failed. No users at state 2
2023-03-30_17:39:38 INFO [ Battle Maya ] SetState_End()
2023-03-30_17:39:40 INFO [ Battle Maya ] SetState_EndCycle()
2023-03-30_17:39:40 INFO [ Battle Maya ] SetState_None()
2023-03-30_17:39:40 INFO SetState_End()
2023-03-30_17:39:40 INFO SetState_None()
2023-03-30_17:39:40 INFO [ Battle StandBy ] SetState_Start()
2023-03-30_17:39:40 INFO SetState_BattleStandBy()
2023-03-30_17:40:39 INFO [ Battle StandBy ] SetState_Notify()
2023-03-30_17:41:38 INFO [ Battle StandBy ] SetState_End()
2023-03-30_17:41:38 INFO [ Battle StandBy ] SetState_None()
2023-03-30_17:41:38 INFO [ Battle Maya ] SetState_StandBy_1()
2023-03-30_17:41:38 INFO SetState_BattleOfMaya()
2023-03-30_17:43:37 INFO [ Battle Maya ] SetState_Notify_1()
2023-03-30_17:43:37 INFO [ Battle Maya ] Failed. No users at state 2
2023-03-30_17:43:37 INFO [ Battle Maya ] SetState_End()
2023-03-30_17:43:39 INFO [ Battle Maya ] SetState_EndCycle()
2023-03-30_17:43:39 INFO [ Battle Maya ] SetState_None()
2023-03-30_17:43:39 INFO SetState_End()
2023-03-30_17:43:40 INFO SetState_None()
2023-03-30_17:43:40 INFO [ Battle StandBy ] SetState_Start()
2023-03-30_17:43:40 INFO SetState_BattleStandBy()
2023-03-30_17:44:39 INFO [ Battle StandBy ] SetState_Notify()
2023-03-30_17:45:38 INFO [ Battle StandBy ] SetState_End()
2023-03-30_17:45:38 INFO [ Battle StandBy ] SetState_None()
2023-03-30_17:45:38 INFO [ Battle Maya ] SetState_StandBy_1()
2023-03-30_17:45:38 INFO SetState_BattleOfMaya()
2023-03-30_17:47:37 INFO [ Battle Maya ] SetState_Notify_1()
2023-03-30_17:47:37 INFO [ Battle Maya ] Failed. No users at state 2
2023-03-30_17:47:37 INFO [ Battle Maya ] SetState_End()
2023-03-30_17:47:39 INFO [ Battle Maya ] SetState_EndCycle()
2023-03-30_17:47:39 INFO [ Battle Maya ] SetState_None()
2023-03-30_17:47:39 INFO SetState_End()
2023-03-30_17:47:39 INFO SetState_None()
2023-03-30_17:47:39 INFO [ Battle StandBy ] SetState_Start()
2023-03-30_17:47:39 INFO SetState_BattleStandBy()
2023-03-30_17:48:38 INFO [ Battle StandBy ] SetState_Notify()
2023-03-30_17:49:37 INFO [ Battle StandBy ] SetState_End()
2023-03-30_17:49:37 INFO [ Battle StandBy ] SetState_None()
2023-03-30_17:49:37 INFO [ Battle Maya ] SetState_StandBy_1()
2023-03-30_17:49:37 INFO SetState_BattleOfMaya()
2023-03-30_17:51:36 INFO [ Battle Maya ] SetState_Notify_1()
2023-03-30_17:51:36 INFO [ Battle Maya ] Failed. No users at state 2
2023-03-30_17:51:36 INFO [ Battle Maya ] SetState_End()
2023-03-30_17:51:38 INFO [ Battle Maya ] SetState_EndCycle()
2023-03-30_17:51:38 INFO [ Battle Maya ] SetState_None()
2023-03-30_17:51:38 INFO SetState_End()
2023-03-30_17:51:38 INFO SetState_None()
2023-03-30_17:51:38 INFO [ Battle StandBy ] SetState_Start()
2023-03-30_17:51:38 INFO SetState_BattleStandBy()
2023-03-30_17:52:37 INFO [ Battle StandBy ] SetState_Notify()
2023-03-30_17:53:36 INFO [ Battle StandBy ] SetState_End()
2023-03-30_17:53:37 INFO [ Battle StandBy ] SetState_None()
2023-03-30_17:53:37 INFO [ Battle Maya ] SetState_StandBy_1()
2023-03-30_17:53:37 INFO SetState_BattleOfMaya()
2023-03-30_17:55:36 INFO [ Battle Maya ] SetState_Notify_1()
2023-03-30_17:55:36 INFO [ Battle Maya ] Failed. No users at state 2
2023-03-30_17:55:36 INFO [ Battle Maya ] SetState_End()
2023-03-30_17:55:38 INFO [ Battle Maya ] SetState_EndCycle()
2023-03-30_17:55:38 INFO [ Battle Maya ] SetState_None()
2023-03-30_17:55:38 INFO SetState_End()
2023-03-30_17:55:38 INFO SetState_None()
2023-03-30_17:55:38 INFO [ Battle StandBy ] SetState_Start()
2023-03-30_17:55:38 INFO SetState_BattleStandBy()
2023-03-30_17:56:37 INFO [ Battle StandBy ] SetState_Notify()
2023-03-30_17:57:36 INFO [ Battle StandBy ] SetState_End()
2023-03-30_17:57:36 INFO [ Battle StandBy ] SetState_None()
2023-03-30_17:57:36 INFO [ Battle Maya ] SetState_StandBy_1()
2023-03-30_17:57:36 INFO SetState_BattleOfMaya()
2023-03-30_17:59:35 INFO [ Battle Maya ] SetState_Notify_1()
2023-03-30_17:59:35 INFO [ Battle Maya ] Failed. No users at state 2
2023-03-30_17:59:35 INFO [ Battle Maya ] SetState_End()
2023-03-30_17:59:37 INFO [ Battle Maya ] SetState_EndCycle()
2023-03-30_17:59:37 INFO [ Battle Maya ] SetState_None()
2023-03-30_17:59:37 INFO SetState_End()
2023-03-30_17:59:37 INFO SetState_None()
2023-03-30_17:59:37 INFO [ Battle StandBy ] SetState_Start()
2023-03-30_17:59:37 INFO SetState_BattleStandBy()
2023-03-30_18:00:36 INFO [ Battle StandBy ] SetState_Notify()
2023-03-30_18:01:35 INFO [ Battle StandBy ] SetState_End()
2023-03-30_18:01:35 INFO [ Battle StandBy ] SetState_None()
2023-03-30_18:01:35 INFO [ Battle Maya ] SetState_StandBy_1()
2023-03-30_18:01:35 INFO SetState_BattleOfMaya()
2023-03-30_18:03:34 INFO [ Battle Maya ] SetState_Notify_1()
2023-03-30_18:03:34 INFO [ Battle Maya ] Failed. No users at state 2
2023-03-30_18:03:34 INFO [ Battle Maya ] SetState_End()
2023-03-30_18:03:36 INFO [ Battle Maya ] SetState_EndCycle()
2023-03-30_18:03:37 INFO [ Battle Maya ] SetState_None()
2023-03-30_18:03:37 INFO SetState_End()
2023-03-30_18:03:37 INFO SetState_None()
2023-03-30_18:03:37 INFO [ Battle StandBy ] SetState_Start()
2023-03-30_18:03:37 INFO SetState_BattleStandBy()
2023-03-30_18:04:36 INFO [ Battle StandBy ] SetState_Notify()
2023-03-30_18:05:35 INFO [ Battle StandBy ] SetState_End()
2023-03-30_18:05:35 INFO [ Battle StandBy ] SetState_None()
2023-03-30_18:05:35 INFO [ Battle Maya ] SetState_StandBy_1()
2023-03-30_18:05:35 INFO SetState_BattleOfMaya()
2023-03-30_18:07:34 INFO [ Battle Maya ] SetState_Notify_1()
2023-03-30_18:07:34 INFO [ Battle Maya ] Failed. No users at state 2
2023-03-30_18:07:34 INFO [ Battle Maya ] SetState_End()
2023-03-30_18:07:36 INFO [ Battle Maya ] SetState_EndCycle()
2023-03-30_18:07:36 INFO [ Battle Maya ] SetState_None()
2023-03-30_18:07:36 INFO SetState_End()
2023-03-30_18:07:36 INFO SetState_None()
2023-03-30_18:07:36 INFO [ Battle StandBy ] SetState_Start()
2023-03-30_18:07:36 INFO SetState_BattleStandBy()
2023-03-30_18:08:35 INFO [ Battle StandBy ] SetState_Notify()
2023-03-30_18:09:34 INFO [ Battle StandBy ] SetState_End()
2023-03-30_18:09:34 INFO [ Battle StandBy ] SetState_None()
2023-03-30_18:09:34 INFO [ Battle Maya ] SetState_StandBy_1()
2023-03-30_18:09:34 INFO SetState_BattleOfMaya()
2023-03-30_18:11:33 INFO [ Battle Maya ] SetState_Notify_1()
2023-03-30_18:11:33 INFO [ Battle Maya ] Failed. No users at state 2
2023-03-30_18:11:33 INFO [ Battle Maya ] SetState_End()
2023-03-30_18:11:35 INFO [ Battle Maya ] SetState_EndCycle()
2023-03-30_18:11:35 INFO [ Battle Maya ] SetState_None()
2023-03-30_18:11:35 INFO SetState_End()
2023-03-30_18:11:35 INFO SetState_None()
2023-03-30_18:11:35 INFO [ Battle StandBy ] SetState_Start()
2023-03-30_18:11:35 INFO SetState_BattleStandBy()
2023-03-30_18:12:34 INFO [ Battle StandBy ] SetState_Notify()
2023-03-30_18:13:33 INFO [ Battle StandBy ] SetState_End()
2023-03-30_18:13:34 INFO [ Battle StandBy ] SetState_None()
2023-03-30_18:13:34 INFO [ Battle Maya ] SetState_StandBy_1()
2023-03-30_18:13:34 INFO SetState_BattleOfMaya()
2023-03-30_18:15:33 INFO [ Battle Maya ] SetState_Notify_1()
2023-03-30_18:15:33 INFO [ Battle Maya ] Failed. No users at state 2
2023-03-30_18:15:33 INFO [ Battle Maya ] SetState_End()
2023-03-30_18:15:35 INFO [ Battle Maya ] SetState_EndCycle()
2023-03-30_18:15:35 INFO [ Battle Maya ] SetState_None()
2023-03-30_18:15:35 INFO SetState_End()
2023-03-30_18:15:35 INFO SetState_None()
2023-03-30_18:15:35 INFO [ Battle StandBy ] SetState_Start()
2023-03-30_18:15:35 INFO SetState_BattleStandBy()
2023-03-30_18:16:34 INFO [ Battle StandBy ] SetState_Notify()
2023-03-30_18:17:33 INFO [ Battle StandBy ] SetState_End()
2023-03-30_18:17:33 INFO [ Battle StandBy ] SetState_None()
2023-03-30_18:17:33 INFO [ Battle Maya ] SetState_StandBy_1()
2023-03-30_18:17:33 INFO SetState_BattleOfMaya()
2023-03-30_18:19:32 INFO [ Battle Maya ] SetState_Notify_1()
2023-03-30_18:19:32 INFO [ Battle Maya ] Failed. No users at state 2
2023-03-30_18:19:32 INFO [ Battle Maya ] SetState_End()
2023-03-30_18:19:34 INFO [ Battle Maya ] SetState_EndCycle()
2023-03-30_18:19:34 INFO [ Battle Maya ] SetState_None()
2023-03-30_18:19:34 INFO SetState_End()
2023-03-30_18:19:34 INFO SetState_None()
2023-03-30_18:19:34 INFO [ Battle StandBy ] SetState_Start()
2023-03-30_18:19:34 INFO SetState_BattleStandBy()
2023-03-30_18:20:33 INFO [ Battle StandBy ] SetState_Notify()
2023-03-30_18:21:32 INFO [ Battle StandBy ] SetState_End()
2023-03-30_18:21:32 INFO [ Battle StandBy ] SetState_None()
2023-03-30_18:21:32 INFO [ Battle Maya ] SetState_StandBy_1()
2023-03-30_18:21:32 INFO SetState_BattleOfMaya()
2023-03-30_18:23:31 INFO [ Battle Maya ] SetState_Notify_1()
2023-03-30_18:23:31 INFO [ Battle Maya ] Failed. No users at state 2
2023-03-30_18:23:31 INFO [ Battle Maya ] SetState_End()
2023-03-30_18:23:33 INFO [ Battle Maya ] SetState_EndCycle()
2023-03-30_18:23:33 INFO [ Battle Maya ] SetState_None()
2023-03-30_18:23:33 INFO SetState_End()
2023-03-30_18:23:34 INFO SetState_None()
2023-03-30_18:23:34 INFO [ Battle StandBy ] SetState_Start()
2023-03-30_18:23:34 INFO SetState_BattleStandBy()
2023-03-30_18:24:33 INFO [ Battle StandBy ] SetState_Notify()
2023-03-30_18:25:32 INFO [ Battle StandBy ] SetState_End()
2023-03-30_18:25:32 INFO [ Battle StandBy ] SetState_None()
2023-03-30_18:25:32 INFO [ Battle Maya ] SetState_StandBy_1()
2023-03-30_18:25:32 INFO SetState_BattleOfMaya()
2023-03-30_18:27:31 INFO [ Battle Maya ] SetState_Notify_1()
2023-03-30_18:27:31 INFO [ Battle Maya ] Failed. No users at state 2
2023-03-30_18:27:31 INFO [ Battle Maya ] SetState_End()
2023-03-30_18:27:33 INFO [ Battle Maya ] SetState_EndCycle()
2023-03-30_18:27:33 INFO [ Battle Maya ] SetState_None()
2023-03-30_18:27:33 INFO SetState_End()
2023-03-30_18:27:33 INFO SetState_None()
2023-03-30_18:27:33 INFO [ Battle StandBy ] SetState_Start()
2023-03-30_18:27:33 INFO SetState_BattleStandBy()
2023-03-30_18:28:32 INFO [ Battle StandBy ] SetState_Notify()
2023-03-30_18:29:31 INFO [ Battle StandBy ] SetState_End()
2023-03-30_18:29:31 INFO [ Battle StandBy ] SetState_None()
2023-03-30_18:29:31 INFO [ Battle Maya ] SetState_StandBy_1()
2023-03-30_18:29:31 INFO SetState_BattleOfMaya()
2023-03-30_18:31:30 INFO [ Battle Maya ] SetState_Notify_1()
2023-03-30_18:31:30 INFO [ Battle Maya ] Failed. No users at state 2
2023-03-30_18:31:30 INFO [ Battle Maya ] SetState_End()
2023-03-30_18:31:32 INFO [ Battle Maya ] SetState_EndCycle()
2023-03-30_18:31:32 INFO [ Battle Maya ] SetState_None()
2023-03-30_18:31:32 INFO SetState_End()
2023-03-30_18:31:32 INFO SetState_None()
2023-03-30_18:31:32 INFO [ Battle StandBy ] SetState_Start()
2023-03-30_18:31:32 INFO SetState_BattleStandBy()
2023-03-30_18:32:31 INFO [ Battle StandBy ] SetState_Notify()
2023-03-30_18:33:30 INFO [ Battle StandBy ] SetState_End()
2023-03-30_18:33:30 INFO [ Battle StandBy ] SetState_None()
2023-03-30_18:33:30 INFO [ Battle Maya ] SetState_StandBy_1()
2023-03-30_18:33:30 INFO SetState_BattleOfMaya()
2023-03-30_18:35:30 INFO [ Battle Maya ] SetState_Notify_1()
2023-03-30_18:35:30 INFO [ Battle Maya ] Failed. No users at state 2
2023-03-30_18:35:30 INFO [ Battle Maya ] SetState_End()
2023-03-30_18:35:32 INFO [ Battle Maya ] SetState_EndCycle()
2023-03-30_18:35:32 INFO [ Battle Maya ] SetState_None()
2023-03-30_18:35:32 INFO SetState_End()
2023-03-30_18:35:32 INFO SetState_None()
2023-03-30_18:35:32 INFO [ Battle StandBy ] SetState_Start()
2023-03-30_18:35:32 INFO SetState_BattleStandBy()
2023-03-30_18:36:31 INFO [ Battle StandBy ] SetState_Notify()
2023-03-30_18:37:30 INFO [ Battle StandBy ] SetState_End()
2023-03-30_18:37:30 INFO [ Battle StandBy ] SetState_None()
2023-03-30_18:37:30 INFO [ Battle Maya ] SetState_StandBy_1()
2023-03-30_18:37:30 INFO SetState_BattleOfMaya()
2023-03-30_18:39:29 INFO [ Battle Maya ] SetState_Notify_1()
2023-03-30_18:39:29 INFO [ Battle Maya ] Failed. No users at state 2
2023-03-30_18:39:29 INFO [ Battle Maya ] SetState_End()
2023-03-30_18:39:31 INFO [ Battle Maya ] SetState_EndCycle()
2023-03-30_18:39:31 INFO [ Battle Maya ] SetState_None()
2023-03-30_18:39:31 INFO SetState_End()
2023-03-30_18:39:31 INFO SetState_None()
2023-03-30_18:39:31 INFO [ Battle StandBy ] SetState_Start()
2023-03-30_18:39:31 INFO SetState_BattleStandBy()
2023-03-30_18:40:30 INFO [ Battle StandBy ] SetState_Notify()
2023-03-30_18:41:29 INFO [ Battle StandBy ] SetState_End()
2023-03-30_18:41:29 INFO [ Battle StandBy ] SetState_None()
2023-03-30_18:41:29 INFO [ Battle Maya ] SetState_StandBy_1()
2023-03-30_18:41:29 INFO SetState_BattleOfMaya()
2023-03-30_18:43:28 INFO [ Battle Maya ] SetState_Notify_1()
2023-03-30_18:43:28 INFO [ Battle Maya ] Failed. No users at state 2
2023-03-30_18:43:28 INFO [ Battle Maya ] SetState_End()
2023-03-30_18:43:30 INFO [ Battle Maya ] SetState_EndCycle()
2023-03-30_18:43:30 INFO [ Battle Maya ] SetState_None()
2023-03-30_18:43:31 INFO SetState_End()
2023-03-30_18:43:31 INFO SetState_None()
2023-03-30_18:43:31 INFO [ Battle StandBy ] SetState_Start()
2023-03-30_18:43:31 INFO SetState_BattleStandBy()
2023-03-30_18:44:30 INFO [ Battle StandBy ] SetState_Notify()
2023-03-30_18:45:29 INFO [ Battle StandBy ] SetState_End()
2023-03-30_18:45:29 INFO [ Battle StandBy ] SetState_None()
2023-03-30_18:45:29 INFO [ Battle Maya ] SetState_StandBy_1()
2023-03-30_18:45:29 INFO SetState_BattleOfMaya()
2023-03-30_18:47:28 INFO [ Battle Maya ] SetState_Notify_1()
2023-03-30_18:47:28 INFO [ Battle Maya ] Failed. No users at state 2
2023-03-30_18:47:28 INFO [ Battle Maya ] SetState_End()
2023-03-30_18:47:30 INFO [ Battle Maya ] SetState_EndCycle()
2023-03-30_18:47:30 INFO [ Battle Maya ] SetState_None()
2023-03-30_18:47:30 INFO SetState_End()
2023-03-30_18:47:30 INFO SetState_None()
2023-03-30_18:47:30 INFO [ Battle StandBy ] SetState_Start()
2023-03-30_18:47:30 INFO SetState_BattleStandBy()
2023-03-30_18:48:29 INFO [ Battle StandBy ] SetState_Notify()
2023-03-30_18:49:28 INFO [ Battle StandBy ] SetState_End()
2023-03-30_18:49:28 INFO [ Battle StandBy ] SetState_None()
2023-03-30_18:49:28 INFO [ Battle Maya ] SetState_StandBy_1()
2023-03-30_18:49:28 INFO SetState_BattleOfMaya()
2023-03-30_18:51:27 INFO [ Battle Maya ] SetState_Notify_1()
2023-03-30_18:51:27 INFO [ Battle Maya ] Failed. No users at state 2
2023-03-30_18:51:27 INFO [ Battle Maya ] SetState_End()
2023-03-30_18:51:29 INFO [ Battle Maya ] SetState_EndCycle()
2023-03-30_18:51:29 INFO [ Battle Maya ] SetState_None()
2023-03-30_18:51:29 INFO SetState_End()
2023-03-30_18:51:29 INFO SetState_None()
2023-03-30_18:51:29 INFO [ Battle StandBy ] SetState_Start()
2023-03-30_18:51:29 INFO SetState_BattleStandBy()
2023-03-30_18:52:28 INFO [ Battle StandBy ] SetState_Notify()
2023-03-30_18:53:27 INFO [ Battle StandBy ] SetState_End()
2023-03-30_18:53:27 INFO [ Battle StandBy ] SetState_None()
2023-03-30_18:53:27 INFO [ Battle Maya ] SetState_StandBy_1()
2023-03-30_18:53:27 INFO SetState_BattleOfMaya()
2023-03-30_18:55:26 INFO [ Battle Maya ] SetState_Notify_1()
2023-03-30_18:55:27 INFO [ Battle Maya ] Failed. No users at state 2
2023-03-30_18:55:27 INFO [ Battle Maya ] SetState_End()
2023-03-30_18:55:29 INFO [ Battle Maya ] SetState_EndCycle()
2023-03-30_18:55:29 INFO [ Battle Maya ] SetState_None()
2023-03-30_18:55:29 INFO SetState_End()
2023-03-30_18:55:29 INFO SetState_None()
2023-03-30_18:55:29 INFO [ Battle StandBy ] SetState_Start()
2023-03-30_18:55:29 INFO SetState_BattleStandBy()
2023-03-30_18:56:28 INFO [ Battle StandBy ] SetState_Notify()
2023-03-30_18:57:27 INFO [ Battle StandBy ] SetState_End()
2023-03-30_18:57:27 INFO [ Battle StandBy ] SetState_None()
2023-03-30_18:57:27 INFO [ Battle Maya ] SetState_StandBy_1()
2023-03-30_18:57:27 INFO SetState_BattleOfMaya()
2023-03-30_18:59:26 INFO [ Battle Maya ] SetState_Notify_1()
2023-03-30_18:59:26 INFO [ Battle Maya ] Failed. No users at state 2
2023-03-30_18:59:26 INFO [ Battle Maya ] SetState_End()
2023-03-30_18:59:28 INFO [ Battle Maya ] SetState_EndCycle()
2023-03-30_18:59:28 INFO [ Battle Maya ] SetState_None()
2023-03-30_18:59:28 INFO SetState_End()
2023-03-30_18:59:28 INFO SetState_None()
2023-03-30_18:59:28 INFO [ Battle StandBy ] SetState_Start()
2023-03-30_18:59:28 INFO SetState_BattleStandBy()
2023-03-30_19:00:27 INFO [ Battle StandBy ] SetState_Notify()
2023-03-30_19:01:26 INFO [ Battle StandBy ] SetState_End()
2023-03-30_19:01:26 INFO [ Battle StandBy ] SetState_None()
2023-03-30_19:01:26 INFO [ Battle Maya ] SetState_StandBy_1()
2023-03-30_19:01:26 INFO SetState_BattleOfMaya()
2023-03-30_19:03:25 INFO [ Battle Maya ] SetState_Notify_1()
2023-03-30_19:03:25 INFO [ Battle Maya ] Failed. No users at state 2
2023-03-30_19:03:25 INFO [ Battle Maya ] SetState_End()
2023-03-30_19:03:28 INFO [ Battle Maya ] SetState_EndCycle()
2023-03-30_19:03:28 INFO [ Battle Maya ] SetState_None()
2023-03-30_19:03:28 INFO SetState_End()
2023-03-30_19:03:28 INFO SetState_None()
2023-03-30_19:03:28 INFO [ Battle StandBy ] SetState_Start()
2023-03-30_19:03:28 INFO SetState_BattleStandBy()
2023-03-30_19:04:27 INFO [ Battle StandBy ] SetState_Notify()
2023-03-30_19:05:26 INFO [ Battle StandBy ] SetState_End()
2023-03-30_19:05:26 INFO [ Battle StandBy ] SetState_None()
2023-03-30_19:05:26 INFO [ Battle Maya ] SetState_StandBy_1()
2023-03-30_19:05:26 INFO SetState_BattleOfMaya()
2023-03-30_19:07:25 INFO [ Battle Maya ] SetState_Notify_1()
2023-03-30_19:07:25 INFO [ Battle Maya ] Failed. No users at state 2
2023-03-30_19:07:25 INFO [ Battle Maya ] SetState_End()
2023-03-30_19:07:27 INFO [ Battle Maya ] SetState_EndCycle()
2023-03-30_19:07:27 INFO [ Battle Maya ] SetState_None()
2023-03-30_19:07:27 INFO SetState_End()
2023-03-30_19:07:27 INFO SetState_None()
2023-03-30_19:07:27 INFO [ Battle StandBy ] SetState_Start()
2023-03-30_19:07:27 INFO SetState_BattleStandBy()
2023-03-30_19:08:26 INFO [ Battle StandBy ] SetState_Notify()
2023-03-30_19:09:25 INFO [ Battle StandBy ] SetState_End()
2023-03-30_19:09:25 INFO [ Battle StandBy ] SetState_None()
2023-03-30_19:09:25 INFO [ Battle Maya ] SetState_StandBy_1()
2023-03-30_19:09:25 INFO SetState_BattleOfMaya()
2023-03-30_19:11:24 INFO [ Battle Maya ] SetState_Notify_1()
2023-03-30_19:11:24 INFO [ Battle Maya ] Failed. No users at state 2
2023-03-30_19:11:24 INFO [ Battle Maya ] SetState_End()
2023-03-30_19:11:27 INFO [ Battle Maya ] SetState_EndCycle()
2023-03-30_19:11:27 INFO [ Battle Maya ] SetState_None()
2023-03-30_19:11:27 INFO SetState_End()
2023-03-30_19:11:27 INFO SetState_None()
2023-03-30_19:11:27 INFO [ Battle StandBy ] SetState_Start()
2023-03-30_19:11:27 INFO SetState_BattleStandBy()
2023-03-30_19:12:26 INFO [ Battle StandBy ] SetState_Notify()
2023-03-30_19:13:25 INFO [ Battle StandBy ] SetState_End()
2023-03-30_19:13:25 INFO [ Battle StandBy ] SetState_None()
2023-03-30_19:13:25 INFO [ Battle Maya ] SetState_StandBy_1()
2023-03-30_19:13:25 INFO SetState_BattleOfMaya()
2023-03-30_19:15:24 INFO [ Battle Maya ] SetState_Notify_1()
2023-03-30_19:15:24 INFO [ Battle Maya ] Failed. No users at state 2
2023-03-30_19:15:24 INFO [ Battle Maya ] SetState_End()
2023-03-30_19:15:26 INFO [ Battle Maya ] SetState_EndCycle()
2023-03-30_19:15:26 INFO [ Battle Maya ] SetState_None()
2023-03-30_19:15:26 INFO SetState_End()
2023-03-30_19:15:26 INFO SetState_None()
2023-03-30_19:15:26 INFO [ Battle StandBy ] SetState_Start()
2023-03-30_19:15:26 INFO SetState_BattleStandBy()
2023-03-30_19:16:25 INFO [ Battle StandBy ] SetState_Notify()
2023-03-30_19:17:24 INFO [ Battle StandBy ] SetState_End()
2023-03-30_19:17:24 INFO [ Battle StandBy ] SetState_None()
2023-03-30_19:17:24 INFO [ Battle Maya ] SetState_StandBy_1()
2023-03-30_19:17:24 INFO SetState_BattleOfMaya()
2023-03-30_19:19:23 INFO [ Battle Maya ] SetState_Notify_1()
2023-03-30_19:19:23 INFO [ Battle Maya ] Failed. No users at state 2
2023-03-30_19:19:23 INFO [ Battle Maya ] SetState_End()
2023-03-30_19:19:25 INFO [ Battle Maya ] SetState_EndCycle()
2023-03-30_19:19:25 INFO [ Battle Maya ] SetState_None()
2023-03-30_19:19:25 INFO SetState_End()
2023-03-30_19:19:25 INFO SetState_None()
2023-03-30_19:19:25 INFO [ Battle StandBy ] SetState_Start()
2023-03-30_19:19:25 INFO SetState_BattleStandBy()
2023-03-30_19:20:24 INFO [ Battle StandBy ] SetState_Notify()
2023-03-30_19:21:23 INFO [ Battle StandBy ] SetState_End()
2023-03-30_19:21:24 INFO [ Battle StandBy ] SetState_None()
2023-03-30_19:21:24 INFO [ Battle Maya ] SetState_StandBy_1()
2023-03-30_19:21:24 INFO SetState_BattleOfMaya()
2023-03-30_19:23:23 INFO [ Battle Maya ] SetState_Notify_1()
2023-03-30_19:23:23 INFO [ Battle Maya ] Failed. No users at state 2
2023-03-30_19:23:23 INFO [ Battle Maya ] SetState_End()
2023-03-30_19:23:25 INFO [ Battle Maya ] SetState_EndCycle()
2023-03-30_19:23:25 INFO [ Battle Maya ] SetState_None()
2023-03-30_19:23:25 INFO SetState_End()
2023-03-30_19:23:25 INFO SetState_None()
2023-03-30_19:23:25 INFO [ Battle StandBy ] SetState_Start()
2023-03-30_19:23:25 INFO SetState_BattleStandBy()
2023-03-30_19:24:24 INFO [ Battle StandBy ] SetState_Notify()
2023-03-30_19:25:23 INFO [ Battle StandBy ] SetState_End()
2023-03-30_19:25:23 INFO [ Battle StandBy ] SetState_None()
2023-03-30_19:25:23 INFO [ Battle Maya ] SetState_StandBy_1()
2023-03-30_19:25:23 INFO SetState_BattleOfMaya()
2023-03-30_19:27:22 INFO [ Battle Maya ] SetState_Notify_1()
2023-03-30_19:27:22 INFO [ Battle Maya ] Failed. No users at state 2
2023-03-30_19:27:22 INFO [ Battle Maya ] SetState_End()
2023-03-30_19:27:24 INFO [ Battle Maya ] SetState_EndCycle()
2023-03-30_19:27:24 INFO [ Battle Maya ] SetState_None()
2023-03-30_19:27:24 INFO SetState_End()
2023-03-30_19:27:24 INFO SetState_None()
2023-03-30_19:27:24 INFO [ Battle StandBy ] SetState_Start()
2023-03-30_19:27:24 INFO SetState_BattleStandBy()
2023-03-30_19:28:23 INFO [ Battle StandBy ] SetState_Notify()
2023-03-30_19:29:22 INFO [ Battle StandBy ] SetState_End()
2023-03-30_19:29:22 INFO [ Battle StandBy ] SetState_None()
2023-03-30_19:29:22 INFO [ Battle Maya ] SetState_StandBy_1()
2023-03-30_19:29:22 INFO SetState_BattleOfMaya()
2023-03-30_19:31:22 INFO [ Battle Maya ] SetState_Notify_1()
2023-03-30_19:31:22 INFO [ Battle Maya ] Failed. No users at state 2
2023-03-30_19:31:22 INFO [ Battle Maya ] SetState_End()
2023-03-30_19:31:24 INFO [ Battle Maya ] SetState_EndCycle()
2023-03-30_19:31:24 INFO [ Battle Maya ] SetState_None()
2023-03-30_19:31:24 INFO SetState_End()
2023-03-30_19:31:24 INFO SetState_None()
2023-03-30_19:31:24 INFO [ Battle StandBy ] SetState_Start()
2023-03-30_19:31:24 INFO SetState_BattleStandBy()
2023-03-30_19:32:23 INFO [ Battle StandBy ] SetState_Notify()
2023-03-30_19:33:22 INFO [ Battle StandBy ] SetState_End()
2023-03-30_19:33:22 INFO [ Battle StandBy ] SetState_None()
2023-03-30_19:33:22 INFO [ Battle Maya ] SetState_StandBy_1()
2023-03-30_19:33:22 INFO SetState_BattleOfMaya()
2023-03-30_19:35:21 INFO [ Battle Maya ] SetState_Notify_1()
2023-03-30_19:35:21 INFO [ Battle Maya ] Failed. No users at state 2
2023-03-30_19:35:21 INFO [ Battle Maya ] SetState_End()
2023-03-30_19:35:23 INFO [ Battle Maya ] SetState_EndCycle()
2023-03-30_19:35:23 INFO [ Battle Maya ] SetState_None()
2023-03-30_19:35:23 INFO SetState_End()
2023-03-30_19:35:23 INFO SetState_None()
2023-03-30_19:35:23 INFO [ Battle StandBy ] SetState_Start()
2023-03-30_19:35:23 INFO SetState_BattleStandBy()
2023-03-30_19:36:22 INFO [ Battle StandBy ] SetState_Notify()
2023-03-30_19:37:21 INFO [ Battle StandBy ] SetState_End()
2023-03-30_19:37:21 INFO [ Battle StandBy ] SetState_None()
2023-03-30_19:37:21 INFO [ Battle Maya ] SetState_StandBy_1()
2023-03-30_19:37:21 INFO SetState_BattleOfMaya()
2023-03-30_19:39:20 INFO [ Battle Maya ] SetState_Notify_1()
2023-03-30_19:39:20 INFO [ Battle Maya ] Failed. No users at state 2
2023-03-30_19:39:20 INFO [ Battle Maya ] SetState_End()
2023-03-30_19:39:22 INFO [ Battle Maya ] SetState_EndCycle()
2023-03-30_19:39:22 INFO [ Battle Maya ] SetState_None()
2023-03-30_19:39:22 INFO SetState_End()
2023-03-30_19:39:23 INFO SetState_None()
2023-03-30_19:39:23 INFO [ Battle StandBy ] SetState_Start()
2023-03-30_19:39:23 INFO SetState_BattleStandBy()
2023-03-30_19:40:22 INFO [ Battle StandBy ] SetState_Notify()
2023-03-30_19:41:21 INFO [ Battle StandBy ] SetState_End()
2023-03-30_19:41:21 INFO [ Battle StandBy ] SetState_None()
2023-03-30_19:41:21 INFO [ Battle Maya ] SetState_StandBy_1()
2023-03-30_19:41:21 INFO SetState_BattleOfMaya()
2023-03-30_19:43:20 INFO [ Battle Maya ] SetState_Notify_1()
2023-03-30_19:43:20 INFO [ Battle Maya ] Failed. No users at state 2
2023-03-30_19:43:20 INFO [ Battle Maya ] SetState_End()
2023-03-30_19:43:22 INFO [ Battle Maya ] SetState_EndCycle()
2023-03-30_19:43:22 INFO [ Battle Maya ] SetState_None()
2023-03-30_19:43:22 INFO SetState_End()
2023-03-30_19:43:22 INFO SetState_None()
2023-03-30_19:43:22 INFO [ Battle StandBy ] SetState_Start()
2023-03-30_19:43:22 INFO SetState_BattleStandBy()
2023-03-30_19:44:21 INFO [ Battle StandBy ] SetState_Notify()
2023-03-30_19:45:20 INFO [ Battle StandBy ] SetState_End()
2023-03-30_19:45:20 INFO [ Battle StandBy ] SetState_None()
2023-03-30_19:45:20 INFO [ Battle Maya ] SetState_StandBy_1()
2023-03-30_19:45:20 INFO SetState_BattleOfMaya()
2023-03-30_19:47:19 INFO [ Battle Maya ] SetState_Notify_1()
2023-03-30_19:47:19 INFO [ Battle Maya ] Failed. No users at state 2
2023-03-30_19:47:19 INFO [ Battle Maya ] SetState_End()
2023-03-30_19:47:21 INFO [ Battle Maya ] SetState_EndCycle()
2023-03-30_19:47:21 INFO [ Battle Maya ] SetState_None()
2023-03-30_19:47:21 INFO SetState_End()
2023-03-30_19:47:21 INFO SetState_None()
2023-03-30_19:47:21 INFO [ Battle StandBy ] SetState_Start()
2023-03-30_19:47:21 INFO SetState_BattleStandBy()
2023-03-30_19:48:20 INFO [ Battle StandBy ] SetState_Notify()
2023-03-30_19:49:19 INFO [ Battle StandBy ] SetState_End()
2023-03-30_19:49:20 INFO [ Battle StandBy ] SetState_None()
2023-03-30_19:49:20 INFO [ Battle Maya ] SetState_StandBy_1()
2023-03-30_19:49:20 INFO SetState_BattleOfMaya()
2023-03-30_19:51:19 INFO [ Battle Maya ] SetState_Notify_1()
2023-03-30_19:51:19 INFO [ Battle Maya ] Failed. No users at state 2
2023-03-30_19:51:19 INFO [ Battle Maya ] SetState_End()
2023-03-30_19:51:21 INFO [ Battle Maya ] SetState_EndCycle()
2023-03-30_19:51:21 INFO [ Battle Maya ] SetState_None()
2023-03-30_19:51:21 INFO SetState_End()
2023-03-30_19:51:21 INFO SetState_None()
2023-03-30_19:51:21 INFO [ Battle StandBy ] SetState_Start()
2023-03-30_19:51:21 INFO SetState_BattleStandBy()
2023-03-30_19:52:20 INFO [ Battle StandBy ] SetState_Notify()
2023-03-30_19:53:19 INFO [ Battle StandBy ] SetState_End()
2023-03-30_19:53:19 INFO [ Battle StandBy ] SetState_None()
2023-03-30_19:53:19 INFO [ Battle Maya ] SetState_StandBy_1()
2023-03-30_19:53:19 INFO SetState_BattleOfMaya()
2023-03-30_19:55:18 INFO [ Battle Maya ] SetState_Notify_1()
2023-03-30_19:55:18 INFO [ Battle Maya ] Failed. No users at state 2
2023-03-30_19:55:18 INFO [ Battle Maya ] SetState_End()
2023-03-30_19:55:20 INFO [ Battle Maya ] SetState_EndCycle()
2023-03-30_19:55:20 INFO [ Battle Maya ] SetState_None()
2023-03-30_19:55:20 INFO SetState_End()
2023-03-30_19:55:20 INFO SetState_None()
2023-03-30_19:55:20 INFO [ Battle StandBy ] SetState_Start()
2023-03-30_19:55:21 INFO SetState_BattleStandBy()
2023-03-30_19:56:20 INFO [ Battle StandBy ] SetState_Notify()
2023-03-30_19:57:19 INFO [ Battle StandBy ] SetState_End()
2023-03-30_19:57:19 INFO [ Battle StandBy ] SetState_None()
2023-03-30_19:57:19 INFO [ Battle Maya ] SetState_StandBy_1()
2023-03-30_19:57:19 INFO SetState_BattleOfMaya()
2023-03-30_19:59:18 INFO [ Battle Maya ] SetState_Notify_1()
2023-03-30_19:59:18 INFO [ Battle Maya ] Failed. No users at state 2
2023-03-30_19:59:18 INFO [ Battle Maya ] SetState_End()
2023-03-30_19:59:20 INFO [ Battle Maya ] SetState_EndCycle()
2023-03-30_19:59:20 INFO [ Battle Maya ] SetState_None()
2023-03-30_19:59:20 INFO SetState_End()
2023-03-30_19:59:20 INFO SetState_None()
2023-03-30_19:59:20 INFO [ Battle StandBy ] SetState_Start()
2023-03-30_19:59:20 INFO SetState_BattleStandBy()
2023-03-30_20:00:19 INFO [ Battle StandBy ] SetState_Notify()
2023-03-30_20:01:18 INFO [ Battle StandBy ] SetState_End()
2023-03-30_20:01:18 INFO [ Battle StandBy ] SetState_None()
2023-03-30_20:01:18 INFO [ Battle Maya ] SetState_StandBy_1()
2023-03-30_20:01:18 INFO SetState_BattleOfMaya()
2023-03-30_20:03:17 INFO [ Battle Maya ] SetState_Notify_1()
2023-03-30_20:03:17 INFO [ Battle Maya ] Failed. No users at state 2
2023-03-30_20:03:17 INFO [ Battle Maya ] SetState_End()
2023-03-30_20:03:19 INFO [ Battle Maya ] SetState_EndCycle()
2023-03-30_20:03:19 INFO [ Battle Maya ] SetState_None()
2023-03-30_20:03:19 INFO SetState_End()
2023-03-30_20:03:19 INFO SetState_None()
2023-03-30_20:03:19 INFO [ Battle StandBy ] SetState_Start()
2023-03-30_20:03:19 INFO SetState_BattleStandBy()
2023-03-30_20:04:18 INFO [ Battle StandBy ] SetState_Notify()
2023-03-30_20:05:18 INFO [ Battle StandBy ] SetState_End()
2023-03-30_20:05:18 INFO [ Battle StandBy ] SetState_None()
2023-03-30_20:05:18 INFO [ Battle Maya ] SetState_StandBy_1()
2023-03-30_20:05:18 INFO SetState_BattleOfMaya()
2023-03-30_20:07:17 INFO [ Battle Maya ] SetState_Notify_1()
2023-03-30_20:07:17 INFO [ Battle Maya ] Failed. No users at state 2
2023-03-30_20:07:17 INFO [ Battle Maya ] SetState_End()
2023-03-30_20:07:19 INFO [ Battle Maya ] SetState_EndCycle()
2023-03-30_20:07:19 INFO [ Battle Maya ] SetState_None()
2023-03-30_20:07:19 INFO SetState_End()
2023-03-30_20:07:19 INFO SetState_None()
2023-03-30_20:07:19 INFO [ Battle StandBy ] SetState_Start()
2023-03-30_20:07:19 INFO SetState_BattleStandBy()
2023-03-30_20:08:18 INFO [ Battle StandBy ] SetState_Notify()
2023-03-30_20:09:17 INFO [ Battle StandBy ] SetState_End()
2023-03-30_20:09:17 INFO [ Battle StandBy ] SetState_None()
2023-03-30_20:09:17 INFO [ Battle Maya ] SetState_StandBy_1()
2023-03-30_20:09:17 INFO SetState_BattleOfMaya()
2023-03-30_20:11:16 INFO [ Battle Maya ] SetState_Notify_1()
2023-03-30_20:11:16 INFO [ Battle Maya ] Failed. No users at state 2
2023-03-30_20:11:16 INFO [ Battle Maya ] SetState_End()
2023-03-30_20:11:18 INFO [ Battle Maya ] SetState_EndCycle()
2023-03-30_20:11:18 INFO [ Battle Maya ] SetState_None()
2023-03-30_20:11:18 INFO SetState_End()
2023-03-30_20:11:18 INFO SetState_None()
2023-03-30_20:11:18 INFO [ Battle StandBy ] SetState_Start()
2023-03-30_20:11:19 INFO SetState_BattleStandBy()
2023-03-30_20:12:17 INFO [ Battle StandBy ] SetState_Notify()
2023-03-30_20:13:16 INFO [ Battle StandBy ] SetState_End()
2023-03-30_20:13:17 INFO [ Battle StandBy ] SetState_None()
2023-03-30_20:13:17 INFO [ Battle Maya ] SetState_StandBy_1()
2023-03-30_20:13:17 INFO SetState_BattleOfMaya()
2023-03-30_20:15:16 INFO [ Battle Maya ] SetState_Notify_1()
2023-03-30_20:15:16 INFO [ Battle Maya ] Failed. No users at state 2
2023-03-30_20:15:16 INFO [ Battle Maya ] SetState_End()
2023-03-30_20:15:18 INFO [ Battle Maya ] SetState_EndCycle()
2023-03-30_20:15:18 INFO [ Battle Maya ] SetState_None()
2023-03-30_20:15:18 INFO SetState_End()
2023-03-30_20:15:18 INFO SetState_None()
2023-03-30_20:15:18 INFO [ Battle StandBy ] SetState_Start()
2023-03-30_20:15:18 INFO SetState_BattleStandBy()
2023-03-30_20:16:17 INFO [ Battle StandBy ] SetState_Notify()
2023-03-30_20:17:16 INFO [ Battle StandBy ] SetState_End()
2023-03-30_20:17:16 INFO [ Battle StandBy ] SetState_None()
2023-03-30_20:17:16 INFO [ Battle Maya ] SetState_StandBy_1()
2023-03-30_20:17:16 INFO SetState_BattleOfMaya()
2023-03-30_20:19:15 INFO [ Battle Maya ] SetState_Notify_1()
2023-03-30_20:19:15 INFO [ Battle Maya ] Failed. No users at state 2
2023-03-30_20:19:15 INFO [ Battle Maya ] SetState_End()
2023-03-30_20:19:17 INFO [ Battle Maya ] SetState_EndCycle()
2023-03-30_20:19:17 INFO [ Battle Maya ] SetState_None()
2023-03-30_20:19:17 INFO SetState_End()
2023-03-30_20:19:17 INFO SetState_None()
2023-03-30_20:19:17 INFO [ Battle StandBy ] SetState_Start()
2023-03-30_20:19:17 INFO SetState_BattleStandBy()
2023-03-30_20:20:16 INFO [ Battle StandBy ] SetState_Notify()
2023-03-30_20:21:15 INFO [ Battle StandBy ] SetState_End()
2023-03-30_20:21:16 INFO [ Battle StandBy ] SetState_None()
2023-03-30_20:21:16 INFO [ Battle Maya ] SetState_StandBy_1()
2023-03-30_20:21:16 INFO SetState_BattleOfMaya()
2023-03-30_20:23:15 INFO [ Battle Maya ] SetState_Notify_1()
2023-03-30_20:23:15 INFO [ Battle Maya ] Failed. No users at state 2
2023-03-30_20:23:15 INFO [ Battle Maya ] SetState_End()
2023-03-30_20:23:17 INFO [ Battle Maya ] SetState_EndCycle()
2023-03-30_20:23:17 INFO [ Battle Maya ] SetState_None()
2023-03-30_20:23:17 INFO SetState_End()
2023-03-30_20:23:17 INFO SetState_None()
2023-03-30_20:23:17 INFO [ Battle StandBy ] SetState_Start()
2023-03-30_20:23:17 INFO SetState_BattleStandBy()
2023-03-30_20:24:16 INFO [ Battle StandBy ] SetState_Notify()
2023-03-30_20:25:15 INFO [ Battle StandBy ] SetState_End()
2023-03-30_20:25:15 INFO [ Battle StandBy ] SetState_None()
2023-03-30_20:25:15 INFO [ Battle Maya ] SetState_StandBy_1()
2023-03-30_20:25:15 INFO SetState_BattleOfMaya()
2023-03-30_20:27:14 INFO [ Battle Maya ] SetState_Notify_1()
2023-03-30_20:27:14 INFO [ Battle Maya ] Failed. No users at state 2
2023-03-30_20:27:14 INFO [ Battle Maya ] SetState_End()
2023-03-30_20:27:16 INFO [ Battle Maya ] SetState_EndCycle()
2023-03-30_20:27:16 INFO [ Battle Maya ] SetState_None()
2023-03-30_20:27:16 INFO SetState_End()
2023-03-30_20:27:16 INFO SetState_None()
2023-03-30_20:27:16 INFO [ Battle StandBy ] SetState_Start()
2023-03-30_20:27:16 INFO SetState_BattleStandBy()
2023-03-30_20:28:15 INFO [ Battle StandBy ] SetState_Notify()
2023-03-30_20:29:14 INFO [ Battle StandBy ] SetState_End()
2023-03-30_20:29:14 INFO [ Battle StandBy ] SetState_None()
2023-03-30_20:29:14 INFO [ Battle Maya ] SetState_StandBy_1()
2023-03-30_20:29:14 INFO SetState_BattleOfMaya()
2023-03-30_20:31:13 INFO [ Battle Maya ] SetState_Notify_1()
2023-03-30_20:31:14 INFO [ Battle Maya ] Failed. No users at state 2
2023-03-30_20:31:14 INFO [ Battle Maya ] SetState_End()
2023-03-30_20:31:16 INFO [ Battle Maya ] SetState_EndCycle()
2023-03-30_20:31:16 INFO [ Battle Maya ] SetState_None()
2023-03-30_20:31:16 INFO SetState_End()
2023-03-30_20:31:16 INFO SetState_None()
2023-03-30_20:31:16 INFO [ Battle StandBy ] SetState_Start()
2023-03-30_20:31:16 INFO SetState_BattleStandBy()
2023-03-30_20:32:15 INFO [ Battle StandBy ] SetState_Notify()
2023-03-30_20:33:14 INFO [ Battle StandBy ] SetState_End()
2023-03-30_20:33:14 INFO [ Battle StandBy ] SetState_None()
2023-03-30_20:33:14 INFO [ Battle Maya ] SetState_StandBy_1()
2023-03-30_20:33:14 INFO SetState_BattleOfMaya()
2023-03-30_20:35:13 INFO [ Battle Maya ] SetState_Notify_1()
2023-03-30_20:35:13 INFO [ Battle Maya ] Failed. No users at state 2
2023-03-30_20:35:13 INFO [ Battle Maya ] SetState_End()
2023-03-30_20:35:15 INFO [ Battle Maya ] SetState_EndCycle()
2023-03-30_20:35:15 INFO [ Battle Maya ] SetState_None()
2023-03-30_20:35:15 INFO SetState_End()
2023-03-30_20:35:15 INFO SetState_None()
2023-03-30_20:35:15 INFO [ Battle StandBy ] SetState_Start()
2023-03-30_20:35:15 INFO SetState_BattleStandBy()
2023-03-30_20:36:14 INFO [ Battle StandBy ] SetState_Notify()
2023-03-30_20:37:13 INFO [ Battle StandBy ] SetState_End()
2023-03-30_20:37:13 INFO [ Battle StandBy ] SetState_None()
2023-03-30_20:37:13 INFO [ Battle Maya ] SetState_StandBy_1()
2023-03-30_20:37:13 INFO SetState_BattleOfMaya()
2023-03-30_20:39:12 INFO [ Battle Maya ] SetState_Notify_1()
2023-03-30_20:39:12 INFO [ Battle Maya ] Failed. No users at state 2
2023-03-30_20:39:12 INFO [ Battle Maya ] SetState_End()
2023-03-30_20:39:14 INFO [ Battle Maya ] SetState_EndCycle()
2023-03-30_20:39:15 INFO [ Battle Maya ] SetState_None()
2023-03-30_20:39:15 INFO SetState_End()
2023-03-30_20:39:15 INFO SetState_None()
2023-03-30_20:39:15 INFO [ Battle StandBy ] SetState_Start()
2023-03-30_20:39:15 INFO SetState_BattleStandBy()
2023-03-30_20:40:14 INFO [ Battle StandBy ] SetState_Notify()
2023-03-30_20:41:13 INFO [ Battle StandBy ] SetState_End()
2023-03-30_20:41:13 INFO [ Battle StandBy ] SetState_None()
2023-03-30_20:41:13 INFO [ Battle Maya ] SetState_StandBy_1()
2023-03-30_20:41:13 INFO SetState_BattleOfMaya()
2023-03-30_20:43:12 INFO [ Battle Maya ] SetState_Notify_1()
2023-03-30_20:43:12 INFO [ Battle Maya ] Failed. No users at state 2
2023-03-30_20:43:12 INFO [ Battle Maya ] SetState_End()
2023-03-30_20:43:14 INFO [ Battle Maya ] SetState_EndCycle()
2023-03-30_20:43:14 INFO [ Battle Maya ] SetState_None()
2023-03-30_20:43:14 INFO SetState_End()
2023-03-30_20:43:14 INFO SetState_None()
2023-03-30_20:43:14 INFO [ Battle StandBy ] SetState_Start()
2023-03-30_20:43:14 INFO SetState_BattleStandBy()
2023-03-30_20:44:13 INFO [ Battle StandBy ] SetState_Notify()
2023-03-30_20:45:12 INFO [ Battle StandBy ] SetState_End()
2023-03-30_20:45:12 INFO [ Battle StandBy ] SetState_None()
2023-03-30_20:45:12 INFO [ Battle Maya ] SetState_StandBy_1()
2023-03-30_20:45:12 INFO SetState_BattleOfMaya()
2023-03-30_20:47:11 INFO [ Battle Maya ] SetState_Notify_1()
2023-03-30_20:47:11 INFO [ Battle Maya ] Failed. No users at state 2
2023-03-30_20:47:11 INFO [ Battle Maya ] SetState_End()
2023-03-30_20:47:13 INFO [ Battle Maya ] SetState_EndCycle()
2023-03-30_20:47:14 INFO [ Battle Maya ] SetState_None()
2023-03-30_20:47:14 INFO SetState_End()
2023-03-30_20:47:14 INFO SetState_None()
2023-03-30_20:47:14 INFO [ Battle StandBy ] SetState_Start()
2023-03-30_20:47:14 INFO SetState_BattleStandBy()
2023-03-30_20:48:13 INFO [ Battle StandBy ] SetState_Notify()
2023-03-30_20:49:12 INFO [ Battle StandBy ] SetState_End()
2023-03-30_20:49:12 INFO [ Battle StandBy ] SetState_None()
2023-03-30_20:49:12 INFO [ Battle Maya ] SetState_StandBy_1()
2023-03-30_20:49:12 INFO SetState_BattleOfMaya()
2023-03-30_20:51:11 INFO [ Battle Maya ] SetState_Notify_1()
2023-03-30_20:51:11 INFO [ Battle Maya ] Failed. No users at state 2
2023-03-30_20:51:11 INFO [ Battle Maya ] SetState_End()
2023-03-30_20:51:13 INFO [ Battle Maya ] SetState_EndCycle()
2023-03-30_20:51:13 INFO [ Battle Maya ] SetState_None()
2023-03-30_20:51:13 INFO SetState_End()
2023-03-30_20:51:13 INFO SetState_None()
2023-03-30_20:51:13 INFO [ Battle StandBy ] SetState_Start()
2023-03-30_20:51:13 INFO SetState_BattleStandBy()
2023-03-30_20:52:12 INFO [ Battle StandBy ] SetState_Notify()
2023-03-30_20:53:11 INFO [ Battle StandBy ] SetState_End()
2023-03-30_20:53:11 INFO [ Battle StandBy ] SetState_None()
2023-03-30_20:53:11 INFO [ Battle Maya ] SetState_StandBy_1()
2023-03-30_20:53:11 INFO SetState_BattleOfMaya()
2023-03-30_20:55:10 INFO [ Battle Maya ] SetState_Notify_1()
2023-03-30_20:55:10 INFO [ Battle Maya ] Failed. No users at state 2
2023-03-30_20:55:10 INFO [ Battle Maya ] SetState_End()
2023-03-30_20:55:12 INFO [ Battle Maya ] SetState_EndCycle()
2023-03-30_20:55:13 INFO [ Battle Maya ] SetState_None()
2023-03-30_20:55:13 INFO SetState_End()
2023-03-30_20:55:13 INFO SetState_None()
2023-03-30_20:55:13 INFO [ Battle StandBy ] SetState_Start()
2023-03-30_20:55:13 INFO SetState_BattleStandBy()
2023-03-30_20:56:12 INFO [ Battle StandBy ] SetState_Notify()
2023-03-30_20:57:11 INFO [ Battle StandBy ] SetState_End()
2023-03-30_20:57:11 INFO [ Battle StandBy ] SetState_None()
2023-03-30_20:57:11 INFO [ Battle Maya ] SetState_StandBy_1()
2023-03-30_20:57:11 INFO SetState_BattleOfMaya()
2023-03-30_20:59:10 INFO [ Battle Maya ] SetState_Notify_1()
2023-03-30_20:59:10 INFO [ Battle Maya ] Failed. No users at state 2
2023-03-30_20:59:10 INFO [ Battle Maya ] SetState_End()
2023-03-30_20:59:12 INFO [ Battle Maya ] SetState_EndCycle()
2023-03-30_20:59:12 INFO [ Battle Maya ] SetState_None()
2023-03-30_20:59:12 INFO SetState_End()
2023-03-30_20:59:12 INFO SetState_None()
2023-03-30_20:59:12 INFO [ Battle StandBy ] SetState_Start()
2023-03-30_20:59:12 INFO SetState_BattleStandBy()
2023-03-30_21:00:11 INFO [ Battle StandBy ] SetState_Notify()
2023-03-30_21:01:10 INFO [ Battle StandBy ] SetState_End()
2023-03-30_21:01:11 INFO [ Battle StandBy ] SetState_None()
2023-03-30_21:01:11 INFO [ Battle Maya ] SetState_StandBy_1()
2023-03-30_21:01:11 INFO SetState_BattleOfMaya()
2023-03-30_21:03:10 INFO [ Battle Maya ] SetState_Notify_1()
2023-03-30_21:03:10 INFO [ Battle Maya ] Failed. No users at state 2
2023-03-30_21:03:10 INFO [ Battle Maya ] SetState_End()
2023-03-30_21:03:12 INFO [ Battle Maya ] SetState_EndCycle()
2023-03-30_21:03:12 INFO [ Battle Maya ] SetState_None()
2023-03-30_21:03:12 INFO SetState_End()
2023-03-30_21:03:13 INFO SetState_None()
2023-03-30_21:03:13 INFO [ Battle StandBy ] SetState_Start()
2023-03-30_21:03:13 INFO SetState_BattleStandBy()
2023-03-30_21:04:12 INFO [ Battle StandBy ] SetState_Notify()
2023-03-30_21:05:11 INFO [ Battle StandBy ] SetState_End()
2023-03-30_21:05:11 INFO [ Battle StandBy ] SetState_None()
2023-03-30_21:05:11 INFO [ Battle Maya ] SetState_StandBy_1()
2023-03-30_21:05:11 INFO SetState_BattleOfMaya()
2023-03-30_21:07:10 INFO [ Battle Maya ] SetState_Notify_1()
2023-03-30_21:07:10 INFO [ Battle Maya ] Failed. No users at state 2
2023-03-30_21:07:10 INFO [ Battle Maya ] SetState_End()
2023-03-30_21:07:12 INFO [ Battle Maya ] SetState_EndCycle()
2023-03-30_21:07:12 INFO [ Battle Maya ] SetState_None()
2023-03-30_21:07:12 INFO SetState_End()
2023-03-30_21:07:12 INFO SetState_None()
2023-03-30_21:07:12 INFO [ Battle StandBy ] SetState_Start()
2023-03-30_21:07:12 INFO SetState_BattleStandBy()
2023-03-30_21:08:11 INFO [ Battle StandBy ] SetState_Notify()
2023-03-30_21:09:10 INFO [ Battle StandBy ] SetState_End()
2023-03-30_21:09:10 INFO [ Battle StandBy ] SetState_None()
2023-03-30_21:09:10 INFO [ Battle Maya ] SetState_StandBy_1()
2023-03-30_21:09:10 INFO SetState_BattleOfMaya()
2023-03-30_21:11:09 INFO [ Battle Maya ] SetState_Notify_1()
2023-03-30_21:11:09 INFO [ Battle Maya ] Failed. No users at state 2
2023-03-30_21:11:09 INFO [ Battle Maya ] SetState_End()
2023-03-30_21:11:12 INFO [ Battle Maya ] SetState_EndCycle()
2023-03-30_21:11:12 INFO [ Battle Maya ] SetState_None()
2023-03-30_21:11:12 INFO SetState_End()
2023-03-30_21:11:12 INFO SetState_None()
2023-03-30_21:11:12 INFO [ Battle StandBy ] SetState_Start()
2023-03-30_21:11:12 INFO SetState_BattleStandBy()
2023-03-30_21:12:11 INFO [ Battle StandBy ] SetState_Notify()
2023-03-30_21:13:10 INFO [ Battle StandBy ] SetState_End()
2023-03-30_21:13:10 INFO [ Battle StandBy ] SetState_None()
2023-03-30_21:13:10 INFO [ Battle Maya ] SetState_StandBy_1()
2023-03-30_21:13:10 INFO SetState_BattleOfMaya()
2023-03-30_21:15:09 INFO [ Battle Maya ] SetState_Notify_1()
2023-03-30_21:15:09 INFO [ Battle Maya ] Failed. No users at state 2
2023-03-30_21:15:09 INFO [ Battle Maya ] SetState_End()
2023-03-30_21:15:11 INFO [ Battle Maya ] SetState_EndCycle()
2023-03-30_21:15:11 INFO [ Battle Maya ] SetState_None()
2023-03-30_21:15:11 INFO SetState_End()
2023-03-30_21:15:11 INFO SetState_None()
2023-03-30_21:15:11 INFO [ Battle StandBy ] SetState_Start()
2023-03-30_21:15:11 INFO SetState_BattleStandBy()
2023-03-30_21:16:10 INFO [ Battle StandBy ] SetState_Notify()
2023-03-30_21:17:09 INFO [ Battle StandBy ] SetState_End()
2023-03-30_21:17:10 INFO [ Battle StandBy ] SetState_None()
2023-03-30_21:17:10 INFO [ Battle Maya ] SetState_StandBy_1()
2023-03-30_21:17:10 INFO SetState_BattleOfMaya()
2023-03-30_21:19:09 INFO [ Battle Maya ] SetState_Notify_1()
2023-03-30_21:19:09 INFO [ Battle Maya ] Failed. No users at state 2
2023-03-30_21:19:09 INFO [ Battle Maya ] SetState_End()
2023-03-30_21:19:11 INFO [ Battle Maya ] SetState_EndCycle()
2023-03-30_21:19:11 INFO [ Battle Maya ] SetState_None()
2023-03-30_21:19:11 INFO SetState_End()
2023-03-30_21:19:11 INFO SetState_None()
2023-03-30_21:19:11 INFO [ Battle StandBy ] SetState_Start()
2023-03-30_21:19:11 INFO SetState_BattleStandBy()
2023-03-30_21:20:10 INFO [ Battle StandBy ] SetState_Notify()
2023-03-30_21:21:09 INFO [ Battle StandBy ] SetState_End()
2023-03-30_21:21:09 INFO [ Battle StandBy ] SetState_None()
2023-03-30_21:21:09 INFO [ Battle Maya ] SetState_StandBy_1()
2023-03-30_21:21:09 INFO SetState_BattleOfMaya()
2023-03-30_21:23:08 INFO [ Battle Maya ] SetState_Notify_1()
2023-03-30_21:23:08 INFO [ Battle Maya ] Failed. No users at state 2
2023-03-30_21:23:08 INFO [ Battle Maya ] SetState_End()
2023-03-30_21:23:10 INFO [ Battle Maya ] SetState_EndCycle()
2023-03-30_21:23:10 INFO [ Battle Maya ] SetState_None()
2023-03-30_21:23:10 INFO SetState_End()
2023-03-30_21:23:10 INFO SetState_None()
2023-03-30_21:23:11 INFO [ Battle StandBy ] SetState_Start()
2023-03-30_21:23:11 INFO SetState_BattleStandBy()
2023-03-30_21:24:10 INFO [ Battle StandBy ] SetState_Notify()
2023-03-30_21:25:09 INFO [ Battle StandBy ] SetState_End()
2023-03-30_21:25:09 INFO [ Battle StandBy ] SetState_None()
2023-03-30_21:25:09 INFO [ Battle Maya ] SetState_StandBy_1()
2023-03-30_21:25:09 INFO SetState_BattleOfMaya()
2023-03-30_21:27:08 INFO [ Battle Maya ] SetState_Notify_1()
2023-03-30_21:27:08 INFO [ Battle Maya ] Failed. No users at state 2
2023-03-30_21:27:08 INFO [ Battle Maya ] SetState_End()
2023-03-30_21:27:10 INFO [ Battle Maya ] SetState_EndCycle()
2023-03-30_21:27:10 INFO [ Battle Maya ] SetState_None()
2023-03-30_21:27:10 INFO SetState_End()
2023-03-30_21:27:10 INFO SetState_None()
2023-03-30_21:27:10 INFO [ Battle StandBy ] SetState_Start()
2023-03-30_21:27:10 INFO SetState_BattleStandBy()
2023-03-30_21:28:09 INFO [ Battle StandBy ] SetState_Notify()
2023-03-30_21:29:08 INFO [ Battle StandBy ] SetState_End()
2023-03-30_21:29:08 INFO [ Battle StandBy ] SetState_None()
2023-03-30_21:29:08 INFO [ Battle Maya ] SetState_StandBy_1()
2023-03-30_21:29:08 INFO SetState_BattleOfMaya()
2023-03-30_21:31:07 INFO [ Battle Maya ] SetState_Notify_1()
2023-03-30_21:31:07 INFO [ Battle Maya ] Failed. No users at state 2
2023-03-30_21:31:07 INFO [ Battle Maya ] SetState_End()
2023-03-30_21:31:09 INFO [ Battle Maya ] SetState_EndCycle()
2023-03-30_21:31:10 INFO [ Battle Maya ] SetState_None()
2023-03-30_21:31:10 INFO SetState_End()
2023-03-30_21:31:10 INFO SetState_None()
2023-03-30_21:31:10 INFO [ Battle StandBy ] SetState_Start()
2023-03-30_21:31:10 INFO SetState_BattleStandBy()
2023-03-30_21:32:09 INFO [ Battle StandBy ] SetState_Notify()
2023-03-30_21:33:08 INFO [ Battle StandBy ] SetState_End()
2023-03-30_21:33:08 INFO [ Battle StandBy ] SetState_None()
2023-03-30_21:33:08 INFO [ Battle Maya ] SetState_StandBy_1()
2023-03-30_21:33:08 INFO SetState_BattleOfMaya()
2023-03-30_21:35:07 INFO [ Battle Maya ] SetState_Notify_1()
2023-03-30_21:35:07 INFO [ Battle Maya ] Failed. No users at state 2
2023-03-30_21:35:07 INFO [ Battle Maya ] SetState_End()
2023-03-30_21:35:09 INFO [ Battle Maya ] SetState_EndCycle()
2023-03-30_21:35:09 INFO [ Battle Maya ] SetState_None()
2023-03-30_21:35:09 INFO SetState_End()
2023-03-30_21:35:09 INFO SetState_None()
2023-03-30_21:35:09 INFO [ Battle StandBy ] SetState_Start()
2023-03-30_21:35:09 INFO SetState_BattleStandBy()
2023-03-30_21:36:08 INFO [ Battle StandBy ] SetState_Notify()
2023-03-30_21:37:07 INFO [ Battle StandBy ] SetState_End()
2023-03-30_21:37:07 INFO [ Battle StandBy ] SetState_None()
2023-03-30_21:37:07 INFO [ Battle Maya ] SetState_StandBy_1()
2023-03-30_21:37:07 INFO SetState_BattleOfMaya()
2023-03-30_21:39:06 INFO [ Battle Maya ] SetState_Notify_1()
2023-03-30_21:39:06 INFO [ Battle Maya ] Failed. No users at state 2
2023-03-30_21:39:06 INFO [ Battle Maya ] SetState_End()
2023-03-30_21:39:08 INFO [ Battle Maya ] SetState_EndCycle()
2023-03-30_21:39:09 INFO [ Battle Maya ] SetState_None()
2023-03-30_21:39:09 INFO SetState_End()
2023-03-30_21:39:09 INFO SetState_None()
2023-03-30_21:39:09 INFO [ Battle StandBy ] SetState_Start()
2023-03-30_21:39:09 INFO SetState_BattleStandBy()
2023-03-30_21:40:08 INFO [ Battle StandBy ] SetState_Notify()
2023-03-30_21:41:07 INFO [ Battle StandBy ] SetState_End()
2023-03-30_21:41:07 INFO [ Battle StandBy ] SetState_None()
2023-03-30_21:41:07 INFO [ Battle Maya ] SetState_StandBy_1()
2023-03-30_21:41:07 INFO SetState_BattleOfMaya()
2023-03-30_21:43:06 INFO [ Battle Maya ] SetState_Notify_1()
2023-03-30_21:43:06 INFO [ Battle Maya ] Failed. No users at state 2
2023-03-30_21:43:06 INFO [ Battle Maya ] SetState_End()
2023-03-30_21:43:08 INFO [ Battle Maya ] SetState_EndCycle()
2023-03-30_21:43:08 INFO [ Battle Maya ] SetState_None()
2023-03-30_21:43:08 INFO SetState_End()
2023-03-30_21:43:08 INFO SetState_None()
2023-03-30_21:43:08 INFO [ Battle StandBy ] SetState_Start()
2023-03-30_21:43:08 INFO SetState_BattleStandBy()
2023-03-30_21:44:07 INFO [ Battle StandBy ] SetState_Notify()
2023-03-30_21:45:06 INFO [ Battle StandBy ] SetState_End()
2023-03-30_21:45:07 INFO [ Battle StandBy ] SetState_None()
2023-03-30_21:45:07 INFO [ Battle Maya ] SetState_StandBy_1()
2023-03-30_21:45:07 INFO SetState_BattleOfMaya()
2023-03-30_21:47:06 INFO [ Battle Maya ] SetState_Notify_1()
2023-03-30_21:47:06 INFO [ Battle Maya ] Failed. No users at state 2
2023-03-30_21:47:06 INFO [ Battle Maya ] SetState_End()
2023-03-30_21:47:08 INFO [ Battle Maya ] SetState_EndCycle()
2023-03-30_21:47:08 INFO [ Battle Maya ] SetState_None()
2023-03-30_21:47:08 INFO SetState_End()
2023-03-30_21:47:08 INFO SetState_None()
2023-03-30_21:47:08 INFO [ Battle StandBy ] SetState_Start()
2023-03-30_21:47:08 INFO SetState_BattleStandBy()
2023-03-30_21:48:07 INFO [ Battle StandBy ] SetState_Notify()
2023-03-30_21:49:06 INFO [ Battle StandBy ] SetState_End()
2023-03-30_21:49:06 INFO [ Battle StandBy ] SetState_None()
2023-03-30_21:49:06 INFO [ Battle Maya ] SetState_StandBy_1()
2023-03-30_21:49:06 INFO SetState_BattleOfMaya()
2023-03-30_21:51:05 INFO [ Battle Maya ] SetState_Notify_1()
2023-03-30_21:51:05 INFO [ Battle Maya ] Failed. No users at state 2
2023-03-30_21:51:05 INFO [ Battle Maya ] SetState_End()
2023-03-30_21:51:07 INFO [ Battle Maya ] SetState_EndCycle()
2023-03-30_21:51:07 INFO [ Battle Maya ] SetState_None()
2023-03-30_21:51:07 INFO SetState_End()
2023-03-30_21:51:08 INFO SetState_None()
2023-03-30_21:51:08 INFO [ Battle StandBy ] SetState_Start()
2023-03-30_21:51:08 INFO SetState_BattleStandBy()
2023-03-30_21:52:07 INFO [ Battle StandBy ] SetState_Notify()
2023-03-30_21:53:06 INFO [ Battle StandBy ] SetState_End()
2023-03-30_21:53:06 INFO [ Battle StandBy ] SetState_None()
2023-03-30_21:53:06 INFO [ Battle Maya ] SetState_StandBy_1()
2023-03-30_21:53:06 INFO SetState_BattleOfMaya()
2023-03-30_21:55:05 INFO [ Battle Maya ] SetState_Notify_1()
2023-03-30_21:55:05 INFO [ Battle Maya ] Failed. No users at state 2
2023-03-30_21:55:05 INFO [ Battle Maya ] SetState_End()
2023-03-30_21:55:07 INFO [ Battle Maya ] SetState_EndCycle()
2023-03-30_21:55:07 INFO [ Battle Maya ] SetState_None()
2023-03-30_21:55:07 INFO SetState_End()
2023-03-30_21:55:07 INFO SetState_None()
2023-03-30_21:55:07 INFO [ Battle StandBy ] SetState_Start()
2023-03-30_21:55:07 INFO SetState_BattleStandBy()
2023-03-30_21:56:06 INFO [ Battle StandBy ] SetState_Notify()
2023-03-30_21:57:05 INFO [ Battle StandBy ] SetState_End()
2023-03-30_21:57:05 INFO [ Battle StandBy ] SetState_None()
2023-03-30_21:57:05 INFO [ Battle Maya ] SetState_StandBy_1()
2023-03-30_21:57:06 INFO SetState_BattleOfMaya()
2023-03-30_21:59:05 INFO [ Battle Maya ] SetState_Notify_1()
2023-03-30_21:59:05 INFO [ Battle Maya ] Failed. No users at state 2
2023-03-30_21:59:05 INFO [ Battle Maya ] SetState_End()
2023-03-30_21:59:07 INFO [ Battle Maya ] SetState_EndCycle()
2023-03-30_21:59:07 INFO [ Battle Maya ] SetState_None()
2023-03-30_21:59:07 INFO SetState_End()
2023-03-30_21:59:07 INFO SetState_None()
2023-03-30_21:59:07 INFO [ Battle StandBy ] SetState_Start()
2023-03-30_21:59:07 INFO SetState_BattleStandBy()
2023-03-30_22:00:06 INFO [ Battle StandBy ] SetState_Notify()
2023-03-30_22:01:05 INFO [ Battle StandBy ] SetState_End()
2023-03-30_22:01:05 INFO [ Battle StandBy ] SetState_None()
2023-03-30_22:01:05 INFO [ Battle Maya ] SetState_StandBy_1()
2023-03-30_22:01:05 INFO SetState_BattleOfMaya()
2023-03-30_22:03:04 INFO [ Battle Maya ] SetState_Notify_1()
2023-03-30_22:03:04 INFO [ Battle Maya ] Failed. No users at state 2
2023-03-30_22:03:04 INFO [ Battle Maya ] SetState_End()
2023-03-30_22:03:06 INFO [ Battle Maya ] SetState_EndCycle()
2023-03-30_22:03:06 INFO [ Battle Maya ] SetState_None()
2023-03-30_22:03:06 INFO SetState_End()
2023-03-30_22:03:07 INFO SetState_None()
2023-03-30_22:03:07 INFO [ Battle StandBy ] SetState_Start()
2023-03-30_22:03:07 INFO SetState_BattleStandBy()
2023-03-30_22:04:06 INFO [ Battle StandBy ] SetState_Notify()
2023-03-30_22:05:05 INFO [ Battle StandBy ] SetState_End()
2023-03-30_22:05:05 INFO [ Battle StandBy ] SetState_None()
2023-03-30_22:05:05 INFO [ Battle Maya ] SetState_StandBy_1()
2023-03-30_22:05:05 INFO SetState_BattleOfMaya()
2023-03-30_22:07:04 INFO [ Battle Maya ] SetState_Notify_1()
2023-03-30_22:07:04 INFO [ Battle Maya ] Failed. No users at state 2
2023-03-30_22:07:04 INFO [ Battle Maya ] SetState_End()
2023-03-30_22:07:06 INFO [ Battle Maya ] SetState_EndCycle()
2023-03-30_22:07:06 INFO [ Battle Maya ] SetState_None()
2023-03-30_22:07:06 INFO SetState_End()
2023-03-30_22:07:06 INFO SetState_None()
2023-03-30_22:07:06 INFO [ Battle StandBy ] SetState_Start()
2023-03-30_22:07:06 INFO SetState_BattleStandBy()
2023-03-30_22:08:05 INFO [ Battle StandBy ] SetState_Notify()
2023-03-30_22:09:04 INFO [ Battle StandBy ] SetState_End()
2023-03-30_22:09:04 INFO [ Battle StandBy ] SetState_None()
2023-03-30_22:09:04 INFO [ Battle Maya ] SetState_StandBy_1()
2023-03-30_22:09:04 INFO SetState_BattleOfMaya()
2023-03-30_22:11:03 INFO [ Battle Maya ] SetState_Notify_1()
2023-03-30_22:11:03 INFO [ Battle Maya ] Failed. No users at state 2
2023-03-30_22:11:03 INFO [ Battle Maya ] SetState_End()
2023-03-30_22:11:05 INFO [ Battle Maya ] SetState_EndCycle()
2023-03-30_22:11:05 INFO [ Battle Maya ] SetState_None()
2023-03-30_22:11:05 INFO SetState_End()
2023-03-30_22:11:06 INFO SetState_None()
2023-03-30_22:11:06 INFO [ Battle StandBy ] SetState_Start()
2023-03-30_22:11:06 INFO SetState_BattleStandBy()
2023-03-30_22:12:05 INFO [ Battle StandBy ] SetState_Notify()
2023-03-30_22:13:04 INFO [ Battle StandBy ] SetState_End()
2023-03-30_22:13:04 INFO [ Battle StandBy ] SetState_None()
2023-03-30_22:13:04 INFO [ Battle Maya ] SetState_StandBy_1()
2023-03-30_22:13:04 INFO SetState_BattleOfMaya()
2023-03-30_22:15:03 INFO [ Battle Maya ] SetState_Notify_1()
2023-03-30_22:15:03 INFO [ Battle Maya ] Failed. No users at state 2
2023-03-30_22:15:03 INFO [ Battle Maya ] SetState_End()
2023-03-30_22:15:05 INFO [ Battle Maya ] SetState_EndCycle()
2023-03-30_22:15:05 INFO [ Battle Maya ] SetState_None()
2023-03-30_22:15:05 INFO SetState_End()
2023-03-30_22:15:05 INFO SetState_None()
2023-03-30_22:15:05 INFO [ Battle StandBy ] SetState_Start()
2023-03-30_22:15:05 INFO SetState_BattleStandBy()
2023-03-30_22:16:04 INFO [ Battle StandBy ] SetState_Notify()
2023-03-30_22:17:03 INFO [ Battle StandBy ] SetState_End()
2023-03-30_22:17:03 INFO [ Battle StandBy ] SetState_None()
2023-03-30_22:17:03 INFO [ Battle Maya ] SetState_StandBy_1()
2023-03-30_22:17:03 INFO SetState_BattleOfMaya()
2023-03-30_22:19:02 INFO [ Battle Maya ] SetState_Notify_1()
2023-03-30_22:19:02 INFO [ Battle Maya ] Failed. No users at state 2
2023-03-30_22:19:02 INFO [ Battle Maya ] SetState_End()
2023-03-30_22:19:05 INFO [ Battle Maya ] SetState_EndCycle()
2023-03-30_22:19:05 INFO [ Battle Maya ] SetState_None()
2023-03-30_22:19:05 INFO SetState_End()
2023-03-30_22:19:05 INFO SetState_None()
2023-03-30_22:19:05 INFO [ Battle StandBy ] SetState_Start()
2023-03-30_22:19:05 INFO SetState_BattleStandBy()
2023-03-30_22:20:04 INFO [ Battle StandBy ] SetState_Notify()
2023-03-30_22:21:03 INFO [ Battle StandBy ] SetState_End()
2023-03-30_22:21:03 INFO [ Battle StandBy ] SetState_None()
2023-03-30_22:21:03 INFO [ Battle Maya ] SetState_StandBy_1()
2023-03-30_22:21:03 INFO SetState_BattleOfMaya()
2023-03-30_22:23:02 INFO [ Battle Maya ] SetState_Notify_1()
2023-03-30_22:23:02 INFO [ Battle Maya ] Failed. No users at state 2
2023-03-30_22:23:02 INFO [ Battle Maya ] SetState_End()
2023-03-30_22:23:04 INFO [ Battle Maya ] SetState_EndCycle()
2023-03-30_22:23:04 INFO [ Battle Maya ] SetState_None()
2023-03-30_22:23:04 INFO SetState_End()
2023-03-30_22:23:04 INFO SetState_None()
2023-03-30_22:23:04 INFO [ Battle StandBy ] SetState_Start()
2023-03-30_22:23:04 INFO SetState_BattleStandBy()
2023-03-30_22:24:03 INFO [ Battle StandBy ] SetState_Notify()
2023-03-30_22:25:02 INFO [ Battle StandBy ] SetState_End()
2023-03-30_22:25:02 INFO [ Battle StandBy ] SetState_None()
2023-03-30_22:25:03 INFO [ Battle Maya ] SetState_StandBy_1()
2023-03-30_22:25:03 INFO SetState_BattleOfMaya()
2023-03-30_22:27:02 INFO [ Battle Maya ] SetState_Notify_1()
2023-03-30_22:27:02 INFO [ Battle Maya ] Failed. No users at state 2
2023-03-30_22:27:02 INFO [ Battle Maya ] SetState_End()
2023-03-30_22:27:04 INFO [ Battle Maya ] SetState_EndCycle()
2023-03-30_22:27:04 INFO [ Battle Maya ] SetState_None()
2023-03-30_22:27:04 INFO SetState_End()
2023-03-30_22:27:04 INFO SetState_None()
2023-03-30_22:27:04 INFO [ Battle StandBy ] SetState_Start()
2023-03-30_22:27:04 INFO SetState_BattleStandBy()
2023-03-30_22:28:03 INFO [ Battle StandBy ] SetState_Notify()
2023-03-30_22:29:02 INFO [ Battle StandBy ] SetState_End()
2023-03-30_22:29:02 INFO [ Battle StandBy ] SetState_None()
2023-03-30_22:29:02 INFO [ Battle Maya ] SetState_StandBy_1()
2023-03-30_22:29:02 INFO SetState_BattleOfMaya()
2023-03-30_22:31:01 INFO [ Battle Maya ] SetState_Notify_1()
2023-03-30_22:31:01 INFO [ Battle Maya ] Failed. No users at state 2
2023-03-30_22:31:01 INFO [ Battle Maya ] SetState_End()
2023-03-30_22:31:03 INFO [ Battle Maya ] SetState_EndCycle()
2023-03-30_22:31:03 INFO [ Battle Maya ] SetState_None()
2023-03-30_22:31:03 INFO SetState_End()
2023-03-30_22:31:03 INFO SetState_None()
2023-03-30_22:31:03 INFO [ Battle StandBy ] SetState_Start()
2023-03-30_22:31:03 INFO SetState_BattleStandBy()
2023-03-30_22:32:02 INFO [ Battle StandBy ] SetState_Notify()
2023-03-30_22:33:01 INFO [ Battle StandBy ] SetState_End()
2023-03-30_22:33:02 INFO [ Battle StandBy ] SetState_None()
2023-03-30_22:33:02 INFO [ Battle Maya ] SetState_StandBy_1()
2023-03-30_22:33:02 INFO SetState_BattleOfMaya()
2023-03-30_22:35:02 INFO [ Battle Maya ] SetState_Notify_1()
2023-03-30_22:35:02 INFO [ Battle Maya ] Failed. No users at state 2
2023-03-30_22:35:02 INFO [ Battle Maya ] SetState_End()
2023-03-30_22:35:04 INFO [ Battle Maya ] SetState_EndCycle()
2023-03-30_22:35:04 INFO [ Battle Maya ] SetState_None()
2023-03-30_22:35:04 INFO SetState_End()
2023-03-30_22:35:05 INFO SetState_None()
2023-03-30_22:35:05 INFO [ Battle StandBy ] SetState_Start()
2023-03-30_22:35:05 INFO SetState_BattleStandBy()
2023-03-30_22:36:04 INFO [ Battle StandBy ] SetState_Notify()
2023-03-30_22:37:03 INFO [ Battle StandBy ] SetState_End()
2023-03-30_22:37:03 INFO [ Battle StandBy ] SetState_None()
2023-03-30_22:37:03 INFO [ Battle Maya ] SetState_StandBy_1()
2023-03-30_22:37:03 INFO SetState_BattleOfMaya()
2023-03-30_22:39:02 INFO [ Battle Maya ] SetState_Notify_1()
2023-03-30_22:39:02 INFO [ Battle Maya ] Failed. No users at state 2
2023-03-30_22:39:02 INFO [ Battle Maya ] SetState_End()
2023-03-30_22:39:04 INFO [ Battle Maya ] SetState_EndCycle()
2023-03-30_22:39:04 INFO [ Battle Maya ] SetState_None()
2023-03-30_22:39:04 INFO SetState_End()
2023-03-30_22:39:04 INFO SetState_None()
2023-03-30_22:39:04 INFO [ Battle StandBy ] SetState_Start()
2023-03-30_22:39:04 INFO SetState_BattleStandBy()
2023-03-30_22:40:03 INFO [ Battle StandBy ] SetState_Notify()
2023-03-30_22:41:02 INFO [ Battle StandBy ] SetState_End()
2023-03-30_22:41:02 INFO [ Battle StandBy ] SetState_None()
2023-03-30_22:41:02 INFO [ Battle Maya ] SetState_StandBy_1()
2023-03-30_22:41:02 INFO SetState_BattleOfMaya()
2023-03-30_22:43:01 INFO [ Battle Maya ] SetState_Notify_1()
2023-03-30_22:43:01 INFO [ Battle Maya ] Failed. No users at state 2
2023-03-30_22:43:01 INFO [ Battle Maya ] SetState_End()
2023-03-30_22:43:03 INFO [ Battle Maya ] SetState_EndCycle()
2023-03-30_22:43:04 INFO [ Battle Maya ] SetState_None()
2023-03-30_22:43:04 INFO SetState_End()
2023-03-30_22:43:04 INFO SetState_None()
2023-03-30_22:43:04 INFO [ Battle StandBy ] SetState_Start()
2023-03-30_22:43:04 INFO SetState_BattleStandBy()
2023-03-30_22:44:03 INFO [ Battle StandBy ] SetState_Notify()
2023-03-30_22:45:02 INFO [ Battle StandBy ] SetState_End()
2023-03-30_22:45:02 INFO [ Battle StandBy ] SetState_None()
2023-03-30_22:45:02 INFO [ Battle Maya ] SetState_StandBy_1()
2023-03-30_22:45:02 INFO SetState_BattleOfMaya()
2023-03-30_22:47:01 INFO [ Battle Maya ] SetState_Notify_1()
2023-03-30_22:47:01 INFO [ Battle Maya ] Failed. No users at state 2
2023-03-30_22:47:01 INFO [ Battle Maya ] SetState_End()
2023-03-30_22:47:03 INFO [ Battle Maya ] SetState_EndCycle()
2023-03-30_22:47:03 INFO [ Battle Maya ] SetState_None()
2023-03-30_22:47:03 INFO SetState_End()
2023-03-30_22:47:03 INFO SetState_None()
2023-03-30_22:47:03 INFO [ Battle StandBy ] SetState_Start()
2023-03-30_22:47:03 INFO SetState_BattleStandBy()
2023-03-30_22:48:02 INFO [ Battle StandBy ] SetState_Notify()
2023-03-30_22:49:01 INFO [ Battle StandBy ] SetState_End()
2023-03-30_22:49:01 INFO [ Battle StandBy ] SetState_None()
2023-03-30_22:49:01 INFO [ Battle Maya ] SetState_StandBy_1()
2023-03-30_22:49:01 INFO SetState_BattleOfMaya()
2023-03-30_22:51:00 INFO [ Battle Maya ] SetState_Notify_1()
2023-03-30_22:51:01 INFO [ Battle Maya ] Failed. No users at state 2
2023-03-30_22:51:01 INFO [ Battle Maya ] SetState_End()
2023-03-30_22:51:03 INFO [ Battle Maya ] SetState_EndCycle()
2023-03-30_22:51:03 INFO [ Battle Maya ] SetState_None()
2023-03-30_22:51:03 INFO SetState_End()
2023-03-30_22:51:03 INFO SetState_None()
2023-03-30_22:51:03 INFO [ Battle StandBy ] SetState_Start()
2023-03-30_22:51:03 INFO SetState_BattleStandBy()
2023-03-30_22:52:02 INFO [ Battle StandBy ] SetState_Notify()
2023-03-30_22:53:01 INFO [ Battle StandBy ] SetState_End()
2023-03-30_22:53:01 INFO [ Battle StandBy ] SetState_None()
2023-03-30_22:53:01 INFO [ Battle Maya ] SetState_StandBy_1()
2023-03-30_22:53:01 INFO SetState_BattleOfMaya()
2023-03-30_22:55:00 INFO [ Battle Maya ] SetState_Notify_1()
2023-03-30_22:55:00 INFO [ Battle Maya ] Failed. No users at state 2
2023-03-30_22:55:00 INFO [ Battle Maya ] SetState_End()
2023-03-30_22:55:02 INFO [ Battle Maya ] SetState_EndCycle()
2023-03-30_22:55:02 INFO [ Battle Maya ] SetState_None()
2023-03-30_22:55:02 INFO SetState_End()
2023-03-30_22:55:02 INFO SetState_None()
2023-03-30_22:55:02 INFO [ Battle StandBy ] SetState_Start()
2023-03-30_22:55:03 INFO SetState_BattleStandBy()
2023-03-30_22:56:02 INFO [ Battle StandBy ] SetState_Notify()
2023-03-30_22:57:01 INFO [ Battle StandBy ] SetState_End()
2023-03-30_22:57:01 INFO [ Battle StandBy ] SetState_None()
2023-03-30_22:57:01 INFO [ Battle Maya ] SetState_StandBy_1()
2023-03-30_22:57:01 INFO SetState_BattleOfMaya()
2023-03-30_22:59:00 INFO [ Battle Maya ] SetState_Notify_1()
2023-03-30_22:59:00 INFO [ Battle Maya ] Failed. No users at state 2
2023-03-30_22:59:00 INFO [ Battle Maya ] SetState_End()
2023-03-30_22:59:02 INFO [ Battle Maya ] SetState_EndCycle()
2023-03-30_22:59:02 INFO [ Battle Maya ] SetState_None()
2023-03-30_22:59:02 INFO SetState_End()
2023-03-30_22:59:02 INFO SetState_None()
2023-03-30_22:59:02 INFO [ Battle StandBy ] SetState_Start()
2023-03-30_22:59:02 INFO SetState_BattleStandBy()
2023-03-30_23:00:02 INFO [ Battle StandBy ] SetState_Notify()
2023-03-30_23:01:01 INFO [ Battle StandBy ] SetState_End()
2023-03-30_23:01:01 INFO [ Battle StandBy ] SetState_None()
2023-03-30_23:01:01 INFO [ Battle Maya ] SetState_StandBy_1()
2023-03-30_23:01:01 INFO SetState_BattleOfMaya()
2023-03-30_23:03:00 INFO [ Battle Maya ] SetState_Notify_1()
2023-03-30_23:03:00 INFO [ Battle Maya ] Failed. No users at state 2
2023-03-30_23:03:00 INFO [ Battle Maya ] SetState_End()
2023-03-30_23:03:02 INFO [ Battle Maya ] SetState_EndCycle()
2023-03-30_23:03:03 INFO [ Battle Maya ] SetState_None()
2023-03-30_23:03:03 INFO SetState_End()
2023-03-30_23:03:03 INFO SetState_None()
2023-03-30_23:03:03 INFO [ Battle StandBy ] SetState_Start()
2023-03-30_23:03:03 INFO SetState_BattleStandBy()
2023-03-30_23:04:02 INFO [ Battle StandBy ] SetState_Notify()
2023-03-30_23:05:01 INFO [ Battle StandBy ] SetState_End()
2023-03-30_23:05:01 INFO [ Battle StandBy ] SetState_None()
2023-03-30_23:05:01 INFO [ Battle Maya ] SetState_StandBy_1()
2023-03-30_23:05:01 INFO SetState_BattleOfMaya()
2023-03-30_23:07:00 INFO [ Battle Maya ] SetState_Notify_1()
2023-03-30_23:07:00 INFO [ Battle Maya ] Failed. No users at state 2
2023-03-30_23:07:00 INFO [ Battle Maya ] SetState_End()
2023-03-30_23:07:02 INFO [ Battle Maya ] SetState_EndCycle()
2023-03-30_23:07:02 INFO [ Battle Maya ] SetState_None()
2023-03-30_23:07:02 INFO SetState_End()
2023-03-30_23:07:02 INFO SetState_None()
2023-03-30_23:07:02 INFO [ Battle StandBy ] SetState_Start()
2023-03-30_23:07:02 INFO SetState_BattleStandBy()
2023-03-30_23:08:01 INFO [ Battle StandBy ] SetState_Notify()
2023-03-30_23:09:00 INFO [ Battle StandBy ] SetState_End()
2023-03-30_23:09:00 INFO [ Battle StandBy ] SetState_None()
2023-03-30_23:09:00 INFO [ Battle Maya ] SetState_StandBy_1()
2023-03-30_23:09:00 INFO SetState_BattleOfMaya()
2023-03-30_23:10:59 INFO [ Battle Maya ] SetState_Notify_1()
2023-03-30_23:11:00 INFO [ Battle Maya ] Failed. No users at state 2
2023-03-30_23:11:00 INFO [ Battle Maya ] SetState_End()
2023-03-30_23:11:02 INFO [ Battle Maya ] SetState_EndCycle()
2023-03-30_23:11:02 INFO [ Battle Maya ] SetState_None()
2023-03-30_23:11:02 INFO SetState_End()
2023-03-30_23:11:02 INFO SetState_None()
2023-03-30_23:11:02 INFO [ Battle StandBy ] SetState_Start()
2023-03-30_23:11:02 INFO SetState_BattleStandBy()
2023-03-30_23:12:01 INFO [ Battle StandBy ] SetState_Notify()
2023-03-30_23:13:00 INFO [ Battle StandBy ] SetState_End()
2023-03-30_23:13:00 INFO [ Battle StandBy ] SetState_None()
2023-03-30_23:13:00 INFO [ Battle Maya ] SetState_StandBy_1()
2023-03-30_23:13:00 INFO SetState_BattleOfMaya()
2023-03-30_23:14:59 INFO [ Battle Maya ] SetState_Notify_1()
2023-03-30_23:14:59 INFO [ Battle Maya ] Failed. No users at state 2
2023-03-30_23:14:59 INFO [ Battle Maya ] SetState_End()
2023-03-30_23:15:01 INFO [ Battle Maya ] SetState_EndCycle()
2023-03-30_23:15:01 INFO [ Battle Maya ] SetState_None()
2023-03-30_23:15:01 INFO SetState_End()
2023-03-30_23:15:01 INFO SetState_None()
2023-03-30_23:15:01 INFO [ Battle StandBy ] SetState_Start()
2023-03-30_23:15:01 INFO SetState_BattleStandBy()
2023-03-30_23:16:00 INFO [ Battle StandBy ] SetState_Notify()
2023-03-30_23:16:59 INFO [ Battle StandBy ] SetState_End()
2023-03-30_23:16:59 INFO [ Battle StandBy ] SetState_None()
2023-03-30_23:17:00 INFO [ Battle Maya ] SetState_StandBy_1()
2023-03-30_23:17:00 INFO SetState_BattleOfMaya()
2023-03-30_23:18:59 INFO [ Battle Maya ] SetState_Notify_1()
2023-03-30_23:18:59 INFO [ Battle Maya ] Failed. No users at state 2
2023-03-30_23:18:59 INFO [ Battle Maya ] SetState_End()
2023-03-30_23:19:01 INFO [ Battle Maya ] SetState_EndCycle()
2023-03-30_23:19:01 INFO [ Battle Maya ] SetState_None()
2023-03-30_23:19:01 INFO SetState_End()
2023-03-30_23:19:01 INFO SetState_None()
2023-03-30_23:19:01 INFO [ Battle StandBy ] SetState_Start()
2023-03-30_23:19:01 INFO SetState_BattleStandBy()
2023-03-30_23:20:00 INFO [ Battle StandBy ] SetState_Notify()
2023-03-30_23:20:59 INFO [ Battle StandBy ] SetState_End()
2023-03-30_23:20:59 INFO [ Battle StandBy ] SetState_None()
2023-03-30_23:20:59 INFO [ Battle Maya ] SetState_StandBy_1()
2023-03-30_23:20:59 INFO SetState_BattleOfMaya()
2023-03-30_23:22:58 INFO [ Battle Maya ] SetState_Notify_1()
2023-03-30_23:22:58 INFO [ Battle Maya ] Failed. No users at state 2
2023-03-30_23:22:58 INFO [ Battle Maya ] SetState_End()
2023-03-30_23:23:01 INFO [ Battle Maya ] SetState_EndCycle()
2023-03-30_23:23:01 INFO [ Battle Maya ] SetState_None()
2023-03-30_23:23:01 INFO SetState_End()
2023-03-30_23:23:01 INFO SetState_None()
2023-03-30_23:23:01 INFO [ Battle StandBy ] SetState_Start()
2023-03-30_23:23:01 INFO SetState_BattleStandBy()
2023-03-30_23:24:00 INFO [ Battle StandBy ] SetState_Notify()
2023-03-30_23:24:59 INFO [ Battle StandBy ] SetState_End()
2023-03-30_23:24:59 INFO [ Battle StandBy ] SetState_None()
2023-03-30_23:24:59 INFO [ Battle Maya ] SetState_StandBy_1()
2023-03-30_23:24:59 INFO SetState_BattleOfMaya()
2023-03-30_23:26:58 INFO [ Battle Maya ] SetState_Notify_1()
2023-03-30_23:26:58 INFO [ Battle Maya ] Failed. No users at state 2
2023-03-30_23:26:58 INFO [ Battle Maya ] SetState_End()
2023-03-30_23:27:00 INFO [ Battle Maya ] SetState_EndCycle()
2023-03-30_23:27:00 INFO [ Battle Maya ] SetState_None()
2023-03-30_23:27:00 INFO SetState_End()
2023-03-30_23:27:00 INFO SetState_None()
2023-03-30_23:27:00 INFO [ Battle StandBy ] SetState_Start()
2023-03-30_23:27:00 INFO SetState_BattleStandBy()
2023-03-30_23:27:59 INFO [ Battle StandBy ] SetState_Notify()
2023-03-30_23:28:58 INFO [ Battle StandBy ] SetState_End()
2023-03-30_23:28:59 INFO [ Battle StandBy ] SetState_None()
2023-03-30_23:28:59 INFO [ Battle Maya ] SetState_StandBy_1()
2023-03-30_23:28:59 INFO SetState_BattleOfMaya()
2023-03-30_23:30:58 INFO [ Battle Maya ] SetState_Notify_1()
2023-03-30_23:30:58 INFO [ Battle Maya ] Failed. No users at state 2
2023-03-30_23:30:58 INFO [ Battle Maya ] SetState_End()
2023-03-30_23:31:00 INFO [ Battle Maya ] SetState_EndCycle()
2023-03-30_23:31:00 INFO [ Battle Maya ] SetState_None()
2023-03-30_23:31:00 INFO SetState_End()
2023-03-30_23:31:00 INFO SetState_None()
2023-03-30_23:31:00 INFO [ Battle StandBy ] SetState_Start()
2023-03-30_23:31:00 INFO SetState_BattleStandBy()
2023-03-30_23:31:59 INFO [ Battle StandBy ] SetState_Notify()
2023-03-30_23:32:58 INFO [ Battle StandBy ] SetState_End()
2023-03-30_23:32:58 INFO [ Battle StandBy ] SetState_None()
2023-03-30_23:32:58 INFO [ Battle Maya ] SetState_StandBy_1()
2023-03-30_23:32:58 INFO SetState_BattleOfMaya()
2023-03-30_23:34:57 INFO [ Battle Maya ] SetState_Notify_1()
2023-03-30_23:34:57 INFO [ Battle Maya ] Failed. No users at state 2
2023-03-30_23:34:57 INFO [ Battle Maya ] SetState_End()
2023-03-30_23:34:59 INFO [ Battle Maya ] SetState_EndCycle()
2023-03-30_23:34:59 INFO [ Battle Maya ] SetState_None()
2023-03-30_23:34:59 INFO SetState_End()
2023-03-30_23:35:00 INFO SetState_None()
2023-03-30_23:35:00 INFO [ Battle StandBy ] SetState_Start()
2023-03-30_23:35:00 INFO SetState_BattleStandBy()
2023-03-30_23:35:59 INFO [ Battle StandBy ] SetState_Notify()
2023-03-30_23:36:58 INFO [ Battle StandBy ] SetState_End()
2023-03-30_23:36:58 INFO [ Battle StandBy ] SetState_None()
2023-03-30_23:36:58 INFO [ Battle Maya ] SetState_StandBy_1()
2023-03-30_23:36:58 INFO SetState_BattleOfMaya()
2023-03-30_23:38:57 INFO [ Battle Maya ] SetState_Notify_1()
2023-03-30_23:38:57 INFO [ Battle Maya ] Failed. No users at state 2
2023-03-30_23:38:57 INFO [ Battle Maya ] SetState_End()
2023-03-30_23:38:59 INFO [ Battle Maya ] SetState_EndCycle()
2023-03-30_23:38:59 INFO [ Battle Maya ] SetState_None()
2023-03-30_23:38:59 INFO SetState_End()
2023-03-30_23:38:59 INFO SetState_None()
2023-03-30_23:38:59 INFO [ Battle StandBy ] SetState_Start()
2023-03-30_23:38:59 INFO SetState_BattleStandBy()
2023-03-30_23:39:58 INFO [ Battle StandBy ] SetState_Notify()
2023-03-30_23:40:57 INFO [ Battle StandBy ] SetState_End()
2023-03-30_23:40:57 INFO [ Battle StandBy ] SetState_None()
2023-03-30_23:40:57 INFO [ Battle Maya ] SetState_StandBy_1()
2023-03-30_23:40:57 INFO SetState_BattleOfMaya()
2023-03-30_23:42:56 INFO [ Battle Maya ] SetState_Notify_1()
2023-03-30_23:42:57 INFO [ Battle Maya ] Failed. No users at state 2
2023-03-30_23:42:57 INFO [ Battle Maya ] SetState_End()
2023-03-30_23:42:59 INFO [ Battle Maya ] SetState_EndCycle()
2023-03-30_23:42:59 INFO [ Battle Maya ] SetState_None()
2023-03-30_23:42:59 INFO SetState_End()
2023-03-30_23:42:59 INFO SetState_None()
2023-03-30_23:42:59 INFO [ Battle StandBy ] SetState_Start()
2023-03-30_23:42:59 INFO SetState_BattleStandBy()
2023-03-30_23:43:58 INFO [ Battle StandBy ] SetState_Notify()
2023-03-30_23:44:57 INFO [ Battle StandBy ] SetState_End()
2023-03-30_23:44:57 INFO [ Battle StandBy ] SetState_None()
2023-03-30_23:44:57 INFO [ Battle Maya ] SetState_StandBy_1()
2023-03-30_23:44:57 INFO SetState_BattleOfMaya()
2023-03-30_23:46:56 INFO [ Battle Maya ] SetState_Notify_1()
2023-03-30_23:46:56 INFO [ Battle Maya ] Failed. No users at state 2
2023-03-30_23:46:56 INFO [ Battle Maya ] SetState_End()
2023-03-30_23:46:58 INFO [ Battle Maya ] SetState_EndCycle()
2023-03-30_23:46:58 INFO [ Battle Maya ] SetState_None()
2023-03-30_23:46:58 INFO SetState_End()
2023-03-30_23:46:58 INFO SetState_None()
2023-03-30_23:46:58 INFO [ Battle StandBy ] SetState_Start()
2023-03-30_23:46:58 INFO SetState_BattleStandBy()
2023-03-30_23:47:57 INFO [ Battle StandBy ] SetState_Notify()
2023-03-30_23:48:56 INFO [ Battle StandBy ] SetState_End()
2023-03-30_23:48:57 INFO [ Battle StandBy ] SetState_None()
2023-03-30_23:48:57 INFO [ Battle Maya ] SetState_StandBy_1()
2023-03-30_23:48:57 INFO SetState_BattleOfMaya()
2023-03-30_23:50:56 INFO [ Battle Maya ] SetState_Notify_1()
2023-03-30_23:50:56 INFO [ Battle Maya ] Failed. No users at state 2
2023-03-30_23:50:56 INFO [ Battle Maya ] SetState_End()
2023-03-30_23:50:58 INFO [ Battle Maya ] SetState_EndCycle()
2023-03-30_23:50:58 INFO [ Battle Maya ] SetState_None()
2023-03-30_23:50:58 INFO SetState_End()
2023-03-30_23:50:58 INFO SetState_None()
2023-03-30_23:50:58 INFO [ Battle StandBy ] SetState_Start()
2023-03-30_23:50:58 INFO SetState_BattleStandBy()
2023-03-30_23:51:57 INFO [ Battle StandBy ] SetState_Notify()
2023-03-30_23:52:56 INFO [ Battle StandBy ] SetState_End()
2023-03-30_23:52:56 INFO [ Battle StandBy ] SetState_None()
2023-03-30_23:52:56 INFO [ Battle Maya ] SetState_StandBy_1()
2023-03-30_23:52:56 INFO SetState_BattleOfMaya()
2023-03-30_23:54:55 INFO [ Battle Maya ] SetState_Notify_1()
2023-03-30_23:54:55 INFO [ Battle Maya ] Failed. No users at state 2
2023-03-30_23:54:55 INFO [ Battle Maya ] SetState_End()
2023-03-30_23:54:57 INFO [ Battle Maya ] SetState_EndCycle()
2023-03-30_23:54:57 INFO [ Battle Maya ] SetState_None()
2023-03-30_23:54:57 INFO SetState_End()
2023-03-30_23:54:57 INFO SetState_None()
2023-03-30_23:54:58 INFO [ Battle StandBy ] SetState_Start()
2023-03-30_23:54:58 INFO SetState_BattleStandBy()
2023-03-30_23:55:57 INFO [ Battle StandBy ] SetState_Notify()
2023-03-30_23:56:56 INFO [ Battle StandBy ] SetState_End()
2023-03-30_23:56:56 INFO [ Battle StandBy ] SetState_None()
2023-03-30_23:56:56 INFO [ Battle Maya ] SetState_StandBy_1()
2023-03-30_23:56:56 INFO SetState_BattleOfMaya()
2023-03-30_23:58:55 INFO [ Battle Maya ] SetState_Notify_1()
2023-03-30_23:58:55 INFO [ Battle Maya ] Failed. No users at state 2
2023-03-30_23:58:55 INFO [ Battle Maya ] SetState_End()
2023-03-30_23:58:57 INFO [ Battle Maya ] SetState_EndCycle()
2023-03-30_23:58:57 INFO [ Battle Maya ] SetState_None()
2023-03-30_23:58:57 INFO SetState_End()
2023-03-30_23:58:57 INFO SetState_None()
2023-03-30_23:58:57 INFO [ Battle StandBy ] SetState_Start()
2023-03-30_23:58:57 INFO SetState_BattleStandBy()
2023-03-30_23:59:56 INFO [ Battle StandBy ] SetState_Notify()
2023-03-31_00:00:55 INFO [ Battle StandBy ] SetState_End()
2023-03-31_00:00:55 INFO [ Battle StandBy ] SetState_None()
2023-03-31_00:00:55 INFO [ Battle Maya ] SetState_StandBy_1()
2023-03-31_00:00:55 INFO SetState_BattleOfMaya()
