2023-03-25_15:40:42 INFO [ Battle StandBy ] SetState_Start()
2023-03-25_15:40:42 INFO SetState_BattleStandBy()
2023-03-25_15:41:41 INFO [ Battle StandBy ] SetState_Notify()
2023-03-25_15:42:40 INFO [ Battle StandBy ] SetState_End()
2023-03-25_15:42:40 INFO [ Battle StandBy ] SetState_None()
2023-03-25_15:42:40 INFO [ Battle Maya ] SetState_StandBy_1()
2023-03-25_15:42:40 INFO SetState_BattleOfMaya()
2023-03-25_15:44:39 INFO [ Battle Maya ] SetState_Notify_1()
2023-03-25_15:44:39 INFO [ Battle Maya ] Failed. No users at state 2
2023-03-25_15:44:39 INFO [ Battle Maya ] SetState_End()
2023-03-25_15:44:41 INFO [ Battle Maya ] SetState_EndCycle()
2023-03-25_15:44:41 INFO [ Battle Maya ] SetState_None()
2023-03-25_15:44:41 INFO SetState_End()
2023-03-25_15:44:42 INFO SetState_None()
2023-03-25_15:44:42 INFO [ Battle StandBy ] SetState_Start()
2023-03-25_15:44:42 INFO SetState_BattleStandBy()
2023-03-25_15:45:41 INFO [ Battle StandBy ] SetState_Notify()
2023-03-25_15:46:40 INFO [ Battle StandBy ] SetState_End()
2023-03-25_15:46:40 INFO [ Battle StandBy ] SetState_None()
2023-03-25_15:46:40 INFO [ Battle Maya ] SetState_StandBy_1()
2023-03-25_15:46:40 INFO SetState_BattleOfMaya()
2023-03-25_15:48:39 INFO [ Battle Maya ] SetState_Notify_1()
2023-03-25_15:48:39 INFO [ Battle Maya ] Failed. No users at state 2
2023-03-25_15:48:39 INFO [ Battle Maya ] SetState_End()
2023-03-25_15:48:41 INFO [ Battle Maya ] SetState_EndCycle()
2023-03-25_15:48:41 INFO [ Battle Maya ] SetState_None()
2023-03-25_15:48:41 INFO SetState_End()
2023-03-25_15:48:41 INFO SetState_None()
2023-03-25_15:48:41 INFO [ Battle StandBy ] SetState_Start()
2023-03-25_15:48:41 INFO SetState_BattleStandBy()
2023-03-25_15:49:40 INFO [ Battle StandBy ] SetState_Notify()
2023-03-25_15:50:39 INFO [ Battle StandBy ] SetState_End()
2023-03-25_15:50:39 INFO [ Battle StandBy ] SetState_None()
2023-03-25_15:50:39 INFO [ Battle Maya ] SetState_StandBy_1()
2023-03-25_15:50:39 INFO SetState_BattleOfMaya()
2023-03-25_15:52:38 INFO [ Battle Maya ] SetState_Notify_1()
2023-03-25_15:52:38 INFO [ Battle Maya ] Failed. No users at state 2
2023-03-25_15:52:38 INFO [ Battle Maya ] SetState_End()
2023-03-25_15:52:40 INFO [ Battle Maya ] SetState_EndCycle()
2023-03-25_15:52:40 INFO [ Battle Maya ] SetState_None()
2023-03-25_15:52:40 INFO SetState_End()
2023-03-25_15:52:40 INFO SetState_None()
2023-03-25_15:52:40 INFO [ Battle StandBy ] SetState_Start()
2023-03-25_15:52:40 INFO SetState_BattleStandBy()
2023-03-25_15:53:39 INFO [ Battle StandBy ] SetState_Notify()
2023-03-25_15:54:38 INFO [ Battle StandBy ] SetState_End()
2023-03-25_15:54:38 INFO [ Battle StandBy ] SetState_None()
2023-03-25_15:54:38 INFO [ Battle Maya ] SetState_StandBy_1()
2023-03-25_15:54:38 INFO SetState_BattleOfMaya()
2023-03-25_15:56:37 INFO [ Battle Maya ] SetState_Notify_1()
2023-03-25_15:56:37 INFO [ Battle Maya ] Failed. No users at state 2
2023-03-25_15:56:37 INFO [ Battle Maya ] SetState_End()
2023-03-25_15:56:39 INFO [ Battle Maya ] SetState_EndCycle()
2023-03-25_15:56:39 INFO [ Battle Maya ] SetState_None()
2023-03-25_15:56:39 INFO SetState_End()
2023-03-25_15:56:40 INFO SetState_None()
2023-03-25_15:56:40 INFO [ Battle StandBy ] SetState_Start()
2023-03-25_15:56:40 INFO SetState_BattleStandBy()
2023-03-25_15:57:39 INFO [ Battle StandBy ] SetState_Notify()
2023-03-25_15:58:38 INFO [ Battle StandBy ] SetState_End()
2023-03-25_15:58:38 INFO [ Battle StandBy ] SetState_None()
2023-03-25_15:58:38 INFO [ Battle Maya ] SetState_StandBy_1()
2023-03-25_15:58:38 INFO SetState_BattleOfMaya()
2023-03-25_16:00:37 INFO [ Battle Maya ] SetState_Notify_1()
2023-03-25_16:00:37 INFO [ Battle Maya ] Failed. No users at state 2
2023-03-25_16:00:37 INFO [ Battle Maya ] SetState_End()
2023-03-25_16:00:39 INFO [ Battle Maya ] SetState_EndCycle()
2023-03-25_16:00:39 INFO [ Battle Maya ] SetState_None()
2023-03-25_16:00:39 INFO SetState_End()
2023-03-25_16:00:39 INFO SetState_None()
2023-03-25_16:00:39 INFO [ Battle StandBy ] SetState_Start()
2023-03-25_16:00:39 INFO SetState_BattleStandBy()
2023-03-25_16:01:38 INFO [ Battle StandBy ] SetState_Notify()
2023-03-25_16:02:37 INFO [ Battle StandBy ] SetState_End()
2023-03-25_16:02:37 INFO [ Battle StandBy ] SetState_None()
2023-03-25_16:02:37 INFO [ Battle Maya ] SetState_StandBy_1()
2023-03-25_16:02:37 INFO SetState_BattleOfMaya()
2023-03-25_16:04:36 INFO [ Battle Maya ] SetState_Notify_1()
2023-03-25_16:04:36 INFO [ Battle Maya ] Failed. No users at state 2
2023-03-25_16:04:36 INFO [ Battle Maya ] SetState_End()
2023-03-25_16:04:38 INFO [ Battle Maya ] SetState_EndCycle()
2023-03-25_16:04:38 INFO [ Battle Maya ] SetState_None()
2023-03-25_16:04:38 INFO SetState_End()
2023-03-25_16:04:38 INFO SetState_None()
2023-03-25_16:04:38 INFO [ Battle StandBy ] SetState_Start()
2023-03-25_16:04:38 INFO SetState_BattleStandBy()
2023-03-25_16:05:37 INFO [ Battle StandBy ] SetState_Notify()
2023-03-25_16:06:36 INFO [ Battle StandBy ] SetState_End()
2023-03-25_16:06:36 INFO [ Battle StandBy ] SetState_None()
2023-03-25_16:06:36 INFO [ Battle Maya ] SetState_StandBy_1()
2023-03-25_16:06:36 INFO SetState_BattleOfMaya()
2023-03-25_16:08:35 INFO [ Battle Maya ] SetState_Notify_1()
2023-03-25_16:08:35 INFO [ Battle Maya ] Failed. No users at state 2
2023-03-25_16:08:35 INFO [ Battle Maya ] SetState_End()
2023-03-25_16:08:37 INFO [ Battle Maya ] SetState_EndCycle()
2023-03-25_16:08:38 INFO [ Battle Maya ] SetState_None()
2023-03-25_16:08:38 INFO SetState_End()
2023-03-25_16:08:38 INFO SetState_None()
2023-03-25_16:08:38 INFO [ Battle StandBy ] SetState_Start()
2023-03-25_16:08:38 INFO SetState_BattleStandBy()
2023-03-25_16:09:37 INFO [ Battle StandBy ] SetState_Notify()
2023-03-25_16:10:36 INFO [ Battle StandBy ] SetState_End()
2023-03-25_16:10:36 INFO [ Battle StandBy ] SetState_None()
2023-03-25_16:10:36 INFO [ Battle Maya ] SetState_StandBy_1()
2023-03-25_16:10:36 INFO SetState_BattleOfMaya()
2023-03-25_16:12:35 INFO [ Battle Maya ] SetState_Notify_1()
2023-03-25_16:12:35 INFO [ Battle Maya ] Failed. No users at state 2
2023-03-25_16:12:35 INFO [ Battle Maya ] SetState_End()
2023-03-25_16:12:37 INFO [ Battle Maya ] SetState_EndCycle()
2023-03-25_16:12:37 INFO [ Battle Maya ] SetState_None()
2023-03-25_16:12:37 INFO SetState_End()
2023-03-25_16:12:37 INFO SetState_None()
2023-03-25_16:12:37 INFO [ Battle StandBy ] SetState_Start()
2023-03-25_16:12:37 INFO SetState_BattleStandBy()
2023-03-25_16:13:36 INFO [ Battle StandBy ] SetState_Notify()
2023-03-25_16:14:35 INFO [ Battle StandBy ] SetState_End()
2023-03-25_16:14:35 INFO [ Battle StandBy ] SetState_None()
2023-03-25_16:14:35 INFO [ Battle Maya ] SetState_StandBy_1()
2023-03-25_16:14:35 INFO SetState_BattleOfMaya()
2023-03-25_16:16:34 INFO [ Battle Maya ] SetState_Notify_1()
2023-03-25_16:16:34 INFO [ Battle Maya ] Failed. No users at state 2
2023-03-25_16:16:34 INFO [ Battle Maya ] SetState_End()
2023-03-25_16:16:36 INFO [ Battle Maya ] SetState_EndCycle()
2023-03-25_16:16:36 INFO [ Battle Maya ] SetState_None()
2023-03-25_16:16:36 INFO SetState_End()
2023-03-25_16:16:36 INFO SetState_None()
2023-03-25_16:16:36 INFO [ Battle StandBy ] SetState_Start()
2023-03-25_16:16:36 INFO SetState_BattleStandBy()
2023-03-25_16:17:35 INFO [ Battle StandBy ] SetState_Notify()
2023-03-25_16:18:34 INFO [ Battle StandBy ] SetState_End()
2023-03-25_16:18:34 INFO [ Battle StandBy ] SetState_None()
2023-03-25_16:18:34 INFO [ Battle Maya ] SetState_StandBy_1()
2023-03-25_16:18:34 INFO SetState_BattleOfMaya()
2023-03-25_16:20:33 INFO [ Battle Maya ] SetState_Notify_1()
2023-03-25_16:20:33 INFO [ Battle Maya ] Failed. No users at state 2
2023-03-25_16:20:33 INFO [ Battle Maya ] SetState_End()
2023-03-25_16:20:36 INFO [ Battle Maya ] SetState_EndCycle()
2023-03-25_16:20:36 INFO [ Battle Maya ] SetState_None()
2023-03-25_16:20:36 INFO SetState_End()
2023-03-25_16:20:36 INFO SetState_None()
2023-03-25_16:20:36 INFO [ Battle StandBy ] SetState_Start()
2023-03-25_16:20:36 INFO SetState_BattleStandBy()
2023-03-25_16:21:35 INFO [ Battle StandBy ] SetState_Notify()
2023-03-25_16:22:34 INFO [ Battle StandBy ] SetState_End()
2023-03-25_16:22:34 INFO [ Battle StandBy ] SetState_None()
2023-03-25_16:22:34 INFO [ Battle Maya ] SetState_StandBy_1()
2023-03-25_16:22:34 INFO SetState_BattleOfMaya()
2023-03-25_16:24:33 INFO [ Battle Maya ] SetState_Notify_1()
2023-03-25_16:24:33 INFO [ Battle Maya ] Failed. No users at state 2
2023-03-25_16:24:33 INFO [ Battle Maya ] SetState_End()
2023-03-25_16:24:35 INFO [ Battle Maya ] SetState_EndCycle()
2023-03-25_16:24:35 INFO [ Battle Maya ] SetState_None()
2023-03-25_16:24:35 INFO SetState_End()
2023-03-25_16:24:35 INFO SetState_None()
2023-03-25_16:24:35 INFO [ Battle StandBy ] SetState_Start()
2023-03-25_16:24:35 INFO SetState_BattleStandBy()
2023-03-25_16:25:34 INFO [ Battle StandBy ] SetState_Notify()
2023-03-25_16:26:33 INFO [ Battle StandBy ] SetState_End()
2023-03-25_16:26:33 INFO [ Battle StandBy ] SetState_None()
2023-03-25_16:26:33 INFO [ Battle Maya ] SetState_StandBy_1()
2023-03-25_16:26:33 INFO SetState_BattleOfMaya()
2023-03-25_16:28:32 INFO [ Battle Maya ] SetState_Notify_1()
2023-03-25_16:28:32 INFO [ Battle Maya ] Failed. No users at state 2
2023-03-25_16:28:32 INFO [ Battle Maya ] SetState_End()
2023-03-25_16:28:34 INFO [ Battle Maya ] SetState_EndCycle()
2023-03-25_16:28:34 INFO [ Battle Maya ] SetState_None()
2023-03-25_16:28:34 INFO SetState_End()
2023-03-25_16:28:34 INFO SetState_None()
2023-03-25_16:28:34 INFO [ Battle StandBy ] SetState_Start()
2023-03-25_16:28:34 INFO SetState_BattleStandBy()
2023-03-25_16:29:33 INFO [ Battle StandBy ] SetState_Notify()
2023-03-25_16:30:32 INFO [ Battle StandBy ] SetState_End()
2023-03-25_16:30:32 INFO [ Battle StandBy ] SetState_None()
2023-03-25_16:30:32 INFO [ Battle Maya ] SetState_StandBy_1()
2023-03-25_16:30:32 INFO SetState_BattleOfMaya()
2023-03-25_16:32:31 INFO [ Battle Maya ] SetState_Notify_1()
2023-03-25_16:32:31 INFO [ Battle Maya ] Failed. No users at state 2
2023-03-25_16:32:31 INFO [ Battle Maya ] SetState_End()
2023-03-25_16:32:34 INFO [ Battle Maya ] SetState_EndCycle()
2023-03-25_16:32:34 INFO [ Battle Maya ] SetState_None()
2023-03-25_16:32:34 INFO SetState_End()
2023-03-25_16:32:34 INFO SetState_None()
2023-03-25_16:32:34 INFO [ Battle StandBy ] SetState_Start()
2023-03-25_16:32:34 INFO SetState_BattleStandBy()
2023-03-25_16:33:33 INFO [ Battle StandBy ] SetState_Notify()
2023-03-25_16:34:32 INFO [ Battle StandBy ] SetState_End()
2023-03-25_16:34:32 INFO [ Battle StandBy ] SetState_None()
2023-03-25_16:34:32 INFO [ Battle Maya ] SetState_StandBy_1()
2023-03-25_16:34:32 INFO SetState_BattleOfMaya()
2023-03-25_16:36:31 INFO [ Battle Maya ] SetState_Notify_1()
2023-03-25_16:36:31 INFO [ Battle Maya ] Failed. No users at state 2
2023-03-25_16:36:31 INFO [ Battle Maya ] SetState_End()
2023-03-25_16:36:33 INFO [ Battle Maya ] SetState_EndCycle()
2023-03-25_16:36:33 INFO [ Battle Maya ] SetState_None()
2023-03-25_16:36:33 INFO SetState_End()
2023-03-25_16:36:33 INFO SetState_None()
2023-03-25_16:36:33 INFO [ Battle StandBy ] SetState_Start()
2023-03-25_16:36:33 INFO SetState_BattleStandBy()
2023-03-25_16:37:32 INFO [ Battle StandBy ] SetState_Notify()
2023-03-25_16:38:31 INFO [ Battle StandBy ] SetState_End()
2023-03-25_16:38:31 INFO [ Battle StandBy ] SetState_None()
2023-03-25_16:38:31 INFO [ Battle Maya ] SetState_StandBy_1()
2023-03-25_16:38:31 INFO SetState_BattleOfMaya()
2023-03-25_16:40:30 INFO [ Battle Maya ] SetState_Notify_1()
2023-03-25_16:40:30 INFO [ Battle Maya ] Failed. No users at state 2
2023-03-25_16:40:30 INFO [ Battle Maya ] SetState_End()
2023-03-25_16:40:32 INFO [ Battle Maya ] SetState_EndCycle()
2023-03-25_16:40:32 INFO [ Battle Maya ] SetState_None()
2023-03-25_16:40:32 INFO SetState_End()
2023-03-25_16:40:32 INFO SetState_None()
2023-03-25_16:40:32 INFO [ Battle StandBy ] SetState_Start()
2023-03-25_16:40:32 INFO SetState_BattleStandBy()
2023-03-25_16:41:31 INFO [ Battle StandBy ] SetState_Notify()
2023-03-25_16:42:31 INFO [ Battle StandBy ] SetState_End()
2023-03-25_16:42:31 INFO [ Battle StandBy ] SetState_None()
2023-03-25_16:42:31 INFO [ Battle Maya ] SetState_StandBy_1()
2023-03-25_16:42:31 INFO SetState_BattleOfMaya()
2023-03-25_16:44:30 INFO [ Battle Maya ] SetState_Notify_1()
2023-03-25_16:44:30 INFO [ Battle Maya ] Failed. No users at state 2
2023-03-25_16:44:30 INFO [ Battle Maya ] SetState_End()
2023-03-25_16:44:32 INFO [ Battle Maya ] SetState_EndCycle()
2023-03-25_16:44:32 INFO [ Battle Maya ] SetState_None()
2023-03-25_16:44:32 INFO SetState_End()
2023-03-25_16:44:32 INFO SetState_None()
2023-03-25_16:44:32 INFO [ Battle StandBy ] SetState_Start()
2023-03-25_16:44:32 INFO SetState_BattleStandBy()
2023-03-25_16:45:31 INFO [ Battle StandBy ] SetState_Notify()
2023-03-25_16:46:30 INFO [ Battle StandBy ] SetState_End()
2023-03-25_16:46:30 INFO [ Battle StandBy ] SetState_None()
2023-03-25_16:46:30 INFO [ Battle Maya ] SetState_StandBy_1()
2023-03-25_16:46:30 INFO SetState_BattleOfMaya()
2023-03-25_16:48:29 INFO [ Battle Maya ] SetState_Notify_1()
2023-03-25_16:48:29 INFO [ Battle Maya ] Failed. No users at state 2
2023-03-25_16:48:29 INFO [ Battle Maya ] SetState_End()
2023-03-25_16:48:31 INFO [ Battle Maya ] SetState_EndCycle()
2023-03-25_16:48:31 INFO [ Battle Maya ] SetState_None()
2023-03-25_16:48:31 INFO SetState_End()
2023-03-25_16:48:31 INFO SetState_None()
2023-03-25_16:48:31 INFO [ Battle StandBy ] SetState_Start()
2023-03-25_16:48:31 INFO SetState_BattleStandBy()
2023-03-25_16:49:30 INFO [ Battle StandBy ] SetState_Notify()
2023-03-25_16:50:29 INFO [ Battle StandBy ] SetState_End()
2023-03-25_16:50:29 INFO [ Battle StandBy ] SetState_None()
2023-03-25_16:50:29 INFO [ Battle Maya ] SetState_StandBy_1()
2023-03-25_16:50:30 INFO SetState_BattleOfMaya()
2023-03-25_16:52:28 INFO [ Battle Maya ] SetState_Notify_1()
2023-03-25_16:52:29 INFO [ Battle Maya ] Failed. No users at state 2
2023-03-25_16:52:29 INFO [ Battle Maya ] SetState_End()
2023-03-25_16:52:31 INFO [ Battle Maya ] SetState_EndCycle()
2023-03-25_16:52:31 INFO [ Battle Maya ] SetState_None()
2023-03-25_16:52:31 INFO SetState_End()
2023-03-25_16:52:31 INFO SetState_None()
2023-03-25_16:52:31 INFO [ Battle StandBy ] SetState_Start()
2023-03-25_16:52:31 INFO SetState_BattleStandBy()
2023-03-25_16:53:30 INFO [ Battle StandBy ] SetState_Notify()
2023-03-25_16:54:29 INFO [ Battle StandBy ] SetState_End()
2023-03-25_16:54:29 INFO [ Battle StandBy ] SetState_None()
2023-03-25_16:54:29 INFO [ Battle Maya ] SetState_StandBy_1()
2023-03-25_16:54:29 INFO SetState_BattleOfMaya()
2023-03-25_16:56:28 INFO [ Battle Maya ] SetState_Notify_1()
2023-03-25_16:56:28 INFO [ Battle Maya ] Failed. No users at state 2
2023-03-25_16:56:28 INFO [ Battle Maya ] SetState_End()
2023-03-25_16:56:30 INFO [ Battle Maya ] SetState_EndCycle()
2023-03-25_16:56:30 INFO [ Battle Maya ] SetState_None()
2023-03-25_16:56:30 INFO SetState_End()
2023-03-25_16:56:30 INFO SetState_None()
2023-03-25_16:56:30 INFO [ Battle StandBy ] SetState_Start()
2023-03-25_16:56:30 INFO SetState_BattleStandBy()
2023-03-25_16:57:29 INFO [ Battle StandBy ] SetState_Notify()
2023-03-25_16:58:28 INFO [ Battle StandBy ] SetState_End()
2023-03-25_16:58:28 INFO [ Battle StandBy ] SetState_None()
2023-03-25_16:58:28 INFO [ Battle Maya ] SetState_StandBy_1()
2023-03-25_16:58:28 INFO SetState_BattleOfMaya()
2023-03-25_17:00:27 INFO [ Battle Maya ] SetState_Notify_1()
2023-03-25_17:00:27 INFO [ Battle Maya ] Failed. No users at state 2
2023-03-25_17:00:27 INFO [ Battle Maya ] SetState_End()
2023-03-25_17:00:29 INFO [ Battle Maya ] SetState_EndCycle()
2023-03-25_17:00:29 INFO [ Battle Maya ] SetState_None()
2023-03-25_17:00:29 INFO SetState_End()
2023-03-25_17:00:30 INFO SetState_None()
2023-03-25_17:00:30 INFO [ Battle StandBy ] SetState_Start()
2023-03-25_17:00:30 INFO SetState_BattleStandBy()
2023-03-25_17:01:29 INFO [ Battle StandBy ] SetState_Notify()
2023-03-25_17:02:28 INFO [ Battle StandBy ] SetState_End()
2023-03-25_17:02:28 INFO [ Battle StandBy ] SetState_None()
2023-03-25_17:02:28 INFO [ Battle Maya ] SetState_StandBy_1()
2023-03-25_17:02:28 INFO SetState_BattleOfMaya()
