2023-04-04_16:53:00 INFO [ Battle StandBy ] SetState_Start()
2023-04-04_16:53:00 INFO SetState_BattleStandBy()
2023-04-04_16:53:59 INFO [ Battle StandBy ] SetState_Notify()
2023-04-04_16:54:58 INFO [ Battle StandBy ] SetState_End()
2023-04-04_16:54:58 INFO [ Battle StandBy ] SetState_None()
2023-04-04_16:54:58 INFO [ Battle Maya ] SetState_StandBy_1()
2023-04-04_16:54:58 INFO SetState_BattleOfMaya()
2023-04-04_16:56:57 INFO [ Battle Maya ] SetState_Notify_1()
2023-04-04_16:56:57 INFO [ Battle Maya ] Failed. No users at state 2
2023-04-04_16:56:57 INFO [ Battle Maya ] SetState_End()
2023-04-04_16:56:59 INFO [ Battle Maya ] SetState_EndCycle()
2023-04-04_16:56:59 INFO [ Battle Maya ] SetState_None()
2023-04-04_16:56:59 INFO SetState_End()
2023-04-04_16:56:59 INFO SetState_None()
2023-04-04_16:56:59 INFO [ Battle StandBy ] SetState_Start()
2023-04-04_16:56:59 INFO SetState_BattleStandBy()
2023-04-04_16:57:58 INFO [ Battle StandBy ] SetState_Notify()
2023-04-04_16:58:57 INFO [ Battle StandBy ] SetState_End()
2023-04-04_16:58:58 INFO [ Battle StandBy ] SetState_None()
2023-04-04_16:58:58 INFO [ Battle Maya ] SetState_StandBy_1()
2023-04-04_16:58:58 INFO SetState_BattleOfMaya()
2023-04-04_17:00:57 INFO [ Battle Maya ] SetState_Notify_1()
2023-04-04_17:00:57 INFO [ Battle Maya ] Failed. No users at state 2
2023-04-04_17:00:57 INFO [ Battle Maya ] SetState_End()
2023-04-04_17:00:59 INFO [ Battle Maya ] SetState_EndCycle()
2023-04-04_17:00:59 INFO [ Battle Maya ] SetState_None()
2023-04-04_17:00:59 INFO SetState_End()
2023-04-04_17:00:59 INFO SetState_None()
2023-04-04_17:00:59 INFO [ Battle StandBy ] SetState_Start()
2023-04-04_17:00:59 INFO SetState_BattleStandBy()
2023-04-04_17:01:58 INFO [ Battle StandBy ] SetState_Notify()
2023-04-04_17:02:57 INFO [ Battle StandBy ] SetState_End()
2023-04-04_17:02:57 INFO [ Battle StandBy ] SetState_None()
2023-04-04_17:02:57 INFO [ Battle Maya ] SetState_StandBy_1()
2023-04-04_17:02:57 INFO SetState_BattleOfMaya()
2023-04-04_17:04:56 INFO [ Battle Maya ] SetState_Notify_1()
2023-04-04_17:04:56 INFO [ Battle Maya ] Failed. No users at state 2
2023-04-04_17:04:56 INFO [ Battle Maya ] SetState_End()
2023-04-04_17:04:58 INFO [ Battle Maya ] SetState_EndCycle()
2023-04-04_17:04:58 INFO [ Battle Maya ] SetState_None()
2023-04-04_17:04:58 INFO SetState_End()
2023-04-04_17:04:58 INFO SetState_None()
2023-04-04_17:04:58 INFO [ Battle StandBy ] SetState_Start()
2023-04-04_17:04:58 INFO SetState_BattleStandBy()
