2023-04-09_09:34:36 INFO [ Battle StandBy ] SetState_Start()
2023-04-09_09:34:36 INFO SetState_BattleStandBy()
2023-04-09_09:35:35 INFO [ Battle StandBy ] SetState_Notify()
2023-04-09_09:36:34 INFO [ Battle StandBy ] SetState_End()
2023-04-09_09:36:34 INFO [ Battle StandBy ] SetState_None()
2023-04-09_09:36:34 INFO [ Battle Maya ] SetState_StandBy_1()
2023-04-09_09:36:34 INFO SetState_BattleOfMaya()
2023-04-09_09:38:33 INFO [ Battle Maya ] SetState_Notify_1()
2023-04-09_09:38:33 INFO [ Battle Maya ] Failed. No users at state 2
2023-04-09_09:38:33 INFO [ Battle Maya ] SetState_End()
2023-04-09_09:38:35 INFO [ Battle Maya ] SetState_EndCycle()
2023-04-09_09:38:36 INFO [ Battle Maya ] SetState_None()
2023-04-09_09:38:36 INFO SetState_End()
2023-04-09_09:38:36 INFO SetState_None()
2023-04-09_09:38:36 INFO [ Battle StandBy ] SetState_Start()
2023-04-09_09:38:36 INFO SetState_BattleStandBy()
2023-04-09_09:39:35 INFO [ Battle StandBy ] SetState_Notify()
2023-04-09_09:40:34 INFO [ Battle StandBy ] SetState_End()
2023-04-09_09:40:34 INFO [ Battle StandBy ] SetState_None()
2023-04-09_09:40:34 INFO [ Battle Maya ] SetState_StandBy_1()
2023-04-09_09:40:34 INFO SetState_BattleOfMaya()
2023-04-09_09:42:33 INFO [ Battle Maya ] SetState_Notify_1()
2023-04-09_09:42:33 INFO [ Battle Maya ] Failed. No users at state 2
2023-04-09_09:42:33 INFO [ Battle Maya ] SetState_End()
2023-04-09_09:42:35 INFO [ Battle Maya ] SetState_EndCycle()
2023-04-09_09:42:35 INFO [ Battle Maya ] SetState_None()
2023-04-09_09:42:35 INFO SetState_End()
2023-04-09_09:42:35 INFO SetState_None()
2023-04-09_09:42:35 INFO [ Battle StandBy ] SetState_Start()
2023-04-09_09:42:35 INFO SetState_BattleStandBy()
2023-04-09_09:43:34 INFO [ Battle StandBy ] SetState_Notify()
2023-04-09_09:44:33 INFO [ Battle StandBy ] SetState_End()
2023-04-09_09:44:33 INFO [ Battle StandBy ] SetState_None()
2023-04-09_09:44:33 INFO [ Battle Maya ] SetState_StandBy_1()
2023-04-09_09:44:33 INFO SetState_BattleOfMaya()
2023-04-09_09:46:32 INFO [ Battle Maya ] SetState_Notify_1()
2023-04-09_09:46:32 INFO [ Battle Maya ] Failed. No users at state 2
2023-04-09_09:46:32 INFO [ Battle Maya ] SetState_End()
2023-04-09_09:46:34 INFO [ Battle Maya ] SetState_EndCycle()
2023-04-09_09:46:34 INFO [ Battle Maya ] SetState_None()
2023-04-09_09:46:34 INFO SetState_End()
2023-04-09_09:46:34 INFO SetState_None()
2023-04-09_09:46:34 INFO [ Battle StandBy ] SetState_Start()
2023-04-09_09:46:34 INFO SetState_BattleStandBy()
2023-04-09_09:47:33 INFO [ Battle StandBy ] SetState_Notify()
2023-04-09_09:48:32 INFO [ Battle StandBy ] SetState_End()
2023-04-09_09:48:32 INFO [ Battle StandBy ] SetState_None()
2023-04-09_09:48:32 INFO [ Battle Maya ] SetState_StandBy_1()
2023-04-09_09:48:32 INFO SetState_BattleOfMaya()
2023-04-09_09:50:32 INFO [ Battle Maya ] SetState_Notify_1()
2023-04-09_09:50:32 INFO [ Battle Maya ] Failed. No users at state 2
2023-04-09_09:50:32 INFO [ Battle Maya ] SetState_End()
2023-04-09_09:50:34 INFO [ Battle Maya ] SetState_EndCycle()
2023-04-09_09:50:34 INFO [ Battle Maya ] SetState_None()
2023-04-09_09:50:34 INFO SetState_End()
2023-04-09_09:50:34 INFO SetState_None()
2023-04-09_09:50:34 INFO [ Battle StandBy ] SetState_Start()
2023-04-09_09:50:34 INFO SetState_BattleStandBy()
2023-04-09_09:51:33 INFO [ Battle StandBy ] SetState_Notify()
2023-04-09_09:52:32 INFO [ Battle StandBy ] SetState_End()
2023-04-09_09:52:32 INFO [ Battle StandBy ] SetState_None()
2023-04-09_09:52:32 INFO [ Battle Maya ] SetState_StandBy_1()
2023-04-09_09:52:32 INFO SetState_BattleOfMaya()
2023-04-09_09:54:31 INFO [ Battle Maya ] SetState_Notify_1()
2023-04-09_09:54:31 INFO [ Battle Maya ] Failed. No users at state 2
2023-04-09_09:54:31 INFO [ Battle Maya ] SetState_End()
2023-04-09_09:54:33 INFO [ Battle Maya ] SetState_EndCycle()
2023-04-09_09:54:33 INFO [ Battle Maya ] SetState_None()
2023-04-09_09:54:33 INFO SetState_End()
2023-04-09_09:54:33 INFO SetState_None()
2023-04-09_09:54:33 INFO [ Battle StandBy ] SetState_Start()
2023-04-09_09:54:33 INFO SetState_BattleStandBy()
2023-04-09_09:55:32 INFO [ Battle StandBy ] SetState_Notify()
2023-04-09_09:56:31 INFO [ Battle StandBy ] SetState_End()
2023-04-09_09:56:31 INFO [ Battle StandBy ] SetState_None()
2023-04-09_09:56:31 INFO [ Battle Maya ] SetState_StandBy_1()
2023-04-09_09:56:31 INFO SetState_BattleOfMaya()
2023-04-09_09:58:30 INFO [ Battle Maya ] SetState_Notify_1()
2023-04-09_09:58:30 INFO [ Battle Maya ] Failed. No users at state 2
2023-04-09_09:58:30 INFO [ Battle Maya ] SetState_End()
2023-04-09_09:58:32 INFO [ Battle Maya ] SetState_EndCycle()
2023-04-09_09:58:32 INFO [ Battle Maya ] SetState_None()
2023-04-09_09:58:32 INFO SetState_End()
2023-04-09_09:58:33 INFO SetState_None()
2023-04-09_09:58:33 INFO [ Battle StandBy ] SetState_Start()
2023-04-09_09:58:33 INFO SetState_BattleStandBy()
2023-04-09_09:59:32 INFO [ Battle StandBy ] SetState_Notify()
2023-04-09_10:00:31 INFO [ Battle StandBy ] SetState_End()
2023-04-09_10:00:31 INFO [ Battle StandBy ] SetState_None()
2023-04-09_10:00:31 INFO [ Battle Maya ] SetState_StandBy_1()
2023-04-09_10:00:31 INFO SetState_BattleOfMaya()
2023-04-09_10:02:30 INFO [ Battle Maya ] SetState_Notify_1()
2023-04-09_10:02:30 INFO [ Battle Maya ] Failed. No users at state 2
2023-04-09_10:02:30 INFO [ Battle Maya ] SetState_End()
2023-04-09_10:02:32 INFO [ Battle Maya ] SetState_EndCycle()
2023-04-09_10:02:32 INFO [ Battle Maya ] SetState_None()
2023-04-09_10:02:32 INFO SetState_End()
2023-04-09_10:02:32 INFO SetState_None()
2023-04-09_10:02:32 INFO [ Battle StandBy ] SetState_Start()
2023-04-09_10:02:32 INFO SetState_BattleStandBy()
2023-04-09_10:03:31 INFO [ Battle StandBy ] SetState_Notify()
2023-04-09_10:04:30 INFO [ Battle StandBy ] SetState_End()
2023-04-09_10:04:30 INFO [ Battle StandBy ] SetState_None()
2023-04-09_10:04:30 INFO [ Battle Maya ] SetState_StandBy_1()
2023-04-09_10:04:30 INFO SetState_BattleOfMaya()
2023-04-09_10:06:29 INFO [ Battle Maya ] SetState_Notify_1()
2023-04-09_10:06:29 INFO [ Battle Maya ] Failed. No users at state 2
2023-04-09_10:06:29 INFO [ Battle Maya ] SetState_End()
2023-04-09_10:06:31 INFO [ Battle Maya ] SetState_EndCycle()
2023-04-09_10:06:31 INFO [ Battle Maya ] SetState_None()
2023-04-09_10:06:31 INFO SetState_End()
2023-04-09_10:06:31 INFO SetState_None()
2023-04-09_10:06:31 INFO [ Battle StandBy ] SetState_Start()
2023-04-09_10:06:31 INFO SetState_BattleStandBy()
2023-04-09_10:07:30 INFO [ Battle StandBy ] SetState_Notify()
2023-04-09_10:08:29 INFO [ Battle StandBy ] SetState_End()
2023-04-09_10:08:30 INFO [ Battle StandBy ] SetState_None()
2023-04-09_10:08:30 INFO [ Battle Maya ] SetState_StandBy_1()
2023-04-09_10:08:30 INFO SetState_BattleOfMaya()
2023-04-09_10:10:29 INFO [ Battle Maya ] SetState_Notify_1()
2023-04-09_10:10:29 INFO [ Battle Maya ] Failed. No users at state 2
2023-04-09_10:10:29 INFO [ Battle Maya ] SetState_End()
2023-04-09_10:10:31 INFO [ Battle Maya ] SetState_EndCycle()
2023-04-09_10:10:31 INFO [ Battle Maya ] SetState_None()
2023-04-09_10:10:31 INFO SetState_End()
2023-04-09_10:10:31 INFO SetState_None()
2023-04-09_10:10:31 INFO [ Battle StandBy ] SetState_Start()
2023-04-09_10:10:31 INFO SetState_BattleStandBy()
2023-04-09_10:11:30 INFO [ Battle StandBy ] SetState_Notify()
2023-04-09_10:12:29 INFO [ Battle StandBy ] SetState_End()
2023-04-09_10:12:29 INFO [ Battle StandBy ] SetState_None()
2023-04-09_10:12:29 INFO [ Battle Maya ] SetState_StandBy_1()
2023-04-09_10:12:29 INFO SetState_BattleOfMaya()
2023-04-09_10:14:28 INFO [ Battle Maya ] SetState_Notify_1()
2023-04-09_10:14:28 INFO [ Battle Maya ] Failed. No users at state 2
2023-04-09_10:14:28 INFO [ Battle Maya ] SetState_End()
2023-04-09_10:14:30 INFO [ Battle Maya ] SetState_EndCycle()
2023-04-09_10:14:30 INFO [ Battle Maya ] SetState_None()
2023-04-09_10:14:30 INFO SetState_End()
2023-04-09_10:14:30 INFO SetState_None()
2023-04-09_10:14:30 INFO [ Battle StandBy ] SetState_Start()
2023-04-09_10:14:30 INFO SetState_BattleStandBy()
2023-04-09_10:15:29 INFO [ Battle StandBy ] SetState_Notify()
2023-04-09_10:16:28 INFO [ Battle StandBy ] SetState_End()
2023-04-09_10:16:28 INFO [ Battle StandBy ] SetState_None()
2023-04-09_10:16:28 INFO [ Battle Maya ] SetState_StandBy_1()
2023-04-09_10:16:28 INFO SetState_BattleOfMaya()
2023-04-09_10:18:27 INFO [ Battle Maya ] SetState_Notify_1()
2023-04-09_10:18:27 INFO [ Battle Maya ] Failed. No users at state 2
2023-04-09_10:18:27 INFO [ Battle Maya ] SetState_End()
2023-04-09_10:18:29 INFO [ Battle Maya ] SetState_EndCycle()
2023-04-09_10:18:29 INFO [ Battle Maya ] SetState_None()
2023-04-09_10:18:29 INFO SetState_End()
2023-04-09_10:18:29 INFO SetState_None()
2023-04-09_10:18:29 INFO [ Battle StandBy ] SetState_Start()
2023-04-09_10:18:30 INFO SetState_BattleStandBy()
2023-04-09_10:19:29 INFO [ Battle StandBy ] SetState_Notify()
2023-04-09_10:20:28 INFO [ Battle StandBy ] SetState_End()
2023-04-09_10:20:28 INFO [ Battle StandBy ] SetState_None()
2023-04-09_10:20:28 INFO [ Battle Maya ] SetState_StandBy_1()
2023-04-09_10:20:28 INFO SetState_BattleOfMaya()
2023-04-09_10:22:27 INFO [ Battle Maya ] SetState_Notify_1()
2023-04-09_10:22:27 INFO [ Battle Maya ] Failed. No users at state 2
2023-04-09_10:22:27 INFO [ Battle Maya ] SetState_End()
2023-04-09_10:22:29 INFO [ Battle Maya ] SetState_EndCycle()
2023-04-09_10:22:29 INFO [ Battle Maya ] SetState_None()
2023-04-09_10:22:29 INFO SetState_End()
2023-04-09_10:22:29 INFO SetState_None()
2023-04-09_10:22:29 INFO [ Battle StandBy ] SetState_Start()
2023-04-09_10:22:29 INFO SetState_BattleStandBy()
