2023-03-26_16:05:16 INFO [ Battle StandBy ] SetState_Start()
2023-03-26_16:05:16 INFO SetState_BattleStandBy()
2023-03-26_16:06:15 INFO [ Battle StandBy ] SetState_Notify()
2023-03-26_16:07:14 INFO [ Battle StandBy ] SetState_End()
2023-03-26_16:07:14 INFO [ Battle StandBy ] SetState_None()
2023-03-26_16:07:14 INFO [ Battle Maya ] SetState_StandBy_1()
2023-03-26_16:07:14 INFO SetState_BattleOfMaya()
2023-03-26_16:09:13 INFO [ Battle Maya ] SetState_Notify_1()
2023-03-26_16:09:13 INFO [ Battle Maya ] Failed. No users at state 2
2023-03-26_16:09:13 INFO [ Battle Maya ] SetState_End()
2023-03-26_16:09:15 INFO [ Battle Maya ] SetState_EndCycle()
2023-03-26_16:09:15 INFO [ Battle Maya ] SetState_None()
2023-03-26_16:09:15 INFO SetState_End()
2023-03-26_16:09:15 INFO SetState_None()
2023-03-26_16:09:15 INFO [ Battle StandBy ] SetState_Start()
2023-03-26_16:09:15 INFO SetState_BattleStandBy()
2023-03-26_16:10:14 INFO [ Battle StandBy ] SetState_Notify()
2023-03-26_16:11:14 INFO [ Battle StandBy ] SetState_End()
2023-03-26_16:11:14 INFO [ Battle StandBy ] SetState_None()
2023-03-26_16:11:14 INFO [ Battle Maya ] SetState_StandBy_1()
2023-03-26_16:11:14 INFO SetState_BattleOfMaya()
2023-03-26_16:13:13 INFO [ Battle Maya ] SetState_Notify_1()
2023-03-26_16:13:13 INFO [ Battle Maya ] Failed. No users at state 2
2023-03-26_16:13:13 INFO [ Battle Maya ] SetState_End()
2023-03-26_16:13:15 INFO [ Battle Maya ] SetState_EndCycle()
2023-03-26_16:13:15 INFO [ Battle Maya ] SetState_None()
2023-03-26_16:13:15 INFO SetState_End()
2023-03-26_16:13:15 INFO SetState_None()
2023-03-26_16:13:15 INFO [ Battle StandBy ] SetState_Start()
2023-03-26_16:13:15 INFO SetState_BattleStandBy()
2023-03-26_16:14:14 INFO [ Battle StandBy ] SetState_Notify()
2023-03-26_16:15:13 INFO [ Battle StandBy ] SetState_End()
2023-03-26_16:15:13 INFO [ Battle StandBy ] SetState_None()
2023-03-26_16:15:13 INFO [ Battle Maya ] SetState_StandBy_1()
2023-03-26_16:15:13 INFO SetState_BattleOfMaya()
2023-03-26_16:17:12 INFO [ Battle Maya ] SetState_Notify_1()
2023-03-26_16:17:12 INFO [ Battle Maya ] Failed. No users at state 2
2023-03-26_16:17:12 INFO [ Battle Maya ] SetState_End()
2023-03-26_16:17:14 INFO [ Battle Maya ] SetState_EndCycle()
2023-03-26_16:17:14 INFO [ Battle Maya ] SetState_None()
2023-03-26_16:17:14 INFO SetState_End()
2023-03-26_16:17:14 INFO SetState_None()
2023-03-26_16:17:14 INFO [ Battle StandBy ] SetState_Start()
2023-03-26_16:17:14 INFO SetState_BattleStandBy()
2023-03-26_16:18:13 INFO [ Battle StandBy ] SetState_Notify()
2023-03-26_16:19:12 INFO [ Battle StandBy ] SetState_End()
2023-03-26_16:19:12 INFO [ Battle StandBy ] SetState_None()
2023-03-26_16:19:12 INFO [ Battle Maya ] SetState_StandBy_1()
2023-03-26_16:19:12 INFO SetState_BattleOfMaya()
2023-03-26_16:21:11 INFO [ Battle Maya ] SetState_Notify_1()
2023-03-26_16:21:11 INFO [ Battle Maya ] Failed. No users at state 2
2023-03-26_16:21:11 INFO [ Battle Maya ] SetState_End()
2023-03-26_16:21:13 INFO [ Battle Maya ] SetState_EndCycle()
2023-03-26_16:21:13 INFO [ Battle Maya ] SetState_None()
2023-03-26_16:21:13 INFO SetState_End()
2023-03-26_16:21:14 INFO SetState_None()
2023-03-26_16:21:14 INFO [ Battle StandBy ] SetState_Start()
2023-03-26_16:21:14 INFO SetState_BattleStandBy()
2023-03-26_16:22:13 INFO [ Battle StandBy ] SetState_Notify()
