2023-03-25_15:04:39 INFO [ Battle StandBy ] SetState_Start()
2023-03-25_15:04:39 INFO SetState_BattleStandBy()
2023-03-25_15:05:38 INFO [ Battle StandBy ] SetState_Notify()
2023-03-25_15:06:37 INFO [ Battle StandBy ] SetState_End()
2023-03-25_15:06:37 INFO [ Battle StandBy ] SetState_None()
2023-03-25_15:06:37 INFO [ Battle Maya ] SetState_StandBy_1()
2023-03-25_15:06:37 INFO SetState_BattleOfMaya()
2023-03-25_15:08:36 INFO [ Battle Maya ] SetState_Notify_1()
2023-03-25_15:08:36 INFO [ Battle Maya ] Failed. No users at state 2
2023-03-25_15:08:36 INFO [ Battle Maya ] SetState_End()
2023-03-25_15:08:38 INFO [ Battle Maya ] SetState_EndCycle()
2023-03-25_15:08:38 INFO [ Battle Maya ] SetState_None()
2023-03-25_15:08:38 INFO SetState_End()
2023-03-25_15:08:39 INFO SetState_None()
2023-03-25_15:08:39 INFO [ Battle StandBy ] SetState_Start()
2023-03-25_15:08:39 INFO SetState_BattleStandBy()
2023-03-25_15:09:38 INFO [ Battle StandBy ] SetState_Notify()
2023-03-25_15:10:37 INFO [ Battle StandBy ] SetState_End()
2023-03-25_15:10:37 INFO [ Battle StandBy ] SetState_None()
2023-03-25_15:10:37 INFO [ Battle Maya ] SetState_StandBy_1()
2023-03-25_15:10:37 INFO SetState_BattleOfMaya()
2023-03-25_15:12:36 INFO [ Battle Maya ] SetState_Notify_1()
2023-03-25_15:12:36 INFO [ Battle Maya ] Failed. No users at state 2
2023-03-25_15:12:36 INFO [ Battle Maya ] SetState_End()
2023-03-25_15:12:38 INFO [ Battle Maya ] SetState_EndCycle()
2023-03-25_15:12:38 INFO [ Battle Maya ] SetState_None()
2023-03-25_15:12:38 INFO SetState_End()
2023-03-25_15:12:38 INFO SetState_None()
2023-03-25_15:12:38 INFO [ Battle StandBy ] SetState_Start()
2023-03-25_15:12:38 INFO SetState_BattleStandBy()
2023-03-25_15:13:37 INFO [ Battle StandBy ] SetState_Notify()
2023-03-25_15:14:36 INFO [ Battle StandBy ] SetState_End()
2023-03-25_15:14:36 INFO [ Battle StandBy ] SetState_None()
2023-03-25_15:14:36 INFO [ Battle Maya ] SetState_StandBy_1()
2023-03-25_15:14:36 INFO SetState_BattleOfMaya()
2023-03-25_15:16:35 INFO [ Battle Maya ] SetState_Notify_1()
2023-03-25_15:16:35 INFO [ Battle Maya ] Failed. No users at state 2
2023-03-25_15:16:35 INFO [ Battle Maya ] SetState_End()
2023-03-25_15:16:37 INFO [ Battle Maya ] SetState_EndCycle()
2023-03-25_15:16:37 INFO [ Battle Maya ] SetState_None()
2023-03-25_15:16:37 INFO SetState_End()
2023-03-25_15:16:37 INFO SetState_None()
2023-03-25_15:16:37 INFO [ Battle StandBy ] SetState_Start()
2023-03-25_15:16:37 INFO SetState_BattleStandBy()
2023-03-25_15:17:36 INFO [ Battle StandBy ] SetState_Notify()
2023-03-25_15:18:35 INFO [ Battle StandBy ] SetState_End()
2023-03-25_15:18:35 INFO [ Battle StandBy ] SetState_None()
2023-03-25_15:18:35 INFO [ Battle Maya ] SetState_StandBy_1()
2023-03-25_15:18:35 INFO SetState_BattleOfMaya()
2023-03-25_15:20:34 INFO [ Battle Maya ] SetState_Notify_1()
2023-03-25_15:20:34 INFO [ Battle Maya ] Failed. No users at state 2
2023-03-25_15:20:34 INFO [ Battle Maya ] SetState_End()
2023-03-25_15:20:36 INFO [ Battle Maya ] SetState_EndCycle()
2023-03-25_15:20:36 INFO [ Battle Maya ] SetState_None()
2023-03-25_15:20:36 INFO SetState_End()
2023-03-25_15:20:37 INFO SetState_None()
2023-03-25_15:20:37 INFO [ Battle StandBy ] SetState_Start()
2023-03-25_15:20:37 INFO SetState_BattleStandBy()
2023-03-25_15:21:36 INFO [ Battle StandBy ] SetState_Notify()
2023-03-25_15:22:35 INFO [ Battle StandBy ] SetState_End()
2023-03-25_15:22:35 INFO [ Battle StandBy ] SetState_None()
2023-03-25_15:22:35 INFO [ Battle Maya ] SetState_StandBy_1()
2023-03-25_15:22:35 INFO SetState_BattleOfMaya()
2023-03-25_15:24:34 INFO [ Battle Maya ] SetState_Notify_1()
2023-03-25_15:24:34 INFO [ Battle Maya ] Failed. No users at state 2
2023-03-25_15:24:34 INFO [ Battle Maya ] SetState_End()
2023-03-25_15:24:36 INFO [ Battle Maya ] SetState_EndCycle()
2023-03-25_15:24:36 INFO [ Battle Maya ] SetState_None()
2023-03-25_15:24:36 INFO SetState_End()
2023-03-25_15:24:36 INFO SetState_None()
2023-03-25_15:24:36 INFO [ Battle StandBy ] SetState_Start()
2023-03-25_15:24:36 INFO SetState_BattleStandBy()
2023-03-25_15:25:35 INFO [ Battle StandBy ] SetState_Notify()
2023-03-25_15:26:34 INFO [ Battle StandBy ] SetState_End()
2023-03-25_15:26:34 INFO [ Battle StandBy ] SetState_None()
2023-03-25_15:26:34 INFO [ Battle Maya ] SetState_StandBy_1()
2023-03-25_15:26:34 INFO SetState_BattleOfMaya()
2023-03-25_15:28:33 INFO [ Battle Maya ] SetState_Notify_1()
2023-03-25_15:28:33 INFO [ Battle Maya ] Failed. No users at state 2
2023-03-25_15:28:33 INFO [ Battle Maya ] SetState_End()
2023-03-25_15:28:35 INFO [ Battle Maya ] SetState_EndCycle()
2023-03-25_15:28:35 INFO [ Battle Maya ] SetState_None()
2023-03-25_15:28:35 INFO SetState_End()
2023-03-25_15:28:35 INFO SetState_None()
2023-03-25_15:28:35 INFO [ Battle StandBy ] SetState_Start()
2023-03-25_15:28:35 INFO SetState_BattleStandBy()
2023-03-25_15:29:34 INFO [ Battle StandBy ] SetState_Notify()
2023-03-25_15:30:33 INFO [ Battle StandBy ] SetState_End()
2023-03-25_15:30:34 INFO [ Battle StandBy ] SetState_None()
2023-03-25_15:30:34 INFO [ Battle Maya ] SetState_StandBy_1()
2023-03-25_15:30:34 INFO SetState_BattleOfMaya()
2023-03-25_15:32:33 INFO [ Battle Maya ] SetState_Notify_1()
2023-03-25_15:32:33 INFO [ Battle Maya ] Failed. No users at state 2
2023-03-25_15:32:33 INFO [ Battle Maya ] SetState_End()
2023-03-25_15:32:35 INFO [ Battle Maya ] SetState_EndCycle()
2023-03-25_15:32:35 INFO [ Battle Maya ] SetState_None()
2023-03-25_15:32:35 INFO SetState_End()
2023-03-25_15:32:35 INFO SetState_None()
2023-03-25_15:32:35 INFO [ Battle StandBy ] SetState_Start()
2023-03-25_15:32:35 INFO SetState_BattleStandBy()
2023-03-25_15:33:34 INFO [ Battle StandBy ] SetState_Notify()
2023-03-25_15:34:33 INFO [ Battle StandBy ] SetState_End()
2023-03-25_15:34:33 INFO [ Battle StandBy ] SetState_None()
2023-03-25_15:34:33 INFO [ Battle Maya ] SetState_StandBy_1()
2023-03-25_15:34:33 INFO SetState_BattleOfMaya()
