2023-04-07_22:38:05 INFO [ Battle StandBy ] SetState_Start()
2023-04-07_22:38:05 INFO SetState_BattleStandBy()
2023-04-07_22:39:04 INFO [ Battle StandBy ] SetState_Notify()
2023-04-07_22:40:03 INFO [ Battle StandBy ] SetState_End()
2023-04-07_22:40:03 INFO [ Battle StandBy ] SetState_None()
2023-04-07_22:40:03 INFO [ Battle Maya ] SetState_StandBy_1()
2023-04-07_22:40:03 INFO SetState_BattleOfMaya()
2023-04-07_22:42:02 INFO [ Battle Maya ] SetState_Notify_1()
2023-04-07_22:42:02 INFO [ Battle Maya ] Failed. No users at state 2
2023-04-07_22:42:02 INFO [ Battle Maya ] SetState_End()
2023-04-07_22:42:04 INFO [ Battle Maya ] SetState_EndCycle()
2023-04-07_22:42:04 INFO [ Battle Maya ] SetState_None()
2023-04-07_22:42:04 INFO SetState_End()
2023-04-07_22:42:04 INFO SetState_None()
2023-04-07_22:42:04 INFO [ Battle StandBy ] SetState_Start()
2023-04-07_22:42:04 INFO SetState_BattleStandBy()
2023-04-07_22:43:03 INFO [ Battle StandBy ] SetState_Notify()
2023-04-07_22:44:02 INFO [ Battle StandBy ] SetState_End()
2023-04-07_22:44:02 INFO [ Battle StandBy ] SetState_None()
2023-04-07_22:44:02 INFO [ Battle Maya ] SetState_StandBy_1()
2023-04-07_22:44:02 INFO SetState_BattleOfMaya()
2023-04-07_22:46:01 INFO [ Battle Maya ] SetState_Notify_1()
2023-04-07_22:46:01 INFO [ Battle Maya ] Failed. No users at state 2
2023-04-07_22:46:01 INFO [ Battle Maya ] SetState_End()
2023-04-07_22:46:03 INFO [ Battle Maya ] SetState_EndCycle()
2023-04-07_22:46:04 INFO [ Battle Maya ] SetState_None()
2023-04-07_22:46:04 INFO SetState_End()
2023-04-07_22:46:04 INFO SetState_None()
2023-04-07_22:46:04 INFO [ Battle StandBy ] SetState_Start()
2023-04-07_22:46:04 INFO SetState_BattleStandBy()
2023-04-07_22:47:03 INFO [ Battle StandBy ] SetState_Notify()
2023-04-07_22:48:02 INFO [ Battle StandBy ] SetState_End()
2023-04-07_22:48:02 INFO [ Battle StandBy ] SetState_None()
2023-04-07_22:48:02 INFO [ Battle Maya ] SetState_StandBy_1()
2023-04-07_22:48:02 INFO SetState_BattleOfMaya()
2023-04-07_22:50:01 INFO [ Battle Maya ] SetState_Notify_1()
2023-04-07_22:50:01 INFO [ Battle Maya ] Failed. No users at state 2
2023-04-07_22:50:01 INFO [ Battle Maya ] SetState_End()
2023-04-07_22:50:03 INFO [ Battle Maya ] SetState_EndCycle()
2023-04-07_22:50:03 INFO [ Battle Maya ] SetState_None()
2023-04-07_22:50:03 INFO SetState_End()
2023-04-07_22:50:03 INFO SetState_None()
2023-04-07_22:50:03 INFO [ Battle StandBy ] SetState_Start()
2023-04-07_22:50:03 INFO SetState_BattleStandBy()
2023-04-07_22:51:02 INFO [ Battle StandBy ] SetState_Notify()
2023-04-07_22:52:01 INFO [ Battle StandBy ] SetState_End()
2023-04-07_22:52:01 INFO [ Battle StandBy ] SetState_None()
2023-04-07_22:52:01 INFO [ Battle Maya ] SetState_StandBy_1()
2023-04-07_22:52:01 INFO SetState_BattleOfMaya()
2023-04-07_22:54:00 INFO [ Battle Maya ] SetState_Notify_1()
2023-04-07_22:54:00 INFO [ Battle Maya ] Failed. No users at state 2
2023-04-07_22:54:00 INFO [ Battle Maya ] SetState_End()
2023-04-07_22:54:02 INFO [ Battle Maya ] SetState_EndCycle()
2023-04-07_22:54:02 INFO [ Battle Maya ] SetState_None()
2023-04-07_22:54:02 INFO SetState_End()
2023-04-07_22:54:02 INFO SetState_None()
2023-04-07_22:54:02 INFO [ Battle StandBy ] SetState_Start()
2023-04-07_22:54:02 INFO SetState_BattleStandBy()
2023-04-07_22:55:01 INFO [ Battle StandBy ] SetState_Notify()
2023-04-07_22:56:00 INFO [ Battle StandBy ] SetState_End()
2023-04-07_22:56:00 INFO [ Battle StandBy ] SetState_None()
2023-04-07_22:56:00 INFO [ Battle Maya ] SetState_StandBy_1()
2023-04-07_22:56:00 INFO SetState_BattleOfMaya()
2023-04-07_22:57:59 INFO [ Battle Maya ] SetState_Notify_1()
2023-04-07_22:57:59 INFO [ Battle Maya ] Failed. No users at state 2
2023-04-07_22:57:59 INFO [ Battle Maya ] SetState_End()
2023-04-07_22:58:01 INFO [ Battle Maya ] SetState_EndCycle()
2023-04-07_22:58:02 INFO [ Battle Maya ] SetState_None()
2023-04-07_22:58:02 INFO SetState_End()
2023-04-07_22:58:02 INFO SetState_None()
2023-04-07_22:58:02 INFO [ Battle StandBy ] SetState_Start()
2023-04-07_22:58:02 INFO SetState_BattleStandBy()
2023-04-07_22:59:01 INFO [ Battle StandBy ] SetState_Notify()
2023-04-07_23:00:00 INFO [ Battle StandBy ] SetState_End()
2023-04-07_23:00:00 INFO [ Battle StandBy ] SetState_None()
2023-04-07_23:00:01 INFO [ Battle Maya ] SetState_StandBy_1()
2023-04-07_23:00:01 INFO SetState_BattleOfMaya()
2023-04-07_23:02:00 INFO [ Battle Maya ] SetState_Notify_1()
2023-04-07_23:02:00 INFO [ Battle Maya ] Failed. No users at state 2
2023-04-07_23:02:00 INFO [ Battle Maya ] SetState_End()
2023-04-07_23:02:18 INFO [ Battle Maya ] SetState_EndCycle()
2023-04-07_23:02:18 INFO [ Battle Maya ] SetState_None()
2023-04-07_23:02:18 INFO SetState_End()
2023-04-07_23:02:18 INFO SetState_None()
2023-04-07_23:02:18 INFO [ Battle StandBy ] SetState_Start()
2023-04-07_23:02:19 INFO SetState_BattleStandBy()
2023-04-07_23:03:17 INFO [ Battle StandBy ] SetState_Notify()
2023-04-07_23:04:17 INFO [ Battle StandBy ] SetState_End()
2023-04-07_23:04:17 INFO [ Battle StandBy ] SetState_None()
2023-04-07_23:04:17 INFO [ Battle Maya ] SetState_StandBy_1()
2023-04-07_23:04:17 INFO SetState_BattleOfMaya()
2023-04-07_23:06:16 INFO [ Battle Maya ] SetState_Notify_1()
2023-04-07_23:06:16 INFO [ Battle Maya ] Failed. No users at state 2
2023-04-07_23:06:16 INFO [ Battle Maya ] SetState_End()
2023-04-07_23:06:18 INFO [ Battle Maya ] SetState_EndCycle()
2023-04-07_23:06:18 INFO [ Battle Maya ] SetState_None()
2023-04-07_23:06:18 INFO SetState_End()
2023-04-07_23:06:18 INFO SetState_None()
2023-04-07_23:06:18 INFO [ Battle StandBy ] SetState_Start()
2023-04-07_23:06:18 INFO SetState_BattleStandBy()
2023-04-07_23:07:17 INFO [ Battle StandBy ] SetState_Notify()
2023-04-07_23:08:16 INFO [ Battle StandBy ] SetState_End()
2023-04-07_23:08:16 INFO [ Battle StandBy ] SetState_None()
2023-04-07_23:08:16 INFO [ Battle Maya ] SetState_StandBy_1()
2023-04-07_23:08:16 INFO SetState_BattleOfMaya()
2023-04-07_23:10:15 INFO [ Battle Maya ] SetState_Notify_1()
2023-04-07_23:10:15 INFO [ Battle Maya ] Failed. No users at state 2
2023-04-07_23:10:15 INFO [ Battle Maya ] SetState_End()
2023-04-07_23:10:17 INFO [ Battle Maya ] SetState_EndCycle()
2023-04-07_23:10:17 INFO [ Battle Maya ] SetState_None()
2023-04-07_23:10:17 INFO SetState_End()
2023-04-07_23:10:17 INFO SetState_None()
2023-04-07_23:10:17 INFO [ Battle StandBy ] SetState_Start()
2023-04-07_23:10:17 INFO SetState_BattleStandBy()
2023-04-07_23:11:16 INFO [ Battle StandBy ] SetState_Notify()
2023-04-07_23:12:15 INFO [ Battle StandBy ] SetState_End()
2023-04-07_23:12:15 INFO [ Battle StandBy ] SetState_None()
2023-04-07_23:12:15 INFO [ Battle Maya ] SetState_StandBy_1()
2023-04-07_23:12:15 INFO SetState_BattleOfMaya()
2023-04-07_23:14:14 INFO [ Battle Maya ] SetState_Notify_1()
2023-04-07_23:14:14 INFO [ Battle Maya ] Failed. No users at state 2
2023-04-07_23:14:14 INFO [ Battle Maya ] SetState_End()
2023-04-07_23:14:16 INFO [ Battle Maya ] SetState_EndCycle()
2023-04-07_23:14:16 INFO [ Battle Maya ] SetState_None()
2023-04-07_23:14:16 INFO SetState_End()
2023-04-07_23:14:17 INFO SetState_None()
2023-04-07_23:14:17 INFO [ Battle StandBy ] SetState_Start()
2023-04-07_23:14:17 INFO SetState_BattleStandBy()
2023-04-07_23:15:16 INFO [ Battle StandBy ] SetState_Notify()
2023-04-07_23:16:15 INFO [ Battle StandBy ] SetState_End()
2023-04-07_23:16:15 INFO [ Battle StandBy ] SetState_None()
2023-04-07_23:16:15 INFO [ Battle Maya ] SetState_StandBy_1()
2023-04-07_23:16:15 INFO SetState_BattleOfMaya()
2023-04-07_23:18:14 INFO [ Battle Maya ] SetState_Notify_1()
2023-04-07_23:18:14 INFO [ Battle Maya ] Failed. No users at state 2
2023-04-07_23:18:14 INFO [ Battle Maya ] SetState_End()
2023-04-07_23:18:16 INFO [ Battle Maya ] SetState_EndCycle()
2023-04-07_23:18:16 INFO [ Battle Maya ] SetState_None()
2023-04-07_23:18:16 INFO SetState_End()
2023-04-07_23:18:16 INFO SetState_None()
2023-04-07_23:18:16 INFO [ Battle StandBy ] SetState_Start()
2023-04-07_23:18:16 INFO SetState_BattleStandBy()
2023-04-07_23:19:15 INFO [ Battle StandBy ] SetState_Notify()
2023-04-07_23:20:14 INFO [ Battle StandBy ] SetState_End()
2023-04-07_23:20:14 INFO [ Battle StandBy ] SetState_None()
2023-04-07_23:20:14 INFO [ Battle Maya ] SetState_StandBy_1()
2023-04-07_23:20:14 INFO SetState_BattleOfMaya()
2023-04-07_23:22:13 INFO [ Battle Maya ] SetState_Notify_1()
2023-04-07_23:22:13 INFO [ Battle Maya ] Failed. No users at state 2
2023-04-07_23:22:13 INFO [ Battle Maya ] SetState_End()
2023-04-07_23:22:15 INFO [ Battle Maya ] SetState_EndCycle()
2023-04-07_23:22:15 INFO [ Battle Maya ] SetState_None()
2023-04-07_23:22:15 INFO SetState_End()
2023-04-07_23:22:15 INFO SetState_None()
2023-04-07_23:22:15 INFO [ Battle StandBy ] SetState_Start()
2023-04-07_23:22:15 INFO SetState_BattleStandBy()
2023-04-07_23:23:14 INFO [ Battle StandBy ] SetState_Notify()
2023-04-07_23:24:13 INFO [ Battle StandBy ] SetState_End()
2023-04-07_23:24:13 INFO [ Battle StandBy ] SetState_None()
2023-04-07_23:24:13 INFO [ Battle Maya ] SetState_StandBy_1()
2023-04-07_23:24:13 INFO SetState_BattleOfMaya()
2023-04-07_23:26:12 INFO [ Battle Maya ] SetState_Notify_1()
2023-04-07_23:26:12 INFO [ Battle Maya ] Failed. No users at state 2
2023-04-07_23:26:12 INFO [ Battle Maya ] SetState_End()
2023-04-07_23:26:14 INFO [ Battle Maya ] SetState_EndCycle()
2023-04-07_23:26:14 INFO [ Battle Maya ] SetState_None()
2023-04-07_23:26:14 INFO SetState_End()
2023-04-07_23:26:15 INFO SetState_None()
2023-04-07_23:26:15 INFO [ Battle StandBy ] SetState_Start()
2023-04-07_23:26:15 INFO SetState_BattleStandBy()
2023-04-07_23:27:14 INFO [ Battle StandBy ] SetState_Notify()
2023-04-07_23:28:13 INFO [ Battle StandBy ] SetState_End()
2023-04-07_23:28:13 INFO [ Battle StandBy ] SetState_None()
2023-04-07_23:28:13 INFO [ Battle Maya ] SetState_StandBy_1()
2023-04-07_23:28:13 INFO SetState_BattleOfMaya()
2023-04-07_23:30:12 INFO [ Battle Maya ] SetState_Notify_1()
2023-04-07_23:30:12 INFO [ Battle Maya ] Failed. No users at state 2
2023-04-07_23:30:12 INFO [ Battle Maya ] SetState_End()
2023-04-07_23:30:14 INFO [ Battle Maya ] SetState_EndCycle()
2023-04-07_23:30:14 INFO [ Battle Maya ] SetState_None()
2023-04-07_23:30:14 INFO SetState_End()
2023-04-07_23:30:14 INFO SetState_None()
2023-04-07_23:30:14 INFO [ Battle StandBy ] SetState_Start()
2023-04-07_23:30:14 INFO SetState_BattleStandBy()
2023-04-07_23:31:13 INFO [ Battle StandBy ] SetState_Notify()
2023-04-07_23:32:12 INFO [ Battle StandBy ] SetState_End()
2023-04-07_23:32:12 INFO [ Battle StandBy ] SetState_None()
2023-04-07_23:32:12 INFO [ Battle Maya ] SetState_StandBy_1()
2023-04-07_23:32:12 INFO SetState_BattleOfMaya()
2023-04-07_23:34:11 INFO [ Battle Maya ] SetState_Notify_1()
2023-04-07_23:34:11 INFO [ Battle Maya ] Failed. No users at state 2
2023-04-07_23:34:11 INFO [ Battle Maya ] SetState_End()
2023-04-07_23:34:13 INFO [ Battle Maya ] SetState_EndCycle()
2023-04-07_23:34:13 INFO [ Battle Maya ] SetState_None()
2023-04-07_23:34:13 INFO SetState_End()
2023-04-07_23:34:13 INFO SetState_None()
2023-04-07_23:34:13 INFO [ Battle StandBy ] SetState_Start()
2023-04-07_23:34:13 INFO SetState_BattleStandBy()
2023-04-07_23:35:12 INFO [ Battle StandBy ] SetState_Notify()
2023-04-07_23:36:11 INFO [ Battle StandBy ] SetState_End()
2023-04-07_23:36:11 INFO [ Battle StandBy ] SetState_None()
2023-04-07_23:36:11 INFO [ Battle Maya ] SetState_StandBy_1()
2023-04-07_23:36:11 INFO SetState_BattleOfMaya()
2023-04-07_23:38:10 INFO [ Battle Maya ] SetState_Notify_1()
2023-04-07_23:38:10 INFO [ Battle Maya ] Failed. No users at state 2
2023-04-07_23:38:10 INFO [ Battle Maya ] SetState_End()
2023-04-07_23:38:12 INFO [ Battle Maya ] SetState_EndCycle()
2023-04-07_23:38:13 INFO [ Battle Maya ] SetState_None()
2023-04-07_23:38:13 INFO SetState_End()
2023-04-07_23:38:13 INFO SetState_None()
2023-04-07_23:38:13 INFO [ Battle StandBy ] SetState_Start()
2023-04-07_23:38:13 INFO SetState_BattleStandBy()
2023-04-07_23:39:12 INFO [ Battle StandBy ] SetState_Notify()
2023-04-07_23:40:11 INFO [ Battle StandBy ] SetState_End()
2023-04-07_23:40:11 INFO [ Battle StandBy ] SetState_None()
2023-04-07_23:40:11 INFO [ Battle Maya ] SetState_StandBy_1()
2023-04-07_23:40:11 INFO SetState_BattleOfMaya()
2023-04-07_23:42:10 INFO [ Battle Maya ] SetState_Notify_1()
2023-04-07_23:42:10 INFO [ Battle Maya ] Failed. No users at state 2
2023-04-07_23:42:10 INFO [ Battle Maya ] SetState_End()
2023-04-07_23:42:12 INFO [ Battle Maya ] SetState_EndCycle()
2023-04-07_23:42:12 INFO [ Battle Maya ] SetState_None()
2023-04-07_23:42:12 INFO SetState_End()
2023-04-07_23:42:12 INFO SetState_None()
2023-04-07_23:42:12 INFO [ Battle StandBy ] SetState_Start()
2023-04-07_23:42:12 INFO SetState_BattleStandBy()
2023-04-07_23:43:11 INFO [ Battle StandBy ] SetState_Notify()
2023-04-07_23:44:10 INFO [ Battle StandBy ] SetState_End()
2023-04-07_23:44:10 INFO [ Battle StandBy ] SetState_None()
2023-04-07_23:44:10 INFO [ Battle Maya ] SetState_StandBy_1()
2023-04-07_23:44:10 INFO SetState_BattleOfMaya()
2023-04-07_23:46:09 INFO [ Battle Maya ] SetState_Notify_1()
2023-04-07_23:46:09 INFO [ Battle Maya ] Failed. No users at state 2
2023-04-07_23:46:09 INFO [ Battle Maya ] SetState_End()
2023-04-07_23:46:11 INFO [ Battle Maya ] SetState_EndCycle()
2023-04-07_23:46:11 INFO [ Battle Maya ] SetState_None()
2023-04-07_23:46:11 INFO SetState_End()
2023-04-07_23:46:11 INFO SetState_None()
2023-04-07_23:46:11 INFO [ Battle StandBy ] SetState_Start()
2023-04-07_23:46:11 INFO SetState_BattleStandBy()
2023-04-07_23:47:10 INFO [ Battle StandBy ] SetState_Notify()
2023-04-07_23:48:09 INFO [ Battle StandBy ] SetState_End()
2023-04-07_23:48:09 INFO [ Battle StandBy ] SetState_None()
2023-04-07_23:48:09 INFO [ Battle Maya ] SetState_StandBy_1()
2023-04-07_23:48:09 INFO SetState_BattleOfMaya()
2023-04-07_23:50:09 INFO [ Battle Maya ] SetState_Notify_1()
2023-04-07_23:50:09 INFO [ Battle Maya ] Failed. No users at state 2
2023-04-07_23:50:09 INFO [ Battle Maya ] SetState_End()
2023-04-07_23:50:11 INFO [ Battle Maya ] SetState_EndCycle()
2023-04-07_23:50:11 INFO [ Battle Maya ] SetState_None()
2023-04-07_23:50:11 INFO SetState_End()
2023-04-07_23:50:11 INFO SetState_None()
2023-04-07_23:50:11 INFO [ Battle StandBy ] SetState_Start()
2023-04-07_23:50:11 INFO SetState_BattleStandBy()
2023-04-07_23:51:10 INFO [ Battle StandBy ] SetState_Notify()
2023-04-07_23:52:09 INFO [ Battle StandBy ] SetState_End()
2023-04-07_23:52:09 INFO [ Battle StandBy ] SetState_None()
2023-04-07_23:52:09 INFO [ Battle Maya ] SetState_StandBy_1()
2023-04-07_23:52:09 INFO SetState_BattleOfMaya()
2023-04-07_23:54:08 INFO [ Battle Maya ] SetState_Notify_1()
2023-04-07_23:54:08 INFO [ Battle Maya ] Failed. No users at state 2
2023-04-07_23:54:08 INFO [ Battle Maya ] SetState_End()
2023-04-07_23:54:10 INFO [ Battle Maya ] SetState_EndCycle()
2023-04-07_23:54:10 INFO [ Battle Maya ] SetState_None()
2023-04-07_23:54:10 INFO SetState_End()
2023-04-07_23:54:10 INFO SetState_None()
2023-04-07_23:54:10 INFO [ Battle StandBy ] SetState_Start()
2023-04-07_23:54:10 INFO SetState_BattleStandBy()
2023-04-07_23:55:09 INFO [ Battle StandBy ] SetState_Notify()
2023-04-07_23:56:08 INFO [ Battle StandBy ] SetState_End()
2023-04-07_23:56:08 INFO [ Battle StandBy ] SetState_None()
2023-04-07_23:56:08 INFO [ Battle Maya ] SetState_StandBy_1()
2023-04-07_23:56:08 INFO SetState_BattleOfMaya()
2023-04-07_23:58:07 INFO [ Battle Maya ] SetState_Notify_1()
2023-04-07_23:58:07 INFO [ Battle Maya ] Failed. No users at state 2
2023-04-07_23:58:07 INFO [ Battle Maya ] SetState_End()
2023-04-07_23:58:09 INFO [ Battle Maya ] SetState_EndCycle()
2023-04-07_23:58:09 INFO [ Battle Maya ] SetState_None()
2023-04-07_23:58:09 INFO SetState_End()
2023-04-07_23:58:09 INFO SetState_None()
2023-04-07_23:58:09 INFO [ Battle StandBy ] SetState_Start()
2023-04-07_23:58:09 INFO SetState_BattleStandBy()
2023-04-07_23:59:08 INFO [ Battle StandBy ] SetState_Notify()
2023-04-08_00:00:07 INFO [ Battle StandBy ] SetState_End()
2023-04-08_00:00:08 INFO [ Battle StandBy ] SetState_None()
2023-04-08_00:00:08 INFO [ Battle Maya ] SetState_StandBy_1()
2023-04-08_00:00:08 INFO SetState_BattleOfMaya()
