2023-04-08_13:30:18 INFO [ Battle StandBy ] SetState_Start()
2023-04-08_13:30:18 INFO SetState_BattleStandBy()
2023-04-08_13:31:17 INFO [ Battle StandBy ] SetState_Notify()
2023-04-08_13:32:16 INFO [ Battle StandBy ] SetState_End()
2023-04-08_13:32:16 INFO [ Battle StandBy ] SetState_None()
2023-04-08_13:32:16 INFO [ Battle Maya ] SetState_StandBy_1()
2023-04-08_13:32:16 INFO SetState_BattleOfMaya()
2023-04-08_13:34:15 INFO [ Battle Maya ] SetState_Notify_1()
2023-04-08_13:34:15 INFO [ Battle Maya ] Failed. No users at state 2
2023-04-08_13:34:15 INFO [ Battle Maya ] SetState_End()
2023-04-08_13:34:17 INFO [ Battle Maya ] SetState_EndCycle()
2023-04-08_13:34:17 INFO [ Battle Maya ] SetState_None()
2023-04-08_13:34:17 INFO SetState_End()
2023-04-08_13:34:17 INFO SetState_None()
2023-04-08_13:34:17 INFO [ Battle StandBy ] SetState_Start()
2023-04-08_13:34:17 INFO SetState_BattleStandBy()
2023-04-08_13:35:16 INFO [ Battle StandBy ] SetState_Notify()
2023-04-08_13:36:15 INFO [ Battle StandBy ] SetState_End()
2023-04-08_13:36:15 INFO [ Battle StandBy ] SetState_None()
2023-04-08_13:36:15 INFO [ Battle Maya ] SetState_StandBy_1()
2023-04-08_13:36:15 INFO SetState_BattleOfMaya()
2023-04-08_13:38:14 INFO [ Battle Maya ] SetState_Notify_1()
2023-04-08_13:38:14 INFO [ Battle Maya ] Failed. No users at state 2
2023-04-08_13:38:14 INFO [ Battle Maya ] SetState_End()
2023-04-08_13:38:16 INFO [ Battle Maya ] SetState_EndCycle()
2023-04-08_13:38:16 INFO [ Battle Maya ] SetState_None()
2023-04-08_13:38:16 INFO SetState_End()
2023-04-08_13:38:16 INFO SetState_None()
2023-04-08_13:38:16 INFO [ Battle StandBy ] SetState_Start()
2023-04-08_13:38:16 INFO SetState_BattleStandBy()
2023-04-08_13:39:15 INFO [ Battle StandBy ] SetState_Notify()
2023-04-08_13:40:15 INFO [ Battle StandBy ] SetState_End()
2023-04-08_13:40:15 INFO [ Battle StandBy ] SetState_None()
2023-04-08_13:40:15 INFO [ Battle Maya ] SetState_StandBy_1()
2023-04-08_13:40:15 INFO SetState_BattleOfMaya()
2023-04-08_13:42:14 INFO [ Battle Maya ] SetState_Notify_1()
2023-04-08_13:42:14 INFO [ Battle Maya ] Failed. No users at state 2
2023-04-08_13:42:14 INFO [ Battle Maya ] SetState_End()
2023-04-08_13:42:16 INFO [ Battle Maya ] SetState_EndCycle()
2023-04-08_13:42:16 INFO [ Battle Maya ] SetState_None()
2023-04-08_13:42:16 INFO SetState_End()
2023-04-08_13:42:16 INFO SetState_None()
2023-04-08_13:42:16 INFO [ Battle StandBy ] SetState_Start()
2023-04-08_13:42:16 INFO SetState_BattleStandBy()
2023-04-08_13:43:15 INFO [ Battle StandBy ] SetState_Notify()
2023-04-08_13:44:14 INFO [ Battle StandBy ] SetState_End()
2023-04-08_13:44:14 INFO [ Battle StandBy ] SetState_None()
2023-04-08_13:44:14 INFO [ Battle Maya ] SetState_StandBy_1()
2023-04-08_13:44:14 INFO SetState_BattleOfMaya()
2023-04-08_13:46:13 INFO [ Battle Maya ] SetState_Notify_1()
2023-04-08_13:46:13 INFO [ Battle Maya ] Failed. No users at state 2
2023-04-08_13:46:13 INFO [ Battle Maya ] SetState_End()
2023-04-08_13:46:15 INFO [ Battle Maya ] SetState_EndCycle()
2023-04-08_13:46:15 INFO [ Battle Maya ] SetState_None()
2023-04-08_13:46:15 INFO SetState_End()
2023-04-08_13:46:15 INFO SetState_None()
2023-04-08_13:46:15 INFO [ Battle StandBy ] SetState_Start()
2023-04-08_13:46:15 INFO SetState_BattleStandBy()
2023-04-08_13:47:14 INFO [ Battle StandBy ] SetState_Notify()
2023-04-08_13:48:13 INFO [ Battle StandBy ] SetState_End()
2023-04-08_13:48:14 INFO [ Battle StandBy ] SetState_None()
2023-04-08_13:48:14 INFO [ Battle Maya ] SetState_StandBy_1()
2023-04-08_13:48:14 INFO SetState_BattleOfMaya()
2023-04-08_13:50:13 INFO [ Battle Maya ] SetState_Notify_1()
2023-04-08_13:50:13 INFO [ Battle Maya ] Failed. No users at state 2
2023-04-08_13:50:13 INFO [ Battle Maya ] SetState_End()
2023-04-08_13:50:15 INFO [ Battle Maya ] SetState_EndCycle()
2023-04-08_13:50:15 INFO [ Battle Maya ] SetState_None()
2023-04-08_13:50:15 INFO SetState_End()
2023-04-08_13:50:15 INFO SetState_None()
2023-04-08_13:50:15 INFO [ Battle StandBy ] SetState_Start()
2023-04-08_13:50:15 INFO SetState_BattleStandBy()
2023-04-08_13:51:14 INFO [ Battle StandBy ] SetState_Notify()
2023-04-08_13:52:13 INFO [ Battle StandBy ] SetState_End()
2023-04-08_13:52:13 INFO [ Battle StandBy ] SetState_None()
2023-04-08_13:52:13 INFO [ Battle Maya ] SetState_StandBy_1()
2023-04-08_13:52:13 INFO SetState_BattleOfMaya()
2023-04-08_13:54:12 INFO [ Battle Maya ] SetState_Notify_1()
2023-04-08_13:54:12 INFO [ Battle Maya ] Failed. No users at state 2
2023-04-08_13:54:12 INFO [ Battle Maya ] SetState_End()
2023-04-08_13:54:14 INFO [ Battle Maya ] SetState_EndCycle()
2023-04-08_13:54:14 INFO [ Battle Maya ] SetState_None()
2023-04-08_13:54:14 INFO SetState_End()
2023-04-08_13:54:14 INFO SetState_None()
2023-04-08_13:54:14 INFO [ Battle StandBy ] SetState_Start()
2023-04-08_13:54:14 INFO SetState_BattleStandBy()
2023-04-08_13:55:13 INFO [ Battle StandBy ] SetState_Notify()
2023-04-08_13:56:12 INFO [ Battle StandBy ] SetState_End()
2023-04-08_13:56:12 INFO [ Battle StandBy ] SetState_None()
2023-04-08_13:56:12 INFO [ Battle Maya ] SetState_StandBy_1()
2023-04-08_13:56:12 INFO SetState_BattleOfMaya()
2023-04-08_13:58:11 INFO [ Battle Maya ] SetState_Notify_1()
2023-04-08_13:58:11 INFO [ Battle Maya ] Failed. No users at state 2
2023-04-08_13:58:11 INFO [ Battle Maya ] SetState_End()
2023-04-08_13:58:14 INFO [ Battle Maya ] SetState_EndCycle()
2023-04-08_13:58:14 INFO [ Battle Maya ] SetState_None()
2023-04-08_13:58:14 INFO SetState_End()
2023-04-08_13:58:14 INFO SetState_None()
2023-04-08_13:58:14 INFO [ Battle StandBy ] SetState_Start()
2023-04-08_13:58:14 INFO SetState_BattleStandBy()
2023-04-08_13:59:13 INFO [ Battle StandBy ] SetState_Notify()
2023-04-08_14:00:12 INFO [ Battle StandBy ] SetState_End()
2023-04-08_14:00:12 INFO [ Battle StandBy ] SetState_None()
2023-04-08_14:00:12 INFO [ Battle Maya ] SetState_StandBy_1()
2023-04-08_14:00:12 INFO SetState_BattleOfMaya()
2023-04-08_14:02:11 INFO [ Battle Maya ] SetState_Notify_1()
2023-04-08_14:02:11 INFO [ Battle Maya ] Failed. No users at state 2
2023-04-08_14:02:11 INFO [ Battle Maya ] SetState_End()
2023-04-08_14:02:13 INFO [ Battle Maya ] SetState_EndCycle()
2023-04-08_14:02:13 INFO [ Battle Maya ] SetState_None()
2023-04-08_14:02:13 INFO SetState_End()
2023-04-08_14:02:13 INFO SetState_None()
2023-04-08_14:02:13 INFO [ Battle StandBy ] SetState_Start()
2023-04-08_14:02:13 INFO SetState_BattleStandBy()
2023-04-08_14:03:12 INFO [ Battle StandBy ] SetState_Notify()
2023-04-08_14:04:11 INFO [ Battle StandBy ] SetState_End()
2023-04-08_14:04:11 INFO [ Battle StandBy ] SetState_None()
2023-04-08_14:04:11 INFO [ Battle Maya ] SetState_StandBy_1()
2023-04-08_14:04:11 INFO SetState_BattleOfMaya()
2023-04-08_14:06:10 INFO [ Battle Maya ] SetState_Notify_1()
2023-04-08_14:06:10 INFO [ Battle Maya ] Failed. No users at state 2
2023-04-08_14:06:10 INFO [ Battle Maya ] SetState_End()
2023-04-08_14:06:12 INFO [ Battle Maya ] SetState_EndCycle()
2023-04-08_14:06:12 INFO [ Battle Maya ] SetState_None()
2023-04-08_14:06:12 INFO SetState_End()
2023-04-08_14:06:13 INFO SetState_None()
2023-04-08_14:06:13 INFO [ Battle StandBy ] SetState_Start()
2023-04-08_14:06:13 INFO SetState_BattleStandBy()
2023-04-08_14:07:12 INFO [ Battle StandBy ] SetState_Notify()
2023-04-08_14:08:11 INFO [ Battle StandBy ] SetState_End()
2023-04-08_14:08:11 INFO [ Battle StandBy ] SetState_None()
2023-04-08_14:08:11 INFO [ Battle Maya ] SetState_StandBy_1()
2023-04-08_14:08:11 INFO SetState_BattleOfMaya()
2023-04-08_14:10:10 INFO [ Battle Maya ] SetState_Notify_1()
2023-04-08_14:10:10 INFO [ Battle Maya ] Failed. No users at state 2
2023-04-08_14:10:10 INFO [ Battle Maya ] SetState_End()
2023-04-08_14:10:12 INFO [ Battle Maya ] SetState_EndCycle()
2023-04-08_14:10:12 INFO [ Battle Maya ] SetState_None()
2023-04-08_14:10:12 INFO SetState_End()
2023-04-08_14:10:12 INFO SetState_None()
2023-04-08_14:10:12 INFO [ Battle StandBy ] SetState_Start()
2023-04-08_14:10:12 INFO SetState_BattleStandBy()
2023-04-08_14:11:11 INFO [ Battle StandBy ] SetState_Notify()
2023-04-08_14:12:10 INFO [ Battle StandBy ] SetState_End()
2023-04-08_14:12:10 INFO [ Battle StandBy ] SetState_None()
2023-04-08_14:12:10 INFO [ Battle Maya ] SetState_StandBy_1()
2023-04-08_14:12:10 INFO SetState_BattleOfMaya()
2023-04-08_14:14:09 INFO [ Battle Maya ] SetState_Notify_1()
2023-04-08_14:14:09 INFO [ Battle Maya ] Failed. No users at state 2
2023-04-08_14:14:09 INFO [ Battle Maya ] SetState_End()
2023-04-08_14:14:11 INFO [ Battle Maya ] SetState_EndCycle()
2023-04-08_14:14:11 INFO [ Battle Maya ] SetState_None()
2023-04-08_14:14:11 INFO SetState_End()
2023-04-08_14:14:11 INFO SetState_None()
2023-04-08_14:14:11 INFO [ Battle StandBy ] SetState_Start()
2023-04-08_14:14:11 INFO SetState_BattleStandBy()
2023-04-08_14:15:10 INFO [ Battle StandBy ] SetState_Notify()
2023-04-08_14:16:10 INFO [ Battle StandBy ] SetState_End()
2023-04-08_14:16:10 INFO [ Battle StandBy ] SetState_None()
2023-04-08_14:16:10 INFO [ Battle Maya ] SetState_StandBy_1()
2023-04-08_14:16:10 INFO SetState_BattleOfMaya()
2023-04-08_14:18:09 INFO [ Battle Maya ] SetState_Notify_1()
2023-04-08_14:18:09 INFO [ Battle Maya ] Failed. No users at state 2
2023-04-08_14:18:09 INFO [ Battle Maya ] SetState_End()
2023-04-08_14:18:11 INFO [ Battle Maya ] SetState_EndCycle()
2023-04-08_14:18:11 INFO [ Battle Maya ] SetState_None()
2023-04-08_14:18:11 INFO SetState_End()
2023-04-08_14:18:11 INFO SetState_None()
2023-04-08_14:18:11 INFO [ Battle StandBy ] SetState_Start()
2023-04-08_14:18:11 INFO SetState_BattleStandBy()
2023-04-08_14:19:10 INFO [ Battle StandBy ] SetState_Notify()
2023-04-08_14:20:09 INFO [ Battle StandBy ] SetState_End()
2023-04-08_14:20:09 INFO [ Battle StandBy ] SetState_None()
2023-04-08_14:20:09 INFO [ Battle Maya ] SetState_StandBy_1()
2023-04-08_14:20:09 INFO SetState_BattleOfMaya()
2023-04-08_14:22:08 INFO [ Battle Maya ] SetState_Notify_1()
2023-04-08_14:22:08 INFO [ Battle Maya ] Failed. No users at state 2
2023-04-08_14:22:08 INFO [ Battle Maya ] SetState_End()
2023-04-08_14:22:10 INFO [ Battle Maya ] SetState_EndCycle()
2023-04-08_14:22:10 INFO [ Battle Maya ] SetState_None()
2023-04-08_14:22:10 INFO SetState_End()
2023-04-08_14:22:10 INFO SetState_None()
2023-04-08_14:22:10 INFO [ Battle StandBy ] SetState_Start()
2023-04-08_14:22:10 INFO SetState_BattleStandBy()
2023-04-08_14:23:09 INFO [ Battle StandBy ] SetState_Notify()
