2023-03-26_16:22:45 INFO [ Battle StandBy ] SetState_Start()
2023-03-26_16:22:45 INFO SetState_BattleStandBy()
2023-03-26_16:23:44 INFO [ Battle StandBy ] SetState_Notify()
2023-03-26_16:24:43 INFO [ Battle StandBy ] SetState_End()
2023-03-26_16:24:43 INFO [ Battle StandBy ] SetState_None()
2023-03-26_16:24:43 INFO [ Battle Maya ] SetState_StandBy_1()
2023-03-26_16:24:43 INFO SetState_BattleOfMaya()
2023-03-26_16:26:42 INFO [ Battle Maya ] SetState_Notify_1()
2023-03-26_16:26:42 INFO [ Battle Maya ] Failed. No users at state 2
2023-03-26_16:26:42 INFO [ Battle Maya ] SetState_End()
2023-03-26_16:26:45 INFO [ Battle Maya ] SetState_EndCycle()
2023-03-26_16:26:45 INFO [ Battle Maya ] SetState_None()
2023-03-26_16:26:45 INFO SetState_End()
2023-03-26_16:26:45 INFO SetState_None()
2023-03-26_16:26:45 INFO [ Battle StandBy ] SetState_Start()
2023-03-26_16:26:45 INFO SetState_BattleStandBy()
2023-03-26_16:27:44 INFO [ Battle StandBy ] SetState_Notify()
2023-03-26_16:28:43 INFO [ Battle StandBy ] SetState_End()
2023-03-26_16:28:43 INFO [ Battle StandBy ] SetState_None()
2023-03-26_16:28:43 INFO [ Battle Maya ] SetState_StandBy_1()
2023-03-26_16:28:43 INFO SetState_BattleOfMaya()
