2023-03-26_17:08:20 INFO [ Battle StandBy ] SetState_Start()
2023-03-26_17:08:20 INFO SetState_BattleStandBy()
2023-03-26_17:09:19 INFO [ Battle StandBy ] SetState_Notify()
2023-03-26_17:10:18 INFO [ Battle StandBy ] SetState_End()
2023-03-26_17:10:18 INFO [ Battle StandBy ] SetState_None()
2023-03-26_17:10:18 INFO [ Battle Maya ] SetState_StandBy_1()
2023-03-26_17:10:18 INFO SetState_BattleOfMaya()
2023-03-26_17:12:17 INFO [ Battle Maya ] SetState_Notify_1()
2023-03-26_17:12:17 INFO [ Battle Maya ] Failed. No users at state 2
2023-03-26_17:12:17 INFO [ Battle Maya ] SetState_End()
2023-03-26_17:12:19 INFO [ Battle Maya ] SetState_EndCycle()
2023-03-26_17:12:19 INFO [ Battle Maya ] SetState_None()
2023-03-26_17:12:19 INFO SetState_End()
2023-03-26_17:12:19 INFO SetState_None()
2023-03-26_17:12:19 INFO [ Battle StandBy ] SetState_Start()
2023-03-26_17:12:19 INFO SetState_BattleStandBy()
2023-03-26_17:13:18 INFO [ Battle StandBy ] SetState_Notify()
2023-03-26_17:14:17 INFO [ Battle StandBy ] SetState_End()
2023-03-26_17:14:17 INFO [ Battle StandBy ] SetState_None()
2023-03-26_17:14:17 INFO [ Battle Maya ] SetState_StandBy_1()
2023-03-26_17:14:17 INFO SetState_BattleOfMaya()
2023-03-26_17:16:16 INFO [ Battle Maya ] SetState_Notify_1()
2023-03-26_17:16:16 INFO [ Battle Maya ] Failed. No users at state 2
2023-03-26_17:16:16 INFO [ Battle Maya ] SetState_End()
2023-03-26_17:16:18 INFO [ Battle Maya ] SetState_EndCycle()
2023-03-26_17:16:18 INFO [ Battle Maya ] SetState_None()
2023-03-26_17:16:18 INFO SetState_End()
2023-03-26_17:16:18 INFO SetState_None()
2023-03-26_17:16:18 INFO [ Battle StandBy ] SetState_Start()
2023-03-26_17:16:18 INFO SetState_BattleStandBy()
2023-03-26_17:17:17 INFO [ Battle StandBy ] SetState_Notify()
2023-03-26_17:18:16 INFO [ Battle StandBy ] SetState_End()
2023-03-26_17:18:17 INFO [ Battle StandBy ] SetState_None()
2023-03-26_17:18:17 INFO [ Battle Maya ] SetState_StandBy_1()
2023-03-26_17:18:17 INFO SetState_BattleOfMaya()
2023-03-26_17:20:16 INFO [ Battle Maya ] SetState_Notify_1()
2023-03-26_17:20:16 INFO [ Battle Maya ] Failed. No users at state 2
2023-03-26_17:20:16 INFO [ Battle Maya ] SetState_End()
2023-03-26_17:20:18 INFO [ Battle Maya ] SetState_EndCycle()
2023-03-26_17:20:18 INFO [ Battle Maya ] SetState_None()
2023-03-26_17:20:18 INFO SetState_End()
2023-03-26_17:20:18 INFO SetState_None()
2023-03-26_17:20:18 INFO [ Battle StandBy ] SetState_Start()
2023-03-26_17:20:18 INFO SetState_BattleStandBy()
2023-03-26_17:21:17 INFO [ Battle StandBy ] SetState_Notify()
2023-03-26_17:22:16 INFO [ Battle StandBy ] SetState_End()
2023-03-26_17:22:16 INFO [ Battle StandBy ] SetState_None()
2023-03-26_17:22:16 INFO [ Battle Maya ] SetState_StandBy_1()
2023-03-26_17:22:16 INFO SetState_BattleOfMaya()
2023-03-26_17:24:15 INFO [ Battle Maya ] SetState_Notify_1()
2023-03-26_17:24:15 INFO [ Battle Maya ] Failed. No users at state 2
2023-03-26_17:24:15 INFO [ Battle Maya ] SetState_End()
2023-03-26_17:24:17 INFO [ Battle Maya ] SetState_EndCycle()
2023-03-26_17:24:17 INFO [ Battle Maya ] SetState_None()
2023-03-26_17:24:17 INFO SetState_End()
2023-03-26_17:24:17 INFO SetState_None()
2023-03-26_17:24:17 INFO [ Battle StandBy ] SetState_Start()
2023-03-26_17:24:17 INFO SetState_BattleStandBy()
2023-03-26_17:25:16 INFO [ Battle StandBy ] SetState_Notify()
2023-03-26_17:26:15 INFO [ Battle StandBy ] SetState_End()
2023-03-26_17:26:15 INFO [ Battle StandBy ] SetState_None()
2023-03-26_17:26:15 INFO [ Battle Maya ] SetState_StandBy_1()
2023-03-26_17:26:15 INFO SetState_BattleOfMaya()
2023-03-26_17:28:14 INFO [ Battle Maya ] SetState_Notify_1()
2023-03-26_17:28:14 INFO [ Battle Maya ] Failed. No users at state 2
2023-03-26_17:28:14 INFO [ Battle Maya ] SetState_End()
2023-03-26_17:28:16 INFO [ Battle Maya ] SetState_EndCycle()
2023-03-26_17:28:16 INFO [ Battle Maya ] SetState_None()
2023-03-26_17:28:16 INFO SetState_End()
2023-03-26_17:28:17 INFO SetState_None()
2023-03-26_17:28:17 INFO [ Battle StandBy ] SetState_Start()
2023-03-26_17:28:17 INFO SetState_BattleStandBy()
2023-03-26_17:29:16 INFO [ Battle StandBy ] SetState_Notify()
2023-03-26_17:30:15 INFO [ Battle StandBy ] SetState_End()
2023-03-26_17:30:15 INFO [ Battle StandBy ] SetState_None()
2023-03-26_17:30:15 INFO [ Battle Maya ] SetState_StandBy_1()
2023-03-26_17:30:15 INFO SetState_BattleOfMaya()
2023-03-26_17:32:14 INFO [ Battle Maya ] SetState_Notify_1()
2023-03-26_17:32:14 INFO [ Battle Maya ] Failed. No users at state 2
2023-03-26_17:32:14 INFO [ Battle Maya ] SetState_End()
2023-03-26_17:32:16 INFO [ Battle Maya ] SetState_EndCycle()
2023-03-26_17:32:16 INFO [ Battle Maya ] SetState_None()
2023-03-26_17:32:16 INFO SetState_End()
2023-03-26_17:32:16 INFO SetState_None()
2023-03-26_17:32:16 INFO [ Battle StandBy ] SetState_Start()
2023-03-26_17:32:16 INFO SetState_BattleStandBy()
2023-03-26_17:33:15 INFO [ Battle StandBy ] SetState_Notify()
2023-03-26_17:34:14 INFO [ Battle StandBy ] SetState_End()
2023-03-26_17:34:14 INFO [ Battle StandBy ] SetState_None()
2023-03-26_17:34:14 INFO [ Battle Maya ] SetState_StandBy_1()
2023-03-26_17:34:14 INFO SetState_BattleOfMaya()
2023-03-26_17:36:13 INFO [ Battle Maya ] SetState_Notify_1()
2023-03-26_17:36:13 INFO [ Battle Maya ] Failed. No users at state 2
2023-03-26_17:36:13 INFO [ Battle Maya ] SetState_End()
2023-03-26_17:36:15 INFO [ Battle Maya ] SetState_EndCycle()
2023-03-26_17:36:15 INFO [ Battle Maya ] SetState_None()
2023-03-26_17:36:15 INFO SetState_End()
2023-03-26_17:36:15 INFO SetState_None()
2023-03-26_17:36:15 INFO [ Battle StandBy ] SetState_Start()
2023-03-26_17:36:15 INFO SetState_BattleStandBy()
2023-03-26_17:37:14 INFO [ Battle StandBy ] SetState_Notify()
2023-03-26_17:38:13 INFO [ Battle StandBy ] SetState_End()
2023-03-26_17:38:13 INFO [ Battle StandBy ] SetState_None()
2023-03-26_17:38:13 INFO [ Battle Maya ] SetState_StandBy_1()
2023-03-26_17:38:13 INFO SetState_BattleOfMaya()
2023-03-26_17:40:12 INFO [ Battle Maya ] SetState_Notify_1()
2023-03-26_17:40:12 INFO [ Battle Maya ] Failed. No users at state 2
2023-03-26_17:40:12 INFO [ Battle Maya ] SetState_End()
2023-03-26_17:40:14 INFO [ Battle Maya ] SetState_EndCycle()
2023-03-26_17:40:14 INFO [ Battle Maya ] SetState_None()
2023-03-26_17:40:14 INFO SetState_End()
2023-03-26_17:40:15 INFO SetState_None()
2023-03-26_17:40:15 INFO [ Battle StandBy ] SetState_Start()
2023-03-26_17:40:15 INFO SetState_BattleStandBy()
2023-03-26_17:41:14 INFO [ Battle StandBy ] SetState_Notify()
