2023-04-08_17:36:56 INFO [ Battle StandBy ] SetState_Start()
2023-04-08_17:36:56 INFO SetState_BattleStandBy()
2023-04-08_17:37:55 INFO [ Battle StandBy ] SetState_Notify()
2023-04-08_17:38:54 INFO [ Battle StandBy ] SetState_End()
2023-04-08_17:38:54 INFO [ Battle StandBy ] SetState_None()
2023-04-08_17:38:54 INFO [ Battle Maya ] SetState_StandBy_1()
2023-04-08_17:38:54 INFO SetState_BattleOfMaya()
2023-04-08_17:40:53 INFO [ Battle Maya ] SetState_Notify_1()
2023-04-08_17:40:53 INFO [ Battle Maya ] Failed. No users at state 2
2023-04-08_17:40:53 INFO [ Battle Maya ] SetState_End()
2023-04-08_17:40:55 INFO [ Battle Maya ] SetState_EndCycle()
2023-04-08_17:40:55 INFO [ Battle Maya ] SetState_None()
2023-04-08_17:40:55 INFO SetState_End()
2023-04-08_17:40:55 INFO SetState_None()
2023-04-08_17:40:55 INFO [ Battle StandBy ] SetState_Start()
2023-04-08_17:40:55 INFO SetState_BattleStandBy()
2023-04-08_17:41:54 INFO [ Battle StandBy ] SetState_Notify()
2023-04-08_17:42:53 INFO [ Battle StandBy ] SetState_End()
2023-04-08_17:42:53 INFO [ Battle StandBy ] SetState_None()
2023-04-08_17:42:53 INFO [ Battle Maya ] SetState_StandBy_1()
2023-04-08_17:42:53 INFO SetState_BattleOfMaya()
2023-04-08_17:44:52 INFO [ Battle Maya ] SetState_Notify_1()
2023-04-08_17:44:52 INFO [ Battle Maya ] Failed. No users at state 2
2023-04-08_17:44:52 INFO [ Battle Maya ] SetState_End()
2023-04-08_17:44:54 INFO [ Battle Maya ] SetState_EndCycle()
2023-04-08_17:44:54 INFO [ Battle Maya ] SetState_None()
2023-04-08_17:44:55 INFO SetState_End()
2023-04-08_17:44:55 INFO SetState_None()
2023-04-08_17:44:55 INFO [ Battle StandBy ] SetState_Start()
2023-04-08_17:44:55 INFO SetState_BattleStandBy()
2023-04-08_17:45:54 INFO [ Battle StandBy ] SetState_Notify()
