2023-03-31_22:48:47 INFO [ Battle StandBy ] SetState_Start()
2023-03-31_22:48:47 INFO SetState_BattleStandBy()
2023-03-31_22:49:46 INFO [ Battle StandBy ] SetState_Notify()
2023-03-31_22:50:45 INFO [ Battle StandBy ] SetState_End()
2023-03-31_22:50:45 INFO [ Battle StandBy ] SetState_None()
2023-03-31_22:50:45 INFO [ Battle Maya ] SetState_StandBy_1()
2023-03-31_22:50:45 INFO SetState_BattleOfMaya()
2023-03-31_22:52:44 INFO [ Battle Maya ] SetState_Notify_1()
2023-03-31_22:52:44 INFO [ Battle Maya ] Failed. No users at state 2
2023-03-31_22:52:44 INFO [ Battle Maya ] SetState_End()
2023-03-31_22:52:46 INFO [ Battle Maya ] SetState_EndCycle()
2023-03-31_22:52:46 INFO [ Battle Maya ] SetState_None()
2023-03-31_22:52:46 INFO SetState_End()
2023-03-31_22:52:46 INFO SetState_None()
2023-03-31_22:52:46 INFO [ Battle StandBy ] SetState_Start()
2023-03-31_22:52:46 INFO SetState_BattleStandBy()
2023-03-31_22:53:45 INFO [ Battle StandBy ] SetState_Notify()
2023-03-31_22:54:44 INFO [ Battle StandBy ] SetState_End()
2023-03-31_22:54:44 INFO [ Battle StandBy ] SetState_None()
2023-03-31_22:54:44 INFO [ Battle Maya ] SetState_StandBy_1()
2023-03-31_22:54:44 INFO SetState_BattleOfMaya()
2023-03-31_22:56:44 INFO [ Battle Maya ] SetState_Notify_1()
2023-03-31_22:56:44 INFO [ Battle Maya ] Failed. No users at state 2
2023-03-31_22:56:44 INFO [ Battle Maya ] SetState_End()
2023-03-31_22:56:46 INFO [ Battle Maya ] SetState_EndCycle()
2023-03-31_22:56:46 INFO [ Battle Maya ] SetState_None()
2023-03-31_22:56:46 INFO SetState_End()
2023-03-31_22:56:46 INFO SetState_None()
2023-03-31_22:56:46 INFO [ Battle StandBy ] SetState_Start()
2023-03-31_22:56:46 INFO SetState_BattleStandBy()
2023-03-31_22:57:45 INFO [ Battle StandBy ] SetState_Notify()
2023-03-31_22:58:44 INFO [ Battle StandBy ] SetState_End()
2023-03-31_22:58:44 INFO [ Battle StandBy ] SetState_None()
2023-03-31_22:58:44 INFO [ Battle Maya ] SetState_StandBy_1()
2023-03-31_22:58:44 INFO SetState_BattleOfMaya()
2023-03-31_23:00:43 INFO [ Battle Maya ] SetState_Notify_1()
2023-03-31_23:00:43 INFO [ Battle Maya ] Failed. No users at state 2
2023-03-31_23:00:43 INFO [ Battle Maya ] SetState_End()
2023-03-31_23:00:45 INFO [ Battle Maya ] SetState_EndCycle()
2023-03-31_23:00:45 INFO [ Battle Maya ] SetState_None()
2023-03-31_23:00:45 INFO SetState_End()
2023-03-31_23:00:45 INFO SetState_None()
2023-03-31_23:00:45 INFO [ Battle StandBy ] SetState_Start()
2023-03-31_23:00:45 INFO SetState_BattleStandBy()
2023-03-31_23:01:44 INFO [ Battle StandBy ] SetState_Notify()
2023-03-31_23:02:43 INFO [ Battle StandBy ] SetState_End()
2023-03-31_23:02:43 INFO [ Battle StandBy ] SetState_None()
2023-03-31_23:02:43 INFO [ Battle Maya ] SetState_StandBy_1()
2023-03-31_23:02:43 INFO SetState_BattleOfMaya()
2023-03-31_23:04:42 INFO [ Battle Maya ] SetState_Notify_1()
2023-03-31_23:04:42 INFO [ Battle Maya ] Failed. No users at state 2
2023-03-31_23:04:42 INFO [ Battle Maya ] SetState_End()
2023-03-31_23:04:44 INFO [ Battle Maya ] SetState_EndCycle()
2023-03-31_23:04:44 INFO [ Battle Maya ] SetState_None()
2023-03-31_23:04:44 INFO SetState_End()
2023-03-31_23:04:44 INFO SetState_None()
2023-03-31_23:04:44 INFO [ Battle StandBy ] SetState_Start()
2023-03-31_23:04:44 INFO SetState_BattleStandBy()
2023-03-31_23:05:43 INFO [ Battle StandBy ] SetState_Notify()
2023-03-31_23:06:42 INFO [ Battle StandBy ] SetState_End()
2023-03-31_23:06:43 INFO [ Battle StandBy ] SetState_None()
2023-03-31_23:06:43 INFO [ Battle Maya ] SetState_StandBy_1()
2023-03-31_23:06:43 INFO SetState_BattleOfMaya()
2023-03-31_23:08:42 INFO [ Battle Maya ] SetState_Notify_1()
2023-03-31_23:08:42 INFO [ Battle Maya ] Failed. No users at state 2
2023-03-31_23:08:42 INFO [ Battle Maya ] SetState_End()
2023-03-31_23:08:44 INFO [ Battle Maya ] SetState_EndCycle()
2023-03-31_23:08:44 INFO [ Battle Maya ] SetState_None()
2023-03-31_23:08:44 INFO SetState_End()
2023-03-31_23:08:44 INFO SetState_None()
2023-03-31_23:08:44 INFO [ Battle StandBy ] SetState_Start()
2023-03-31_23:08:44 INFO SetState_BattleStandBy()
2023-03-31_23:09:43 INFO [ Battle StandBy ] SetState_Notify()
2023-03-31_23:10:42 INFO [ Battle StandBy ] SetState_End()
2023-03-31_23:10:42 INFO [ Battle StandBy ] SetState_None()
2023-03-31_23:10:42 INFO [ Battle Maya ] SetState_StandBy_1()
2023-03-31_23:10:42 INFO SetState_BattleOfMaya()
2023-03-31_23:12:41 INFO [ Battle Maya ] SetState_Notify_1()
2023-03-31_23:12:41 INFO [ Battle Maya ] Failed. No users at state 2
2023-03-31_23:12:41 INFO [ Battle Maya ] SetState_End()
2023-03-31_23:12:43 INFO [ Battle Maya ] SetState_EndCycle()
2023-03-31_23:12:43 INFO [ Battle Maya ] SetState_None()
2023-03-31_23:12:43 INFO SetState_End()
2023-03-31_23:12:43 INFO SetState_None()
2023-03-31_23:12:43 INFO [ Battle StandBy ] SetState_Start()
2023-03-31_23:12:43 INFO SetState_BattleStandBy()
2023-03-31_23:13:42 INFO [ Battle StandBy ] SetState_Notify()
2023-03-31_23:14:41 INFO [ Battle StandBy ] SetState_End()
2023-03-31_23:14:41 INFO [ Battle StandBy ] SetState_None()
2023-03-31_23:14:41 INFO [ Battle Maya ] SetState_StandBy_1()
2023-03-31_23:14:41 INFO SetState_BattleOfMaya()
2023-03-31_23:16:40 INFO [ Battle Maya ] SetState_Notify_1()
2023-03-31_23:16:40 INFO [ Battle Maya ] Failed. No users at state 2
2023-03-31_23:16:40 INFO [ Battle Maya ] SetState_End()
2023-03-31_23:16:42 INFO [ Battle Maya ] SetState_EndCycle()
2023-03-31_23:16:42 INFO [ Battle Maya ] SetState_None()
2023-03-31_23:16:42 INFO SetState_End()
2023-03-31_23:16:43 INFO SetState_None()
2023-03-31_23:16:43 INFO [ Battle StandBy ] SetState_Start()
2023-03-31_23:16:43 INFO SetState_BattleStandBy()
2023-03-31_23:17:42 INFO [ Battle StandBy ] SetState_Notify()
2023-03-31_23:18:41 INFO [ Battle StandBy ] SetState_End()
2023-03-31_23:18:41 INFO [ Battle StandBy ] SetState_None()
2023-03-31_23:18:41 INFO [ Battle Maya ] SetState_StandBy_1()
2023-03-31_23:18:41 INFO SetState_BattleOfMaya()
2023-03-31_23:20:40 INFO [ Battle Maya ] SetState_Notify_1()
2023-03-31_23:20:40 INFO [ Battle Maya ] Failed. No users at state 2
2023-03-31_23:20:40 INFO [ Battle Maya ] SetState_End()
2023-03-31_23:20:42 INFO [ Battle Maya ] SetState_EndCycle()
2023-03-31_23:20:42 INFO [ Battle Maya ] SetState_None()
2023-03-31_23:20:42 INFO SetState_End()
2023-03-31_23:20:42 INFO SetState_None()
2023-03-31_23:20:42 INFO [ Battle StandBy ] SetState_Start()
2023-03-31_23:20:42 INFO SetState_BattleStandBy()
2023-03-31_23:21:41 INFO [ Battle StandBy ] SetState_Notify()
2023-03-31_23:22:40 INFO [ Battle StandBy ] SetState_End()
2023-03-31_23:22:40 INFO [ Battle StandBy ] SetState_None()
2023-03-31_23:22:40 INFO [ Battle Maya ] SetState_StandBy_1()
2023-03-31_23:22:40 INFO SetState_BattleOfMaya()
2023-03-31_23:24:39 INFO [ Battle Maya ] SetState_Notify_1()
2023-03-31_23:24:39 INFO [ Battle Maya ] Failed. No users at state 2
2023-03-31_23:24:39 INFO [ Battle Maya ] SetState_End()
2023-03-31_23:24:41 INFO [ Battle Maya ] SetState_EndCycle()
2023-03-31_23:24:41 INFO [ Battle Maya ] SetState_None()
2023-03-31_23:24:41 INFO SetState_End()
2023-03-31_23:24:41 INFO SetState_None()
2023-03-31_23:24:41 INFO [ Battle StandBy ] SetState_Start()
2023-03-31_23:24:41 INFO SetState_BattleStandBy()
2023-03-31_23:25:40 INFO [ Battle StandBy ] SetState_Notify()
2023-03-31_23:26:39 INFO [ Battle StandBy ] SetState_End()
2023-03-31_23:26:39 INFO [ Battle StandBy ] SetState_None()
2023-03-31_23:26:39 INFO [ Battle Maya ] SetState_StandBy_1()
2023-03-31_23:26:39 INFO SetState_BattleOfMaya()
2023-03-31_23:28:38 INFO [ Battle Maya ] SetState_Notify_1()
2023-03-31_23:28:38 INFO [ Battle Maya ] Failed. No users at state 2
2023-03-31_23:28:38 INFO [ Battle Maya ] SetState_End()
2023-03-31_23:28:40 INFO [ Battle Maya ] SetState_EndCycle()
2023-03-31_23:28:41 INFO [ Battle Maya ] SetState_None()
2023-03-31_23:28:41 INFO SetState_End()
2023-03-31_23:28:41 INFO SetState_None()
2023-03-31_23:28:41 INFO [ Battle StandBy ] SetState_Start()
2023-03-31_23:28:41 INFO SetState_BattleStandBy()
2023-03-31_23:29:40 INFO [ Battle StandBy ] SetState_Notify()
2023-03-31_23:30:39 INFO [ Battle StandBy ] SetState_End()
2023-03-31_23:30:39 INFO [ Battle StandBy ] SetState_None()
2023-03-31_23:30:39 INFO [ Battle Maya ] SetState_StandBy_1()
2023-03-31_23:30:39 INFO SetState_BattleOfMaya()
2023-03-31_23:32:38 INFO [ Battle Maya ] SetState_Notify_1()
2023-03-31_23:32:38 INFO [ Battle Maya ] Failed. No users at state 2
2023-03-31_23:32:38 INFO [ Battle Maya ] SetState_End()
2023-03-31_23:32:40 INFO [ Battle Maya ] SetState_EndCycle()
2023-03-31_23:32:40 INFO [ Battle Maya ] SetState_None()
2023-03-31_23:32:40 INFO SetState_End()
2023-03-31_23:32:40 INFO SetState_None()
2023-03-31_23:32:40 INFO [ Battle StandBy ] SetState_Start()
2023-03-31_23:32:40 INFO SetState_BattleStandBy()
2023-03-31_23:33:39 INFO [ Battle StandBy ] SetState_Notify()
2023-03-31_23:34:38 INFO [ Battle StandBy ] SetState_End()
2023-03-31_23:34:38 INFO [ Battle StandBy ] SetState_None()
2023-03-31_23:34:38 INFO [ Battle Maya ] SetState_StandBy_1()
2023-03-31_23:34:38 INFO SetState_BattleOfMaya()
2023-03-31_23:36:37 INFO [ Battle Maya ] SetState_Notify_1()
2023-03-31_23:36:37 INFO [ Battle Maya ] Failed. No users at state 2
2023-03-31_23:36:37 INFO [ Battle Maya ] SetState_End()
2023-03-31_23:36:39 INFO [ Battle Maya ] SetState_EndCycle()
2023-03-31_23:36:39 INFO [ Battle Maya ] SetState_None()
2023-03-31_23:36:39 INFO SetState_End()
2023-03-31_23:36:39 INFO SetState_None()
2023-03-31_23:36:39 INFO [ Battle StandBy ] SetState_Start()
2023-03-31_23:36:39 INFO SetState_BattleStandBy()
2023-03-31_23:37:38 INFO [ Battle StandBy ] SetState_Notify()
2023-03-31_23:38:37 INFO [ Battle StandBy ] SetState_End()
2023-03-31_23:38:37 INFO [ Battle StandBy ] SetState_None()
2023-03-31_23:38:37 INFO [ Battle Maya ] SetState_StandBy_1()
2023-03-31_23:38:37 INFO SetState_BattleOfMaya()
2023-03-31_23:40:36 INFO [ Battle Maya ] SetState_Notify_1()
2023-03-31_23:40:37 INFO [ Battle Maya ] Failed. No users at state 2
2023-03-31_23:40:37 INFO [ Battle Maya ] SetState_End()
2023-03-31_23:40:39 INFO [ Battle Maya ] SetState_EndCycle()
2023-03-31_23:40:39 INFO [ Battle Maya ] SetState_None()
2023-03-31_23:40:39 INFO SetState_End()
2023-03-31_23:40:39 INFO SetState_None()
2023-03-31_23:40:39 INFO [ Battle StandBy ] SetState_Start()
2023-03-31_23:40:39 INFO SetState_BattleStandBy()
2023-03-31_23:41:38 INFO [ Battle StandBy ] SetState_Notify()
2023-03-31_23:42:37 INFO [ Battle StandBy ] SetState_End()
2023-03-31_23:42:37 INFO [ Battle StandBy ] SetState_None()
2023-03-31_23:42:37 INFO [ Battle Maya ] SetState_StandBy_1()
2023-03-31_23:42:37 INFO SetState_BattleOfMaya()
2023-03-31_23:44:36 INFO [ Battle Maya ] SetState_Notify_1()
2023-03-31_23:44:36 INFO [ Battle Maya ] Failed. No users at state 2
2023-03-31_23:44:36 INFO [ Battle Maya ] SetState_End()
2023-03-31_23:44:38 INFO [ Battle Maya ] SetState_EndCycle()
2023-03-31_23:44:38 INFO [ Battle Maya ] SetState_None()
2023-03-31_23:44:38 INFO SetState_End()
2023-03-31_23:44:38 INFO SetState_None()
2023-03-31_23:44:38 INFO [ Battle StandBy ] SetState_Start()
2023-03-31_23:44:38 INFO SetState_BattleStandBy()
2023-03-31_23:45:37 INFO [ Battle StandBy ] SetState_Notify()
2023-03-31_23:46:36 INFO [ Battle StandBy ] SetState_End()
2023-03-31_23:46:36 INFO [ Battle StandBy ] SetState_None()
2023-03-31_23:46:36 INFO [ Battle Maya ] SetState_StandBy_1()
2023-03-31_23:46:36 INFO SetState_BattleOfMaya()
2023-03-31_23:48:35 INFO [ Battle Maya ] SetState_Notify_1()
2023-03-31_23:48:35 INFO [ Battle Maya ] Failed. No users at state 2
2023-03-31_23:48:35 INFO [ Battle Maya ] SetState_End()
2023-03-31_23:48:37 INFO [ Battle Maya ] SetState_EndCycle()
2023-03-31_23:48:37 INFO [ Battle Maya ] SetState_None()
2023-03-31_23:48:37 INFO SetState_End()
2023-03-31_23:48:37 INFO SetState_None()
2023-03-31_23:48:37 INFO [ Battle StandBy ] SetState_Start()
2023-03-31_23:48:37 INFO SetState_BattleStandBy()
2023-03-31_23:49:36 INFO [ Battle StandBy ] SetState_Notify()
2023-03-31_23:50:35 INFO [ Battle StandBy ] SetState_End()
2023-03-31_23:50:36 INFO [ Battle StandBy ] SetState_None()
2023-03-31_23:50:36 INFO [ Battle Maya ] SetState_StandBy_1()
2023-03-31_23:50:36 INFO SetState_BattleOfMaya()
2023-03-31_23:52:35 INFO [ Battle Maya ] SetState_Notify_1()
2023-03-31_23:52:35 INFO [ Battle Maya ] Failed. No users at state 2
2023-03-31_23:52:35 INFO [ Battle Maya ] SetState_End()
2023-03-31_23:52:37 INFO [ Battle Maya ] SetState_EndCycle()
2023-03-31_23:52:37 INFO [ Battle Maya ] SetState_None()
2023-03-31_23:52:37 INFO SetState_End()
2023-03-31_23:52:37 INFO SetState_None()
2023-03-31_23:52:37 INFO [ Battle StandBy ] SetState_Start()
2023-03-31_23:52:37 INFO SetState_BattleStandBy()
2023-03-31_23:53:36 INFO [ Battle StandBy ] SetState_Notify()
2023-03-31_23:54:35 INFO [ Battle StandBy ] SetState_End()
2023-03-31_23:54:35 INFO [ Battle StandBy ] SetState_None()
2023-03-31_23:54:35 INFO [ Battle Maya ] SetState_StandBy_1()
2023-03-31_23:54:35 INFO SetState_BattleOfMaya()
2023-03-31_23:56:34 INFO [ Battle Maya ] SetState_Notify_1()
2023-03-31_23:56:34 INFO [ Battle Maya ] Failed. No users at state 2
2023-03-31_23:56:34 INFO [ Battle Maya ] SetState_End()
2023-03-31_23:56:36 INFO [ Battle Maya ] SetState_EndCycle()
2023-03-31_23:56:36 INFO [ Battle Maya ] SetState_None()
2023-03-31_23:56:36 INFO SetState_End()
2023-03-31_23:56:36 INFO SetState_None()
2023-03-31_23:56:36 INFO [ Battle StandBy ] SetState_Start()
2023-03-31_23:56:36 INFO SetState_BattleStandBy()
2023-03-31_23:57:35 INFO [ Battle StandBy ] SetState_Notify()
2023-03-31_23:58:34 INFO [ Battle StandBy ] SetState_End()
2023-03-31_23:58:34 INFO [ Battle StandBy ] SetState_None()
2023-03-31_23:58:34 INFO [ Battle Maya ] SetState_StandBy_1()
2023-03-31_23:58:34 INFO SetState_BattleOfMaya()
