2023-03-25_19:31:16 INFO [ Battle StandBy ] SetState_Start()
2023-03-25_19:31:16 INFO SetState_BattleStandBy()
2023-03-25_19:32:15 INFO [ Battle StandBy ] SetState_Notify()
2023-03-25_19:33:14 INFO [ Battle StandBy ] SetState_End()
2023-03-25_19:33:14 INFO [ Battle StandBy ] SetState_None()
2023-03-25_19:33:14 INFO [ Battle Maya ] SetState_StandBy_1()
2023-03-25_19:33:14 INFO SetState_BattleOfMaya()
2023-03-25_19:35:13 INFO [ Battle Maya ] SetState_Notify_1()
2023-03-25_19:35:13 INFO [ Battle Maya ] Failed. No users at state 2
2023-03-25_19:35:13 INFO [ Battle Maya ] SetState_End()
2023-03-25_19:35:15 INFO [ Battle Maya ] SetState_EndCycle()
2023-03-25_19:35:15 INFO [ Battle Maya ] SetState_None()
2023-03-25_19:35:15 INFO SetState_End()
2023-03-25_19:35:16 INFO SetState_None()
2023-03-25_19:35:16 INFO [ Battle StandBy ] SetState_Start()
2023-03-25_19:35:16 INFO SetState_BattleStandBy()
2023-03-25_19:36:15 INFO [ Battle StandBy ] SetState_Notify()
2023-03-25_19:37:14 INFO [ Battle StandBy ] SetState_End()
2023-03-25_19:37:14 INFO [ Battle StandBy ] SetState_None()
2023-03-25_19:37:14 INFO [ Battle Maya ] SetState_StandBy_1()
2023-03-25_19:37:14 INFO SetState_BattleOfMaya()
2023-03-25_19:39:13 INFO [ Battle Maya ] SetState_Notify_1()
2023-03-25_19:39:13 INFO [ Battle Maya ] Failed. No users at state 2
2023-03-25_19:39:13 INFO [ Battle Maya ] SetState_End()
2023-03-25_19:39:15 INFO [ Battle Maya ] SetState_EndCycle()
2023-03-25_19:39:15 INFO [ Battle Maya ] SetState_None()
2023-03-25_19:39:15 INFO SetState_End()
2023-03-25_19:39:15 INFO SetState_None()
2023-03-25_19:39:15 INFO [ Battle StandBy ] SetState_Start()
2023-03-25_19:39:15 INFO SetState_BattleStandBy()
2023-03-25_19:40:14 INFO [ Battle StandBy ] SetState_Notify()
2023-03-25_19:41:13 INFO [ Battle StandBy ] SetState_End()
2023-03-25_19:41:13 INFO [ Battle StandBy ] SetState_None()
2023-03-25_19:41:13 INFO [ Battle Maya ] SetState_StandBy_1()
2023-03-25_19:41:13 INFO SetState_BattleOfMaya()
2023-03-25_19:43:12 INFO [ Battle Maya ] SetState_Notify_1()
2023-03-25_19:43:12 INFO [ Battle Maya ] Failed. No users at state 2
2023-03-25_19:43:12 INFO [ Battle Maya ] SetState_End()
2023-03-25_19:43:14 INFO [ Battle Maya ] SetState_EndCycle()
2023-03-25_19:43:14 INFO [ Battle Maya ] SetState_None()
2023-03-25_19:43:14 INFO SetState_End()
2023-03-25_19:43:14 INFO SetState_None()
2023-03-25_19:43:14 INFO [ Battle StandBy ] SetState_Start()
2023-03-25_19:43:14 INFO SetState_BattleStandBy()
2023-03-25_19:44:13 INFO [ Battle StandBy ] SetState_Notify()
2023-03-25_19:45:12 INFO [ Battle StandBy ] SetState_End()
2023-03-25_19:45:12 INFO [ Battle StandBy ] SetState_None()
2023-03-25_19:45:12 INFO [ Battle Maya ] SetState_StandBy_1()
2023-03-25_19:45:12 INFO SetState_BattleOfMaya()
2023-03-25_19:47:11 INFO [ Battle Maya ] SetState_Notify_1()
2023-03-25_19:47:11 INFO [ Battle Maya ] Failed. No users at state 2
2023-03-25_19:47:11 INFO [ Battle Maya ] SetState_End()
2023-03-25_19:47:14 INFO [ Battle Maya ] SetState_EndCycle()
2023-03-25_19:47:14 INFO [ Battle Maya ] SetState_None()
2023-03-25_19:47:14 INFO SetState_End()
2023-03-25_19:47:14 INFO SetState_None()
2023-03-25_19:47:14 INFO [ Battle StandBy ] SetState_Start()
2023-03-25_19:47:14 INFO SetState_BattleStandBy()
2023-03-25_19:48:13 INFO [ Battle StandBy ] SetState_Notify()
2023-03-25_19:49:12 INFO [ Battle StandBy ] SetState_End()
2023-03-25_19:49:12 INFO [ Battle StandBy ] SetState_None()
2023-03-25_19:49:12 INFO [ Battle Maya ] SetState_StandBy_1()
2023-03-25_19:49:12 INFO SetState_BattleOfMaya()
2023-03-25_19:51:11 INFO [ Battle Maya ] SetState_Notify_1()
2023-03-25_19:51:11 INFO [ Battle Maya ] Failed. No users at state 2
2023-03-25_19:51:11 INFO [ Battle Maya ] SetState_End()
2023-03-25_19:51:13 INFO [ Battle Maya ] SetState_EndCycle()
2023-03-25_19:51:13 INFO [ Battle Maya ] SetState_None()
2023-03-25_19:51:13 INFO SetState_End()
2023-03-25_19:51:13 INFO SetState_None()
2023-03-25_19:51:13 INFO [ Battle StandBy ] SetState_Start()
2023-03-25_19:51:13 INFO SetState_BattleStandBy()
2023-03-25_19:52:12 INFO [ Battle StandBy ] SetState_Notify()
2023-03-25_19:53:11 INFO [ Battle StandBy ] SetState_End()
2023-03-25_19:53:11 INFO [ Battle StandBy ] SetState_None()
2023-03-25_19:53:11 INFO [ Battle Maya ] SetState_StandBy_1()
2023-03-25_19:53:11 INFO SetState_BattleOfMaya()
