2023-03-24_22:16:13 INFO [ Battle StandBy ] SetState_Start()
2023-03-24_22:16:13 INFO SetState_BattleStandBy()
2023-03-24_22:17:12 INFO [ Battle StandBy ] SetState_Notify()
2023-03-24_22:18:11 INFO [ Battle StandBy ] SetState_End()
2023-03-24_22:18:12 INFO [ Battle StandBy ] SetState_None()
2023-03-24_22:18:12 INFO [ Battle Maya ] SetState_StandBy_1()
2023-03-24_22:18:12 INFO SetState_BattleOfMaya()
2023-03-24_22:20:11 INFO [ Battle Maya ] SetState_Notify_1()
2023-03-24_22:20:11 INFO [ Battle Maya ] Failed. No users at state 2
2023-03-24_22:20:11 INFO [ Battle Maya ] SetState_End()
2023-03-24_22:20:13 INFO [ Battle Maya ] SetState_EndCycle()
2023-03-24_22:20:13 INFO [ Battle Maya ] SetState_None()
2023-03-24_22:20:13 INFO SetState_End()
2023-03-24_22:20:13 INFO SetState_None()
2023-03-24_22:20:13 INFO [ Battle StandBy ] SetState_Start()
2023-03-24_22:20:13 INFO SetState_BattleStandBy()
2023-03-24_22:21:12 INFO [ Battle StandBy ] SetState_Notify()
2023-03-24_22:22:11 INFO [ Battle StandBy ] SetState_End()
2023-03-24_22:22:11 INFO [ Battle StandBy ] SetState_None()
2023-03-24_22:22:11 INFO [ Battle Maya ] SetState_StandBy_1()
2023-03-24_22:22:11 INFO SetState_BattleOfMaya()
2023-03-24_22:24:10 INFO [ Battle Maya ] SetState_Notify_1()
2023-03-24_22:24:10 INFO [ Battle Maya ] Failed. No users at state 2
2023-03-24_22:24:10 INFO [ Battle Maya ] SetState_End()
2023-03-24_22:24:12 INFO [ Battle Maya ] SetState_EndCycle()
2023-03-24_22:24:12 INFO [ Battle Maya ] SetState_None()
2023-03-24_22:24:12 INFO SetState_End()
2023-03-24_22:24:12 INFO SetState_None()
2023-03-24_22:24:12 INFO [ Battle StandBy ] SetState_Start()
2023-03-24_22:24:12 INFO SetState_BattleStandBy()
2023-03-24_22:25:11 INFO [ Battle StandBy ] SetState_Notify()
2023-03-24_22:26:10 INFO [ Battle StandBy ] SetState_End()
2023-03-24_22:26:10 INFO [ Battle StandBy ] SetState_None()
2023-03-24_22:26:10 INFO [ Battle Maya ] SetState_StandBy_1()
2023-03-24_22:26:10 INFO SetState_BattleOfMaya()
2023-03-24_22:28:09 INFO [ Battle Maya ] SetState_Notify_1()
2023-03-24_22:28:09 INFO [ Battle Maya ] Failed. No users at state 2
2023-03-24_22:28:09 INFO [ Battle Maya ] SetState_End()
2023-03-24_22:28:11 INFO [ Battle Maya ] SetState_EndCycle()
2023-03-24_22:28:12 INFO [ Battle Maya ] SetState_None()
2023-03-24_22:28:12 INFO SetState_End()
2023-03-24_22:28:12 INFO SetState_None()
2023-03-24_22:28:12 INFO [ Battle StandBy ] SetState_Start()
2023-03-24_22:28:12 INFO SetState_BattleStandBy()
2023-03-24_22:29:11 INFO [ Battle StandBy ] SetState_Notify()
2023-03-24_22:30:10 INFO [ Battle StandBy ] SetState_End()
2023-03-24_22:30:10 INFO [ Battle StandBy ] SetState_None()
2023-03-24_22:30:10 INFO [ Battle Maya ] SetState_StandBy_1()
2023-03-24_22:30:10 INFO SetState_BattleOfMaya()
2023-03-24_22:32:09 INFO [ Battle Maya ] SetState_Notify_1()
2023-03-24_22:32:09 INFO [ Battle Maya ] Failed. No users at state 2
2023-03-24_22:32:09 INFO [ Battle Maya ] SetState_End()
2023-03-24_22:32:11 INFO [ Battle Maya ] SetState_EndCycle()
2023-03-24_22:32:11 INFO [ Battle Maya ] SetState_None()
2023-03-24_22:32:11 INFO SetState_End()
2023-03-24_22:32:11 INFO SetState_None()
2023-03-24_22:32:11 INFO [ Battle StandBy ] SetState_Start()
2023-03-24_22:32:11 INFO SetState_BattleStandBy()
2023-03-24_22:33:10 INFO [ Battle StandBy ] SetState_Notify()
2023-03-24_22:34:09 INFO [ Battle StandBy ] SetState_End()
2023-03-24_22:34:09 INFO [ Battle StandBy ] SetState_None()
2023-03-24_22:34:09 INFO [ Battle Maya ] SetState_StandBy_1()
2023-03-24_22:34:09 INFO SetState_BattleOfMaya()
2023-03-24_22:36:08 INFO [ Battle Maya ] SetState_Notify_1()
2023-03-24_22:36:08 INFO [ Battle Maya ] Failed. No users at state 2
2023-03-24_22:36:08 INFO [ Battle Maya ] SetState_End()
2023-03-24_22:36:10 INFO [ Battle Maya ] SetState_EndCycle()
2023-03-24_22:36:10 INFO [ Battle Maya ] SetState_None()
2023-03-24_22:36:10 INFO SetState_End()
2023-03-24_22:36:11 INFO SetState_None()
2023-03-24_22:36:11 INFO [ Battle StandBy ] SetState_Start()
2023-03-24_22:36:11 INFO SetState_BattleStandBy()
2023-03-24_22:37:10 INFO [ Battle StandBy ] SetState_Notify()
2023-03-24_22:38:09 INFO [ Battle StandBy ] SetState_End()
2023-03-24_22:38:09 INFO [ Battle StandBy ] SetState_None()
2023-03-24_22:38:09 INFO [ Battle Maya ] SetState_StandBy_1()
2023-03-24_22:38:09 INFO SetState_BattleOfMaya()
2023-03-24_22:40:08 INFO [ Battle Maya ] SetState_Notify_1()
2023-03-24_22:40:08 INFO [ Battle Maya ] Failed. No users at state 2
2023-03-24_22:40:08 INFO [ Battle Maya ] SetState_End()
2023-03-24_22:40:10 INFO [ Battle Maya ] SetState_EndCycle()
2023-03-24_22:40:10 INFO [ Battle Maya ] SetState_None()
2023-03-24_22:40:10 INFO SetState_End()
2023-03-24_22:40:10 INFO SetState_None()
2023-03-24_22:40:10 INFO [ Battle StandBy ] SetState_Start()
2023-03-24_22:40:10 INFO SetState_BattleStandBy()
2023-03-24_22:41:09 INFO [ Battle StandBy ] SetState_Notify()
2023-03-24_22:42:08 INFO [ Battle StandBy ] SetState_End()
2023-03-24_22:42:08 INFO [ Battle StandBy ] SetState_None()
2023-03-24_22:42:08 INFO [ Battle Maya ] SetState_StandBy_1()
2023-03-24_22:42:08 INFO SetState_BattleOfMaya()
2023-03-24_22:44:07 INFO [ Battle Maya ] SetState_Notify_1()
2023-03-24_22:44:07 INFO [ Battle Maya ] Failed. No users at state 2
2023-03-24_22:44:07 INFO [ Battle Maya ] SetState_End()
2023-03-24_22:44:09 INFO [ Battle Maya ] SetState_EndCycle()
2023-03-24_22:44:09 INFO [ Battle Maya ] SetState_None()
2023-03-24_22:44:09 INFO SetState_End()
2023-03-24_22:44:09 INFO SetState_None()
2023-03-24_22:44:09 INFO [ Battle StandBy ] SetState_Start()
2023-03-24_22:44:09 INFO SetState_BattleStandBy()
2023-03-24_22:45:08 INFO [ Battle StandBy ] SetState_Notify()
2023-03-24_22:46:07 INFO [ Battle StandBy ] SetState_End()
2023-03-24_22:46:07 INFO [ Battle StandBy ] SetState_None()
2023-03-24_22:46:07 INFO [ Battle Maya ] SetState_StandBy_1()
2023-03-24_22:46:07 INFO SetState_BattleOfMaya()
2023-03-24_22:48:06 INFO [ Battle Maya ] SetState_Notify_1()
2023-03-24_22:48:06 INFO [ Battle Maya ] Failed. No users at state 2
2023-03-24_22:48:06 INFO [ Battle Maya ] SetState_End()
2023-03-24_22:48:08 INFO [ Battle Maya ] SetState_EndCycle()
2023-03-24_22:48:09 INFO [ Battle Maya ] SetState_None()
2023-03-24_22:48:09 INFO SetState_End()
2023-03-24_22:48:09 INFO SetState_None()
2023-03-24_22:48:09 INFO [ Battle StandBy ] SetState_Start()
2023-03-24_22:48:09 INFO SetState_BattleStandBy()
2023-03-24_22:49:08 INFO [ Battle StandBy ] SetState_Notify()
2023-03-24_22:50:07 INFO [ Battle StandBy ] SetState_End()
2023-03-24_22:50:07 INFO [ Battle StandBy ] SetState_None()
2023-03-24_22:50:07 INFO [ Battle Maya ] SetState_StandBy_1()
2023-03-24_22:50:07 INFO SetState_BattleOfMaya()
2023-03-24_22:52:06 INFO [ Battle Maya ] SetState_Notify_1()
2023-03-24_22:52:06 INFO [ Battle Maya ] Failed. No users at state 2
2023-03-24_22:52:06 INFO [ Battle Maya ] SetState_End()
2023-03-24_22:52:08 INFO [ Battle Maya ] SetState_EndCycle()
2023-03-24_22:52:08 INFO [ Battle Maya ] SetState_None()
2023-03-24_22:52:08 INFO SetState_End()
2023-03-24_22:52:08 INFO SetState_None()
2023-03-24_22:52:08 INFO [ Battle StandBy ] SetState_Start()
2023-03-24_22:52:08 INFO SetState_BattleStandBy()
2023-03-24_22:53:07 INFO [ Battle StandBy ] SetState_Notify()
2023-03-24_22:54:06 INFO [ Battle StandBy ] SetState_End()
2023-03-24_22:54:06 INFO [ Battle StandBy ] SetState_None()
2023-03-24_22:54:06 INFO [ Battle Maya ] SetState_StandBy_1()
2023-03-24_22:54:06 INFO SetState_BattleOfMaya()
2023-03-24_22:56:05 INFO [ Battle Maya ] SetState_Notify_1()
2023-03-24_22:56:05 INFO [ Battle Maya ] Failed. No users at state 2
2023-03-24_22:56:05 INFO [ Battle Maya ] SetState_End()
2023-03-24_22:56:07 INFO [ Battle Maya ] SetState_EndCycle()
2023-03-24_22:56:07 INFO [ Battle Maya ] SetState_None()
2023-03-24_22:56:07 INFO SetState_End()
2023-03-24_22:56:07 INFO SetState_None()
2023-03-24_22:56:07 INFO [ Battle StandBy ] SetState_Start()
2023-03-24_22:56:07 INFO SetState_BattleStandBy()
2023-03-24_22:57:06 INFO [ Battle StandBy ] SetState_Notify()
2023-03-24_22:58:05 INFO [ Battle StandBy ] SetState_End()
2023-03-24_22:58:05 INFO [ Battle StandBy ] SetState_None()
2023-03-24_22:58:05 INFO [ Battle Maya ] SetState_StandBy_1()
2023-03-24_22:58:05 INFO SetState_BattleOfMaya()
2023-03-24_23:00:05 INFO [ Battle Maya ] SetState_Notify_1()
2023-03-24_23:00:05 INFO [ Battle Maya ] Failed. No users at state 2
2023-03-24_23:00:05 INFO [ Battle Maya ] SetState_End()
2023-03-24_23:00:07 INFO [ Battle Maya ] SetState_EndCycle()
2023-03-24_23:00:07 INFO [ Battle Maya ] SetState_None()
2023-03-24_23:00:07 INFO SetState_End()
2023-03-24_23:00:07 INFO SetState_None()
2023-03-24_23:00:07 INFO [ Battle StandBy ] SetState_Start()
2023-03-24_23:00:07 INFO SetState_BattleStandBy()
2023-03-24_23:01:06 INFO [ Battle StandBy ] SetState_Notify()
2023-03-24_23:02:20 INFO [ Battle StandBy ] SetState_End()
2023-03-24_23:02:21 INFO [ Battle StandBy ] SetState_None()
2023-03-24_23:02:21 INFO [ Battle Maya ] SetState_StandBy_1()
2023-03-24_23:02:21 INFO SetState_BattleOfMaya()
