2023-04-08_18:41:22 INFO [ Battle StandBy ] SetState_Start()
2023-04-08_18:41:22 INFO SetState_BattleStandBy()
2023-04-08_18:42:21 INFO [ Battle StandBy ] SetState_Notify()
2023-04-08_18:43:20 INFO [ Battle StandBy ] SetState_End()
2023-04-08_18:43:20 INFO [ Battle StandBy ] SetState_None()
2023-04-08_18:43:20 INFO [ Battle Maya ] SetState_StandBy_1()
2023-04-08_18:43:20 INFO SetState_BattleOfMaya()
2023-04-08_18:45:19 INFO [ Battle Maya ] SetState_Notify_1()
2023-04-08_18:45:19 INFO [ Battle Maya ] Failed. No users at state 2
2023-04-08_18:45:19 INFO [ Battle Maya ] SetState_End()
2023-04-08_18:45:21 INFO [ Battle Maya ] SetState_EndCycle()
2023-04-08_18:45:21 INFO [ Battle Maya ] SetState_None()
2023-04-08_18:45:21 INFO SetState_End()
2023-04-08_18:45:21 INFO SetState_None()
2023-04-08_18:45:21 INFO [ Battle StandBy ] SetState_Start()
2023-04-08_18:45:21 INFO SetState_BattleStandBy()
2023-04-08_18:46:20 INFO [ Battle StandBy ] SetState_Notify()
2023-04-08_18:47:19 INFO [ Battle StandBy ] SetState_End()
2023-04-08_18:47:19 INFO [ Battle StandBy ] SetState_None()
2023-04-08_18:47:19 INFO [ Battle Maya ] SetState_StandBy_1()
2023-04-08_18:47:19 INFO SetState_BattleOfMaya()
2023-04-08_18:49:18 INFO [ Battle Maya ] SetState_Notify_1()
2023-04-08_18:49:18 INFO [ Battle Maya ] Failed. No users at state 2
2023-04-08_18:49:18 INFO [ Battle Maya ] SetState_End()
2023-04-08_18:49:20 INFO [ Battle Maya ] SetState_EndCycle()
2023-04-08_18:49:20 INFO [ Battle Maya ] SetState_None()
2023-04-08_18:49:20 INFO SetState_End()
2023-04-08_18:49:20 INFO SetState_None()
2023-04-08_18:49:20 INFO [ Battle StandBy ] SetState_Start()
2023-04-08_18:49:20 INFO SetState_BattleStandBy()
2023-04-08_18:50:19 INFO [ Battle StandBy ] SetState_Notify()
2023-04-08_18:51:18 INFO [ Battle StandBy ] SetState_End()
2023-04-08_18:51:18 INFO [ Battle StandBy ] SetState_None()
2023-04-08_18:51:18 INFO [ Battle Maya ] SetState_StandBy_1()
2023-04-08_18:51:18 INFO SetState_BattleOfMaya()
2023-04-08_18:53:17 INFO [ Battle Maya ] SetState_Notify_1()
2023-04-08_18:53:17 INFO [ Battle Maya ] Failed. No users at state 2
2023-04-08_18:53:17 INFO [ Battle Maya ] SetState_End()
2023-04-08_18:53:20 INFO [ Battle Maya ] SetState_EndCycle()
2023-04-08_18:53:20 INFO [ Battle Maya ] SetState_None()
2023-04-08_18:53:20 INFO SetState_End()
2023-04-08_18:53:20 INFO SetState_None()
2023-04-08_18:53:20 INFO [ Battle StandBy ] SetState_Start()
2023-04-08_18:53:20 INFO SetState_BattleStandBy()
2023-04-08_18:54:19 INFO [ Battle StandBy ] SetState_Notify()
2023-04-08_18:55:18 INFO [ Battle StandBy ] SetState_End()
2023-04-08_18:55:18 INFO [ Battle StandBy ] SetState_None()
2023-04-08_18:55:18 INFO [ Battle Maya ] SetState_StandBy_1()
2023-04-08_18:55:18 INFO SetState_BattleOfMaya()
2023-04-08_18:57:17 INFO [ Battle Maya ] SetState_Notify_1()
2023-04-08_18:57:17 INFO [ Battle Maya ] Failed. No users at state 2
2023-04-08_18:57:17 INFO [ Battle Maya ] SetState_End()
2023-04-08_18:57:19 INFO [ Battle Maya ] SetState_EndCycle()
2023-04-08_18:57:19 INFO [ Battle Maya ] SetState_None()
2023-04-08_18:57:19 INFO SetState_End()
2023-04-08_18:57:19 INFO SetState_None()
2023-04-08_18:57:19 INFO [ Battle StandBy ] SetState_Start()
2023-04-08_18:57:19 INFO SetState_BattleStandBy()
2023-04-08_18:58:18 INFO [ Battle StandBy ] SetState_Notify()
2023-04-08_18:59:17 INFO [ Battle StandBy ] SetState_End()
2023-04-08_18:59:17 INFO [ Battle StandBy ] SetState_None()
2023-04-08_18:59:17 INFO [ Battle Maya ] SetState_StandBy_1()
2023-04-08_18:59:17 INFO SetState_BattleOfMaya()
2023-04-08_19:01:16 INFO [ Battle Maya ] SetState_Notify_1()
2023-04-08_19:01:16 INFO [ Battle Maya ] Failed. No users at state 2
2023-04-08_19:01:16 INFO [ Battle Maya ] SetState_End()
2023-04-08_19:01:18 INFO [ Battle Maya ] SetState_EndCycle()
2023-04-08_19:01:18 INFO [ Battle Maya ] SetState_None()
2023-04-08_19:01:18 INFO SetState_End()
2023-04-08_19:01:18 INFO SetState_None()
2023-04-08_19:01:18 INFO [ Battle StandBy ] SetState_Start()
2023-04-08_19:01:18 INFO SetState_BattleStandBy()
2023-04-08_19:02:17 INFO [ Battle StandBy ] SetState_Notify()
2023-04-08_19:03:16 INFO [ Battle StandBy ] SetState_End()
2023-04-08_19:03:16 INFO [ Battle StandBy ] SetState_None()
2023-04-08_19:03:16 INFO [ Battle Maya ] SetState_StandBy_1()
2023-04-08_19:03:16 INFO SetState_BattleOfMaya()
2023-04-08_19:05:15 INFO [ Battle Maya ] SetState_Notify_1()
2023-04-08_19:05:15 INFO [ Battle Maya ] Failed. No users at state 2
2023-04-08_19:05:15 INFO [ Battle Maya ] SetState_End()
2023-04-08_19:05:17 INFO [ Battle Maya ] SetState_EndCycle()
2023-04-08_19:05:18 INFO [ Battle Maya ] SetState_None()
2023-04-08_19:05:18 INFO SetState_End()
2023-04-08_19:05:18 INFO SetState_None()
2023-04-08_19:05:18 INFO [ Battle StandBy ] SetState_Start()
2023-04-08_19:05:18 INFO SetState_BattleStandBy()
2023-04-08_19:06:17 INFO [ Battle StandBy ] SetState_Notify()
2023-04-08_19:07:16 INFO [ Battle StandBy ] SetState_End()
2023-04-08_19:07:16 INFO [ Battle StandBy ] SetState_None()
2023-04-08_19:07:16 INFO [ Battle Maya ] SetState_StandBy_1()
2023-04-08_19:07:16 INFO SetState_BattleOfMaya()
2023-04-08_19:09:15 INFO [ Battle Maya ] SetState_Notify_1()
2023-04-08_19:09:15 INFO [ Battle Maya ] Failed. No users at state 2
2023-04-08_19:09:15 INFO [ Battle Maya ] SetState_End()
2023-04-08_19:09:17 INFO [ Battle Maya ] SetState_EndCycle()
2023-04-08_19:09:17 INFO [ Battle Maya ] SetState_None()
2023-04-08_19:09:17 INFO SetState_End()
2023-04-08_19:09:17 INFO SetState_None()
2023-04-08_19:09:17 INFO [ Battle StandBy ] SetState_Start()
2023-04-08_19:09:17 INFO SetState_BattleStandBy()
2023-04-08_19:10:16 INFO [ Battle StandBy ] SetState_Notify()
2023-04-08_19:11:15 INFO [ Battle StandBy ] SetState_End()
2023-04-08_19:11:15 INFO [ Battle StandBy ] SetState_None()
2023-04-08_19:11:15 INFO [ Battle Maya ] SetState_StandBy_1()
2023-04-08_19:11:15 INFO SetState_BattleOfMaya()
2023-04-08_19:13:14 INFO [ Battle Maya ] SetState_Notify_1()
2023-04-08_19:13:14 INFO [ Battle Maya ] Failed. No users at state 2
2023-04-08_19:13:14 INFO [ Battle Maya ] SetState_End()
2023-04-08_19:13:16 INFO [ Battle Maya ] SetState_EndCycle()
2023-04-08_19:13:16 INFO [ Battle Maya ] SetState_None()
2023-04-08_19:13:16 INFO SetState_End()
2023-04-08_19:13:16 INFO SetState_None()
2023-04-08_19:13:16 INFO [ Battle StandBy ] SetState_Start()
2023-04-08_19:13:16 INFO SetState_BattleStandBy()
2023-04-08_19:14:15 INFO [ Battle StandBy ] SetState_Notify()
2023-04-08_19:15:14 INFO [ Battle StandBy ] SetState_End()
2023-04-08_19:15:15 INFO [ Battle StandBy ] SetState_None()
2023-04-08_19:15:15 INFO [ Battle Maya ] SetState_StandBy_1()
2023-04-08_19:15:15 INFO SetState_BattleOfMaya()
2023-04-08_19:17:14 INFO [ Battle Maya ] SetState_Notify_1()
2023-04-08_19:17:14 INFO [ Battle Maya ] Failed. No users at state 2
2023-04-08_19:17:14 INFO [ Battle Maya ] SetState_End()
2023-04-08_19:17:16 INFO [ Battle Maya ] SetState_EndCycle()
2023-04-08_19:17:16 INFO [ Battle Maya ] SetState_None()
2023-04-08_19:17:16 INFO SetState_End()
2023-04-08_19:17:16 INFO SetState_None()
2023-04-08_19:17:16 INFO [ Battle StandBy ] SetState_Start()
2023-04-08_19:17:16 INFO SetState_BattleStandBy()
2023-04-08_19:18:15 INFO [ Battle StandBy ] SetState_Notify()
2023-04-08_19:19:14 INFO [ Battle StandBy ] SetState_End()
2023-04-08_19:19:14 INFO [ Battle StandBy ] SetState_None()
2023-04-08_19:19:14 INFO [ Battle Maya ] SetState_StandBy_1()
2023-04-08_19:19:14 INFO SetState_BattleOfMaya()
2023-04-08_19:21:13 INFO [ Battle Maya ] SetState_Notify_1()
2023-04-08_19:21:13 INFO [ Battle Maya ] Failed. No users at state 2
2023-04-08_19:21:13 INFO [ Battle Maya ] SetState_End()
2023-04-08_19:21:15 INFO [ Battle Maya ] SetState_EndCycle()
2023-04-08_19:21:15 INFO [ Battle Maya ] SetState_None()
2023-04-08_19:21:15 INFO SetState_End()
2023-04-08_19:21:15 INFO SetState_None()
2023-04-08_19:21:15 INFO [ Battle StandBy ] SetState_Start()
2023-04-08_19:21:15 INFO SetState_BattleStandBy()
2023-04-08_19:22:14 INFO [ Battle StandBy ] SetState_Notify()
2023-04-08_19:23:13 INFO [ Battle StandBy ] SetState_End()
2023-04-08_19:23:13 INFO [ Battle StandBy ] SetState_None()
2023-04-08_19:23:13 INFO [ Battle Maya ] SetState_StandBy_1()
2023-04-08_19:23:13 INFO SetState_BattleOfMaya()
2023-04-08_19:25:12 INFO [ Battle Maya ] SetState_Notify_1()
2023-04-08_19:25:12 INFO [ Battle Maya ] Failed. No users at state 2
2023-04-08_19:25:12 INFO [ Battle Maya ] SetState_End()
2023-04-08_19:25:14 INFO [ Battle Maya ] SetState_EndCycle()
2023-04-08_19:25:14 INFO [ Battle Maya ] SetState_None()
2023-04-08_19:25:14 INFO SetState_End()
2023-04-08_19:25:14 INFO SetState_None()
2023-04-08_19:25:14 INFO [ Battle StandBy ] SetState_Start()
2023-04-08_19:25:14 INFO SetState_BattleStandBy()
2023-04-08_19:26:13 INFO [ Battle StandBy ] SetState_Notify()
2023-04-08_19:27:12 INFO [ Battle StandBy ] SetState_End()
2023-04-08_19:27:13 INFO [ Battle StandBy ] SetState_None()
2023-04-08_19:27:13 INFO [ Battle Maya ] SetState_StandBy_1()
2023-04-08_19:27:13 INFO SetState_BattleOfMaya()
2023-04-08_19:29:12 INFO [ Battle Maya ] SetState_Notify_1()
2023-04-08_19:29:12 INFO [ Battle Maya ] Failed. No users at state 2
2023-04-08_19:29:12 INFO [ Battle Maya ] SetState_End()
2023-04-08_19:29:14 INFO [ Battle Maya ] SetState_EndCycle()
2023-04-08_19:29:14 INFO [ Battle Maya ] SetState_None()
2023-04-08_19:29:14 INFO SetState_End()
2023-04-08_19:29:14 INFO SetState_None()
2023-04-08_19:29:14 INFO [ Battle StandBy ] SetState_Start()
2023-04-08_19:29:14 INFO SetState_BattleStandBy()
2023-04-08_19:30:13 INFO [ Battle StandBy ] SetState_Notify()
2023-04-08_19:31:12 INFO [ Battle StandBy ] SetState_End()
2023-04-08_19:31:12 INFO [ Battle StandBy ] SetState_None()
2023-04-08_19:31:12 INFO [ Battle Maya ] SetState_StandBy_1()
2023-04-08_19:31:12 INFO SetState_BattleOfMaya()
2023-04-08_19:33:11 INFO [ Battle Maya ] SetState_Notify_1()
2023-04-08_19:33:11 INFO [ Battle Maya ] Failed. No users at state 2
2023-04-08_19:33:11 INFO [ Battle Maya ] SetState_End()
2023-04-08_19:33:13 INFO [ Battle Maya ] SetState_EndCycle()
2023-04-08_19:33:13 INFO [ Battle Maya ] SetState_None()
2023-04-08_19:33:13 INFO SetState_End()
2023-04-08_19:33:13 INFO SetState_None()
2023-04-08_19:33:13 INFO [ Battle StandBy ] SetState_Start()
2023-04-08_19:33:13 INFO SetState_BattleStandBy()
2023-04-08_19:34:12 INFO [ Battle StandBy ] SetState_Notify()
2023-04-08_19:35:11 INFO [ Battle StandBy ] SetState_End()
2023-04-08_19:35:11 INFO [ Battle StandBy ] SetState_None()
2023-04-08_19:35:11 INFO [ Battle Maya ] SetState_StandBy_1()
2023-04-08_19:35:11 INFO SetState_BattleOfMaya()
2023-04-08_19:37:10 INFO [ Battle Maya ] SetState_Notify_1()
2023-04-08_19:37:10 INFO [ Battle Maya ] Failed. No users at state 2
2023-04-08_19:37:10 INFO [ Battle Maya ] SetState_End()
2023-04-08_19:37:12 INFO [ Battle Maya ] SetState_EndCycle()
2023-04-08_19:37:12 INFO [ Battle Maya ] SetState_None()
2023-04-08_19:37:12 INFO SetState_End()
2023-04-08_19:37:13 INFO SetState_None()
2023-04-08_19:37:13 INFO [ Battle StandBy ] SetState_Start()
2023-04-08_19:37:13 INFO SetState_BattleStandBy()
2023-04-08_19:38:12 INFO [ Battle StandBy ] SetState_Notify()
2023-04-08_19:39:11 INFO [ Battle StandBy ] SetState_End()
2023-04-08_19:39:11 INFO [ Battle StandBy ] SetState_None()
2023-04-08_19:39:11 INFO [ Battle Maya ] SetState_StandBy_1()
2023-04-08_19:39:11 INFO SetState_BattleOfMaya()
2023-04-08_19:41:10 INFO [ Battle Maya ] SetState_Notify_1()
2023-04-08_19:41:10 INFO [ Battle Maya ] Failed. No users at state 2
2023-04-08_19:41:10 INFO [ Battle Maya ] SetState_End()
2023-04-08_19:41:12 INFO [ Battle Maya ] SetState_EndCycle()
2023-04-08_19:41:12 INFO [ Battle Maya ] SetState_None()
2023-04-08_19:41:12 INFO SetState_End()
2023-04-08_19:41:12 INFO SetState_None()
2023-04-08_19:41:12 INFO [ Battle StandBy ] SetState_Start()
2023-04-08_19:41:12 INFO SetState_BattleStandBy()
2023-04-08_19:42:11 INFO [ Battle StandBy ] SetState_Notify()
2023-04-08_19:43:10 INFO [ Battle StandBy ] SetState_End()
2023-04-08_19:43:10 INFO [ Battle StandBy ] SetState_None()
2023-04-08_19:43:10 INFO [ Battle Maya ] SetState_StandBy_1()
2023-04-08_19:43:10 INFO SetState_BattleOfMaya()
2023-04-08_19:45:09 INFO [ Battle Maya ] SetState_Notify_1()
2023-04-08_19:45:09 INFO [ Battle Maya ] Failed. No users at state 2
2023-04-08_19:45:09 INFO [ Battle Maya ] SetState_End()
2023-04-08_19:45:11 INFO [ Battle Maya ] SetState_EndCycle()
2023-04-08_19:45:11 INFO [ Battle Maya ] SetState_None()
2023-04-08_19:45:11 INFO SetState_End()
2023-04-08_19:45:11 INFO SetState_None()
2023-04-08_19:45:11 INFO [ Battle StandBy ] SetState_Start()
2023-04-08_19:45:11 INFO SetState_BattleStandBy()
2023-04-08_19:46:10 INFO [ Battle StandBy ] SetState_Notify()
2023-04-08_19:47:09 INFO [ Battle StandBy ] SetState_End()
2023-04-08_19:47:09 INFO [ Battle StandBy ] SetState_None()
2023-04-08_19:47:09 INFO [ Battle Maya ] SetState_StandBy_1()
2023-04-08_19:47:09 INFO SetState_BattleOfMaya()
2023-04-08_19:49:08 INFO [ Battle Maya ] SetState_Notify_1()
2023-04-08_19:49:08 INFO [ Battle Maya ] Failed. No users at state 2
2023-04-08_19:49:08 INFO [ Battle Maya ] SetState_End()
2023-04-08_19:49:10 INFO [ Battle Maya ] SetState_EndCycle()
2023-04-08_19:49:11 INFO [ Battle Maya ] SetState_None()
2023-04-08_19:49:11 INFO SetState_End()
2023-04-08_19:49:11 INFO SetState_None()
2023-04-08_19:49:11 INFO [ Battle StandBy ] SetState_Start()
2023-04-08_19:49:11 INFO SetState_BattleStandBy()
2023-04-08_19:50:10 INFO [ Battle StandBy ] SetState_Notify()
2023-04-08_19:51:09 INFO [ Battle StandBy ] SetState_End()
2023-04-08_19:51:09 INFO [ Battle StandBy ] SetState_None()
2023-04-08_19:51:09 INFO [ Battle Maya ] SetState_StandBy_1()
2023-04-08_19:51:09 INFO SetState_BattleOfMaya()
2023-04-08_19:53:08 INFO [ Battle Maya ] SetState_Notify_1()
2023-04-08_19:53:08 INFO [ Battle Maya ] Failed. No users at state 2
2023-04-08_19:53:08 INFO [ Battle Maya ] SetState_End()
2023-04-08_19:53:10 INFO [ Battle Maya ] SetState_EndCycle()
2023-04-08_19:53:10 INFO [ Battle Maya ] SetState_None()
2023-04-08_19:53:10 INFO SetState_End()
2023-04-08_19:53:10 INFO SetState_None()
2023-04-08_19:53:10 INFO [ Battle StandBy ] SetState_Start()
2023-04-08_19:53:10 INFO SetState_BattleStandBy()
2023-04-08_19:54:09 INFO [ Battle StandBy ] SetState_Notify()
2023-04-08_19:55:08 INFO [ Battle StandBy ] SetState_End()
2023-04-08_19:55:08 INFO [ Battle StandBy ] SetState_None()
2023-04-08_19:55:08 INFO [ Battle Maya ] SetState_StandBy_1()
2023-04-08_19:55:08 INFO SetState_BattleOfMaya()
2023-04-08_19:57:07 INFO [ Battle Maya ] SetState_Notify_1()
2023-04-08_19:57:07 INFO [ Battle Maya ] Failed. No users at state 2
2023-04-08_19:57:07 INFO [ Battle Maya ] SetState_End()
2023-04-08_19:57:09 INFO [ Battle Maya ] SetState_EndCycle()
2023-04-08_19:57:09 INFO [ Battle Maya ] SetState_None()
2023-04-08_19:57:09 INFO SetState_End()
2023-04-08_19:57:09 INFO SetState_None()
2023-04-08_19:57:09 INFO [ Battle StandBy ] SetState_Start()
2023-04-08_19:57:09 INFO SetState_BattleStandBy()
2023-04-08_19:58:08 INFO [ Battle StandBy ] SetState_Notify()
2023-04-08_19:59:07 INFO [ Battle StandBy ] SetState_End()
2023-04-08_19:59:07 INFO [ Battle StandBy ] SetState_None()
2023-04-08_19:59:07 INFO [ Battle Maya ] SetState_StandBy_1()
2023-04-08_19:59:07 INFO SetState_BattleOfMaya()
2023-04-08_20:01:06 INFO [ Battle Maya ] SetState_Notify_1()
2023-04-08_20:01:06 INFO [ Battle Maya ] Failed. No users at state 2
2023-04-08_20:01:06 INFO [ Battle Maya ] SetState_End()
2023-04-08_20:01:09 INFO [ Battle Maya ] SetState_EndCycle()
2023-04-08_20:01:09 INFO [ Battle Maya ] SetState_None()
2023-04-08_20:01:09 INFO SetState_End()
2023-04-08_20:01:09 INFO SetState_None()
2023-04-08_20:01:09 INFO [ Battle StandBy ] SetState_Start()
2023-04-08_20:01:09 INFO SetState_BattleStandBy()
2023-04-08_20:02:08 INFO [ Battle StandBy ] SetState_Notify()
2023-04-08_20:03:07 INFO [ Battle StandBy ] SetState_End()
2023-04-08_20:03:07 INFO [ Battle StandBy ] SetState_None()
2023-04-08_20:03:07 INFO [ Battle Maya ] SetState_StandBy_1()
2023-04-08_20:03:07 INFO SetState_BattleOfMaya()
2023-04-08_20:05:06 INFO [ Battle Maya ] SetState_Notify_1()
2023-04-08_20:05:06 INFO [ Battle Maya ] Failed. No users at state 2
2023-04-08_20:05:06 INFO [ Battle Maya ] SetState_End()
2023-04-08_20:05:08 INFO [ Battle Maya ] SetState_EndCycle()
2023-04-08_20:05:08 INFO [ Battle Maya ] SetState_None()
2023-04-08_20:05:08 INFO SetState_End()
2023-04-08_20:05:08 INFO SetState_None()
2023-04-08_20:05:08 INFO [ Battle StandBy ] SetState_Start()
2023-04-08_20:05:08 INFO SetState_BattleStandBy()
2023-04-08_20:06:07 INFO [ Battle StandBy ] SetState_Notify()
2023-04-08_20:07:06 INFO [ Battle StandBy ] SetState_End()
2023-04-08_20:07:06 INFO [ Battle StandBy ] SetState_None()
2023-04-08_20:07:06 INFO [ Battle Maya ] SetState_StandBy_1()
2023-04-08_20:07:06 INFO SetState_BattleOfMaya()
2023-04-08_20:09:05 INFO [ Battle Maya ] SetState_Notify_1()
2023-04-08_20:09:05 INFO [ Battle Maya ] Failed. No users at state 2
2023-04-08_20:09:05 INFO [ Battle Maya ] SetState_End()
2023-04-08_20:09:07 INFO [ Battle Maya ] SetState_EndCycle()
2023-04-08_20:09:08 INFO [ Battle Maya ] SetState_None()
2023-04-08_20:09:08 INFO SetState_End()
2023-04-08_20:09:08 INFO SetState_None()
2023-04-08_20:09:08 INFO [ Battle StandBy ] SetState_Start()
2023-04-08_20:09:08 INFO SetState_BattleStandBy()
2023-04-08_20:10:07 INFO [ Battle StandBy ] SetState_Notify()
2023-04-08_20:11:06 INFO [ Battle StandBy ] SetState_End()
2023-04-08_20:11:06 INFO [ Battle StandBy ] SetState_None()
2023-04-08_20:11:06 INFO [ Battle Maya ] SetState_StandBy_1()
2023-04-08_20:11:06 INFO SetState_BattleOfMaya()
2023-04-08_20:13:05 INFO [ Battle Maya ] SetState_Notify_1()
2023-04-08_20:13:05 INFO [ Battle Maya ] Failed. No users at state 2
2023-04-08_20:13:05 INFO [ Battle Maya ] SetState_End()
2023-04-08_20:13:07 INFO [ Battle Maya ] SetState_EndCycle()
2023-04-08_20:13:07 INFO [ Battle Maya ] SetState_None()
2023-04-08_20:13:07 INFO SetState_End()
2023-04-08_20:13:07 INFO SetState_None()
2023-04-08_20:13:07 INFO [ Battle StandBy ] SetState_Start()
2023-04-08_20:13:07 INFO SetState_BattleStandBy()
2023-04-08_20:14:06 INFO [ Battle StandBy ] SetState_Notify()
2023-04-08_20:15:05 INFO [ Battle StandBy ] SetState_End()
2023-04-08_20:15:05 INFO [ Battle StandBy ] SetState_None()
2023-04-08_20:15:05 INFO [ Battle Maya ] SetState_StandBy_1()
2023-04-08_20:15:05 INFO SetState_BattleOfMaya()
2023-04-08_20:17:04 INFO [ Battle Maya ] SetState_Notify_1()
2023-04-08_20:17:04 INFO [ Battle Maya ] Failed. No users at state 2
2023-04-08_20:17:04 INFO [ Battle Maya ] SetState_End()
2023-04-08_20:17:06 INFO [ Battle Maya ] SetState_EndCycle()
2023-04-08_20:17:06 INFO [ Battle Maya ] SetState_None()
2023-04-08_20:17:06 INFO SetState_End()
2023-04-08_20:17:06 INFO SetState_None()
2023-04-08_20:17:06 INFO [ Battle StandBy ] SetState_Start()
2023-04-08_20:17:06 INFO SetState_BattleStandBy()
2023-04-08_20:18:05 INFO [ Battle StandBy ] SetState_Notify()
2023-04-08_20:19:04 INFO [ Battle StandBy ] SetState_End()
2023-04-08_20:19:05 INFO [ Battle StandBy ] SetState_None()
2023-04-08_20:19:05 INFO [ Battle Maya ] SetState_StandBy_1()
2023-04-08_20:19:05 INFO SetState_BattleOfMaya()
2023-04-08_20:21:04 INFO [ Battle Maya ] SetState_Notify_1()
2023-04-08_20:21:04 INFO [ Battle Maya ] Failed. No users at state 2
2023-04-08_20:21:04 INFO [ Battle Maya ] SetState_End()
2023-04-08_20:21:06 INFO [ Battle Maya ] SetState_EndCycle()
2023-04-08_20:21:06 INFO [ Battle Maya ] SetState_None()
2023-04-08_20:21:06 INFO SetState_End()
2023-04-08_20:21:06 INFO SetState_None()
2023-04-08_20:21:06 INFO [ Battle StandBy ] SetState_Start()
2023-04-08_20:21:06 INFO SetState_BattleStandBy()
2023-04-08_20:22:05 INFO [ Battle StandBy ] SetState_Notify()
2023-04-08_20:23:04 INFO [ Battle StandBy ] SetState_End()
2023-04-08_20:23:04 INFO [ Battle StandBy ] SetState_None()
2023-04-08_20:23:04 INFO [ Battle Maya ] SetState_StandBy_1()
2023-04-08_20:23:04 INFO SetState_BattleOfMaya()
2023-04-08_20:25:03 INFO [ Battle Maya ] SetState_Notify_1()
2023-04-08_20:25:03 INFO [ Battle Maya ] Failed. No users at state 2
2023-04-08_20:25:03 INFO [ Battle Maya ] SetState_End()
2023-04-08_20:25:05 INFO [ Battle Maya ] SetState_EndCycle()
2023-04-08_20:25:05 INFO [ Battle Maya ] SetState_None()
2023-04-08_20:25:05 INFO SetState_End()
2023-04-08_20:25:05 INFO SetState_None()
2023-04-08_20:25:05 INFO [ Battle StandBy ] SetState_Start()
2023-04-08_20:25:05 INFO SetState_BattleStandBy()
2023-04-08_20:26:04 INFO [ Battle StandBy ] SetState_Notify()
2023-04-08_20:27:03 INFO [ Battle StandBy ] SetState_End()
2023-04-08_20:27:03 INFO [ Battle StandBy ] SetState_None()
2023-04-08_20:27:03 INFO [ Battle Maya ] SetState_StandBy_1()
2023-04-08_20:27:03 INFO SetState_BattleOfMaya()
2023-04-08_20:29:02 INFO [ Battle Maya ] SetState_Notify_1()
2023-04-08_20:29:02 INFO [ Battle Maya ] Failed. No users at state 2
2023-04-08_20:29:02 INFO [ Battle Maya ] SetState_End()
2023-04-08_20:29:04 INFO [ Battle Maya ] SetState_EndCycle()
2023-04-08_20:29:04 INFO [ Battle Maya ] SetState_None()
2023-04-08_20:29:05 INFO SetState_End()
2023-04-08_20:29:05 INFO SetState_None()
2023-04-08_20:29:05 INFO [ Battle StandBy ] SetState_Start()
2023-04-08_20:29:05 INFO SetState_BattleStandBy()
2023-04-08_20:30:04 INFO [ Battle StandBy ] SetState_Notify()
2023-04-08_20:31:03 INFO [ Battle StandBy ] SetState_End()
2023-04-08_20:31:03 INFO [ Battle StandBy ] SetState_None()
2023-04-08_20:31:03 INFO [ Battle Maya ] SetState_StandBy_1()
2023-04-08_20:31:03 INFO SetState_BattleOfMaya()
2023-04-08_20:33:02 INFO [ Battle Maya ] SetState_Notify_1()
2023-04-08_20:33:02 INFO [ Battle Maya ] Failed. No users at state 2
2023-04-08_20:33:02 INFO [ Battle Maya ] SetState_End()
2023-04-08_20:33:04 INFO [ Battle Maya ] SetState_EndCycle()
2023-04-08_20:33:04 INFO [ Battle Maya ] SetState_None()
2023-04-08_20:33:04 INFO SetState_End()
2023-04-08_20:33:04 INFO SetState_None()
2023-04-08_20:33:04 INFO [ Battle StandBy ] SetState_Start()
2023-04-08_20:33:04 INFO SetState_BattleStandBy()
2023-04-08_20:34:03 INFO [ Battle StandBy ] SetState_Notify()
2023-04-08_20:35:02 INFO [ Battle StandBy ] SetState_End()
2023-04-08_20:35:02 INFO [ Battle StandBy ] SetState_None()
2023-04-08_20:35:02 INFO [ Battle Maya ] SetState_StandBy_1()
2023-04-08_20:35:02 INFO SetState_BattleOfMaya()
2023-04-08_20:37:01 INFO [ Battle Maya ] SetState_Notify_1()
2023-04-08_20:37:01 INFO [ Battle Maya ] Failed. No users at state 2
2023-04-08_20:37:01 INFO [ Battle Maya ] SetState_End()
2023-04-08_20:37:03 INFO [ Battle Maya ] SetState_EndCycle()
2023-04-08_20:37:03 INFO [ Battle Maya ] SetState_None()
2023-04-08_20:37:03 INFO SetState_End()
2023-04-08_20:37:04 INFO SetState_None()
2023-04-08_20:37:04 INFO [ Battle StandBy ] SetState_Start()
2023-04-08_20:37:04 INFO SetState_BattleStandBy()
2023-04-08_20:38:03 INFO [ Battle StandBy ] SetState_Notify()
2023-04-08_20:39:02 INFO [ Battle StandBy ] SetState_End()
2023-04-08_20:39:02 INFO [ Battle StandBy ] SetState_None()
2023-04-08_20:39:02 INFO [ Battle Maya ] SetState_StandBy_1()
2023-04-08_20:39:02 INFO SetState_BattleOfMaya()
2023-04-08_20:41:01 INFO [ Battle Maya ] SetState_Notify_1()
2023-04-08_20:41:01 INFO [ Battle Maya ] Failed. No users at state 2
2023-04-08_20:41:01 INFO [ Battle Maya ] SetState_End()
2023-04-08_20:41:03 INFO [ Battle Maya ] SetState_EndCycle()
2023-04-08_20:41:03 INFO [ Battle Maya ] SetState_None()
2023-04-08_20:41:03 INFO SetState_End()
2023-04-08_20:41:03 INFO SetState_None()
2023-04-08_20:41:03 INFO [ Battle StandBy ] SetState_Start()
2023-04-08_20:41:03 INFO SetState_BattleStandBy()
2023-04-08_20:42:02 INFO [ Battle StandBy ] SetState_Notify()
2023-04-08_20:43:01 INFO [ Battle StandBy ] SetState_End()
2023-04-08_20:43:01 INFO [ Battle StandBy ] SetState_None()
2023-04-08_20:43:01 INFO [ Battle Maya ] SetState_StandBy_1()
2023-04-08_20:43:01 INFO SetState_BattleOfMaya()
2023-04-08_20:45:00 INFO [ Battle Maya ] SetState_Notify_1()
2023-04-08_20:45:00 INFO [ Battle Maya ] Failed. No users at state 2
2023-04-08_20:45:00 INFO [ Battle Maya ] SetState_End()
2023-04-08_20:45:02 INFO [ Battle Maya ] SetState_EndCycle()
2023-04-08_20:45:02 INFO [ Battle Maya ] SetState_None()
2023-04-08_20:45:02 INFO SetState_End()
2023-04-08_20:45:03 INFO SetState_None()
2023-04-08_20:45:03 INFO [ Battle StandBy ] SetState_Start()
2023-04-08_20:45:03 INFO SetState_BattleStandBy()
2023-04-08_20:46:02 INFO [ Battle StandBy ] SetState_Notify()
2023-04-08_20:47:01 INFO [ Battle StandBy ] SetState_End()
2023-04-08_20:47:01 INFO [ Battle StandBy ] SetState_None()
2023-04-08_20:47:01 INFO [ Battle Maya ] SetState_StandBy_1()
2023-04-08_20:47:01 INFO SetState_BattleOfMaya()
2023-04-08_20:49:00 INFO [ Battle Maya ] SetState_Notify_1()
2023-04-08_20:49:00 INFO [ Battle Maya ] Failed. No users at state 2
2023-04-08_20:49:00 INFO [ Battle Maya ] SetState_End()
2023-04-08_20:49:02 INFO [ Battle Maya ] SetState_EndCycle()
2023-04-08_20:49:02 INFO [ Battle Maya ] SetState_None()
2023-04-08_20:49:02 INFO SetState_End()
2023-04-08_20:49:02 INFO SetState_None()
2023-04-08_20:49:02 INFO [ Battle StandBy ] SetState_Start()
2023-04-08_20:49:02 INFO SetState_BattleStandBy()
2023-04-08_20:50:01 INFO [ Battle StandBy ] SetState_Notify()
2023-04-08_20:51:00 INFO [ Battle StandBy ] SetState_End()
2023-04-08_20:51:00 INFO [ Battle StandBy ] SetState_None()
2023-04-08_20:51:00 INFO [ Battle Maya ] SetState_StandBy_1()
2023-04-08_20:51:00 INFO SetState_BattleOfMaya()
2023-04-08_20:52:59 INFO [ Battle Maya ] SetState_Notify_1()
2023-04-08_20:52:59 INFO [ Battle Maya ] Failed. No users at state 2
2023-04-08_20:52:59 INFO [ Battle Maya ] SetState_End()
2023-04-08_20:53:01 INFO [ Battle Maya ] SetState_EndCycle()
2023-04-08_20:53:01 INFO [ Battle Maya ] SetState_None()
2023-04-08_20:53:01 INFO SetState_End()
2023-04-08_20:53:01 INFO SetState_None()
2023-04-08_20:53:01 INFO [ Battle StandBy ] SetState_Start()
2023-04-08_20:53:01 INFO SetState_BattleStandBy()
2023-04-08_20:54:00 INFO [ Battle StandBy ] SetState_Notify()
2023-04-08_20:55:00 INFO [ Battle StandBy ] SetState_End()
2023-04-08_20:55:00 INFO [ Battle StandBy ] SetState_None()
2023-04-08_20:55:00 INFO [ Battle Maya ] SetState_StandBy_1()
2023-04-08_20:55:00 INFO SetState_BattleOfMaya()
2023-04-08_20:56:59 INFO [ Battle Maya ] SetState_Notify_1()
2023-04-08_20:56:59 INFO [ Battle Maya ] Failed. No users at state 2
2023-04-08_20:56:59 INFO [ Battle Maya ] SetState_End()
2023-04-08_20:57:01 INFO [ Battle Maya ] SetState_EndCycle()
2023-04-08_20:57:01 INFO [ Battle Maya ] SetState_None()
2023-04-08_20:57:01 INFO SetState_End()
2023-04-08_20:57:01 INFO SetState_None()
2023-04-08_20:57:01 INFO [ Battle StandBy ] SetState_Start()
2023-04-08_20:57:01 INFO SetState_BattleStandBy()
2023-04-08_20:58:00 INFO [ Battle StandBy ] SetState_Notify()
2023-04-08_20:58:59 INFO [ Battle StandBy ] SetState_End()
2023-04-08_20:58:59 INFO [ Battle StandBy ] SetState_None()
2023-04-08_20:58:59 INFO [ Battle Maya ] SetState_StandBy_1()
2023-04-08_20:58:59 INFO SetState_BattleOfMaya()
2023-04-08_21:00:58 INFO [ Battle Maya ] SetState_Notify_1()
2023-04-08_21:00:58 INFO [ Battle Maya ] Failed. No users at state 2
2023-04-08_21:00:58 INFO [ Battle Maya ] SetState_End()
2023-04-08_21:01:00 INFO [ Battle Maya ] SetState_EndCycle()
2023-04-08_21:01:00 INFO [ Battle Maya ] SetState_None()
2023-04-08_21:01:00 INFO SetState_End()
2023-04-08_21:01:00 INFO SetState_None()
2023-04-08_21:01:00 INFO [ Battle StandBy ] SetState_Start()
2023-04-08_21:01:00 INFO SetState_BattleStandBy()
2023-04-08_21:01:59 INFO [ Battle StandBy ] SetState_Notify()
2023-04-08_21:02:58 INFO [ Battle StandBy ] SetState_End()
2023-04-08_21:02:58 INFO [ Battle StandBy ] SetState_None()
2023-04-08_21:02:58 INFO [ Battle Maya ] SetState_StandBy_1()
2023-04-08_21:02:58 INFO SetState_BattleOfMaya()
2023-04-08_21:04:57 INFO [ Battle Maya ] SetState_Notify_1()
2023-04-08_21:04:57 INFO [ Battle Maya ] Failed. No users at state 2
2023-04-08_21:04:57 INFO [ Battle Maya ] SetState_End()
2023-04-08_21:05:00 INFO [ Battle Maya ] SetState_EndCycle()
2023-04-08_21:05:00 INFO [ Battle Maya ] SetState_None()
2023-04-08_21:05:00 INFO SetState_End()
2023-04-08_21:05:00 INFO SetState_None()
2023-04-08_21:05:00 INFO [ Battle StandBy ] SetState_Start()
2023-04-08_21:05:00 INFO SetState_BattleStandBy()
2023-04-08_21:05:59 INFO [ Battle StandBy ] SetState_Notify()
2023-04-08_21:06:58 INFO [ Battle StandBy ] SetState_End()
2023-04-08_21:06:58 INFO [ Battle StandBy ] SetState_None()
2023-04-08_21:06:58 INFO [ Battle Maya ] SetState_StandBy_1()
2023-04-08_21:06:58 INFO SetState_BattleOfMaya()
2023-04-08_21:08:57 INFO [ Battle Maya ] SetState_Notify_1()
2023-04-08_21:08:57 INFO [ Battle Maya ] Failed. No users at state 2
2023-04-08_21:08:57 INFO [ Battle Maya ] SetState_End()
2023-04-08_21:08:59 INFO [ Battle Maya ] SetState_EndCycle()
2023-04-08_21:08:59 INFO [ Battle Maya ] SetState_None()
2023-04-08_21:08:59 INFO SetState_End()
2023-04-08_21:08:59 INFO SetState_None()
2023-04-08_21:08:59 INFO [ Battle StandBy ] SetState_Start()
2023-04-08_21:08:59 INFO SetState_BattleStandBy()
2023-04-08_21:09:58 INFO [ Battle StandBy ] SetState_Notify()
2023-04-08_21:10:57 INFO [ Battle StandBy ] SetState_End()
2023-04-08_21:10:57 INFO [ Battle StandBy ] SetState_None()
2023-04-08_21:10:57 INFO [ Battle Maya ] SetState_StandBy_1()
2023-04-08_21:10:57 INFO SetState_BattleOfMaya()
2023-04-08_21:12:56 INFO [ Battle Maya ] SetState_Notify_1()
2023-04-08_21:12:56 INFO [ Battle Maya ] Failed. No users at state 2
2023-04-08_21:12:56 INFO [ Battle Maya ] SetState_End()
2023-04-08_21:12:59 INFO [ Battle Maya ] SetState_EndCycle()
2023-04-08_21:12:59 INFO [ Battle Maya ] SetState_None()
2023-04-08_21:12:59 INFO SetState_End()
2023-04-08_21:12:59 INFO SetState_None()
2023-04-08_21:12:59 INFO [ Battle StandBy ] SetState_Start()
2023-04-08_21:12:59 INFO SetState_BattleStandBy()
2023-04-08_21:13:58 INFO [ Battle StandBy ] SetState_Notify()
2023-04-08_21:14:57 INFO [ Battle StandBy ] SetState_End()
2023-04-08_21:14:57 INFO [ Battle StandBy ] SetState_None()
2023-04-08_21:14:57 INFO [ Battle Maya ] SetState_StandBy_1()
2023-04-08_21:14:57 INFO SetState_BattleOfMaya()
2023-04-08_21:16:56 INFO [ Battle Maya ] SetState_Notify_1()
2023-04-08_21:16:56 INFO [ Battle Maya ] Failed. No users at state 2
2023-04-08_21:16:56 INFO [ Battle Maya ] SetState_End()
2023-04-08_21:16:58 INFO [ Battle Maya ] SetState_EndCycle()
2023-04-08_21:16:58 INFO [ Battle Maya ] SetState_None()
2023-04-08_21:16:58 INFO SetState_End()
2023-04-08_21:16:58 INFO SetState_None()
2023-04-08_21:16:58 INFO [ Battle StandBy ] SetState_Start()
2023-04-08_21:16:58 INFO SetState_BattleStandBy()
2023-04-08_21:17:57 INFO [ Battle StandBy ] SetState_Notify()
2023-04-08_21:18:56 INFO [ Battle StandBy ] SetState_End()
2023-04-08_21:18:56 INFO [ Battle StandBy ] SetState_None()
2023-04-08_21:18:56 INFO [ Battle Maya ] SetState_StandBy_1()
2023-04-08_21:18:56 INFO SetState_BattleOfMaya()
2023-04-08_21:20:55 INFO [ Battle Maya ] SetState_Notify_1()
2023-04-08_21:20:55 INFO [ Battle Maya ] Failed. No users at state 2
2023-04-08_21:20:55 INFO [ Battle Maya ] SetState_End()
2023-04-08_21:20:57 INFO [ Battle Maya ] SetState_EndCycle()
2023-04-08_21:20:58 INFO [ Battle Maya ] SetState_None()
2023-04-08_21:20:58 INFO SetState_End()
2023-04-08_21:20:58 INFO SetState_None()
2023-04-08_21:20:58 INFO [ Battle StandBy ] SetState_Start()
2023-04-08_21:20:58 INFO SetState_BattleStandBy()
2023-04-08_21:21:57 INFO [ Battle StandBy ] SetState_Notify()
2023-04-08_21:22:56 INFO [ Battle StandBy ] SetState_End()
2023-04-08_21:22:56 INFO [ Battle StandBy ] SetState_None()
2023-04-08_21:22:56 INFO [ Battle Maya ] SetState_StandBy_1()
2023-04-08_21:22:56 INFO SetState_BattleOfMaya()
2023-04-08_21:24:55 INFO [ Battle Maya ] SetState_Notify_1()
2023-04-08_21:24:55 INFO [ Battle Maya ] Failed. No users at state 2
2023-04-08_21:24:55 INFO [ Battle Maya ] SetState_End()
2023-04-08_21:24:57 INFO [ Battle Maya ] SetState_EndCycle()
2023-04-08_21:24:57 INFO [ Battle Maya ] SetState_None()
2023-04-08_21:24:57 INFO SetState_End()
2023-04-08_21:24:57 INFO SetState_None()
2023-04-08_21:24:57 INFO [ Battle StandBy ] SetState_Start()
2023-04-08_21:24:57 INFO SetState_BattleStandBy()
2023-04-08_21:25:56 INFO [ Battle StandBy ] SetState_Notify()
2023-04-08_21:26:55 INFO [ Battle StandBy ] SetState_End()
2023-04-08_21:26:55 INFO [ Battle StandBy ] SetState_None()
2023-04-08_21:26:55 INFO [ Battle Maya ] SetState_StandBy_1()
2023-04-08_21:26:55 INFO SetState_BattleOfMaya()
2023-04-08_21:28:54 INFO [ Battle Maya ] SetState_Notify_1()
2023-04-08_21:28:54 INFO [ Battle Maya ] Failed. No users at state 2
2023-04-08_21:28:54 INFO [ Battle Maya ] SetState_End()
2023-04-08_21:28:56 INFO [ Battle Maya ] SetState_EndCycle()
2023-04-08_21:28:56 INFO [ Battle Maya ] SetState_None()
2023-04-08_21:28:57 INFO SetState_End()
2023-04-08_21:28:57 INFO SetState_None()
2023-04-08_21:28:57 INFO [ Battle StandBy ] SetState_Start()
2023-04-08_21:28:57 INFO SetState_BattleStandBy()
2023-04-08_21:29:56 INFO [ Battle StandBy ] SetState_Notify()
2023-04-08_21:30:55 INFO [ Battle StandBy ] SetState_End()
2023-04-08_21:30:55 INFO [ Battle StandBy ] SetState_None()
2023-04-08_21:30:55 INFO [ Battle Maya ] SetState_StandBy_1()
2023-04-08_21:30:55 INFO SetState_BattleOfMaya()
2023-04-08_21:32:54 INFO [ Battle Maya ] SetState_Notify_1()
2023-04-08_21:32:54 INFO [ Battle Maya ] Failed. No users at state 2
2023-04-08_21:32:54 INFO [ Battle Maya ] SetState_End()
2023-04-08_21:32:56 INFO [ Battle Maya ] SetState_EndCycle()
2023-04-08_21:32:56 INFO [ Battle Maya ] SetState_None()
2023-04-08_21:32:56 INFO SetState_End()
2023-04-08_21:32:56 INFO SetState_None()
2023-04-08_21:32:56 INFO [ Battle StandBy ] SetState_Start()
2023-04-08_21:32:56 INFO SetState_BattleStandBy()
2023-04-08_21:33:55 INFO [ Battle StandBy ] SetState_Notify()
2023-04-08_21:34:54 INFO [ Battle StandBy ] SetState_End()
2023-04-08_21:34:54 INFO [ Battle StandBy ] SetState_None()
2023-04-08_21:34:54 INFO [ Battle Maya ] SetState_StandBy_1()
2023-04-08_21:34:54 INFO SetState_BattleOfMaya()
2023-04-08_21:36:53 INFO [ Battle Maya ] SetState_Notify_1()
2023-04-08_21:36:53 INFO [ Battle Maya ] Failed. No users at state 2
2023-04-08_21:36:53 INFO [ Battle Maya ] SetState_End()
2023-04-08_21:36:56 INFO [ Battle Maya ] SetState_EndCycle()
2023-04-08_21:36:56 INFO [ Battle Maya ] SetState_None()
2023-04-08_21:36:56 INFO SetState_End()
2023-04-08_21:36:56 INFO SetState_None()
2023-04-08_21:36:56 INFO [ Battle StandBy ] SetState_Start()
2023-04-08_21:36:56 INFO SetState_BattleStandBy()
2023-04-08_21:37:55 INFO [ Battle StandBy ] SetState_Notify()
2023-04-08_21:38:54 INFO [ Battle StandBy ] SetState_End()
2023-04-08_21:38:54 INFO [ Battle StandBy ] SetState_None()
2023-04-08_21:38:54 INFO [ Battle Maya ] SetState_StandBy_1()
2023-04-08_21:38:54 INFO SetState_BattleOfMaya()
2023-04-08_21:40:53 INFO [ Battle Maya ] SetState_Notify_1()
2023-04-08_21:40:53 INFO [ Battle Maya ] Failed. No users at state 2
2023-04-08_21:40:53 INFO [ Battle Maya ] SetState_End()
2023-04-08_21:40:55 INFO [ Battle Maya ] SetState_EndCycle()
2023-04-08_21:40:55 INFO [ Battle Maya ] SetState_None()
2023-04-08_21:40:55 INFO SetState_End()
2023-04-08_21:40:55 INFO SetState_None()
2023-04-08_21:40:55 INFO [ Battle StandBy ] SetState_Start()
2023-04-08_21:40:55 INFO SetState_BattleStandBy()
2023-04-08_21:41:54 INFO [ Battle StandBy ] SetState_Notify()
2023-04-08_21:42:53 INFO [ Battle StandBy ] SetState_End()
2023-04-08_21:42:53 INFO [ Battle StandBy ] SetState_None()
2023-04-08_21:42:53 INFO [ Battle Maya ] SetState_StandBy_1()
2023-04-08_21:42:53 INFO SetState_BattleOfMaya()
2023-04-08_21:44:52 INFO [ Battle Maya ] SetState_Notify_1()
2023-04-08_21:44:52 INFO [ Battle Maya ] Failed. No users at state 2
2023-04-08_21:44:53 INFO [ Battle Maya ] SetState_End()
2023-04-08_21:44:55 INFO [ Battle Maya ] SetState_EndCycle()
2023-04-08_21:44:55 INFO [ Battle Maya ] SetState_None()
2023-04-08_21:44:55 INFO SetState_End()
2023-04-08_21:44:55 INFO SetState_None()
2023-04-08_21:44:55 INFO [ Battle StandBy ] SetState_Start()
2023-04-08_21:44:55 INFO SetState_BattleStandBy()
2023-04-08_21:45:54 INFO [ Battle StandBy ] SetState_Notify()
2023-04-08_21:46:53 INFO [ Battle StandBy ] SetState_End()
2023-04-08_21:46:53 INFO [ Battle StandBy ] SetState_None()
2023-04-08_21:46:53 INFO [ Battle Maya ] SetState_StandBy_1()
2023-04-08_21:46:53 INFO SetState_BattleOfMaya()
2023-04-08_21:48:52 INFO [ Battle Maya ] SetState_Notify_1()
2023-04-08_21:48:52 INFO [ Battle Maya ] Failed. No users at state 2
2023-04-08_21:48:52 INFO [ Battle Maya ] SetState_End()
2023-04-08_21:48:54 INFO [ Battle Maya ] SetState_EndCycle()
2023-04-08_21:48:54 INFO [ Battle Maya ] SetState_None()
2023-04-08_21:48:54 INFO SetState_End()
2023-04-08_21:48:54 INFO SetState_None()
2023-04-08_21:48:54 INFO [ Battle StandBy ] SetState_Start()
2023-04-08_21:48:54 INFO SetState_BattleStandBy()
2023-04-08_21:49:53 INFO [ Battle StandBy ] SetState_Notify()
2023-04-08_21:50:52 INFO [ Battle StandBy ] SetState_End()
2023-04-08_21:50:52 INFO [ Battle StandBy ] SetState_None()
2023-04-08_21:50:52 INFO [ Battle Maya ] SetState_StandBy_1()
2023-04-08_21:50:52 INFO SetState_BattleOfMaya()
2023-04-08_21:52:51 INFO [ Battle Maya ] SetState_Notify_1()
2023-04-08_21:52:51 INFO [ Battle Maya ] Failed. No users at state 2
2023-04-08_21:52:51 INFO [ Battle Maya ] SetState_End()
2023-04-08_21:52:54 INFO [ Battle Maya ] SetState_EndCycle()
2023-04-08_21:52:54 INFO [ Battle Maya ] SetState_None()
2023-04-08_21:52:54 INFO SetState_End()
2023-04-08_21:52:54 INFO SetState_None()
2023-04-08_21:52:54 INFO [ Battle StandBy ] SetState_Start()
2023-04-08_21:52:54 INFO SetState_BattleStandBy()
2023-04-08_21:53:53 INFO [ Battle StandBy ] SetState_Notify()
2023-04-08_21:54:52 INFO [ Battle StandBy ] SetState_End()
2023-04-08_21:54:52 INFO [ Battle StandBy ] SetState_None()
2023-04-08_21:54:52 INFO [ Battle Maya ] SetState_StandBy_1()
2023-04-08_21:54:52 INFO SetState_BattleOfMaya()
2023-04-08_21:56:51 INFO [ Battle Maya ] SetState_Notify_1()
2023-04-08_21:56:51 INFO [ Battle Maya ] Failed. No users at state 2
2023-04-08_21:56:51 INFO [ Battle Maya ] SetState_End()
2023-04-08_21:56:53 INFO [ Battle Maya ] SetState_EndCycle()
2023-04-08_21:56:53 INFO [ Battle Maya ] SetState_None()
2023-04-08_21:56:53 INFO SetState_End()
2023-04-08_21:56:53 INFO SetState_None()
2023-04-08_21:56:53 INFO [ Battle StandBy ] SetState_Start()
2023-04-08_21:56:53 INFO SetState_BattleStandBy()
2023-04-08_21:57:52 INFO [ Battle StandBy ] SetState_Notify()
2023-04-08_21:58:51 INFO [ Battle StandBy ] SetState_End()
2023-04-08_21:58:51 INFO [ Battle StandBy ] SetState_None()
2023-04-08_21:58:51 INFO [ Battle Maya ] SetState_StandBy_1()
2023-04-08_21:58:51 INFO SetState_BattleOfMaya()
2023-04-08_22:00:50 INFO [ Battle Maya ] SetState_Notify_1()
2023-04-08_22:00:50 INFO [ Battle Maya ] Failed. No users at state 2
2023-04-08_22:00:50 INFO [ Battle Maya ] SetState_End()
2023-04-08_22:00:53 INFO [ Battle Maya ] SetState_EndCycle()
2023-04-08_22:00:53 INFO [ Battle Maya ] SetState_None()
2023-04-08_22:00:53 INFO SetState_End()
2023-04-08_22:00:53 INFO SetState_None()
2023-04-08_22:00:53 INFO [ Battle StandBy ] SetState_Start()
2023-04-08_22:00:53 INFO SetState_BattleStandBy()
2023-04-08_22:01:52 INFO [ Battle StandBy ] SetState_Notify()
2023-04-08_22:02:51 INFO [ Battle StandBy ] SetState_End()
2023-04-08_22:02:51 INFO [ Battle StandBy ] SetState_None()
2023-04-08_22:02:51 INFO [ Battle Maya ] SetState_StandBy_1()
2023-04-08_22:02:51 INFO SetState_BattleOfMaya()
2023-04-08_22:04:50 INFO [ Battle Maya ] SetState_Notify_1()
2023-04-08_22:04:50 INFO [ Battle Maya ] Failed. No users at state 2
2023-04-08_22:04:50 INFO [ Battle Maya ] SetState_End()
2023-04-08_22:04:52 INFO [ Battle Maya ] SetState_EndCycle()
2023-04-08_22:04:52 INFO [ Battle Maya ] SetState_None()
2023-04-08_22:04:52 INFO SetState_End()
2023-04-08_22:04:52 INFO SetState_None()
2023-04-08_22:04:52 INFO [ Battle StandBy ] SetState_Start()
2023-04-08_22:04:52 INFO SetState_BattleStandBy()
2023-04-08_22:05:51 INFO [ Battle StandBy ] SetState_Notify()
2023-04-08_22:06:50 INFO [ Battle StandBy ] SetState_End()
2023-04-08_22:06:50 INFO [ Battle StandBy ] SetState_None()
2023-04-08_22:06:50 INFO [ Battle Maya ] SetState_StandBy_1()
2023-04-08_22:06:50 INFO SetState_BattleOfMaya()
2023-04-08_22:08:49 INFO [ Battle Maya ] SetState_Notify_1()
2023-04-08_22:08:49 INFO [ Battle Maya ] Failed. No users at state 2
2023-04-08_22:08:49 INFO [ Battle Maya ] SetState_End()
2023-04-08_22:08:52 INFO [ Battle Maya ] SetState_EndCycle()
2023-04-08_22:08:52 INFO [ Battle Maya ] SetState_None()
2023-04-08_22:08:52 INFO SetState_End()
2023-04-08_22:08:52 INFO SetState_None()
2023-04-08_22:08:52 INFO [ Battle StandBy ] SetState_Start()
2023-04-08_22:08:52 INFO SetState_BattleStandBy()
2023-04-08_22:09:51 INFO [ Battle StandBy ] SetState_Notify()
2023-04-08_22:10:50 INFO [ Battle StandBy ] SetState_End()
2023-04-08_22:10:50 INFO [ Battle StandBy ] SetState_None()
2023-04-08_22:10:50 INFO [ Battle Maya ] SetState_StandBy_1()
2023-04-08_22:10:50 INFO SetState_BattleOfMaya()
2023-04-08_22:12:49 INFO [ Battle Maya ] SetState_Notify_1()
2023-04-08_22:12:49 INFO [ Battle Maya ] Failed. No users at state 2
2023-04-08_22:12:49 INFO [ Battle Maya ] SetState_End()
2023-04-08_22:12:51 INFO [ Battle Maya ] SetState_EndCycle()
2023-04-08_22:12:51 INFO [ Battle Maya ] SetState_None()
2023-04-08_22:12:51 INFO SetState_End()
2023-04-08_22:12:51 INFO SetState_None()
2023-04-08_22:12:51 INFO [ Battle StandBy ] SetState_Start()
2023-04-08_22:12:51 INFO SetState_BattleStandBy()
2023-04-08_22:13:50 INFO [ Battle StandBy ] SetState_Notify()
2023-04-08_22:14:49 INFO [ Battle StandBy ] SetState_End()
2023-04-08_22:14:49 INFO [ Battle StandBy ] SetState_None()
2023-04-08_22:14:49 INFO [ Battle Maya ] SetState_StandBy_1()
2023-04-08_22:14:49 INFO SetState_BattleOfMaya()
2023-04-08_22:16:48 INFO [ Battle Maya ] SetState_Notify_1()
2023-04-08_22:16:48 INFO [ Battle Maya ] Failed. No users at state 2
2023-04-08_22:16:48 INFO [ Battle Maya ] SetState_End()
2023-04-08_22:16:50 INFO [ Battle Maya ] SetState_EndCycle()
2023-04-08_22:16:51 INFO [ Battle Maya ] SetState_None()
2023-04-08_22:16:51 INFO SetState_End()
2023-04-08_22:16:51 INFO SetState_None()
2023-04-08_22:16:51 INFO [ Battle StandBy ] SetState_Start()
2023-04-08_22:16:51 INFO SetState_BattleStandBy()
2023-04-08_22:17:50 INFO [ Battle StandBy ] SetState_Notify()
2023-04-08_22:18:49 INFO [ Battle StandBy ] SetState_End()
2023-04-08_22:18:49 INFO [ Battle StandBy ] SetState_None()
2023-04-08_22:18:49 INFO [ Battle Maya ] SetState_StandBy_1()
2023-04-08_22:18:49 INFO SetState_BattleOfMaya()
2023-04-08_22:20:48 INFO [ Battle Maya ] SetState_Notify_1()
2023-04-08_22:20:48 INFO [ Battle Maya ] Failed. No users at state 2
2023-04-08_22:20:48 INFO [ Battle Maya ] SetState_End()
2023-04-08_22:20:50 INFO [ Battle Maya ] SetState_EndCycle()
2023-04-08_22:20:50 INFO [ Battle Maya ] SetState_None()
2023-04-08_22:20:50 INFO SetState_End()
2023-04-08_22:20:50 INFO SetState_None()
2023-04-08_22:20:50 INFO [ Battle StandBy ] SetState_Start()
2023-04-08_22:20:50 INFO SetState_BattleStandBy()
2023-04-08_22:21:49 INFO [ Battle StandBy ] SetState_Notify()
2023-04-08_22:22:48 INFO [ Battle StandBy ] SetState_End()
2023-04-08_22:22:48 INFO [ Battle StandBy ] SetState_None()
2023-04-08_22:22:48 INFO [ Battle Maya ] SetState_StandBy_1()
2023-04-08_22:22:48 INFO SetState_BattleOfMaya()
2023-04-08_22:24:47 INFO [ Battle Maya ] SetState_Notify_1()
2023-04-08_22:24:47 INFO [ Battle Maya ] Failed. No users at state 2
2023-04-08_22:24:47 INFO [ Battle Maya ] SetState_End()
2023-04-08_22:24:49 INFO [ Battle Maya ] SetState_EndCycle()
2023-04-08_22:24:50 INFO [ Battle Maya ] SetState_None()
2023-04-08_22:24:50 INFO SetState_End()
2023-04-08_22:24:50 INFO SetState_None()
2023-04-08_22:24:50 INFO [ Battle StandBy ] SetState_Start()
2023-04-08_22:24:50 INFO SetState_BattleStandBy()
2023-04-08_22:25:49 INFO [ Battle StandBy ] SetState_Notify()
2023-04-08_22:26:48 INFO [ Battle StandBy ] SetState_End()
2023-04-08_22:26:48 INFO [ Battle StandBy ] SetState_None()
2023-04-08_22:26:48 INFO [ Battle Maya ] SetState_StandBy_1()
2023-04-08_22:26:48 INFO SetState_BattleOfMaya()
2023-04-08_22:28:47 INFO [ Battle Maya ] SetState_Notify_1()
2023-04-08_22:28:47 INFO [ Battle Maya ] Failed. No users at state 2
2023-04-08_22:28:47 INFO [ Battle Maya ] SetState_End()
2023-04-08_22:28:49 INFO [ Battle Maya ] SetState_EndCycle()
2023-04-08_22:28:49 INFO [ Battle Maya ] SetState_None()
2023-04-08_22:28:49 INFO SetState_End()
2023-04-08_22:28:49 INFO SetState_None()
2023-04-08_22:28:49 INFO [ Battle StandBy ] SetState_Start()
2023-04-08_22:28:49 INFO SetState_BattleStandBy()
2023-04-08_22:29:48 INFO [ Battle StandBy ] SetState_Notify()
2023-04-08_22:30:47 INFO [ Battle StandBy ] SetState_End()
2023-04-08_22:30:47 INFO [ Battle StandBy ] SetState_None()
2023-04-08_22:30:48 INFO [ Battle Maya ] SetState_StandBy_1()
2023-04-08_22:30:48 INFO SetState_BattleOfMaya()
2023-04-08_22:32:47 INFO [ Battle Maya ] SetState_Notify_1()
2023-04-08_22:32:47 INFO [ Battle Maya ] Failed. No users at state 2
2023-04-08_22:32:47 INFO [ Battle Maya ] SetState_End()
2023-04-08_22:32:49 INFO [ Battle Maya ] SetState_EndCycle()
2023-04-08_22:32:49 INFO [ Battle Maya ] SetState_None()
2023-04-08_22:32:49 INFO SetState_End()
2023-04-08_22:32:49 INFO SetState_None()
2023-04-08_22:32:49 INFO [ Battle StandBy ] SetState_Start()
2023-04-08_22:32:49 INFO SetState_BattleStandBy()
2023-04-08_22:33:48 INFO [ Battle StandBy ] SetState_Notify()
2023-04-08_22:34:47 INFO [ Battle StandBy ] SetState_End()
2023-04-08_22:34:47 INFO [ Battle StandBy ] SetState_None()
2023-04-08_22:34:47 INFO [ Battle Maya ] SetState_StandBy_1()
2023-04-08_22:34:47 INFO SetState_BattleOfMaya()
2023-04-08_22:36:46 INFO [ Battle Maya ] SetState_Notify_1()
2023-04-08_22:36:46 INFO [ Battle Maya ] Failed. No users at state 2
2023-04-08_22:36:46 INFO [ Battle Maya ] SetState_End()
2023-04-08_22:36:48 INFO [ Battle Maya ] SetState_EndCycle()
2023-04-08_22:36:48 INFO [ Battle Maya ] SetState_None()
2023-04-08_22:36:48 INFO SetState_End()
2023-04-08_22:36:48 INFO SetState_None()
2023-04-08_22:36:48 INFO [ Battle StandBy ] SetState_Start()
2023-04-08_22:36:48 INFO SetState_BattleStandBy()
2023-04-08_22:37:48 INFO [ Battle StandBy ] SetState_Notify()
2023-04-08_22:38:47 INFO [ Battle StandBy ] SetState_End()
2023-04-08_22:38:47 INFO [ Battle StandBy ] SetState_None()
2023-04-08_22:38:47 INFO [ Battle Maya ] SetState_StandBy_1()
2023-04-08_22:38:47 INFO SetState_BattleOfMaya()
2023-04-08_22:40:46 INFO [ Battle Maya ] SetState_Notify_1()
2023-04-08_22:40:46 INFO [ Battle Maya ] Failed. No users at state 2
2023-04-08_22:40:46 INFO [ Battle Maya ] SetState_End()
2023-04-08_22:40:48 INFO [ Battle Maya ] SetState_EndCycle()
2023-04-08_22:40:48 INFO [ Battle Maya ] SetState_None()
2023-04-08_22:40:48 INFO SetState_End()
2023-04-08_22:40:48 INFO SetState_None()
2023-04-08_22:40:48 INFO [ Battle StandBy ] SetState_Start()
2023-04-08_22:40:48 INFO SetState_BattleStandBy()
2023-04-08_22:41:47 INFO [ Battle StandBy ] SetState_Notify()
2023-04-08_22:42:46 INFO [ Battle StandBy ] SetState_End()
2023-04-08_22:42:46 INFO [ Battle StandBy ] SetState_None()
2023-04-08_22:42:46 INFO [ Battle Maya ] SetState_StandBy_1()
2023-04-08_22:42:46 INFO SetState_BattleOfMaya()
2023-04-08_22:44:45 INFO [ Battle Maya ] SetState_Notify_1()
2023-04-08_22:44:45 INFO [ Battle Maya ] Failed. No users at state 2
2023-04-08_22:44:45 INFO [ Battle Maya ] SetState_End()
2023-04-08_22:44:47 INFO [ Battle Maya ] SetState_EndCycle()
2023-04-08_22:44:47 INFO [ Battle Maya ] SetState_None()
2023-04-08_22:44:47 INFO SetState_End()
2023-04-08_22:44:47 INFO SetState_None()
2023-04-08_22:44:48 INFO [ Battle StandBy ] SetState_Start()
2023-04-08_22:44:48 INFO SetState_BattleStandBy()
2023-04-08_22:45:47 INFO [ Battle StandBy ] SetState_Notify()
2023-04-08_22:46:46 INFO [ Battle StandBy ] SetState_End()
2023-04-08_22:46:46 INFO [ Battle StandBy ] SetState_None()
2023-04-08_22:46:46 INFO [ Battle Maya ] SetState_StandBy_1()
2023-04-08_22:46:46 INFO SetState_BattleOfMaya()
2023-04-08_22:48:45 INFO [ Battle Maya ] SetState_Notify_1()
2023-04-08_22:48:45 INFO [ Battle Maya ] Failed. No users at state 2
2023-04-08_22:48:45 INFO [ Battle Maya ] SetState_End()
2023-04-08_22:48:47 INFO [ Battle Maya ] SetState_EndCycle()
2023-04-08_22:48:47 INFO [ Battle Maya ] SetState_None()
2023-04-08_22:48:47 INFO SetState_End()
2023-04-08_22:48:47 INFO SetState_None()
2023-04-08_22:48:47 INFO [ Battle StandBy ] SetState_Start()
2023-04-08_22:48:47 INFO SetState_BattleStandBy()
2023-04-08_22:49:46 INFO [ Battle StandBy ] SetState_Notify()
2023-04-08_22:50:45 INFO [ Battle StandBy ] SetState_End()
2023-04-08_22:50:45 INFO [ Battle StandBy ] SetState_None()
2023-04-08_22:50:45 INFO [ Battle Maya ] SetState_StandBy_1()
2023-04-08_22:50:45 INFO SetState_BattleOfMaya()
2023-04-08_22:52:44 INFO [ Battle Maya ] SetState_Notify_1()
2023-04-08_22:52:44 INFO [ Battle Maya ] Failed. No users at state 2
2023-04-08_22:52:44 INFO [ Battle Maya ] SetState_End()
2023-04-08_22:52:46 INFO [ Battle Maya ] SetState_EndCycle()
2023-04-08_22:52:46 INFO [ Battle Maya ] SetState_None()
2023-04-08_22:52:46 INFO SetState_End()
2023-04-08_22:52:47 INFO SetState_None()
2023-04-08_22:52:47 INFO [ Battle StandBy ] SetState_Start()
2023-04-08_22:52:47 INFO SetState_BattleStandBy()
2023-04-08_22:53:46 INFO [ Battle StandBy ] SetState_Notify()
2023-04-08_22:54:45 INFO [ Battle StandBy ] SetState_End()
2023-04-08_22:54:45 INFO [ Battle StandBy ] SetState_None()
2023-04-08_22:54:45 INFO [ Battle Maya ] SetState_StandBy_1()
2023-04-08_22:54:45 INFO SetState_BattleOfMaya()
2023-04-08_22:56:44 INFO [ Battle Maya ] SetState_Notify_1()
2023-04-08_22:56:44 INFO [ Battle Maya ] Failed. No users at state 2
2023-04-08_22:56:44 INFO [ Battle Maya ] SetState_End()
2023-04-08_22:56:46 INFO [ Battle Maya ] SetState_EndCycle()
2023-04-08_22:56:46 INFO [ Battle Maya ] SetState_None()
2023-04-08_22:56:46 INFO SetState_End()
2023-04-08_22:56:46 INFO SetState_None()
2023-04-08_22:56:46 INFO [ Battle StandBy ] SetState_Start()
2023-04-08_22:56:46 INFO SetState_BattleStandBy()
2023-04-08_22:57:45 INFO [ Battle StandBy ] SetState_Notify()
2023-04-08_22:58:44 INFO [ Battle StandBy ] SetState_End()
2023-04-08_22:58:44 INFO [ Battle StandBy ] SetState_None()
2023-04-08_22:58:44 INFO [ Battle Maya ] SetState_StandBy_1()
2023-04-08_22:58:44 INFO SetState_BattleOfMaya()
2023-04-08_23:00:43 INFO [ Battle Maya ] SetState_Notify_1()
2023-04-08_23:00:43 INFO [ Battle Maya ] Failed. No users at state 2
2023-04-08_23:00:43 INFO [ Battle Maya ] SetState_End()
2023-04-08_23:00:45 INFO [ Battle Maya ] SetState_EndCycle()
2023-04-08_23:00:45 INFO [ Battle Maya ] SetState_None()
2023-04-08_23:00:45 INFO SetState_End()
2023-04-08_23:00:45 INFO SetState_None()
2023-04-08_23:00:45 INFO [ Battle StandBy ] SetState_Start()
2023-04-08_23:00:45 INFO SetState_BattleStandBy()
2023-04-08_23:01:44 INFO [ Battle StandBy ] SetState_Notify()
2023-04-08_23:02:44 INFO [ Battle StandBy ] SetState_End()
2023-04-08_23:02:44 INFO [ Battle StandBy ] SetState_None()
2023-04-08_23:02:44 INFO [ Battle Maya ] SetState_StandBy_1()
2023-04-08_23:02:44 INFO SetState_BattleOfMaya()
2023-04-08_23:04:43 INFO [ Battle Maya ] SetState_Notify_1()
2023-04-08_23:04:43 INFO [ Battle Maya ] Failed. No users at state 2
2023-04-08_23:04:43 INFO [ Battle Maya ] SetState_End()
2023-04-08_23:04:45 INFO [ Battle Maya ] SetState_EndCycle()
2023-04-08_23:04:45 INFO [ Battle Maya ] SetState_None()
2023-04-08_23:04:45 INFO SetState_End()
2023-04-08_23:04:45 INFO SetState_None()
2023-04-08_23:04:45 INFO [ Battle StandBy ] SetState_Start()
2023-04-08_23:04:45 INFO SetState_BattleStandBy()
2023-04-08_23:05:44 INFO [ Battle StandBy ] SetState_Notify()
2023-04-08_23:06:43 INFO [ Battle StandBy ] SetState_End()
2023-04-08_23:06:43 INFO [ Battle StandBy ] SetState_None()
2023-04-08_23:06:43 INFO [ Battle Maya ] SetState_StandBy_1()
2023-04-08_23:06:43 INFO SetState_BattleOfMaya()
2023-04-08_23:08:42 INFO [ Battle Maya ] SetState_Notify_1()
2023-04-08_23:08:42 INFO [ Battle Maya ] Failed. No users at state 2
2023-04-08_23:08:42 INFO [ Battle Maya ] SetState_End()
2023-04-08_23:08:44 INFO [ Battle Maya ] SetState_EndCycle()
2023-04-08_23:08:44 INFO [ Battle Maya ] SetState_None()
2023-04-08_23:08:44 INFO SetState_End()
2023-04-08_23:08:44 INFO SetState_None()
2023-04-08_23:08:44 INFO [ Battle StandBy ] SetState_Start()
2023-04-08_23:08:44 INFO SetState_BattleStandBy()
2023-04-08_23:09:44 INFO [ Battle StandBy ] SetState_Notify()
2023-04-08_23:10:43 INFO [ Battle StandBy ] SetState_End()
2023-04-08_23:10:43 INFO [ Battle StandBy ] SetState_None()
2023-04-08_23:10:43 INFO [ Battle Maya ] SetState_StandBy_1()
2023-04-08_23:10:43 INFO SetState_BattleOfMaya()
2023-04-08_23:12:42 INFO [ Battle Maya ] SetState_Notify_1()
2023-04-08_23:12:42 INFO [ Battle Maya ] Failed. No users at state 2
2023-04-08_23:12:42 INFO [ Battle Maya ] SetState_End()
2023-04-08_23:12:44 INFO [ Battle Maya ] SetState_EndCycle()
2023-04-08_23:12:44 INFO [ Battle Maya ] SetState_None()
2023-04-08_23:12:44 INFO SetState_End()
2023-04-08_23:12:44 INFO SetState_None()
2023-04-08_23:12:44 INFO [ Battle StandBy ] SetState_Start()
2023-04-08_23:12:44 INFO SetState_BattleStandBy()
2023-04-08_23:13:43 INFO [ Battle StandBy ] SetState_Notify()
2023-04-08_23:14:42 INFO [ Battle StandBy ] SetState_End()
2023-04-08_23:14:42 INFO [ Battle StandBy ] SetState_None()
2023-04-08_23:14:42 INFO [ Battle Maya ] SetState_StandBy_1()
2023-04-08_23:14:42 INFO SetState_BattleOfMaya()
2023-04-08_23:16:41 INFO [ Battle Maya ] SetState_Notify_1()
2023-04-08_23:16:41 INFO [ Battle Maya ] Failed. No users at state 2
2023-04-08_23:16:41 INFO [ Battle Maya ] SetState_End()
2023-04-08_23:16:43 INFO [ Battle Maya ] SetState_EndCycle()
2023-04-08_23:16:43 INFO [ Battle Maya ] SetState_None()
2023-04-08_23:16:43 INFO SetState_End()
2023-04-08_23:16:43 INFO SetState_None()
2023-04-08_23:16:44 INFO [ Battle StandBy ] SetState_Start()
2023-04-08_23:16:44 INFO SetState_BattleStandBy()
2023-04-08_23:17:43 INFO [ Battle StandBy ] SetState_Notify()
2023-04-08_23:18:42 INFO [ Battle StandBy ] SetState_End()
2023-04-08_23:18:42 INFO [ Battle StandBy ] SetState_None()
2023-04-08_23:18:42 INFO [ Battle Maya ] SetState_StandBy_1()
2023-04-08_23:18:42 INFO SetState_BattleOfMaya()
2023-04-08_23:20:41 INFO [ Battle Maya ] SetState_Notify_1()
2023-04-08_23:20:41 INFO [ Battle Maya ] Failed. No users at state 2
2023-04-08_23:20:41 INFO [ Battle Maya ] SetState_End()
2023-04-08_23:20:43 INFO [ Battle Maya ] SetState_EndCycle()
2023-04-08_23:20:43 INFO [ Battle Maya ] SetState_None()
2023-04-08_23:20:43 INFO SetState_End()
2023-04-08_23:20:43 INFO SetState_None()
2023-04-08_23:20:43 INFO [ Battle StandBy ] SetState_Start()
2023-04-08_23:20:43 INFO SetState_BattleStandBy()
2023-04-08_23:21:42 INFO [ Battle StandBy ] SetState_Notify()
2023-04-08_23:22:41 INFO [ Battle StandBy ] SetState_End()
2023-04-08_23:22:41 INFO [ Battle StandBy ] SetState_None()
2023-04-08_23:22:41 INFO [ Battle Maya ] SetState_StandBy_1()
2023-04-08_23:22:41 INFO SetState_BattleOfMaya()
2023-04-08_23:24:40 INFO [ Battle Maya ] SetState_Notify_1()
2023-04-08_23:24:40 INFO [ Battle Maya ] Failed. No users at state 2
2023-04-08_23:24:40 INFO [ Battle Maya ] SetState_End()
2023-04-08_23:24:42 INFO [ Battle Maya ] SetState_EndCycle()
2023-04-08_23:24:42 INFO [ Battle Maya ] SetState_None()
2023-04-08_23:24:42 INFO SetState_End()
2023-04-08_23:24:43 INFO SetState_None()
2023-04-08_23:24:43 INFO [ Battle StandBy ] SetState_Start()
2023-04-08_23:24:43 INFO SetState_BattleStandBy()
2023-04-08_23:25:42 INFO [ Battle StandBy ] SetState_Notify()
2023-04-08_23:26:41 INFO [ Battle StandBy ] SetState_End()
2023-04-08_23:26:41 INFO [ Battle StandBy ] SetState_None()
2023-04-08_23:26:41 INFO [ Battle Maya ] SetState_StandBy_1()
2023-04-08_23:26:41 INFO SetState_BattleOfMaya()
2023-04-08_23:28:40 INFO [ Battle Maya ] SetState_Notify_1()
2023-04-08_23:28:40 INFO [ Battle Maya ] Failed. No users at state 2
2023-04-08_23:28:40 INFO [ Battle Maya ] SetState_End()
2023-04-08_23:28:42 INFO [ Battle Maya ] SetState_EndCycle()
2023-04-08_23:28:42 INFO [ Battle Maya ] SetState_None()
2023-04-08_23:28:42 INFO SetState_End()
2023-04-08_23:28:42 INFO SetState_None()
2023-04-08_23:28:42 INFO [ Battle StandBy ] SetState_Start()
2023-04-08_23:28:42 INFO SetState_BattleStandBy()
2023-04-08_23:29:41 INFO [ Battle StandBy ] SetState_Notify()
2023-04-08_23:30:40 INFO [ Battle StandBy ] SetState_End()
2023-04-08_23:30:40 INFO [ Battle StandBy ] SetState_None()
2023-04-08_23:30:40 INFO [ Battle Maya ] SetState_StandBy_1()
2023-04-08_23:30:40 INFO SetState_BattleOfMaya()
2023-04-08_23:32:39 INFO [ Battle Maya ] SetState_Notify_1()
2023-04-08_23:32:39 INFO [ Battle Maya ] Failed. No users at state 2
2023-04-08_23:32:39 INFO [ Battle Maya ] SetState_End()
2023-04-08_23:32:41 INFO [ Battle Maya ] SetState_EndCycle()
2023-04-08_23:32:41 INFO [ Battle Maya ] SetState_None()
2023-04-08_23:32:41 INFO SetState_End()
2023-04-08_23:32:41 INFO SetState_None()
2023-04-08_23:32:41 INFO [ Battle StandBy ] SetState_Start()
2023-04-08_23:32:41 INFO SetState_BattleStandBy()
2023-04-08_23:33:41 INFO [ Battle StandBy ] SetState_Notify()
2023-04-08_23:34:40 INFO [ Battle StandBy ] SetState_End()
2023-04-08_23:34:40 INFO [ Battle StandBy ] SetState_None()
2023-04-08_23:34:40 INFO [ Battle Maya ] SetState_StandBy_1()
2023-04-08_23:34:40 INFO SetState_BattleOfMaya()
2023-04-08_23:36:39 INFO [ Battle Maya ] SetState_Notify_1()
2023-04-08_23:36:39 INFO [ Battle Maya ] Failed. No users at state 2
2023-04-08_23:36:39 INFO [ Battle Maya ] SetState_End()
2023-04-08_23:36:41 INFO [ Battle Maya ] SetState_EndCycle()
2023-04-08_23:36:41 INFO [ Battle Maya ] SetState_None()
2023-04-08_23:36:41 INFO SetState_End()
2023-04-08_23:36:41 INFO SetState_None()
2023-04-08_23:36:41 INFO [ Battle StandBy ] SetState_Start()
2023-04-08_23:36:41 INFO SetState_BattleStandBy()
2023-04-08_23:37:40 INFO [ Battle StandBy ] SetState_Notify()
2023-04-08_23:38:39 INFO [ Battle StandBy ] SetState_End()
2023-04-08_23:38:39 INFO [ Battle StandBy ] SetState_None()
2023-04-08_23:38:39 INFO [ Battle Maya ] SetState_StandBy_1()
2023-04-08_23:38:39 INFO SetState_BattleOfMaya()
2023-04-08_23:40:38 INFO [ Battle Maya ] SetState_Notify_1()
2023-04-08_23:40:38 INFO [ Battle Maya ] Failed. No users at state 2
2023-04-08_23:40:38 INFO [ Battle Maya ] SetState_End()
2023-04-08_23:40:40 INFO [ Battle Maya ] SetState_EndCycle()
2023-04-08_23:40:40 INFO [ Battle Maya ] SetState_None()
2023-04-08_23:40:40 INFO SetState_End()
2023-04-08_23:40:40 INFO SetState_None()
2023-04-08_23:40:41 INFO [ Battle StandBy ] SetState_Start()
2023-04-08_23:40:41 INFO SetState_BattleStandBy()
2023-04-08_23:41:40 INFO [ Battle StandBy ] SetState_Notify()
2023-04-08_23:42:39 INFO [ Battle StandBy ] SetState_End()
2023-04-08_23:42:39 INFO [ Battle StandBy ] SetState_None()
2023-04-08_23:42:39 INFO [ Battle Maya ] SetState_StandBy_1()
2023-04-08_23:42:39 INFO SetState_BattleOfMaya()
2023-04-08_23:44:38 INFO [ Battle Maya ] SetState_Notify_1()
2023-04-08_23:44:38 INFO [ Battle Maya ] Failed. No users at state 2
2023-04-08_23:44:38 INFO [ Battle Maya ] SetState_End()
2023-04-08_23:44:40 INFO [ Battle Maya ] SetState_EndCycle()
2023-04-08_23:44:40 INFO [ Battle Maya ] SetState_None()
2023-04-08_23:44:40 INFO SetState_End()
2023-04-08_23:44:40 INFO SetState_None()
2023-04-08_23:44:40 INFO [ Battle StandBy ] SetState_Start()
2023-04-08_23:44:40 INFO SetState_BattleStandBy()
2023-04-08_23:45:39 INFO [ Battle StandBy ] SetState_Notify()
2023-04-08_23:46:38 INFO [ Battle StandBy ] SetState_End()
2023-04-08_23:46:38 INFO [ Battle StandBy ] SetState_None()
2023-04-08_23:46:38 INFO [ Battle Maya ] SetState_StandBy_1()
2023-04-08_23:46:38 INFO SetState_BattleOfMaya()
2023-04-08_23:48:37 INFO [ Battle Maya ] SetState_Notify_1()
2023-04-08_23:48:37 INFO [ Battle Maya ] Failed. No users at state 2
2023-04-08_23:48:37 INFO [ Battle Maya ] SetState_End()
2023-04-08_23:48:40 INFO [ Battle Maya ] SetState_EndCycle()
2023-04-08_23:48:40 INFO [ Battle Maya ] SetState_None()
2023-04-08_23:48:40 INFO SetState_End()
2023-04-08_23:48:40 INFO SetState_None()
2023-04-08_23:48:40 INFO [ Battle StandBy ] SetState_Start()
2023-04-08_23:48:40 INFO SetState_BattleStandBy()
2023-04-08_23:49:39 INFO [ Battle StandBy ] SetState_Notify()
2023-04-08_23:50:38 INFO [ Battle StandBy ] SetState_End()
2023-04-08_23:50:38 INFO [ Battle StandBy ] SetState_None()
2023-04-08_23:50:38 INFO [ Battle Maya ] SetState_StandBy_1()
2023-04-08_23:50:38 INFO SetState_BattleOfMaya()
2023-04-08_23:52:37 INFO [ Battle Maya ] SetState_Notify_1()
2023-04-08_23:52:37 INFO [ Battle Maya ] Failed. No users at state 2
2023-04-08_23:52:37 INFO [ Battle Maya ] SetState_End()
2023-04-08_23:52:39 INFO [ Battle Maya ] SetState_EndCycle()
2023-04-08_23:52:39 INFO [ Battle Maya ] SetState_None()
2023-04-08_23:52:39 INFO SetState_End()
2023-04-08_23:52:39 INFO SetState_None()
2023-04-08_23:52:39 INFO [ Battle StandBy ] SetState_Start()
2023-04-08_23:52:39 INFO SetState_BattleStandBy()
2023-04-08_23:53:38 INFO [ Battle StandBy ] SetState_Notify()
2023-04-08_23:54:37 INFO [ Battle StandBy ] SetState_End()
2023-04-08_23:54:37 INFO [ Battle StandBy ] SetState_None()
2023-04-08_23:54:37 INFO [ Battle Maya ] SetState_StandBy_1()
2023-04-08_23:54:37 INFO SetState_BattleOfMaya()
2023-04-08_23:56:36 INFO [ Battle Maya ] SetState_Notify_1()
2023-04-08_23:56:37 INFO [ Battle Maya ] Failed. No users at state 2
2023-04-08_23:56:37 INFO [ Battle Maya ] SetState_End()
2023-04-08_23:56:39 INFO [ Battle Maya ] SetState_EndCycle()
2023-04-08_23:56:39 INFO [ Battle Maya ] SetState_None()
2023-04-08_23:56:39 INFO SetState_End()
2023-04-08_23:56:39 INFO SetState_None()
2023-04-08_23:56:39 INFO [ Battle StandBy ] SetState_Start()
2023-04-08_23:56:39 INFO SetState_BattleStandBy()
2023-04-08_23:57:38 INFO [ Battle StandBy ] SetState_Notify()
2023-04-08_23:58:37 INFO [ Battle StandBy ] SetState_End()
2023-04-08_23:58:37 INFO [ Battle StandBy ] SetState_None()
2023-04-08_23:58:37 INFO [ Battle Maya ] SetState_StandBy_1()
2023-04-08_23:58:37 INFO SetState_BattleOfMaya()
