2023-03-28_16:17:32 INFO [ Battle StandBy ] SetState_Start()
2023-03-28_16:17:32 INFO SetState_BattleStandBy()
2023-03-28_16:18:31 INFO [ Battle StandBy ] SetState_Notify()
2023-03-28_16:19:31 INFO [ Battle StandBy ] SetState_End()
2023-03-28_16:19:31 INFO [ Battle StandBy ] SetState_None()
2023-03-28_16:19:31 INFO [ Battle Maya ] SetState_StandBy_1()
2023-03-28_16:19:31 INFO SetState_BattleOfMaya()
2023-03-28_16:21:30 INFO [ Battle Maya ] SetState_Notify_1()
2023-03-28_16:21:30 INFO [ Battle Maya ] Failed. No users at state 2
2023-03-28_16:21:30 INFO [ Battle Maya ] SetState_End()
2023-03-28_16:21:32 INFO [ Battle Maya ] SetState_EndCycle()
2023-03-28_16:21:32 INFO [ Battle Maya ] SetState_None()
2023-03-28_16:21:32 INFO SetState_End()
2023-03-28_16:21:32 INFO SetState_None()
2023-03-28_16:21:32 INFO [ Battle StandBy ] SetState_Start()
2023-03-28_16:21:32 INFO SetState_BattleStandBy()
2023-03-28_16:22:31 INFO [ Battle StandBy ] SetState_Notify()
2023-03-28_16:23:30 INFO [ Battle StandBy ] SetState_End()
2023-03-28_16:23:30 INFO [ Battle StandBy ] SetState_None()
2023-03-28_16:23:30 INFO [ Battle Maya ] SetState_StandBy_1()
2023-03-28_16:23:30 INFO SetState_BattleOfMaya()
2023-03-28_16:25:29 INFO [ Battle Maya ] SetState_Notify_1()
2023-03-28_16:25:29 INFO [ Battle Maya ] Failed. No users at state 2
2023-03-28_16:25:29 INFO [ Battle Maya ] SetState_End()
2023-03-28_16:25:31 INFO [ Battle Maya ] SetState_EndCycle()
2023-03-28_16:25:31 INFO [ Battle Maya ] SetState_None()
2023-03-28_16:25:31 INFO SetState_End()
2023-03-28_16:25:31 INFO SetState_None()
2023-03-28_16:25:31 INFO [ Battle StandBy ] SetState_Start()
2023-03-28_16:25:31 INFO SetState_BattleStandBy()
2023-03-28_16:26:30 INFO [ Battle StandBy ] SetState_Notify()
2023-03-28_16:27:29 INFO [ Battle StandBy ] SetState_End()
2023-03-28_16:27:29 INFO [ Battle StandBy ] SetState_None()
2023-03-28_16:27:29 INFO [ Battle Maya ] SetState_StandBy_1()
2023-03-28_16:27:29 INFO SetState_BattleOfMaya()
2023-03-28_16:29:28 INFO [ Battle Maya ] SetState_Notify_1()
2023-03-28_16:29:28 INFO [ Battle Maya ] Failed. No users at state 2
2023-03-28_16:29:28 INFO [ Battle Maya ] SetState_End()
2023-03-28_16:29:31 INFO [ Battle Maya ] SetState_EndCycle()
2023-03-28_16:29:31 INFO [ Battle Maya ] SetState_None()
2023-03-28_16:29:31 INFO SetState_End()
2023-03-28_16:29:31 INFO SetState_None()
2023-03-28_16:29:31 INFO [ Battle StandBy ] SetState_Start()
2023-03-28_16:29:31 INFO SetState_BattleStandBy()
2023-03-28_16:30:30 INFO [ Battle StandBy ] SetState_Notify()
2023-03-28_16:31:29 INFO [ Battle StandBy ] SetState_End()
2023-03-28_16:31:29 INFO [ Battle StandBy ] SetState_None()
2023-03-28_16:31:29 INFO [ Battle Maya ] SetState_StandBy_1()
2023-03-28_16:31:29 INFO SetState_BattleOfMaya()
2023-03-28_16:33:28 INFO [ Battle Maya ] SetState_Notify_1()
2023-03-28_16:33:28 INFO [ Battle Maya ] Failed. No users at state 2
2023-03-28_16:33:28 INFO [ Battle Maya ] SetState_End()
2023-03-28_16:33:30 INFO [ Battle Maya ] SetState_EndCycle()
2023-03-28_16:33:30 INFO [ Battle Maya ] SetState_None()
2023-03-28_16:33:30 INFO SetState_End()
2023-03-28_16:33:30 INFO SetState_None()
2023-03-28_16:33:30 INFO [ Battle StandBy ] SetState_Start()
2023-03-28_16:33:30 INFO SetState_BattleStandBy()
2023-03-28_16:34:29 INFO [ Battle StandBy ] SetState_Notify()
2023-03-28_16:35:28 INFO [ Battle StandBy ] SetState_End()
2023-03-28_16:35:28 INFO [ Battle StandBy ] SetState_None()
2023-03-28_16:35:28 INFO [ Battle Maya ] SetState_StandBy_1()
2023-03-28_16:35:28 INFO SetState_BattleOfMaya()
2023-03-28_16:37:27 INFO [ Battle Maya ] SetState_Notify_1()
2023-03-28_16:37:27 INFO [ Battle Maya ] Failed. No users at state 2
2023-03-28_16:37:27 INFO [ Battle Maya ] SetState_End()
2023-03-28_16:37:29 INFO [ Battle Maya ] SetState_EndCycle()
2023-03-28_16:37:29 INFO [ Battle Maya ] SetState_None()
2023-03-28_16:37:29 INFO SetState_End()
2023-03-28_16:37:29 INFO SetState_None()
2023-03-28_16:37:29 INFO [ Battle StandBy ] SetState_Start()
2023-03-28_16:37:29 INFO SetState_BattleStandBy()
2023-03-28_16:38:28 INFO [ Battle StandBy ] SetState_Notify()
2023-03-28_16:39:27 INFO [ Battle StandBy ] SetState_End()
2023-03-28_16:39:27 INFO [ Battle StandBy ] SetState_None()
2023-03-28_16:39:27 INFO [ Battle Maya ] SetState_StandBy_1()
2023-03-28_16:39:27 INFO SetState_BattleOfMaya()
2023-03-28_16:41:26 INFO [ Battle Maya ] SetState_Notify_1()
2023-03-28_16:41:26 INFO [ Battle Maya ] Failed. No users at state 2
2023-03-28_16:41:26 INFO [ Battle Maya ] SetState_End()
2023-03-28_16:41:29 INFO [ Battle Maya ] SetState_EndCycle()
2023-03-28_16:41:29 INFO [ Battle Maya ] SetState_None()
2023-03-28_16:41:29 INFO SetState_End()
2023-03-28_16:41:29 INFO SetState_None()
2023-03-28_16:41:29 INFO [ Battle StandBy ] SetState_Start()
2023-03-28_16:41:29 INFO SetState_BattleStandBy()
2023-03-28_16:42:28 INFO [ Battle StandBy ] SetState_Notify()
2023-03-28_16:43:27 INFO [ Battle StandBy ] SetState_End()
2023-03-28_16:43:27 INFO [ Battle StandBy ] SetState_None()
2023-03-28_16:43:27 INFO [ Battle Maya ] SetState_StandBy_1()
2023-03-28_16:43:27 INFO SetState_BattleOfMaya()
2023-03-28_16:45:26 INFO [ Battle Maya ] SetState_Notify_1()
2023-03-28_16:45:26 INFO [ Battle Maya ] Failed. No users at state 2
2023-03-28_16:45:26 INFO [ Battle Maya ] SetState_End()
2023-03-28_16:45:28 INFO [ Battle Maya ] SetState_EndCycle()
2023-03-28_16:45:28 INFO [ Battle Maya ] SetState_None()
2023-03-28_16:45:28 INFO SetState_End()
2023-03-28_16:45:28 INFO SetState_None()
2023-03-28_16:45:28 INFO [ Battle StandBy ] SetState_Start()
2023-03-28_16:45:28 INFO SetState_BattleStandBy()
2023-03-28_16:46:27 INFO [ Battle StandBy ] SetState_Notify()
2023-03-28_16:47:26 INFO [ Battle StandBy ] SetState_End()
2023-03-28_16:47:26 INFO [ Battle StandBy ] SetState_None()
2023-03-28_16:47:26 INFO [ Battle Maya ] SetState_StandBy_1()
2023-03-28_16:47:26 INFO SetState_BattleOfMaya()
2023-03-28_16:49:25 INFO [ Battle Maya ] SetState_Notify_1()
2023-03-28_16:49:25 INFO [ Battle Maya ] Failed. No users at state 2
2023-03-28_16:49:25 INFO [ Battle Maya ] SetState_End()
2023-03-28_16:49:27 INFO [ Battle Maya ] SetState_EndCycle()
2023-03-28_16:49:27 INFO [ Battle Maya ] SetState_None()
2023-03-28_16:49:27 INFO SetState_End()
2023-03-28_16:49:27 INFO SetState_None()
2023-03-28_16:49:27 INFO [ Battle StandBy ] SetState_Start()
2023-03-28_16:49:27 INFO SetState_BattleStandBy()
2023-03-28_16:50:26 INFO [ Battle StandBy ] SetState_Notify()
2023-03-28_16:51:25 INFO [ Battle StandBy ] SetState_End()
2023-03-28_16:51:25 INFO [ Battle StandBy ] SetState_None()
2023-03-28_16:51:25 INFO [ Battle Maya ] SetState_StandBy_1()
2023-03-28_16:51:25 INFO SetState_BattleOfMaya()
2023-03-28_16:53:24 INFO [ Battle Maya ] SetState_Notify_1()
2023-03-28_16:53:25 INFO [ Battle Maya ] Failed. No users at state 2
2023-03-28_16:53:25 INFO [ Battle Maya ] SetState_End()
2023-03-28_16:53:27 INFO [ Battle Maya ] SetState_EndCycle()
2023-03-28_16:53:27 INFO [ Battle Maya ] SetState_None()
2023-03-28_16:53:27 INFO SetState_End()
2023-03-28_16:53:27 INFO SetState_None()
2023-03-28_16:53:27 INFO [ Battle StandBy ] SetState_Start()
2023-03-28_16:53:27 INFO SetState_BattleStandBy()
2023-03-28_16:54:26 INFO [ Battle StandBy ] SetState_Notify()
2023-03-28_16:55:25 INFO [ Battle StandBy ] SetState_End()
2023-03-28_16:55:25 INFO [ Battle StandBy ] SetState_None()
2023-03-28_16:55:25 INFO [ Battle Maya ] SetState_StandBy_1()
2023-03-28_16:55:25 INFO SetState_BattleOfMaya()
2023-03-28_16:57:24 INFO [ Battle Maya ] SetState_Notify_1()
2023-03-28_16:57:24 INFO [ Battle Maya ] Failed. No users at state 2
2023-03-28_16:57:24 INFO [ Battle Maya ] SetState_End()
2023-03-28_16:57:26 INFO [ Battle Maya ] SetState_EndCycle()
2023-03-28_16:57:26 INFO [ Battle Maya ] SetState_None()
2023-03-28_16:57:26 INFO SetState_End()
2023-03-28_16:57:26 INFO SetState_None()
2023-03-28_16:57:26 INFO [ Battle StandBy ] SetState_Start()
2023-03-28_16:57:26 INFO SetState_BattleStandBy()
2023-03-28_16:58:25 INFO [ Battle StandBy ] SetState_Notify()
2023-03-28_16:59:24 INFO [ Battle StandBy ] SetState_End()
2023-03-28_16:59:24 INFO [ Battle StandBy ] SetState_None()
2023-03-28_16:59:24 INFO [ Battle Maya ] SetState_StandBy_1()
2023-03-28_16:59:24 INFO SetState_BattleOfMaya()
2023-03-28_17:01:23 INFO [ Battle Maya ] SetState_Notify_1()
2023-03-28_17:01:23 INFO [ Battle Maya ] Failed. No users at state 2
2023-03-28_17:01:23 INFO [ Battle Maya ] SetState_End()
2023-03-28_17:01:25 INFO [ Battle Maya ] SetState_EndCycle()
2023-03-28_17:01:25 INFO [ Battle Maya ] SetState_None()
2023-03-28_17:01:25 INFO SetState_End()
2023-03-28_17:01:25 INFO SetState_None()
2023-03-28_17:01:25 INFO [ Battle StandBy ] SetState_Start()
2023-03-28_17:01:25 INFO SetState_BattleStandBy()
2023-03-28_17:02:24 INFO [ Battle StandBy ] SetState_Notify()
2023-03-28_17:03:23 INFO [ Battle StandBy ] SetState_End()
2023-03-28_17:03:24 INFO [ Battle StandBy ] SetState_None()
2023-03-28_17:03:24 INFO [ Battle Maya ] SetState_StandBy_1()
2023-03-28_17:03:24 INFO SetState_BattleOfMaya()
2023-03-28_17:05:23 INFO [ Battle Maya ] SetState_Notify_1()
2023-03-28_17:05:23 INFO [ Battle Maya ] Failed. No users at state 2
2023-03-28_17:05:23 INFO [ Battle Maya ] SetState_End()
2023-03-28_17:05:25 INFO [ Battle Maya ] SetState_EndCycle()
2023-03-28_17:05:25 INFO [ Battle Maya ] SetState_None()
2023-03-28_17:05:25 INFO SetState_End()
2023-03-28_17:05:25 INFO SetState_None()
2023-03-28_17:05:25 INFO [ Battle StandBy ] SetState_Start()
2023-03-28_17:05:25 INFO SetState_BattleStandBy()
2023-03-28_17:06:24 INFO [ Battle StandBy ] SetState_Notify()
2023-03-28_17:07:23 INFO [ Battle StandBy ] SetState_End()
2023-03-28_17:07:23 INFO [ Battle StandBy ] SetState_None()
2023-03-28_17:07:23 INFO [ Battle Maya ] SetState_StandBy_1()
2023-03-28_17:07:23 INFO SetState_BattleOfMaya()
2023-03-28_17:09:22 INFO [ Battle Maya ] SetState_Notify_1()
2023-03-28_17:09:22 INFO [ Battle Maya ] Failed. No users at state 2
2023-03-28_17:09:22 INFO [ Battle Maya ] SetState_End()
2023-03-28_17:09:24 INFO [ Battle Maya ] SetState_EndCycle()
2023-03-28_17:09:24 INFO [ Battle Maya ] SetState_None()
2023-03-28_17:09:24 INFO SetState_End()
2023-03-28_17:09:24 INFO SetState_None()
2023-03-28_17:09:24 INFO [ Battle StandBy ] SetState_Start()
2023-03-28_17:09:24 INFO SetState_BattleStandBy()
2023-03-28_17:10:23 INFO [ Battle StandBy ] SetState_Notify()
2023-03-28_17:11:22 INFO [ Battle StandBy ] SetState_End()
2023-03-28_17:11:22 INFO [ Battle StandBy ] SetState_None()
2023-03-28_17:11:22 INFO [ Battle Maya ] SetState_StandBy_1()
2023-03-28_17:11:22 INFO SetState_BattleOfMaya()
2023-03-28_17:13:21 INFO [ Battle Maya ] SetState_Notify_1()
2023-03-28_17:13:21 INFO [ Battle Maya ] Failed. No users at state 2
2023-03-28_17:13:21 INFO [ Battle Maya ] SetState_End()
2023-03-28_17:13:23 INFO [ Battle Maya ] SetState_EndCycle()
2023-03-28_17:13:23 INFO [ Battle Maya ] SetState_None()
2023-03-28_17:13:23 INFO SetState_End()
2023-03-28_17:13:23 INFO SetState_None()
2023-03-28_17:13:23 INFO [ Battle StandBy ] SetState_Start()
2023-03-28_17:13:23 INFO SetState_BattleStandBy()
2023-03-28_17:14:22 INFO [ Battle StandBy ] SetState_Notify()
2023-03-28_17:15:22 INFO [ Battle StandBy ] SetState_End()
2023-03-28_17:15:22 INFO [ Battle StandBy ] SetState_None()
2023-03-28_17:15:22 INFO [ Battle Maya ] SetState_StandBy_1()
2023-03-28_17:15:22 INFO SetState_BattleOfMaya()
2023-03-28_17:17:21 INFO [ Battle Maya ] SetState_Notify_1()
2023-03-28_17:17:21 INFO [ Battle Maya ] Failed. No users at state 2
2023-03-28_17:17:21 INFO [ Battle Maya ] SetState_End()
2023-03-28_17:17:23 INFO [ Battle Maya ] SetState_EndCycle()
2023-03-28_17:17:23 INFO [ Battle Maya ] SetState_None()
2023-03-28_17:17:23 INFO SetState_End()
2023-03-28_17:17:23 INFO SetState_None()
2023-03-28_17:17:23 INFO [ Battle StandBy ] SetState_Start()
2023-03-28_17:17:23 INFO SetState_BattleStandBy()
2023-03-28_17:18:22 INFO [ Battle StandBy ] SetState_Notify()
2023-03-28_17:19:21 INFO [ Battle StandBy ] SetState_End()
2023-03-28_17:19:21 INFO [ Battle StandBy ] SetState_None()
2023-03-28_17:19:21 INFO [ Battle Maya ] SetState_StandBy_1()
2023-03-28_17:19:21 INFO SetState_BattleOfMaya()
2023-03-28_17:21:20 INFO [ Battle Maya ] SetState_Notify_1()
2023-03-28_17:21:20 INFO [ Battle Maya ] Failed. No users at state 2
2023-03-28_17:21:20 INFO [ Battle Maya ] SetState_End()
2023-03-28_17:21:22 INFO [ Battle Maya ] SetState_EndCycle()
2023-03-28_17:21:22 INFO [ Battle Maya ] SetState_None()
2023-03-28_17:21:22 INFO SetState_End()
2023-03-28_17:21:22 INFO SetState_None()
2023-03-28_17:21:22 INFO [ Battle StandBy ] SetState_Start()
2023-03-28_17:21:22 INFO SetState_BattleStandBy()
2023-03-28_17:22:21 INFO [ Battle StandBy ] SetState_Notify()
2023-03-28_17:23:20 INFO [ Battle StandBy ] SetState_End()
2023-03-28_17:23:20 INFO [ Battle StandBy ] SetState_None()
2023-03-28_17:23:20 INFO [ Battle Maya ] SetState_StandBy_1()
2023-03-28_17:23:20 INFO SetState_BattleOfMaya()
2023-03-28_17:25:19 INFO [ Battle Maya ] SetState_Notify_1()
2023-03-28_17:25:19 INFO [ Battle Maya ] Failed. No users at state 2
2023-03-28_17:25:19 INFO [ Battle Maya ] SetState_End()
2023-03-28_17:25:21 INFO [ Battle Maya ] SetState_EndCycle()
2023-03-28_17:25:21 INFO [ Battle Maya ] SetState_None()
2023-03-28_17:25:21 INFO SetState_End()
2023-03-28_17:25:21 INFO SetState_None()
2023-03-28_17:25:21 INFO [ Battle StandBy ] SetState_Start()
2023-03-28_17:25:21 INFO SetState_BattleStandBy()
2023-03-28_17:26:20 INFO [ Battle StandBy ] SetState_Notify()
2023-03-28_17:27:20 INFO [ Battle StandBy ] SetState_End()
2023-03-28_17:27:20 INFO [ Battle StandBy ] SetState_None()
2023-03-28_17:27:20 INFO [ Battle Maya ] SetState_StandBy_1()
2023-03-28_17:27:20 INFO SetState_BattleOfMaya()
2023-03-28_17:29:19 INFO [ Battle Maya ] SetState_Notify_1()
2023-03-28_17:29:19 INFO [ Battle Maya ] Failed. No users at state 2
2023-03-28_17:29:19 INFO [ Battle Maya ] SetState_End()
2023-03-28_17:29:21 INFO [ Battle Maya ] SetState_EndCycle()
2023-03-28_17:29:21 INFO [ Battle Maya ] SetState_None()
2023-03-28_17:29:21 INFO SetState_End()
2023-03-28_17:29:21 INFO SetState_None()
2023-03-28_17:29:21 INFO [ Battle StandBy ] SetState_Start()
2023-03-28_17:29:21 INFO SetState_BattleStandBy()
2023-03-28_17:30:20 INFO [ Battle StandBy ] SetState_Notify()
2023-03-28_17:31:19 INFO [ Battle StandBy ] SetState_End()
2023-03-28_17:31:19 INFO [ Battle StandBy ] SetState_None()
2023-03-28_17:31:19 INFO [ Battle Maya ] SetState_StandBy_1()
2023-03-28_17:31:19 INFO SetState_BattleOfMaya()
2023-03-28_17:33:18 INFO [ Battle Maya ] SetState_Notify_1()
2023-03-28_17:33:18 INFO [ Battle Maya ] Failed. No users at state 2
2023-03-28_17:33:18 INFO [ Battle Maya ] SetState_End()
2023-03-28_17:33:20 INFO [ Battle Maya ] SetState_EndCycle()
2023-03-28_17:33:20 INFO [ Battle Maya ] SetState_None()
2023-03-28_17:33:20 INFO SetState_End()
2023-03-28_17:33:20 INFO SetState_None()
2023-03-28_17:33:20 INFO [ Battle StandBy ] SetState_Start()
2023-03-28_17:33:20 INFO SetState_BattleStandBy()
2023-03-28_17:34:19 INFO [ Battle StandBy ] SetState_Notify()
2023-03-28_17:35:18 INFO [ Battle StandBy ] SetState_End()
2023-03-28_17:35:18 INFO [ Battle StandBy ] SetState_None()
2023-03-28_17:35:18 INFO [ Battle Maya ] SetState_StandBy_1()
2023-03-28_17:35:18 INFO SetState_BattleOfMaya()
2023-03-28_17:37:17 INFO [ Battle Maya ] SetState_Notify_1()
2023-03-28_17:37:17 INFO [ Battle Maya ] Failed. No users at state 2
2023-03-28_17:37:17 INFO [ Battle Maya ] SetState_End()
2023-03-28_17:37:19 INFO [ Battle Maya ] SetState_EndCycle()
2023-03-28_17:37:19 INFO [ Battle Maya ] SetState_None()
2023-03-28_17:37:19 INFO SetState_End()
2023-03-28_17:37:20 INFO SetState_None()
2023-03-28_17:37:20 INFO [ Battle StandBy ] SetState_Start()
2023-03-28_17:37:20 INFO SetState_BattleStandBy()
2023-03-28_17:38:19 INFO [ Battle StandBy ] SetState_Notify()
2023-03-28_17:39:18 INFO [ Battle StandBy ] SetState_End()
2023-03-28_17:39:18 INFO [ Battle StandBy ] SetState_None()
2023-03-28_17:39:18 INFO [ Battle Maya ] SetState_StandBy_1()
2023-03-28_17:39:18 INFO SetState_BattleOfMaya()
2023-03-28_17:41:17 INFO [ Battle Maya ] SetState_Notify_1()
2023-03-28_17:41:17 INFO [ Battle Maya ] Failed. No users at state 2
2023-03-28_17:41:17 INFO [ Battle Maya ] SetState_End()
2023-03-28_17:41:19 INFO [ Battle Maya ] SetState_EndCycle()
2023-03-28_17:41:19 INFO [ Battle Maya ] SetState_None()
2023-03-28_17:41:19 INFO SetState_End()
2023-03-28_17:41:19 INFO SetState_None()
2023-03-28_17:41:19 INFO [ Battle StandBy ] SetState_Start()
2023-03-28_17:41:19 INFO SetState_BattleStandBy()
2023-03-28_17:42:18 INFO [ Battle StandBy ] SetState_Notify()
2023-03-28_17:43:17 INFO [ Battle StandBy ] SetState_End()
2023-03-28_17:43:17 INFO [ Battle StandBy ] SetState_None()
2023-03-28_17:43:17 INFO [ Battle Maya ] SetState_StandBy_1()
2023-03-28_17:43:17 INFO SetState_BattleOfMaya()
2023-03-28_17:45:16 INFO [ Battle Maya ] SetState_Notify_1()
2023-03-28_17:45:16 INFO [ Battle Maya ] Failed. No users at state 2
2023-03-28_17:45:16 INFO [ Battle Maya ] SetState_End()
2023-03-28_17:45:18 INFO [ Battle Maya ] SetState_EndCycle()
2023-03-28_17:45:18 INFO [ Battle Maya ] SetState_None()
2023-03-28_17:45:18 INFO SetState_End()
2023-03-28_17:45:18 INFO SetState_None()
2023-03-28_17:45:18 INFO [ Battle StandBy ] SetState_Start()
2023-03-28_17:45:18 INFO SetState_BattleStandBy()
2023-03-28_17:46:17 INFO [ Battle StandBy ] SetState_Notify()
2023-03-28_17:47:16 INFO [ Battle StandBy ] SetState_End()
2023-03-28_17:47:16 INFO [ Battle StandBy ] SetState_None()
2023-03-28_17:47:16 INFO [ Battle Maya ] SetState_StandBy_1()
2023-03-28_17:47:16 INFO SetState_BattleOfMaya()
2023-03-28_17:49:15 INFO [ Battle Maya ] SetState_Notify_1()
2023-03-28_17:49:15 INFO [ Battle Maya ] Failed. No users at state 2
2023-03-28_17:49:15 INFO [ Battle Maya ] SetState_End()
2023-03-28_17:49:17 INFO [ Battle Maya ] SetState_EndCycle()
2023-03-28_17:49:18 INFO [ Battle Maya ] SetState_None()
2023-03-28_17:49:18 INFO SetState_End()
2023-03-28_17:49:18 INFO SetState_None()
2023-03-28_17:49:18 INFO [ Battle StandBy ] SetState_Start()
2023-03-28_17:49:18 INFO SetState_BattleStandBy()
2023-03-28_17:50:17 INFO [ Battle StandBy ] SetState_Notify()
2023-03-28_17:51:16 INFO [ Battle StandBy ] SetState_End()
2023-03-28_17:51:16 INFO [ Battle StandBy ] SetState_None()
2023-03-28_17:51:16 INFO [ Battle Maya ] SetState_StandBy_1()
2023-03-28_17:51:16 INFO SetState_BattleOfMaya()
2023-03-28_17:53:15 INFO [ Battle Maya ] SetState_Notify_1()
2023-03-28_17:53:15 INFO [ Battle Maya ] Failed. No users at state 2
2023-03-28_17:53:15 INFO [ Battle Maya ] SetState_End()
2023-03-28_17:53:17 INFO [ Battle Maya ] SetState_EndCycle()
2023-03-28_17:53:17 INFO [ Battle Maya ] SetState_None()
2023-03-28_17:53:17 INFO SetState_End()
2023-03-28_17:53:17 INFO SetState_None()
2023-03-28_17:53:17 INFO [ Battle StandBy ] SetState_Start()
2023-03-28_17:53:17 INFO SetState_BattleStandBy()
2023-03-28_17:54:16 INFO [ Battle StandBy ] SetState_Notify()
2023-03-28_17:55:15 INFO [ Battle StandBy ] SetState_End()
2023-03-28_17:55:15 INFO [ Battle StandBy ] SetState_None()
2023-03-28_17:55:15 INFO [ Battle Maya ] SetState_StandBy_1()
2023-03-28_17:55:15 INFO SetState_BattleOfMaya()
2023-03-28_17:57:14 INFO [ Battle Maya ] SetState_Notify_1()
2023-03-28_17:57:14 INFO [ Battle Maya ] Failed. No users at state 2
2023-03-28_17:57:14 INFO [ Battle Maya ] SetState_End()
2023-03-28_17:57:16 INFO [ Battle Maya ] SetState_EndCycle()
2023-03-28_17:57:16 INFO [ Battle Maya ] SetState_None()
2023-03-28_17:57:16 INFO SetState_End()
2023-03-28_17:57:16 INFO SetState_None()
2023-03-28_17:57:16 INFO [ Battle StandBy ] SetState_Start()
2023-03-28_17:57:16 INFO SetState_BattleStandBy()
2023-03-28_17:58:15 INFO [ Battle StandBy ] SetState_Notify()
2023-03-28_17:59:15 INFO [ Battle StandBy ] SetState_End()
2023-03-28_17:59:15 INFO [ Battle StandBy ] SetState_None()
2023-03-28_17:59:15 INFO [ Battle Maya ] SetState_StandBy_1()
2023-03-28_17:59:15 INFO SetState_BattleOfMaya()
2023-03-28_18:01:14 INFO [ Battle Maya ] SetState_Notify_1()
2023-03-28_18:01:14 INFO [ Battle Maya ] Failed. No users at state 2
2023-03-28_18:01:14 INFO [ Battle Maya ] SetState_End()
2023-03-28_18:01:16 INFO [ Battle Maya ] SetState_EndCycle()
2023-03-28_18:01:16 INFO [ Battle Maya ] SetState_None()
2023-03-28_18:01:16 INFO SetState_End()
2023-03-28_18:01:16 INFO SetState_None()
2023-03-28_18:01:16 INFO [ Battle StandBy ] SetState_Start()
2023-03-28_18:01:16 INFO SetState_BattleStandBy()
2023-03-28_18:02:15 INFO [ Battle StandBy ] SetState_Notify()
2023-03-28_18:03:14 INFO [ Battle StandBy ] SetState_End()
2023-03-28_18:03:14 INFO [ Battle StandBy ] SetState_None()
2023-03-28_18:03:14 INFO [ Battle Maya ] SetState_StandBy_1()
2023-03-28_18:03:14 INFO SetState_BattleOfMaya()
2023-03-28_18:05:13 INFO [ Battle Maya ] SetState_Notify_1()
2023-03-28_18:05:13 INFO [ Battle Maya ] Failed. No users at state 2
2023-03-28_18:05:13 INFO [ Battle Maya ] SetState_End()
2023-03-28_18:05:15 INFO [ Battle Maya ] SetState_EndCycle()
2023-03-28_18:05:15 INFO [ Battle Maya ] SetState_None()
2023-03-28_18:05:15 INFO SetState_End()
2023-03-28_18:05:15 INFO SetState_None()
2023-03-28_18:05:15 INFO [ Battle StandBy ] SetState_Start()
2023-03-28_18:05:15 INFO SetState_BattleStandBy()
2023-03-28_18:06:14 INFO [ Battle StandBy ] SetState_Notify()
2023-03-28_18:07:13 INFO [ Battle StandBy ] SetState_End()
2023-03-28_18:07:13 INFO [ Battle StandBy ] SetState_None()
2023-03-28_18:07:14 INFO [ Battle Maya ] SetState_StandBy_1()
2023-03-28_18:07:14 INFO SetState_BattleOfMaya()
2023-03-28_18:09:13 INFO [ Battle Maya ] SetState_Notify_1()
2023-03-28_18:09:13 INFO [ Battle Maya ] Failed. No users at state 2
2023-03-28_18:09:13 INFO [ Battle Maya ] SetState_End()
2023-03-28_18:09:15 INFO [ Battle Maya ] SetState_EndCycle()
2023-03-28_18:09:15 INFO [ Battle Maya ] SetState_None()
2023-03-28_18:09:15 INFO SetState_End()
2023-03-28_18:09:15 INFO SetState_None()
2023-03-28_18:09:15 INFO [ Battle StandBy ] SetState_Start()
2023-03-28_18:09:15 INFO SetState_BattleStandBy()
2023-03-28_18:10:14 INFO [ Battle StandBy ] SetState_Notify()
2023-03-28_18:11:13 INFO [ Battle StandBy ] SetState_End()
2023-03-28_18:11:13 INFO [ Battle StandBy ] SetState_None()
2023-03-28_18:11:13 INFO [ Battle Maya ] SetState_StandBy_1()
2023-03-28_18:11:13 INFO SetState_BattleOfMaya()
2023-03-28_18:13:12 INFO [ Battle Maya ] SetState_Notify_1()
2023-03-28_18:13:12 INFO [ Battle Maya ] Failed. No users at state 2
2023-03-28_18:13:12 INFO [ Battle Maya ] SetState_End()
2023-03-28_18:13:14 INFO [ Battle Maya ] SetState_EndCycle()
2023-03-28_18:13:14 INFO [ Battle Maya ] SetState_None()
2023-03-28_18:13:14 INFO SetState_End()
2023-03-28_18:13:14 INFO SetState_None()
2023-03-28_18:13:14 INFO [ Battle StandBy ] SetState_Start()
2023-03-28_18:13:14 INFO SetState_BattleStandBy()
2023-03-28_18:14:13 INFO [ Battle StandBy ] SetState_Notify()
2023-03-28_18:15:12 INFO [ Battle StandBy ] SetState_End()
2023-03-28_18:15:12 INFO [ Battle StandBy ] SetState_None()
2023-03-28_18:15:12 INFO [ Battle Maya ] SetState_StandBy_1()
2023-03-28_18:15:12 INFO SetState_BattleOfMaya()
2023-03-28_18:17:11 INFO [ Battle Maya ] SetState_Notify_1()
2023-03-28_18:17:11 INFO [ Battle Maya ] Failed. No users at state 2
2023-03-28_18:17:11 INFO [ Battle Maya ] SetState_End()
2023-03-28_18:17:13 INFO [ Battle Maya ] SetState_EndCycle()
2023-03-28_18:17:14 INFO [ Battle Maya ] SetState_None()
2023-03-28_18:17:14 INFO SetState_End()
2023-03-28_18:17:14 INFO SetState_None()
2023-03-28_18:17:14 INFO [ Battle StandBy ] SetState_Start()
2023-03-28_18:17:14 INFO SetState_BattleStandBy()
2023-03-28_18:18:13 INFO [ Battle StandBy ] SetState_Notify()
2023-03-28_18:19:12 INFO [ Battle StandBy ] SetState_End()
2023-03-28_18:19:12 INFO [ Battle StandBy ] SetState_None()
2023-03-28_18:19:12 INFO [ Battle Maya ] SetState_StandBy_1()
2023-03-28_18:19:12 INFO SetState_BattleOfMaya()
2023-03-28_18:21:11 INFO [ Battle Maya ] SetState_Notify_1()
2023-03-28_18:21:11 INFO [ Battle Maya ] Failed. No users at state 2
2023-03-28_18:21:11 INFO [ Battle Maya ] SetState_End()
2023-03-28_18:21:13 INFO [ Battle Maya ] SetState_EndCycle()
2023-03-28_18:21:13 INFO [ Battle Maya ] SetState_None()
2023-03-28_18:21:13 INFO SetState_End()
2023-03-28_18:21:13 INFO SetState_None()
2023-03-28_18:21:13 INFO [ Battle StandBy ] SetState_Start()
2023-03-28_18:21:13 INFO SetState_BattleStandBy()
2023-03-28_18:22:12 INFO [ Battle StandBy ] SetState_Notify()
2023-03-28_18:23:11 INFO [ Battle StandBy ] SetState_End()
2023-03-28_18:23:11 INFO [ Battle StandBy ] SetState_None()
2023-03-28_18:23:11 INFO [ Battle Maya ] SetState_StandBy_1()
2023-03-28_18:23:11 INFO SetState_BattleOfMaya()
2023-03-28_18:25:10 INFO [ Battle Maya ] SetState_Notify_1()
2023-03-28_18:25:10 INFO [ Battle Maya ] Failed. No users at state 2
2023-03-28_18:25:10 INFO [ Battle Maya ] SetState_End()
2023-03-28_18:25:12 INFO [ Battle Maya ] SetState_EndCycle()
2023-03-28_18:25:12 INFO [ Battle Maya ] SetState_None()
2023-03-28_18:25:12 INFO SetState_End()
2023-03-28_18:25:12 INFO SetState_None()
2023-03-28_18:25:12 INFO [ Battle StandBy ] SetState_Start()
2023-03-28_18:25:12 INFO SetState_BattleStandBy()
2023-03-28_18:26:11 INFO [ Battle StandBy ] SetState_Notify()
2023-03-28_18:27:10 INFO [ Battle StandBy ] SetState_End()
2023-03-28_18:27:11 INFO [ Battle StandBy ] SetState_None()
2023-03-28_18:27:11 INFO [ Battle Maya ] SetState_StandBy_1()
2023-03-28_18:27:11 INFO SetState_BattleOfMaya()
2023-03-28_18:29:10 INFO [ Battle Maya ] SetState_Notify_1()
2023-03-28_18:29:10 INFO [ Battle Maya ] Failed. No users at state 2
2023-03-28_18:29:10 INFO [ Battle Maya ] SetState_End()
2023-03-28_18:29:12 INFO [ Battle Maya ] SetState_EndCycle()
2023-03-28_18:29:12 INFO [ Battle Maya ] SetState_None()
2023-03-28_18:29:12 INFO SetState_End()
2023-03-28_18:29:12 INFO SetState_None()
2023-03-28_18:29:12 INFO [ Battle StandBy ] SetState_Start()
2023-03-28_18:29:12 INFO SetState_BattleStandBy()
2023-03-28_18:30:11 INFO [ Battle StandBy ] SetState_Notify()
2023-03-28_18:31:10 INFO [ Battle StandBy ] SetState_End()
2023-03-28_18:31:10 INFO [ Battle StandBy ] SetState_None()
2023-03-28_18:31:10 INFO [ Battle Maya ] SetState_StandBy_1()
2023-03-28_18:31:10 INFO SetState_BattleOfMaya()
2023-03-28_18:33:09 INFO [ Battle Maya ] SetState_Notify_1()
2023-03-28_18:33:09 INFO [ Battle Maya ] Failed. No users at state 2
2023-03-28_18:33:09 INFO [ Battle Maya ] SetState_End()
2023-03-28_18:33:11 INFO [ Battle Maya ] SetState_EndCycle()
2023-03-28_18:33:11 INFO [ Battle Maya ] SetState_None()
2023-03-28_18:33:11 INFO SetState_End()
2023-03-28_18:33:11 INFO SetState_None()
2023-03-28_18:33:11 INFO [ Battle StandBy ] SetState_Start()
2023-03-28_18:33:11 INFO SetState_BattleStandBy()
2023-03-28_18:34:10 INFO [ Battle StandBy ] SetState_Notify()
2023-03-28_18:35:09 INFO [ Battle StandBy ] SetState_End()
2023-03-28_18:35:09 INFO [ Battle StandBy ] SetState_None()
2023-03-28_18:35:09 INFO [ Battle Maya ] SetState_StandBy_1()
2023-03-28_18:35:09 INFO SetState_BattleOfMaya()
2023-03-28_18:37:08 INFO [ Battle Maya ] SetState_Notify_1()
2023-03-28_18:37:08 INFO [ Battle Maya ] Failed. No users at state 2
2023-03-28_18:37:08 INFO [ Battle Maya ] SetState_End()
2023-03-28_18:37:11 INFO [ Battle Maya ] SetState_EndCycle()
2023-03-28_18:37:11 INFO [ Battle Maya ] SetState_None()
2023-03-28_18:37:11 INFO SetState_End()
2023-03-28_18:37:11 INFO SetState_None()
2023-03-28_18:37:11 INFO [ Battle StandBy ] SetState_Start()
2023-03-28_18:37:11 INFO SetState_BattleStandBy()
2023-03-28_18:38:10 INFO [ Battle StandBy ] SetState_Notify()
2023-03-28_18:39:09 INFO [ Battle StandBy ] SetState_End()
2023-03-28_18:39:09 INFO [ Battle StandBy ] SetState_None()
2023-03-28_18:39:09 INFO [ Battle Maya ] SetState_StandBy_1()
2023-03-28_18:39:09 INFO SetState_BattleOfMaya()
2023-03-28_18:41:08 INFO [ Battle Maya ] SetState_Notify_1()
2023-03-28_18:41:08 INFO [ Battle Maya ] Failed. No users at state 2
2023-03-28_18:41:08 INFO [ Battle Maya ] SetState_End()
2023-03-28_18:41:10 INFO [ Battle Maya ] SetState_EndCycle()
2023-03-28_18:41:10 INFO [ Battle Maya ] SetState_None()
2023-03-28_18:41:10 INFO SetState_End()
2023-03-28_18:41:10 INFO SetState_None()
2023-03-28_18:41:10 INFO [ Battle StandBy ] SetState_Start()
2023-03-28_18:41:10 INFO SetState_BattleStandBy()
2023-03-28_18:42:09 INFO [ Battle StandBy ] SetState_Notify()
2023-03-28_18:43:08 INFO [ Battle StandBy ] SetState_End()
2023-03-28_18:43:08 INFO [ Battle StandBy ] SetState_None()
2023-03-28_18:43:08 INFO [ Battle Maya ] SetState_StandBy_1()
2023-03-28_18:43:08 INFO SetState_BattleOfMaya()
2023-03-28_18:45:07 INFO [ Battle Maya ] SetState_Notify_1()
2023-03-28_18:45:07 INFO [ Battle Maya ] Failed. No users at state 2
2023-03-28_18:45:07 INFO [ Battle Maya ] SetState_End()
2023-03-28_18:45:09 INFO [ Battle Maya ] SetState_EndCycle()
2023-03-28_18:45:09 INFO [ Battle Maya ] SetState_None()
2023-03-28_18:45:09 INFO SetState_End()
2023-03-28_18:45:10 INFO SetState_None()
2023-03-28_18:45:10 INFO [ Battle StandBy ] SetState_Start()
2023-03-28_18:45:10 INFO SetState_BattleStandBy()
2023-03-28_18:46:09 INFO [ Battle StandBy ] SetState_Notify()
2023-03-28_18:47:08 INFO [ Battle StandBy ] SetState_End()
2023-03-28_18:47:08 INFO [ Battle StandBy ] SetState_None()
2023-03-28_18:47:08 INFO [ Battle Maya ] SetState_StandBy_1()
2023-03-28_18:47:08 INFO SetState_BattleOfMaya()
2023-03-28_18:49:07 INFO [ Battle Maya ] SetState_Notify_1()
2023-03-28_18:49:07 INFO [ Battle Maya ] Failed. No users at state 2
2023-03-28_18:49:07 INFO [ Battle Maya ] SetState_End()
2023-03-28_18:49:09 INFO [ Battle Maya ] SetState_EndCycle()
2023-03-28_18:49:09 INFO [ Battle Maya ] SetState_None()
2023-03-28_18:49:09 INFO SetState_End()
2023-03-28_18:49:09 INFO SetState_None()
2023-03-28_18:49:09 INFO [ Battle StandBy ] SetState_Start()
2023-03-28_18:49:09 INFO SetState_BattleStandBy()
2023-03-28_18:50:08 INFO [ Battle StandBy ] SetState_Notify()
2023-03-28_18:51:07 INFO [ Battle StandBy ] SetState_End()
2023-03-28_18:51:07 INFO [ Battle StandBy ] SetState_None()
2023-03-28_18:51:07 INFO [ Battle Maya ] SetState_StandBy_1()
2023-03-28_18:51:07 INFO SetState_BattleOfMaya()
2023-03-28_18:53:06 INFO [ Battle Maya ] SetState_Notify_1()
2023-03-28_18:53:06 INFO [ Battle Maya ] Failed. No users at state 2
2023-03-28_18:53:06 INFO [ Battle Maya ] SetState_End()
2023-03-28_18:53:08 INFO [ Battle Maya ] SetState_EndCycle()
2023-03-28_18:53:08 INFO [ Battle Maya ] SetState_None()
2023-03-28_18:53:08 INFO SetState_End()
2023-03-28_18:53:08 INFO SetState_None()
2023-03-28_18:53:08 INFO [ Battle StandBy ] SetState_Start()
2023-03-28_18:53:08 INFO SetState_BattleStandBy()
2023-03-28_18:54:07 INFO [ Battle StandBy ] SetState_Notify()
2023-03-28_18:55:06 INFO [ Battle StandBy ] SetState_End()
2023-03-28_18:55:07 INFO [ Battle StandBy ] SetState_None()
2023-03-28_18:55:07 INFO [ Battle Maya ] SetState_StandBy_1()
2023-03-28_18:55:07 INFO SetState_BattleOfMaya()
2023-03-28_18:57:06 INFO [ Battle Maya ] SetState_Notify_1()
2023-03-28_18:57:06 INFO [ Battle Maya ] Failed. No users at state 2
2023-03-28_18:57:06 INFO [ Battle Maya ] SetState_End()
2023-03-28_18:57:08 INFO [ Battle Maya ] SetState_EndCycle()
2023-03-28_18:57:08 INFO [ Battle Maya ] SetState_None()
2023-03-28_18:57:08 INFO SetState_End()
2023-03-28_18:57:08 INFO SetState_None()
2023-03-28_18:57:08 INFO [ Battle StandBy ] SetState_Start()
2023-03-28_18:57:08 INFO SetState_BattleStandBy()
2023-03-28_18:58:07 INFO [ Battle StandBy ] SetState_Notify()
2023-03-28_18:59:06 INFO [ Battle StandBy ] SetState_End()
2023-03-28_18:59:06 INFO [ Battle StandBy ] SetState_None()
2023-03-28_18:59:06 INFO [ Battle Maya ] SetState_StandBy_1()
2023-03-28_18:59:06 INFO SetState_BattleOfMaya()
2023-03-28_19:01:05 INFO [ Battle Maya ] SetState_Notify_1()
2023-03-28_19:01:05 INFO [ Battle Maya ] Failed. No users at state 2
2023-03-28_19:01:05 INFO [ Battle Maya ] SetState_End()
2023-03-28_19:01:07 INFO [ Battle Maya ] SetState_EndCycle()
2023-03-28_19:01:07 INFO [ Battle Maya ] SetState_None()
2023-03-28_19:01:07 INFO SetState_End()
2023-03-28_19:01:07 INFO SetState_None()
2023-03-28_19:01:07 INFO [ Battle StandBy ] SetState_Start()
2023-03-28_19:01:07 INFO SetState_BattleStandBy()
2023-03-28_19:02:06 INFO [ Battle StandBy ] SetState_Notify()
2023-03-28_19:03:05 INFO [ Battle StandBy ] SetState_End()
2023-03-28_19:03:05 INFO [ Battle StandBy ] SetState_None()
2023-03-28_19:03:05 INFO [ Battle Maya ] SetState_StandBy_1()
2023-03-28_19:03:05 INFO SetState_BattleOfMaya()
2023-03-28_19:05:04 INFO [ Battle Maya ] SetState_Notify_1()
2023-03-28_19:05:04 INFO [ Battle Maya ] Failed. No users at state 2
2023-03-28_19:05:05 INFO [ Battle Maya ] SetState_End()
2023-03-28_19:05:07 INFO [ Battle Maya ] SetState_EndCycle()
2023-03-28_19:05:07 INFO [ Battle Maya ] SetState_None()
2023-03-28_19:05:07 INFO SetState_End()
2023-03-28_19:05:07 INFO SetState_None()
2023-03-28_19:05:07 INFO [ Battle StandBy ] SetState_Start()
2023-03-28_19:05:07 INFO SetState_BattleStandBy()
2023-03-28_19:06:06 INFO [ Battle StandBy ] SetState_Notify()
2023-03-28_19:07:05 INFO [ Battle StandBy ] SetState_End()
2023-03-28_19:07:05 INFO [ Battle StandBy ] SetState_None()
2023-03-28_19:07:05 INFO [ Battle Maya ] SetState_StandBy_1()
2023-03-28_19:07:05 INFO SetState_BattleOfMaya()
2023-03-28_19:09:04 INFO [ Battle Maya ] SetState_Notify_1()
2023-03-28_19:09:04 INFO [ Battle Maya ] Failed. No users at state 2
2023-03-28_19:09:04 INFO [ Battle Maya ] SetState_End()
2023-03-28_19:09:06 INFO [ Battle Maya ] SetState_EndCycle()
2023-03-28_19:09:06 INFO [ Battle Maya ] SetState_None()
2023-03-28_19:09:06 INFO SetState_End()
2023-03-28_19:09:06 INFO SetState_None()
2023-03-28_19:09:06 INFO [ Battle StandBy ] SetState_Start()
2023-03-28_19:09:06 INFO SetState_BattleStandBy()
2023-03-28_19:10:05 INFO [ Battle StandBy ] SetState_Notify()
2023-03-28_19:11:04 INFO [ Battle StandBy ] SetState_End()
2023-03-28_19:11:04 INFO [ Battle StandBy ] SetState_None()
2023-03-28_19:11:04 INFO [ Battle Maya ] SetState_StandBy_1()
2023-03-28_19:11:04 INFO SetState_BattleOfMaya()
2023-03-28_19:13:03 INFO [ Battle Maya ] SetState_Notify_1()
2023-03-28_19:13:03 INFO [ Battle Maya ] Failed. No users at state 2
2023-03-28_19:13:03 INFO [ Battle Maya ] SetState_End()
2023-03-28_19:13:05 INFO [ Battle Maya ] SetState_EndCycle()
2023-03-28_19:13:05 INFO [ Battle Maya ] SetState_None()
2023-03-28_19:13:06 INFO SetState_End()
2023-03-28_19:13:06 INFO SetState_None()
2023-03-28_19:13:06 INFO [ Battle StandBy ] SetState_Start()
2023-03-28_19:13:06 INFO SetState_BattleStandBy()
2023-03-28_19:14:05 INFO [ Battle StandBy ] SetState_Notify()
2023-03-28_19:15:04 INFO [ Battle StandBy ] SetState_End()
2023-03-28_19:15:04 INFO [ Battle StandBy ] SetState_None()
2023-03-28_19:15:04 INFO [ Battle Maya ] SetState_StandBy_1()
2023-03-28_19:15:04 INFO SetState_BattleOfMaya()
2023-03-28_19:17:03 INFO [ Battle Maya ] SetState_Notify_1()
2023-03-28_19:17:03 INFO [ Battle Maya ] Failed. No users at state 2
2023-03-28_19:17:03 INFO [ Battle Maya ] SetState_End()
2023-03-28_19:17:05 INFO [ Battle Maya ] SetState_EndCycle()
2023-03-28_19:17:05 INFO [ Battle Maya ] SetState_None()
2023-03-28_19:17:05 INFO SetState_End()
2023-03-28_19:17:05 INFO SetState_None()
2023-03-28_19:17:05 INFO [ Battle StandBy ] SetState_Start()
2023-03-28_19:17:05 INFO SetState_BattleStandBy()
2023-03-28_19:18:04 INFO [ Battle StandBy ] SetState_Notify()
2023-03-28_19:19:03 INFO [ Battle StandBy ] SetState_End()
2023-03-28_19:19:03 INFO [ Battle StandBy ] SetState_None()
2023-03-28_19:19:03 INFO [ Battle Maya ] SetState_StandBy_1()
2023-03-28_19:19:03 INFO SetState_BattleOfMaya()
2023-03-28_19:21:02 INFO [ Battle Maya ] SetState_Notify_1()
2023-03-28_19:21:02 INFO [ Battle Maya ] Failed. No users at state 2
2023-03-28_19:21:02 INFO [ Battle Maya ] SetState_End()
2023-03-28_19:21:04 INFO [ Battle Maya ] SetState_EndCycle()
2023-03-28_19:21:04 INFO [ Battle Maya ] SetState_None()
2023-03-28_19:21:04 INFO SetState_End()
2023-03-28_19:21:04 INFO SetState_None()
2023-03-28_19:21:04 INFO [ Battle StandBy ] SetState_Start()
2023-03-28_19:21:04 INFO SetState_BattleStandBy()
2023-03-28_19:22:03 INFO [ Battle StandBy ] SetState_Notify()
2023-03-28_19:23:03 INFO [ Battle StandBy ] SetState_End()
2023-03-28_19:23:03 INFO [ Battle StandBy ] SetState_None()
2023-03-28_19:23:03 INFO [ Battle Maya ] SetState_StandBy_1()
2023-03-28_19:23:03 INFO SetState_BattleOfMaya()
2023-03-28_19:25:02 INFO [ Battle Maya ] SetState_Notify_1()
2023-03-28_19:25:02 INFO [ Battle Maya ] Failed. No users at state 2
2023-03-28_19:25:02 INFO [ Battle Maya ] SetState_End()
2023-03-28_19:25:04 INFO [ Battle Maya ] SetState_EndCycle()
2023-03-28_19:25:04 INFO [ Battle Maya ] SetState_None()
2023-03-28_19:25:04 INFO SetState_End()
2023-03-28_19:25:04 INFO SetState_None()
2023-03-28_19:25:04 INFO [ Battle StandBy ] SetState_Start()
2023-03-28_19:25:04 INFO SetState_BattleStandBy()
2023-03-28_19:26:03 INFO [ Battle StandBy ] SetState_Notify()
2023-03-28_19:27:02 INFO [ Battle StandBy ] SetState_End()
2023-03-28_19:27:02 INFO [ Battle StandBy ] SetState_None()
2023-03-28_19:27:02 INFO [ Battle Maya ] SetState_StandBy_1()
2023-03-28_19:27:02 INFO SetState_BattleOfMaya()
2023-03-28_19:29:01 INFO [ Battle Maya ] SetState_Notify_1()
2023-03-28_19:29:01 INFO [ Battle Maya ] Failed. No users at state 2
2023-03-28_19:29:01 INFO [ Battle Maya ] SetState_End()
2023-03-28_19:29:03 INFO [ Battle Maya ] SetState_EndCycle()
2023-03-28_19:29:03 INFO [ Battle Maya ] SetState_None()
2023-03-28_19:29:03 INFO SetState_End()
2023-03-28_19:29:03 INFO SetState_None()
2023-03-28_19:29:03 INFO [ Battle StandBy ] SetState_Start()
2023-03-28_19:29:03 INFO SetState_BattleStandBy()
2023-03-28_19:30:02 INFO [ Battle StandBy ] SetState_Notify()
2023-03-28_19:31:01 INFO [ Battle StandBy ] SetState_End()
2023-03-28_19:31:01 INFO [ Battle StandBy ] SetState_None()
2023-03-28_19:31:01 INFO [ Battle Maya ] SetState_StandBy_1()
2023-03-28_19:31:01 INFO SetState_BattleOfMaya()
2023-03-28_19:33:00 INFO [ Battle Maya ] SetState_Notify_1()
2023-03-28_19:33:01 INFO [ Battle Maya ] Failed. No users at state 2
2023-03-28_19:33:01 INFO [ Battle Maya ] SetState_End()
2023-03-28_19:33:03 INFO [ Battle Maya ] SetState_EndCycle()
2023-03-28_19:33:03 INFO [ Battle Maya ] SetState_None()
2023-03-28_19:33:03 INFO SetState_End()
2023-03-28_19:33:03 INFO SetState_None()
2023-03-28_19:33:03 INFO [ Battle StandBy ] SetState_Start()
2023-03-28_19:33:03 INFO SetState_BattleStandBy()
2023-03-28_19:34:02 INFO [ Battle StandBy ] SetState_Notify()
2023-03-28_19:35:01 INFO [ Battle StandBy ] SetState_End()
2023-03-28_19:35:01 INFO [ Battle StandBy ] SetState_None()
2023-03-28_19:35:01 INFO [ Battle Maya ] SetState_StandBy_1()
2023-03-28_19:35:01 INFO SetState_BattleOfMaya()
2023-03-28_19:37:00 INFO [ Battle Maya ] SetState_Notify_1()
2023-03-28_19:37:00 INFO [ Battle Maya ] Failed. No users at state 2
2023-03-28_19:37:00 INFO [ Battle Maya ] SetState_End()
2023-03-28_19:37:02 INFO [ Battle Maya ] SetState_EndCycle()
2023-03-28_19:37:02 INFO [ Battle Maya ] SetState_None()
2023-03-28_19:37:02 INFO SetState_End()
2023-03-28_19:37:03 INFO SetState_None()
2023-03-28_19:37:03 INFO [ Battle StandBy ] SetState_Start()
2023-03-28_19:37:03 INFO SetState_BattleStandBy()
2023-03-28_19:38:02 INFO [ Battle StandBy ] SetState_Notify()
2023-03-28_19:39:01 INFO [ Battle StandBy ] SetState_End()
2023-03-28_19:39:01 INFO [ Battle StandBy ] SetState_None()
2023-03-28_19:39:01 INFO [ Battle Maya ] SetState_StandBy_1()
2023-03-28_19:39:01 INFO SetState_BattleOfMaya()
2023-03-28_19:41:00 INFO [ Battle Maya ] SetState_Notify_1()
2023-03-28_19:41:00 INFO [ Battle Maya ] Failed. No users at state 2
2023-03-28_19:41:00 INFO [ Battle Maya ] SetState_End()
2023-03-28_19:41:02 INFO [ Battle Maya ] SetState_EndCycle()
2023-03-28_19:41:02 INFO [ Battle Maya ] SetState_None()
2023-03-28_19:41:02 INFO SetState_End()
2023-03-28_19:41:02 INFO SetState_None()
2023-03-28_19:41:02 INFO [ Battle StandBy ] SetState_Start()
2023-03-28_19:41:02 INFO SetState_BattleStandBy()
2023-03-28_19:42:01 INFO [ Battle StandBy ] SetState_Notify()
2023-03-28_19:43:00 INFO [ Battle StandBy ] SetState_End()
2023-03-28_19:43:00 INFO [ Battle StandBy ] SetState_None()
2023-03-28_19:43:00 INFO [ Battle Maya ] SetState_StandBy_1()
2023-03-28_19:43:00 INFO SetState_BattleOfMaya()
2023-03-28_19:44:59 INFO [ Battle Maya ] SetState_Notify_1()
2023-03-28_19:44:59 INFO [ Battle Maya ] Failed. No users at state 2
2023-03-28_19:44:59 INFO [ Battle Maya ] SetState_End()
2023-03-28_19:45:01 INFO [ Battle Maya ] SetState_EndCycle()
2023-03-28_19:45:01 INFO [ Battle Maya ] SetState_None()
2023-03-28_19:45:01 INFO SetState_End()
2023-03-28_19:45:01 INFO SetState_None()
2023-03-28_19:45:01 INFO [ Battle StandBy ] SetState_Start()
2023-03-28_19:45:01 INFO SetState_BattleStandBy()
2023-03-28_19:46:00 INFO [ Battle StandBy ] SetState_Notify()
2023-03-28_19:47:00 INFO [ Battle StandBy ] SetState_End()
2023-03-28_19:47:00 INFO [ Battle StandBy ] SetState_None()
2023-03-28_19:47:00 INFO [ Battle Maya ] SetState_StandBy_1()
2023-03-28_19:47:00 INFO SetState_BattleOfMaya()
2023-03-28_19:48:59 INFO [ Battle Maya ] SetState_Notify_1()
2023-03-28_19:48:59 INFO [ Battle Maya ] Failed. No users at state 2
2023-03-28_19:48:59 INFO [ Battle Maya ] SetState_End()
2023-03-28_19:49:01 INFO [ Battle Maya ] SetState_EndCycle()
2023-03-28_19:49:01 INFO [ Battle Maya ] SetState_None()
2023-03-28_19:49:01 INFO SetState_End()
2023-03-28_19:49:01 INFO SetState_None()
2023-03-28_19:49:01 INFO [ Battle StandBy ] SetState_Start()
2023-03-28_19:49:01 INFO SetState_BattleStandBy()
2023-03-28_19:50:00 INFO [ Battle StandBy ] SetState_Notify()
2023-03-28_19:50:59 INFO [ Battle StandBy ] SetState_End()
2023-03-28_19:50:59 INFO [ Battle StandBy ] SetState_None()
2023-03-28_19:50:59 INFO [ Battle Maya ] SetState_StandBy_1()
2023-03-28_19:50:59 INFO SetState_BattleOfMaya()
2023-03-28_19:52:58 INFO [ Battle Maya ] SetState_Notify_1()
2023-03-28_19:52:58 INFO [ Battle Maya ] Failed. No users at state 2
2023-03-28_19:52:58 INFO [ Battle Maya ] SetState_End()
2023-03-28_19:53:00 INFO [ Battle Maya ] SetState_EndCycle()
2023-03-28_19:53:00 INFO [ Battle Maya ] SetState_None()
2023-03-28_19:53:00 INFO SetState_End()
2023-03-28_19:53:00 INFO SetState_None()
2023-03-28_19:53:00 INFO [ Battle StandBy ] SetState_Start()
2023-03-28_19:53:00 INFO SetState_BattleStandBy()
2023-03-28_19:53:59 INFO [ Battle StandBy ] SetState_Notify()
2023-03-28_19:54:58 INFO [ Battle StandBy ] SetState_End()
2023-03-28_19:54:59 INFO [ Battle StandBy ] SetState_None()
2023-03-28_19:54:59 INFO [ Battle Maya ] SetState_StandBy_1()
2023-03-28_19:54:59 INFO SetState_BattleOfMaya()
2023-03-28_19:56:58 INFO [ Battle Maya ] SetState_Notify_1()
2023-03-28_19:56:58 INFO [ Battle Maya ] Failed. No users at state 2
2023-03-28_19:56:58 INFO [ Battle Maya ] SetState_End()
2023-03-28_19:57:00 INFO [ Battle Maya ] SetState_EndCycle()
2023-03-28_19:57:00 INFO [ Battle Maya ] SetState_None()
2023-03-28_19:57:00 INFO SetState_End()
2023-03-28_19:57:00 INFO SetState_None()
2023-03-28_19:57:00 INFO [ Battle StandBy ] SetState_Start()
2023-03-28_19:57:00 INFO SetState_BattleStandBy()
2023-03-28_19:57:59 INFO [ Battle StandBy ] SetState_Notify()
2023-03-28_19:58:58 INFO [ Battle StandBy ] SetState_End()
2023-03-28_19:58:58 INFO [ Battle StandBy ] SetState_None()
2023-03-28_19:58:58 INFO [ Battle Maya ] SetState_StandBy_1()
2023-03-28_19:58:58 INFO SetState_BattleOfMaya()
2023-03-28_20:00:57 INFO [ Battle Maya ] SetState_Notify_1()
2023-03-28_20:00:57 INFO [ Battle Maya ] Failed. No users at state 2
2023-03-28_20:00:57 INFO [ Battle Maya ] SetState_End()
2023-03-28_20:00:59 INFO [ Battle Maya ] SetState_EndCycle()
2023-03-28_20:00:59 INFO [ Battle Maya ] SetState_None()
2023-03-28_20:00:59 INFO SetState_End()
2023-03-28_20:00:59 INFO SetState_None()
2023-03-28_20:00:59 INFO [ Battle StandBy ] SetState_Start()
2023-03-28_20:00:59 INFO SetState_BattleStandBy()
2023-03-28_20:01:58 INFO [ Battle StandBy ] SetState_Notify()
2023-03-28_20:02:57 INFO [ Battle StandBy ] SetState_End()
2023-03-28_20:02:57 INFO [ Battle StandBy ] SetState_None()
2023-03-28_20:02:57 INFO [ Battle Maya ] SetState_StandBy_1()
2023-03-28_20:02:58 INFO SetState_BattleOfMaya()
2023-03-28_20:04:57 INFO [ Battle Maya ] SetState_Notify_1()
2023-03-28_20:04:57 INFO [ Battle Maya ] Failed. No users at state 2
2023-03-28_20:04:57 INFO [ Battle Maya ] SetState_End()
2023-03-28_20:04:59 INFO [ Battle Maya ] SetState_EndCycle()
2023-03-28_20:04:59 INFO [ Battle Maya ] SetState_None()
2023-03-28_20:04:59 INFO SetState_End()
2023-03-28_20:04:59 INFO SetState_None()
2023-03-28_20:04:59 INFO [ Battle StandBy ] SetState_Start()
2023-03-28_20:04:59 INFO SetState_BattleStandBy()
2023-03-28_20:05:58 INFO [ Battle StandBy ] SetState_Notify()
2023-03-28_20:06:57 INFO [ Battle StandBy ] SetState_End()
2023-03-28_20:06:57 INFO [ Battle StandBy ] SetState_None()
2023-03-28_20:06:57 INFO [ Battle Maya ] SetState_StandBy_1()
2023-03-28_20:06:57 INFO SetState_BattleOfMaya()
2023-03-28_20:08:56 INFO [ Battle Maya ] SetState_Notify_1()
2023-03-28_20:08:56 INFO [ Battle Maya ] Failed. No users at state 2
2023-03-28_20:08:56 INFO [ Battle Maya ] SetState_End()
2023-03-28_20:08:58 INFO [ Battle Maya ] SetState_EndCycle()
2023-03-28_20:08:58 INFO [ Battle Maya ] SetState_None()
2023-03-28_20:08:58 INFO SetState_End()
2023-03-28_20:08:58 INFO SetState_None()
2023-03-28_20:08:58 INFO [ Battle StandBy ] SetState_Start()
2023-03-28_20:08:58 INFO SetState_BattleStandBy()
2023-03-28_20:09:57 INFO [ Battle StandBy ] SetState_Notify()
2023-03-28_20:10:56 INFO [ Battle StandBy ] SetState_End()
2023-03-28_20:10:56 INFO [ Battle StandBy ] SetState_None()
2023-03-28_20:10:56 INFO [ Battle Maya ] SetState_StandBy_1()
2023-03-28_20:10:56 INFO SetState_BattleOfMaya()
2023-03-28_20:12:56 INFO [ Battle Maya ] SetState_Notify_1()
2023-03-28_20:12:56 INFO [ Battle Maya ] Failed. No users at state 2
2023-03-28_20:12:56 INFO [ Battle Maya ] SetState_End()
2023-03-28_20:12:58 INFO [ Battle Maya ] SetState_EndCycle()
2023-03-28_20:12:58 INFO [ Battle Maya ] SetState_None()
2023-03-28_20:12:58 INFO SetState_End()
2023-03-28_20:12:58 INFO SetState_None()
2023-03-28_20:12:58 INFO [ Battle StandBy ] SetState_Start()
2023-03-28_20:12:58 INFO SetState_BattleStandBy()
2023-03-28_20:13:57 INFO [ Battle StandBy ] SetState_Notify()
2023-03-28_20:14:56 INFO [ Battle StandBy ] SetState_End()
2023-03-28_20:14:56 INFO [ Battle StandBy ] SetState_None()
2023-03-28_20:14:56 INFO [ Battle Maya ] SetState_StandBy_1()
2023-03-28_20:14:56 INFO SetState_BattleOfMaya()
2023-03-28_20:16:55 INFO [ Battle Maya ] SetState_Notify_1()
2023-03-28_20:16:55 INFO [ Battle Maya ] Failed. No users at state 2
2023-03-28_20:16:55 INFO [ Battle Maya ] SetState_End()
2023-03-28_20:16:57 INFO [ Battle Maya ] SetState_EndCycle()
2023-03-28_20:16:57 INFO [ Battle Maya ] SetState_None()
2023-03-28_20:16:57 INFO SetState_End()
2023-03-28_20:16:57 INFO SetState_None()
2023-03-28_20:16:57 INFO [ Battle StandBy ] SetState_Start()
2023-03-28_20:16:57 INFO SetState_BattleStandBy()
2023-03-28_20:17:56 INFO [ Battle StandBy ] SetState_Notify()
2023-03-28_20:18:55 INFO [ Battle StandBy ] SetState_End()
2023-03-28_20:18:55 INFO [ Battle StandBy ] SetState_None()
2023-03-28_20:18:55 INFO [ Battle Maya ] SetState_StandBy_1()
2023-03-28_20:18:56 INFO SetState_BattleOfMaya()
2023-03-28_20:20:54 INFO [ Battle Maya ] SetState_Notify_1()
2023-03-28_20:20:55 INFO [ Battle Maya ] Failed. No users at state 2
2023-03-28_20:20:55 INFO [ Battle Maya ] SetState_End()
2023-03-28_20:20:57 INFO [ Battle Maya ] SetState_EndCycle()
2023-03-28_20:20:57 INFO [ Battle Maya ] SetState_None()
2023-03-28_20:20:57 INFO SetState_End()
2023-03-28_20:20:57 INFO SetState_None()
2023-03-28_20:20:57 INFO [ Battle StandBy ] SetState_Start()
2023-03-28_20:20:57 INFO SetState_BattleStandBy()
2023-03-28_20:21:56 INFO [ Battle StandBy ] SetState_Notify()
2023-03-28_20:22:55 INFO [ Battle StandBy ] SetState_End()
2023-03-28_20:22:55 INFO [ Battle StandBy ] SetState_None()
2023-03-28_20:22:55 INFO [ Battle Maya ] SetState_StandBy_1()
2023-03-28_20:22:55 INFO SetState_BattleOfMaya()
2023-03-28_20:24:54 INFO [ Battle Maya ] SetState_Notify_1()
2023-03-28_20:24:54 INFO [ Battle Maya ] Failed. No users at state 2
2023-03-28_20:24:54 INFO [ Battle Maya ] SetState_End()
2023-03-28_20:24:56 INFO [ Battle Maya ] SetState_EndCycle()
2023-03-28_20:24:56 INFO [ Battle Maya ] SetState_None()
2023-03-28_20:24:56 INFO SetState_End()
2023-03-28_20:24:56 INFO SetState_None()
2023-03-28_20:24:56 INFO [ Battle StandBy ] SetState_Start()
2023-03-28_20:24:56 INFO SetState_BattleStandBy()
2023-03-28_20:25:55 INFO [ Battle StandBy ] SetState_Notify()
2023-03-28_20:26:54 INFO [ Battle StandBy ] SetState_End()
2023-03-28_20:26:54 INFO [ Battle StandBy ] SetState_None()
2023-03-28_20:26:54 INFO [ Battle Maya ] SetState_StandBy_1()
2023-03-28_20:26:55 INFO SetState_BattleOfMaya()
2023-03-28_20:28:54 INFO [ Battle Maya ] SetState_Notify_1()
2023-03-28_20:28:54 INFO [ Battle Maya ] Failed. No users at state 2
2023-03-28_20:28:54 INFO [ Battle Maya ] SetState_End()
2023-03-28_20:28:56 INFO [ Battle Maya ] SetState_EndCycle()
2023-03-28_20:28:56 INFO [ Battle Maya ] SetState_None()
2023-03-28_20:28:56 INFO SetState_End()
2023-03-28_20:28:56 INFO SetState_None()
2023-03-28_20:28:56 INFO [ Battle StandBy ] SetState_Start()
2023-03-28_20:28:56 INFO SetState_BattleStandBy()
2023-03-28_20:29:55 INFO [ Battle StandBy ] SetState_Notify()
2023-03-28_20:30:54 INFO [ Battle StandBy ] SetState_End()
2023-03-28_20:30:54 INFO [ Battle StandBy ] SetState_None()
2023-03-28_20:30:54 INFO [ Battle Maya ] SetState_StandBy_1()
2023-03-28_20:30:54 INFO SetState_BattleOfMaya()
2023-03-28_20:32:53 INFO [ Battle Maya ] SetState_Notify_1()
2023-03-28_20:32:53 INFO [ Battle Maya ] Failed. No users at state 2
2023-03-28_20:32:53 INFO [ Battle Maya ] SetState_End()
2023-03-28_20:32:55 INFO [ Battle Maya ] SetState_EndCycle()
2023-03-28_20:32:55 INFO [ Battle Maya ] SetState_None()
2023-03-28_20:32:55 INFO SetState_End()
2023-03-28_20:32:55 INFO SetState_None()
2023-03-28_20:32:55 INFO [ Battle StandBy ] SetState_Start()
2023-03-28_20:32:55 INFO SetState_BattleStandBy()
2023-03-28_20:33:54 INFO [ Battle StandBy ] SetState_Notify()
2023-03-28_20:34:53 INFO [ Battle StandBy ] SetState_End()
2023-03-28_20:34:53 INFO [ Battle StandBy ] SetState_None()
2023-03-28_20:34:53 INFO [ Battle Maya ] SetState_StandBy_1()
2023-03-28_20:34:54 INFO SetState_BattleOfMaya()
2023-03-28_20:36:53 INFO [ Battle Maya ] SetState_Notify_1()
2023-03-28_20:36:53 INFO [ Battle Maya ] Failed. No users at state 2
2023-03-28_20:36:53 INFO [ Battle Maya ] SetState_End()
2023-03-28_20:36:55 INFO [ Battle Maya ] SetState_EndCycle()
2023-03-28_20:36:55 INFO [ Battle Maya ] SetState_None()
2023-03-28_20:36:55 INFO SetState_End()
2023-03-28_20:36:55 INFO SetState_None()
2023-03-28_20:36:55 INFO [ Battle StandBy ] SetState_Start()
2023-03-28_20:36:55 INFO SetState_BattleStandBy()
2023-03-28_20:37:54 INFO [ Battle StandBy ] SetState_Notify()
2023-03-28_20:38:53 INFO [ Battle StandBy ] SetState_End()
2023-03-28_20:38:53 INFO [ Battle StandBy ] SetState_None()
2023-03-28_20:38:53 INFO [ Battle Maya ] SetState_StandBy_1()
2023-03-28_20:38:53 INFO SetState_BattleOfMaya()
2023-03-28_20:40:52 INFO [ Battle Maya ] SetState_Notify_1()
2023-03-28_20:40:52 INFO [ Battle Maya ] Failed. No users at state 2
2023-03-28_20:40:52 INFO [ Battle Maya ] SetState_End()
2023-03-28_20:40:54 INFO [ Battle Maya ] SetState_EndCycle()
2023-03-28_20:40:54 INFO [ Battle Maya ] SetState_None()
2023-03-28_20:40:54 INFO SetState_End()
2023-03-28_20:40:54 INFO SetState_None()
2023-03-28_20:40:54 INFO [ Battle StandBy ] SetState_Start()
2023-03-28_20:40:54 INFO SetState_BattleStandBy()
2023-03-28_20:41:53 INFO [ Battle StandBy ] SetState_Notify()
2023-03-28_20:42:52 INFO [ Battle StandBy ] SetState_End()
2023-03-28_20:42:52 INFO [ Battle StandBy ] SetState_None()
2023-03-28_20:42:52 INFO [ Battle Maya ] SetState_StandBy_1()
2023-03-28_20:42:52 INFO SetState_BattleOfMaya()
2023-03-28_20:44:51 INFO [ Battle Maya ] SetState_Notify_1()
2023-03-28_20:44:51 INFO [ Battle Maya ] Failed. No users at state 2
2023-03-28_20:44:51 INFO [ Battle Maya ] SetState_End()
2023-03-28_20:44:53 INFO [ Battle Maya ] SetState_EndCycle()
2023-03-28_20:44:54 INFO [ Battle Maya ] SetState_None()
2023-03-28_20:44:54 INFO SetState_End()
2023-03-28_20:44:54 INFO SetState_None()
2023-03-28_20:44:54 INFO [ Battle StandBy ] SetState_Start()
2023-03-28_20:44:54 INFO SetState_BattleStandBy()
2023-03-28_20:45:53 INFO [ Battle StandBy ] SetState_Notify()
2023-03-28_20:46:52 INFO [ Battle StandBy ] SetState_End()
2023-03-28_20:46:52 INFO [ Battle StandBy ] SetState_None()
2023-03-28_20:46:52 INFO [ Battle Maya ] SetState_StandBy_1()
2023-03-28_20:46:52 INFO SetState_BattleOfMaya()
2023-03-28_20:48:51 INFO [ Battle Maya ] SetState_Notify_1()
2023-03-28_20:48:51 INFO [ Battle Maya ] Failed. No users at state 2
2023-03-28_20:48:51 INFO [ Battle Maya ] SetState_End()
2023-03-28_20:48:53 INFO [ Battle Maya ] SetState_EndCycle()
2023-03-28_20:48:53 INFO [ Battle Maya ] SetState_None()
2023-03-28_20:48:53 INFO SetState_End()
2023-03-28_20:48:53 INFO SetState_None()
2023-03-28_20:48:53 INFO [ Battle StandBy ] SetState_Start()
2023-03-28_20:48:53 INFO SetState_BattleStandBy()
2023-03-28_20:49:52 INFO [ Battle StandBy ] SetState_Notify()
2023-03-28_20:50:51 INFO [ Battle StandBy ] SetState_End()
2023-03-28_20:50:51 INFO [ Battle StandBy ] SetState_None()
2023-03-28_20:50:51 INFO [ Battle Maya ] SetState_StandBy_1()
2023-03-28_20:50:51 INFO SetState_BattleOfMaya()
2023-03-28_20:52:50 INFO [ Battle Maya ] SetState_Notify_1()
2023-03-28_20:52:50 INFO [ Battle Maya ] Failed. No users at state 2
2023-03-28_20:52:50 INFO [ Battle Maya ] SetState_End()
2023-03-28_20:52:52 INFO [ Battle Maya ] SetState_EndCycle()
2023-03-28_20:52:52 INFO [ Battle Maya ] SetState_None()
2023-03-28_20:52:53 INFO SetState_End()
2023-03-28_20:52:53 INFO SetState_None()
2023-03-28_20:52:53 INFO [ Battle StandBy ] SetState_Start()
2023-03-28_20:52:53 INFO SetState_BattleStandBy()
2023-03-28_20:53:52 INFO [ Battle StandBy ] SetState_Notify()
2023-03-28_20:54:51 INFO [ Battle StandBy ] SetState_End()
2023-03-28_20:54:51 INFO [ Battle StandBy ] SetState_None()
2023-03-28_20:54:51 INFO [ Battle Maya ] SetState_StandBy_1()
2023-03-28_20:54:51 INFO SetState_BattleOfMaya()
2023-03-28_20:56:50 INFO [ Battle Maya ] SetState_Notify_1()
2023-03-28_20:56:50 INFO [ Battle Maya ] Failed. No users at state 2
2023-03-28_20:56:50 INFO [ Battle Maya ] SetState_End()
2023-03-28_20:56:52 INFO [ Battle Maya ] SetState_EndCycle()
2023-03-28_20:56:52 INFO [ Battle Maya ] SetState_None()
2023-03-28_20:56:52 INFO SetState_End()
2023-03-28_20:56:52 INFO SetState_None()
2023-03-28_20:56:52 INFO [ Battle StandBy ] SetState_Start()
2023-03-28_20:56:52 INFO SetState_BattleStandBy()
2023-03-28_20:57:51 INFO [ Battle StandBy ] SetState_Notify()
2023-03-28_20:58:50 INFO [ Battle StandBy ] SetState_End()
2023-03-28_20:58:50 INFO [ Battle StandBy ] SetState_None()
2023-03-28_20:58:50 INFO [ Battle Maya ] SetState_StandBy_1()
2023-03-28_20:58:50 INFO SetState_BattleOfMaya()
2023-03-28_21:00:49 INFO [ Battle Maya ] SetState_Notify_1()
2023-03-28_21:00:49 INFO [ Battle Maya ] Failed. No users at state 2
2023-03-28_21:00:49 INFO [ Battle Maya ] SetState_End()
2023-03-28_21:00:51 INFO [ Battle Maya ] SetState_EndCycle()
2023-03-28_21:00:51 INFO [ Battle Maya ] SetState_None()
2023-03-28_21:00:51 INFO SetState_End()
2023-03-28_21:00:51 INFO SetState_None()
2023-03-28_21:00:52 INFO [ Battle StandBy ] SetState_Start()
2023-03-28_21:00:52 INFO SetState_BattleStandBy()
2023-03-28_21:01:51 INFO [ Battle StandBy ] SetState_Notify()
2023-03-28_21:02:50 INFO [ Battle StandBy ] SetState_End()
2023-03-28_21:02:50 INFO [ Battle StandBy ] SetState_None()
2023-03-28_21:02:50 INFO [ Battle Maya ] SetState_StandBy_1()
2023-03-28_21:02:50 INFO SetState_BattleOfMaya()
2023-03-28_21:04:49 INFO [ Battle Maya ] SetState_Notify_1()
2023-03-28_21:04:49 INFO [ Battle Maya ] Failed. No users at state 2
2023-03-28_21:04:49 INFO [ Battle Maya ] SetState_End()
2023-03-28_21:04:51 INFO [ Battle Maya ] SetState_EndCycle()
2023-03-28_21:04:51 INFO [ Battle Maya ] SetState_None()
2023-03-28_21:04:51 INFO SetState_End()
2023-03-28_21:04:51 INFO SetState_None()
2023-03-28_21:04:51 INFO [ Battle StandBy ] SetState_Start()
2023-03-28_21:04:51 INFO SetState_BattleStandBy()
2023-03-28_21:05:50 INFO [ Battle StandBy ] SetState_Notify()
2023-03-28_21:06:49 INFO [ Battle StandBy ] SetState_End()
2023-03-28_21:06:49 INFO [ Battle StandBy ] SetState_None()
2023-03-28_21:06:49 INFO [ Battle Maya ] SetState_StandBy_1()
2023-03-28_21:06:49 INFO SetState_BattleOfMaya()
2023-03-28_21:08:48 INFO [ Battle Maya ] SetState_Notify_1()
2023-03-28_21:08:48 INFO [ Battle Maya ] Failed. No users at state 2
2023-03-28_21:08:48 INFO [ Battle Maya ] SetState_End()
2023-03-28_21:08:50 INFO [ Battle Maya ] SetState_EndCycle()
2023-03-28_21:08:50 INFO [ Battle Maya ] SetState_None()
2023-03-28_21:08:50 INFO SetState_End()
2023-03-28_21:08:51 INFO SetState_None()
2023-03-28_21:08:51 INFO [ Battle StandBy ] SetState_Start()
2023-03-28_21:08:51 INFO SetState_BattleStandBy()
2023-03-28_21:09:50 INFO [ Battle StandBy ] SetState_Notify()
2023-03-28_21:10:49 INFO [ Battle StandBy ] SetState_End()
2023-03-28_21:10:49 INFO [ Battle StandBy ] SetState_None()
2023-03-28_21:10:49 INFO [ Battle Maya ] SetState_StandBy_1()
2023-03-28_21:10:49 INFO SetState_BattleOfMaya()
2023-03-28_21:12:48 INFO [ Battle Maya ] SetState_Notify_1()
2023-03-28_21:12:48 INFO [ Battle Maya ] Failed. No users at state 2
2023-03-28_21:12:48 INFO [ Battle Maya ] SetState_End()
2023-03-28_21:12:50 INFO [ Battle Maya ] SetState_EndCycle()
2023-03-28_21:12:50 INFO [ Battle Maya ] SetState_None()
2023-03-28_21:12:50 INFO SetState_End()
2023-03-28_21:12:50 INFO SetState_None()
2023-03-28_21:12:50 INFO [ Battle StandBy ] SetState_Start()
2023-03-28_21:12:50 INFO SetState_BattleStandBy()
2023-03-28_21:13:49 INFO [ Battle StandBy ] SetState_Notify()
2023-03-28_21:14:48 INFO [ Battle StandBy ] SetState_End()
2023-03-28_21:14:48 INFO [ Battle StandBy ] SetState_None()
2023-03-28_21:14:48 INFO [ Battle Maya ] SetState_StandBy_1()
2023-03-28_21:14:48 INFO SetState_BattleOfMaya()
2023-03-28_21:16:47 INFO [ Battle Maya ] SetState_Notify_1()
2023-03-28_21:16:47 INFO [ Battle Maya ] Failed. No users at state 2
2023-03-28_21:16:47 INFO [ Battle Maya ] SetState_End()
2023-03-28_21:16:49 INFO [ Battle Maya ] SetState_EndCycle()
2023-03-28_21:16:49 INFO [ Battle Maya ] SetState_None()
2023-03-28_21:16:49 INFO SetState_End()
2023-03-28_21:16:50 INFO SetState_None()
2023-03-28_21:16:50 INFO [ Battle StandBy ] SetState_Start()
2023-03-28_21:16:50 INFO SetState_BattleStandBy()
2023-03-28_21:17:49 INFO [ Battle StandBy ] SetState_Notify()
2023-03-28_21:18:48 INFO [ Battle StandBy ] SetState_End()
2023-03-28_21:18:48 INFO [ Battle StandBy ] SetState_None()
2023-03-28_21:18:48 INFO [ Battle Maya ] SetState_StandBy_1()
2023-03-28_21:18:48 INFO SetState_BattleOfMaya()
2023-03-28_21:20:47 INFO [ Battle Maya ] SetState_Notify_1()
2023-03-28_21:20:47 INFO [ Battle Maya ] Failed. No users at state 2
2023-03-28_21:20:47 INFO [ Battle Maya ] SetState_End()
2023-03-28_21:20:49 INFO [ Battle Maya ] SetState_EndCycle()
2023-03-28_21:20:49 INFO [ Battle Maya ] SetState_None()
2023-03-28_21:20:49 INFO SetState_End()
2023-03-28_21:20:49 INFO SetState_None()
2023-03-28_21:20:49 INFO [ Battle StandBy ] SetState_Start()
2023-03-28_21:20:49 INFO SetState_BattleStandBy()
2023-03-28_21:21:48 INFO [ Battle StandBy ] SetState_Notify()
2023-03-28_21:22:47 INFO [ Battle StandBy ] SetState_End()
2023-03-28_21:22:47 INFO [ Battle StandBy ] SetState_None()
2023-03-28_21:22:47 INFO [ Battle Maya ] SetState_StandBy_1()
2023-03-28_21:22:47 INFO SetState_BattleOfMaya()
2023-03-28_21:24:46 INFO [ Battle Maya ] SetState_Notify_1()
2023-03-28_21:24:46 INFO [ Battle Maya ] Failed. No users at state 2
2023-03-28_21:24:46 INFO [ Battle Maya ] SetState_End()
2023-03-28_21:24:48 INFO [ Battle Maya ] SetState_EndCycle()
2023-03-28_21:24:48 INFO [ Battle Maya ] SetState_None()
2023-03-28_21:24:48 INFO SetState_End()
2023-03-28_21:24:48 INFO SetState_None()
2023-03-28_21:24:48 INFO [ Battle StandBy ] SetState_Start()
2023-03-28_21:24:49 INFO SetState_BattleStandBy()
2023-03-28_21:25:48 INFO [ Battle StandBy ] SetState_Notify()
2023-03-28_21:26:47 INFO [ Battle StandBy ] SetState_End()
2023-03-28_21:26:47 INFO [ Battle StandBy ] SetState_None()
2023-03-28_21:26:47 INFO [ Battle Maya ] SetState_StandBy_1()
2023-03-28_21:26:47 INFO SetState_BattleOfMaya()
2023-03-28_21:28:46 INFO [ Battle Maya ] SetState_Notify_1()
2023-03-28_21:28:46 INFO [ Battle Maya ] Failed. No users at state 2
2023-03-28_21:28:46 INFO [ Battle Maya ] SetState_End()
2023-03-28_21:28:48 INFO [ Battle Maya ] SetState_EndCycle()
2023-03-28_21:28:48 INFO [ Battle Maya ] SetState_None()
2023-03-28_21:28:48 INFO SetState_End()
2023-03-28_21:28:48 INFO SetState_None()
2023-03-28_21:28:48 INFO [ Battle StandBy ] SetState_Start()
2023-03-28_21:28:48 INFO SetState_BattleStandBy()
2023-03-28_21:29:47 INFO [ Battle StandBy ] SetState_Notify()
2023-03-28_21:30:46 INFO [ Battle StandBy ] SetState_End()
2023-03-28_21:30:46 INFO [ Battle StandBy ] SetState_None()
2023-03-28_21:30:46 INFO [ Battle Maya ] SetState_StandBy_1()
2023-03-28_21:30:46 INFO SetState_BattleOfMaya()
2023-03-28_21:32:45 INFO [ Battle Maya ] SetState_Notify_1()
2023-03-28_21:32:45 INFO [ Battle Maya ] Failed. No users at state 2
2023-03-28_21:32:45 INFO [ Battle Maya ] SetState_End()
2023-03-28_21:32:47 INFO [ Battle Maya ] SetState_EndCycle()
2023-03-28_21:32:47 INFO [ Battle Maya ] SetState_None()
2023-03-28_21:32:47 INFO SetState_End()
2023-03-28_21:32:47 INFO SetState_None()
2023-03-28_21:32:47 INFO [ Battle StandBy ] SetState_Start()
2023-03-28_21:32:48 INFO SetState_BattleStandBy()
2023-03-28_21:33:47 INFO [ Battle StandBy ] SetState_Notify()
2023-03-28_21:34:46 INFO [ Battle StandBy ] SetState_End()
2023-03-28_21:34:46 INFO [ Battle StandBy ] SetState_None()
2023-03-28_21:34:46 INFO [ Battle Maya ] SetState_StandBy_1()
2023-03-28_21:34:46 INFO SetState_BattleOfMaya()
2023-03-28_21:36:45 INFO [ Battle Maya ] SetState_Notify_1()
2023-03-28_21:36:45 INFO [ Battle Maya ] Failed. No users at state 2
2023-03-28_21:36:45 INFO [ Battle Maya ] SetState_End()
2023-03-28_21:36:47 INFO [ Battle Maya ] SetState_EndCycle()
2023-03-28_21:36:47 INFO [ Battle Maya ] SetState_None()
2023-03-28_21:36:47 INFO SetState_End()
2023-03-28_21:36:47 INFO SetState_None()
2023-03-28_21:36:47 INFO [ Battle StandBy ] SetState_Start()
2023-03-28_21:36:47 INFO SetState_BattleStandBy()
2023-03-28_21:37:46 INFO [ Battle StandBy ] SetState_Notify()
2023-03-28_21:38:45 INFO [ Battle StandBy ] SetState_End()
2023-03-28_21:38:45 INFO [ Battle StandBy ] SetState_None()
2023-03-28_21:38:45 INFO [ Battle Maya ] SetState_StandBy_1()
2023-03-28_21:38:45 INFO SetState_BattleOfMaya()
2023-03-28_21:40:44 INFO [ Battle Maya ] SetState_Notify_1()
2023-03-28_21:40:44 INFO [ Battle Maya ] Failed. No users at state 2
2023-03-28_21:40:44 INFO [ Battle Maya ] SetState_End()
2023-03-28_21:40:46 INFO [ Battle Maya ] SetState_EndCycle()
2023-03-28_21:40:46 INFO [ Battle Maya ] SetState_None()
2023-03-28_21:40:47 INFO SetState_End()
2023-03-28_21:40:47 INFO SetState_None()
2023-03-28_21:40:47 INFO [ Battle StandBy ] SetState_Start()
2023-03-28_21:40:47 INFO SetState_BattleStandBy()
2023-03-28_21:41:46 INFO [ Battle StandBy ] SetState_Notify()
2023-03-28_21:42:45 INFO [ Battle StandBy ] SetState_End()
2023-03-28_21:42:45 INFO [ Battle StandBy ] SetState_None()
2023-03-28_21:42:45 INFO [ Battle Maya ] SetState_StandBy_1()
2023-03-28_21:42:45 INFO SetState_BattleOfMaya()
2023-03-28_21:44:44 INFO [ Battle Maya ] SetState_Notify_1()
2023-03-28_21:44:44 INFO [ Battle Maya ] Failed. No users at state 2
2023-03-28_21:44:44 INFO [ Battle Maya ] SetState_End()
2023-03-28_21:44:46 INFO [ Battle Maya ] SetState_EndCycle()
2023-03-28_21:44:46 INFO [ Battle Maya ] SetState_None()
2023-03-28_21:44:46 INFO SetState_End()
2023-03-28_21:44:46 INFO SetState_None()
2023-03-28_21:44:46 INFO [ Battle StandBy ] SetState_Start()
2023-03-28_21:44:46 INFO SetState_BattleStandBy()
2023-03-28_21:45:45 INFO [ Battle StandBy ] SetState_Notify()
2023-03-28_21:46:44 INFO [ Battle StandBy ] SetState_End()
2023-03-28_21:46:44 INFO [ Battle StandBy ] SetState_None()
2023-03-28_21:46:44 INFO [ Battle Maya ] SetState_StandBy_1()
2023-03-28_21:46:44 INFO SetState_BattleOfMaya()
2023-03-28_21:48:43 INFO [ Battle Maya ] SetState_Notify_1()
2023-03-28_21:48:43 INFO [ Battle Maya ] Failed. No users at state 2
2023-03-28_21:48:44 INFO [ Battle Maya ] SetState_End()
2023-03-28_21:48:46 INFO [ Battle Maya ] SetState_EndCycle()
2023-03-28_21:48:46 INFO [ Battle Maya ] SetState_None()
2023-03-28_21:48:46 INFO SetState_End()
2023-03-28_21:48:46 INFO SetState_None()
2023-03-28_21:48:46 INFO [ Battle StandBy ] SetState_Start()
2023-03-28_21:48:46 INFO SetState_BattleStandBy()
2023-03-28_21:49:45 INFO [ Battle StandBy ] SetState_Notify()
2023-03-28_21:50:44 INFO [ Battle StandBy ] SetState_End()
2023-03-28_21:50:44 INFO [ Battle StandBy ] SetState_None()
2023-03-28_21:50:44 INFO [ Battle Maya ] SetState_StandBy_1()
2023-03-28_21:50:44 INFO SetState_BattleOfMaya()
2023-03-28_21:52:43 INFO [ Battle Maya ] SetState_Notify_1()
2023-03-28_21:52:43 INFO [ Battle Maya ] Failed. No users at state 2
2023-03-28_21:52:43 INFO [ Battle Maya ] SetState_End()
2023-03-28_21:52:45 INFO [ Battle Maya ] SetState_EndCycle()
2023-03-28_21:52:45 INFO [ Battle Maya ] SetState_None()
2023-03-28_21:52:45 INFO SetState_End()
2023-03-28_21:52:46 INFO SetState_None()
2023-03-28_21:52:46 INFO [ Battle StandBy ] SetState_Start()
2023-03-28_21:52:46 INFO SetState_BattleStandBy()
2023-03-28_21:53:45 INFO [ Battle StandBy ] SetState_Notify()
2023-03-28_21:54:44 INFO [ Battle StandBy ] SetState_End()
2023-03-28_21:54:44 INFO [ Battle StandBy ] SetState_None()
2023-03-28_21:54:44 INFO [ Battle Maya ] SetState_StandBy_1()
2023-03-28_21:54:44 INFO SetState_BattleOfMaya()
2023-03-28_21:56:43 INFO [ Battle Maya ] SetState_Notify_1()
2023-03-28_21:56:43 INFO [ Battle Maya ] Failed. No users at state 2
2023-03-28_21:56:43 INFO [ Battle Maya ] SetState_End()
2023-03-28_21:56:45 INFO [ Battle Maya ] SetState_EndCycle()
2023-03-28_21:56:45 INFO [ Battle Maya ] SetState_None()
2023-03-28_21:56:45 INFO SetState_End()
2023-03-28_21:56:45 INFO SetState_None()
2023-03-28_21:56:45 INFO [ Battle StandBy ] SetState_Start()
2023-03-28_21:56:45 INFO SetState_BattleStandBy()
