2023-03-25_08:10:15 INFO [ Battle StandBy ] SetState_Start()
2023-03-25_08:10:15 INFO SetState_BattleStandBy()
2023-03-25_08:11:14 INFO [ Battle StandBy ] SetState_Notify()
2023-03-25_08:12:13 INFO [ Battle StandBy ] SetState_End()
2023-03-25_08:12:13 INFO [ Battle StandBy ] SetState_None()
2023-03-25_08:12:13 INFO [ Battle Maya ] SetState_StandBy_1()
2023-03-25_08:12:13 INFO SetState_BattleOfMaya()
2023-03-25_08:14:12 INFO [ Battle Maya ] SetState_Notify_1()
2023-03-25_08:14:12 INFO [ Battle Maya ] Failed. No users at state 2
2023-03-25_08:14:13 INFO [ Battle Maya ] SetState_End()
2023-03-25_08:14:15 INFO [ Battle Maya ] SetState_EndCycle()
2023-03-25_08:14:15 INFO [ Battle Maya ] SetState_None()
2023-03-25_08:14:15 INFO SetState_End()
2023-03-25_08:14:15 INFO SetState_None()
2023-03-25_08:14:15 INFO [ Battle StandBy ] SetState_Start()
2023-03-25_08:14:15 INFO SetState_BattleStandBy()
2023-03-25_08:15:14 INFO [ Battle StandBy ] SetState_Notify()
2023-03-25_08:16:13 INFO [ Battle StandBy ] SetState_End()
2023-03-25_08:16:13 INFO [ Battle StandBy ] SetState_None()
2023-03-25_08:16:13 INFO [ Battle Maya ] SetState_StandBy_1()
2023-03-25_08:16:13 INFO SetState_BattleOfMaya()
2023-03-25_08:18:12 INFO [ Battle Maya ] SetState_Notify_1()
2023-03-25_08:18:12 INFO [ Battle Maya ] Failed. No users at state 2
2023-03-25_08:18:12 INFO [ Battle Maya ] SetState_End()
2023-03-25_08:18:14 INFO [ Battle Maya ] SetState_EndCycle()
2023-03-25_08:18:14 INFO [ Battle Maya ] SetState_None()
2023-03-25_08:18:14 INFO SetState_End()
2023-03-25_08:18:14 INFO SetState_None()
2023-03-25_08:18:14 INFO [ Battle StandBy ] SetState_Start()
2023-03-25_08:18:14 INFO SetState_BattleStandBy()
2023-03-25_08:19:13 INFO [ Battle StandBy ] SetState_Notify()
2023-03-25_08:20:12 INFO [ Battle StandBy ] SetState_End()
2023-03-25_08:20:12 INFO [ Battle StandBy ] SetState_None()
2023-03-25_08:20:12 INFO [ Battle Maya ] SetState_StandBy_1()
2023-03-25_08:20:12 INFO SetState_BattleOfMaya()
2023-03-25_08:22:11 INFO [ Battle Maya ] SetState_Notify_1()
2023-03-25_08:22:11 INFO [ Battle Maya ] Failed. No users at state 2
2023-03-25_08:22:11 INFO [ Battle Maya ] SetState_End()
2023-03-25_08:22:13 INFO [ Battle Maya ] SetState_EndCycle()
2023-03-25_08:22:13 INFO [ Battle Maya ] SetState_None()
2023-03-25_08:22:13 INFO SetState_End()
2023-03-25_08:22:13 INFO SetState_None()
2023-03-25_08:22:13 INFO [ Battle StandBy ] SetState_Start()
2023-03-25_08:22:13 INFO SetState_BattleStandBy()
2023-03-25_08:23:12 INFO [ Battle StandBy ] SetState_Notify()
2023-03-25_08:24:11 INFO [ Battle StandBy ] SetState_End()
2023-03-25_08:24:11 INFO [ Battle StandBy ] SetState_None()
2023-03-25_08:24:11 INFO [ Battle Maya ] SetState_StandBy_1()
2023-03-25_08:24:11 INFO SetState_BattleOfMaya()
2023-03-25_08:26:10 INFO [ Battle Maya ] SetState_Notify_1()
2023-03-25_08:26:10 INFO [ Battle Maya ] Failed. No users at state 2
2023-03-25_08:26:10 INFO [ Battle Maya ] SetState_End()
2023-03-25_08:26:12 INFO [ Battle Maya ] SetState_EndCycle()
2023-03-25_08:26:13 INFO [ Battle Maya ] SetState_None()
2023-03-25_08:26:13 INFO SetState_End()
2023-03-25_08:26:13 INFO SetState_None()
2023-03-25_08:26:13 INFO [ Battle StandBy ] SetState_Start()
2023-03-25_08:26:13 INFO SetState_BattleStandBy()
2023-03-25_08:27:12 INFO [ Battle StandBy ] SetState_Notify()
