2023-03-25_22:28:09 INFO [ Battle StandBy ] SetState_Start()
2023-03-25_22:28:09 INFO SetState_BattleStandBy()
2023-03-25_22:29:08 INFO [ Battle StandBy ] SetState_Notify()
2023-03-25_22:30:07 INFO [ Battle StandBy ] SetState_End()
2023-03-25_22:30:07 INFO [ Battle StandBy ] SetState_None()
2023-03-25_22:30:07 INFO [ Battle Maya ] SetState_StandBy_1()
2023-03-25_22:30:07 INFO SetState_BattleOfMaya()
2023-03-25_22:32:06 INFO [ Battle Maya ] SetState_Notify_1()
2023-03-25_22:32:06 INFO [ Battle Maya ] Failed. No users at state 2
2023-03-25_22:32:06 INFO [ Battle Maya ] SetState_End()
2023-03-25_22:32:08 INFO [ Battle Maya ] SetState_EndCycle()
2023-03-25_22:32:08 INFO [ Battle Maya ] SetState_None()
2023-03-25_22:32:08 INFO SetState_End()
2023-03-25_22:32:08 INFO SetState_None()
2023-03-25_22:32:08 INFO [ Battle StandBy ] SetState_Start()
2023-03-25_22:32:08 INFO SetState_BattleStandBy()
2023-03-25_22:33:07 INFO [ Battle StandBy ] SetState_Notify()
2023-03-25_22:34:06 INFO [ Battle StandBy ] SetState_End()
2023-03-25_22:34:06 INFO [ Battle StandBy ] SetState_None()
2023-03-25_22:34:06 INFO [ Battle Maya ] SetState_StandBy_1()
2023-03-25_22:34:06 INFO SetState_BattleOfMaya()
