2023-04-08_15:24:40 INFO [ Battle StandBy ] SetState_Start()
2023-04-08_15:24:40 INFO SetState_BattleStandBy()
2023-04-08_15:25:39 INFO [ Battle StandBy ] SetState_Notify()
2023-04-08_15:26:38 INFO [ Battle StandBy ] SetState_End()
2023-04-08_15:26:38 INFO [ Battle StandBy ] SetState_None()
2023-04-08_15:26:38 INFO [ Battle Maya ] SetState_StandBy_1()
2023-04-08_15:26:38 INFO SetState_BattleOfMaya()
2023-04-08_15:28:37 INFO [ Battle Maya ] SetState_Notify_1()
2023-04-08_15:28:37 INFO [ Battle Maya ] Failed. No users at state 2
2023-04-08_15:28:37 INFO [ Battle Maya ] SetState_End()
2023-04-08_15:28:39 INFO [ Battle Maya ] SetState_EndCycle()
2023-04-08_15:28:39 INFO [ Battle Maya ] SetState_None()
2023-04-08_15:28:39 INFO SetState_End()
2023-04-08_15:28:39 INFO SetState_None()
2023-04-08_15:28:39 INFO [ Battle StandBy ] SetState_Start()
2023-04-08_15:28:39 INFO SetState_BattleStandBy()
2023-04-08_15:29:38 INFO [ Battle StandBy ] SetState_Notify()
2023-04-08_15:30:37 INFO [ Battle StandBy ] SetState_End()
2023-04-08_15:30:37 INFO [ Battle StandBy ] SetState_None()
2023-04-08_15:30:37 INFO [ Battle Maya ] SetState_StandBy_1()
2023-04-08_15:30:37 INFO SetState_BattleOfMaya()
2023-04-08_15:32:36 INFO [ Battle Maya ] SetState_Notify_1()
2023-04-08_15:32:36 INFO [ Battle Maya ] Failed. No users at state 2
2023-04-08_15:32:36 INFO [ Battle Maya ] SetState_End()
2023-04-08_15:32:38 INFO [ Battle Maya ] SetState_EndCycle()
2023-04-08_15:32:38 INFO [ Battle Maya ] SetState_None()
2023-04-08_15:32:38 INFO SetState_End()
2023-04-08_15:32:39 INFO SetState_None()
2023-04-08_15:32:39 INFO [ Battle StandBy ] SetState_Start()
2023-04-08_15:32:39 INFO SetState_BattleStandBy()
2023-04-08_15:33:38 INFO [ Battle StandBy ] SetState_Notify()
2023-04-08_15:34:37 INFO [ Battle StandBy ] SetState_End()
2023-04-08_15:34:37 INFO [ Battle StandBy ] SetState_None()
2023-04-08_15:34:37 INFO [ Battle Maya ] SetState_StandBy_1()
2023-04-08_15:34:37 INFO SetState_BattleOfMaya()
2023-04-08_15:36:36 INFO [ Battle Maya ] SetState_Notify_1()
2023-04-08_15:36:36 INFO [ Battle Maya ] Failed. No users at state 2
2023-04-08_15:36:36 INFO [ Battle Maya ] SetState_End()
2023-04-08_15:36:38 INFO [ Battle Maya ] SetState_EndCycle()
2023-04-08_15:36:38 INFO [ Battle Maya ] SetState_None()
2023-04-08_15:36:38 INFO SetState_End()
2023-04-08_15:36:38 INFO SetState_None()
2023-04-08_15:36:38 INFO [ Battle StandBy ] SetState_Start()
2023-04-08_15:36:38 INFO SetState_BattleStandBy()
2023-04-08_15:37:37 INFO [ Battle StandBy ] SetState_Notify()
2023-04-08_15:38:36 INFO [ Battle StandBy ] SetState_End()
2023-04-08_15:38:36 INFO [ Battle StandBy ] SetState_None()
2023-04-08_15:38:36 INFO [ Battle Maya ] SetState_StandBy_1()
2023-04-08_15:38:36 INFO SetState_BattleOfMaya()
2023-04-08_15:40:35 INFO [ Battle Maya ] SetState_Notify_1()
2023-04-08_15:40:35 INFO [ Battle Maya ] Failed. No users at state 2
2023-04-08_15:40:35 INFO [ Battle Maya ] SetState_End()
2023-04-08_15:40:37 INFO [ Battle Maya ] SetState_EndCycle()
2023-04-08_15:40:37 INFO [ Battle Maya ] SetState_None()
2023-04-08_15:40:37 INFO SetState_End()
2023-04-08_15:40:37 INFO SetState_None()
2023-04-08_15:40:37 INFO [ Battle StandBy ] SetState_Start()
2023-04-08_15:40:37 INFO SetState_BattleStandBy()
2023-04-08_15:41:36 INFO [ Battle StandBy ] SetState_Notify()
2023-04-08_15:42:35 INFO [ Battle StandBy ] SetState_End()
2023-04-08_15:42:35 INFO [ Battle StandBy ] SetState_None()
2023-04-08_15:42:35 INFO [ Battle Maya ] SetState_StandBy_1()
2023-04-08_15:42:35 INFO SetState_BattleOfMaya()
2023-04-08_15:44:34 INFO [ Battle Maya ] SetState_Notify_1()
2023-04-08_15:44:34 INFO [ Battle Maya ] Failed. No users at state 2
2023-04-08_15:44:34 INFO [ Battle Maya ] SetState_End()
2023-04-08_15:44:36 INFO [ Battle Maya ] SetState_EndCycle()
2023-04-08_15:44:36 INFO [ Battle Maya ] SetState_None()
2023-04-08_15:44:36 INFO SetState_End()
2023-04-08_15:44:37 INFO SetState_None()
2023-04-08_15:44:37 INFO [ Battle StandBy ] SetState_Start()
2023-04-08_15:44:37 INFO SetState_BattleStandBy()
2023-04-08_15:45:36 INFO [ Battle StandBy ] SetState_Notify()
2023-04-08_15:46:35 INFO [ Battle StandBy ] SetState_End()
2023-04-08_15:46:35 INFO [ Battle StandBy ] SetState_None()
2023-04-08_15:46:35 INFO [ Battle Maya ] SetState_StandBy_1()
2023-04-08_15:46:35 INFO SetState_BattleOfMaya()
2023-04-08_15:48:34 INFO [ Battle Maya ] SetState_Notify_1()
2023-04-08_15:48:34 INFO [ Battle Maya ] Failed. No users at state 2
2023-04-08_15:48:34 INFO [ Battle Maya ] SetState_End()
2023-04-08_15:48:36 INFO [ Battle Maya ] SetState_EndCycle()
2023-04-08_15:48:36 INFO [ Battle Maya ] SetState_None()
2023-04-08_15:48:36 INFO SetState_End()
2023-04-08_15:48:36 INFO SetState_None()
2023-04-08_15:48:36 INFO [ Battle StandBy ] SetState_Start()
2023-04-08_15:48:36 INFO SetState_BattleStandBy()
2023-04-08_15:49:35 INFO [ Battle StandBy ] SetState_Notify()
2023-04-08_15:50:34 INFO [ Battle StandBy ] SetState_End()
2023-04-08_15:50:34 INFO [ Battle StandBy ] SetState_None()
2023-04-08_15:50:34 INFO [ Battle Maya ] SetState_StandBy_1()
2023-04-08_15:50:34 INFO SetState_BattleOfMaya()
2023-04-08_15:52:33 INFO [ Battle Maya ] SetState_Notify_1()
2023-04-08_15:52:33 INFO [ Battle Maya ] Failed. No users at state 2
2023-04-08_15:52:33 INFO [ Battle Maya ] SetState_End()
2023-04-08_15:52:35 INFO [ Battle Maya ] SetState_EndCycle()
2023-04-08_15:52:35 INFO [ Battle Maya ] SetState_None()
2023-04-08_15:52:35 INFO SetState_End()
2023-04-08_15:52:35 INFO SetState_None()
2023-04-08_15:52:35 INFO [ Battle StandBy ] SetState_Start()
2023-04-08_15:52:35 INFO SetState_BattleStandBy()
2023-04-08_15:53:34 INFO [ Battle StandBy ] SetState_Notify()
2023-04-08_15:54:33 INFO [ Battle StandBy ] SetState_End()
2023-04-08_15:54:33 INFO [ Battle StandBy ] SetState_None()
2023-04-08_15:54:33 INFO [ Battle Maya ] SetState_StandBy_1()
2023-04-08_15:54:33 INFO SetState_BattleOfMaya()
2023-04-08_15:56:32 INFO [ Battle Maya ] SetState_Notify_1()
2023-04-08_15:56:32 INFO [ Battle Maya ] Failed. No users at state 2
2023-04-08_15:56:32 INFO [ Battle Maya ] SetState_End()
2023-04-08_15:56:34 INFO [ Battle Maya ] SetState_EndCycle()
2023-04-08_15:56:35 INFO [ Battle Maya ] SetState_None()
2023-04-08_15:56:35 INFO SetState_End()
2023-04-08_15:56:35 INFO SetState_None()
2023-04-08_15:56:35 INFO [ Battle StandBy ] SetState_Start()
2023-04-08_15:56:35 INFO SetState_BattleStandBy()
2023-04-08_15:57:34 INFO [ Battle StandBy ] SetState_Notify()
2023-04-08_15:58:33 INFO [ Battle StandBy ] SetState_End()
2023-04-08_15:58:33 INFO [ Battle StandBy ] SetState_None()
2023-04-08_15:58:33 INFO [ Battle Maya ] SetState_StandBy_1()
2023-04-08_15:58:33 INFO SetState_BattleOfMaya()
2023-04-08_16:00:32 INFO [ Battle Maya ] SetState_Notify_1()
2023-04-08_16:00:32 INFO [ Battle Maya ] Failed. No users at state 2
2023-04-08_16:00:32 INFO [ Battle Maya ] SetState_End()
2023-04-08_16:00:34 INFO [ Battle Maya ] SetState_EndCycle()
2023-04-08_16:00:34 INFO [ Battle Maya ] SetState_None()
2023-04-08_16:00:34 INFO SetState_End()
2023-04-08_16:00:34 INFO SetState_None()
2023-04-08_16:00:34 INFO [ Battle StandBy ] SetState_Start()
2023-04-08_16:00:34 INFO SetState_BattleStandBy()
2023-04-08_16:01:33 INFO [ Battle StandBy ] SetState_Notify()
2023-04-08_16:02:32 INFO [ Battle StandBy ] SetState_End()
2023-04-08_16:02:32 INFO [ Battle StandBy ] SetState_None()
2023-04-08_16:02:32 INFO [ Battle Maya ] SetState_StandBy_1()
2023-04-08_16:02:32 INFO SetState_BattleOfMaya()
2023-04-08_16:04:31 INFO [ Battle Maya ] SetState_Notify_1()
2023-04-08_16:04:31 INFO [ Battle Maya ] Failed. No users at state 2
2023-04-08_16:04:31 INFO [ Battle Maya ] SetState_End()
2023-04-08_16:04:33 INFO [ Battle Maya ] SetState_EndCycle()
2023-04-08_16:04:33 INFO [ Battle Maya ] SetState_None()
2023-04-08_16:04:33 INFO SetState_End()
2023-04-08_16:04:33 INFO SetState_None()
2023-04-08_16:04:33 INFO [ Battle StandBy ] SetState_Start()
2023-04-08_16:04:33 INFO SetState_BattleStandBy()
2023-04-08_16:05:32 INFO [ Battle StandBy ] SetState_Notify()
2023-04-08_16:06:31 INFO [ Battle StandBy ] SetState_End()
2023-04-08_16:06:32 INFO [ Battle StandBy ] SetState_None()
2023-04-08_16:06:32 INFO [ Battle Maya ] SetState_StandBy_1()
2023-04-08_16:06:32 INFO SetState_BattleOfMaya()
2023-04-08_16:08:31 INFO [ Battle Maya ] SetState_Notify_1()
2023-04-08_16:08:31 INFO [ Battle Maya ] Failed. No users at state 2
2023-04-08_16:08:31 INFO [ Battle Maya ] SetState_End()
2023-04-08_16:08:33 INFO [ Battle Maya ] SetState_EndCycle()
2023-04-08_16:08:33 INFO [ Battle Maya ] SetState_None()
2023-04-08_16:08:33 INFO SetState_End()
2023-04-08_16:08:33 INFO SetState_None()
2023-04-08_16:08:33 INFO [ Battle StandBy ] SetState_Start()
2023-04-08_16:08:33 INFO SetState_BattleStandBy()
2023-04-08_16:09:32 INFO [ Battle StandBy ] SetState_Notify()
2023-04-08_16:10:31 INFO [ Battle StandBy ] SetState_End()
2023-04-08_16:10:31 INFO [ Battle StandBy ] SetState_None()
2023-04-08_16:10:31 INFO [ Battle Maya ] SetState_StandBy_1()
2023-04-08_16:10:31 INFO SetState_BattleOfMaya()
2023-04-08_16:12:30 INFO [ Battle Maya ] SetState_Notify_1()
2023-04-08_16:12:30 INFO [ Battle Maya ] Failed. No users at state 2
2023-04-08_16:12:30 INFO [ Battle Maya ] SetState_End()
2023-04-08_16:12:32 INFO [ Battle Maya ] SetState_EndCycle()
2023-04-08_16:12:32 INFO [ Battle Maya ] SetState_None()
2023-04-08_16:12:32 INFO SetState_End()
2023-04-08_16:12:32 INFO SetState_None()
2023-04-08_16:12:32 INFO [ Battle StandBy ] SetState_Start()
2023-04-08_16:12:32 INFO SetState_BattleStandBy()
2023-04-08_16:13:31 INFO [ Battle StandBy ] SetState_Notify()
2023-04-08_16:14:30 INFO [ Battle StandBy ] SetState_End()
2023-04-08_16:14:30 INFO [ Battle StandBy ] SetState_None()
2023-04-08_16:14:30 INFO [ Battle Maya ] SetState_StandBy_1()
2023-04-08_16:14:30 INFO SetState_BattleOfMaya()
2023-04-08_16:16:29 INFO [ Battle Maya ] SetState_Notify_1()
2023-04-08_16:16:29 INFO [ Battle Maya ] Failed. No users at state 2
2023-04-08_16:16:29 INFO [ Battle Maya ] SetState_End()
2023-04-08_16:16:31 INFO [ Battle Maya ] SetState_EndCycle()
2023-04-08_16:16:31 INFO [ Battle Maya ] SetState_None()
2023-04-08_16:16:31 INFO SetState_End()
2023-04-08_16:16:32 INFO SetState_None()
2023-04-08_16:16:32 INFO [ Battle StandBy ] SetState_Start()
2023-04-08_16:16:32 INFO SetState_BattleStandBy()
2023-04-08_16:17:31 INFO [ Battle StandBy ] SetState_Notify()
2023-04-08_16:18:30 INFO [ Battle StandBy ] SetState_End()
2023-04-08_16:18:30 INFO [ Battle StandBy ] SetState_None()
2023-04-08_16:18:30 INFO [ Battle Maya ] SetState_StandBy_1()
2023-04-08_16:18:30 INFO SetState_BattleOfMaya()
2023-04-08_16:20:29 INFO [ Battle Maya ] SetState_Notify_1()
2023-04-08_16:20:29 INFO [ Battle Maya ] Failed. No users at state 2
2023-04-08_16:20:29 INFO [ Battle Maya ] SetState_End()
2023-04-08_16:20:31 INFO [ Battle Maya ] SetState_EndCycle()
2023-04-08_16:20:31 INFO [ Battle Maya ] SetState_None()
2023-04-08_16:20:31 INFO SetState_End()
2023-04-08_16:20:31 INFO SetState_None()
2023-04-08_16:20:31 INFO [ Battle StandBy ] SetState_Start()
2023-04-08_16:20:31 INFO SetState_BattleStandBy()
2023-04-08_16:21:30 INFO [ Battle StandBy ] SetState_Notify()
2023-04-08_16:22:29 INFO [ Battle StandBy ] SetState_End()
2023-04-08_16:22:29 INFO [ Battle StandBy ] SetState_None()
2023-04-08_16:22:29 INFO [ Battle Maya ] SetState_StandBy_1()
2023-04-08_16:22:29 INFO SetState_BattleOfMaya()
2023-04-08_16:24:28 INFO [ Battle Maya ] SetState_Notify_1()
2023-04-08_16:24:28 INFO [ Battle Maya ] Failed. No users at state 2
2023-04-08_16:24:28 INFO [ Battle Maya ] SetState_End()
2023-04-08_16:24:30 INFO [ Battle Maya ] SetState_EndCycle()
2023-04-08_16:24:30 INFO [ Battle Maya ] SetState_None()
2023-04-08_16:24:30 INFO SetState_End()
2023-04-08_16:24:30 INFO SetState_None()
2023-04-08_16:24:30 INFO [ Battle StandBy ] SetState_Start()
2023-04-08_16:24:30 INFO SetState_BattleStandBy()
2023-04-08_16:25:29 INFO [ Battle StandBy ] SetState_Notify()
2023-04-08_16:26:28 INFO [ Battle StandBy ] SetState_End()
2023-04-08_16:26:29 INFO [ Battle StandBy ] SetState_None()
2023-04-08_16:26:29 INFO [ Battle Maya ] SetState_StandBy_1()
2023-04-08_16:26:29 INFO SetState_BattleOfMaya()
2023-04-08_16:28:28 INFO [ Battle Maya ] SetState_Notify_1()
2023-04-08_16:28:28 INFO [ Battle Maya ] Failed. No users at state 2
2023-04-08_16:28:28 INFO [ Battle Maya ] SetState_End()
2023-04-08_16:28:30 INFO [ Battle Maya ] SetState_EndCycle()
2023-04-08_16:28:30 INFO [ Battle Maya ] SetState_None()
2023-04-08_16:28:30 INFO SetState_End()
2023-04-08_16:28:30 INFO SetState_None()
2023-04-08_16:28:30 INFO [ Battle StandBy ] SetState_Start()
2023-04-08_16:28:30 INFO SetState_BattleStandBy()
2023-04-08_16:29:29 INFO [ Battle StandBy ] SetState_Notify()
2023-04-08_16:30:28 INFO [ Battle StandBy ] SetState_End()
2023-04-08_16:30:28 INFO [ Battle StandBy ] SetState_None()
2023-04-08_16:30:28 INFO [ Battle Maya ] SetState_StandBy_1()
2023-04-08_16:30:28 INFO SetState_BattleOfMaya()
2023-04-08_16:32:27 INFO [ Battle Maya ] SetState_Notify_1()
2023-04-08_16:32:27 INFO [ Battle Maya ] Failed. No users at state 2
2023-04-08_16:32:27 INFO [ Battle Maya ] SetState_End()
2023-04-08_16:32:29 INFO [ Battle Maya ] SetState_EndCycle()
2023-04-08_16:32:29 INFO [ Battle Maya ] SetState_None()
2023-04-08_16:32:29 INFO SetState_End()
2023-04-08_16:32:29 INFO SetState_None()
2023-04-08_16:32:30 INFO [ Battle StandBy ] SetState_Start()
2023-04-08_16:32:30 INFO SetState_BattleStandBy()
2023-04-08_16:33:29 INFO [ Battle StandBy ] SetState_Notify()
2023-04-08_16:34:28 INFO [ Battle StandBy ] SetState_End()
2023-04-08_16:34:28 INFO [ Battle StandBy ] SetState_None()
2023-04-08_16:34:28 INFO [ Battle Maya ] SetState_StandBy_1()
2023-04-08_16:34:28 INFO SetState_BattleOfMaya()
2023-04-08_16:36:27 INFO [ Battle Maya ] SetState_Notify_1()
2023-04-08_16:36:27 INFO [ Battle Maya ] Failed. No users at state 2
2023-04-08_16:36:27 INFO [ Battle Maya ] SetState_End()
2023-04-08_16:36:29 INFO [ Battle Maya ] SetState_EndCycle()
2023-04-08_16:36:29 INFO [ Battle Maya ] SetState_None()
2023-04-08_16:36:29 INFO SetState_End()
2023-04-08_16:36:29 INFO SetState_None()
2023-04-08_16:36:29 INFO [ Battle StandBy ] SetState_Start()
2023-04-08_16:36:29 INFO SetState_BattleStandBy()
2023-04-08_16:37:28 INFO [ Battle StandBy ] SetState_Notify()
2023-04-08_16:38:27 INFO [ Battle StandBy ] SetState_End()
2023-04-08_16:38:27 INFO [ Battle StandBy ] SetState_None()
2023-04-08_16:38:27 INFO [ Battle Maya ] SetState_StandBy_1()
2023-04-08_16:38:27 INFO SetState_BattleOfMaya()
2023-04-08_16:40:26 INFO [ Battle Maya ] SetState_Notify_1()
2023-04-08_16:40:26 INFO [ Battle Maya ] Failed. No users at state 2
2023-04-08_16:40:26 INFO [ Battle Maya ] SetState_End()
2023-04-08_16:40:28 INFO [ Battle Maya ] SetState_EndCycle()
2023-04-08_16:40:28 INFO [ Battle Maya ] SetState_None()
2023-04-08_16:40:28 INFO SetState_End()
2023-04-08_16:40:29 INFO SetState_None()
2023-04-08_16:40:29 INFO [ Battle StandBy ] SetState_Start()
2023-04-08_16:40:29 INFO SetState_BattleStandBy()
2023-04-08_16:41:28 INFO [ Battle StandBy ] SetState_Notify()
2023-04-08_16:42:27 INFO [ Battle StandBy ] SetState_End()
2023-04-08_16:42:27 INFO [ Battle StandBy ] SetState_None()
2023-04-08_16:42:27 INFO [ Battle Maya ] SetState_StandBy_1()
2023-04-08_16:42:27 INFO SetState_BattleOfMaya()
2023-04-08_16:44:26 INFO [ Battle Maya ] SetState_Notify_1()
2023-04-08_16:44:26 INFO [ Battle Maya ] Failed. No users at state 2
2023-04-08_16:44:26 INFO [ Battle Maya ] SetState_End()
2023-04-08_16:44:28 INFO [ Battle Maya ] SetState_EndCycle()
2023-04-08_16:44:28 INFO [ Battle Maya ] SetState_None()
2023-04-08_16:44:28 INFO SetState_End()
2023-04-08_16:44:28 INFO SetState_None()
2023-04-08_16:44:28 INFO [ Battle StandBy ] SetState_Start()
2023-04-08_16:44:28 INFO SetState_BattleStandBy()
2023-04-08_16:45:27 INFO [ Battle StandBy ] SetState_Notify()
2023-04-08_16:46:26 INFO [ Battle StandBy ] SetState_End()
2023-04-08_16:46:26 INFO [ Battle StandBy ] SetState_None()
2023-04-08_16:46:26 INFO [ Battle Maya ] SetState_StandBy_1()
2023-04-08_16:46:26 INFO SetState_BattleOfMaya()
2023-04-08_16:48:25 INFO [ Battle Maya ] SetState_Notify_1()
2023-04-08_16:48:25 INFO [ Battle Maya ] Failed. No users at state 2
2023-04-08_16:48:26 INFO [ Battle Maya ] SetState_End()
2023-04-08_16:48:28 INFO [ Battle Maya ] SetState_EndCycle()
2023-04-08_16:48:28 INFO [ Battle Maya ] SetState_None()
2023-04-08_16:48:28 INFO SetState_End()
2023-04-08_16:48:28 INFO SetState_None()
2023-04-08_16:48:28 INFO [ Battle StandBy ] SetState_Start()
2023-04-08_16:48:28 INFO SetState_BattleStandBy()
2023-04-08_16:49:27 INFO [ Battle StandBy ] SetState_Notify()
2023-04-08_16:50:26 INFO [ Battle StandBy ] SetState_End()
2023-04-08_16:50:26 INFO [ Battle StandBy ] SetState_None()
2023-04-08_16:50:26 INFO [ Battle Maya ] SetState_StandBy_1()
2023-04-08_16:50:26 INFO SetState_BattleOfMaya()
2023-04-08_16:52:25 INFO [ Battle Maya ] SetState_Notify_1()
2023-04-08_16:52:25 INFO [ Battle Maya ] Failed. No users at state 2
2023-04-08_16:52:25 INFO [ Battle Maya ] SetState_End()
2023-04-08_16:52:27 INFO [ Battle Maya ] SetState_EndCycle()
2023-04-08_16:52:27 INFO [ Battle Maya ] SetState_None()
2023-04-08_16:52:27 INFO SetState_End()
2023-04-08_16:52:27 INFO SetState_None()
2023-04-08_16:52:27 INFO [ Battle StandBy ] SetState_Start()
2023-04-08_16:52:27 INFO SetState_BattleStandBy()
2023-04-08_16:53:26 INFO [ Battle StandBy ] SetState_Notify()
2023-04-08_16:54:25 INFO [ Battle StandBy ] SetState_End()
2023-04-08_16:54:25 INFO [ Battle StandBy ] SetState_None()
2023-04-08_16:54:25 INFO [ Battle Maya ] SetState_StandBy_1()
2023-04-08_16:54:26 INFO SetState_BattleOfMaya()
2023-04-08_16:56:24 INFO [ Battle Maya ] SetState_Notify_1()
2023-04-08_16:56:25 INFO [ Battle Maya ] Failed. No users at state 2
2023-04-08_16:56:25 INFO [ Battle Maya ] SetState_End()
2023-04-08_16:56:27 INFO [ Battle Maya ] SetState_EndCycle()
2023-04-08_16:56:27 INFO [ Battle Maya ] SetState_None()
2023-04-08_16:56:27 INFO SetState_End()
2023-04-08_16:56:27 INFO SetState_None()
2023-04-08_16:56:27 INFO [ Battle StandBy ] SetState_Start()
2023-04-08_16:56:27 INFO SetState_BattleStandBy()
2023-04-08_16:57:26 INFO [ Battle StandBy ] SetState_Notify()
2023-04-08_16:58:25 INFO [ Battle StandBy ] SetState_End()
2023-04-08_16:58:25 INFO [ Battle StandBy ] SetState_None()
2023-04-08_16:58:25 INFO [ Battle Maya ] SetState_StandBy_1()
2023-04-08_16:58:25 INFO SetState_BattleOfMaya()
2023-04-08_17:00:24 INFO [ Battle Maya ] SetState_Notify_1()
2023-04-08_17:00:24 INFO [ Battle Maya ] Failed. No users at state 2
2023-04-08_17:00:24 INFO [ Battle Maya ] SetState_End()
2023-04-08_17:00:26 INFO [ Battle Maya ] SetState_EndCycle()
2023-04-08_17:00:26 INFO [ Battle Maya ] SetState_None()
2023-04-08_17:00:26 INFO SetState_End()
2023-04-08_17:00:26 INFO SetState_None()
2023-04-08_17:00:27 INFO [ Battle StandBy ] SetState_Start()
2023-04-08_17:00:27 INFO SetState_BattleStandBy()
2023-04-08_17:01:26 INFO [ Battle StandBy ] SetState_Notify()
2023-04-08_17:02:25 INFO [ Battle StandBy ] SetState_End()
2023-04-08_17:02:25 INFO [ Battle StandBy ] SetState_None()
2023-04-08_17:02:25 INFO [ Battle Maya ] SetState_StandBy_1()
2023-04-08_17:02:25 INFO SetState_BattleOfMaya()
2023-04-08_17:04:24 INFO [ Battle Maya ] SetState_Notify_1()
2023-04-08_17:04:24 INFO [ Battle Maya ] Failed. No users at state 2
2023-04-08_17:04:24 INFO [ Battle Maya ] SetState_End()
2023-04-08_17:04:26 INFO [ Battle Maya ] SetState_EndCycle()
2023-04-08_17:04:26 INFO [ Battle Maya ] SetState_None()
2023-04-08_17:04:26 INFO SetState_End()
2023-04-08_17:04:26 INFO SetState_None()
2023-04-08_17:04:26 INFO [ Battle StandBy ] SetState_Start()
2023-04-08_17:04:26 INFO SetState_BattleStandBy()
2023-04-08_17:05:25 INFO [ Battle StandBy ] SetState_Notify()
2023-04-08_17:06:24 INFO [ Battle StandBy ] SetState_End()
2023-04-08_17:06:24 INFO [ Battle StandBy ] SetState_None()
2023-04-08_17:06:24 INFO [ Battle Maya ] SetState_StandBy_1()
2023-04-08_17:06:25 INFO SetState_BattleOfMaya()
2023-04-08_17:08:23 INFO [ Battle Maya ] SetState_Notify_1()
2023-04-08_17:08:24 INFO [ Battle Maya ] Failed. No users at state 2
2023-04-08_17:08:24 INFO [ Battle Maya ] SetState_End()
2023-04-08_17:08:26 INFO [ Battle Maya ] SetState_EndCycle()
2023-04-08_17:08:26 INFO [ Battle Maya ] SetState_None()
2023-04-08_17:08:26 INFO SetState_End()
2023-04-08_17:08:26 INFO SetState_None()
2023-04-08_17:08:26 INFO [ Battle StandBy ] SetState_Start()
2023-04-08_17:08:26 INFO SetState_BattleStandBy()
2023-04-08_17:09:25 INFO [ Battle StandBy ] SetState_Notify()
2023-04-08_17:10:24 INFO [ Battle StandBy ] SetState_End()
2023-04-08_17:10:24 INFO [ Battle StandBy ] SetState_None()
2023-04-08_17:10:24 INFO [ Battle Maya ] SetState_StandBy_1()
2023-04-08_17:10:24 INFO SetState_BattleOfMaya()
2023-04-08_17:12:23 INFO [ Battle Maya ] SetState_Notify_1()
2023-04-08_17:12:23 INFO [ Battle Maya ] Failed. No users at state 2
2023-04-08_17:12:23 INFO [ Battle Maya ] SetState_End()
2023-04-08_17:12:25 INFO [ Battle Maya ] SetState_EndCycle()
2023-04-08_17:12:25 INFO [ Battle Maya ] SetState_None()
2023-04-08_17:12:25 INFO SetState_End()
2023-04-08_17:12:25 INFO SetState_None()
2023-04-08_17:12:25 INFO [ Battle StandBy ] SetState_Start()
2023-04-08_17:12:25 INFO SetState_BattleStandBy()
2023-04-08_17:13:24 INFO [ Battle StandBy ] SetState_Notify()
2023-04-08_17:14:23 INFO [ Battle StandBy ] SetState_End()
2023-04-08_17:14:24 INFO [ Battle StandBy ] SetState_None()
2023-04-08_17:14:24 INFO [ Battle Maya ] SetState_StandBy_1()
2023-04-08_17:14:24 INFO SetState_BattleOfMaya()
2023-04-08_17:16:23 INFO [ Battle Maya ] SetState_Notify_1()
2023-04-08_17:16:23 INFO [ Battle Maya ] Failed. No users at state 2
2023-04-08_17:16:23 INFO [ Battle Maya ] SetState_End()
2023-04-08_17:16:25 INFO [ Battle Maya ] SetState_EndCycle()
2023-04-08_17:16:25 INFO [ Battle Maya ] SetState_None()
2023-04-08_17:16:25 INFO SetState_End()
2023-04-08_17:16:25 INFO SetState_None()
2023-04-08_17:16:25 INFO [ Battle StandBy ] SetState_Start()
2023-04-08_17:16:25 INFO SetState_BattleStandBy()
2023-04-08_17:17:24 INFO [ Battle StandBy ] SetState_Notify()
2023-04-08_17:18:23 INFO [ Battle StandBy ] SetState_End()
2023-04-08_17:18:23 INFO [ Battle StandBy ] SetState_None()
2023-04-08_17:18:23 INFO [ Battle Maya ] SetState_StandBy_1()
2023-04-08_17:18:23 INFO SetState_BattleOfMaya()
2023-04-08_17:20:22 INFO [ Battle Maya ] SetState_Notify_1()
2023-04-08_17:20:22 INFO [ Battle Maya ] Failed. No users at state 2
2023-04-08_17:20:22 INFO [ Battle Maya ] SetState_End()
2023-04-08_17:20:24 INFO [ Battle Maya ] SetState_EndCycle()
2023-04-08_17:20:24 INFO [ Battle Maya ] SetState_None()
2023-04-08_17:20:25 INFO SetState_End()
2023-04-08_17:20:25 INFO SetState_None()
2023-04-08_17:20:25 INFO [ Battle StandBy ] SetState_Start()
2023-04-08_17:20:25 INFO SetState_BattleStandBy()
2023-04-08_17:21:24 INFO [ Battle StandBy ] SetState_Notify()
2023-04-08_17:22:23 INFO [ Battle StandBy ] SetState_End()
2023-04-08_17:22:23 INFO [ Battle StandBy ] SetState_None()
2023-04-08_17:22:23 INFO [ Battle Maya ] SetState_StandBy_1()
2023-04-08_17:22:23 INFO SetState_BattleOfMaya()
2023-04-08_17:24:22 INFO [ Battle Maya ] SetState_Notify_1()
2023-04-08_17:24:22 INFO [ Battle Maya ] Failed. No users at state 2
2023-04-08_17:24:22 INFO [ Battle Maya ] SetState_End()
2023-04-08_17:24:24 INFO [ Battle Maya ] SetState_EndCycle()
2023-04-08_17:24:24 INFO [ Battle Maya ] SetState_None()
2023-04-08_17:24:24 INFO SetState_End()
2023-04-08_17:24:24 INFO SetState_None()
2023-04-08_17:24:24 INFO [ Battle StandBy ] SetState_Start()
2023-04-08_17:24:25 INFO SetState_BattleStandBy()
2023-04-08_17:25:23 INFO [ Battle StandBy ] SetState_Notify()
2023-04-08_17:26:22 INFO [ Battle StandBy ] SetState_End()
2023-04-08_17:26:23 INFO [ Battle StandBy ] SetState_None()
2023-04-08_17:26:23 INFO [ Battle Maya ] SetState_StandBy_1()
2023-04-08_17:26:23 INFO SetState_BattleOfMaya()
2023-04-08_17:28:22 INFO [ Battle Maya ] SetState_Notify_1()
2023-04-08_17:28:22 INFO [ Battle Maya ] Failed. No users at state 2
2023-04-08_17:28:22 INFO [ Battle Maya ] SetState_End()
2023-04-08_17:28:24 INFO [ Battle Maya ] SetState_EndCycle()
2023-04-08_17:28:24 INFO [ Battle Maya ] SetState_None()
2023-04-08_17:28:24 INFO SetState_End()
2023-04-08_17:28:24 INFO SetState_None()
2023-04-08_17:28:24 INFO [ Battle StandBy ] SetState_Start()
2023-04-08_17:28:24 INFO SetState_BattleStandBy()
2023-04-08_17:29:23 INFO [ Battle StandBy ] SetState_Notify()
2023-04-08_17:30:22 INFO [ Battle StandBy ] SetState_End()
2023-04-08_17:30:22 INFO [ Battle StandBy ] SetState_None()
2023-04-08_17:30:22 INFO [ Battle Maya ] SetState_StandBy_1()
2023-04-08_17:30:23 INFO SetState_BattleOfMaya()
2023-04-08_17:32:21 INFO [ Battle Maya ] SetState_Notify_1()
2023-04-08_17:32:22 INFO [ Battle Maya ] Failed. No users at state 2
2023-04-08_17:32:22 INFO [ Battle Maya ] SetState_End()
2023-04-08_17:32:24 INFO [ Battle Maya ] SetState_EndCycle()
2023-04-08_17:32:24 INFO [ Battle Maya ] SetState_None()
2023-04-08_17:32:24 INFO SetState_End()
2023-04-08_17:32:24 INFO SetState_None()
2023-04-08_17:32:24 INFO [ Battle StandBy ] SetState_Start()
2023-04-08_17:32:24 INFO SetState_BattleStandBy()
