2023-03-25_17:14:58 INFO [ Battle StandBy ] SetState_Start()
2023-03-25_17:14:58 INFO SetState_BattleStandBy()
2023-03-25_17:15:57 INFO [ Battle StandBy ] SetState_Notify()
2023-03-25_17:16:56 INFO [ Battle StandBy ] SetState_End()
2023-03-25_17:16:57 INFO [ Battle StandBy ] SetState_None()
2023-03-25_17:16:57 INFO [ Battle Maya ] SetState_StandBy_1()
2023-03-25_17:16:57 INFO SetState_BattleOfMaya()
2023-03-25_17:18:56 INFO [ Battle Maya ] SetState_Notify_1()
2023-03-25_17:18:56 INFO [ Battle Maya ] Failed. No users at state 2
2023-03-25_17:18:56 INFO [ Battle Maya ] SetState_End()
2023-03-25_17:18:58 INFO [ Battle Maya ] SetState_EndCycle()
2023-03-25_17:18:58 INFO [ Battle Maya ] SetState_None()
2023-03-25_17:18:58 INFO SetState_End()
2023-03-25_17:18:58 INFO SetState_None()
2023-03-25_17:18:58 INFO [ Battle StandBy ] SetState_Start()
2023-03-25_17:18:58 INFO SetState_BattleStandBy()
2023-03-25_17:19:57 INFO [ Battle StandBy ] SetState_Notify()
2023-03-25_17:20:56 INFO [ Battle StandBy ] SetState_End()
2023-03-25_17:20:56 INFO [ Battle StandBy ] SetState_None()
2023-03-25_17:20:56 INFO [ Battle Maya ] SetState_StandBy_1()
2023-03-25_17:20:56 INFO SetState_BattleOfMaya()
2023-03-25_17:22:55 INFO [ Battle Maya ] SetState_Notify_1()
2023-03-25_17:22:55 INFO [ Battle Maya ] Failed. No users at state 2
2023-03-25_17:22:55 INFO [ Battle Maya ] SetState_End()
2023-03-25_17:22:57 INFO [ Battle Maya ] SetState_EndCycle()
2023-03-25_17:22:57 INFO [ Battle Maya ] SetState_None()
2023-03-25_17:22:57 INFO SetState_End()
2023-03-25_17:22:57 INFO SetState_None()
2023-03-25_17:22:57 INFO [ Battle StandBy ] SetState_Start()
2023-03-25_17:22:57 INFO SetState_BattleStandBy()
2023-03-25_17:23:56 INFO [ Battle StandBy ] SetState_Notify()
2023-03-25_17:24:55 INFO [ Battle StandBy ] SetState_End()
2023-03-25_17:24:55 INFO [ Battle StandBy ] SetState_None()
2023-03-25_17:24:55 INFO [ Battle Maya ] SetState_StandBy_1()
2023-03-25_17:24:55 INFO SetState_BattleOfMaya()
2023-03-25_17:26:54 INFO [ Battle Maya ] SetState_Notify_1()
2023-03-25_17:26:54 INFO [ Battle Maya ] Failed. No users at state 2
2023-03-25_17:26:54 INFO [ Battle Maya ] SetState_End()
2023-03-25_17:26:56 INFO [ Battle Maya ] SetState_EndCycle()
2023-03-25_17:26:56 INFO [ Battle Maya ] SetState_None()
2023-03-25_17:26:56 INFO SetState_End()
2023-03-25_17:26:56 INFO SetState_None()
2023-03-25_17:26:56 INFO [ Battle StandBy ] SetState_Start()
2023-03-25_17:26:56 INFO SetState_BattleStandBy()
2023-03-25_17:27:55 INFO [ Battle StandBy ] SetState_Notify()
2023-03-25_17:28:55 INFO [ Battle StandBy ] SetState_End()
2023-03-25_17:28:55 INFO [ Battle StandBy ] SetState_None()
2023-03-25_17:28:55 INFO [ Battle Maya ] SetState_StandBy_1()
2023-03-25_17:28:55 INFO SetState_BattleOfMaya()
2023-03-25_17:30:54 INFO [ Battle Maya ] SetState_Notify_1()
2023-03-25_17:30:54 INFO [ Battle Maya ] Failed. No users at state 2
2023-03-25_17:30:54 INFO [ Battle Maya ] SetState_End()
2023-03-25_17:30:56 INFO [ Battle Maya ] SetState_EndCycle()
2023-03-25_17:30:56 INFO [ Battle Maya ] SetState_None()
2023-03-25_17:30:56 INFO SetState_End()
2023-03-25_17:30:56 INFO SetState_None()
2023-03-25_17:30:56 INFO [ Battle StandBy ] SetState_Start()
2023-03-25_17:30:56 INFO SetState_BattleStandBy()
2023-03-25_17:31:55 INFO [ Battle StandBy ] SetState_Notify()
2023-03-25_17:32:54 INFO [ Battle StandBy ] SetState_End()
2023-03-25_17:32:54 INFO [ Battle StandBy ] SetState_None()
2023-03-25_17:32:54 INFO [ Battle Maya ] SetState_StandBy_1()
2023-03-25_17:32:54 INFO SetState_BattleOfMaya()
2023-03-25_17:34:53 INFO [ Battle Maya ] SetState_Notify_1()
2023-03-25_17:34:53 INFO [ Battle Maya ] Failed. No users at state 2
2023-03-25_17:34:53 INFO [ Battle Maya ] SetState_End()
2023-03-25_17:34:55 INFO [ Battle Maya ] SetState_EndCycle()
2023-03-25_17:34:55 INFO [ Battle Maya ] SetState_None()
2023-03-25_17:34:55 INFO SetState_End()
2023-03-25_17:34:55 INFO SetState_None()
2023-03-25_17:34:55 INFO [ Battle StandBy ] SetState_Start()
2023-03-25_17:34:55 INFO SetState_BattleStandBy()
2023-03-25_17:35:54 INFO [ Battle StandBy ] SetState_Notify()
2023-03-25_17:36:53 INFO [ Battle StandBy ] SetState_End()
2023-03-25_17:36:53 INFO [ Battle StandBy ] SetState_None()
2023-03-25_17:36:53 INFO [ Battle Maya ] SetState_StandBy_1()
2023-03-25_17:36:53 INFO SetState_BattleOfMaya()
2023-03-25_17:38:52 INFO [ Battle Maya ] SetState_Notify_1()
2023-03-25_17:38:53 INFO [ Battle Maya ] Failed. No users at state 2
2023-03-25_17:38:53 INFO [ Battle Maya ] SetState_End()
2023-03-25_17:38:55 INFO [ Battle Maya ] SetState_EndCycle()
2023-03-25_17:38:55 INFO [ Battle Maya ] SetState_None()
2023-03-25_17:38:55 INFO SetState_End()
2023-03-25_17:38:55 INFO SetState_None()
2023-03-25_17:38:55 INFO [ Battle StandBy ] SetState_Start()
2023-03-25_17:38:55 INFO SetState_BattleStandBy()
2023-03-25_17:39:54 INFO [ Battle StandBy ] SetState_Notify()
2023-03-25_17:40:53 INFO [ Battle StandBy ] SetState_End()
2023-03-25_17:40:53 INFO [ Battle StandBy ] SetState_None()
2023-03-25_17:40:53 INFO [ Battle Maya ] SetState_StandBy_1()
2023-03-25_17:40:53 INFO SetState_BattleOfMaya()
2023-03-25_17:42:52 INFO [ Battle Maya ] SetState_Notify_1()
2023-03-25_17:42:52 INFO [ Battle Maya ] Failed. No users at state 2
2023-03-25_17:42:52 INFO [ Battle Maya ] SetState_End()
2023-03-25_17:42:54 INFO [ Battle Maya ] SetState_EndCycle()
2023-03-25_17:42:54 INFO [ Battle Maya ] SetState_None()
2023-03-25_17:42:54 INFO SetState_End()
2023-03-25_17:42:54 INFO SetState_None()
2023-03-25_17:42:54 INFO [ Battle StandBy ] SetState_Start()
2023-03-25_17:42:54 INFO SetState_BattleStandBy()
2023-03-25_17:43:53 INFO [ Battle StandBy ] SetState_Notify()
2023-03-25_17:44:52 INFO [ Battle StandBy ] SetState_End()
2023-03-25_17:44:52 INFO [ Battle StandBy ] SetState_None()
2023-03-25_17:44:52 INFO [ Battle Maya ] SetState_StandBy_1()
2023-03-25_17:44:52 INFO SetState_BattleOfMaya()
2023-03-25_17:46:51 INFO [ Battle Maya ] SetState_Notify_1()
2023-03-25_17:46:51 INFO [ Battle Maya ] Failed. No users at state 2
2023-03-25_17:46:51 INFO [ Battle Maya ] SetState_End()
2023-03-25_17:46:53 INFO [ Battle Maya ] SetState_EndCycle()
2023-03-25_17:46:53 INFO [ Battle Maya ] SetState_None()
2023-03-25_17:46:53 INFO SetState_End()
2023-03-25_17:46:54 INFO SetState_None()
2023-03-25_17:46:54 INFO [ Battle StandBy ] SetState_Start()
2023-03-25_17:46:54 INFO SetState_BattleStandBy()
2023-03-25_17:47:53 INFO [ Battle StandBy ] SetState_Notify()
2023-03-25_17:48:52 INFO [ Battle StandBy ] SetState_End()
2023-03-25_17:48:52 INFO [ Battle StandBy ] SetState_None()
2023-03-25_17:48:52 INFO [ Battle Maya ] SetState_StandBy_1()
2023-03-25_17:48:52 INFO SetState_BattleOfMaya()
2023-03-25_17:50:51 INFO [ Battle Maya ] SetState_Notify_1()
2023-03-25_17:50:51 INFO [ Battle Maya ] Failed. No users at state 2
2023-03-25_17:50:51 INFO [ Battle Maya ] SetState_End()
2023-03-25_17:50:53 INFO [ Battle Maya ] SetState_EndCycle()
2023-03-25_17:50:53 INFO [ Battle Maya ] SetState_None()
2023-03-25_17:50:53 INFO SetState_End()
2023-03-25_17:50:53 INFO SetState_None()
2023-03-25_17:50:53 INFO [ Battle StandBy ] SetState_Start()
2023-03-25_17:50:53 INFO SetState_BattleStandBy()
2023-03-25_17:51:52 INFO [ Battle StandBy ] SetState_Notify()
2023-03-25_17:52:51 INFO [ Battle StandBy ] SetState_End()
2023-03-25_17:52:51 INFO [ Battle StandBy ] SetState_None()
2023-03-25_17:52:51 INFO [ Battle Maya ] SetState_StandBy_1()
2023-03-25_17:52:51 INFO SetState_BattleOfMaya()
2023-03-25_17:54:50 INFO [ Battle Maya ] SetState_Notify_1()
2023-03-25_17:54:50 INFO [ Battle Maya ] Failed. No users at state 2
2023-03-25_17:54:50 INFO [ Battle Maya ] SetState_End()
2023-03-25_17:54:52 INFO [ Battle Maya ] SetState_EndCycle()
2023-03-25_17:54:52 INFO [ Battle Maya ] SetState_None()
2023-03-25_17:54:52 INFO SetState_End()
2023-03-25_17:54:52 INFO SetState_None()
2023-03-25_17:54:52 INFO [ Battle StandBy ] SetState_Start()
2023-03-25_17:54:52 INFO SetState_BattleStandBy()
2023-03-25_17:55:51 INFO [ Battle StandBy ] SetState_Notify()
2023-03-25_17:56:50 INFO [ Battle StandBy ] SetState_End()
2023-03-25_17:56:50 INFO [ Battle StandBy ] SetState_None()
2023-03-25_17:56:50 INFO [ Battle Maya ] SetState_StandBy_1()
2023-03-25_17:56:50 INFO SetState_BattleOfMaya()
2023-03-25_17:58:49 INFO [ Battle Maya ] SetState_Notify_1()
2023-03-25_17:58:49 INFO [ Battle Maya ] Failed. No users at state 2
2023-03-25_17:58:49 INFO [ Battle Maya ] SetState_End()
2023-03-25_17:58:52 INFO [ Battle Maya ] SetState_EndCycle()
2023-03-25_17:58:52 INFO [ Battle Maya ] SetState_None()
2023-03-25_17:58:52 INFO SetState_End()
2023-03-25_17:58:52 INFO SetState_None()
2023-03-25_17:58:52 INFO [ Battle StandBy ] SetState_Start()
2023-03-25_17:58:52 INFO SetState_BattleStandBy()
2023-03-25_17:59:51 INFO [ Battle StandBy ] SetState_Notify()
2023-03-25_18:00:50 INFO [ Battle StandBy ] SetState_End()
2023-03-25_18:00:50 INFO [ Battle StandBy ] SetState_None()
2023-03-25_18:00:50 INFO [ Battle Maya ] SetState_StandBy_1()
2023-03-25_18:00:50 INFO SetState_BattleOfMaya()
2023-03-25_18:02:49 INFO [ Battle Maya ] SetState_Notify_1()
2023-03-25_18:02:49 INFO [ Battle Maya ] Failed. No users at state 2
2023-03-25_18:02:49 INFO [ Battle Maya ] SetState_End()
2023-03-25_18:02:51 INFO [ Battle Maya ] SetState_EndCycle()
2023-03-25_18:02:51 INFO [ Battle Maya ] SetState_None()
2023-03-25_18:02:51 INFO SetState_End()
2023-03-25_18:02:51 INFO SetState_None()
2023-03-25_18:02:51 INFO [ Battle StandBy ] SetState_Start()
2023-03-25_18:02:51 INFO SetState_BattleStandBy()
2023-03-25_18:03:50 INFO [ Battle StandBy ] SetState_Notify()
2023-03-25_18:04:49 INFO [ Battle StandBy ] SetState_End()
2023-03-25_18:04:49 INFO [ Battle StandBy ] SetState_None()
2023-03-25_18:04:49 INFO [ Battle Maya ] SetState_StandBy_1()
2023-03-25_18:04:49 INFO SetState_BattleOfMaya()
2023-03-25_18:06:48 INFO [ Battle Maya ] SetState_Notify_1()
2023-03-25_18:06:48 INFO [ Battle Maya ] Failed. No users at state 2
2023-03-25_18:06:48 INFO [ Battle Maya ] SetState_End()
2023-03-25_18:06:50 INFO [ Battle Maya ] SetState_EndCycle()
2023-03-25_18:06:50 INFO [ Battle Maya ] SetState_None()
2023-03-25_18:06:50 INFO SetState_End()
2023-03-25_18:06:50 INFO SetState_None()
2023-03-25_18:06:50 INFO [ Battle StandBy ] SetState_Start()
2023-03-25_18:06:50 INFO SetState_BattleStandBy()
2023-03-25_18:07:49 INFO [ Battle StandBy ] SetState_Notify()
2023-03-25_18:08:48 INFO [ Battle StandBy ] SetState_End()
2023-03-25_18:08:49 INFO [ Battle StandBy ] SetState_None()
2023-03-25_18:08:49 INFO [ Battle Maya ] SetState_StandBy_1()
2023-03-25_18:08:49 INFO SetState_BattleOfMaya()
2023-03-25_18:10:48 INFO [ Battle Maya ] SetState_Notify_1()
2023-03-25_18:10:48 INFO [ Battle Maya ] Failed. No users at state 2
2023-03-25_18:10:48 INFO [ Battle Maya ] SetState_End()
2023-03-25_18:10:50 INFO [ Battle Maya ] SetState_EndCycle()
2023-03-25_18:10:50 INFO [ Battle Maya ] SetState_None()
2023-03-25_18:10:50 INFO SetState_End()
2023-03-25_18:10:50 INFO SetState_None()
2023-03-25_18:10:50 INFO [ Battle StandBy ] SetState_Start()
2023-03-25_18:10:50 INFO SetState_BattleStandBy()
2023-03-25_18:11:49 INFO [ Battle StandBy ] SetState_Notify()
2023-03-25_18:12:48 INFO [ Battle StandBy ] SetState_End()
2023-03-25_18:12:48 INFO [ Battle StandBy ] SetState_None()
2023-03-25_18:12:48 INFO [ Battle Maya ] SetState_StandBy_1()
2023-03-25_18:12:48 INFO SetState_BattleOfMaya()
2023-03-25_18:14:47 INFO [ Battle Maya ] SetState_Notify_1()
2023-03-25_18:14:47 INFO [ Battle Maya ] Failed. No users at state 2
2023-03-25_18:14:47 INFO [ Battle Maya ] SetState_End()
2023-03-25_18:14:49 INFO [ Battle Maya ] SetState_EndCycle()
2023-03-25_18:14:49 INFO [ Battle Maya ] SetState_None()
2023-03-25_18:14:49 INFO SetState_End()
2023-03-25_18:14:49 INFO SetState_None()
2023-03-25_18:14:49 INFO [ Battle StandBy ] SetState_Start()
2023-03-25_18:14:49 INFO SetState_BattleStandBy()
2023-03-25_18:15:48 INFO [ Battle StandBy ] SetState_Notify()
2023-03-25_18:16:47 INFO [ Battle StandBy ] SetState_End()
2023-03-25_18:16:47 INFO [ Battle StandBy ] SetState_None()
2023-03-25_18:16:47 INFO [ Battle Maya ] SetState_StandBy_1()
2023-03-25_18:16:47 INFO SetState_BattleOfMaya()
2023-03-25_18:18:46 INFO [ Battle Maya ] SetState_Notify_1()
2023-03-25_18:18:46 INFO [ Battle Maya ] Failed. No users at state 2
2023-03-25_18:18:46 INFO [ Battle Maya ] SetState_End()
2023-03-25_18:18:48 INFO [ Battle Maya ] SetState_EndCycle()
2023-03-25_18:18:48 INFO [ Battle Maya ] SetState_None()
2023-03-25_18:18:48 INFO SetState_End()
2023-03-25_18:18:49 INFO SetState_None()
2023-03-25_18:18:49 INFO [ Battle StandBy ] SetState_Start()
2023-03-25_18:18:49 INFO SetState_BattleStandBy()
2023-03-25_18:19:48 INFO [ Battle StandBy ] SetState_Notify()
2023-03-25_18:20:47 INFO [ Battle StandBy ] SetState_End()
2023-03-25_18:20:47 INFO [ Battle StandBy ] SetState_None()
2023-03-25_18:20:47 INFO [ Battle Maya ] SetState_StandBy_1()
2023-03-25_18:20:47 INFO SetState_BattleOfMaya()
2023-03-25_18:22:46 INFO [ Battle Maya ] SetState_Notify_1()
2023-03-25_18:22:46 INFO [ Battle Maya ] Failed. No users at state 2
2023-03-25_18:22:46 INFO [ Battle Maya ] SetState_End()
2023-03-25_18:22:48 INFO [ Battle Maya ] SetState_EndCycle()
2023-03-25_18:22:48 INFO [ Battle Maya ] SetState_None()
2023-03-25_18:22:48 INFO SetState_End()
2023-03-25_18:22:48 INFO SetState_None()
2023-03-25_18:22:48 INFO [ Battle StandBy ] SetState_Start()
2023-03-25_18:22:48 INFO SetState_BattleStandBy()
2023-03-25_18:23:47 INFO [ Battle StandBy ] SetState_Notify()
2023-03-25_18:24:46 INFO [ Battle StandBy ] SetState_End()
2023-03-25_18:24:46 INFO [ Battle StandBy ] SetState_None()
2023-03-25_18:24:46 INFO [ Battle Maya ] SetState_StandBy_1()
2023-03-25_18:24:46 INFO SetState_BattleOfMaya()
2023-03-25_18:26:45 INFO [ Battle Maya ] SetState_Notify_1()
2023-03-25_18:26:45 INFO [ Battle Maya ] Failed. No users at state 2
2023-03-25_18:26:45 INFO [ Battle Maya ] SetState_End()
2023-03-25_18:26:47 INFO [ Battle Maya ] SetState_EndCycle()
2023-03-25_18:26:47 INFO [ Battle Maya ] SetState_None()
2023-03-25_18:26:47 INFO SetState_End()
2023-03-25_18:26:47 INFO SetState_None()
2023-03-25_18:26:47 INFO [ Battle StandBy ] SetState_Start()
2023-03-25_18:26:47 INFO SetState_BattleStandBy()
2023-03-25_18:27:46 INFO [ Battle StandBy ] SetState_Notify()
2023-03-25_18:28:45 INFO [ Battle StandBy ] SetState_End()
2023-03-25_18:28:45 INFO [ Battle StandBy ] SetState_None()
2023-03-25_18:28:45 INFO [ Battle Maya ] SetState_StandBy_1()
2023-03-25_18:28:46 INFO SetState_BattleOfMaya()
2023-03-25_18:30:44 INFO [ Battle Maya ] SetState_Notify_1()
2023-03-25_18:30:45 INFO [ Battle Maya ] Failed. No users at state 2
2023-03-25_18:30:45 INFO [ Battle Maya ] SetState_End()
2023-03-25_18:30:47 INFO [ Battle Maya ] SetState_EndCycle()
2023-03-25_18:30:47 INFO [ Battle Maya ] SetState_None()
2023-03-25_18:30:47 INFO SetState_End()
2023-03-25_18:30:47 INFO SetState_None()
2023-03-25_18:30:47 INFO [ Battle StandBy ] SetState_Start()
2023-03-25_18:30:47 INFO SetState_BattleStandBy()
2023-03-25_18:31:46 INFO [ Battle StandBy ] SetState_Notify()
2023-03-25_18:32:45 INFO [ Battle StandBy ] SetState_End()
2023-03-25_18:32:45 INFO [ Battle StandBy ] SetState_None()
2023-03-25_18:32:45 INFO [ Battle Maya ] SetState_StandBy_1()
2023-03-25_18:32:45 INFO SetState_BattleOfMaya()
2023-03-25_18:34:44 INFO [ Battle Maya ] SetState_Notify_1()
2023-03-25_18:34:44 INFO [ Battle Maya ] Failed. No users at state 2
2023-03-25_18:34:44 INFO [ Battle Maya ] SetState_End()
2023-03-25_18:34:46 INFO [ Battle Maya ] SetState_EndCycle()
2023-03-25_18:34:46 INFO [ Battle Maya ] SetState_None()
2023-03-25_18:34:46 INFO SetState_End()
2023-03-25_18:34:46 INFO SetState_None()
2023-03-25_18:34:46 INFO [ Battle StandBy ] SetState_Start()
2023-03-25_18:34:46 INFO SetState_BattleStandBy()
2023-03-25_18:35:45 INFO [ Battle StandBy ] SetState_Notify()
2023-03-25_18:36:44 INFO [ Battle StandBy ] SetState_End()
2023-03-25_18:36:44 INFO [ Battle StandBy ] SetState_None()
2023-03-25_18:36:44 INFO [ Battle Maya ] SetState_StandBy_1()
2023-03-25_18:36:44 INFO SetState_BattleOfMaya()
2023-03-25_18:38:43 INFO [ Battle Maya ] SetState_Notify_1()
2023-03-25_18:38:43 INFO [ Battle Maya ] Failed. No users at state 2
2023-03-25_18:38:43 INFO [ Battle Maya ] SetState_End()
2023-03-25_18:38:45 INFO [ Battle Maya ] SetState_EndCycle()
2023-03-25_18:38:45 INFO [ Battle Maya ] SetState_None()
2023-03-25_18:38:45 INFO SetState_End()
2023-03-25_18:38:46 INFO SetState_None()
2023-03-25_18:38:46 INFO [ Battle StandBy ] SetState_Start()
2023-03-25_18:38:46 INFO SetState_BattleStandBy()
2023-03-25_18:39:45 INFO [ Battle StandBy ] SetState_Notify()
2023-03-25_18:40:44 INFO [ Battle StandBy ] SetState_End()
2023-03-25_18:40:44 INFO [ Battle StandBy ] SetState_None()
2023-03-25_18:40:44 INFO [ Battle Maya ] SetState_StandBy_1()
2023-03-25_18:40:44 INFO SetState_BattleOfMaya()
2023-03-25_18:42:43 INFO [ Battle Maya ] SetState_Notify_1()
2023-03-25_18:42:43 INFO [ Battle Maya ] Failed. No users at state 2
2023-03-25_18:42:43 INFO [ Battle Maya ] SetState_End()
2023-03-25_18:42:45 INFO [ Battle Maya ] SetState_EndCycle()
2023-03-25_18:42:45 INFO [ Battle Maya ] SetState_None()
2023-03-25_18:42:45 INFO SetState_End()
2023-03-25_18:42:45 INFO SetState_None()
2023-03-25_18:42:45 INFO [ Battle StandBy ] SetState_Start()
2023-03-25_18:42:45 INFO SetState_BattleStandBy()
2023-03-25_18:43:44 INFO [ Battle StandBy ] SetState_Notify()
2023-03-25_18:44:43 INFO [ Battle StandBy ] SetState_End()
2023-03-25_18:44:43 INFO [ Battle StandBy ] SetState_None()
2023-03-25_18:44:43 INFO [ Battle Maya ] SetState_StandBy_1()
2023-03-25_18:44:43 INFO SetState_BattleOfMaya()
2023-03-25_18:46:42 INFO [ Battle Maya ] SetState_Notify_1()
2023-03-25_18:46:42 INFO [ Battle Maya ] Failed. No users at state 2
2023-03-25_18:46:42 INFO [ Battle Maya ] SetState_End()
2023-03-25_18:46:44 INFO [ Battle Maya ] SetState_EndCycle()
2023-03-25_18:46:44 INFO [ Battle Maya ] SetState_None()
2023-03-25_18:46:44 INFO SetState_End()
2023-03-25_18:46:44 INFO SetState_None()
2023-03-25_18:46:44 INFO [ Battle StandBy ] SetState_Start()
2023-03-25_18:46:44 INFO SetState_BattleStandBy()
2023-03-25_18:47:43 INFO [ Battle StandBy ] SetState_Notify()
2023-03-25_18:48:43 INFO [ Battle StandBy ] SetState_End()
2023-03-25_18:48:43 INFO [ Battle StandBy ] SetState_None()
2023-03-25_18:48:43 INFO [ Battle Maya ] SetState_StandBy_1()
2023-03-25_18:48:43 INFO SetState_BattleOfMaya()
2023-03-25_18:50:42 INFO [ Battle Maya ] SetState_Notify_1()
2023-03-25_18:50:42 INFO [ Battle Maya ] Failed. No users at state 2
2023-03-25_18:50:42 INFO [ Battle Maya ] SetState_End()
2023-03-25_18:50:44 INFO [ Battle Maya ] SetState_EndCycle()
2023-03-25_18:50:44 INFO [ Battle Maya ] SetState_None()
2023-03-25_18:50:44 INFO SetState_End()
2023-03-25_18:50:44 INFO SetState_None()
2023-03-25_18:50:44 INFO [ Battle StandBy ] SetState_Start()
2023-03-25_18:50:44 INFO SetState_BattleStandBy()
