2023-03-25_22:38:29 INFO [ Battle StandBy ] SetState_Start()
2023-03-25_22:38:29 INFO SetState_BattleStandBy()
2023-03-25_22:39:28 INFO [ Battle StandBy ] SetState_Notify()
2023-03-25_22:40:27 INFO [ Battle StandBy ] SetState_End()
2023-03-25_22:40:27 INFO [ Battle StandBy ] SetState_None()
2023-03-25_22:40:27 INFO [ Battle Maya ] SetState_StandBy_1()
2023-03-25_22:40:27 INFO SetState_BattleOfMaya()
2023-03-25_22:42:26 INFO [ Battle Maya ] SetState_Notify_1()
2023-03-25_22:42:26 INFO [ Battle Maya ] Failed. No users at state 2
2023-03-25_22:42:26 INFO [ Battle Maya ] SetState_End()
2023-03-25_22:42:28 INFO [ Battle Maya ] SetState_EndCycle()
2023-03-25_22:42:28 INFO [ Battle Maya ] SetState_None()
2023-03-25_22:42:28 INFO SetState_End()
2023-03-25_22:42:28 INFO SetState_None()
2023-03-25_22:42:28 INFO [ Battle StandBy ] SetState_Start()
2023-03-25_22:42:28 INFO SetState_BattleStandBy()
2023-03-25_22:43:27 INFO [ Battle StandBy ] SetState_Notify()
2023-03-25_22:44:26 INFO [ Battle StandBy ] SetState_End()
2023-03-25_22:44:26 INFO [ Battle StandBy ] SetState_None()
2023-03-25_22:44:26 INFO [ Battle Maya ] SetState_StandBy_1()
2023-03-25_22:44:26 INFO SetState_BattleOfMaya()
2023-03-25_22:46:25 INFO [ Battle Maya ] SetState_Notify_1()
2023-03-25_22:46:25 INFO [ Battle Maya ] Failed. No users at state 2
2023-03-25_22:46:25 INFO [ Battle Maya ] SetState_End()
2023-03-25_22:46:28 INFO [ Battle Maya ] SetState_EndCycle()
2023-03-25_22:46:28 INFO [ Battle Maya ] SetState_None()
2023-03-25_22:46:28 INFO SetState_End()
2023-03-25_22:46:28 INFO SetState_None()
2023-03-25_22:46:28 INFO [ Battle StandBy ] SetState_Start()
2023-03-25_22:46:28 INFO SetState_BattleStandBy()
2023-03-25_22:47:27 INFO [ Battle StandBy ] SetState_Notify()
2023-03-25_22:48:26 INFO [ Battle StandBy ] SetState_End()
2023-03-25_22:48:26 INFO [ Battle StandBy ] SetState_None()
2023-03-25_22:48:26 INFO [ Battle Maya ] SetState_StandBy_1()
2023-03-25_22:48:26 INFO SetState_BattleOfMaya()
2023-03-25_22:50:25 INFO [ Battle Maya ] SetState_Notify_1()
2023-03-25_22:50:25 INFO [ Battle Maya ] Failed. No users at state 2
2023-03-25_22:50:25 INFO [ Battle Maya ] SetState_End()
2023-03-25_22:50:27 INFO [ Battle Maya ] SetState_EndCycle()
2023-03-25_22:50:27 INFO [ Battle Maya ] SetState_None()
2023-03-25_22:50:27 INFO SetState_End()
2023-03-25_22:50:27 INFO SetState_None()
2023-03-25_22:50:27 INFO [ Battle StandBy ] SetState_Start()
2023-03-25_22:50:27 INFO SetState_BattleStandBy()
2023-03-25_22:51:26 INFO [ Battle StandBy ] SetState_Notify()
2023-03-25_22:52:25 INFO [ Battle StandBy ] SetState_End()
2023-03-25_22:52:25 INFO [ Battle StandBy ] SetState_None()
2023-03-25_22:52:25 INFO [ Battle Maya ] SetState_StandBy_1()
2023-03-25_22:52:25 INFO SetState_BattleOfMaya()
2023-03-25_22:54:24 INFO [ Battle Maya ] SetState_Notify_1()
2023-03-25_22:54:24 INFO [ Battle Maya ] Failed. No users at state 2
2023-03-25_22:54:24 INFO [ Battle Maya ] SetState_End()
2023-03-25_22:54:26 INFO [ Battle Maya ] SetState_EndCycle()
2023-03-25_22:54:26 INFO [ Battle Maya ] SetState_None()
2023-03-25_22:54:26 INFO SetState_End()
2023-03-25_22:54:26 INFO SetState_None()
2023-03-25_22:54:26 INFO [ Battle StandBy ] SetState_Start()
2023-03-25_22:54:26 INFO SetState_BattleStandBy()
2023-03-25_22:55:25 INFO [ Battle StandBy ] SetState_Notify()
2023-03-25_22:56:24 INFO [ Battle StandBy ] SetState_End()
2023-03-25_22:56:24 INFO [ Battle StandBy ] SetState_None()
2023-03-25_22:56:24 INFO [ Battle Maya ] SetState_StandBy_1()
2023-03-25_22:56:25 INFO SetState_BattleOfMaya()
2023-03-25_22:58:24 INFO [ Battle Maya ] SetState_Notify_1()
2023-03-25_22:58:24 INFO [ Battle Maya ] Failed. No users at state 2
2023-03-25_22:58:24 INFO [ Battle Maya ] SetState_End()
2023-03-25_22:58:26 INFO [ Battle Maya ] SetState_EndCycle()
2023-03-25_22:58:26 INFO [ Battle Maya ] SetState_None()
2023-03-25_22:58:26 INFO SetState_End()
2023-03-25_22:58:26 INFO SetState_None()
2023-03-25_22:58:26 INFO [ Battle StandBy ] SetState_Start()
2023-03-25_22:58:26 INFO SetState_BattleStandBy()
2023-03-25_22:59:25 INFO [ Battle StandBy ] SetState_Notify()
2023-03-25_23:00:24 INFO [ Battle StandBy ] SetState_End()
2023-03-25_23:00:24 INFO [ Battle StandBy ] SetState_None()
2023-03-25_23:00:24 INFO [ Battle Maya ] SetState_StandBy_1()
2023-03-25_23:00:24 INFO SetState_BattleOfMaya()
2023-03-25_23:02:23 INFO [ Battle Maya ] SetState_Notify_1()
2023-03-25_23:02:23 INFO [ Battle Maya ] Failed. No users at state 2
2023-03-25_23:02:23 INFO [ Battle Maya ] SetState_End()
2023-03-25_23:02:25 INFO [ Battle Maya ] SetState_EndCycle()
2023-03-25_23:02:25 INFO [ Battle Maya ] SetState_None()
2023-03-25_23:02:25 INFO SetState_End()
2023-03-25_23:02:25 INFO SetState_None()
2023-03-25_23:02:25 INFO [ Battle StandBy ] SetState_Start()
2023-03-25_23:02:25 INFO SetState_BattleStandBy()
2023-03-25_23:03:24 INFO [ Battle StandBy ] SetState_Notify()
2023-03-25_23:04:23 INFO [ Battle StandBy ] SetState_End()
2023-03-25_23:04:23 INFO [ Battle StandBy ] SetState_None()
2023-03-25_23:04:23 INFO [ Battle Maya ] SetState_StandBy_1()
2023-03-25_23:04:23 INFO SetState_BattleOfMaya()
2023-03-25_23:06:22 INFO [ Battle Maya ] SetState_Notify_1()
2023-03-25_23:06:22 INFO [ Battle Maya ] Failed. No users at state 2
2023-03-25_23:06:22 INFO [ Battle Maya ] SetState_End()
2023-03-25_23:06:24 INFO [ Battle Maya ] SetState_EndCycle()
2023-03-25_23:06:24 INFO [ Battle Maya ] SetState_None()
2023-03-25_23:06:24 INFO SetState_End()
2023-03-25_23:06:24 INFO SetState_None()
2023-03-25_23:06:24 INFO [ Battle StandBy ] SetState_Start()
2023-03-25_23:06:24 INFO SetState_BattleStandBy()
2023-03-25_23:07:23 INFO [ Battle StandBy ] SetState_Notify()
2023-03-25_23:08:22 INFO [ Battle StandBy ] SetState_End()
2023-03-25_23:08:22 INFO [ Battle StandBy ] SetState_None()
2023-03-25_23:08:22 INFO [ Battle Maya ] SetState_StandBy_1()
2023-03-25_23:08:22 INFO SetState_BattleOfMaya()
2023-03-25_23:10:22 INFO [ Battle Maya ] SetState_Notify_1()
2023-03-25_23:10:22 INFO [ Battle Maya ] Failed. No users at state 2
2023-03-25_23:10:22 INFO [ Battle Maya ] SetState_End()
2023-03-25_23:10:24 INFO [ Battle Maya ] SetState_EndCycle()
2023-03-25_23:10:24 INFO [ Battle Maya ] SetState_None()
2023-03-25_23:10:24 INFO SetState_End()
2023-03-25_23:10:24 INFO SetState_None()
2023-03-25_23:10:24 INFO [ Battle StandBy ] SetState_Start()
2023-03-25_23:10:24 INFO SetState_BattleStandBy()
2023-03-25_23:11:23 INFO [ Battle StandBy ] SetState_Notify()
2023-03-25_23:12:22 INFO [ Battle StandBy ] SetState_End()
2023-03-25_23:12:22 INFO [ Battle StandBy ] SetState_None()
2023-03-25_23:12:22 INFO [ Battle Maya ] SetState_StandBy_1()
2023-03-25_23:12:22 INFO SetState_BattleOfMaya()
2023-03-25_23:14:21 INFO [ Battle Maya ] SetState_Notify_1()
2023-03-25_23:14:21 INFO [ Battle Maya ] Failed. No users at state 2
2023-03-25_23:14:21 INFO [ Battle Maya ] SetState_End()
2023-03-25_23:14:23 INFO [ Battle Maya ] SetState_EndCycle()
2023-03-25_23:14:23 INFO [ Battle Maya ] SetState_None()
2023-03-25_23:14:23 INFO SetState_End()
2023-03-25_23:14:23 INFO SetState_None()
2023-03-25_23:14:23 INFO [ Battle StandBy ] SetState_Start()
2023-03-25_23:14:23 INFO SetState_BattleStandBy()
2023-03-25_23:15:22 INFO [ Battle StandBy ] SetState_Notify()
2023-03-25_23:16:21 INFO [ Battle StandBy ] SetState_End()
2023-03-25_23:16:21 INFO [ Battle StandBy ] SetState_None()
2023-03-25_23:16:21 INFO [ Battle Maya ] SetState_StandBy_1()
2023-03-25_23:16:21 INFO SetState_BattleOfMaya()
2023-03-25_23:18:20 INFO [ Battle Maya ] SetState_Notify_1()
2023-03-25_23:18:20 INFO [ Battle Maya ] Failed. No users at state 2
2023-03-25_23:18:20 INFO [ Battle Maya ] SetState_End()
2023-03-25_23:18:22 INFO [ Battle Maya ] SetState_EndCycle()
2023-03-25_23:18:22 INFO [ Battle Maya ] SetState_None()
2023-03-25_23:18:22 INFO SetState_End()
2023-03-25_23:18:22 INFO SetState_None()
2023-03-25_23:18:22 INFO [ Battle StandBy ] SetState_Start()
2023-03-25_23:18:22 INFO SetState_BattleStandBy()
2023-03-25_23:19:21 INFO [ Battle StandBy ] SetState_Notify()
2023-03-25_23:20:20 INFO [ Battle StandBy ] SetState_End()
2023-03-25_23:20:21 INFO [ Battle StandBy ] SetState_None()
2023-03-25_23:20:21 INFO [ Battle Maya ] SetState_StandBy_1()
2023-03-25_23:20:21 INFO SetState_BattleOfMaya()
2023-03-25_23:22:20 INFO [ Battle Maya ] SetState_Notify_1()
2023-03-25_23:22:20 INFO [ Battle Maya ] Failed. No users at state 2
2023-03-25_23:22:20 INFO [ Battle Maya ] SetState_End()
2023-03-25_23:22:22 INFO [ Battle Maya ] SetState_EndCycle()
2023-03-25_23:22:22 INFO [ Battle Maya ] SetState_None()
2023-03-25_23:22:22 INFO SetState_End()
2023-03-25_23:22:22 INFO SetState_None()
2023-03-25_23:22:22 INFO [ Battle StandBy ] SetState_Start()
2023-03-25_23:22:22 INFO SetState_BattleStandBy()
2023-03-25_23:23:21 INFO [ Battle StandBy ] SetState_Notify()
2023-03-25_23:24:20 INFO [ Battle StandBy ] SetState_End()
2023-03-25_23:24:20 INFO [ Battle StandBy ] SetState_None()
2023-03-25_23:24:20 INFO [ Battle Maya ] SetState_StandBy_1()
2023-03-25_23:24:20 INFO SetState_BattleOfMaya()
2023-03-25_23:26:19 INFO [ Battle Maya ] SetState_Notify_1()
2023-03-25_23:26:19 INFO [ Battle Maya ] Failed. No users at state 2
2023-03-25_23:26:19 INFO [ Battle Maya ] SetState_End()
2023-03-25_23:26:21 INFO [ Battle Maya ] SetState_EndCycle()
2023-03-25_23:26:21 INFO [ Battle Maya ] SetState_None()
2023-03-25_23:26:21 INFO SetState_End()
2023-03-25_23:26:21 INFO SetState_None()
2023-03-25_23:26:21 INFO [ Battle StandBy ] SetState_Start()
2023-03-25_23:26:21 INFO SetState_BattleStandBy()
2023-03-25_23:27:20 INFO [ Battle StandBy ] SetState_Notify()
2023-03-25_23:28:19 INFO [ Battle StandBy ] SetState_End()
2023-03-25_23:28:19 INFO [ Battle StandBy ] SetState_None()
2023-03-25_23:28:19 INFO [ Battle Maya ] SetState_StandBy_1()
2023-03-25_23:28:19 INFO SetState_BattleOfMaya()
2023-03-25_23:30:18 INFO [ Battle Maya ] SetState_Notify_1()
2023-03-25_23:30:18 INFO [ Battle Maya ] Failed. No users at state 2
2023-03-25_23:30:18 INFO [ Battle Maya ] SetState_End()
2023-03-25_23:30:20 INFO [ Battle Maya ] SetState_EndCycle()
2023-03-25_23:30:20 INFO [ Battle Maya ] SetState_None()
2023-03-25_23:30:20 INFO SetState_End()
2023-03-25_23:30:20 INFO SetState_None()
2023-03-25_23:30:20 INFO [ Battle StandBy ] SetState_Start()
2023-03-25_23:30:21 INFO SetState_BattleStandBy()
2023-03-25_23:31:20 INFO [ Battle StandBy ] SetState_Notify()
2023-03-25_23:32:19 INFO [ Battle StandBy ] SetState_End()
2023-03-25_23:32:19 INFO [ Battle StandBy ] SetState_None()
2023-03-25_23:32:19 INFO [ Battle Maya ] SetState_StandBy_1()
2023-03-25_23:32:19 INFO SetState_BattleOfMaya()
2023-03-25_23:34:18 INFO [ Battle Maya ] SetState_Notify_1()
2023-03-25_23:34:18 INFO [ Battle Maya ] Failed. No users at state 2
2023-03-25_23:34:18 INFO [ Battle Maya ] SetState_End()
2023-03-25_23:34:20 INFO [ Battle Maya ] SetState_EndCycle()
2023-03-25_23:34:20 INFO [ Battle Maya ] SetState_None()
2023-03-25_23:34:20 INFO SetState_End()
2023-03-25_23:34:20 INFO SetState_None()
2023-03-25_23:34:20 INFO [ Battle StandBy ] SetState_Start()
2023-03-25_23:34:20 INFO SetState_BattleStandBy()
2023-03-25_23:35:19 INFO [ Battle StandBy ] SetState_Notify()
2023-03-25_23:36:18 INFO [ Battle StandBy ] SetState_End()
2023-03-25_23:36:18 INFO [ Battle StandBy ] SetState_None()
2023-03-25_23:36:18 INFO [ Battle Maya ] SetState_StandBy_1()
2023-03-25_23:36:18 INFO SetState_BattleOfMaya()
2023-03-25_23:38:17 INFO [ Battle Maya ] SetState_Notify_1()
2023-03-25_23:38:17 INFO [ Battle Maya ] Failed. No users at state 2
2023-03-25_23:38:17 INFO [ Battle Maya ] SetState_End()
2023-03-25_23:38:19 INFO [ Battle Maya ] SetState_EndCycle()
2023-03-25_23:38:19 INFO [ Battle Maya ] SetState_None()
2023-03-25_23:38:19 INFO SetState_End()
2023-03-25_23:38:19 INFO SetState_None()
2023-03-25_23:38:19 INFO [ Battle StandBy ] SetState_Start()
2023-03-25_23:38:19 INFO SetState_BattleStandBy()
2023-03-25_23:39:18 INFO [ Battle StandBy ] SetState_Notify()
2023-03-25_23:40:17 INFO [ Battle StandBy ] SetState_End()
2023-03-25_23:40:17 INFO [ Battle StandBy ] SetState_None()
2023-03-25_23:40:17 INFO [ Battle Maya ] SetState_StandBy_1()
2023-03-25_23:40:17 INFO SetState_BattleOfMaya()
2023-03-25_23:42:16 INFO [ Battle Maya ] SetState_Notify_1()
2023-03-25_23:42:16 INFO [ Battle Maya ] Failed. No users at state 2
2023-03-25_23:42:16 INFO [ Battle Maya ] SetState_End()
2023-03-25_23:42:18 INFO [ Battle Maya ] SetState_EndCycle()
2023-03-25_23:42:19 INFO [ Battle Maya ] SetState_None()
2023-03-25_23:42:19 INFO SetState_End()
2023-03-25_23:42:19 INFO SetState_None()
2023-03-25_23:42:19 INFO [ Battle StandBy ] SetState_Start()
2023-03-25_23:42:19 INFO SetState_BattleStandBy()
2023-03-25_23:43:18 INFO [ Battle StandBy ] SetState_Notify()
2023-03-25_23:44:17 INFO [ Battle StandBy ] SetState_End()
2023-03-25_23:44:17 INFO [ Battle StandBy ] SetState_None()
2023-03-25_23:44:17 INFO [ Battle Maya ] SetState_StandBy_1()
2023-03-25_23:44:17 INFO SetState_BattleOfMaya()
2023-03-25_23:46:16 INFO [ Battle Maya ] SetState_Notify_1()
2023-03-25_23:46:16 INFO [ Battle Maya ] Failed. No users at state 2
2023-03-25_23:46:16 INFO [ Battle Maya ] SetState_End()
2023-03-25_23:46:18 INFO [ Battle Maya ] SetState_EndCycle()
2023-03-25_23:46:18 INFO [ Battle Maya ] SetState_None()
2023-03-25_23:46:18 INFO SetState_End()
2023-03-25_23:46:18 INFO SetState_None()
2023-03-25_23:46:18 INFO [ Battle StandBy ] SetState_Start()
2023-03-25_23:46:18 INFO SetState_BattleStandBy()
2023-03-25_23:47:17 INFO [ Battle StandBy ] SetState_Notify()
2023-03-25_23:48:16 INFO [ Battle StandBy ] SetState_End()
2023-03-25_23:48:16 INFO [ Battle StandBy ] SetState_None()
2023-03-25_23:48:16 INFO [ Battle Maya ] SetState_StandBy_1()
2023-03-25_23:48:16 INFO SetState_BattleOfMaya()
2023-03-25_23:50:15 INFO [ Battle Maya ] SetState_Notify_1()
2023-03-25_23:50:15 INFO [ Battle Maya ] Failed. No users at state 2
2023-03-25_23:50:15 INFO [ Battle Maya ] SetState_End()
2023-03-25_23:50:17 INFO [ Battle Maya ] SetState_EndCycle()
2023-03-25_23:50:17 INFO [ Battle Maya ] SetState_None()
2023-03-25_23:50:17 INFO SetState_End()
2023-03-25_23:50:17 INFO SetState_None()
2023-03-25_23:50:17 INFO [ Battle StandBy ] SetState_Start()
2023-03-25_23:50:17 INFO SetState_BattleStandBy()
2023-03-25_23:51:16 INFO [ Battle StandBy ] SetState_Notify()
2023-03-25_23:52:15 INFO [ Battle StandBy ] SetState_End()
2023-03-25_23:52:16 INFO [ Battle StandBy ] SetState_None()
2023-03-25_23:52:16 INFO [ Battle Maya ] SetState_StandBy_1()
2023-03-25_23:52:16 INFO SetState_BattleOfMaya()
2023-03-25_23:54:15 INFO [ Battle Maya ] SetState_Notify_1()
2023-03-25_23:54:15 INFO [ Battle Maya ] Failed. No users at state 2
2023-03-25_23:54:15 INFO [ Battle Maya ] SetState_End()
2023-03-25_23:54:17 INFO [ Battle Maya ] SetState_EndCycle()
2023-03-25_23:54:17 INFO [ Battle Maya ] SetState_None()
2023-03-25_23:54:17 INFO SetState_End()
2023-03-25_23:54:17 INFO SetState_None()
2023-03-25_23:54:17 INFO [ Battle StandBy ] SetState_Start()
2023-03-25_23:54:17 INFO SetState_BattleStandBy()
2023-03-25_23:55:16 INFO [ Battle StandBy ] SetState_Notify()
2023-03-25_23:56:15 INFO [ Battle StandBy ] SetState_End()
2023-03-25_23:56:15 INFO [ Battle StandBy ] SetState_None()
2023-03-25_23:56:15 INFO [ Battle Maya ] SetState_StandBy_1()
2023-03-25_23:56:15 INFO SetState_BattleOfMaya()
2023-03-25_23:58:14 INFO [ Battle Maya ] SetState_Notify_1()
2023-03-25_23:58:14 INFO [ Battle Maya ] Failed. No users at state 2
2023-03-25_23:58:14 INFO [ Battle Maya ] SetState_End()
2023-03-25_23:58:16 INFO [ Battle Maya ] SetState_EndCycle()
2023-03-25_23:58:16 INFO [ Battle Maya ] SetState_None()
2023-03-25_23:58:16 INFO SetState_End()
2023-03-25_23:58:16 INFO SetState_None()
2023-03-25_23:58:16 INFO [ Battle StandBy ] SetState_Start()
2023-03-25_23:58:16 INFO SetState_BattleStandBy()
2023-03-25_23:59:15 INFO [ Battle StandBy ] SetState_Notify()
2023-03-26_00:00:14 INFO [ Battle StandBy ] SetState_End()
2023-03-26_00:00:14 INFO [ Battle StandBy ] SetState_None()
2023-03-26_00:00:14 INFO [ Battle Maya ] SetState_StandBy_1()
2023-03-26_00:00:14 INFO SetState_BattleOfMaya()
