2023-04-08_17:47:12 INFO [ Battle StandBy ] SetState_Start()
2023-04-08_17:47:12 INFO SetState_BattleStandBy()
2023-04-08_17:48:11 INFO [ Battle StandBy ] SetState_Notify()
2023-04-08_17:49:10 INFO [ Battle StandBy ] SetState_End()
2023-04-08_17:49:10 INFO [ Battle StandBy ] SetState_None()
2023-04-08_17:49:10 INFO [ Battle Maya ] SetState_StandBy_1()
2023-04-08_17:49:10 INFO SetState_BattleOfMaya()
2023-04-08_17:51:09 INFO [ Battle Maya ] SetState_Notify_1()
2023-04-08_17:51:09 INFO [ Battle Maya ] Failed. No users at state 2
2023-04-08_17:51:09 INFO [ Battle Maya ] SetState_End()
2023-04-08_17:51:11 INFO [ Battle Maya ] SetState_EndCycle()
2023-04-08_17:51:12 INFO [ Battle Maya ] SetState_None()
2023-04-08_17:51:12 INFO SetState_End()
2023-04-08_17:51:12 INFO SetState_None()
2023-04-08_17:51:12 INFO [ Battle StandBy ] SetState_Start()
2023-04-08_17:51:12 INFO SetState_BattleStandBy()
2023-04-08_17:52:11 INFO [ Battle StandBy ] SetState_Notify()
2023-04-08_17:53:10 INFO [ Battle StandBy ] SetState_End()
2023-04-08_17:53:10 INFO [ Battle StandBy ] SetState_None()
2023-04-08_17:53:10 INFO [ Battle Maya ] SetState_StandBy_1()
2023-04-08_17:53:10 INFO SetState_BattleOfMaya()
2023-04-08_17:55:09 INFO [ Battle Maya ] SetState_Notify_1()
2023-04-08_17:55:09 INFO [ Battle Maya ] Failed. No users at state 2
2023-04-08_17:55:09 INFO [ Battle Maya ] SetState_End()
2023-04-08_17:55:11 INFO [ Battle Maya ] SetState_EndCycle()
2023-04-08_17:55:11 INFO [ Battle Maya ] SetState_None()
2023-04-08_17:55:11 INFO SetState_End()
2023-04-08_17:55:11 INFO SetState_None()
2023-04-08_17:55:11 INFO [ Battle StandBy ] SetState_Start()
2023-04-08_17:55:11 INFO SetState_BattleStandBy()
2023-04-08_17:56:10 INFO [ Battle StandBy ] SetState_Notify()
2023-04-08_17:57:09 INFO [ Battle StandBy ] SetState_End()
2023-04-08_17:57:09 INFO [ Battle StandBy ] SetState_None()
2023-04-08_17:57:09 INFO [ Battle Maya ] SetState_StandBy_1()
2023-04-08_17:57:09 INFO SetState_BattleOfMaya()
2023-04-08_17:59:08 INFO [ Battle Maya ] SetState_Notify_1()
2023-04-08_17:59:08 INFO [ Battle Maya ] Failed. No users at state 2
2023-04-08_17:59:08 INFO [ Battle Maya ] SetState_End()
2023-04-08_17:59:10 INFO [ Battle Maya ] SetState_EndCycle()
2023-04-08_17:59:10 INFO [ Battle Maya ] SetState_None()
2023-04-08_17:59:10 INFO SetState_End()
2023-04-08_17:59:10 INFO SetState_None()
2023-04-08_17:59:10 INFO [ Battle StandBy ] SetState_Start()
2023-04-08_17:59:10 INFO SetState_BattleStandBy()
2023-04-08_18:00:09 INFO [ Battle StandBy ] SetState_Notify()
2023-04-08_18:01:08 INFO [ Battle StandBy ] SetState_End()
2023-04-08_18:01:08 INFO [ Battle StandBy ] SetState_None()
2023-04-08_18:01:08 INFO [ Battle Maya ] SetState_StandBy_1()
2023-04-08_18:01:08 INFO SetState_BattleOfMaya()
2023-04-08_18:03:07 INFO [ Battle Maya ] SetState_Notify_1()
2023-04-08_18:03:08 INFO [ Battle Maya ] Failed. No users at state 2
2023-04-08_18:03:08 INFO [ Battle Maya ] SetState_End()
2023-04-08_18:03:10 INFO [ Battle Maya ] SetState_EndCycle()
2023-04-08_18:03:10 INFO [ Battle Maya ] SetState_None()
2023-04-08_18:03:10 INFO SetState_End()
2023-04-08_18:03:10 INFO SetState_None()
2023-04-08_18:03:10 INFO [ Battle StandBy ] SetState_Start()
2023-04-08_18:03:10 INFO SetState_BattleStandBy()
2023-04-08_18:04:09 INFO [ Battle StandBy ] SetState_Notify()
2023-04-08_18:05:08 INFO [ Battle StandBy ] SetState_End()
2023-04-08_18:05:08 INFO [ Battle StandBy ] SetState_None()
2023-04-08_18:05:08 INFO [ Battle Maya ] SetState_StandBy_1()
2023-04-08_18:05:08 INFO SetState_BattleOfMaya()
2023-04-08_18:07:07 INFO [ Battle Maya ] SetState_Notify_1()
2023-04-08_18:07:07 INFO [ Battle Maya ] Failed. No users at state 2
2023-04-08_18:07:07 INFO [ Battle Maya ] SetState_End()
2023-04-08_18:07:09 INFO [ Battle Maya ] SetState_EndCycle()
2023-04-08_18:07:09 INFO [ Battle Maya ] SetState_None()
2023-04-08_18:07:09 INFO SetState_End()
2023-04-08_18:07:09 INFO SetState_None()
2023-04-08_18:07:09 INFO [ Battle StandBy ] SetState_Start()
2023-04-08_18:07:09 INFO SetState_BattleStandBy()
2023-04-08_18:08:08 INFO [ Battle StandBy ] SetState_Notify()
2023-04-08_18:09:07 INFO [ Battle StandBy ] SetState_End()
2023-04-08_18:09:07 INFO [ Battle StandBy ] SetState_None()
2023-04-08_18:09:07 INFO [ Battle Maya ] SetState_StandBy_1()
2023-04-08_18:09:07 INFO SetState_BattleOfMaya()
2023-04-08_18:11:06 INFO [ Battle Maya ] SetState_Notify_1()
2023-04-08_18:11:06 INFO [ Battle Maya ] Failed. No users at state 2
2023-04-08_18:11:06 INFO [ Battle Maya ] SetState_End()
2023-04-08_18:11:08 INFO [ Battle Maya ] SetState_EndCycle()
2023-04-08_18:11:08 INFO [ Battle Maya ] SetState_None()
2023-04-08_18:11:08 INFO SetState_End()
2023-04-08_18:11:09 INFO SetState_None()
2023-04-08_18:11:09 INFO [ Battle StandBy ] SetState_Start()
2023-04-08_18:11:09 INFO SetState_BattleStandBy()
2023-04-08_18:12:08 INFO [ Battle StandBy ] SetState_Notify()
2023-04-08_18:13:07 INFO [ Battle StandBy ] SetState_End()
2023-04-08_18:13:07 INFO [ Battle StandBy ] SetState_None()
2023-04-08_18:13:07 INFO [ Battle Maya ] SetState_StandBy_1()
2023-04-08_18:13:07 INFO SetState_BattleOfMaya()
2023-04-08_18:15:06 INFO [ Battle Maya ] SetState_Notify_1()
2023-04-08_18:15:06 INFO [ Battle Maya ] Failed. No users at state 2
2023-04-08_18:15:06 INFO [ Battle Maya ] SetState_End()
2023-04-08_18:15:08 INFO [ Battle Maya ] SetState_EndCycle()
2023-04-08_18:15:08 INFO [ Battle Maya ] SetState_None()
2023-04-08_18:15:08 INFO SetState_End()
2023-04-08_18:15:08 INFO SetState_None()
2023-04-08_18:15:08 INFO [ Battle StandBy ] SetState_Start()
2023-04-08_18:15:08 INFO SetState_BattleStandBy()
2023-04-08_18:16:07 INFO [ Battle StandBy ] SetState_Notify()
2023-04-08_18:17:06 INFO [ Battle StandBy ] SetState_End()
2023-04-08_18:17:06 INFO [ Battle StandBy ] SetState_None()
2023-04-08_18:17:06 INFO [ Battle Maya ] SetState_StandBy_1()
2023-04-08_18:17:06 INFO SetState_BattleOfMaya()
2023-04-08_18:19:05 INFO [ Battle Maya ] SetState_Notify_1()
2023-04-08_18:19:05 INFO [ Battle Maya ] Failed. No users at state 2
2023-04-08_18:19:05 INFO [ Battle Maya ] SetState_End()
2023-04-08_18:19:07 INFO [ Battle Maya ] SetState_EndCycle()
2023-04-08_18:19:08 INFO [ Battle Maya ] SetState_None()
2023-04-08_18:19:08 INFO SetState_End()
2023-04-08_18:19:08 INFO SetState_None()
2023-04-08_18:19:08 INFO [ Battle StandBy ] SetState_Start()
2023-04-08_18:19:08 INFO SetState_BattleStandBy()
2023-04-08_18:20:07 INFO [ Battle StandBy ] SetState_Notify()
2023-04-08_18:21:06 INFO [ Battle StandBy ] SetState_End()
2023-04-08_18:21:06 INFO [ Battle StandBy ] SetState_None()
2023-04-08_18:21:06 INFO [ Battle Maya ] SetState_StandBy_1()
2023-04-08_18:21:06 INFO SetState_BattleOfMaya()
2023-04-08_18:23:05 INFO [ Battle Maya ] SetState_Notify_1()
2023-04-08_18:23:05 INFO [ Battle Maya ] Failed. No users at state 2
2023-04-08_18:23:05 INFO [ Battle Maya ] SetState_End()
2023-04-08_18:23:07 INFO [ Battle Maya ] SetState_EndCycle()
2023-04-08_18:23:07 INFO [ Battle Maya ] SetState_None()
2023-04-08_18:23:07 INFO SetState_End()
2023-04-08_18:23:07 INFO SetState_None()
2023-04-08_18:23:07 INFO [ Battle StandBy ] SetState_Start()
2023-04-08_18:23:07 INFO SetState_BattleStandBy()
2023-04-08_18:24:06 INFO [ Battle StandBy ] SetState_Notify()
2023-04-08_18:25:05 INFO [ Battle StandBy ] SetState_End()
2023-04-08_18:25:05 INFO [ Battle StandBy ] SetState_None()
2023-04-08_18:25:05 INFO [ Battle Maya ] SetState_StandBy_1()
2023-04-08_18:25:05 INFO SetState_BattleOfMaya()
2023-04-08_18:27:04 INFO [ Battle Maya ] SetState_Notify_1()
2023-04-08_18:27:04 INFO [ Battle Maya ] Failed. No users at state 2
2023-04-08_18:27:04 INFO [ Battle Maya ] SetState_End()
2023-04-08_18:27:06 INFO [ Battle Maya ] SetState_EndCycle()
2023-04-08_18:27:06 INFO [ Battle Maya ] SetState_None()
2023-04-08_18:27:06 INFO SetState_End()
2023-04-08_18:27:06 INFO SetState_None()
2023-04-08_18:27:07 INFO [ Battle StandBy ] SetState_Start()
2023-04-08_18:27:07 INFO SetState_BattleStandBy()
2023-04-08_18:28:06 INFO [ Battle StandBy ] SetState_Notify()
2023-04-08_18:29:05 INFO [ Battle StandBy ] SetState_End()
2023-04-08_18:29:05 INFO [ Battle StandBy ] SetState_None()
2023-04-08_18:29:05 INFO [ Battle Maya ] SetState_StandBy_1()
2023-04-08_18:29:05 INFO SetState_BattleOfMaya()
2023-04-08_18:31:04 INFO [ Battle Maya ] SetState_Notify_1()
2023-04-08_18:31:04 INFO [ Battle Maya ] Failed. No users at state 2
2023-04-08_18:31:04 INFO [ Battle Maya ] SetState_End()
2023-04-08_18:31:06 INFO [ Battle Maya ] SetState_EndCycle()
2023-04-08_18:31:06 INFO [ Battle Maya ] SetState_None()
2023-04-08_18:31:06 INFO SetState_End()
2023-04-08_18:31:06 INFO SetState_None()
2023-04-08_18:31:06 INFO [ Battle StandBy ] SetState_Start()
2023-04-08_18:31:06 INFO SetState_BattleStandBy()
2023-04-08_18:32:05 INFO [ Battle StandBy ] SetState_Notify()
2023-04-08_18:33:04 INFO [ Battle StandBy ] SetState_End()
2023-04-08_18:33:04 INFO [ Battle StandBy ] SetState_None()
2023-04-08_18:33:04 INFO [ Battle Maya ] SetState_StandBy_1()
2023-04-08_18:33:04 INFO SetState_BattleOfMaya()
2023-04-08_18:35:03 INFO [ Battle Maya ] SetState_Notify_1()
2023-04-08_18:35:03 INFO [ Battle Maya ] Failed. No users at state 2
2023-04-08_18:35:03 INFO [ Battle Maya ] SetState_End()
2023-04-08_18:35:05 INFO [ Battle Maya ] SetState_EndCycle()
2023-04-08_18:35:05 INFO [ Battle Maya ] SetState_None()
2023-04-08_18:35:05 INFO SetState_End()
2023-04-08_18:35:05 INFO SetState_None()
2023-04-08_18:35:05 INFO [ Battle StandBy ] SetState_Start()
2023-04-08_18:35:05 INFO SetState_BattleStandBy()
2023-04-08_18:36:04 INFO [ Battle StandBy ] SetState_Notify()
