2023-03-26_17:42:29 INFO [ Battle StandBy ] SetState_Start()
2023-03-26_17:42:29 INFO SetState_BattleStandBy()
2023-03-26_17:43:28 INFO [ Battle StandBy ] SetState_Notify()
2023-03-26_17:44:27 INFO [ Battle StandBy ] SetState_End()
2023-03-26_17:44:27 INFO [ Battle StandBy ] SetState_None()
2023-03-26_17:44:27 INFO [ Battle Maya ] SetState_StandBy_1()
2023-03-26_17:44:27 INFO SetState_BattleOfMaya()
2023-03-26_17:46:26 INFO [ Battle Maya ] SetState_Notify_1()
2023-03-26_17:46:26 INFO [ Battle Maya ] Failed. No users at state 2
2023-03-26_17:46:26 INFO [ Battle Maya ] SetState_End()
2023-03-26_17:46:28 INFO [ Battle Maya ] SetState_EndCycle()
2023-03-26_17:46:28 INFO [ Battle Maya ] SetState_None()
2023-03-26_17:46:28 INFO SetState_End()
2023-03-26_17:46:28 INFO SetState_None()
2023-03-26_17:46:28 INFO [ Battle StandBy ] SetState_Start()
2023-03-26_17:46:28 INFO SetState_BattleStandBy()
2023-03-26_17:47:27 INFO [ Battle StandBy ] SetState_Notify()
2023-03-26_17:48:26 INFO [ Battle StandBy ] SetState_End()
2023-03-26_17:48:26 INFO [ Battle StandBy ] SetState_None()
2023-03-26_17:48:27 INFO [ Battle Maya ] SetState_StandBy_1()
2023-03-26_17:48:27 INFO SetState_BattleOfMaya()
2023-03-26_17:50:26 INFO [ Battle Maya ] SetState_Notify_1()
2023-03-26_17:50:26 INFO [ Battle Maya ] Failed. No users at state 2
2023-03-26_17:50:26 INFO [ Battle Maya ] SetState_End()
2023-03-26_17:50:28 INFO [ Battle Maya ] SetState_EndCycle()
2023-03-26_17:50:28 INFO [ Battle Maya ] SetState_None()
2023-03-26_17:50:28 INFO SetState_End()
2023-03-26_17:50:28 INFO SetState_None()
2023-03-26_17:50:28 INFO [ Battle StandBy ] SetState_Start()
2023-03-26_17:50:28 INFO SetState_BattleStandBy()
2023-03-26_17:51:27 INFO [ Battle StandBy ] SetState_Notify()
2023-03-26_17:52:26 INFO [ Battle StandBy ] SetState_End()
2023-03-26_17:52:26 INFO [ Battle StandBy ] SetState_None()
2023-03-26_17:52:26 INFO [ Battle Maya ] SetState_StandBy_1()
2023-03-26_17:52:26 INFO SetState_BattleOfMaya()
2023-03-26_17:54:25 INFO [ Battle Maya ] SetState_Notify_1()
2023-03-26_17:54:25 INFO [ Battle Maya ] Failed. No users at state 2
2023-03-26_17:54:25 INFO [ Battle Maya ] SetState_End()
2023-03-26_17:54:27 INFO [ Battle Maya ] SetState_EndCycle()
2023-03-26_17:54:27 INFO [ Battle Maya ] SetState_None()
2023-03-26_17:54:27 INFO SetState_End()
2023-03-26_17:54:27 INFO SetState_None()
2023-03-26_17:54:27 INFO [ Battle StandBy ] SetState_Start()
2023-03-26_17:54:27 INFO SetState_BattleStandBy()
2023-03-26_17:55:26 INFO [ Battle StandBy ] SetState_Notify()
2023-03-26_17:56:25 INFO [ Battle StandBy ] SetState_End()
2023-03-26_17:56:25 INFO [ Battle StandBy ] SetState_None()
2023-03-26_17:56:25 INFO [ Battle Maya ] SetState_StandBy_1()
2023-03-26_17:56:25 INFO SetState_BattleOfMaya()
2023-03-26_17:58:24 INFO [ Battle Maya ] SetState_Notify_1()
2023-03-26_17:58:24 INFO [ Battle Maya ] Failed. No users at state 2
2023-03-26_17:58:24 INFO [ Battle Maya ] SetState_End()
2023-03-26_17:58:26 INFO [ Battle Maya ] SetState_EndCycle()
2023-03-26_17:58:26 INFO [ Battle Maya ] SetState_None()
2023-03-26_17:58:26 INFO SetState_End()
2023-03-26_17:58:26 INFO SetState_None()
2023-03-26_17:58:26 INFO [ Battle StandBy ] SetState_Start()
2023-03-26_17:58:26 INFO SetState_BattleStandBy()
2023-03-26_17:59:25 INFO [ Battle StandBy ] SetState_Notify()
2023-03-26_18:00:24 INFO [ Battle StandBy ] SetState_End()
2023-03-26_18:00:25 INFO [ Battle StandBy ] SetState_None()
2023-03-26_18:00:25 INFO [ Battle Maya ] SetState_StandBy_1()
2023-03-26_18:00:25 INFO SetState_BattleOfMaya()
2023-03-26_18:02:24 INFO [ Battle Maya ] SetState_Notify_1()
2023-03-26_18:02:24 INFO [ Battle Maya ] Failed. No users at state 2
2023-03-26_18:02:24 INFO [ Battle Maya ] SetState_End()
2023-03-26_18:02:26 INFO [ Battle Maya ] SetState_EndCycle()
2023-03-26_18:02:26 INFO [ Battle Maya ] SetState_None()
2023-03-26_18:02:26 INFO SetState_End()
2023-03-26_18:02:26 INFO SetState_None()
2023-03-26_18:02:26 INFO [ Battle StandBy ] SetState_Start()
2023-03-26_18:02:26 INFO SetState_BattleStandBy()
2023-03-26_18:03:25 INFO [ Battle StandBy ] SetState_Notify()
2023-03-26_18:04:24 INFO [ Battle StandBy ] SetState_End()
2023-03-26_18:04:24 INFO [ Battle StandBy ] SetState_None()
2023-03-26_18:04:24 INFO [ Battle Maya ] SetState_StandBy_1()
2023-03-26_18:04:24 INFO SetState_BattleOfMaya()
2023-03-26_18:06:23 INFO [ Battle Maya ] SetState_Notify_1()
2023-03-26_18:06:23 INFO [ Battle Maya ] Failed. No users at state 2
2023-03-26_18:06:23 INFO [ Battle Maya ] SetState_End()
2023-03-26_18:06:25 INFO [ Battle Maya ] SetState_EndCycle()
2023-03-26_18:06:25 INFO [ Battle Maya ] SetState_None()
2023-03-26_18:06:25 INFO SetState_End()
2023-03-26_18:06:25 INFO SetState_None()
2023-03-26_18:06:25 INFO [ Battle StandBy ] SetState_Start()
2023-03-26_18:06:25 INFO SetState_BattleStandBy()
2023-03-26_18:07:24 INFO [ Battle StandBy ] SetState_Notify()
2023-03-26_18:08:23 INFO [ Battle StandBy ] SetState_End()
2023-03-26_18:08:23 INFO [ Battle StandBy ] SetState_None()
2023-03-26_18:08:23 INFO [ Battle Maya ] SetState_StandBy_1()
2023-03-26_18:08:23 INFO SetState_BattleOfMaya()
2023-03-26_18:10:22 INFO [ Battle Maya ] SetState_Notify_1()
2023-03-26_18:10:22 INFO [ Battle Maya ] Failed. No users at state 2
2023-03-26_18:10:22 INFO [ Battle Maya ] SetState_End()
2023-03-26_18:10:24 INFO [ Battle Maya ] SetState_EndCycle()
2023-03-26_18:10:24 INFO [ Battle Maya ] SetState_None()
2023-03-26_18:10:24 INFO SetState_End()
2023-03-26_18:10:25 INFO SetState_None()
2023-03-26_18:10:25 INFO [ Battle StandBy ] SetState_Start()
2023-03-26_18:10:25 INFO SetState_BattleStandBy()
2023-03-26_18:11:24 INFO [ Battle StandBy ] SetState_Notify()
2023-03-26_18:12:23 INFO [ Battle StandBy ] SetState_End()
2023-03-26_18:12:23 INFO [ Battle StandBy ] SetState_None()
2023-03-26_18:12:23 INFO [ Battle Maya ] SetState_StandBy_1()
2023-03-26_18:12:23 INFO SetState_BattleOfMaya()
2023-03-26_18:14:22 INFO [ Battle Maya ] SetState_Notify_1()
2023-03-26_18:14:22 INFO [ Battle Maya ] Failed. No users at state 2
2023-03-26_18:14:22 INFO [ Battle Maya ] SetState_End()
2023-03-26_18:14:24 INFO [ Battle Maya ] SetState_EndCycle()
2023-03-26_18:14:24 INFO [ Battle Maya ] SetState_None()
2023-03-26_18:14:24 INFO SetState_End()
2023-03-26_18:14:24 INFO SetState_None()
2023-03-26_18:14:24 INFO [ Battle StandBy ] SetState_Start()
2023-03-26_18:14:24 INFO SetState_BattleStandBy()
2023-03-26_18:15:23 INFO [ Battle StandBy ] SetState_Notify()
2023-03-26_18:16:22 INFO [ Battle StandBy ] SetState_End()
2023-03-26_18:16:22 INFO [ Battle StandBy ] SetState_None()
2023-03-26_18:16:22 INFO [ Battle Maya ] SetState_StandBy_1()
2023-03-26_18:16:22 INFO SetState_BattleOfMaya()
2023-03-26_18:18:21 INFO [ Battle Maya ] SetState_Notify_1()
2023-03-26_18:18:21 INFO [ Battle Maya ] Failed. No users at state 2
2023-03-26_18:18:21 INFO [ Battle Maya ] SetState_End()
2023-03-26_18:18:23 INFO [ Battle Maya ] SetState_EndCycle()
2023-03-26_18:18:23 INFO [ Battle Maya ] SetState_None()
2023-03-26_18:18:23 INFO SetState_End()
2023-03-26_18:18:23 INFO SetState_None()
2023-03-26_18:18:23 INFO [ Battle StandBy ] SetState_Start()
2023-03-26_18:18:23 INFO SetState_BattleStandBy()
2023-03-26_18:19:22 INFO [ Battle StandBy ] SetState_Notify()
2023-03-26_18:20:21 INFO [ Battle StandBy ] SetState_End()
2023-03-26_18:20:21 INFO [ Battle StandBy ] SetState_None()
2023-03-26_18:20:21 INFO [ Battle Maya ] SetState_StandBy_1()
2023-03-26_18:20:21 INFO SetState_BattleOfMaya()
2023-03-26_18:22:20 INFO [ Battle Maya ] SetState_Notify_1()
2023-03-26_18:22:20 INFO [ Battle Maya ] Failed. No users at state 2
2023-03-26_18:22:20 INFO [ Battle Maya ] SetState_End()
2023-03-26_18:22:23 INFO [ Battle Maya ] SetState_EndCycle()
2023-03-26_18:22:23 INFO [ Battle Maya ] SetState_None()
2023-03-26_18:22:23 INFO SetState_End()
2023-03-26_18:22:23 INFO SetState_None()
2023-03-26_18:22:23 INFO [ Battle StandBy ] SetState_Start()
2023-03-26_18:22:23 INFO SetState_BattleStandBy()
2023-03-26_18:23:22 INFO [ Battle StandBy ] SetState_Notify()
2023-03-26_18:24:21 INFO [ Battle StandBy ] SetState_End()
2023-03-26_18:24:21 INFO [ Battle StandBy ] SetState_None()
2023-03-26_18:24:21 INFO [ Battle Maya ] SetState_StandBy_1()
2023-03-26_18:24:21 INFO SetState_BattleOfMaya()
2023-03-26_18:26:20 INFO [ Battle Maya ] SetState_Notify_1()
2023-03-26_18:26:20 INFO [ Battle Maya ] Failed. No users at state 2
2023-03-26_18:26:20 INFO [ Battle Maya ] SetState_End()
2023-03-26_18:26:22 INFO [ Battle Maya ] SetState_EndCycle()
2023-03-26_18:26:22 INFO [ Battle Maya ] SetState_None()
2023-03-26_18:26:22 INFO SetState_End()
2023-03-26_18:26:22 INFO SetState_None()
2023-03-26_18:26:22 INFO [ Battle StandBy ] SetState_Start()
2023-03-26_18:26:22 INFO SetState_BattleStandBy()
2023-03-26_18:27:21 INFO [ Battle StandBy ] SetState_Notify()
2023-03-26_18:28:20 INFO [ Battle StandBy ] SetState_End()
2023-03-26_18:28:20 INFO [ Battle StandBy ] SetState_None()
2023-03-26_18:28:20 INFO [ Battle Maya ] SetState_StandBy_1()
2023-03-26_18:28:20 INFO SetState_BattleOfMaya()
2023-03-26_18:30:19 INFO [ Battle Maya ] SetState_Notify_1()
2023-03-26_18:30:19 INFO [ Battle Maya ] Failed. No users at state 2
2023-03-26_18:30:19 INFO [ Battle Maya ] SetState_End()
2023-03-26_18:30:21 INFO [ Battle Maya ] SetState_EndCycle()
2023-03-26_18:30:21 INFO [ Battle Maya ] SetState_None()
2023-03-26_18:30:21 INFO SetState_End()
2023-03-26_18:30:21 INFO SetState_None()
2023-03-26_18:30:21 INFO [ Battle StandBy ] SetState_Start()
2023-03-26_18:30:21 INFO SetState_BattleStandBy()
2023-03-26_18:31:20 INFO [ Battle StandBy ] SetState_Notify()
2023-03-26_18:32:19 INFO [ Battle StandBy ] SetState_End()
2023-03-26_18:32:20 INFO [ Battle StandBy ] SetState_None()
2023-03-26_18:32:20 INFO [ Battle Maya ] SetState_StandBy_1()
2023-03-26_18:32:20 INFO SetState_BattleOfMaya()
2023-03-26_18:34:19 INFO [ Battle Maya ] SetState_Notify_1()
2023-03-26_18:34:19 INFO [ Battle Maya ] Failed. No users at state 2
2023-03-26_18:34:19 INFO [ Battle Maya ] SetState_End()
2023-03-26_18:34:21 INFO [ Battle Maya ] SetState_EndCycle()
2023-03-26_18:34:21 INFO [ Battle Maya ] SetState_None()
2023-03-26_18:34:21 INFO SetState_End()
2023-03-26_18:34:21 INFO SetState_None()
2023-03-26_18:34:21 INFO [ Battle StandBy ] SetState_Start()
2023-03-26_18:34:21 INFO SetState_BattleStandBy()
2023-03-26_18:35:20 INFO [ Battle StandBy ] SetState_Notify()
2023-03-26_18:36:19 INFO [ Battle StandBy ] SetState_End()
2023-03-26_18:36:19 INFO [ Battle StandBy ] SetState_None()
2023-03-26_18:36:19 INFO [ Battle Maya ] SetState_StandBy_1()
2023-03-26_18:36:19 INFO SetState_BattleOfMaya()
2023-03-26_18:38:18 INFO [ Battle Maya ] SetState_Notify_1()
2023-03-26_18:38:18 INFO [ Battle Maya ] Failed. No users at state 2
2023-03-26_18:38:18 INFO [ Battle Maya ] SetState_End()
2023-03-26_18:38:20 INFO [ Battle Maya ] SetState_EndCycle()
2023-03-26_18:38:20 INFO [ Battle Maya ] SetState_None()
2023-03-26_18:38:20 INFO SetState_End()
2023-03-26_18:38:20 INFO SetState_None()
2023-03-26_18:38:20 INFO [ Battle StandBy ] SetState_Start()
2023-03-26_18:38:20 INFO SetState_BattleStandBy()
2023-03-26_18:39:19 INFO [ Battle StandBy ] SetState_Notify()
2023-03-26_18:40:18 INFO [ Battle StandBy ] SetState_End()
2023-03-26_18:40:18 INFO [ Battle StandBy ] SetState_None()
2023-03-26_18:40:18 INFO [ Battle Maya ] SetState_StandBy_1()
2023-03-26_18:40:18 INFO SetState_BattleOfMaya()
2023-03-26_18:42:17 INFO [ Battle Maya ] SetState_Notify_1()
2023-03-26_18:42:17 INFO [ Battle Maya ] Failed. No users at state 2
2023-03-26_18:42:17 INFO [ Battle Maya ] SetState_End()
2023-03-26_18:42:19 INFO [ Battle Maya ] SetState_EndCycle()
2023-03-26_18:42:19 INFO [ Battle Maya ] SetState_None()
2023-03-26_18:42:19 INFO SetState_End()
2023-03-26_18:42:19 INFO SetState_None()
2023-03-26_18:42:19 INFO [ Battle StandBy ] SetState_Start()
2023-03-26_18:42:19 INFO SetState_BattleStandBy()
2023-03-26_18:43:18 INFO [ Battle StandBy ] SetState_Notify()
2023-03-26_18:44:17 INFO [ Battle StandBy ] SetState_End()
2023-03-26_18:44:18 INFO [ Battle StandBy ] SetState_None()
2023-03-26_18:44:18 INFO [ Battle Maya ] SetState_StandBy_1()
2023-03-26_18:44:18 INFO SetState_BattleOfMaya()
2023-03-26_18:46:17 INFO [ Battle Maya ] SetState_Notify_1()
2023-03-26_18:46:17 INFO [ Battle Maya ] Failed. No users at state 2
2023-03-26_18:46:17 INFO [ Battle Maya ] SetState_End()
2023-03-26_18:46:19 INFO [ Battle Maya ] SetState_EndCycle()
2023-03-26_18:46:19 INFO [ Battle Maya ] SetState_None()
2023-03-26_18:46:19 INFO SetState_End()
2023-03-26_18:46:19 INFO SetState_None()
2023-03-26_18:46:19 INFO [ Battle StandBy ] SetState_Start()
2023-03-26_18:46:19 INFO SetState_BattleStandBy()
2023-03-26_18:47:18 INFO [ Battle StandBy ] SetState_Notify()
2023-03-26_18:48:17 INFO [ Battle StandBy ] SetState_End()
2023-03-26_18:48:17 INFO [ Battle StandBy ] SetState_None()
2023-03-26_18:48:17 INFO [ Battle Maya ] SetState_StandBy_1()
2023-03-26_18:48:17 INFO SetState_BattleOfMaya()
2023-03-26_18:50:16 INFO [ Battle Maya ] SetState_Notify_1()
2023-03-26_18:50:16 INFO [ Battle Maya ] Failed. No users at state 2
2023-03-26_18:50:16 INFO [ Battle Maya ] SetState_End()
2023-03-26_18:50:18 INFO [ Battle Maya ] SetState_EndCycle()
2023-03-26_18:50:18 INFO [ Battle Maya ] SetState_None()
2023-03-26_18:50:18 INFO SetState_End()
2023-03-26_18:50:18 INFO SetState_None()
2023-03-26_18:50:18 INFO [ Battle StandBy ] SetState_Start()
2023-03-26_18:50:18 INFO SetState_BattleStandBy()
2023-03-26_18:51:17 INFO [ Battle StandBy ] SetState_Notify()
2023-03-26_18:52:16 INFO [ Battle StandBy ] SetState_End()
2023-03-26_18:52:16 INFO [ Battle StandBy ] SetState_None()
2023-03-26_18:52:16 INFO [ Battle Maya ] SetState_StandBy_1()
2023-03-26_18:52:16 INFO SetState_BattleOfMaya()
2023-03-26_18:54:16 INFO [ Battle Maya ] SetState_Notify_1()
2023-03-26_18:54:16 INFO [ Battle Maya ] Failed. No users at state 2
2023-03-26_18:54:16 INFO [ Battle Maya ] SetState_End()
2023-03-26_18:54:18 INFO [ Battle Maya ] SetState_EndCycle()
2023-03-26_18:54:18 INFO [ Battle Maya ] SetState_None()
2023-03-26_18:54:18 INFO SetState_End()
2023-03-26_18:54:18 INFO SetState_None()
2023-03-26_18:54:18 INFO [ Battle StandBy ] SetState_Start()
2023-03-26_18:54:18 INFO SetState_BattleStandBy()
2023-03-26_18:55:17 INFO [ Battle StandBy ] SetState_Notify()
2023-03-26_18:56:16 INFO [ Battle StandBy ] SetState_End()
2023-03-26_18:56:16 INFO [ Battle StandBy ] SetState_None()
2023-03-26_18:56:16 INFO [ Battle Maya ] SetState_StandBy_1()
2023-03-26_18:56:16 INFO SetState_BattleOfMaya()
2023-03-26_18:58:15 INFO [ Battle Maya ] SetState_Notify_1()
2023-03-26_18:58:15 INFO [ Battle Maya ] Failed. No users at state 2
2023-03-26_18:58:15 INFO [ Battle Maya ] SetState_End()
2023-03-26_18:58:17 INFO [ Battle Maya ] SetState_EndCycle()
2023-03-26_18:58:17 INFO [ Battle Maya ] SetState_None()
2023-03-26_18:58:17 INFO SetState_End()
2023-03-26_18:58:17 INFO SetState_None()
2023-03-26_18:58:17 INFO [ Battle StandBy ] SetState_Start()
2023-03-26_18:58:17 INFO SetState_BattleStandBy()
2023-03-26_18:59:16 INFO [ Battle StandBy ] SetState_Notify()
2023-03-26_19:00:15 INFO [ Battle StandBy ] SetState_End()
2023-03-26_19:00:15 INFO [ Battle StandBy ] SetState_None()
2023-03-26_19:00:15 INFO [ Battle Maya ] SetState_StandBy_1()
2023-03-26_19:00:15 INFO SetState_BattleOfMaya()
2023-03-26_19:02:14 INFO [ Battle Maya ] SetState_Notify_1()
2023-03-26_19:02:14 INFO [ Battle Maya ] Failed. No users at state 2
2023-03-26_19:02:14 INFO [ Battle Maya ] SetState_End()
2023-03-26_19:02:16 INFO [ Battle Maya ] SetState_EndCycle()
2023-03-26_19:02:16 INFO [ Battle Maya ] SetState_None()
2023-03-26_19:02:16 INFO SetState_End()
2023-03-26_19:02:16 INFO SetState_None()
2023-03-26_19:02:16 INFO [ Battle StandBy ] SetState_Start()
2023-03-26_19:02:16 INFO SetState_BattleStandBy()
2023-03-26_19:03:15 INFO [ Battle StandBy ] SetState_Notify()
2023-03-26_19:04:14 INFO [ Battle StandBy ] SetState_End()
2023-03-26_19:04:15 INFO [ Battle StandBy ] SetState_None()
2023-03-26_19:04:15 INFO [ Battle Maya ] SetState_StandBy_1()
2023-03-26_19:04:15 INFO SetState_BattleOfMaya()
2023-03-26_19:06:14 INFO [ Battle Maya ] SetState_Notify_1()
2023-03-26_19:06:14 INFO [ Battle Maya ] Failed. No users at state 2
2023-03-26_19:06:14 INFO [ Battle Maya ] SetState_End()
2023-03-26_19:06:16 INFO [ Battle Maya ] SetState_EndCycle()
2023-03-26_19:06:16 INFO [ Battle Maya ] SetState_None()
2023-03-26_19:06:16 INFO SetState_End()
2023-03-26_19:06:16 INFO SetState_None()
2023-03-26_19:06:16 INFO [ Battle StandBy ] SetState_Start()
2023-03-26_19:06:16 INFO SetState_BattleStandBy()
2023-03-26_19:07:15 INFO [ Battle StandBy ] SetState_Notify()
2023-03-26_19:08:14 INFO [ Battle StandBy ] SetState_End()
2023-03-26_19:08:14 INFO [ Battle StandBy ] SetState_None()
2023-03-26_19:08:14 INFO [ Battle Maya ] SetState_StandBy_1()
2023-03-26_19:08:14 INFO SetState_BattleOfMaya()
2023-03-26_19:10:13 INFO [ Battle Maya ] SetState_Notify_1()
2023-03-26_19:10:13 INFO [ Battle Maya ] Failed. No users at state 2
2023-03-26_19:10:13 INFO [ Battle Maya ] SetState_End()
2023-03-26_19:10:15 INFO [ Battle Maya ] SetState_EndCycle()
2023-03-26_19:10:15 INFO [ Battle Maya ] SetState_None()
2023-03-26_19:10:15 INFO SetState_End()
2023-03-26_19:10:15 INFO SetState_None()
2023-03-26_19:10:15 INFO [ Battle StandBy ] SetState_Start()
2023-03-26_19:10:15 INFO SetState_BattleStandBy()
2023-03-26_19:11:14 INFO [ Battle StandBy ] SetState_Notify()
2023-03-26_19:12:13 INFO [ Battle StandBy ] SetState_End()
2023-03-26_19:12:13 INFO [ Battle StandBy ] SetState_None()
2023-03-26_19:12:13 INFO [ Battle Maya ] SetState_StandBy_1()
2023-03-26_19:12:13 INFO SetState_BattleOfMaya()
2023-03-26_19:14:12 INFO [ Battle Maya ] SetState_Notify_1()
2023-03-26_19:14:12 INFO [ Battle Maya ] Failed. No users at state 2
2023-03-26_19:14:12 INFO [ Battle Maya ] SetState_End()
2023-03-26_19:14:14 INFO [ Battle Maya ] SetState_EndCycle()
2023-03-26_19:14:14 INFO [ Battle Maya ] SetState_None()
2023-03-26_19:14:14 INFO SetState_End()
2023-03-26_19:14:14 INFO SetState_None()
2023-03-26_19:14:14 INFO [ Battle StandBy ] SetState_Start()
2023-03-26_19:14:14 INFO SetState_BattleStandBy()
2023-03-26_19:15:14 INFO [ Battle StandBy ] SetState_Notify()
2023-03-26_19:16:13 INFO [ Battle StandBy ] SetState_End()
2023-03-26_19:16:13 INFO [ Battle StandBy ] SetState_None()
2023-03-26_19:16:13 INFO [ Battle Maya ] SetState_StandBy_1()
2023-03-26_19:16:13 INFO SetState_BattleOfMaya()
2023-03-26_19:18:12 INFO [ Battle Maya ] SetState_Notify_1()
2023-03-26_19:18:12 INFO [ Battle Maya ] Failed. No users at state 2
2023-03-26_19:18:12 INFO [ Battle Maya ] SetState_End()
2023-03-26_19:18:14 INFO [ Battle Maya ] SetState_EndCycle()
2023-03-26_19:18:14 INFO [ Battle Maya ] SetState_None()
2023-03-26_19:18:14 INFO SetState_End()
2023-03-26_19:18:14 INFO SetState_None()
2023-03-26_19:18:14 INFO [ Battle StandBy ] SetState_Start()
2023-03-26_19:18:14 INFO SetState_BattleStandBy()
2023-03-26_19:19:13 INFO [ Battle StandBy ] SetState_Notify()
2023-03-26_19:20:12 INFO [ Battle StandBy ] SetState_End()
2023-03-26_19:20:12 INFO [ Battle StandBy ] SetState_None()
2023-03-26_19:20:12 INFO [ Battle Maya ] SetState_StandBy_1()
2023-03-26_19:20:12 INFO SetState_BattleOfMaya()
2023-03-26_19:22:11 INFO [ Battle Maya ] SetState_Notify_1()
2023-03-26_19:22:11 INFO [ Battle Maya ] Failed. No users at state 2
2023-03-26_19:22:11 INFO [ Battle Maya ] SetState_End()
2023-03-26_19:22:13 INFO [ Battle Maya ] SetState_EndCycle()
2023-03-26_19:22:13 INFO [ Battle Maya ] SetState_None()
2023-03-26_19:22:13 INFO SetState_End()
2023-03-26_19:22:13 INFO SetState_None()
2023-03-26_19:22:13 INFO [ Battle StandBy ] SetState_Start()
2023-03-26_19:22:13 INFO SetState_BattleStandBy()
2023-03-26_19:23:12 INFO [ Battle StandBy ] SetState_Notify()
2023-03-26_19:24:11 INFO [ Battle StandBy ] SetState_End()
2023-03-26_19:24:11 INFO [ Battle StandBy ] SetState_None()
2023-03-26_19:24:11 INFO [ Battle Maya ] SetState_StandBy_1()
2023-03-26_19:24:12 INFO SetState_BattleOfMaya()
2023-03-26_19:26:11 INFO [ Battle Maya ] SetState_Notify_1()
2023-03-26_19:26:11 INFO [ Battle Maya ] Failed. No users at state 2
2023-03-26_19:26:11 INFO [ Battle Maya ] SetState_End()
2023-03-26_19:26:13 INFO [ Battle Maya ] SetState_EndCycle()
2023-03-26_19:26:13 INFO [ Battle Maya ] SetState_None()
2023-03-26_19:26:13 INFO SetState_End()
2023-03-26_19:26:13 INFO SetState_None()
2023-03-26_19:26:13 INFO [ Battle StandBy ] SetState_Start()
2023-03-26_19:26:13 INFO SetState_BattleStandBy()
2023-03-26_19:27:12 INFO [ Battle StandBy ] SetState_Notify()
2023-03-26_19:28:11 INFO [ Battle StandBy ] SetState_End()
2023-03-26_19:28:11 INFO [ Battle StandBy ] SetState_None()
2023-03-26_19:28:11 INFO [ Battle Maya ] SetState_StandBy_1()
2023-03-26_19:28:11 INFO SetState_BattleOfMaya()
2023-03-26_19:30:10 INFO [ Battle Maya ] SetState_Notify_1()
2023-03-26_19:30:10 INFO [ Battle Maya ] Failed. No users at state 2
2023-03-26_19:30:10 INFO [ Battle Maya ] SetState_End()
2023-03-26_19:30:12 INFO [ Battle Maya ] SetState_EndCycle()
2023-03-26_19:30:12 INFO [ Battle Maya ] SetState_None()
2023-03-26_19:30:12 INFO SetState_End()
2023-03-26_19:30:12 INFO SetState_None()
2023-03-26_19:30:12 INFO [ Battle StandBy ] SetState_Start()
2023-03-26_19:30:12 INFO SetState_BattleStandBy()
2023-03-26_19:31:11 INFO [ Battle StandBy ] SetState_Notify()
2023-03-26_19:32:10 INFO [ Battle StandBy ] SetState_End()
2023-03-26_19:32:11 INFO [ Battle StandBy ] SetState_None()
2023-03-26_19:32:11 INFO [ Battle Maya ] SetState_StandBy_1()
2023-03-26_19:32:11 INFO SetState_BattleOfMaya()
2023-03-26_19:34:10 INFO [ Battle Maya ] SetState_Notify_1()
2023-03-26_19:34:10 INFO [ Battle Maya ] Failed. No users at state 2
2023-03-26_19:34:10 INFO [ Battle Maya ] SetState_End()
2023-03-26_19:34:12 INFO [ Battle Maya ] SetState_EndCycle()
2023-03-26_19:34:12 INFO [ Battle Maya ] SetState_None()
2023-03-26_19:34:12 INFO SetState_End()
2023-03-26_19:34:12 INFO SetState_None()
2023-03-26_19:34:12 INFO [ Battle StandBy ] SetState_Start()
2023-03-26_19:34:12 INFO SetState_BattleStandBy()
2023-03-26_19:35:11 INFO [ Battle StandBy ] SetState_Notify()
2023-03-26_19:36:10 INFO [ Battle StandBy ] SetState_End()
2023-03-26_19:36:10 INFO [ Battle StandBy ] SetState_None()
2023-03-26_19:36:10 INFO [ Battle Maya ] SetState_StandBy_1()
2023-03-26_19:36:10 INFO SetState_BattleOfMaya()
2023-03-26_19:38:09 INFO [ Battle Maya ] SetState_Notify_1()
2023-03-26_19:38:09 INFO [ Battle Maya ] Failed. No users at state 2
2023-03-26_19:38:09 INFO [ Battle Maya ] SetState_End()
2023-03-26_19:38:11 INFO [ Battle Maya ] SetState_EndCycle()
2023-03-26_19:38:11 INFO [ Battle Maya ] SetState_None()
2023-03-26_19:38:11 INFO SetState_End()
2023-03-26_19:38:11 INFO SetState_None()
2023-03-26_19:38:11 INFO [ Battle StandBy ] SetState_Start()
2023-03-26_19:38:11 INFO SetState_BattleStandBy()
2023-03-26_19:39:10 INFO [ Battle StandBy ] SetState_Notify()
2023-03-26_19:40:09 INFO [ Battle StandBy ] SetState_End()
2023-03-26_19:40:09 INFO [ Battle StandBy ] SetState_None()
2023-03-26_19:40:09 INFO [ Battle Maya ] SetState_StandBy_1()
2023-03-26_19:40:09 INFO SetState_BattleOfMaya()
2023-03-26_19:42:09 INFO [ Battle Maya ] SetState_Notify_1()
2023-03-26_19:42:09 INFO [ Battle Maya ] Failed. No users at state 2
2023-03-26_19:42:09 INFO [ Battle Maya ] SetState_End()
2023-03-26_19:42:11 INFO [ Battle Maya ] SetState_EndCycle()
2023-03-26_19:42:11 INFO [ Battle Maya ] SetState_None()
2023-03-26_19:42:11 INFO SetState_End()
2023-03-26_19:42:11 INFO SetState_None()
2023-03-26_19:42:11 INFO [ Battle StandBy ] SetState_Start()
2023-03-26_19:42:11 INFO SetState_BattleStandBy()
2023-03-26_19:43:10 INFO [ Battle StandBy ] SetState_Notify()
