2023-03-29_13:27:55 INFO World::UpdateItemQueue -- [34 / Crywolf -- 236 / 110] Owner: [30000 / Mage] -- [SERIAL]19/193/0[SERIAL][SLOT]0[SLOT][ITEM]3759 - [ITEM][LVL]4[LVL][DUR]44[DUR]
2023-03-29_13:27:56 INFO World::UpdateItemQueue -- [34 / Crywolf -- 237 / 111] Owner: [30000 / Mage] -- [SERIAL]19/194/0[SERIAL][SLOT]0[SLOT][ITEM]2051 - [ITEM][LVL]6[LVL][DUR]44[DUR][S]1[S][L]1[L][O]1[O]
2023-03-29_13:27:56 INFO World::UpdateItemQueue -- [34 / Crywolf -- 238 / 112] Owner: [30000 / Mage] -- [SERIAL]19/195/0[SERIAL][SLOT]0[SLOT][ITEM]2091 - [ITEM][LVL]4[LVL][DUR]0[DUR][O]2[O]
2023-03-29_13:27:57 INFO World::UpdateItemQueue -- [34 / Crywolf -- 238 / 112] Owner: [30000 / Mage] -- [SERIAL]19/196/0[SERIAL][SLOT]0[SLOT][ITEM]7184 - [ITEM][LVL]0[LVL][DUR]1[DUR]
2023-03-29_13:27:57 INFO World::UpdateItemQueue -- [34 / Crywolf -- 238 / 112] Owner: [30000 / Mage] -- [SERIAL]19/200/0[SERIAL][SLOT]0[SLOT][ITEM]7182 - [ITEM][LVL]0[LVL][DUR]1[DUR]
2023-03-29_13:27:58 INFO World::UpdateItemQueue -- [34 / Crywolf -- 238 / 112] Owner: [30000 / Mage] -- [SERIAL]19/201/0[SERIAL][SLOT]0[SLOT][ITEM]6664 - [ITEM][LVL]0[LVL][DUR]65[DUR][L]1[L][O]1[O][E]8[E]
2023-03-29_13:27:59 INFO World::UpdateItemQueue -- [34 / Crywolf -- 238 / 109] Owner: [30000 / Mage] -- [SERIAL]19/202/0[SERIAL][SLOT]0[SLOT][ITEM]6656 - [ITEM][LVL]0[LVL][DUR]255[DUR]
2023-03-29_13:27:59 INFO World::UpdateItemQueue -- [34 / Crywolf -- 238 / 109] Owner: [30000 / Mage] -- [SERIAL]19/203/0[SERIAL][SLOT]0[SLOT][ITEM]6159 - [ITEM][LVL]0[LVL][DUR]1[DUR]
2023-03-29_13:28:00 INFO World::UpdateItemQueue -- [34 / Crywolf -- 235 / 110] Owner: [30000 / Mage] -- [SERIAL]19/204/0[SERIAL][SLOT]0[SLOT][ITEM]7181 - [ITEM][LVL]0[LVL][DUR]1[DUR]
2023-03-29_13:28:01 INFO World::UpdateItemQueue -- [34 / Crywolf -- 238 / 112] Owner: [30000 / Mage] -- [SERIAL]19/205/0[SERIAL][SLOT]0[SLOT][ITEM]6657 - [ITEM][LVL]0[LVL][DUR]255[DUR][L]1[L]
2023-03-29_13:28:01 INFO World::UpdateItemQueue -- [34 / Crywolf -- 238 / 109] Owner: [30000 / Mage] -- [SERIAL]19/206/0[SERIAL][SLOT]0[SLOT][ITEM]7182 - [ITEM][LVL]0[LVL][DUR]1[DUR]
2023-03-29_13:28:02 INFO World::UpdateItemQueue -- [34 / Crywolf -- 238 / 109] Owner: [30000 / Mage] -- [SERIAL]19/207/0[SERIAL][SLOT]0[SLOT][ITEM]6657 - [ITEM][LVL]0[LVL][DUR]255[DUR][L]1[L]
2023-03-29_13:28:02 INFO World::UpdateItemQueue -- [34 / Crywolf -- 235 / 110] Owner: [30000 / Mage] -- [SERIAL]19/208/0[SERIAL][SLOT]0[SLOT][ITEM]66 - [ITEM][LVL]4[LVL][DUR]24[DUR][S]1[S][L]1[L][O]1[O]
2023-03-29_13:28:03 INFO World::UpdateItemQueue -- [34 / Crywolf -- 235 / 110] Owner: [30000 / Mage] -- [SERIAL]19/209/0[SERIAL][SLOT]0[SLOT][ITEM]6657 - [ITEM][LVL]0[LVL][DUR]255[DUR]
2023-03-29_13:28:04 INFO World::UpdateItemQueue -- [34 / Crywolf -- 238 / 109] Owner: [30000 / Mage] -- [SERIAL]19/210/0[SERIAL][SLOT]0[SLOT][ITEM]7184 - [ITEM][LVL]0[LVL][DUR]1[DUR]
2023-03-29_13:28:04 INFO World::UpdateItemQueue -- [34 / Crywolf -- 238 / 109] Owner: [30000 / Mage] -- [SERIAL]19/211/0[SERIAL][SLOT]0[SLOT][ITEM]6669 - [ITEM][LVL]0[LVL][DUR]65[DUR][L]1[L][O]1[O][E]4[E]
2023-03-29_13:28:05 INFO World::UpdateItemQueue -- [34 / Crywolf -- 238 / 109] Owner: [30000 / Mage] -- [SERIAL]19/213/0[SERIAL][SLOT]0[SLOT][ITEM]6665 - [ITEM][LVL]0[LVL][DUR]65[DUR][L]1[L][O]1[O][E]50[E]
2023-03-29_13:28:05 INFO World::UpdateItemQueue -- [34 / Crywolf -- 238 / 109] Owner: [30000 / Mage] -- [SERIAL]19/214/0[SERIAL][SLOT]0[SLOT][ITEM]7182 - [ITEM][LVL]0[LVL][DUR]1[DUR]
2023-03-29_13:28:06 INFO World::UpdateItemQueue -- [34 / Crywolf -- 238 / 109] Owner: [30000 / Mage] -- [SERIAL]19/215/0[SERIAL][SLOT]0[SLOT][ITEM]6665 - [ITEM][LVL]0[LVL][DUR]65[DUR][O]2[O][E]36[E]
2023-03-29_13:28:06 INFO World::UpdateItemQueue -- [34 / Crywolf -- 238 / 109] Owner: [30000 / Mage] -- [SERIAL]19/216/0[SERIAL][SLOT]0[SLOT][ITEM]7182 - [ITEM][LVL]0[LVL][DUR]1[DUR]
2023-03-29_13:28:07 INFO World::UpdateItemQueue -- [34 / Crywolf -- 238 / 109] Owner: [30000 / Mage] -- [SERIAL]19/217/0[SERIAL][SLOT]0[SLOT][ITEM]6656 - [ITEM][LVL]0[LVL][DUR]255[DUR][L]1[L]
2023-03-29_13:28:07 INFO World::UpdateItemQueue -- [34 / Crywolf -- 238 / 109] Owner: [30000 / Mage] -- [SERIAL]19/220/0[SERIAL][SLOT]0[SLOT][ITEM]1052 - [ITEM][LVL]6[LVL][DUR]58[DUR][O]2[O]
2023-03-29_13:28:08 INFO World::UpdateItemQueue -- [34 / Crywolf -- 238 / 109] Owner: [30000 / Mage] -- [SERIAL]19/221/0[SERIAL][SLOT]0[SLOT][ITEM]5632 - [ITEM][LVL]4[LVL][DUR]38[DUR][L]1[L][O]1[O]
2023-03-29_13:28:08 INFO World::UpdateItemQueue -- [34 / Crywolf -- 238 / 109] Owner: [30000 / Mage] -- [SERIAL]19/222/0[SERIAL][SLOT]0[SLOT][ITEM]7181 - [ITEM][LVL]0[LVL][DUR]1[DUR]
2023-03-29_13:28:09 INFO World::UpdateItemQueue -- [34 / Crywolf -- 238 / 109] Owner: [30000 / Mage] -- [SERIAL]19/223/0[SERIAL][SLOT]0[SLOT][ITEM]7182 - [ITEM][LVL]0[LVL][DUR]1[DUR]
2023-03-29_13:28:09 INFO World::UpdateItemQueue -- [34 / Crywolf -- 238 / 109] Owner: [30000 / Mage] -- [SERIAL]19/224/0[SERIAL][SLOT]0[SLOT][ITEM]6665 - [ITEM][LVL]0[LVL][DUR]65[DUR][L]1[L][O]2[O][E]48[E]
2023-03-29_13:28:10 INFO World::UpdateItemQueue -- [34 / Crywolf -- 238 / 109] Owner: [30000 / Mage] -- [SERIAL]19/225/0[SERIAL][SLOT]0[SLOT][ITEM]4612 - [ITEM][LVL]5[LVL][DUR]36[DUR][O]2[O]
2023-03-29_13:28:10 INFO World::UpdateItemQueue -- [34 / Crywolf -- 238 / 109] Owner: [30000 / Mage] -- [SERIAL]19/226/0[SERIAL][SLOT]0[SLOT][ITEM]6657 - [ITEM][LVL]0[LVL][DUR]255[DUR][L]1[L]
2023-03-29_13:28:11 INFO World::UpdateItemQueue -- [34 / Crywolf -- 238 / 109] Owner: [30000 / Mage] -- [SERIAL]19/227/0[SERIAL][SLOT]0[SLOT][ITEM]6664 - [ITEM][LVL]0[LVL][DUR]65[DUR][O]2[O][E]6[E]
2023-03-29_13:28:12 INFO World::UpdateItemQueue -- [34 / Crywolf -- 238 / 109] Owner: [30000 / Mage] -- [SERIAL]19/228/0[SERIAL][SLOT]0[SLOT][ITEM]6657 - [ITEM][LVL]0[LVL][DUR]255[DUR][L]1[L]
2023-03-29_13:28:12 INFO World::UpdateItemQueue -- [34 / Crywolf -- 238 / 109] Owner: [30000 / Mage] -- [SERIAL]19/229/0[SERIAL][SLOT]0[SLOT][ITEM]6665 - [ITEM][LVL]0[LVL][DUR]65[DUR][O]1[O][E]32[E]
2023-03-29_13:28:13 INFO World::UpdateItemQueue -- [34 / Crywolf -- 238 / 109] Owner: [30000 / Mage] -- [SERIAL]19/230/0[SERIAL][SLOT]0[SLOT][ITEM]6664 - [ITEM][LVL]0[LVL][DUR]65[DUR][E]40[E]
2023-03-29_13:28:13 INFO World::UpdateItemQueue -- [34 / Crywolf -- 238 / 109] Owner: [30000 / Mage] -- [SERIAL]19/231/0[SERIAL][SLOT]0[SLOT][ITEM]6669 - [ITEM][LVL]0[LVL][DUR]65[DUR][L]1[L][O]2[O][E]22[E]
2023-03-29_13:28:14 INFO World::UpdateItemQueue -- [34 / Crywolf -- 238 / 109] Owner: [30000 / Mage] -- [SERIAL]19/232/0[SERIAL][SLOT]0[SLOT][ITEM]5632 - [ITEM][LVL]4[LVL][DUR]38[DUR][L]1[L][O]1[O]
2023-03-29_13:28:15 INFO World::UpdateItemQueue -- [34 / Crywolf -- 238 / 109] Owner: [30000 / Mage] -- [SERIAL]19/235/0[SERIAL][SLOT]0[SLOT][ITEM]6664 - [ITEM][LVL]0[LVL][DUR]65[DUR][L]1[L][O]1[O][E]5[E]
2023-03-29_13:28:15 INFO World::UpdateItemQueue -- [34 / Crywolf -- 238 / 109] Owner: [30000 / Mage] -- [SERIAL]19/236/0[SERIAL][SLOT]0[SLOT][ITEM]6669 - [ITEM][LVL]0[LVL][DUR]65[DUR][L]1[L][O]2[O][E]11[E]
2023-03-29_13:28:15 INFO World::UpdateItemQueue -- [34 / Crywolf -- 238 / 109] Owner: [30000 / Mage] -- [SERIAL]19/237/0[SERIAL][SLOT]0[SLOT][ITEM]6668 - [ITEM][LVL]0[LVL][DUR]65[DUR][L]1[L][E]18[E]
2023-03-29_13:28:16 INFO World::UpdateItemQueue -- [34 / Crywolf -- 237 / 108] Owner: [30000 / Mage] -- [SERIAL]19/238/0[SERIAL][SLOT]0[SLOT][ITEM]3701 - [ITEM][LVL]6[LVL][DUR]44[DUR][L]1[L]
2023-03-29_13:28:16 INFO World::UpdateItemQueue -- [34 / Crywolf -- 237 / 108] Owner: [30000 / Mage] -- [SERIAL]19/240/0[SERIAL][SLOT]0[SLOT][ITEM]6656 - [ITEM][LVL]0[LVL][DUR]255[DUR]
2023-03-29_13:28:17 INFO World::UpdateItemQueue -- [34 / Crywolf -- 237 / 108] Owner: [30000 / Mage] -- [SERIAL]19/241/0[SERIAL][SLOT]0[SLOT][ITEM]66 - [ITEM][LVL]5[LVL][DUR]26[DUR][S]1[S][O]2[O]
2023-03-29_13:28:17 INFO World::UpdateItemQueue -- [34 / Crywolf -- 237 / 108] Owner: [30000 / Mage] -- [SERIAL]19/245/0[SERIAL][SLOT]0[SLOT][ITEM]6159 - [ITEM][LVL]0[LVL][DUR]1[DUR]
2023-03-29_13:28:18 INFO World::UpdateItemQueue -- [34 / Crywolf -- 237 / 108] Owner: [30000 / Mage] -- [SERIAL]19/246/0[SERIAL][SLOT]0[SLOT][ITEM]6657 - [ITEM][LVL]0[LVL][DUR]255[DUR]
2023-03-29_13:28:19 INFO World::UpdateItemQueue -- [34 / Crywolf -- 237 / 108] Owner: [30000 / Mage] -- [SERIAL]19/247/0[SERIAL][SLOT]0[SLOT][ITEM]6656 - [ITEM][LVL]0[LVL][DUR]255[DUR]
2023-03-29_13:28:19 INFO World::UpdateItemQueue -- [34 / Crywolf -- 237 / 108] Owner: [30000 / Mage] -- [SERIAL]19/248/0[SERIAL][SLOT]0[SLOT][ITEM]7184 - [ITEM][LVL]0[LVL][DUR]1[DUR]
2023-03-29_13:28:20 INFO World::UpdateItemQueue -- [34 / Crywolf -- 237 / 108] Owner: [30000 / Mage] -- [SERIAL]19/249/0[SERIAL][SLOT]0[SLOT][ITEM]6159 - [ITEM][LVL]0[LVL][DUR]1[DUR]
2023-03-29_13:28:23 INFO World::UpdateItemQueue -- [34 / Crywolf -- 237 / 108] Owner: [30000 / Mage] -- [SERIAL]19/250/0[SERIAL][SLOT]0[SLOT][ITEM]5295 - [ITEM][LVL]4[LVL][DUR]44[DUR][O]1[O]
2023-03-29_13:28:23 INFO World::UpdateItemQueue -- [34 / Crywolf -- 237 / 108] Owner: [30000 / Mage] -- [SERIAL]19/251/0[SERIAL][SLOT]0[SLOT][ITEM]6656 - [ITEM][LVL]0[LVL][DUR]255[DUR][L]1[L]
2023-03-29_13:28:24 INFO World::UpdateItemQueue -- [34 / Crywolf -- 237 / 108] Owner: [30000 / Mage] -- [SERIAL]19/252/0[SERIAL][SLOT]0[SLOT][ITEM]9 - [ITEM][LVL]5[LVL][DUR]46[DUR][S]1[S][L]1[L][O]2[O]
2023-03-29_13:28:25 INFO World::UpdateItemQueue -- [34 / Crywolf -- 237 / 108] Owner: [30000 / Mage] -- [SERIAL]19/256/0[SERIAL][SLOT]0[SLOT][ITEM]6665 - [ITEM][LVL]0[LVL][DUR]65[DUR][L]1[L][E]24[E]
2023-03-29_13:28:25 INFO World::UpdateItemQueue -- [34 / Crywolf -- 237 / 108] Owner: [30000 / Mage] -- [SERIAL]19/257/0[SERIAL][SLOT]0[SLOT][ITEM]6159 - [ITEM][LVL]0[LVL][DUR]1[DUR]
2023-03-29_13:28:26 INFO World::UpdateItemQueue -- [34 / Crywolf -- 237 / 108] Owner: [30000 / Mage] -- [SERIAL]19/258/0[SERIAL][SLOT]0[SLOT][ITEM]6159 - [ITEM][LVL]0[LVL][DUR]1[DUR]
2023-03-29_13:28:27 INFO World::UpdateItemQueue -- [34 / Crywolf -- 236 / 107] Owner: [30000 / Mage] -- [SERIAL]19/259/0[SERIAL][SLOT]0[SLOT][ITEM]515 - [ITEM][LVL]6[LVL][DUR]36[DUR][S]1[S][L]1[L]
2023-03-29_13:28:28 INFO World::UpdateItemQueue -- [34 / Crywolf -- 236 / 107] Owner: [30000 / Mage] -- [SERIAL]19/261/0[SERIAL][SLOT]0[SLOT][ITEM]7184 - [ITEM][LVL]0[LVL][DUR]1[DUR]
2023-03-29_13:28:28 INFO World::UpdateItemQueue -- [34 / Crywolf -- 236 / 107] Owner: [30000 / Mage] -- [SERIAL]19/262/0[SERIAL][SLOT]0[SLOT][ITEM]7182 - [ITEM][LVL]0[LVL][DUR]1[DUR]
2023-03-29_13:28:29 INFO World::UpdateItemQueue -- [34 / Crywolf -- 236 / 107] Owner: [30000 / Mage] -- [SERIAL]19/263/0[SERIAL][SLOT]0[SLOT][ITEM]7184 - [ITEM][LVL]0[LVL][DUR]1[DUR]
2023-03-29_13:28:30 INFO World::UpdateItemQueue -- [34 / Crywolf -- 236 / 107] Owner: [30000 / Mage] -- [SERIAL]19/264/0[SERIAL][SLOT]0[SLOT][ITEM]6665 - [ITEM][LVL]0[LVL][DUR]65[DUR][O]2[O][E]2[E]
2023-03-29_13:28:31 INFO World::UpdateItemQueue -- [34 / Crywolf -- 236 / 107] Owner: [30000 / Mage] -- [SERIAL]19/265/0[SERIAL][SLOT]0[SLOT][ITEM]6668 - [ITEM][LVL]0[LVL][DUR]65[DUR][L]1[L][E]5[E]
2023-03-29_13:28:32 INFO World::UpdateItemQueue -- [34 / Crywolf -- 236 / 107] Owner: [30000 / Mage] -- [SERIAL]19/266/0[SERIAL][SLOT]0[SLOT][ITEM]5329 - [ITEM][LVL]5[LVL][DUR]74[DUR][O]2[O]
2023-03-29_13:28:32 INFO World::UpdateItemQueue -- [34 / Crywolf -- 236 / 107] Owner: [30000 / Mage] -- [SERIAL]19/267/0[SERIAL][SLOT]0[SLOT][ITEM]5236 - [ITEM][LVL]4[LVL][DUR]32[DUR][O]1[O]
2023-03-29_13:28:33 INFO World::UpdateItemQueue -- [34 / Crywolf -- 236 / 107] Owner: [30000 / Mage] -- [SERIAL]19/268/0[SERIAL][SLOT]0[SLOT][ITEM]6669 - [ITEM][LVL]0[LVL][DUR]65[DUR][L]1[L][E]18[E]
2023-03-29_13:28:34 INFO World::UpdateItemQueue -- [34 / Crywolf -- 236 / 107] Owner: [30000 / Mage] -- [SERIAL]19/269/0[SERIAL][SLOT]0[SLOT][ITEM]6656 - [ITEM][LVL]0[LVL][DUR]255[DUR]
2023-03-29_13:28:34 INFO World::UpdateItemQueue -- [34 / Crywolf -- 236 / 107] Owner: [30000 / Mage] -- [SERIAL]19/270/0[SERIAL][SLOT]0[SLOT][ITEM]6656 - [ITEM][LVL]0[LVL][DUR]255[DUR][L]1[L]
2023-03-29_13:28:35 INFO World::UpdateItemQueue -- [34 / Crywolf -- 236 / 107] Owner: [30000 / Mage] -- [SERIAL]19/273/0[SERIAL][SLOT]0[SLOT][ITEM]6657 - [ITEM][LVL]0[LVL][DUR]255[DUR]
2023-03-29_13:28:36 INFO World::UpdateItemQueue -- [34 / Crywolf -- 236 / 107] Owner: [30000 / Mage] -- [SERIAL]19/274/0[SERIAL][SLOT]0[SLOT][ITEM]4271 - [ITEM][LVL]6[LVL][DUR]48[DUR]
2023-03-29_13:28:37 INFO World::UpdateItemQueue -- [34 / Crywolf -- 236 / 107] Owner: [30000 / Mage] -- [SERIAL]19/275/0[SERIAL][SLOT]0[SLOT][ITEM]7184 - [ITEM][LVL]0[LVL][DUR]1[DUR]
2023-03-29_13:28:38 INFO World::UpdateItemQueue -- [34 / Crywolf -- 238 / 108] Owner: [30000 / Mage] -- [SERIAL]19/276/0[SERIAL][SLOT]0[SLOT][ITEM]6668 - [ITEM][LVL]0[LVL][DUR]65[DUR][O]1[O][E]17[E]
2023-03-29_13:28:38 INFO World::UpdateItemQueue -- [34 / Crywolf -- 238 / 108] Owner: [30000 / Mage] -- [SERIAL]19/277/0[SERIAL][SLOT]0[SLOT][ITEM]6669 - [ITEM][LVL]0[LVL][DUR]65[DUR][O]1[O][E]41[E]
2023-03-29_13:28:39 INFO World::UpdateItemQueue -- [34 / Crywolf -- 237 / 107] Owner: [30000 / Mage] -- [SERIAL]19/279/0[SERIAL][SLOT]0[SLOT][ITEM]6657 - [ITEM][LVL]0[LVL][DUR]255[DUR][L]1[L]
2023-03-29_13:28:40 INFO World::UpdateItemQueue -- [34 / Crywolf -- 238 / 109] Owner: [30000 / Mage] -- [SERIAL]19/280/0[SERIAL][SLOT]0[SLOT][ITEM]5632 - [ITEM][LVL]4[LVL][DUR]38[DUR][O]2[O]
2023-03-29_13:28:41 INFO World::UpdateItemQueue -- [34 / Crywolf -- 238 / 109] Owner: [30000 / Mage] -- [SERIAL]19/282/0[SERIAL][SLOT]0[SLOT][ITEM]6664 - [ITEM][LVL]0[LVL][DUR]65[DUR][O]1[O][E]32[E]
2023-03-29_13:28:42 INFO World::UpdateItemQueue -- [34 / Crywolf -- 238 / 109] Owner: [30000 / Mage] -- [SERIAL]19/283/0[SERIAL][SLOT]0[SLOT][ITEM]2080 - [ITEM][LVL]0[LVL][DUR]105[DUR][L]1[L][E]44[E]
