2023-04-04_16:52:58 INFO [ChaosCastle - 1] Moving Players Out
2023-04-04_16:52:58 INFO [ChaosCastle - 1] ChaosCastle::SetState_None
2023-04-04_16:52:58 INFO [ChaosCastle - 2] Moving Players Out
2023-04-04_16:52:58 INFO [ChaosCastle - 2] ChaosCastle::SetState_None
2023-04-04_16:52:58 INFO [ChaosCastle - 3] Moving Players Out
2023-04-04_16:52:58 INFO [ChaosCastle - 3] ChaosCastle::SetState_None
2023-04-04_16:52:58 INFO [ChaosCastle - 4] Moving Players Out
2023-04-04_16:52:58 INFO [ChaosCastle - 4] ChaosCastle::SetState_None
2023-04-04_16:52:58 INFO [ChaosCastle - 5] Moving Players Out
2023-04-04_16:52:58 INFO [ChaosCastle - 5] ChaosCastle::SetState_None
2023-04-04_16:52:58 INFO [ChaosCastle - 6] Moving Players Out
2023-04-04_16:52:58 INFO [ChaosCastle - 6] ChaosCastle::SetState_None
2023-04-04_16:52:58 INFO [ChaosCastle - 7] Moving Players Out
2023-04-04_16:52:58 INFO [ChaosCastle - 7] ChaosCastle::SetState_None
2023-04-04_16:52:58 INFO [ChaosCastleMgr] SetState_None()
2023-04-04_16:52:58 INFO [ChaosCastleSurvival - 1] Moving Players Out
2023-04-04_16:52:58 INFO [ChaosCastleSurvival - 1] ChaosCastle::SetState_None
2023-04-04_16:52:58 INFO [ChaosCastleSurvivalMgr] SetState_None()
2023-04-04_17:00:00 INFO [ChaosCastle - 1] ChaosCastle::SetState_Open
2023-04-04_17:00:00 INFO [ChaosCastle - 2] ChaosCastle::SetState_Open
2023-04-04_17:00:00 INFO [ChaosCastle - 3] ChaosCastle::SetState_Open
2023-04-04_17:00:00 INFO [ChaosCastle - 4] ChaosCastle::SetState_Open
2023-04-04_17:00:00 INFO [ChaosCastle - 5] ChaosCastle::SetState_Open
2023-04-04_17:00:00 INFO [ChaosCastle - 6] ChaosCastle::SetState_Open
2023-04-04_17:00:01 INFO [ChaosCastle - 7] ChaosCastle::SetState_Open
2023-04-04_17:00:01 INFO [ChaosCastleMgr] SetState_Open()
2023-04-04_17:05:01 INFO [ChaosCastle - 1] ChaosCastle::SetState_StandBy
2023-04-04_17:05:01 INFO [ChaosCastle - 2] ChaosCastle::SetState_StandBy
2023-04-04_17:05:01 INFO [ChaosCastle - 3] ChaosCastle::SetState_StandBy
2023-04-04_17:05:01 INFO [ChaosCastle - 4] ChaosCastle::SetState_StandBy
2023-04-04_17:05:01 INFO [ChaosCastle - 5] ChaosCastle::SetState_StandBy
2023-04-04_17:05:01 INFO [ChaosCastle - 6] ChaosCastle::SetState_StandBy
2023-04-04_17:05:01 INFO [ChaosCastle - 7] ChaosCastle::SetState_StandBy
2023-04-04_17:05:01 INFO [ChaosCastleMgr] SetState_Playing()
