2023-03-27_01:00:01 INFO [ChaosCastle - 1] ChaosCastle::SetState_Open
2023-03-27_01:00:01 INFO [ChaosCastle - 2] ChaosCastle::SetState_Open
2023-03-27_01:00:01 INFO [ChaosCastle - 3] ChaosCastle::SetState_Open
2023-03-27_01:00:01 INFO [ChaosCastle - 4] ChaosCastle::SetState_Open
2023-03-27_01:00:01 INFO [ChaosCastle - 5] ChaosCastle::SetState_Open
2023-03-27_01:00:01 INFO [ChaosCastle - 6] ChaosCastle::SetState_Open
2023-03-27_01:00:01 INFO [ChaosCastle - 7] ChaosCastle::SetState_Open
2023-03-27_01:00:01 INFO [ChaosCastleMgr] SetState_Open()
2023-03-27_01:05:01 INFO [ChaosCastle - 1] ChaosCastle::SetState_StandBy
2023-03-27_01:05:01 INFO [ChaosCastle - 2] ChaosCastle::SetState_StandBy
2023-03-27_01:05:01 INFO [ChaosCastle - 3] ChaosCastle::SetState_StandBy
2023-03-27_01:05:01 INFO [ChaosCastle - 4] ChaosCastle::SetState_StandBy
2023-03-27_01:05:02 INFO [ChaosCastle - 5] ChaosCastle::SetState_StandBy
2023-03-27_01:05:02 INFO [ChaosCastle - 6] ChaosCastle::SetState_StandBy
2023-03-27_01:05:02 INFO [ChaosCastle - 7] ChaosCastle::SetState_StandBy
2023-03-27_01:05:02 INFO [ChaosCastleMgr] SetState_Playing()
2023-03-27_01:06:02 INFO [ChaosCastle - 1] Moving Players Out
2023-03-27_01:06:02 INFO [ChaosCastle - 1] ChaosCastle::SetState_None
2023-03-27_01:06:02 INFO [ChaosCastle - 2] Moving Players Out
2023-03-27_01:06:02 INFO [ChaosCastle - 2] ChaosCastle::SetState_None
2023-03-27_01:06:02 INFO [ChaosCastle - 3] Moving Players Out
2023-03-27_01:06:02 INFO [ChaosCastle - 3] ChaosCastle::SetState_None
2023-03-27_01:06:02 INFO [ChaosCastle - 4] Moving Players Out
2023-03-27_01:06:02 INFO [ChaosCastle - 4] ChaosCastle::SetState_None
2023-03-27_01:06:02 INFO [ChaosCastle - 5] Moving Players Out
2023-03-27_01:06:02 INFO [ChaosCastle - 5] ChaosCastle::SetState_None
2023-03-27_01:06:03 INFO [ChaosCastle - 6] Moving Players Out
2023-03-27_01:06:03 INFO [ChaosCastle - 6] ChaosCastle::SetState_None
2023-03-27_01:06:03 INFO [ChaosCastle - 7] Moving Players Out
2023-03-27_01:06:03 INFO [ChaosCastle - 7] ChaosCastle::SetState_None
2023-03-27_01:06:03 INFO [ChaosCastleMgr] SetState_None()
2023-03-27_13:00:02 INFO [ChaosCastle - 1] ChaosCastle::SetState_Open
2023-03-27_13:00:02 INFO [ChaosCastle - 2] ChaosCastle::SetState_Open
2023-03-27_13:00:02 INFO [ChaosCastle - 3] ChaosCastle::SetState_Open
2023-03-27_13:00:02 INFO [ChaosCastle - 4] ChaosCastle::SetState_Open
2023-03-27_13:00:02 INFO [ChaosCastle - 5] ChaosCastle::SetState_Open
2023-03-27_13:00:02 INFO [ChaosCastle - 6] ChaosCastle::SetState_Open
2023-03-27_13:00:02 INFO [ChaosCastle - 7] ChaosCastle::SetState_Open
2023-03-27_13:00:02 INFO [ChaosCastleMgr] SetState_Open()
2023-03-27_13:05:03 INFO [ChaosCastle - 1] ChaosCastle::SetState_StandBy
2023-03-27_13:05:03 INFO [ChaosCastle - 2] ChaosCastle::SetState_StandBy
2023-03-27_13:05:03 INFO [ChaosCastle - 3] ChaosCastle::SetState_StandBy
2023-03-27_13:05:03 INFO [ChaosCastle - 4] ChaosCastle::SetState_StandBy
2023-03-27_13:05:03 INFO [ChaosCastle - 5] ChaosCastle::SetState_StandBy
2023-03-27_13:05:03 INFO [ChaosCastle - 6] ChaosCastle::SetState_StandBy
2023-03-27_13:05:03 INFO [ChaosCastle - 7] ChaosCastle::SetState_StandBy
2023-03-27_13:05:03 INFO [ChaosCastleMgr] SetState_Playing()
2023-03-27_13:06:04 INFO [ChaosCastle - 1] Moving Players Out
2023-03-27_13:06:04 INFO [ChaosCastle - 1] ChaosCastle::SetState_None
2023-03-27_13:06:04 INFO [ChaosCastle - 2] Moving Players Out
2023-03-27_13:06:04 INFO [ChaosCastle - 2] ChaosCastle::SetState_None
2023-03-27_13:06:04 INFO [ChaosCastle - 3] Moving Players Out
2023-03-27_13:06:04 INFO [ChaosCastle - 3] ChaosCastle::SetState_None
2023-03-27_13:06:04 INFO [ChaosCastle - 4] Moving Players Out
2023-03-27_13:06:04 INFO [ChaosCastle - 4] ChaosCastle::SetState_None
2023-03-27_13:06:04 INFO [ChaosCastle - 5] Moving Players Out
2023-03-27_13:06:04 INFO [ChaosCastle - 5] ChaosCastle::SetState_None
2023-03-27_13:06:04 INFO [ChaosCastle - 6] Moving Players Out
2023-03-27_13:06:04 INFO [ChaosCastle - 6] ChaosCastle::SetState_None
2023-03-27_13:06:04 INFO [ChaosCastle - 7] Moving Players Out
2023-03-27_13:06:04 INFO [ChaosCastle - 7] ChaosCastle::SetState_None
2023-03-27_13:06:05 INFO [ChaosCastleMgr] SetState_None()
2023-03-27_15:00:03 INFO [ChaosCastle - 1] ChaosCastle::SetState_Open
2023-03-27_15:00:03 INFO [ChaosCastle - 2] ChaosCastle::SetState_Open
2023-03-27_15:00:03 INFO [ChaosCastle - 3] ChaosCastle::SetState_Open
2023-03-27_15:00:03 INFO [ChaosCastle - 4] ChaosCastle::SetState_Open
2023-03-27_15:00:03 INFO [ChaosCastle - 5] ChaosCastle::SetState_Open
2023-03-27_15:00:04 INFO [ChaosCastle - 6] ChaosCastle::SetState_Open
2023-03-27_15:00:04 INFO [ChaosCastle - 7] ChaosCastle::SetState_Open
2023-03-27_15:00:04 INFO [ChaosCastleMgr] SetState_Open()
2023-03-27_15:05:04 INFO [ChaosCastle - 1] ChaosCastle::SetState_StandBy
2023-03-27_15:05:04 INFO [ChaosCastle - 2] ChaosCastle::SetState_StandBy
2023-03-27_15:05:04 INFO [ChaosCastle - 3] ChaosCastle::SetState_StandBy
2023-03-27_15:05:04 INFO [ChaosCastle - 4] ChaosCastle::SetState_StandBy
2023-03-27_15:05:04 INFO [ChaosCastle - 5] ChaosCastle::SetState_StandBy
2023-03-27_15:05:04 INFO [ChaosCastle - 6] ChaosCastle::SetState_StandBy
2023-03-27_15:05:04 INFO [ChaosCastle - 7] ChaosCastle::SetState_StandBy
2023-03-27_15:05:05 INFO [ChaosCastleMgr] SetState_Playing()
2023-03-27_15:06:06 INFO [ChaosCastle - 1] Moving Players Out
2023-03-27_15:06:06 INFO [ChaosCastle - 1] ChaosCastle::SetState_None
2023-03-27_15:06:06 INFO [ChaosCastle - 2] Moving Players Out
2023-03-27_15:06:06 INFO [ChaosCastle - 2] ChaosCastle::SetState_None
2023-03-27_15:06:06 INFO [ChaosCastle - 3] Moving Players Out
2023-03-27_15:06:06 INFO [ChaosCastle - 3] ChaosCastle::SetState_None
2023-03-27_15:06:06 INFO [ChaosCastle - 4] Moving Players Out
2023-03-27_15:06:07 INFO [ChaosCastle - 4] ChaosCastle::SetState_None
2023-03-27_15:06:07 INFO [ChaosCastle - 5] Moving Players Out
2023-03-27_15:06:07 INFO [ChaosCastle - 5] ChaosCastle::SetState_None
2023-03-27_15:06:07 INFO [ChaosCastle - 6] Moving Players Out
2023-03-27_15:06:07 INFO [ChaosCastle - 6] ChaosCastle::SetState_None
2023-03-27_15:06:07 INFO [ChaosCastle - 7] Moving Players Out
2023-03-27_15:06:07 INFO [ChaosCastle - 7] ChaosCastle::SetState_None
2023-03-27_15:06:08 INFO [ChaosCastleMgr] SetState_None()
2023-03-27_17:00:04 INFO [ChaosCastle - 1] ChaosCastle::SetState_Open
2023-03-27_17:00:04 INFO [ChaosCastle - 2] ChaosCastle::SetState_Open
2023-03-27_17:00:04 INFO [ChaosCastle - 3] ChaosCastle::SetState_Open
2023-03-27_17:00:04 INFO [ChaosCastle - 4] ChaosCastle::SetState_Open
2023-03-27_17:00:04 INFO [ChaosCastle - 5] ChaosCastle::SetState_Open
2023-03-27_17:00:05 INFO [ChaosCastle - 6] ChaosCastle::SetState_Open
2023-03-27_17:00:05 INFO [ChaosCastle - 7] ChaosCastle::SetState_Open
2023-03-27_17:00:05 INFO [ChaosCastleMgr] SetState_Open()
2023-03-27_17:05:05 INFO [ChaosCastle - 1] ChaosCastle::SetState_StandBy
2023-03-27_17:05:05 INFO [ChaosCastle - 2] ChaosCastle::SetState_StandBy
2023-03-27_17:05:05 INFO [ChaosCastle - 3] ChaosCastle::SetState_StandBy
2023-03-27_17:05:05 INFO [ChaosCastle - 4] ChaosCastle::SetState_StandBy
2023-03-27_17:05:05 INFO [ChaosCastle - 5] ChaosCastle::SetState_StandBy
2023-03-27_17:05:05 INFO [ChaosCastle - 6] ChaosCastle::SetState_StandBy
2023-03-27_17:05:05 INFO [ChaosCastle - 7] ChaosCastle::SetState_StandBy
2023-03-27_17:05:05 INFO [ChaosCastleMgr] SetState_Playing()
2023-03-27_17:06:06 INFO [ChaosCastle - 1] Moving Players Out
2023-03-27_17:06:06 INFO [ChaosCastle - 1] ChaosCastle::SetState_None
2023-03-27_17:06:06 INFO [ChaosCastle - 2] Moving Players Out
2023-03-27_17:06:06 INFO [ChaosCastle - 2] ChaosCastle::SetState_None
2023-03-27_17:06:06 INFO [ChaosCastle - 3] Moving Players Out
2023-03-27_17:06:06 INFO [ChaosCastle - 3] ChaosCastle::SetState_None
2023-03-27_17:06:06 INFO [ChaosCastle - 4] Moving Players Out
2023-03-27_17:06:06 INFO [ChaosCastle - 4] ChaosCastle::SetState_None
2023-03-27_17:06:06 INFO [ChaosCastle - 5] Moving Players Out
2023-03-27_17:06:06 INFO [ChaosCastle - 5] ChaosCastle::SetState_None
2023-03-27_17:06:06 INFO [ChaosCastle - 6] Moving Players Out
2023-03-27_17:06:06 INFO [ChaosCastle - 6] ChaosCastle::SetState_None
2023-03-27_17:06:06 INFO [ChaosCastle - 7] Moving Players Out
2023-03-27_17:06:06 INFO [ChaosCastle - 7] ChaosCastle::SetState_None
2023-03-27_17:06:06 INFO [ChaosCastleMgr] SetState_None()
2023-03-27_19:00:02 INFO [ChaosCastle - 1] ChaosCastle::SetState_Open
2023-03-27_19:00:02 INFO [ChaosCastle - 2] ChaosCastle::SetState_Open
2023-03-27_19:00:02 INFO [ChaosCastle - 3] ChaosCastle::SetState_Open
2023-03-27_19:00:02 INFO [ChaosCastle - 4] ChaosCastle::SetState_Open
2023-03-27_19:00:02 INFO [ChaosCastle - 5] ChaosCastle::SetState_Open
2023-03-27_19:00:02 INFO [ChaosCastle - 6] ChaosCastle::SetState_Open
2023-03-27_19:00:02 INFO [ChaosCastle - 7] ChaosCastle::SetState_Open
2023-03-27_19:00:02 INFO [ChaosCastleMgr] SetState_Open()
2023-03-27_19:05:02 INFO [ChaosCastle - 1] ChaosCastle::SetState_StandBy
2023-03-27_19:05:02 INFO [ChaosCastle - 2] ChaosCastle::SetState_StandBy
2023-03-27_19:05:02 INFO [ChaosCastle - 3] ChaosCastle::SetState_StandBy
2023-03-27_19:05:02 INFO [ChaosCastle - 4] ChaosCastle::SetState_StandBy
2023-03-27_19:05:02 INFO [ChaosCastle - 5] ChaosCastle::SetState_StandBy
2023-03-27_19:05:02 INFO [ChaosCastle - 6] ChaosCastle::SetState_StandBy
2023-03-27_19:05:02 INFO [ChaosCastle - 7] ChaosCastle::SetState_StandBy
2023-03-27_19:05:03 INFO [ChaosCastleMgr] SetState_Playing()
2023-03-27_19:06:03 INFO [ChaosCastle - 1] Moving Players Out
2023-03-27_19:06:03 INFO [ChaosCastle - 1] ChaosCastle::SetState_None
2023-03-27_19:06:03 INFO [ChaosCastle - 2] Moving Players Out
2023-03-27_19:06:03 INFO [ChaosCastle - 2] ChaosCastle::SetState_None
2023-03-27_19:06:03 INFO [ChaosCastle - 3] Moving Players Out
2023-03-27_19:06:04 INFO [ChaosCastle - 3] ChaosCastle::SetState_None
2023-03-27_19:06:04 INFO [ChaosCastle - 4] Moving Players Out
2023-03-27_19:06:04 INFO [ChaosCastle - 4] ChaosCastle::SetState_None
2023-03-27_19:06:04 INFO [ChaosCastle - 5] Moving Players Out
2023-03-27_19:06:04 INFO [ChaosCastle - 5] ChaosCastle::SetState_None
2023-03-27_19:06:04 INFO [ChaosCastle - 6] Moving Players Out
2023-03-27_19:06:04 INFO [ChaosCastle - 6] ChaosCastle::SetState_None
2023-03-27_19:06:04 INFO [ChaosCastle - 7] Moving Players Out
2023-03-27_19:06:04 INFO [ChaosCastle - 7] ChaosCastle::SetState_None
2023-03-27_19:06:04 INFO [ChaosCastleMgr] SetState_None()
2023-03-27_21:00:03 INFO [ChaosCastle - 1] ChaosCastle::SetState_Open
2023-03-27_21:00:03 INFO [ChaosCastle - 2] ChaosCastle::SetState_Open
2023-03-27_21:00:03 INFO [ChaosCastle - 3] ChaosCastle::SetState_Open
2023-03-27_21:00:03 INFO [ChaosCastle - 4] ChaosCastle::SetState_Open
2023-03-27_21:00:03 INFO [ChaosCastle - 5] ChaosCastle::SetState_Open
2023-03-27_21:00:03 INFO [ChaosCastle - 6] ChaosCastle::SetState_Open
2023-03-27_21:00:03 INFO [ChaosCastle - 7] ChaosCastle::SetState_Open
2023-03-27_21:00:03 INFO [ChaosCastleMgr] SetState_Open()
2023-03-27_21:05:04 INFO [ChaosCastle - 1] ChaosCastle::SetState_StandBy
2023-03-27_21:05:04 INFO [ChaosCastle - 2] ChaosCastle::SetState_StandBy
2023-03-27_21:05:04 INFO [ChaosCastle - 3] ChaosCastle::SetState_StandBy
2023-03-27_21:05:04 INFO [ChaosCastle - 4] ChaosCastle::SetState_StandBy
2023-03-27_21:05:04 INFO [ChaosCastle - 5] ChaosCastle::SetState_StandBy
2023-03-27_21:05:04 INFO [ChaosCastle - 6] ChaosCastle::SetState_StandBy
2023-03-27_21:05:04 INFO [ChaosCastle - 7] ChaosCastle::SetState_StandBy
2023-03-27_21:05:04 INFO [ChaosCastleMgr] SetState_Playing()
2023-03-27_21:06:06 INFO [ChaosCastle - 1] Moving Players Out
2023-03-27_21:06:06 INFO [ChaosCastle - 1] ChaosCastle::SetState_None
2023-03-27_21:06:06 INFO [ChaosCastle - 2] Moving Players Out
2023-03-27_21:06:06 INFO [ChaosCastle - 2] ChaosCastle::SetState_None
2023-03-27_21:06:06 INFO [ChaosCastle - 3] Moving Players Out
2023-03-27_21:06:06 INFO [ChaosCastle - 3] ChaosCastle::SetState_None
2023-03-27_21:06:06 INFO [ChaosCastle - 4] Moving Players Out
2023-03-27_21:06:06 INFO [ChaosCastle - 4] ChaosCastle::SetState_None
2023-03-27_21:06:06 INFO [ChaosCastle - 5] Moving Players Out
2023-03-27_21:06:07 INFO [ChaosCastle - 5] ChaosCastle::SetState_None
2023-03-27_21:06:07 INFO [ChaosCastle - 6] Moving Players Out
2023-03-27_21:06:07 INFO [ChaosCastle - 6] ChaosCastle::SetState_None
2023-03-27_21:06:07 INFO [ChaosCastle - 7] Moving Players Out
2023-03-27_21:06:07 INFO [ChaosCastle - 7] ChaosCastle::SetState_None
2023-03-27_21:06:08 INFO [ChaosCastleMgr] SetState_None()
2023-03-27_23:00:02 INFO [ChaosCastle - 1] ChaosCastle::SetState_Open
2023-03-27_23:00:02 INFO [ChaosCastle - 2] ChaosCastle::SetState_Open
2023-03-27_23:00:02 INFO [ChaosCastle - 3] ChaosCastle::SetState_Open
2023-03-27_23:00:02 INFO [ChaosCastle - 4] ChaosCastle::SetState_Open
2023-03-27_23:00:02 INFO [ChaosCastle - 5] ChaosCastle::SetState_Open
2023-03-27_23:00:03 INFO [ChaosCastle - 6] ChaosCastle::SetState_Open
2023-03-27_23:00:03 INFO [ChaosCastle - 7] ChaosCastle::SetState_Open
2023-03-27_23:00:03 INFO [ChaosCastleMgr] SetState_Open()
2023-03-27_23:05:03 INFO [ChaosCastle - 1] ChaosCastle::SetState_StandBy
2023-03-27_23:05:03 INFO [ChaosCastle - 2] ChaosCastle::SetState_StandBy
2023-03-27_23:05:03 INFO [ChaosCastle - 3] ChaosCastle::SetState_StandBy
2023-03-27_23:05:03 INFO [ChaosCastle - 4] ChaosCastle::SetState_StandBy
2023-03-27_23:05:03 INFO [ChaosCastle - 5] ChaosCastle::SetState_StandBy
2023-03-27_23:05:03 INFO [ChaosCastle - 6] ChaosCastle::SetState_StandBy
2023-03-27_23:05:03 INFO [ChaosCastle - 7] ChaosCastle::SetState_StandBy
2023-03-27_23:05:03 INFO [ChaosCastleMgr] SetState_Playing()
2023-03-27_23:06:03 INFO [ChaosCastle - 1] Moving Players Out
2023-03-27_23:06:03 INFO [ChaosCastle - 1] ChaosCastle::SetState_None
2023-03-27_23:06:03 INFO [ChaosCastle - 2] Moving Players Out
2023-03-27_23:06:03 INFO [ChaosCastle - 2] ChaosCastle::SetState_None
2023-03-27_23:06:03 INFO [ChaosCastle - 3] Moving Players Out
2023-03-27_23:06:03 INFO [ChaosCastle - 3] ChaosCastle::SetState_None
2023-03-27_23:06:03 INFO [ChaosCastle - 4] Moving Players Out
2023-03-27_23:06:03 INFO [ChaosCastle - 4] ChaosCastle::SetState_None
2023-03-27_23:06:03 INFO [ChaosCastle - 5] Moving Players Out
2023-03-27_23:06:03 INFO [ChaosCastle - 5] ChaosCastle::SetState_None
2023-03-27_23:06:04 INFO [ChaosCastle - 6] Moving Players Out
2023-03-27_23:06:04 INFO [ChaosCastle - 6] ChaosCastle::SetState_None
2023-03-27_23:06:04 INFO [ChaosCastle - 7] Moving Players Out
2023-03-27_23:06:04 INFO [ChaosCastle - 7] ChaosCastle::SetState_None
2023-03-27_23:06:04 INFO [ChaosCastleMgr] SetState_None()
