2023-04-08_01:00:01 INFO [ChaosCastle - 1] ChaosCastle::SetState_Open
2023-04-08_01:00:01 INFO [ChaosCastle - 2] ChaosCastle::SetState_Open
2023-04-08_01:00:01 INFO [ChaosCastle - 3] ChaosCastle::SetState_Open
2023-04-08_01:00:01 INFO [ChaosCastle - 4] ChaosCastle::SetState_Open
2023-04-08_01:00:01 INFO [ChaosCastle - 5] ChaosCastle::SetState_Open
2023-04-08_01:00:01 INFO [ChaosCastle - 6] ChaosCastle::SetState_Open
2023-04-08_01:00:01 INFO [ChaosCastle - 7] ChaosCastle::SetState_Open
2023-04-08_01:00:01 INFO [ChaosCastleMgr] SetState_Open()
2023-04-08_01:05:01 INFO [ChaosCastle - 1] ChaosCastle::SetState_StandBy
2023-04-08_01:05:01 INFO [ChaosCastle - 2] ChaosCastle::SetState_StandBy
2023-04-08_01:05:01 INFO [ChaosCastle - 3] ChaosCastle::SetState_StandBy
2023-04-08_01:05:01 INFO [ChaosCastle - 4] ChaosCastle::SetState_StandBy
2023-04-08_01:05:01 INFO [ChaosCastle - 5] ChaosCastle::SetState_StandBy
2023-04-08_01:05:02 INFO [ChaosCastle - 6] ChaosCastle::SetState_StandBy
2023-04-08_01:05:02 INFO [ChaosCastle - 7] ChaosCastle::SetState_StandBy
2023-04-08_01:05:02 INFO [ChaosCastleMgr] SetState_Playing()
2023-04-08_01:06:02 INFO [ChaosCastle - 1] Moving Players Out
2023-04-08_01:06:02 INFO [ChaosCastle - 1] ChaosCastle::SetState_None
2023-04-08_01:06:02 INFO [ChaosCastle - 2] Moving Players Out
2023-04-08_01:06:02 INFO [ChaosCastle - 2] ChaosCastle::SetState_None
2023-04-08_01:06:02 INFO [ChaosCastle - 3] Moving Players Out
2023-04-08_01:06:02 INFO [ChaosCastle - 3] ChaosCastle::SetState_None
2023-04-08_01:06:02 INFO [ChaosCastle - 4] Moving Players Out
2023-04-08_01:06:02 INFO [ChaosCastle - 4] ChaosCastle::SetState_None
2023-04-08_01:06:02 INFO [ChaosCastle - 5] Moving Players Out
2023-04-08_01:06:02 INFO [ChaosCastle - 5] ChaosCastle::SetState_None
2023-04-08_01:06:02 INFO [ChaosCastle - 6] Moving Players Out
2023-04-08_01:06:02 INFO [ChaosCastle - 6] ChaosCastle::SetState_None
2023-04-08_01:06:02 INFO [ChaosCastle - 7] Moving Players Out
2023-04-08_01:06:02 INFO [ChaosCastle - 7] ChaosCastle::SetState_None
2023-04-08_01:06:02 INFO [ChaosCastleMgr] SetState_None()
2023-04-08_13:00:02 INFO [ChaosCastle - 1] ChaosCastle::SetState_Open
2023-04-08_13:00:02 INFO [ChaosCastle - 2] ChaosCastle::SetState_Open
2023-04-08_13:00:03 INFO [ChaosCastle - 3] ChaosCastle::SetState_Open
2023-04-08_13:00:03 INFO [ChaosCastle - 4] ChaosCastle::SetState_Open
2023-04-08_13:00:03 INFO [ChaosCastle - 5] ChaosCastle::SetState_Open
2023-04-08_13:00:03 INFO [ChaosCastle - 6] ChaosCastle::SetState_Open
2023-04-08_13:00:03 INFO [ChaosCastle - 7] ChaosCastle::SetState_Open
2023-04-08_13:00:03 INFO [ChaosCastleMgr] SetState_Open()
2023-04-08_13:05:03 INFO [ChaosCastle - 1] ChaosCastle::SetState_StandBy
2023-04-08_13:05:03 INFO [ChaosCastle - 2] ChaosCastle::SetState_StandBy
2023-04-08_13:05:03 INFO [ChaosCastle - 3] ChaosCastle::SetState_StandBy
2023-04-08_13:05:03 INFO [ChaosCastle - 4] ChaosCastle::SetState_StandBy
2023-04-08_13:05:04 INFO [ChaosCastle - 5] ChaosCastle::SetState_StandBy
2023-04-08_13:05:04 INFO [ChaosCastle - 6] ChaosCastle::SetState_StandBy
2023-04-08_13:05:04 INFO [ChaosCastle - 7] ChaosCastle::SetState_StandBy
2023-04-08_13:05:04 INFO [ChaosCastleMgr] SetState_Playing()
2023-04-08_13:06:05 INFO [ChaosCastle - 1] Moving Players Out
2023-04-08_13:06:05 INFO [ChaosCastle - 1] ChaosCastle::SetState_None
2023-04-08_13:06:05 INFO [ChaosCastle - 2] Moving Players Out
2023-04-08_13:06:05 INFO [ChaosCastle - 2] ChaosCastle::SetState_None
2023-04-08_13:06:05 INFO [ChaosCastle - 3] Moving Players Out
2023-04-08_13:06:05 INFO [ChaosCastle - 3] ChaosCastle::SetState_None
2023-04-08_13:06:05 INFO [ChaosCastle - 4] Moving Players Out
2023-04-08_13:06:06 INFO [ChaosCastle - 4] ChaosCastle::SetState_None
2023-04-08_13:06:06 INFO [ChaosCastle - 5] Moving Players Out
2023-04-08_13:06:06 INFO [ChaosCastle - 5] ChaosCastle::SetState_None
2023-04-08_13:06:06 INFO [ChaosCastle - 6] Moving Players Out
2023-04-08_13:06:06 INFO [ChaosCastle - 6] ChaosCastle::SetState_None
2023-04-08_13:06:06 INFO [ChaosCastle - 7] Moving Players Out
2023-04-08_13:06:06 INFO [ChaosCastle - 7] ChaosCastle::SetState_None
2023-04-08_13:06:07 INFO [ChaosCastleMgr] SetState_None()
