2023-04-02_01:00:02 INFO [ChaosCastle - 1] ChaosCastle::SetState_Open
2023-04-02_01:00:02 INFO [ChaosCastle - 2] ChaosCastle::SetState_Open
2023-04-02_01:00:02 INFO [ChaosCastle - 3] ChaosCastle::SetState_Open
2023-04-02_01:00:02 INFO [ChaosCastle - 4] ChaosCastle::SetState_Open
2023-04-02_01:00:02 INFO [ChaosCastle - 5] ChaosCastle::SetState_Open
2023-04-02_01:00:02 INFO [ChaosCastle - 6] ChaosCastle::SetState_Open
2023-04-02_01:00:02 INFO [ChaosCastle - 7] ChaosCastle::SetState_Open
2023-04-02_01:00:02 INFO [ChaosCastleMgr] SetState_Open()
2023-04-02_01:05:02 INFO [ChaosCastle - 1] ChaosCastle::SetState_StandBy
2023-04-02_01:05:03 INFO [ChaosCastle - 2] ChaosCastle::SetState_StandBy
2023-04-02_01:05:03 INFO [ChaosCastle - 3] ChaosCastle::SetState_StandBy
2023-04-02_01:05:03 INFO [ChaosCastle - 4] ChaosCastle::SetState_StandBy
2023-04-02_01:05:03 INFO [ChaosCastle - 5] ChaosCastle::SetState_StandBy
2023-04-02_01:05:03 INFO [ChaosCastle - 6] ChaosCastle::SetState_StandBy
2023-04-02_01:05:03 INFO [ChaosCastle - 7] ChaosCastle::SetState_StandBy
2023-04-02_01:05:03 INFO [ChaosCastleMgr] SetState_Playing()
2023-04-02_01:06:03 INFO [ChaosCastle - 1] Moving Players Out
2023-04-02_01:06:03 INFO [ChaosCastle - 1] ChaosCastle::SetState_None
2023-04-02_01:06:03 INFO [ChaosCastle - 2] Moving Players Out
2023-04-02_01:06:03 INFO [ChaosCastle - 2] ChaosCastle::SetState_None
2023-04-02_01:06:03 INFO [ChaosCastle - 3] Moving Players Out
2023-04-02_01:06:03 INFO [ChaosCastle - 3] ChaosCastle::SetState_None
2023-04-02_01:06:04 INFO [ChaosCastle - 4] Moving Players Out
2023-04-02_01:06:04 INFO [ChaosCastle - 4] ChaosCastle::SetState_None
2023-04-02_01:06:04 INFO [ChaosCastle - 5] Moving Players Out
2023-04-02_01:06:04 INFO [ChaosCastle - 5] ChaosCastle::SetState_None
2023-04-02_01:06:04 INFO [ChaosCastle - 6] Moving Players Out
2023-04-02_01:06:04 INFO [ChaosCastle - 6] ChaosCastle::SetState_None
2023-04-02_01:06:04 INFO [ChaosCastle - 7] Moving Players Out
2023-04-02_01:06:04 INFO [ChaosCastle - 7] ChaosCastle::SetState_None
2023-04-02_01:06:04 INFO [ChaosCastleMgr] SetState_None()
2023-04-02_13:00:03 INFO [ChaosCastle - 1] ChaosCastle::SetState_Open
2023-04-02_13:00:03 INFO [ChaosCastle - 2] ChaosCastle::SetState_Open
2023-04-02_13:00:03 INFO [ChaosCastle - 3] ChaosCastle::SetState_Open
2023-04-02_13:00:03 INFO [ChaosCastle - 4] ChaosCastle::SetState_Open
2023-04-02_13:00:03 INFO [ChaosCastle - 5] ChaosCastle::SetState_Open
2023-04-02_13:00:03 INFO [ChaosCastle - 6] ChaosCastle::SetState_Open
2023-04-02_13:00:03 INFO [ChaosCastle - 7] ChaosCastle::SetState_Open
2023-04-02_13:00:03 INFO [ChaosCastleMgr] SetState_Open()
2023-04-02_13:05:03 INFO [ChaosCastle - 1] ChaosCastle::SetState_StandBy
2023-04-02_13:05:04 INFO [ChaosCastle - 2] ChaosCastle::SetState_StandBy
2023-04-02_13:05:04 INFO [ChaosCastle - 3] ChaosCastle::SetState_StandBy
2023-04-02_13:05:04 INFO [ChaosCastle - 4] ChaosCastle::SetState_StandBy
2023-04-02_13:05:04 INFO [ChaosCastle - 5] ChaosCastle::SetState_StandBy
2023-04-02_13:05:04 INFO [ChaosCastle - 6] ChaosCastle::SetState_StandBy
2023-04-02_13:05:04 INFO [ChaosCastle - 7] ChaosCastle::SetState_StandBy
2023-04-02_13:05:04 INFO [ChaosCastleMgr] SetState_Playing()
2023-04-02_13:06:05 INFO [ChaosCastle - 1] Moving Players Out
2023-04-02_13:06:05 INFO [ChaosCastle - 1] ChaosCastle::SetState_None
2023-04-02_13:06:05 INFO [ChaosCastle - 2] Moving Players Out
2023-04-02_13:06:05 INFO [ChaosCastle - 2] ChaosCastle::SetState_None
2023-04-02_13:06:05 INFO [ChaosCastle - 3] Moving Players Out
2023-04-02_13:06:05 INFO [ChaosCastle - 3] ChaosCastle::SetState_None
2023-04-02_13:06:06 INFO [ChaosCastle - 4] Moving Players Out
2023-04-02_13:06:06 INFO [ChaosCastle - 4] ChaosCastle::SetState_None
2023-04-02_13:06:06 INFO [ChaosCastle - 5] Moving Players Out
2023-04-02_13:06:06 INFO [ChaosCastle - 5] ChaosCastle::SetState_None
2023-04-02_13:06:06 INFO [ChaosCastle - 6] Moving Players Out
2023-04-02_13:06:06 INFO [ChaosCastle - 6] ChaosCastle::SetState_None
2023-04-02_13:06:06 INFO [ChaosCastle - 7] Moving Players Out
2023-04-02_13:06:06 INFO [ChaosCastle - 7] ChaosCastle::SetState_None
2023-04-02_13:06:07 INFO [ChaosCastleMgr] SetState_None()
2023-04-02_15:00:00 INFO [ChaosCastle - 1] ChaosCastle::SetState_Open
2023-04-02_15:00:00 INFO [ChaosCastle - 2] ChaosCastle::SetState_Open
2023-04-02_15:00:00 INFO [ChaosCastle - 3] ChaosCastle::SetState_Open
2023-04-02_15:00:00 INFO [ChaosCastle - 4] ChaosCastle::SetState_Open
2023-04-02_15:00:00 INFO [ChaosCastle - 5] ChaosCastle::SetState_Open
2023-04-02_15:00:00 INFO [ChaosCastle - 6] ChaosCastle::SetState_Open
2023-04-02_15:00:00 INFO [ChaosCastle - 7] ChaosCastle::SetState_Open
2023-04-02_15:00:00 INFO [ChaosCastleMgr] SetState_Open()
2023-04-02_15:05:00 INFO [ChaosCastle - 1] ChaosCastle::SetState_StandBy
2023-04-02_15:05:00 INFO [ChaosCastle - 2] ChaosCastle::SetState_StandBy
2023-04-02_15:05:00 INFO [ChaosCastle - 3] ChaosCastle::SetState_StandBy
2023-04-02_15:05:00 INFO [ChaosCastle - 4] ChaosCastle::SetState_StandBy
2023-04-02_15:05:00 INFO [ChaosCastle - 5] ChaosCastle::SetState_StandBy
2023-04-02_15:05:00 INFO [ChaosCastle - 6] ChaosCastle::SetState_StandBy
2023-04-02_15:05:01 INFO [ChaosCastle - 7] ChaosCastle::SetState_StandBy
2023-04-02_15:05:01 INFO [ChaosCastleMgr] SetState_Playing()
2023-04-02_15:06:00 INFO [ChaosCastle - 1] Moving Players Out
2023-04-02_15:06:00 INFO [ChaosCastle - 1] ChaosCastle::SetState_None
2023-04-02_15:06:00 INFO [ChaosCastle - 2] Moving Players Out
2023-04-02_15:06:01 INFO [ChaosCastle - 2] ChaosCastle::SetState_None
2023-04-02_15:06:01 INFO [ChaosCastle - 3] Moving Players Out
2023-04-02_15:06:01 INFO [ChaosCastle - 3] ChaosCastle::SetState_None
2023-04-02_15:06:01 INFO [ChaosCastle - 4] Moving Players Out
2023-04-02_15:06:01 INFO [ChaosCastle - 4] ChaosCastle::SetState_None
2023-04-02_15:06:01 INFO [ChaosCastle - 5] Moving Players Out
2023-04-02_15:06:01 INFO [ChaosCastle - 5] ChaosCastle::SetState_None
2023-04-02_15:06:01 INFO [ChaosCastle - 6] Moving Players Out
2023-04-02_15:06:01 INFO [ChaosCastle - 6] ChaosCastle::SetState_None
2023-04-02_15:06:01 INFO [ChaosCastle - 7] Moving Players Out
2023-04-02_15:06:01 INFO [ChaosCastle - 7] ChaosCastle::SetState_None
2023-04-02_15:06:01 INFO [ChaosCastleMgr] SetState_None()
2023-04-02_17:00:02 INFO [ChaosCastle - 1] ChaosCastle::SetState_Open
2023-04-02_17:00:02 INFO [ChaosCastle - 2] ChaosCastle::SetState_Open
2023-04-02_17:00:02 INFO [ChaosCastle - 3] ChaosCastle::SetState_Open
2023-04-02_17:00:02 INFO [ChaosCastle - 4] ChaosCastle::SetState_Open
2023-04-02_17:00:02 INFO [ChaosCastle - 5] ChaosCastle::SetState_Open
2023-04-02_17:00:02 INFO [ChaosCastle - 6] ChaosCastle::SetState_Open
2023-04-02_17:00:02 INFO [ChaosCastle - 7] ChaosCastle::SetState_Open
2023-04-02_17:00:02 INFO [ChaosCastleMgr] SetState_Open()
2023-04-02_17:05:02 INFO [ChaosCastle - 1] ChaosCastle::SetState_StandBy
2023-04-02_17:05:02 INFO [ChaosCastle - 2] ChaosCastle::SetState_StandBy
2023-04-02_17:05:02 INFO [ChaosCastle - 3] ChaosCastle::SetState_StandBy
2023-04-02_17:05:02 INFO [ChaosCastle - 4] ChaosCastle::SetState_StandBy
2023-04-02_17:05:02 INFO [ChaosCastle - 5] ChaosCastle::SetState_StandBy
2023-04-02_17:05:02 INFO [ChaosCastle - 6] ChaosCastle::SetState_StandBy
2023-04-02_17:05:02 INFO [ChaosCastle - 7] ChaosCastle::SetState_StandBy
2023-04-02_17:05:02 INFO [ChaosCastleMgr] SetState_Playing()
2023-04-02_17:06:02 INFO [ChaosCastle - 1] Moving Players Out
2023-04-02_17:06:02 INFO [ChaosCastle - 1] ChaosCastle::SetState_None
2023-04-02_17:06:02 INFO [ChaosCastle - 2] Moving Players Out
2023-04-02_17:06:02 INFO [ChaosCastle - 2] ChaosCastle::SetState_None
2023-04-02_17:06:02 INFO [ChaosCastle - 3] Moving Players Out
2023-04-02_17:06:02 INFO [ChaosCastle - 3] ChaosCastle::SetState_None
2023-04-02_17:06:02 INFO [ChaosCastle - 4] Moving Players Out
2023-04-02_17:06:02 INFO [ChaosCastle - 4] ChaosCastle::SetState_None
2023-04-02_17:06:02 INFO [ChaosCastle - 5] Moving Players Out
2023-04-02_17:06:02 INFO [ChaosCastle - 5] ChaosCastle::SetState_None
2023-04-02_17:06:02 INFO [ChaosCastle - 6] Moving Players Out
2023-04-02_17:06:02 INFO [ChaosCastle - 6] ChaosCastle::SetState_None
2023-04-02_17:06:02 INFO [ChaosCastle - 7] Moving Players Out
2023-04-02_17:06:02 INFO [ChaosCastle - 7] ChaosCastle::SetState_None
2023-04-02_17:06:02 INFO [ChaosCastleMgr] SetState_None()
2023-04-02_19:00:01 INFO [ChaosCastle - 1] ChaosCastle::SetState_Open
2023-04-02_19:00:01 INFO [ChaosCastle - 2] ChaosCastle::SetState_Open
2023-04-02_19:00:01 INFO [ChaosCastle - 3] ChaosCastle::SetState_Open
2023-04-02_19:00:01 INFO [ChaosCastle - 4] ChaosCastle::SetState_Open
2023-04-02_19:00:01 INFO [ChaosCastle - 5] ChaosCastle::SetState_Open
2023-04-02_19:00:01 INFO [ChaosCastle - 6] ChaosCastle::SetState_Open
2023-04-02_19:00:01 INFO [ChaosCastle - 7] ChaosCastle::SetState_Open
2023-04-02_19:00:01 INFO [ChaosCastleMgr] SetState_Open()
2023-04-02_19:05:01 INFO [ChaosCastle - 1] ChaosCastle::SetState_StandBy
2023-04-02_19:05:01 INFO [ChaosCastle - 2] ChaosCastle::SetState_StandBy
2023-04-02_19:05:01 INFO [ChaosCastle - 3] ChaosCastle::SetState_StandBy
2023-04-02_19:05:01 INFO [ChaosCastle - 4] ChaosCastle::SetState_StandBy
2023-04-02_19:05:02 INFO [ChaosCastle - 5] ChaosCastle::SetState_StandBy
2023-04-02_19:05:02 INFO [ChaosCastle - 6] ChaosCastle::SetState_StandBy
2023-04-02_19:05:02 INFO [ChaosCastle - 7] ChaosCastle::SetState_StandBy
2023-04-02_19:05:02 INFO [ChaosCastleMgr] SetState_Playing()
2023-04-02_19:06:02 INFO [ChaosCastle - 1] Moving Players Out
2023-04-02_19:06:02 INFO [ChaosCastle - 1] ChaosCastle::SetState_None
2023-04-02_19:06:02 INFO [ChaosCastle - 2] Moving Players Out
2023-04-02_19:06:02 INFO [ChaosCastle - 2] ChaosCastle::SetState_None
2023-04-02_19:06:02 INFO [ChaosCastle - 3] Moving Players Out
2023-04-02_19:06:02 INFO [ChaosCastle - 3] ChaosCastle::SetState_None
2023-04-02_19:06:02 INFO [ChaosCastle - 4] Moving Players Out
2023-04-02_19:06:02 INFO [ChaosCastle - 4] ChaosCastle::SetState_None
2023-04-02_19:06:02 INFO [ChaosCastle - 5] Moving Players Out
2023-04-02_19:06:02 INFO [ChaosCastle - 5] ChaosCastle::SetState_None
2023-04-02_19:06:02 INFO [ChaosCastle - 6] Moving Players Out
2023-04-02_19:06:02 INFO [ChaosCastle - 6] ChaosCastle::SetState_None
2023-04-02_19:06:02 INFO [ChaosCastle - 7] Moving Players Out
2023-04-02_19:06:02 INFO [ChaosCastle - 7] ChaosCastle::SetState_None
2023-04-02_19:06:03 INFO [ChaosCastleMgr] SetState_None()
2023-04-02_21:00:02 INFO [ChaosCastle - 1] ChaosCastle::SetState_Open
2023-04-02_21:00:02 INFO [ChaosCastle - 2] ChaosCastle::SetState_Open
2023-04-02_21:00:02 INFO [ChaosCastle - 3] ChaosCastle::SetState_Open
2023-04-02_21:00:02 INFO [ChaosCastle - 4] ChaosCastle::SetState_Open
2023-04-02_21:00:02 INFO [ChaosCastle - 5] ChaosCastle::SetState_Open
2023-04-02_21:00:02 INFO [ChaosCastle - 6] ChaosCastle::SetState_Open
2023-04-02_21:00:02 INFO [ChaosCastle - 7] ChaosCastle::SetState_Open
2023-04-02_21:00:02 INFO [ChaosCastleMgr] SetState_Open()
2023-04-02_21:05:02 INFO [ChaosCastle - 1] ChaosCastle::SetState_StandBy
2023-04-02_21:05:02 INFO [ChaosCastle - 2] ChaosCastle::SetState_StandBy
2023-04-02_21:05:02 INFO [ChaosCastle - 3] ChaosCastle::SetState_StandBy
2023-04-02_21:05:02 INFO [ChaosCastle - 4] ChaosCastle::SetState_StandBy
2023-04-02_21:05:02 INFO [ChaosCastle - 5] ChaosCastle::SetState_StandBy
2023-04-02_21:05:02 INFO [ChaosCastle - 6] ChaosCastle::SetState_StandBy
2023-04-02_21:05:02 INFO [ChaosCastle - 7] ChaosCastle::SetState_StandBy
2023-04-02_21:05:02 INFO [ChaosCastleMgr] SetState_Playing()
2023-04-02_21:06:03 INFO [ChaosCastle - 1] Moving Players Out
2023-04-02_21:06:03 INFO [ChaosCastle - 1] ChaosCastle::SetState_None
2023-04-02_21:06:03 INFO [ChaosCastle - 2] Moving Players Out
2023-04-02_21:06:03 INFO [ChaosCastle - 2] ChaosCastle::SetState_None
2023-04-02_21:06:03 INFO [ChaosCastle - 3] Moving Players Out
2023-04-02_21:06:03 INFO [ChaosCastle - 3] ChaosCastle::SetState_None
2023-04-02_21:06:03 INFO [ChaosCastle - 4] Moving Players Out
2023-04-02_21:06:03 INFO [ChaosCastle - 4] ChaosCastle::SetState_None
2023-04-02_21:06:03 INFO [ChaosCastle - 5] Moving Players Out
2023-04-02_21:06:03 INFO [ChaosCastle - 5] ChaosCastle::SetState_None
2023-04-02_21:06:03 INFO [ChaosCastle - 6] Moving Players Out
2023-04-02_21:06:03 INFO [ChaosCastle - 6] ChaosCastle::SetState_None
2023-04-02_21:06:03 INFO [ChaosCastle - 7] Moving Players Out
2023-04-02_21:06:03 INFO [ChaosCastle - 7] ChaosCastle::SetState_None
2023-04-02_21:06:04 INFO [ChaosCastleMgr] SetState_None()
2023-04-02_23:00:03 INFO [ChaosCastle - 1] ChaosCastle::SetState_Open
2023-04-02_23:00:03 INFO [ChaosCastle - 2] ChaosCastle::SetState_Open
2023-04-02_23:00:03 INFO [ChaosCastle - 3] ChaosCastle::SetState_Open
2023-04-02_23:00:03 INFO [ChaosCastle - 4] ChaosCastle::SetState_Open
2023-04-02_23:00:03 INFO [ChaosCastle - 5] ChaosCastle::SetState_Open
2023-04-02_23:00:03 INFO [ChaosCastle - 6] ChaosCastle::SetState_Open
2023-04-02_23:00:03 INFO [ChaosCastle - 7] ChaosCastle::SetState_Open
2023-04-02_23:00:03 INFO [ChaosCastleMgr] SetState_Open()
2023-04-02_23:05:03 INFO [ChaosCastle - 1] ChaosCastle::SetState_StandBy
2023-04-02_23:05:03 INFO [ChaosCastle - 2] ChaosCastle::SetState_StandBy
2023-04-02_23:05:03 INFO [ChaosCastle - 3] ChaosCastle::SetState_StandBy
2023-04-02_23:05:04 INFO [ChaosCastle - 4] ChaosCastle::SetState_StandBy
2023-04-02_23:05:04 INFO [ChaosCastle - 5] ChaosCastle::SetState_StandBy
2023-04-02_23:05:04 INFO [ChaosCastle - 6] ChaosCastle::SetState_StandBy
2023-04-02_23:05:04 INFO [ChaosCastle - 7] ChaosCastle::SetState_StandBy
2023-04-02_23:05:04 INFO [ChaosCastleMgr] SetState_Playing()
2023-04-02_23:06:04 INFO [ChaosCastle - 1] Moving Players Out
2023-04-02_23:06:04 INFO [ChaosCastle - 1] ChaosCastle::SetState_None
2023-04-02_23:06:04 INFO [ChaosCastle - 2] Moving Players Out
2023-04-02_23:06:04 INFO [ChaosCastle - 2] ChaosCastle::SetState_None
2023-04-02_23:06:05 INFO [ChaosCastle - 3] Moving Players Out
2023-04-02_23:06:05 INFO [ChaosCastle - 3] ChaosCastle::SetState_None
2023-04-02_23:06:05 INFO [ChaosCastle - 4] Moving Players Out
2023-04-02_23:06:05 INFO [ChaosCastle - 4] ChaosCastle::SetState_None
2023-04-02_23:06:05 INFO [ChaosCastle - 5] Moving Players Out
2023-04-02_23:06:05 INFO [ChaosCastle - 5] ChaosCastle::SetState_None
2023-04-02_23:06:05 INFO [ChaosCastle - 6] Moving Players Out
2023-04-02_23:06:05 INFO [ChaosCastle - 6] ChaosCastle::SetState_None
2023-04-02_23:06:05 INFO [ChaosCastle - 7] Moving Players Out
2023-04-02_23:06:05 INFO [ChaosCastle - 7] ChaosCastle::SetState_None
2023-04-02_23:06:05 INFO [ChaosCastleMgr] SetState_None()
