2023-04-01_01:00:01 INFO [ChaosCastle - 1] ChaosCastle::SetState_Open
2023-04-01_01:00:01 INFO [ChaosCastle - 2] ChaosCastle::SetState_Open
2023-04-01_01:00:01 INFO [ChaosCastle - 3] ChaosCastle::SetState_Open
2023-04-01_01:00:01 INFO [ChaosCastle - 4] ChaosCastle::SetState_Open
2023-04-01_01:00:01 INFO [ChaosCastle - 5] ChaosCastle::SetState_Open
2023-04-01_01:00:01 INFO [ChaosCastle - 6] ChaosCastle::SetState_Open
2023-04-01_01:00:01 INFO [ChaosCastle - 7] ChaosCastle::SetState_Open
2023-04-01_01:00:01 INFO [ChaosCastleMgr] SetState_Open()
2023-04-01_01:05:01 INFO [ChaosCastle - 1] ChaosCastle::SetState_StandBy
2023-04-01_01:05:01 INFO [ChaosCastle - 2] ChaosCastle::SetState_StandBy
2023-04-01_01:05:01 INFO [ChaosCastle - 3] ChaosCastle::SetState_StandBy
2023-04-01_01:05:01 INFO [ChaosCastle - 4] ChaosCastle::SetState_StandBy
2023-04-01_01:05:01 INFO [ChaosCastle - 5] ChaosCastle::SetState_StandBy
2023-04-01_01:05:01 INFO [ChaosCastle - 6] ChaosCastle::SetState_StandBy
2023-04-01_01:05:01 INFO [ChaosCastle - 7] ChaosCastle::SetState_StandBy
2023-04-01_01:05:01 INFO [ChaosCastleMgr] SetState_Playing()
2023-04-01_01:06:02 INFO [ChaosCastle - 1] Moving Players Out
2023-04-01_01:06:02 INFO [ChaosCastle - 1] ChaosCastle::SetState_None
2023-04-01_01:06:02 INFO [ChaosCastle - 2] Moving Players Out
2023-04-01_01:06:02 INFO [ChaosCastle - 2] ChaosCastle::SetState_None
2023-04-01_01:06:02 INFO [ChaosCastle - 3] Moving Players Out
2023-04-01_01:06:02 INFO [ChaosCastle - 3] ChaosCastle::SetState_None
2023-04-01_01:06:02 INFO [ChaosCastle - 4] Moving Players Out
2023-04-01_01:06:02 INFO [ChaosCastle - 4] ChaosCastle::SetState_None
2023-04-01_01:06:02 INFO [ChaosCastle - 5] Moving Players Out
2023-04-01_01:06:02 INFO [ChaosCastle - 5] ChaosCastle::SetState_None
2023-04-01_01:06:02 INFO [ChaosCastle - 6] Moving Players Out
2023-04-01_01:06:03 INFO [ChaosCastle - 6] ChaosCastle::SetState_None
2023-04-01_01:06:03 INFO [ChaosCastle - 7] Moving Players Out
2023-04-01_01:06:03 INFO [ChaosCastle - 7] ChaosCastle::SetState_None
2023-04-01_01:06:03 INFO [ChaosCastleMgr] SetState_None()
2023-04-01_13:00:02 INFO [ChaosCastle - 1] ChaosCastle::SetState_Open
2023-04-01_13:00:03 INFO [ChaosCastle - 2] ChaosCastle::SetState_Open
2023-04-01_13:00:03 INFO [ChaosCastle - 3] ChaosCastle::SetState_Open
2023-04-01_13:00:03 INFO [ChaosCastle - 4] ChaosCastle::SetState_Open
2023-04-01_13:00:03 INFO [ChaosCastle - 5] ChaosCastle::SetState_Open
2023-04-01_13:00:03 INFO [ChaosCastle - 6] ChaosCastle::SetState_Open
2023-04-01_13:00:03 INFO [ChaosCastle - 7] ChaosCastle::SetState_Open
2023-04-01_13:00:03 INFO [ChaosCastleMgr] SetState_Open()
2023-04-01_13:05:03 INFO [ChaosCastle - 1] ChaosCastle::SetState_StandBy
2023-04-01_13:05:03 INFO [ChaosCastle - 2] ChaosCastle::SetState_StandBy
2023-04-01_13:05:03 INFO [ChaosCastle - 3] ChaosCastle::SetState_StandBy
2023-04-01_13:05:04 INFO [ChaosCastle - 4] ChaosCastle::SetState_StandBy
2023-04-01_13:05:04 INFO [ChaosCastle - 5] ChaosCastle::SetState_StandBy
2023-04-01_13:05:04 INFO [ChaosCastle - 6] ChaosCastle::SetState_StandBy
2023-04-01_13:05:04 INFO [ChaosCastle - 7] ChaosCastle::SetState_StandBy
2023-04-01_13:05:04 INFO [ChaosCastleMgr] SetState_Playing()
2023-04-01_13:06:04 INFO [ChaosCastle - 1] Moving Players Out
2023-04-01_13:06:05 INFO [ChaosCastle - 1] ChaosCastle::SetState_None
2023-04-01_13:06:05 INFO [ChaosCastle - 2] Moving Players Out
2023-04-01_13:06:05 INFO [ChaosCastle - 2] ChaosCastle::SetState_None
2023-04-01_13:06:05 INFO [ChaosCastle - 3] Moving Players Out
2023-04-01_13:06:05 INFO [ChaosCastle - 3] ChaosCastle::SetState_None
2023-04-01_13:06:05 INFO [ChaosCastle - 4] Moving Players Out
2023-04-01_13:06:05 INFO [ChaosCastle - 4] ChaosCastle::SetState_None
2023-04-01_13:06:05 INFO [ChaosCastle - 5] Moving Players Out
2023-04-01_13:06:05 INFO [ChaosCastle - 5] ChaosCastle::SetState_None
2023-04-01_13:06:05 INFO [ChaosCastle - 6] Moving Players Out
2023-04-01_13:06:06 INFO [ChaosCastle - 6] ChaosCastle::SetState_None
2023-04-01_13:06:06 INFO [ChaosCastle - 7] Moving Players Out
2023-04-01_13:06:06 INFO [ChaosCastle - 7] ChaosCastle::SetState_None
2023-04-01_13:06:06 INFO [ChaosCastleMgr] SetState_None()
2023-04-01_15:00:02 INFO [ChaosCastle - 1] ChaosCastle::SetState_Open
2023-04-01_15:00:02 INFO [ChaosCastle - 2] ChaosCastle::SetState_Open
2023-04-01_15:00:02 INFO [ChaosCastle - 3] ChaosCastle::SetState_Open
2023-04-01_15:00:02 INFO [ChaosCastle - 4] ChaosCastle::SetState_Open
2023-04-01_15:00:02 INFO [ChaosCastle - 5] ChaosCastle::SetState_Open
2023-04-01_15:00:03 INFO [ChaosCastle - 6] ChaosCastle::SetState_Open
2023-04-01_15:00:03 INFO [ChaosCastle - 7] ChaosCastle::SetState_Open
2023-04-01_15:00:03 INFO [ChaosCastleMgr] SetState_Open()
2023-04-01_15:05:03 INFO [ChaosCastle - 1] ChaosCastle::SetState_StandBy
2023-04-01_15:05:03 INFO [ChaosCastle - 2] ChaosCastle::SetState_StandBy
2023-04-01_15:05:03 INFO [ChaosCastle - 3] ChaosCastle::SetState_StandBy
2023-04-01_15:05:03 INFO [ChaosCastle - 4] ChaosCastle::SetState_StandBy
2023-04-01_15:05:03 INFO [ChaosCastle - 5] ChaosCastle::SetState_StandBy
2023-04-01_15:05:03 INFO [ChaosCastle - 6] ChaosCastle::SetState_StandBy
2023-04-01_15:05:03 INFO [ChaosCastle - 7] ChaosCastle::SetState_StandBy
2023-04-01_15:05:03 INFO [ChaosCastleMgr] SetState_Playing()
2023-04-01_15:06:03 INFO [ChaosCastle - 1] Moving Players Out
2023-04-01_15:06:03 INFO [ChaosCastle - 1] ChaosCastle::SetState_None
2023-04-01_15:06:03 INFO [ChaosCastle - 2] Moving Players Out
2023-04-01_15:06:03 INFO [ChaosCastle - 2] ChaosCastle::SetState_None
2023-04-01_15:06:03 INFO [ChaosCastle - 3] Moving Players Out
2023-04-01_15:06:03 INFO [ChaosCastle - 3] ChaosCastle::SetState_None
2023-04-01_15:06:03 INFO [ChaosCastle - 4] Moving Players Out
2023-04-01_15:06:03 INFO [ChaosCastle - 4] ChaosCastle::SetState_None
2023-04-01_15:06:03 INFO [ChaosCastle - 5] Moving Players Out
2023-04-01_15:06:03 INFO [ChaosCastle - 5] ChaosCastle::SetState_None
2023-04-01_15:06:03 INFO [ChaosCastle - 6] Moving Players Out
2023-04-01_15:06:03 INFO [ChaosCastle - 6] ChaosCastle::SetState_None
2023-04-01_15:06:03 INFO [ChaosCastle - 7] Moving Players Out
2023-04-01_15:06:03 INFO [ChaosCastle - 7] ChaosCastle::SetState_None
2023-04-01_15:06:03 INFO [ChaosCastleMgr] SetState_None()
2023-04-01_17:00:01 INFO [ChaosCastle - 1] ChaosCastle::SetState_Open
2023-04-01_17:00:01 INFO [ChaosCastle - 2] ChaosCastle::SetState_Open
2023-04-01_17:00:01 INFO [ChaosCastle - 3] ChaosCastle::SetState_Open
2023-04-01_17:00:01 INFO [ChaosCastle - 4] ChaosCastle::SetState_Open
2023-04-01_17:00:01 INFO [ChaosCastle - 5] ChaosCastle::SetState_Open
2023-04-01_17:00:01 INFO [ChaosCastle - 6] ChaosCastle::SetState_Open
2023-04-01_17:00:02 INFO [ChaosCastle - 7] ChaosCastle::SetState_Open
2023-04-01_17:00:02 INFO [ChaosCastleMgr] SetState_Open()
2023-04-01_17:05:02 INFO [ChaosCastle - 1] ChaosCastle::SetState_StandBy
2023-04-01_17:05:02 INFO [ChaosCastle - 2] ChaosCastle::SetState_StandBy
2023-04-01_17:05:02 INFO [ChaosCastle - 3] ChaosCastle::SetState_StandBy
2023-04-01_17:05:02 INFO [ChaosCastle - 4] ChaosCastle::SetState_StandBy
2023-04-01_17:05:02 INFO [ChaosCastle - 5] ChaosCastle::SetState_StandBy
2023-04-01_17:05:02 INFO [ChaosCastle - 6] ChaosCastle::SetState_StandBy
2023-04-01_17:05:02 INFO [ChaosCastle - 7] ChaosCastle::SetState_StandBy
2023-04-01_17:05:02 INFO [ChaosCastleMgr] SetState_Playing()
2023-04-01_17:06:02 INFO [ChaosCastle - 1] Moving Players Out
2023-04-01_17:06:02 INFO [ChaosCastle - 1] ChaosCastle::SetState_None
2023-04-01_17:06:02 INFO [ChaosCastle - 2] Moving Players Out
2023-04-01_17:06:02 INFO [ChaosCastle - 2] ChaosCastle::SetState_None
2023-04-01_17:06:02 INFO [ChaosCastle - 3] Moving Players Out
2023-04-01_17:06:02 INFO [ChaosCastle - 3] ChaosCastle::SetState_None
2023-04-01_17:06:02 INFO [ChaosCastle - 4] Moving Players Out
2023-04-01_17:06:02 INFO [ChaosCastle - 4] ChaosCastle::SetState_None
2023-04-01_17:06:02 INFO [ChaosCastle - 5] Moving Players Out
2023-04-01_17:06:02 INFO [ChaosCastle - 5] ChaosCastle::SetState_None
2023-04-01_17:06:02 INFO [ChaosCastle - 6] Moving Players Out
2023-04-01_17:06:02 INFO [ChaosCastle - 6] ChaosCastle::SetState_None
2023-04-01_17:06:02 INFO [ChaosCastle - 7] Moving Players Out
2023-04-01_17:06:02 INFO [ChaosCastle - 7] ChaosCastle::SetState_None
2023-04-01_17:06:02 INFO [ChaosCastleMgr] SetState_None()
2023-04-01_19:00:01 INFO [ChaosCastle - 1] ChaosCastle::SetState_Open
2023-04-01_19:00:02 INFO [ChaosCastle - 2] ChaosCastle::SetState_Open
2023-04-01_19:00:02 INFO [ChaosCastle - 3] ChaosCastle::SetState_Open
2023-04-01_19:00:02 INFO [ChaosCastle - 4] ChaosCastle::SetState_Open
2023-04-01_19:00:02 INFO [ChaosCastle - 5] ChaosCastle::SetState_Open
2023-04-01_19:00:02 INFO [ChaosCastle - 6] ChaosCastle::SetState_Open
2023-04-01_19:00:02 INFO [ChaosCastle - 7] ChaosCastle::SetState_Open
2023-04-01_19:00:02 INFO [ChaosCastleMgr] SetState_Open()
2023-04-01_19:05:02 INFO [ChaosCastle - 1] ChaosCastle::SetState_StandBy
2023-04-01_19:05:02 INFO [ChaosCastle - 2] ChaosCastle::SetState_StandBy
2023-04-01_19:05:02 INFO [ChaosCastle - 3] ChaosCastle::SetState_StandBy
2023-04-01_19:05:02 INFO [ChaosCastle - 4] ChaosCastle::SetState_StandBy
2023-04-01_19:05:02 INFO [ChaosCastle - 5] ChaosCastle::SetState_StandBy
2023-04-01_19:05:02 INFO [ChaosCastle - 6] ChaosCastle::SetState_StandBy
2023-04-01_19:05:02 INFO [ChaosCastle - 7] ChaosCastle::SetState_StandBy
2023-04-01_19:05:02 INFO [ChaosCastleMgr] SetState_Playing()
2023-04-01_19:06:02 INFO [ChaosCastle - 1] Moving Players Out
2023-04-01_19:06:02 INFO [ChaosCastle - 1] ChaosCastle::SetState_None
2023-04-01_19:06:02 INFO [ChaosCastle - 2] Moving Players Out
2023-04-01_19:06:02 INFO [ChaosCastle - 2] ChaosCastle::SetState_None
2023-04-01_19:06:02 INFO [ChaosCastle - 3] Moving Players Out
2023-04-01_19:06:02 INFO [ChaosCastle - 3] ChaosCastle::SetState_None
2023-04-01_19:06:02 INFO [ChaosCastle - 4] Moving Players Out
2023-04-01_19:06:02 INFO [ChaosCastle - 4] ChaosCastle::SetState_None
2023-04-01_19:06:02 INFO [ChaosCastle - 5] Moving Players Out
2023-04-01_19:06:02 INFO [ChaosCastle - 5] ChaosCastle::SetState_None
2023-04-01_19:06:02 INFO [ChaosCastle - 6] Moving Players Out
2023-04-01_19:06:02 INFO [ChaosCastle - 6] ChaosCastle::SetState_None
2023-04-01_19:06:02 INFO [ChaosCastle - 7] Moving Players Out
2023-04-01_19:06:03 INFO [ChaosCastle - 7] ChaosCastle::SetState_None
2023-04-01_19:06:03 INFO [ChaosCastleMgr] SetState_None()
2023-04-01_21:00:04 INFO [ChaosCastle - 1] ChaosCastle::SetState_Open
2023-04-01_21:00:04 INFO [ChaosCastle - 2] ChaosCastle::SetState_Open
2023-04-01_21:00:04 INFO [ChaosCastle - 3] ChaosCastle::SetState_Open
2023-04-01_21:00:04 INFO [ChaosCastle - 4] ChaosCastle::SetState_Open
2023-04-01_21:00:04 INFO [ChaosCastle - 5] ChaosCastle::SetState_Open
2023-04-01_21:00:04 INFO [ChaosCastle - 6] ChaosCastle::SetState_Open
2023-04-01_21:00:04 INFO [ChaosCastle - 7] ChaosCastle::SetState_Open
2023-04-01_21:00:04 INFO [ChaosCastleMgr] SetState_Open()
2023-04-01_21:05:04 INFO [ChaosCastle - 1] ChaosCastle::SetState_StandBy
2023-04-01_21:05:05 INFO [ChaosCastle - 2] ChaosCastle::SetState_StandBy
2023-04-01_21:05:05 INFO [ChaosCastle - 3] ChaosCastle::SetState_StandBy
2023-04-01_21:05:05 INFO [ChaosCastle - 4] ChaosCastle::SetState_StandBy
2023-04-01_21:05:05 INFO [ChaosCastle - 5] ChaosCastle::SetState_StandBy
2023-04-01_21:05:05 INFO [ChaosCastle - 6] ChaosCastle::SetState_StandBy
2023-04-01_21:05:05 INFO [ChaosCastle - 7] ChaosCastle::SetState_StandBy
2023-04-01_21:05:05 INFO [ChaosCastleMgr] SetState_Playing()
2023-04-01_21:06:05 INFO [ChaosCastle - 1] Moving Players Out
2023-04-01_21:06:05 INFO [ChaosCastle - 1] ChaosCastle::SetState_None
2023-04-01_21:06:05 INFO [ChaosCastle - 2] Moving Players Out
2023-04-01_21:06:05 INFO [ChaosCastle - 2] ChaosCastle::SetState_None
2023-04-01_21:06:05 INFO [ChaosCastle - 3] Moving Players Out
2023-04-01_21:06:05 INFO [ChaosCastle - 3] ChaosCastle::SetState_None
2023-04-01_21:06:05 INFO [ChaosCastle - 4] Moving Players Out
2023-04-01_21:06:06 INFO [ChaosCastle - 4] ChaosCastle::SetState_None
2023-04-01_21:06:06 INFO [ChaosCastle - 5] Moving Players Out
2023-04-01_21:06:06 INFO [ChaosCastle - 5] ChaosCastle::SetState_None
2023-04-01_21:06:06 INFO [ChaosCastle - 6] Moving Players Out
2023-04-01_21:06:06 INFO [ChaosCastle - 6] ChaosCastle::SetState_None
2023-04-01_21:06:06 INFO [ChaosCastle - 7] Moving Players Out
2023-04-01_21:06:06 INFO [ChaosCastle - 7] ChaosCastle::SetState_None
2023-04-01_21:06:06 INFO [ChaosCastleMgr] SetState_None()
2023-04-01_23:00:03 INFO [ChaosCastle - 1] ChaosCastle::SetState_Open
2023-04-01_23:00:03 INFO [ChaosCastle - 2] ChaosCastle::SetState_Open
2023-04-01_23:00:03 INFO [ChaosCastle - 3] ChaosCastle::SetState_Open
2023-04-01_23:00:03 INFO [ChaosCastle - 4] ChaosCastle::SetState_Open
2023-04-01_23:00:03 INFO [ChaosCastle - 5] ChaosCastle::SetState_Open
2023-04-01_23:00:03 INFO [ChaosCastle - 6] ChaosCastle::SetState_Open
2023-04-01_23:00:03 INFO [ChaosCastle - 7] ChaosCastle::SetState_Open
2023-04-01_23:00:03 INFO [ChaosCastleMgr] SetState_Open()
2023-04-01_23:05:04 INFO [ChaosCastle - 1] ChaosCastle::SetState_StandBy
2023-04-01_23:05:04 INFO [ChaosCastle - 2] ChaosCastle::SetState_StandBy
2023-04-01_23:05:04 INFO [ChaosCastle - 3] ChaosCastle::SetState_StandBy
2023-04-01_23:05:04 INFO [ChaosCastle - 4] ChaosCastle::SetState_StandBy
2023-04-01_23:05:04 INFO [ChaosCastle - 5] ChaosCastle::SetState_StandBy
2023-04-01_23:05:04 INFO [ChaosCastle - 6] ChaosCastle::SetState_StandBy
2023-04-01_23:05:04 INFO [ChaosCastle - 7] ChaosCastle::SetState_StandBy
2023-04-01_23:05:04 INFO [ChaosCastleMgr] SetState_Playing()
2023-04-01_23:06:04 INFO [ChaosCastle - 1] Moving Players Out
2023-04-01_23:06:04 INFO [ChaosCastle - 1] ChaosCastle::SetState_None
2023-04-01_23:06:05 INFO [ChaosCastle - 2] Moving Players Out
2023-04-01_23:06:05 INFO [ChaosCastle - 2] ChaosCastle::SetState_None
2023-04-01_23:06:05 INFO [ChaosCastle - 3] Moving Players Out
2023-04-01_23:06:05 INFO [ChaosCastle - 3] ChaosCastle::SetState_None
2023-04-01_23:06:05 INFO [ChaosCastle - 4] Moving Players Out
2023-04-01_23:06:05 INFO [ChaosCastle - 4] ChaosCastle::SetState_None
2023-04-01_23:06:05 INFO [ChaosCastle - 5] Moving Players Out
2023-04-01_23:06:05 INFO [ChaosCastle - 5] ChaosCastle::SetState_None
2023-04-01_23:06:05 INFO [ChaosCastle - 6] Moving Players Out
2023-04-01_23:06:05 INFO [ChaosCastle - 6] ChaosCastle::SetState_None
2023-04-01_23:06:05 INFO [ChaosCastle - 7] Moving Players Out
2023-04-01_23:06:05 INFO [ChaosCastle - 7] ChaosCastle::SetState_None
2023-04-01_23:06:05 INFO [ChaosCastleMgr] SetState_None()
