2023-04-03_01:00:02 INFO [ChaosCastle - 1] ChaosCastle::SetState_Open
2023-04-03_01:00:02 INFO [ChaosCastle - 2] ChaosCastle::SetState_Open
2023-04-03_01:00:02 INFO [ChaosCastle - 3] ChaosCastle::SetState_Open
2023-04-03_01:00:02 INFO [ChaosCastle - 4] ChaosCastle::SetState_Open
2023-04-03_01:00:02 INFO [ChaosCastle - 5] ChaosCastle::SetState_Open
2023-04-03_01:00:02 INFO [ChaosCastle - 6] ChaosCastle::SetState_Open
2023-04-03_01:00:02 INFO [ChaosCastle - 7] ChaosCastle::SetState_Open
2023-04-03_01:00:02 INFO [ChaosCastleMgr] SetState_Open()
2023-04-03_01:05:02 INFO [ChaosCastle - 1] ChaosCastle::SetState_StandBy
2023-04-03_01:05:02 INFO [ChaosCastle - 2] ChaosCastle::SetState_StandBy
2023-04-03_01:05:03 INFO [ChaosCastle - 3] ChaosCastle::SetState_StandBy
2023-04-03_01:05:03 INFO [ChaosCastle - 4] ChaosCastle::SetState_StandBy
2023-04-03_01:05:03 INFO [ChaosCastle - 5] ChaosCastle::SetState_StandBy
2023-04-03_01:05:03 INFO [ChaosCastle - 6] ChaosCastle::SetState_StandBy
2023-04-03_01:05:03 INFO [ChaosCastle - 7] ChaosCastle::SetState_StandBy
2023-04-03_01:05:03 INFO [ChaosCastleMgr] SetState_Playing()
2023-04-03_01:06:03 INFO [ChaosCastle - 1] Moving Players Out
2023-04-03_01:06:03 INFO [ChaosCastle - 1] ChaosCastle::SetState_None
2023-04-03_01:06:03 INFO [ChaosCastle - 2] Moving Players Out
2023-04-03_01:06:03 INFO [ChaosCastle - 2] ChaosCastle::SetState_None
2023-04-03_01:06:04 INFO [ChaosCastle - 3] Moving Players Out
2023-04-03_01:06:04 INFO [ChaosCastle - 3] ChaosCastle::SetState_None
2023-04-03_01:06:04 INFO [ChaosCastle - 4] Moving Players Out
2023-04-03_01:06:04 INFO [ChaosCastle - 4] ChaosCastle::SetState_None
2023-04-03_01:06:04 INFO [ChaosCastle - 5] Moving Players Out
2023-04-03_01:06:04 INFO [ChaosCastle - 5] ChaosCastle::SetState_None
2023-04-03_01:06:04 INFO [ChaosCastle - 6] Moving Players Out
2023-04-03_01:06:04 INFO [ChaosCastle - 6] ChaosCastle::SetState_None
2023-04-03_01:06:04 INFO [ChaosCastle - 7] Moving Players Out
2023-04-03_01:06:04 INFO [ChaosCastle - 7] ChaosCastle::SetState_None
2023-04-03_01:06:04 INFO [ChaosCastleMgr] SetState_None()
2023-04-03_13:00:01 INFO [ChaosCastle - 1] ChaosCastle::SetState_Open
2023-04-03_13:00:01 INFO [ChaosCastle - 2] ChaosCastle::SetState_Open
2023-04-03_13:00:02 INFO [ChaosCastle - 3] ChaosCastle::SetState_Open
2023-04-03_13:00:02 INFO [ChaosCastle - 4] ChaosCastle::SetState_Open
2023-04-03_13:00:02 INFO [ChaosCastle - 5] ChaosCastle::SetState_Open
2023-04-03_13:00:02 INFO [ChaosCastle - 6] ChaosCastle::SetState_Open
2023-04-03_13:00:02 INFO [ChaosCastle - 7] ChaosCastle::SetState_Open
2023-04-03_13:00:02 INFO [ChaosCastleMgr] SetState_Open()
2023-04-03_13:05:02 INFO [ChaosCastle - 1] ChaosCastle::SetState_StandBy
2023-04-03_13:05:02 INFO [ChaosCastle - 2] ChaosCastle::SetState_StandBy
2023-04-03_13:05:02 INFO [ChaosCastle - 3] ChaosCastle::SetState_StandBy
2023-04-03_13:05:02 INFO [ChaosCastle - 4] ChaosCastle::SetState_StandBy
2023-04-03_13:05:02 INFO [ChaosCastle - 5] ChaosCastle::SetState_StandBy
2023-04-03_13:05:02 INFO [ChaosCastle - 6] ChaosCastle::SetState_StandBy
2023-04-03_13:05:02 INFO [ChaosCastle - 7] ChaosCastle::SetState_StandBy
2023-04-03_13:05:02 INFO [ChaosCastleMgr] SetState_Playing()
2023-04-03_13:06:02 INFO [ChaosCastle - 1] Moving Players Out
2023-04-03_13:06:02 INFO [ChaosCastle - 1] ChaosCastle::SetState_None
2023-04-03_13:06:02 INFO [ChaosCastle - 2] Moving Players Out
2023-04-03_13:06:02 INFO [ChaosCastle - 2] ChaosCastle::SetState_None
2023-04-03_13:06:02 INFO [ChaosCastle - 3] Moving Players Out
2023-04-03_13:06:03 INFO [ChaosCastle - 3] ChaosCastle::SetState_None
2023-04-03_13:06:03 INFO [ChaosCastle - 4] Moving Players Out
2023-04-03_13:06:03 INFO [ChaosCastle - 4] ChaosCastle::SetState_None
2023-04-03_13:06:03 INFO [ChaosCastle - 5] Moving Players Out
2023-04-03_13:06:03 INFO [ChaosCastle - 5] ChaosCastle::SetState_None
2023-04-03_13:06:03 INFO [ChaosCastle - 6] Moving Players Out
2023-04-03_13:06:03 INFO [ChaosCastle - 6] ChaosCastle::SetState_None
2023-04-03_13:06:03 INFO [ChaosCastle - 7] Moving Players Out
2023-04-03_13:06:03 INFO [ChaosCastle - 7] ChaosCastle::SetState_None
2023-04-03_13:06:04 INFO [ChaosCastleMgr] SetState_None()
2023-04-03_15:00:02 INFO [ChaosCastle - 1] ChaosCastle::SetState_Open
2023-04-03_15:00:02 INFO [ChaosCastle - 2] ChaosCastle::SetState_Open
2023-04-03_15:00:02 INFO [ChaosCastle - 3] ChaosCastle::SetState_Open
2023-04-03_15:00:02 INFO [ChaosCastle - 4] ChaosCastle::SetState_Open
2023-04-03_15:00:02 INFO [ChaosCastle - 5] ChaosCastle::SetState_Open
2023-04-03_15:00:02 INFO [ChaosCastle - 6] ChaosCastle::SetState_Open
2023-04-03_15:00:02 INFO [ChaosCastle - 7] ChaosCastle::SetState_Open
2023-04-03_15:00:02 INFO [ChaosCastleMgr] SetState_Open()
2023-04-03_15:05:02 INFO [ChaosCastle - 1] ChaosCastle::SetState_StandBy
2023-04-03_15:05:02 INFO [ChaosCastle - 2] ChaosCastle::SetState_StandBy
2023-04-03_15:05:02 INFO [ChaosCastle - 3] ChaosCastle::SetState_StandBy
2023-04-03_15:05:02 INFO [ChaosCastle - 4] ChaosCastle::SetState_StandBy
2023-04-03_15:05:02 INFO [ChaosCastle - 5] ChaosCastle::SetState_StandBy
2023-04-03_15:05:02 INFO [ChaosCastle - 6] ChaosCastle::SetState_StandBy
2023-04-03_15:05:02 INFO [ChaosCastle - 7] ChaosCastle::SetState_StandBy
2023-04-03_15:05:02 INFO [ChaosCastleMgr] SetState_Playing()
2023-04-03_15:06:03 INFO [ChaosCastle - 1] Moving Players Out
2023-04-03_15:06:03 INFO [ChaosCastle - 1] ChaosCastle::SetState_None
2023-04-03_15:06:03 INFO [ChaosCastle - 2] Moving Players Out
2023-04-03_15:06:03 INFO [ChaosCastle - 2] ChaosCastle::SetState_None
2023-04-03_15:06:03 INFO [ChaosCastle - 3] Moving Players Out
2023-04-03_15:06:03 INFO [ChaosCastle - 3] ChaosCastle::SetState_None
2023-04-03_15:06:03 INFO [ChaosCastle - 4] Moving Players Out
2023-04-03_15:06:03 INFO [ChaosCastle - 4] ChaosCastle::SetState_None
2023-04-03_15:06:03 INFO [ChaosCastle - 5] Moving Players Out
2023-04-03_15:06:03 INFO [ChaosCastle - 5] ChaosCastle::SetState_None
2023-04-03_15:06:03 INFO [ChaosCastle - 6] Moving Players Out
2023-04-03_15:06:03 INFO [ChaosCastle - 6] ChaosCastle::SetState_None
2023-04-03_15:06:03 INFO [ChaosCastle - 7] Moving Players Out
2023-04-03_15:06:03 INFO [ChaosCastle - 7] ChaosCastle::SetState_None
2023-04-03_15:06:03 INFO [ChaosCastleMgr] SetState_None()
2023-04-03_17:00:02 INFO [ChaosCastle - 1] ChaosCastle::SetState_Open
2023-04-03_17:00:02 INFO [ChaosCastle - 2] ChaosCastle::SetState_Open
2023-04-03_17:00:02 INFO [ChaosCastle - 3] ChaosCastle::SetState_Open
2023-04-03_17:00:02 INFO [ChaosCastle - 4] ChaosCastle::SetState_Open
2023-04-03_17:00:02 INFO [ChaosCastle - 5] ChaosCastle::SetState_Open
2023-04-03_17:00:02 INFO [ChaosCastle - 6] ChaosCastle::SetState_Open
2023-04-03_17:00:02 INFO [ChaosCastle - 7] ChaosCastle::SetState_Open
2023-04-03_17:00:02 INFO [ChaosCastleMgr] SetState_Open()
2023-04-03_17:05:02 INFO [ChaosCastle - 1] ChaosCastle::SetState_StandBy
2023-04-03_17:05:02 INFO [ChaosCastle - 2] ChaosCastle::SetState_StandBy
2023-04-03_17:05:02 INFO [ChaosCastle - 3] ChaosCastle::SetState_StandBy
2023-04-03_17:05:03 INFO [ChaosCastle - 4] ChaosCastle::SetState_StandBy
2023-04-03_17:05:03 INFO [ChaosCastle - 5] ChaosCastle::SetState_StandBy
2023-04-03_17:05:03 INFO [ChaosCastle - 6] ChaosCastle::SetState_StandBy
2023-04-03_17:05:03 INFO [ChaosCastle - 7] ChaosCastle::SetState_StandBy
2023-04-03_17:05:03 INFO [ChaosCastleMgr] SetState_Playing()
2023-04-03_17:06:03 INFO [ChaosCastle - 1] Moving Players Out
2023-04-03_17:06:03 INFO [ChaosCastle - 1] ChaosCastle::SetState_None
2023-04-03_17:06:03 INFO [ChaosCastle - 2] Moving Players Out
2023-04-03_17:06:03 INFO [ChaosCastle - 2] ChaosCastle::SetState_None
2023-04-03_17:06:03 INFO [ChaosCastle - 3] Moving Players Out
2023-04-03_17:06:03 INFO [ChaosCastle - 3] ChaosCastle::SetState_None
2023-04-03_17:06:03 INFO [ChaosCastle - 4] Moving Players Out
2023-04-03_17:06:04 INFO [ChaosCastle - 4] ChaosCastle::SetState_None
2023-04-03_17:06:04 INFO [ChaosCastle - 5] Moving Players Out
2023-04-03_17:06:04 INFO [ChaosCastle - 5] ChaosCastle::SetState_None
2023-04-03_17:06:04 INFO [ChaosCastle - 6] Moving Players Out
2023-04-03_17:06:04 INFO [ChaosCastle - 6] ChaosCastle::SetState_None
2023-04-03_17:06:04 INFO [ChaosCastle - 7] Moving Players Out
2023-04-03_17:06:04 INFO [ChaosCastle - 7] ChaosCastle::SetState_None
2023-04-03_17:06:04 INFO [ChaosCastleMgr] SetState_None()
2023-04-03_19:00:02 INFO [ChaosCastle - 1] ChaosCastle::SetState_Open
2023-04-03_19:00:02 INFO [ChaosCastle - 2] ChaosCastle::SetState_Open
2023-04-03_19:00:02 INFO [ChaosCastle - 3] ChaosCastle::SetState_Open
2023-04-03_19:00:02 INFO [ChaosCastle - 4] ChaosCastle::SetState_Open
2023-04-03_19:00:02 INFO [ChaosCastle - 5] ChaosCastle::SetState_Open
2023-04-03_19:00:02 INFO [ChaosCastle - 6] ChaosCastle::SetState_Open
2023-04-03_19:00:02 INFO [ChaosCastle - 7] ChaosCastle::SetState_Open
2023-04-03_19:00:02 INFO [ChaosCastleMgr] SetState_Open()
2023-04-03_19:05:02 INFO [ChaosCastle - 1] ChaosCastle::SetState_StandBy
2023-04-03_19:05:02 INFO [ChaosCastle - 2] ChaosCastle::SetState_StandBy
2023-04-03_19:05:02 INFO [ChaosCastle - 3] ChaosCastle::SetState_StandBy
2023-04-03_19:05:03 INFO [ChaosCastle - 4] ChaosCastle::SetState_StandBy
2023-04-03_19:05:03 INFO [ChaosCastle - 5] ChaosCastle::SetState_StandBy
2023-04-03_19:05:03 INFO [ChaosCastle - 6] ChaosCastle::SetState_StandBy
2023-04-03_19:05:03 INFO [ChaosCastle - 7] ChaosCastle::SetState_StandBy
2023-04-03_19:05:03 INFO [ChaosCastleMgr] SetState_Playing()
2023-04-03_19:06:03 INFO [ChaosCastle - 1] Moving Players Out
2023-04-03_19:06:03 INFO [ChaosCastle - 1] ChaosCastle::SetState_None
2023-04-03_19:06:03 INFO [ChaosCastle - 2] Moving Players Out
2023-04-03_19:06:03 INFO [ChaosCastle - 2] ChaosCastle::SetState_None
2023-04-03_19:06:03 INFO [ChaosCastle - 3] Moving Players Out
2023-04-03_19:06:03 INFO [ChaosCastle - 3] ChaosCastle::SetState_None
2023-04-03_19:06:03 INFO [ChaosCastle - 4] Moving Players Out
2023-04-03_19:06:04 INFO [ChaosCastle - 4] ChaosCastle::SetState_None
2023-04-03_19:06:04 INFO [ChaosCastle - 5] Moving Players Out
2023-04-03_19:06:04 INFO [ChaosCastle - 5] ChaosCastle::SetState_None
2023-04-03_19:06:04 INFO [ChaosCastle - 6] Moving Players Out
2023-04-03_19:06:04 INFO [ChaosCastle - 6] ChaosCastle::SetState_None
2023-04-03_19:06:04 INFO [ChaosCastle - 7] Moving Players Out
2023-04-03_19:06:04 INFO [ChaosCastle - 7] ChaosCastle::SetState_None
2023-04-03_19:06:04 INFO [ChaosCastleMgr] SetState_None()
2023-04-03_21:00:02 INFO [ChaosCastle - 1] ChaosCastle::SetState_Open
2023-04-03_21:00:02 INFO [ChaosCastle - 2] ChaosCastle::SetState_Open
2023-04-03_21:00:02 INFO [ChaosCastle - 3] ChaosCastle::SetState_Open
2023-04-03_21:00:02 INFO [ChaosCastle - 4] ChaosCastle::SetState_Open
2023-04-03_21:00:02 INFO [ChaosCastle - 5] ChaosCastle::SetState_Open
2023-04-03_21:00:02 INFO [ChaosCastle - 6] ChaosCastle::SetState_Open
2023-04-03_21:00:02 INFO [ChaosCastle - 7] ChaosCastle::SetState_Open
2023-04-03_21:00:02 INFO [ChaosCastleMgr] SetState_Open()
2023-04-03_21:05:02 INFO [ChaosCastle - 1] ChaosCastle::SetState_StandBy
2023-04-03_21:05:02 INFO [ChaosCastle - 2] ChaosCastle::SetState_StandBy
2023-04-03_21:05:03 INFO [ChaosCastle - 3] ChaosCastle::SetState_StandBy
2023-04-03_21:05:03 INFO [ChaosCastle - 4] ChaosCastle::SetState_StandBy
2023-04-03_21:05:03 INFO [ChaosCastle - 5] ChaosCastle::SetState_StandBy
2023-04-03_21:05:03 INFO [ChaosCastle - 6] ChaosCastle::SetState_StandBy
2023-04-03_21:05:03 INFO [ChaosCastle - 7] ChaosCastle::SetState_StandBy
2023-04-03_21:05:03 INFO [ChaosCastleMgr] SetState_Playing()
2023-04-03_21:06:03 INFO [ChaosCastle - 1] Moving Players Out
2023-04-03_21:06:03 INFO [ChaosCastle - 1] ChaosCastle::SetState_None
2023-04-03_21:06:04 INFO [ChaosCastle - 2] Moving Players Out
2023-04-03_21:06:04 INFO [ChaosCastle - 2] ChaosCastle::SetState_None
2023-04-03_21:06:04 INFO [ChaosCastle - 3] Moving Players Out
2023-04-03_21:06:04 INFO [ChaosCastle - 3] ChaosCastle::SetState_None
2023-04-03_21:06:04 INFO [ChaosCastle - 4] Moving Players Out
2023-04-03_21:06:04 INFO [ChaosCastle - 4] ChaosCastle::SetState_None
2023-04-03_21:06:04 INFO [ChaosCastle - 5] Moving Players Out
2023-04-03_21:06:04 INFO [ChaosCastle - 5] ChaosCastle::SetState_None
2023-04-03_21:06:04 INFO [ChaosCastle - 6] Moving Players Out
2023-04-03_21:06:04 INFO [ChaosCastle - 6] ChaosCastle::SetState_None
2023-04-03_21:06:04 INFO [ChaosCastle - 7] Moving Players Out
2023-04-03_21:06:05 INFO [ChaosCastle - 7] ChaosCastle::SetState_None
2023-04-03_21:06:05 INFO [ChaosCastleMgr] SetState_None()
