2023-03-24_22:16:10 INFO [ChaosCastle - 1] Moving Players Out
2023-03-24_22:16:10 INFO [ChaosCastle - 1] ChaosCastle::SetState_None
2023-03-24_22:16:10 INFO [ChaosCastle - 2] Moving Players Out
2023-03-24_22:16:10 INFO [ChaosCastle - 2] ChaosCastle::SetState_None
2023-03-24_22:16:10 INFO [ChaosCastle - 3] Moving Players Out
2023-03-24_22:16:10 INFO [ChaosCastle - 3] ChaosCastle::SetState_None
2023-03-24_22:16:10 INFO [ChaosCastle - 4] Moving Players Out
2023-03-24_22:16:10 INFO [ChaosCastle - 4] ChaosCastle::SetState_None
2023-03-24_22:16:10 INFO [ChaosCastle - 5] Moving Players Out
2023-03-24_22:16:10 INFO [ChaosCastle - 5] ChaosCastle::SetState_None
2023-03-24_22:16:10 INFO [ChaosCastle - 6] Moving Players Out
2023-03-24_22:16:10 INFO [ChaosCastle - 6] ChaosCastle::SetState_None
2023-03-24_22:16:10 INFO [ChaosCastle - 7] Moving Players Out
2023-03-24_22:16:10 INFO [ChaosCastle - 7] ChaosCastle::SetState_None
2023-03-24_22:16:10 INFO [ChaosCastleMgr] SetState_None()
2023-03-24_22:16:10 INFO [ChaosCastleSurvival - 1] Moving Players Out
2023-03-24_22:16:10 INFO [ChaosCastleSurvival - 1] ChaosCastle::SetState_None
2023-03-24_22:16:10 INFO [ChaosCastleSurvivalMgr] SetState_None()
2023-03-24_23:00:01 INFO [ChaosCastle - 1] ChaosCastle::SetState_Open
2023-03-24_23:00:01 INFO [ChaosCastle - 2] ChaosCastle::SetState_Open
2023-03-24_23:00:01 INFO [ChaosCastle - 3] ChaosCastle::SetState_Open
2023-03-24_23:00:01 INFO [ChaosCastle - 4] ChaosCastle::SetState_Open
2023-03-24_23:00:01 INFO [ChaosCastle - 5] ChaosCastle::SetState_Open
2023-03-24_23:00:01 INFO [ChaosCastle - 6] ChaosCastle::SetState_Open
2023-03-24_23:00:01 INFO [ChaosCastle - 7] ChaosCastle::SetState_Open
2023-03-24_23:00:01 INFO [ChaosCastleMgr] SetState_Open()
