2023-04-07_22:37:49 INFO SetState_None()
2023-04-07_23:00:01 INFO SetState_Notify_1()
2023-04-07_23:02:01 INFO Added Monster [21099][340]
2023-04-07_23:02:01 INFO Added Monster [21100][341]
2023-04-07_23:02:01 INFO Added Monster [21101][341]
2023-04-07_23:02:01 INFO Added Monster [21102][341]
2023-04-07_23:02:01 INFO Added Monster [21103][341]
2023-04-07_23:02:01 INFO Added Monster [21104][341]
2023-04-07_23:02:01 INFO Added Monster [21105][340]
2023-04-07_23:02:01 INFO Added Monster [21106][341]
2023-04-07_23:02:01 INFO Added Monster [21107][341]
2023-04-07_23:02:01 INFO Added Monster [21108][341]
2023-04-07_23:02:01 INFO Added Monster [21109][341]
2023-04-07_23:02:01 INFO Added Monster [21110][341]
2023-04-07_23:02:01 INFO Added Monster [21111][340]
2023-04-07_23:02:01 INFO Added Monster [21112][341]
2023-04-07_23:02:01 INFO Added Monster [21113][341]
2023-04-07_23:02:01 INFO Added Monster [21114][341]
2023-04-07_23:02:01 INFO Added Monster [21115][344]
2023-04-07_23:02:01 INFO Added Monster [21116][344]
2023-04-07_23:02:01 INFO Added Monster [21117][345]
2023-04-07_23:02:01 INFO Added Monster [21118][345]
2023-04-07_23:02:02 INFO Added Monster [21119][345]
2023-04-07_23:02:02 INFO Added Monster [21120][340]
2023-04-07_23:02:02 INFO Added Monster [21121][344]
2023-04-07_23:02:02 INFO Added Monster [21122][348]
2023-04-07_23:02:02 INFO Added Monster [21123][348]
2023-04-07_23:02:02 INFO Added Monster [21124][340]
2023-04-07_23:02:02 INFO Added Monster [21125][341]
2023-04-07_23:02:02 INFO Added Monster [21126][341]
2023-04-07_23:02:02 INFO Added Monster [21127][341]
2023-04-07_23:02:02 INFO Added Monster [21128][341]
2023-04-07_23:02:02 INFO Added Monster [21129][341]
2023-04-07_23:02:02 INFO Added Monster [21130][340]
2023-04-07_23:02:02 INFO Added Monster [21131][341]
2023-04-07_23:02:02 INFO Added Monster [21132][341]
2023-04-07_23:02:02 INFO Added Monster [21133][341]
2023-04-07_23:02:03 INFO Added Monster [21134][341]
2023-04-07_23:02:03 INFO Added Monster [21135][341]
2023-04-07_23:02:03 INFO Added Monster [21136][340]
2023-04-07_23:02:04 INFO Added Monster [21137][341]
2023-04-07_23:02:04 INFO Added Monster [21138][341]
2023-04-07_23:02:05 INFO Added Monster [21139][341]
2023-04-07_23:02:05 INFO Added Monster [21140][344]
2023-04-07_23:02:05 INFO Added Monster [21141][344]
2023-04-07_23:02:06 INFO Added Monster [21142][345]
2023-04-07_23:02:06 INFO Added Monster [21143][345]
2023-04-07_23:02:06 INFO Added Monster [21144][345]
2023-04-07_23:02:06 INFO Added Monster [21145][340]
2023-04-07_23:02:07 INFO Added Monster [21146][344]
2023-04-07_23:02:07 INFO Added Monster [21147][348]
2023-04-07_23:02:07 INFO Added Monster [21148][348]
2023-04-07_23:02:08 INFO Added Monster [21149][340]
2023-04-07_23:02:08 INFO Added Monster [21150][341]
2023-04-07_23:02:08 INFO Added Monster [21151][341]
2023-04-07_23:02:08 INFO Added Monster [21152][341]
2023-04-07_23:02:09 INFO Added Monster [21153][341]
2023-04-07_23:02:09 INFO Added Monster [21154][341]
2023-04-07_23:02:09 INFO Added Monster [21155][340]
2023-04-07_23:02:10 INFO Added Monster [21156][341]
2023-04-07_23:02:10 INFO Added Monster [21157][341]
2023-04-07_23:02:10 INFO Added Monster [21158][341]
2023-04-07_23:02:10 INFO Added Monster [21159][341]
2023-04-07_23:02:11 INFO Added Monster [21160][341]
2023-04-07_23:02:11 INFO Added Monster [21161][340]
2023-04-07_23:02:11 INFO Added Monster [21162][341]
2023-04-07_23:02:12 INFO Added Monster [21163][341]
2023-04-07_23:02:12 INFO Added Monster [21164][341]
2023-04-07_23:02:12 INFO Added Monster [21165][344]
2023-04-07_23:02:12 INFO Added Monster [21166][344]
2023-04-07_23:02:13 INFO Added Monster [21167][345]
2023-04-07_23:02:13 INFO Added Monster [21168][345]
2023-04-07_23:02:13 INFO Added Monster [21169][345]
2023-04-07_23:02:14 INFO Added Monster [21170][340]
2023-04-07_23:02:14 INFO Added Monster [21171][344]
2023-04-07_23:02:14 INFO Added Monster [21172][348]
2023-04-07_23:02:14 INFO Added Monster [21173][348]
2023-04-07_23:02:15 INFO SetState_Ready()
2023-04-07_23:05:01 INFO Failed
2023-04-07_23:05:01 INFO SetState_End()
