2023-03-27_23:00:01 INFO SetState_Notify_1()
2023-03-27_23:02:01 INFO SetState_Notify_2()
2023-03-27_23:04:01 INFO Added Monster [23961][340]
2023-03-27_23:04:01 INFO Added Monster [23962][341]
2023-03-27_23:04:01 INFO Added Monster [23963][341]
2023-03-27_23:04:01 INFO Added Monster [23964][341]
2023-03-27_23:04:01 INFO Added Monster [23965][341]
2023-03-27_23:04:01 INFO Added Monster [23966][341]
2023-03-27_23:04:01 INFO Added Monster [23967][340]
2023-03-27_23:04:01 INFO Added Monster [23968][341]
2023-03-27_23:04:01 INFO Added Monster [23969][341]
2023-03-27_23:04:01 INFO Added Monster [23970][341]
2023-03-27_23:04:01 INFO Added Monster [23971][341]
2023-03-27_23:04:01 INFO Added Monster [23972][341]
2023-03-27_23:04:01 INFO Added Monster [23973][340]
2023-03-27_23:04:01 INFO Added Monster [23974][341]
2023-03-27_23:04:01 INFO Added Monster [23975][341]
2023-03-27_23:04:01 INFO Added Monster [23976][341]
2023-03-27_23:04:01 INFO Added Monster [23977][344]
2023-03-27_23:04:01 INFO Added Monster [23978][344]
2023-03-27_23:04:01 INFO Added Monster [23979][345]
2023-03-27_23:04:01 INFO Added Monster [23980][345]
2023-03-27_23:04:01 INFO Added Monster [23981][345]
2023-03-27_23:04:01 INFO Added Monster [23982][340]
2023-03-27_23:04:01 INFO Added Monster [23983][344]
2023-03-27_23:04:01 INFO Added Monster [23984][348]
2023-03-27_23:04:01 INFO Added Monster [23985][348]
2023-03-27_23:04:01 INFO Added Monster [23986][340]
2023-03-27_23:04:01 INFO Added Monster [23987][341]
2023-03-27_23:04:01 INFO Added Monster [23988][341]
2023-03-27_23:04:01 INFO Added Monster [23989][341]
2023-03-27_23:04:01 INFO Added Monster [23990][341]
2023-03-27_23:04:01 INFO Added Monster [23991][341]
2023-03-27_23:04:01 INFO Added Monster [23992][340]
2023-03-27_23:04:01 INFO Added Monster [23993][341]
2023-03-27_23:04:01 INFO Added Monster [23994][341]
2023-03-27_23:04:01 INFO Added Monster [23995][341]
2023-03-27_23:04:01 INFO Added Monster [23996][341]
2023-03-27_23:04:01 INFO Added Monster [23997][341]
2023-03-27_23:04:01 INFO Added Monster [23998][340]
2023-03-27_23:04:01 INFO Added Monster [23999][341]
2023-03-27_23:04:01 INFO Added Monster [24000][341]
2023-03-27_23:04:01 INFO Added Monster [24001][341]
2023-03-27_23:04:01 INFO Added Monster [24002][344]
2023-03-27_23:04:02 INFO Added Monster [24003][344]
2023-03-27_23:04:02 INFO Added Monster [24004][345]
2023-03-27_23:04:02 INFO Added Monster [24005][345]
2023-03-27_23:04:02 INFO Added Monster [24006][345]
2023-03-27_23:04:02 INFO Added Monster [24007][340]
2023-03-27_23:04:02 INFO Added Monster [24008][344]
2023-03-27_23:04:02 INFO Added Monster [24009][348]
2023-03-27_23:04:02 INFO Added Monster [24010][348]
2023-03-27_23:04:02 INFO Added Monster [24011][340]
2023-03-27_23:04:02 INFO Added Monster [24012][341]
2023-03-27_23:04:02 INFO Added Monster [24013][341]
2023-03-27_23:04:02 INFO Added Monster [24014][341]
2023-03-27_23:04:02 INFO Added Monster [24015][341]
2023-03-27_23:04:02 INFO Added Monster [24016][341]
2023-03-27_23:04:02 INFO Added Monster [24017][340]
2023-03-27_23:04:02 INFO Added Monster [24018][341]
2023-03-27_23:04:02 INFO Added Monster [24019][341]
2023-03-27_23:04:02 INFO Added Monster [24020][341]
2023-03-27_23:04:02 INFO Added Monster [24021][341]
2023-03-27_23:04:02 INFO Added Monster [24022][341]
2023-03-27_23:04:02 INFO Added Monster [24023][340]
2023-03-27_23:04:02 INFO Added Monster [24024][341]
2023-03-27_23:04:02 INFO Added Monster [24025][341]
2023-03-27_23:04:02 INFO Added Monster [24026][341]
2023-03-27_23:04:02 INFO Added Monster [24027][344]
2023-03-27_23:04:02 INFO Added Monster [24028][344]
2023-03-27_23:04:02 INFO Added Monster [24029][345]
2023-03-27_23:04:02 INFO Added Monster [24030][345]
2023-03-27_23:04:02 INFO Added Monster [24031][345]
2023-03-27_23:04:02 INFO Added Monster [24032][340]
2023-03-27_23:04:02 INFO Added Monster [24033][344]
2023-03-27_23:04:02 INFO Added Monster [24034][348]
2023-03-27_23:04:02 INFO Added Monster [24035][348]
2023-03-27_23:04:02 INFO SetState_Ready()
2023-03-27_23:07:01 INFO Failed
2023-03-27_23:07:01 INFO SetState_End()
2023-03-27_23:07:16 INFO SetState_EndCycle()
2023-03-27_23:07:26 INFO SetState_None()
