2023-04-05_23:00:00 INFO SetState_Notify_1()
2023-04-05_23:02:00 INFO Added Monster [25279][340]
2023-04-05_23:02:00 INFO Added Monster [25280][341]
2023-04-05_23:02:00 INFO Added Monster [25281][341]
2023-04-05_23:02:00 INFO Added Monster [25282][341]
2023-04-05_23:02:00 INFO Added Monster [25283][341]
2023-04-05_23:02:00 INFO Added Monster [25284][341]
2023-04-05_23:02:00 INFO Added Monster [25285][340]
2023-04-05_23:02:00 INFO Added Monster [25286][341]
2023-04-05_23:02:00 INFO Added Monster [25287][341]
2023-04-05_23:02:00 INFO Added Monster [25288][341]
2023-04-05_23:02:00 INFO Added Monster [25289][341]
2023-04-05_23:02:00 INFO Added Monster [25290][341]
2023-04-05_23:02:00 INFO Added Monster [25291][340]
2023-04-05_23:02:00 INFO Added Monster [25292][341]
2023-04-05_23:02:00 INFO Added Monster [25293][341]
2023-04-05_23:02:00 INFO Added Monster [25294][341]
2023-04-05_23:02:00 INFO Added Monster [25295][344]
2023-04-05_23:02:00 INFO Added Monster [25296][344]
2023-04-05_23:02:00 INFO Added Monster [25297][345]
2023-04-05_23:02:00 INFO Added Monster [25298][345]
2023-04-05_23:02:00 INFO Added Monster [25299][345]
2023-04-05_23:02:00 INFO Added Monster [25300][340]
2023-04-05_23:02:00 INFO Added Monster [25301][344]
2023-04-05_23:02:00 INFO Added Monster [25302][348]
2023-04-05_23:02:00 INFO Added Monster [25303][348]
2023-04-05_23:02:00 INFO Added Monster [25304][340]
2023-04-05_23:02:01 INFO Added Monster [25305][341]
2023-04-05_23:02:01 INFO Added Monster [25306][341]
2023-04-05_23:02:01 INFO Added Monster [25307][341]
2023-04-05_23:02:01 INFO Added Monster [25308][341]
2023-04-05_23:02:01 INFO Added Monster [25309][341]
2023-04-05_23:02:01 INFO Added Monster [25310][340]
2023-04-05_23:02:02 INFO Added Monster [25311][341]
2023-04-05_23:02:02 INFO Added Monster [25312][341]
2023-04-05_23:02:02 INFO Added Monster [25313][341]
2023-04-05_23:02:02 INFO Added Monster [25314][341]
2023-04-05_23:02:03 INFO Added Monster [25315][341]
2023-04-05_23:02:03 INFO Added Monster [25316][340]
2023-04-05_23:02:03 INFO Added Monster [25317][341]
2023-04-05_23:02:03 INFO Added Monster [25318][341]
2023-04-05_23:02:03 INFO Added Monster [25319][341]
2023-04-05_23:02:03 INFO Added Monster [25320][344]
2023-04-05_23:02:04 INFO Added Monster [25321][344]
2023-04-05_23:02:04 INFO Added Monster [25322][345]
2023-04-05_23:02:04 INFO Added Monster [25323][345]
2023-04-05_23:02:04 INFO Added Monster [25324][345]
2023-04-05_23:02:05 INFO Added Monster [25325][340]
2023-04-05_23:02:05 INFO Added Monster [25326][344]
2023-04-05_23:02:05 INFO Added Monster [25327][348]
2023-04-05_23:02:05 INFO Added Monster [25328][348]
2023-04-05_23:02:05 INFO Added Monster [25329][340]
2023-04-05_23:02:05 INFO Added Monster [25330][341]
2023-04-05_23:02:05 INFO Added Monster [25331][341]
2023-04-05_23:02:06 INFO Added Monster [25332][341]
2023-04-05_23:02:06 INFO Added Monster [25333][341]
2023-04-05_23:02:06 INFO Added Monster [25334][341]
2023-04-05_23:02:06 INFO Added Monster [25335][340]
2023-04-05_23:02:07 INFO Added Monster [25336][341]
2023-04-05_23:02:07 INFO Added Monster [25337][341]
2023-04-05_23:02:07 INFO Added Monster [25338][341]
2023-04-05_23:02:07 INFO Added Monster [25339][341]
2023-04-05_23:02:07 INFO Added Monster [25340][341]
2023-04-05_23:02:08 INFO Added Monster [25341][340]
2023-04-05_23:02:08 INFO Added Monster [25342][341]
2023-04-05_23:02:08 INFO Added Monster [25343][341]
2023-04-05_23:02:08 INFO Added Monster [25344][341]
2023-04-05_23:02:08 INFO Added Monster [25345][344]
2023-04-05_23:02:09 INFO Added Monster [25346][344]
2023-04-05_23:02:09 INFO Added Monster [25347][345]
2023-04-05_23:02:09 INFO Added Monster [25348][345]
2023-04-05_23:02:09 INFO Added Monster [25349][345]
2023-04-05_23:02:09 INFO Added Monster [25350][340]
2023-04-05_23:02:10 INFO Added Monster [25351][344]
2023-04-05_23:02:10 INFO Added Monster [25352][348]
2023-04-05_23:02:10 INFO Added Monster [25353][348]
2023-04-05_23:02:10 INFO SetState_Ready()
2023-04-05_23:05:00 INFO Failed
2023-04-05_23:05:00 INFO SetState_End()
