2023-03-31_22:49:29 INFO SetState_None()
2023-03-31_23:00:00 INFO SetState_Notify_1()
2023-03-31_23:02:00 INFO Added Monster [20910][340]
2023-03-31_23:02:00 INFO Added Monster [20911][341]
2023-03-31_23:02:00 INFO Added Monster [20912][341]
2023-03-31_23:02:00 INFO Added Monster [20913][341]
2023-03-31_23:02:00 INFO Added Monster [20914][341]
2023-03-31_23:02:00 INFO Added Monster [20915][341]
2023-03-31_23:02:00 INFO Added Monster [20916][340]
2023-03-31_23:02:00 INFO Added Monster [20917][341]
2023-03-31_23:02:00 INFO Added Monster [20918][341]
2023-03-31_23:02:00 INFO Added Monster [20919][341]
2023-03-31_23:02:00 INFO Added Monster [20920][341]
2023-03-31_23:02:00 INFO Added Monster [20921][341]
2023-03-31_23:02:00 INFO Added Monster [20922][340]
2023-03-31_23:02:00 INFO Added Monster [20923][341]
2023-03-31_23:02:00 INFO Added Monster [20924][341]
2023-03-31_23:02:00 INFO Added Monster [20925][341]
2023-03-31_23:02:00 INFO Added Monster [20926][344]
2023-03-31_23:02:00 INFO Added Monster [20927][344]
2023-03-31_23:02:00 INFO Added Monster [20928][345]
2023-03-31_23:02:00 INFO Added Monster [20929][345]
2023-03-31_23:02:00 INFO Added Monster [20930][345]
2023-03-31_23:02:00 INFO Added Monster [20931][340]
2023-03-31_23:02:00 INFO Added Monster [20932][344]
2023-03-31_23:02:00 INFO Added Monster [20933][348]
2023-03-31_23:02:01 INFO Added Monster [20934][348]
2023-03-31_23:02:01 INFO Added Monster [20935][340]
2023-03-31_23:02:01 INFO Added Monster [20936][341]
2023-03-31_23:02:01 INFO Added Monster [20937][341]
2023-03-31_23:02:01 INFO Added Monster [20938][341]
2023-03-31_23:02:02 INFO Added Monster [20939][341]
2023-03-31_23:02:02 INFO Added Monster [20940][341]
2023-03-31_23:02:02 INFO Added Monster [20941][340]
2023-03-31_23:02:03 INFO Added Monster [20942][341]
2023-03-31_23:02:03 INFO Added Monster [20943][341]
2023-03-31_23:02:03 INFO Added Monster [20944][341]
2023-03-31_23:02:03 INFO Added Monster [20945][341]
2023-03-31_23:02:04 INFO Added Monster [20946][341]
2023-03-31_23:02:04 INFO Added Monster [20947][340]
2023-03-31_23:02:04 INFO Added Monster [20948][341]
2023-03-31_23:02:04 INFO Added Monster [20949][341]
2023-03-31_23:02:04 INFO Added Monster [20950][341]
2023-03-31_23:02:05 INFO Added Monster [20951][344]
2023-03-31_23:02:05 INFO Added Monster [20952][344]
2023-03-31_23:02:05 INFO Added Monster [20953][345]
2023-03-31_23:02:05 INFO Added Monster [20954][345]
2023-03-31_23:02:05 INFO Added Monster [20955][345]
2023-03-31_23:02:06 INFO Added Monster [20956][340]
2023-03-31_23:02:06 INFO Added Monster [20957][344]
2023-03-31_23:02:06 INFO Added Monster [20958][348]
2023-03-31_23:02:06 INFO Added Monster [20959][348]
2023-03-31_23:02:07 INFO Added Monster [20960][340]
2023-03-31_23:02:07 INFO Added Monster [20961][341]
2023-03-31_23:02:07 INFO Added Monster [20962][341]
2023-03-31_23:02:07 INFO Added Monster [20963][341]
2023-03-31_23:02:07 INFO Added Monster [20964][341]
2023-03-31_23:02:07 INFO Added Monster [20965][341]
2023-03-31_23:02:08 INFO Added Monster [20966][340]
2023-03-31_23:02:08 INFO Added Monster [20967][341]
2023-03-31_23:02:08 INFO Added Monster [20968][341]
2023-03-31_23:02:08 INFO Added Monster [20969][341]
2023-03-31_23:02:09 INFO Added Monster [20970][341]
2023-03-31_23:02:09 INFO Added Monster [20971][341]
2023-03-31_23:02:09 INFO Added Monster [20972][340]
2023-03-31_23:02:09 INFO Added Monster [20973][341]
2023-03-31_23:02:10 INFO Added Monster [20974][341]
2023-03-31_23:02:10 INFO Added Monster [20975][341]
2023-03-31_23:02:10 INFO Added Monster [20976][344]
2023-03-31_23:02:10 INFO Added Monster [20977][344]
2023-03-31_23:02:11 INFO Added Monster [20978][345]
2023-03-31_23:02:11 INFO Added Monster [20979][345]
2023-03-31_23:02:11 INFO Added Monster [20980][345]
2023-03-31_23:02:12 INFO Added Monster [20981][340]
2023-03-31_23:02:12 INFO Added Monster [20982][344]
2023-03-31_23:02:12 INFO Added Monster [20983][348]
2023-03-31_23:02:12 INFO Added Monster [20984][348]
2023-03-31_23:02:13 INFO SetState_Ready()
2023-03-31_23:05:00 INFO Failed
2023-03-31_23:05:00 INFO SetState_End()
2023-03-31_23:05:15 INFO SetState_None()
