2023-04-07_22:38:05 INFO [ Battle StandBy ] SetState_Start()
2023-04-07_22:38:05 INFO SetState_BattleStandBy()
2023-04-07_22:39:04 INFO [ Battle StandBy ] SetState_Notify()
2023-04-07_22:40:03 INFO [ Battle StandBy ] SetState_End()
2023-04-07_22:40:03 INFO [ Battle StandBy ] SetState_None()
2023-04-07_22:40:03 INFO [ Battle Maya ] SetState_StandBy_1()
2023-04-07_22:40:03 INFO SetState_BattleOfMaya()
2023-04-07_22:42:02 INFO [ Battle Maya ] SetState_Notify_1()
2023-04-07_22:42:02 INFO [ Battle Maya ] Failed. No users at state 2
2023-04-07_22:42:02 INFO [ Battle Maya ] SetState_End()
2023-04-07_22:42:04 INFO [ Battle Maya ] SetState_EndCycle()
2023-04-07_22:42:04 INFO [ Battle Maya ] SetState_None()
2023-04-07_22:42:04 INFO SetState_End()
2023-04-07_22:42:04 INFO SetState_None()
2023-04-07_22:42:04 INFO [ Battle StandBy ] SetState_Start()
2023-04-07_22:42:04 INFO SetState_BattleStandBy()
2023-04-07_22:43:03 INFO [ Battle StandBy ] SetState_Notify()
2023-04-07_22:44:02 INFO [ Battle StandBy ] SetState_End()
2023-04-07_22:44:03 INFO [ Battle StandBy ] SetState_None()
2023-04-07_22:44:03 INFO [ Battle Maya ] SetState_StandBy_1()
2023-04-07_22:44:03 INFO SetState_BattleOfMaya()
2023-04-07_22:46:02 INFO [ Battle Maya ] SetState_Notify_1()
2023-04-07_22:46:02 INFO [ Battle Maya ] Failed. No users at state 2
2023-04-07_22:46:02 INFO [ Battle Maya ] SetState_End()
2023-04-07_22:46:04 INFO [ Battle Maya ] SetState_EndCycle()
2023-04-07_22:46:04 INFO [ Battle Maya ] SetState_None()
2023-04-07_22:46:04 INFO SetState_End()
2023-04-07_22:46:04 INFO SetState_None()
2023-04-07_22:46:04 INFO [ Battle StandBy ] SetState_Start()
2023-04-07_22:46:04 INFO SetState_BattleStandBy()
2023-04-07_22:47:03 INFO [ Battle StandBy ] SetState_Notify()
2023-04-07_22:48:02 INFO [ Battle StandBy ] SetState_End()
2023-04-07_22:48:02 INFO [ Battle StandBy ] SetState_None()
2023-04-07_22:48:02 INFO [ Battle Maya ] SetState_StandBy_1()
2023-04-07_22:48:02 INFO SetState_BattleOfMaya()
2023-04-07_22:50:01 INFO [ Battle Maya ] SetState_Notify_1()
2023-04-07_22:50:01 INFO [ Battle Maya ] Failed. No users at state 2
2023-04-07_22:50:01 INFO [ Battle Maya ] SetState_End()
2023-04-07_22:50:03 INFO [ Battle Maya ] SetState_EndCycle()
2023-04-07_22:50:03 INFO [ Battle Maya ] SetState_None()
2023-04-07_22:50:03 INFO SetState_End()
2023-04-07_22:50:03 INFO SetState_None()
2023-04-07_22:50:03 INFO [ Battle StandBy ] SetState_Start()
2023-04-07_22:50:03 INFO SetState_BattleStandBy()
2023-04-07_22:51:02 INFO [ Battle StandBy ] SetState_Notify()
2023-04-07_22:52:01 INFO [ Battle StandBy ] SetState_End()
2023-04-07_22:52:01 INFO [ Battle StandBy ] SetState_None()
2023-04-07_22:52:01 INFO [ Battle Maya ] SetState_StandBy_1()
2023-04-07_22:52:01 INFO SetState_BattleOfMaya()
2023-04-07_22:54:00 INFO [ Battle Maya ] SetState_Notify_1()
2023-04-07_22:54:00 INFO [ Battle Maya ] Failed. No users at state 2
2023-04-07_22:54:00 INFO [ Battle Maya ] SetState_End()
2023-04-07_22:54:02 INFO [ Battle Maya ] SetState_EndCycle()
2023-04-07_22:54:02 INFO [ Battle Maya ] SetState_None()
2023-04-07_22:54:02 INFO SetState_End()
2023-04-07_22:54:02 INFO SetState_None()
2023-04-07_22:54:02 INFO [ Battle StandBy ] SetState_Start()
2023-04-07_22:54:02 INFO SetState_BattleStandBy()
2023-04-07_22:55:01 INFO [ Battle StandBy ] SetState_Notify()
2023-04-07_22:56:01 INFO [ Battle StandBy ] SetState_End()
2023-04-07_22:56:01 INFO [ Battle StandBy ] SetState_None()
2023-04-07_22:56:01 INFO [ Battle Maya ] SetState_StandBy_1()
2023-04-07_22:56:01 INFO SetState_BattleOfMaya()
2023-04-07_22:58:00 INFO [ Battle Maya ] SetState_Notify_1()
2023-04-07_22:58:00 INFO [ Battle Maya ] Failed. No users at state 2
2023-04-07_22:58:00 INFO [ Battle Maya ] SetState_End()
2023-04-07_22:58:02 INFO [ Battle Maya ] SetState_EndCycle()
2023-04-07_22:58:02 INFO [ Battle Maya ] SetState_None()
2023-04-07_22:58:02 INFO SetState_End()
2023-04-07_22:58:02 INFO SetState_None()
2023-04-07_22:58:02 INFO [ Battle StandBy ] SetState_Start()
2023-04-07_22:58:02 INFO SetState_BattleStandBy()
2023-04-07_22:59:01 INFO [ Battle StandBy ] SetState_Notify()
2023-04-07_23:00:00 INFO [ Battle StandBy ] SetState_End()
2023-04-07_23:00:00 INFO [ Battle StandBy ] SetState_None()
2023-04-07_23:00:00 INFO [ Battle Maya ] SetState_StandBy_1()
2023-04-07_23:00:00 INFO SetState_BattleOfMaya()
2023-04-07_23:01:59 INFO [ Battle Maya ] SetState_Notify_1()
2023-04-07_23:01:59 INFO [ Battle Maya ] Failed. No users at state 2
2023-04-07_23:01:59 INFO [ Battle Maya ] SetState_End()
2023-04-07_23:02:15 INFO [ Battle Maya ] SetState_EndCycle()
2023-04-07_23:02:16 INFO [ Battle Maya ] SetState_None()
2023-04-07_23:02:16 INFO SetState_End()
2023-04-07_23:02:16 INFO SetState_None()
2023-04-07_23:02:16 INFO [ Battle StandBy ] SetState_Start()
2023-04-07_23:02:17 INFO SetState_BattleStandBy()
2023-04-07_23:03:15 INFO [ Battle StandBy ] SetState_Notify()
2023-04-07_23:04:15 INFO [ Battle StandBy ] SetState_End()
2023-04-07_23:04:15 INFO [ Battle StandBy ] SetState_None()
2023-04-07_23:04:15 INFO [ Battle Maya ] SetState_StandBy_1()
2023-04-07_23:04:15 INFO SetState_BattleOfMaya()
2023-04-07_23:06:14 INFO [ Battle Maya ] SetState_Notify_1()
2023-04-07_23:06:14 INFO [ Battle Maya ] Failed. No users at state 2
2023-04-07_23:06:14 INFO [ Battle Maya ] SetState_End()
2023-04-07_23:06:16 INFO [ Battle Maya ] SetState_EndCycle()
2023-04-07_23:06:16 INFO [ Battle Maya ] SetState_None()
2023-04-07_23:06:16 INFO SetState_End()
2023-04-07_23:06:16 INFO SetState_None()
2023-04-07_23:06:16 INFO [ Battle StandBy ] SetState_Start()
2023-04-07_23:06:16 INFO SetState_BattleStandBy()
2023-04-07_23:07:15 INFO [ Battle StandBy ] SetState_Notify()
2023-04-07_23:08:14 INFO [ Battle StandBy ] SetState_End()
2023-04-07_23:08:14 INFO [ Battle StandBy ] SetState_None()
2023-04-07_23:08:14 INFO [ Battle Maya ] SetState_StandBy_1()
2023-04-07_23:08:14 INFO SetState_BattleOfMaya()
2023-04-07_23:10:13 INFO [ Battle Maya ] SetState_Notify_1()
2023-04-07_23:10:13 INFO [ Battle Maya ] Failed. No users at state 2
2023-04-07_23:10:13 INFO [ Battle Maya ] SetState_End()
2023-04-07_23:10:15 INFO [ Battle Maya ] SetState_EndCycle()
2023-04-07_23:10:15 INFO [ Battle Maya ] SetState_None()
2023-04-07_23:10:15 INFO SetState_End()
2023-04-07_23:10:15 INFO SetState_None()
2023-04-07_23:10:15 INFO [ Battle StandBy ] SetState_Start()
2023-04-07_23:10:15 INFO SetState_BattleStandBy()
2023-04-07_23:11:14 INFO [ Battle StandBy ] SetState_Notify()
2023-04-07_23:12:13 INFO [ Battle StandBy ] SetState_End()
2023-04-07_23:12:13 INFO [ Battle StandBy ] SetState_None()
2023-04-07_23:12:13 INFO [ Battle Maya ] SetState_StandBy_1()
2023-04-07_23:12:13 INFO SetState_BattleOfMaya()
2023-04-07_23:14:12 INFO [ Battle Maya ] SetState_Notify_1()
2023-04-07_23:14:12 INFO [ Battle Maya ] Failed. No users at state 2
2023-04-07_23:14:12 INFO [ Battle Maya ] SetState_End()
2023-04-07_23:14:14 INFO [ Battle Maya ] SetState_EndCycle()
2023-04-07_23:14:14 INFO [ Battle Maya ] SetState_None()
2023-04-07_23:14:14 INFO SetState_End()
2023-04-07_23:14:14 INFO SetState_None()
2023-04-07_23:14:14 INFO [ Battle StandBy ] SetState_Start()
2023-04-07_23:14:14 INFO SetState_BattleStandBy()
2023-04-07_23:15:13 INFO [ Battle StandBy ] SetState_Notify()
2023-04-07_23:16:13 INFO [ Battle StandBy ] SetState_End()
2023-04-07_23:16:13 INFO [ Battle StandBy ] SetState_None()
2023-04-07_23:16:13 INFO [ Battle Maya ] SetState_StandBy_1()
2023-04-07_23:16:13 INFO SetState_BattleOfMaya()
2023-04-07_23:18:12 INFO [ Battle Maya ] SetState_Notify_1()
2023-04-07_23:18:12 INFO [ Battle Maya ] Failed. No users at state 2
2023-04-07_23:18:12 INFO [ Battle Maya ] SetState_End()
2023-04-07_23:18:14 INFO [ Battle Maya ] SetState_EndCycle()
2023-04-07_23:18:14 INFO [ Battle Maya ] SetState_None()
2023-04-07_23:18:14 INFO SetState_End()
2023-04-07_23:18:14 INFO SetState_None()
2023-04-07_23:18:14 INFO [ Battle StandBy ] SetState_Start()
2023-04-07_23:18:14 INFO SetState_BattleStandBy()
2023-04-07_23:19:13 INFO [ Battle StandBy ] SetState_Notify()
2023-04-07_23:20:12 INFO [ Battle StandBy ] SetState_End()
2023-04-07_23:20:12 INFO [ Battle StandBy ] SetState_None()
2023-04-07_23:20:12 INFO [ Battle Maya ] SetState_StandBy_1()
2023-04-07_23:20:12 INFO SetState_BattleOfMaya()
2023-04-07_23:22:11 INFO [ Battle Maya ] SetState_Notify_1()
2023-04-07_23:22:11 INFO [ Battle Maya ] Failed. No users at state 2
2023-04-07_23:22:11 INFO [ Battle Maya ] SetState_End()
2023-04-07_23:22:13 INFO [ Battle Maya ] SetState_EndCycle()
2023-04-07_23:22:13 INFO [ Battle Maya ] SetState_None()
2023-04-07_23:22:13 INFO SetState_End()
2023-04-07_23:22:13 INFO SetState_None()
2023-04-07_23:22:13 INFO [ Battle StandBy ] SetState_Start()
2023-04-07_23:22:13 INFO SetState_BattleStandBy()
2023-04-07_23:23:12 INFO [ Battle StandBy ] SetState_Notify()
2023-04-07_23:24:11 INFO [ Battle StandBy ] SetState_End()
2023-04-07_23:24:11 INFO [ Battle StandBy ] SetState_None()
2023-04-07_23:24:11 INFO [ Battle Maya ] SetState_StandBy_1()
2023-04-07_23:24:11 INFO SetState_BattleOfMaya()
2023-04-07_23:26:10 INFO [ Battle Maya ] SetState_Notify_1()
2023-04-07_23:26:10 INFO [ Battle Maya ] Failed. No users at state 2
2023-04-07_23:26:10 INFO [ Battle Maya ] SetState_End()
2023-04-07_23:26:12 INFO [ Battle Maya ] SetState_EndCycle()
2023-04-07_23:26:12 INFO [ Battle Maya ] SetState_None()
2023-04-07_23:26:12 INFO SetState_End()
2023-04-07_23:26:12 INFO SetState_None()
2023-04-07_23:26:12 INFO [ Battle StandBy ] SetState_Start()
2023-04-07_23:26:12 INFO SetState_BattleStandBy()
2023-04-07_23:27:11 INFO [ Battle StandBy ] SetState_Notify()
2023-04-07_23:28:11 INFO [ Battle StandBy ] SetState_End()
2023-04-07_23:28:11 INFO [ Battle StandBy ] SetState_None()
2023-04-07_23:28:11 INFO [ Battle Maya ] SetState_StandBy_1()
2023-04-07_23:28:11 INFO SetState_BattleOfMaya()
2023-04-07_23:30:10 INFO [ Battle Maya ] SetState_Notify_1()
2023-04-07_23:30:10 INFO [ Battle Maya ] Failed. No users at state 2
2023-04-07_23:30:10 INFO [ Battle Maya ] SetState_End()
2023-04-07_23:30:12 INFO [ Battle Maya ] SetState_EndCycle()
2023-04-07_23:30:12 INFO [ Battle Maya ] SetState_None()
2023-04-07_23:30:12 INFO SetState_End()
2023-04-07_23:30:12 INFO SetState_None()
2023-04-07_23:30:12 INFO [ Battle StandBy ] SetState_Start()
2023-04-07_23:30:12 INFO SetState_BattleStandBy()
2023-04-07_23:31:11 INFO [ Battle StandBy ] SetState_Notify()
2023-04-07_23:32:10 INFO [ Battle StandBy ] SetState_End()
2023-04-07_23:32:10 INFO [ Battle StandBy ] SetState_None()
2023-04-07_23:32:10 INFO [ Battle Maya ] SetState_StandBy_1()
2023-04-07_23:32:10 INFO SetState_BattleOfMaya()
2023-04-07_23:34:09 INFO [ Battle Maya ] SetState_Notify_1()
2023-04-07_23:34:09 INFO [ Battle Maya ] Failed. No users at state 2
2023-04-07_23:34:09 INFO [ Battle Maya ] SetState_End()
2023-04-07_23:34:11 INFO [ Battle Maya ] SetState_EndCycle()
2023-04-07_23:34:11 INFO [ Battle Maya ] SetState_None()
2023-04-07_23:34:11 INFO SetState_End()
2023-04-07_23:34:11 INFO SetState_None()
2023-04-07_23:34:11 INFO [ Battle StandBy ] SetState_Start()
2023-04-07_23:34:11 INFO SetState_BattleStandBy()
2023-04-07_23:35:10 INFO [ Battle StandBy ] SetState_Notify()
2023-04-07_23:36:09 INFO [ Battle StandBy ] SetState_End()
2023-04-07_23:36:09 INFO [ Battle StandBy ] SetState_None()
2023-04-07_23:36:09 INFO [ Battle Maya ] SetState_StandBy_1()
2023-04-07_23:36:09 INFO SetState_BattleOfMaya()
2023-04-07_23:38:08 INFO [ Battle Maya ] SetState_Notify_1()
2023-04-07_23:38:08 INFO [ Battle Maya ] Failed. No users at state 2
2023-04-07_23:38:08 INFO [ Battle Maya ] SetState_End()
2023-04-07_23:38:10 INFO [ Battle Maya ] SetState_EndCycle()
2023-04-07_23:38:10 INFO [ Battle Maya ] SetState_None()
2023-04-07_23:38:11 INFO SetState_End()
2023-04-07_23:38:11 INFO SetState_None()
2023-04-07_23:38:11 INFO [ Battle StandBy ] SetState_Start()
2023-04-07_23:38:11 INFO SetState_BattleStandBy()
2023-04-07_23:39:10 INFO [ Battle StandBy ] SetState_Notify()
2023-04-07_23:40:09 INFO [ Battle StandBy ] SetState_End()
2023-04-07_23:40:09 INFO [ Battle StandBy ] SetState_None()
2023-04-07_23:40:09 INFO [ Battle Maya ] SetState_StandBy_1()
2023-04-07_23:40:09 INFO SetState_BattleOfMaya()
2023-04-07_23:42:08 INFO [ Battle Maya ] SetState_Notify_1()
2023-04-07_23:42:08 INFO [ Battle Maya ] Failed. No users at state 2
2023-04-07_23:42:08 INFO [ Battle Maya ] SetState_End()
2023-04-07_23:42:10 INFO [ Battle Maya ] SetState_EndCycle()
2023-04-07_23:42:10 INFO [ Battle Maya ] SetState_None()
2023-04-07_23:42:10 INFO SetState_End()
2023-04-07_23:42:10 INFO SetState_None()
2023-04-07_23:42:10 INFO [ Battle StandBy ] SetState_Start()
2023-04-07_23:42:10 INFO SetState_BattleStandBy()
2023-04-07_23:43:09 INFO [ Battle StandBy ] SetState_Notify()
2023-04-07_23:44:08 INFO [ Battle StandBy ] SetState_End()
2023-04-07_23:44:08 INFO [ Battle StandBy ] SetState_None()
2023-04-07_23:44:08 INFO [ Battle Maya ] SetState_StandBy_1()
2023-04-07_23:44:08 INFO SetState_BattleOfMaya()
2023-04-07_23:46:07 INFO [ Battle Maya ] SetState_Notify_1()
2023-04-07_23:46:07 INFO [ Battle Maya ] Failed. No users at state 2
2023-04-07_23:46:07 INFO [ Battle Maya ] SetState_End()
2023-04-07_23:46:09 INFO [ Battle Maya ] SetState_EndCycle()
2023-04-07_23:46:09 INFO [ Battle Maya ] SetState_None()
2023-04-07_23:46:09 INFO SetState_End()
2023-04-07_23:46:09 INFO SetState_None()
2023-04-07_23:46:09 INFO [ Battle StandBy ] SetState_Start()
2023-04-07_23:46:09 INFO SetState_BattleStandBy()
2023-04-07_23:47:08 INFO [ Battle StandBy ] SetState_Notify()
2023-04-07_23:48:07 INFO [ Battle StandBy ] SetState_End()
2023-04-07_23:48:07 INFO [ Battle StandBy ] SetState_None()
2023-04-07_23:48:07 INFO [ Battle Maya ] SetState_StandBy_1()
2023-04-07_23:48:07 INFO SetState_BattleOfMaya()
2023-04-07_23:50:06 INFO [ Battle Maya ] SetState_Notify_1()
2023-04-07_23:50:06 INFO [ Battle Maya ] Failed. No users at state 2
2023-04-07_23:50:06 INFO [ Battle Maya ] SetState_End()
2023-04-07_23:50:09 INFO [ Battle Maya ] SetState_EndCycle()
2023-04-07_23:50:09 INFO [ Battle Maya ] SetState_None()
2023-04-07_23:50:09 INFO SetState_End()
2023-04-07_23:50:09 INFO SetState_None()
2023-04-07_23:50:09 INFO [ Battle StandBy ] SetState_Start()
2023-04-07_23:50:09 INFO SetState_BattleStandBy()
2023-04-07_23:51:08 INFO [ Battle StandBy ] SetState_Notify()
2023-04-07_23:52:07 INFO [ Battle StandBy ] SetState_End()
2023-04-07_23:52:07 INFO [ Battle StandBy ] SetState_None()
2023-04-07_23:52:07 INFO [ Battle Maya ] SetState_StandBy_1()
2023-04-07_23:52:07 INFO SetState_BattleOfMaya()
2023-04-07_23:54:06 INFO [ Battle Maya ] SetState_Notify_1()
2023-04-07_23:54:06 INFO [ Battle Maya ] Failed. No users at state 2
2023-04-07_23:54:06 INFO [ Battle Maya ] SetState_End()
2023-04-07_23:54:08 INFO [ Battle Maya ] SetState_EndCycle()
2023-04-07_23:54:08 INFO [ Battle Maya ] SetState_None()
2023-04-07_23:54:08 INFO SetState_End()
2023-04-07_23:54:08 INFO SetState_None()
2023-04-07_23:54:08 INFO [ Battle StandBy ] SetState_Start()
2023-04-07_23:54:08 INFO SetState_BattleStandBy()
2023-04-07_23:55:07 INFO [ Battle StandBy ] SetState_Notify()
2023-04-07_23:56:06 INFO [ Battle StandBy ] SetState_End()
2023-04-07_23:56:06 INFO [ Battle StandBy ] SetState_None()
2023-04-07_23:56:06 INFO [ Battle Maya ] SetState_StandBy_1()
2023-04-07_23:56:06 INFO SetState_BattleOfMaya()
2023-04-07_23:58:05 INFO [ Battle Maya ] SetState_Notify_1()
2023-04-07_23:58:05 INFO [ Battle Maya ] Failed. No users at state 2
2023-04-07_23:58:05 INFO [ Battle Maya ] SetState_End()
2023-04-07_23:58:07 INFO [ Battle Maya ] SetState_EndCycle()
2023-04-07_23:58:07 INFO [ Battle Maya ] SetState_None()
2023-04-07_23:58:07 INFO SetState_End()
2023-04-07_23:58:07 INFO SetState_None()
2023-04-07_23:58:07 INFO [ Battle StandBy ] SetState_Start()
2023-04-07_23:58:07 INFO SetState_BattleStandBy()
2023-04-07_23:59:06 INFO [ Battle StandBy ] SetState_Notify()
2023-04-08_00:00:06 INFO [ Battle StandBy ] SetState_End()
2023-04-08_00:00:06 INFO [ Battle StandBy ] SetState_None()
2023-04-08_00:00:06 INFO [ Battle Maya ] SetState_StandBy_1()
2023-04-08_00:00:06 INFO SetState_BattleOfMaya()
