2023-03-31_22:49:31 INFO [ Battle StandBy ] SetState_Start()
2023-03-31_22:49:31 INFO SetState_BattleStandBy()
2023-03-31_22:50:31 INFO [ Battle StandBy ] SetState_Notify()
2023-03-31_22:51:30 INFO [ Battle StandBy ] SetState_End()
2023-03-31_22:51:30 INFO [ Battle StandBy ] SetState_None()
2023-03-31_22:51:30 INFO [ Battle Maya ] SetState_StandBy_1()
2023-03-31_22:51:30 INFO SetState_BattleOfMaya()
2023-03-31_22:53:29 INFO [ Battle Maya ] SetState_Notify_1()
2023-03-31_22:53:29 INFO [ Battle Maya ] Failed. No users at state 2
2023-03-31_22:53:29 INFO [ Battle Maya ] SetState_End()
2023-03-31_22:53:31 INFO [ Battle Maya ] SetState_EndCycle()
2023-03-31_22:53:31 INFO [ Battle Maya ] SetState_None()
2023-03-31_22:53:31 INFO SetState_End()
2023-03-31_22:53:31 INFO SetState_None()
2023-03-31_22:53:31 INFO [ Battle StandBy ] SetState_Start()
2023-03-31_22:53:31 INFO SetState_BattleStandBy()
2023-03-31_22:54:30 INFO [ Battle StandBy ] SetState_Notify()
2023-03-31_22:55:29 INFO [ Battle StandBy ] SetState_End()
2023-03-31_22:55:29 INFO [ Battle StandBy ] SetState_None()
2023-03-31_22:55:29 INFO [ Battle Maya ] SetState_StandBy_1()
2023-03-31_22:55:29 INFO SetState_BattleOfMaya()
2023-03-31_22:57:28 INFO [ Battle Maya ] SetState_Notify_1()
2023-03-31_22:57:28 INFO [ Battle Maya ] Failed. No users at state 2
2023-03-31_22:57:28 INFO [ Battle Maya ] SetState_End()
2023-03-31_22:57:30 INFO [ Battle Maya ] SetState_EndCycle()
2023-03-31_22:57:30 INFO [ Battle Maya ] SetState_None()
2023-03-31_22:57:30 INFO SetState_End()
2023-03-31_22:57:30 INFO SetState_None()
2023-03-31_22:57:30 INFO [ Battle StandBy ] SetState_Start()
2023-03-31_22:57:30 INFO SetState_BattleStandBy()
2023-03-31_22:58:29 INFO [ Battle StandBy ] SetState_Notify()
2023-03-31_22:59:28 INFO [ Battle StandBy ] SetState_End()
2023-03-31_22:59:28 INFO [ Battle StandBy ] SetState_None()
2023-03-31_22:59:28 INFO [ Battle Maya ] SetState_StandBy_1()
2023-03-31_22:59:28 INFO SetState_BattleOfMaya()
2023-03-31_23:01:27 INFO [ Battle Maya ] SetState_Notify_1()
2023-03-31_23:01:27 INFO [ Battle Maya ] Failed. No users at state 2
2023-03-31_23:01:27 INFO [ Battle Maya ] SetState_End()
2023-03-31_23:01:29 INFO [ Battle Maya ] SetState_EndCycle()
2023-03-31_23:01:29 INFO [ Battle Maya ] SetState_None()
2023-03-31_23:01:29 INFO SetState_End()
2023-03-31_23:01:30 INFO SetState_None()
2023-03-31_23:01:30 INFO [ Battle StandBy ] SetState_Start()
2023-03-31_23:01:30 INFO SetState_BattleStandBy()
2023-03-31_23:02:29 INFO [ Battle StandBy ] SetState_Notify()
2023-03-31_23:03:28 INFO [ Battle StandBy ] SetState_End()
2023-03-31_23:03:28 INFO [ Battle StandBy ] SetState_None()
2023-03-31_23:03:28 INFO [ Battle Maya ] SetState_StandBy_1()
2023-03-31_23:03:28 INFO SetState_BattleOfMaya()
2023-03-31_23:05:27 INFO [ Battle Maya ] SetState_Notify_1()
2023-03-31_23:05:27 INFO [ Battle Maya ] Failed. No users at state 2
2023-03-31_23:05:27 INFO [ Battle Maya ] SetState_End()
2023-03-31_23:05:29 INFO [ Battle Maya ] SetState_EndCycle()
2023-03-31_23:05:29 INFO [ Battle Maya ] SetState_None()
2023-03-31_23:05:29 INFO SetState_End()
2023-03-31_23:05:29 INFO SetState_None()
2023-03-31_23:05:29 INFO [ Battle StandBy ] SetState_Start()
2023-03-31_23:05:29 INFO SetState_BattleStandBy()
2023-03-31_23:06:28 INFO [ Battle StandBy ] SetState_Notify()
2023-03-31_23:07:27 INFO [ Battle StandBy ] SetState_End()
2023-03-31_23:07:27 INFO [ Battle StandBy ] SetState_None()
2023-03-31_23:07:27 INFO [ Battle Maya ] SetState_StandBy_1()
2023-03-31_23:07:27 INFO SetState_BattleOfMaya()
2023-03-31_23:09:26 INFO [ Battle Maya ] SetState_Notify_1()
2023-03-31_23:09:26 INFO [ Battle Maya ] Failed. No users at state 2
2023-03-31_23:09:26 INFO [ Battle Maya ] SetState_End()
2023-03-31_23:09:28 INFO [ Battle Maya ] SetState_EndCycle()
2023-03-31_23:09:28 INFO [ Battle Maya ] SetState_None()
2023-03-31_23:09:28 INFO SetState_End()
2023-03-31_23:09:28 INFO SetState_None()
2023-03-31_23:09:28 INFO [ Battle StandBy ] SetState_Start()
2023-03-31_23:09:28 INFO SetState_BattleStandBy()
2023-03-31_23:10:27 INFO [ Battle StandBy ] SetState_Notify()
2023-03-31_23:11:26 INFO [ Battle StandBy ] SetState_End()
2023-03-31_23:11:26 INFO [ Battle StandBy ] SetState_None()
2023-03-31_23:11:26 INFO [ Battle Maya ] SetState_StandBy_1()
2023-03-31_23:11:26 INFO SetState_BattleOfMaya()
2023-03-31_23:13:25 INFO [ Battle Maya ] SetState_Notify_1()
2023-03-31_23:13:25 INFO [ Battle Maya ] Failed. No users at state 2
2023-03-31_23:13:25 INFO [ Battle Maya ] SetState_End()
2023-03-31_23:13:27 INFO [ Battle Maya ] SetState_EndCycle()
2023-03-31_23:13:28 INFO [ Battle Maya ] SetState_None()
2023-03-31_23:13:28 INFO SetState_End()
2023-03-31_23:13:28 INFO SetState_None()
2023-03-31_23:13:28 INFO [ Battle StandBy ] SetState_Start()
2023-03-31_23:13:28 INFO SetState_BattleStandBy()
2023-03-31_23:14:27 INFO [ Battle StandBy ] SetState_Notify()
2023-03-31_23:15:26 INFO [ Battle StandBy ] SetState_End()
2023-03-31_23:15:26 INFO [ Battle StandBy ] SetState_None()
2023-03-31_23:15:26 INFO [ Battle Maya ] SetState_StandBy_1()
2023-03-31_23:15:26 INFO SetState_BattleOfMaya()
2023-03-31_23:17:25 INFO [ Battle Maya ] SetState_Notify_1()
2023-03-31_23:17:25 INFO [ Battle Maya ] Failed. No users at state 2
2023-03-31_23:17:25 INFO [ Battle Maya ] SetState_End()
2023-03-31_23:17:27 INFO [ Battle Maya ] SetState_EndCycle()
2023-03-31_23:17:27 INFO [ Battle Maya ] SetState_None()
2023-03-31_23:17:27 INFO SetState_End()
2023-03-31_23:17:27 INFO SetState_None()
2023-03-31_23:17:27 INFO [ Battle StandBy ] SetState_Start()
2023-03-31_23:17:27 INFO SetState_BattleStandBy()
2023-03-31_23:18:26 INFO [ Battle StandBy ] SetState_Notify()
2023-03-31_23:19:25 INFO [ Battle StandBy ] SetState_End()
2023-03-31_23:19:25 INFO [ Battle StandBy ] SetState_None()
2023-03-31_23:19:25 INFO [ Battle Maya ] SetState_StandBy_1()
2023-03-31_23:19:25 INFO SetState_BattleOfMaya()
2023-03-31_23:21:24 INFO [ Battle Maya ] SetState_Notify_1()
2023-03-31_23:21:24 INFO [ Battle Maya ] Failed. No users at state 2
2023-03-31_23:21:24 INFO [ Battle Maya ] SetState_End()
2023-03-31_23:21:26 INFO [ Battle Maya ] SetState_EndCycle()
2023-03-31_23:21:26 INFO [ Battle Maya ] SetState_None()
2023-03-31_23:21:26 INFO SetState_End()
2023-03-31_23:21:26 INFO SetState_None()
2023-03-31_23:21:26 INFO [ Battle StandBy ] SetState_Start()
2023-03-31_23:21:26 INFO SetState_BattleStandBy()
2023-03-31_23:22:25 INFO [ Battle StandBy ] SetState_Notify()
2023-03-31_23:23:24 INFO [ Battle StandBy ] SetState_End()
2023-03-31_23:23:24 INFO [ Battle StandBy ] SetState_None()
2023-03-31_23:23:24 INFO [ Battle Maya ] SetState_StandBy_1()
2023-03-31_23:23:24 INFO SetState_BattleOfMaya()
2023-03-31_23:25:23 INFO [ Battle Maya ] SetState_Notify_1()
2023-03-31_23:25:23 INFO [ Battle Maya ] Failed. No users at state 2
2023-03-31_23:25:24 INFO [ Battle Maya ] SetState_End()
2023-03-31_23:25:26 INFO [ Battle Maya ] SetState_EndCycle()
2023-03-31_23:25:26 INFO [ Battle Maya ] SetState_None()
2023-03-31_23:25:26 INFO SetState_End()
2023-03-31_23:25:26 INFO SetState_None()
2023-03-31_23:25:26 INFO [ Battle StandBy ] SetState_Start()
2023-03-31_23:25:26 INFO SetState_BattleStandBy()
2023-03-31_23:26:25 INFO [ Battle StandBy ] SetState_Notify()
2023-03-31_23:27:24 INFO [ Battle StandBy ] SetState_End()
2023-03-31_23:27:24 INFO [ Battle StandBy ] SetState_None()
2023-03-31_23:27:24 INFO [ Battle Maya ] SetState_StandBy_1()
2023-03-31_23:27:24 INFO SetState_BattleOfMaya()
2023-03-31_23:29:23 INFO [ Battle Maya ] SetState_Notify_1()
2023-03-31_23:29:23 INFO [ Battle Maya ] Failed. No users at state 2
2023-03-31_23:29:23 INFO [ Battle Maya ] SetState_End()
2023-03-31_23:29:25 INFO [ Battle Maya ] SetState_EndCycle()
2023-03-31_23:29:25 INFO [ Battle Maya ] SetState_None()
2023-03-31_23:29:25 INFO SetState_End()
2023-03-31_23:29:25 INFO SetState_None()
2023-03-31_23:29:25 INFO [ Battle StandBy ] SetState_Start()
2023-03-31_23:29:25 INFO SetState_BattleStandBy()
2023-03-31_23:30:24 INFO [ Battle StandBy ] SetState_Notify()
2023-03-31_23:31:23 INFO [ Battle StandBy ] SetState_End()
2023-03-31_23:31:23 INFO [ Battle StandBy ] SetState_None()
2023-03-31_23:31:23 INFO [ Battle Maya ] SetState_StandBy_1()
2023-03-31_23:31:23 INFO SetState_BattleOfMaya()
2023-03-31_23:33:22 INFO [ Battle Maya ] SetState_Notify_1()
2023-03-31_23:33:22 INFO [ Battle Maya ] Failed. No users at state 2
2023-03-31_23:33:22 INFO [ Battle Maya ] SetState_End()
2023-03-31_23:33:24 INFO [ Battle Maya ] SetState_EndCycle()
2023-03-31_23:33:24 INFO [ Battle Maya ] SetState_None()
2023-03-31_23:33:24 INFO SetState_End()
2023-03-31_23:33:24 INFO SetState_None()
2023-03-31_23:33:24 INFO [ Battle StandBy ] SetState_Start()
2023-03-31_23:33:24 INFO SetState_BattleStandBy()
2023-03-31_23:34:23 INFO [ Battle StandBy ] SetState_Notify()
2023-03-31_23:35:22 INFO [ Battle StandBy ] SetState_End()
2023-03-31_23:35:23 INFO [ Battle StandBy ] SetState_None()
2023-03-31_23:35:23 INFO [ Battle Maya ] SetState_StandBy_1()
2023-03-31_23:35:23 INFO SetState_BattleOfMaya()
2023-03-31_23:37:22 INFO [ Battle Maya ] SetState_Notify_1()
2023-03-31_23:37:22 INFO [ Battle Maya ] Failed. No users at state 2
2023-03-31_23:37:22 INFO [ Battle Maya ] SetState_End()
2023-03-31_23:37:24 INFO [ Battle Maya ] SetState_EndCycle()
2023-03-31_23:37:24 INFO [ Battle Maya ] SetState_None()
2023-03-31_23:37:24 INFO SetState_End()
2023-03-31_23:37:24 INFO SetState_None()
2023-03-31_23:37:24 INFO [ Battle StandBy ] SetState_Start()
2023-03-31_23:37:24 INFO SetState_BattleStandBy()
2023-03-31_23:38:23 INFO [ Battle StandBy ] SetState_Notify()
2023-03-31_23:39:22 INFO [ Battle StandBy ] SetState_End()
2023-03-31_23:39:22 INFO [ Battle StandBy ] SetState_None()
2023-03-31_23:39:22 INFO [ Battle Maya ] SetState_StandBy_1()
2023-03-31_23:39:22 INFO SetState_BattleOfMaya()
2023-03-31_23:41:21 INFO [ Battle Maya ] SetState_Notify_1()
2023-03-31_23:41:21 INFO [ Battle Maya ] Failed. No users at state 2
2023-03-31_23:41:21 INFO [ Battle Maya ] SetState_End()
2023-03-31_23:41:23 INFO [ Battle Maya ] SetState_EndCycle()
2023-03-31_23:41:23 INFO [ Battle Maya ] SetState_None()
2023-03-31_23:41:23 INFO SetState_End()
2023-03-31_23:41:23 INFO SetState_None()
2023-03-31_23:41:23 INFO [ Battle StandBy ] SetState_Start()
2023-03-31_23:41:23 INFO SetState_BattleStandBy()
2023-03-31_23:42:22 INFO [ Battle StandBy ] SetState_Notify()
2023-03-31_23:43:21 INFO [ Battle StandBy ] SetState_End()
2023-03-31_23:43:21 INFO [ Battle StandBy ] SetState_None()
2023-03-31_23:43:21 INFO [ Battle Maya ] SetState_StandBy_1()
2023-03-31_23:43:21 INFO SetState_BattleOfMaya()
2023-03-31_23:45:20 INFO [ Battle Maya ] SetState_Notify_1()
2023-03-31_23:45:20 INFO [ Battle Maya ] Failed. No users at state 2
2023-03-31_23:45:20 INFO [ Battle Maya ] SetState_End()
2023-03-31_23:45:22 INFO [ Battle Maya ] SetState_EndCycle()
2023-03-31_23:45:22 INFO [ Battle Maya ] SetState_None()
2023-03-31_23:45:22 INFO SetState_End()
2023-03-31_23:45:23 INFO SetState_None()
2023-03-31_23:45:23 INFO [ Battle StandBy ] SetState_Start()
2023-03-31_23:45:23 INFO SetState_BattleStandBy()
2023-03-31_23:46:22 INFO [ Battle StandBy ] SetState_Notify()
2023-03-31_23:47:21 INFO [ Battle StandBy ] SetState_End()
2023-03-31_23:47:21 INFO [ Battle StandBy ] SetState_None()
2023-03-31_23:47:21 INFO [ Battle Maya ] SetState_StandBy_1()
2023-03-31_23:47:21 INFO SetState_BattleOfMaya()
2023-03-31_23:49:20 INFO [ Battle Maya ] SetState_Notify_1()
2023-03-31_23:49:20 INFO [ Battle Maya ] Failed. No users at state 2
2023-03-31_23:49:20 INFO [ Battle Maya ] SetState_End()
2023-03-31_23:49:22 INFO [ Battle Maya ] SetState_EndCycle()
2023-03-31_23:49:22 INFO [ Battle Maya ] SetState_None()
2023-03-31_23:49:22 INFO SetState_End()
2023-03-31_23:49:22 INFO SetState_None()
2023-03-31_23:49:22 INFO [ Battle StandBy ] SetState_Start()
2023-03-31_23:49:22 INFO SetState_BattleStandBy()
2023-03-31_23:50:21 INFO [ Battle StandBy ] SetState_Notify()
2023-03-31_23:51:20 INFO [ Battle StandBy ] SetState_End()
2023-03-31_23:51:20 INFO [ Battle StandBy ] SetState_None()
2023-03-31_23:51:20 INFO [ Battle Maya ] SetState_StandBy_1()
2023-03-31_23:51:20 INFO SetState_BattleOfMaya()
2023-03-31_23:53:19 INFO [ Battle Maya ] SetState_Notify_1()
2023-03-31_23:53:19 INFO [ Battle Maya ] Failed. No users at state 2
2023-03-31_23:53:19 INFO [ Battle Maya ] SetState_End()
2023-03-31_23:53:21 INFO [ Battle Maya ] SetState_EndCycle()
2023-03-31_23:53:21 INFO [ Battle Maya ] SetState_None()
2023-03-31_23:53:21 INFO SetState_End()
2023-03-31_23:53:21 INFO SetState_None()
2023-03-31_23:53:21 INFO [ Battle StandBy ] SetState_Start()
2023-03-31_23:53:21 INFO SetState_BattleStandBy()
2023-03-31_23:54:20 INFO [ Battle StandBy ] SetState_Notify()
2023-03-31_23:55:19 INFO [ Battle StandBy ] SetState_End()
2023-03-31_23:55:19 INFO [ Battle StandBy ] SetState_None()
2023-03-31_23:55:19 INFO [ Battle Maya ] SetState_StandBy_1()
2023-03-31_23:55:19 INFO SetState_BattleOfMaya()
2023-03-31_23:57:18 INFO [ Battle Maya ] SetState_Notify_1()
2023-03-31_23:57:18 INFO [ Battle Maya ] Failed. No users at state 2
2023-03-31_23:57:18 INFO [ Battle Maya ] SetState_End()
2023-03-31_23:57:20 INFO [ Battle Maya ] SetState_EndCycle()
2023-03-31_23:57:21 INFO [ Battle Maya ] SetState_None()
2023-03-31_23:57:21 INFO SetState_End()
2023-03-31_23:57:21 INFO SetState_None()
2023-03-31_23:57:21 INFO [ Battle StandBy ] SetState_Start()
2023-03-31_23:57:21 INFO SetState_BattleStandBy()
2023-03-31_23:58:20 INFO [ Battle StandBy ] SetState_Notify()
2023-03-31_23:59:19 INFO [ Battle StandBy ] SetState_End()
2023-03-31_23:59:19 INFO [ Battle StandBy ] SetState_None()
2023-03-31_23:59:19 INFO [ Battle Maya ] SetState_StandBy_1()
2023-03-31_23:59:19 INFO SetState_BattleOfMaya()
