2023-03-24_20:54:37 INFO [ Battle StandBy ] SetState_Start()
2023-03-24_20:54:37 INFO SetState_BattleStandBy()
2023-03-24_20:55:36 INFO [ Battle StandBy ] SetState_Notify()
2023-03-24_20:56:36 INFO [ Battle StandBy ] SetState_End()
2023-03-24_20:56:36 INFO [ Battle StandBy ] SetState_None()
2023-03-24_20:56:36 INFO [ Battle Maya ] SetState_StandBy_1()
2023-03-24_20:56:36 INFO SetState_BattleOfMaya()
2023-03-24_20:58:35 INFO [ Battle Maya ] SetState_Notify_1()
2023-03-24_20:58:35 INFO [ Battle Maya ] Failed. No users at state 2
2023-03-24_20:58:35 INFO [ Battle Maya ] SetState_End()
2023-03-24_20:58:37 INFO [ Battle Maya ] SetState_EndCycle()
2023-03-24_20:58:37 INFO [ Battle Maya ] SetState_None()
2023-03-24_20:58:37 INFO SetState_End()
2023-03-24_20:58:37 INFO SetState_None()
2023-03-24_20:58:37 INFO [ Battle StandBy ] SetState_Start()
2023-03-24_20:58:37 INFO SetState_BattleStandBy()
2023-03-24_20:59:36 INFO [ Battle StandBy ] SetState_Notify()
2023-03-24_21:00:35 INFO [ Battle StandBy ] SetState_End()
2023-03-24_21:00:35 INFO [ Battle StandBy ] SetState_None()
2023-03-24_21:00:35 INFO [ Battle Maya ] SetState_StandBy_1()
2023-03-24_21:00:35 INFO SetState_BattleOfMaya()
2023-03-24_21:02:34 INFO [ Battle Maya ] SetState_Notify_1()
2023-03-24_21:02:34 INFO [ Battle Maya ] Failed. No users at state 2
2023-03-24_21:02:34 INFO [ Battle Maya ] SetState_End()
2023-03-24_21:02:36 INFO [ Battle Maya ] SetState_EndCycle()
2023-03-24_21:02:36 INFO [ Battle Maya ] SetState_None()
2023-03-24_21:02:36 INFO SetState_End()
2023-03-24_21:02:36 INFO SetState_None()
2023-03-24_21:02:36 INFO [ Battle StandBy ] SetState_Start()
2023-03-24_21:02:36 INFO SetState_BattleStandBy()
2023-03-24_21:03:35 INFO [ Battle StandBy ] SetState_Notify()
2023-03-24_21:04:34 INFO [ Battle StandBy ] SetState_End()
2023-03-24_21:04:34 INFO [ Battle StandBy ] SetState_None()
2023-03-24_21:04:34 INFO [ Battle Maya ] SetState_StandBy_1()
2023-03-24_21:04:34 INFO SetState_BattleOfMaya()
2023-03-24_21:06:33 INFO [ Battle Maya ] SetState_Notify_1()
2023-03-24_21:06:33 INFO [ Battle Maya ] Failed. No users at state 2
2023-03-24_21:06:33 INFO [ Battle Maya ] SetState_End()
2023-03-24_21:06:35 INFO [ Battle Maya ] SetState_EndCycle()
2023-03-24_21:06:35 INFO [ Battle Maya ] SetState_None()
2023-03-24_21:06:35 INFO SetState_End()
2023-03-24_21:06:35 INFO SetState_None()
2023-03-24_21:06:35 INFO [ Battle StandBy ] SetState_Start()
2023-03-24_21:06:35 INFO SetState_BattleStandBy()
2023-03-24_21:07:34 INFO [ Battle StandBy ] SetState_Notify()
2023-03-24_21:08:33 INFO [ Battle StandBy ] SetState_End()
2023-03-24_21:08:34 INFO [ Battle StandBy ] SetState_None()
2023-03-24_21:08:34 INFO [ Battle Maya ] SetState_StandBy_1()
2023-03-24_21:08:34 INFO SetState_BattleOfMaya()
2023-03-24_21:10:33 INFO [ Battle Maya ] SetState_Notify_1()
2023-03-24_21:10:33 INFO [ Battle Maya ] Failed. No users at state 2
2023-03-24_21:10:33 INFO [ Battle Maya ] SetState_End()
2023-03-24_21:10:35 INFO [ Battle Maya ] SetState_EndCycle()
2023-03-24_21:10:35 INFO [ Battle Maya ] SetState_None()
2023-03-24_21:10:35 INFO SetState_End()
2023-03-24_21:10:35 INFO SetState_None()
2023-03-24_21:10:35 INFO [ Battle StandBy ] SetState_Start()
2023-03-24_21:10:35 INFO SetState_BattleStandBy()
2023-03-24_21:11:34 INFO [ Battle StandBy ] SetState_Notify()
2023-03-24_21:12:33 INFO [ Battle StandBy ] SetState_End()
2023-03-24_21:12:33 INFO [ Battle StandBy ] SetState_None()
2023-03-24_21:12:33 INFO [ Battle Maya ] SetState_StandBy_1()
2023-03-24_21:12:33 INFO SetState_BattleOfMaya()
2023-03-24_21:14:32 INFO [ Battle Maya ] SetState_Notify_1()
2023-03-24_21:14:32 INFO [ Battle Maya ] Failed. No users at state 2
2023-03-24_21:14:32 INFO [ Battle Maya ] SetState_End()
2023-03-24_21:14:34 INFO [ Battle Maya ] SetState_EndCycle()
2023-03-24_21:14:34 INFO [ Battle Maya ] SetState_None()
2023-03-24_21:14:34 INFO SetState_End()
2023-03-24_21:14:34 INFO SetState_None()
2023-03-24_21:14:34 INFO [ Battle StandBy ] SetState_Start()
2023-03-24_21:14:34 INFO SetState_BattleStandBy()
2023-03-24_21:15:33 INFO [ Battle StandBy ] SetState_Notify()
2023-03-24_21:16:32 INFO [ Battle StandBy ] SetState_End()
2023-03-24_21:16:32 INFO [ Battle StandBy ] SetState_None()
2023-03-24_21:16:32 INFO [ Battle Maya ] SetState_StandBy_1()
2023-03-24_21:16:32 INFO SetState_BattleOfMaya()
2023-03-24_21:18:31 INFO [ Battle Maya ] SetState_Notify_1()
2023-03-24_21:18:31 INFO [ Battle Maya ] Failed. No users at state 2
2023-03-24_21:18:31 INFO [ Battle Maya ] SetState_End()
2023-03-24_21:18:33 INFO [ Battle Maya ] SetState_EndCycle()
2023-03-24_21:18:33 INFO [ Battle Maya ] SetState_None()
2023-03-24_21:18:33 INFO SetState_End()
2023-03-24_21:18:33 INFO SetState_None()
2023-03-24_21:18:33 INFO [ Battle StandBy ] SetState_Start()
2023-03-24_21:18:33 INFO SetState_BattleStandBy()
2023-03-24_21:19:32 INFO [ Battle StandBy ] SetState_Notify()
2023-03-24_21:20:31 INFO [ Battle StandBy ] SetState_End()
2023-03-24_21:20:32 INFO [ Battle StandBy ] SetState_None()
2023-03-24_21:20:32 INFO [ Battle Maya ] SetState_StandBy_1()
2023-03-24_21:20:32 INFO SetState_BattleOfMaya()
2023-03-24_21:22:31 INFO [ Battle Maya ] SetState_Notify_1()
2023-03-24_21:22:31 INFO [ Battle Maya ] Failed. No users at state 2
2023-03-24_21:22:31 INFO [ Battle Maya ] SetState_End()
2023-03-24_21:22:33 INFO [ Battle Maya ] SetState_EndCycle()
2023-03-24_21:22:33 INFO [ Battle Maya ] SetState_None()
2023-03-24_21:22:33 INFO SetState_End()
2023-03-24_21:22:33 INFO SetState_None()
2023-03-24_21:22:33 INFO [ Battle StandBy ] SetState_Start()
2023-03-24_21:22:33 INFO SetState_BattleStandBy()
2023-03-24_21:23:32 INFO [ Battle StandBy ] SetState_Notify()
2023-03-24_21:24:31 INFO [ Battle StandBy ] SetState_End()
2023-03-24_21:24:31 INFO [ Battle StandBy ] SetState_None()
2023-03-24_21:24:31 INFO [ Battle Maya ] SetState_StandBy_1()
2023-03-24_21:24:31 INFO SetState_BattleOfMaya()
2023-03-24_21:26:30 INFO [ Battle Maya ] SetState_Notify_1()
2023-03-24_21:26:30 INFO [ Battle Maya ] Failed. No users at state 2
2023-03-24_21:26:30 INFO [ Battle Maya ] SetState_End()
2023-03-24_21:26:32 INFO [ Battle Maya ] SetState_EndCycle()
2023-03-24_21:26:32 INFO [ Battle Maya ] SetState_None()
2023-03-24_21:26:32 INFO SetState_End()
2023-03-24_21:26:32 INFO SetState_None()
2023-03-24_21:26:32 INFO [ Battle StandBy ] SetState_Start()
2023-03-24_21:26:32 INFO SetState_BattleStandBy()
2023-03-24_21:27:31 INFO [ Battle StandBy ] SetState_Notify()
2023-03-24_21:28:30 INFO [ Battle StandBy ] SetState_End()
2023-03-24_21:28:30 INFO [ Battle StandBy ] SetState_None()
2023-03-24_21:28:30 INFO [ Battle Maya ] SetState_StandBy_1()
2023-03-24_21:28:30 INFO SetState_BattleOfMaya()
2023-03-24_21:30:29 INFO [ Battle Maya ] SetState_Notify_1()
2023-03-24_21:30:29 INFO [ Battle Maya ] Failed. No users at state 2
2023-03-24_21:30:29 INFO [ Battle Maya ] SetState_End()
2023-03-24_21:30:31 INFO [ Battle Maya ] SetState_EndCycle()
2023-03-24_21:30:31 INFO [ Battle Maya ] SetState_None()
2023-03-24_21:30:31 INFO SetState_End()
2023-03-24_21:30:32 INFO SetState_None()
2023-03-24_21:30:32 INFO [ Battle StandBy ] SetState_Start()
2023-03-24_21:30:32 INFO SetState_BattleStandBy()
2023-03-24_21:31:31 INFO [ Battle StandBy ] SetState_Notify()
2023-03-24_21:32:30 INFO [ Battle StandBy ] SetState_End()
2023-03-24_21:32:30 INFO [ Battle StandBy ] SetState_None()
2023-03-24_21:32:30 INFO [ Battle Maya ] SetState_StandBy_1()
2023-03-24_21:32:30 INFO SetState_BattleOfMaya()
2023-03-24_21:34:29 INFO [ Battle Maya ] SetState_Notify_1()
2023-03-24_21:34:29 INFO [ Battle Maya ] Failed. No users at state 2
2023-03-24_21:34:29 INFO [ Battle Maya ] SetState_End()
2023-03-24_21:34:31 INFO [ Battle Maya ] SetState_EndCycle()
2023-03-24_21:34:31 INFO [ Battle Maya ] SetState_None()
2023-03-24_21:34:31 INFO SetState_End()
2023-03-24_21:34:31 INFO SetState_None()
2023-03-24_21:34:31 INFO [ Battle StandBy ] SetState_Start()
2023-03-24_21:34:31 INFO SetState_BattleStandBy()
2023-03-24_21:35:30 INFO [ Battle StandBy ] SetState_Notify()
2023-03-24_21:36:29 INFO [ Battle StandBy ] SetState_End()
2023-03-24_21:36:29 INFO [ Battle StandBy ] SetState_None()
2023-03-24_21:36:29 INFO [ Battle Maya ] SetState_StandBy_1()
2023-03-24_21:36:29 INFO SetState_BattleOfMaya()
2023-03-24_21:38:28 INFO [ Battle Maya ] SetState_Notify_1()
2023-03-24_21:38:28 INFO [ Battle Maya ] Failed. No users at state 2
2023-03-24_21:38:28 INFO [ Battle Maya ] SetState_End()
2023-03-24_21:38:30 INFO [ Battle Maya ] SetState_EndCycle()
2023-03-24_21:38:30 INFO [ Battle Maya ] SetState_None()
2023-03-24_21:38:30 INFO SetState_End()
2023-03-24_21:38:30 INFO SetState_None()
2023-03-24_21:38:30 INFO [ Battle StandBy ] SetState_Start()
2023-03-24_21:38:30 INFO SetState_BattleStandBy()
2023-03-24_21:39:29 INFO [ Battle StandBy ] SetState_Notify()
2023-03-24_21:40:28 INFO [ Battle StandBy ] SetState_End()
2023-03-24_21:40:28 INFO [ Battle StandBy ] SetState_None()
2023-03-24_21:40:28 INFO [ Battle Maya ] SetState_StandBy_1()
2023-03-24_21:40:28 INFO SetState_BattleOfMaya()
2023-03-24_21:42:27 INFO [ Battle Maya ] SetState_Notify_1()
2023-03-24_21:42:28 INFO [ Battle Maya ] Failed. No users at state 2
2023-03-24_21:42:28 INFO [ Battle Maya ] SetState_End()
2023-03-24_21:42:30 INFO [ Battle Maya ] SetState_EndCycle()
2023-03-24_21:42:30 INFO [ Battle Maya ] SetState_None()
2023-03-24_21:42:30 INFO SetState_End()
2023-03-24_21:42:30 INFO SetState_None()
2023-03-24_21:42:30 INFO [ Battle StandBy ] SetState_Start()
2023-03-24_21:42:30 INFO SetState_BattleStandBy()
2023-03-24_21:43:29 INFO [ Battle StandBy ] SetState_Notify()
2023-03-24_21:44:28 INFO [ Battle StandBy ] SetState_End()
2023-03-24_21:44:28 INFO [ Battle StandBy ] SetState_None()
2023-03-24_21:44:28 INFO [ Battle Maya ] SetState_StandBy_1()
2023-03-24_21:44:28 INFO SetState_BattleOfMaya()
2023-03-24_21:46:27 INFO [ Battle Maya ] SetState_Notify_1()
2023-03-24_21:46:27 INFO [ Battle Maya ] Failed. No users at state 2
2023-03-24_21:46:27 INFO [ Battle Maya ] SetState_End()
2023-03-24_21:46:29 INFO [ Battle Maya ] SetState_EndCycle()
2023-03-24_21:46:29 INFO [ Battle Maya ] SetState_None()
2023-03-24_21:46:29 INFO SetState_End()
2023-03-24_21:46:29 INFO SetState_None()
2023-03-24_21:46:29 INFO [ Battle StandBy ] SetState_Start()
2023-03-24_21:46:29 INFO SetState_BattleStandBy()
2023-03-24_21:47:28 INFO [ Battle StandBy ] SetState_Notify()
2023-03-24_21:48:27 INFO [ Battle StandBy ] SetState_End()
2023-03-24_21:48:27 INFO [ Battle StandBy ] SetState_None()
2023-03-24_21:48:27 INFO [ Battle Maya ] SetState_StandBy_1()
2023-03-24_21:48:27 INFO SetState_BattleOfMaya()
2023-03-24_21:50:26 INFO [ Battle Maya ] SetState_Notify_1()
2023-03-24_21:50:26 INFO [ Battle Maya ] Failed. No users at state 2
2023-03-24_21:50:26 INFO [ Battle Maya ] SetState_End()
2023-03-24_21:50:28 INFO [ Battle Maya ] SetState_EndCycle()
2023-03-24_21:50:29 INFO [ Battle Maya ] SetState_None()
2023-03-24_21:50:29 INFO SetState_End()
2023-03-24_21:50:29 INFO SetState_None()
2023-03-24_21:50:29 INFO [ Battle StandBy ] SetState_Start()
2023-03-24_21:50:29 INFO SetState_BattleStandBy()
2023-03-24_21:51:28 INFO [ Battle StandBy ] SetState_Notify()
2023-03-24_21:52:27 INFO [ Battle StandBy ] SetState_End()
2023-03-24_21:52:27 INFO [ Battle StandBy ] SetState_None()
2023-03-24_21:52:27 INFO [ Battle Maya ] SetState_StandBy_1()
2023-03-24_21:52:27 INFO SetState_BattleOfMaya()
2023-03-24_21:54:26 INFO [ Battle Maya ] SetState_Notify_1()
2023-03-24_21:54:26 INFO [ Battle Maya ] Failed. No users at state 2
2023-03-24_21:54:26 INFO [ Battle Maya ] SetState_End()
2023-03-24_21:54:28 INFO [ Battle Maya ] SetState_EndCycle()
2023-03-24_21:54:28 INFO [ Battle Maya ] SetState_None()
2023-03-24_21:54:28 INFO SetState_End()
2023-03-24_21:54:28 INFO SetState_None()
2023-03-24_21:54:28 INFO [ Battle StandBy ] SetState_Start()
2023-03-24_21:54:28 INFO SetState_BattleStandBy()
2023-03-24_21:55:27 INFO [ Battle StandBy ] SetState_Notify()
2023-03-24_21:56:26 INFO [ Battle StandBy ] SetState_End()
2023-03-24_21:56:26 INFO [ Battle StandBy ] SetState_None()
2023-03-24_21:56:26 INFO [ Battle Maya ] SetState_StandBy_1()
2023-03-24_21:56:26 INFO SetState_BattleOfMaya()
2023-03-24_21:58:25 INFO [ Battle Maya ] SetState_Notify_1()
2023-03-24_21:58:25 INFO [ Battle Maya ] Failed. No users at state 2
2023-03-24_21:58:25 INFO [ Battle Maya ] SetState_End()
2023-03-24_21:58:27 INFO [ Battle Maya ] SetState_EndCycle()
2023-03-24_21:58:27 INFO [ Battle Maya ] SetState_None()
2023-03-24_21:58:27 INFO SetState_End()
2023-03-24_21:58:27 INFO SetState_None()
2023-03-24_21:58:27 INFO [ Battle StandBy ] SetState_Start()
2023-03-24_21:58:27 INFO SetState_BattleStandBy()
2023-03-24_21:59:26 INFO [ Battle StandBy ] SetState_Notify()
2023-03-24_22:00:25 INFO [ Battle StandBy ] SetState_End()
2023-03-24_22:00:25 INFO [ Battle StandBy ] SetState_None()
2023-03-24_22:00:25 INFO [ Battle Maya ] SetState_StandBy_1()
2023-03-24_22:00:25 INFO SetState_BattleOfMaya()
2023-03-24_22:02:24 INFO [ Battle Maya ] SetState_Notify_1()
2023-03-24_22:02:24 INFO [ Battle Maya ] Failed. No users at state 2
2023-03-24_22:02:24 INFO [ Battle Maya ] SetState_End()
2023-03-24_22:02:27 INFO [ Battle Maya ] SetState_EndCycle()
2023-03-24_22:02:27 INFO [ Battle Maya ] SetState_None()
2023-03-24_22:02:27 INFO SetState_End()
2023-03-24_22:02:27 INFO SetState_None()
2023-03-24_22:02:27 INFO [ Battle StandBy ] SetState_Start()
2023-03-24_22:02:27 INFO SetState_BattleStandBy()
2023-03-24_22:03:26 INFO [ Battle StandBy ] SetState_Notify()
2023-03-24_22:04:25 INFO [ Battle StandBy ] SetState_End()
2023-03-24_22:04:25 INFO [ Battle StandBy ] SetState_None()
2023-03-24_22:04:25 INFO [ Battle Maya ] SetState_StandBy_1()
2023-03-24_22:04:25 INFO SetState_BattleOfMaya()
2023-03-24_22:06:24 INFO [ Battle Maya ] SetState_Notify_1()
2023-03-24_22:06:24 INFO [ Battle Maya ] Failed. No users at state 2
2023-03-24_22:06:24 INFO [ Battle Maya ] SetState_End()
2023-03-24_22:06:26 INFO [ Battle Maya ] SetState_EndCycle()
2023-03-24_22:06:26 INFO [ Battle Maya ] SetState_None()
2023-03-24_22:06:26 INFO SetState_End()
2023-03-24_22:06:26 INFO SetState_None()
2023-03-24_22:06:26 INFO [ Battle StandBy ] SetState_Start()
2023-03-24_22:06:26 INFO SetState_BattleStandBy()
2023-03-24_22:07:25 INFO [ Battle StandBy ] SetState_Notify()
2023-03-24_22:08:24 INFO [ Battle StandBy ] SetState_End()
2023-03-24_22:08:24 INFO [ Battle StandBy ] SetState_None()
2023-03-24_22:08:24 INFO [ Battle Maya ] SetState_StandBy_1()
2023-03-24_22:08:24 INFO SetState_BattleOfMaya()
2023-03-24_22:10:23 INFO [ Battle Maya ] SetState_Notify_1()
2023-03-24_22:10:23 INFO [ Battle Maya ] Failed. No users at state 2
2023-03-24_22:10:23 INFO [ Battle Maya ] SetState_End()
2023-03-24_22:10:25 INFO [ Battle Maya ] SetState_EndCycle()
2023-03-24_22:10:25 INFO [ Battle Maya ] SetState_None()
2023-03-24_22:10:25 INFO SetState_End()
2023-03-24_22:10:25 INFO SetState_None()
2023-03-24_22:10:25 INFO [ Battle StandBy ] SetState_Start()
2023-03-24_22:10:25 INFO SetState_BattleStandBy()
2023-03-24_22:11:24 INFO [ Battle StandBy ] SetState_Notify()
2023-03-24_22:12:23 INFO [ Battle StandBy ] SetState_End()
2023-03-24_22:12:24 INFO [ Battle StandBy ] SetState_None()
2023-03-24_22:12:24 INFO [ Battle Maya ] SetState_StandBy_1()
2023-03-24_22:12:24 INFO SetState_BattleOfMaya()
2023-03-24_22:14:23 INFO [ Battle Maya ] SetState_Notify_1()
2023-03-24_22:14:23 INFO [ Battle Maya ] Failed. No users at state 2
2023-03-24_22:14:23 INFO [ Battle Maya ] SetState_End()
2023-03-24_22:14:25 INFO [ Battle Maya ] SetState_EndCycle()
2023-03-24_22:14:25 INFO [ Battle Maya ] SetState_None()
2023-03-24_22:14:25 INFO SetState_End()
2023-03-24_22:14:25 INFO SetState_None()
2023-03-24_22:14:25 INFO [ Battle StandBy ] SetState_Start()
2023-03-24_22:14:25 INFO SetState_BattleStandBy()
2023-03-24_22:15:24 INFO [ Battle StandBy ] SetState_Notify()
2023-03-24_22:16:23 INFO [ Battle StandBy ] SetState_End()
2023-03-24_22:16:23 INFO [ Battle StandBy ] SetState_None()
2023-03-24_22:16:23 INFO [ Battle Maya ] SetState_StandBy_1()
2023-03-24_22:16:23 INFO SetState_BattleOfMaya()
2023-03-24_22:18:22 INFO [ Battle Maya ] SetState_Notify_1()
2023-03-24_22:18:22 INFO [ Battle Maya ] Failed. No users at state 2
2023-03-24_22:18:22 INFO [ Battle Maya ] SetState_End()
2023-03-24_22:18:24 INFO [ Battle Maya ] SetState_EndCycle()
2023-03-24_22:18:24 INFO [ Battle Maya ] SetState_None()
2023-03-24_22:18:24 INFO SetState_End()
2023-03-24_22:18:24 INFO SetState_None()
2023-03-24_22:18:24 INFO [ Battle StandBy ] SetState_Start()
2023-03-24_22:18:24 INFO SetState_BattleStandBy()
2023-03-24_22:19:23 INFO [ Battle StandBy ] SetState_Notify()
2023-03-24_22:20:22 INFO [ Battle StandBy ] SetState_End()
2023-03-24_22:20:22 INFO [ Battle StandBy ] SetState_None()
2023-03-24_22:20:22 INFO [ Battle Maya ] SetState_StandBy_1()
2023-03-24_22:20:22 INFO SetState_BattleOfMaya()
2023-03-24_22:22:21 INFO [ Battle Maya ] SetState_Notify_1()
2023-03-24_22:22:21 INFO [ Battle Maya ] Failed. No users at state 2
2023-03-24_22:22:21 INFO [ Battle Maya ] SetState_End()
2023-03-24_22:22:23 INFO [ Battle Maya ] SetState_EndCycle()
2023-03-24_22:22:23 INFO [ Battle Maya ] SetState_None()
2023-03-24_22:22:23 INFO SetState_End()
2023-03-24_22:22:23 INFO SetState_None()
2023-03-24_22:22:23 INFO [ Battle StandBy ] SetState_Start()
2023-03-24_22:22:23 INFO SetState_BattleStandBy()
2023-03-24_22:23:22 INFO [ Battle StandBy ] SetState_Notify()
2023-03-24_22:24:22 INFO [ Battle StandBy ] SetState_End()
2023-03-24_22:24:22 INFO [ Battle StandBy ] SetState_None()
2023-03-24_22:24:22 INFO [ Battle Maya ] SetState_StandBy_1()
2023-03-24_22:24:22 INFO SetState_BattleOfMaya()
2023-03-24_22:26:21 INFO [ Battle Maya ] SetState_Notify_1()
2023-03-24_22:26:21 INFO [ Battle Maya ] Failed. No users at state 2
2023-03-24_22:26:21 INFO [ Battle Maya ] SetState_End()
2023-03-24_22:26:23 INFO [ Battle Maya ] SetState_EndCycle()
2023-03-24_22:26:23 INFO [ Battle Maya ] SetState_None()
2023-03-24_22:26:23 INFO SetState_End()
2023-03-24_22:26:23 INFO SetState_None()
2023-03-24_22:26:23 INFO [ Battle StandBy ] SetState_Start()
2023-03-24_22:26:23 INFO SetState_BattleStandBy()
2023-03-24_22:27:22 INFO [ Battle StandBy ] SetState_Notify()
2023-03-24_22:28:21 INFO [ Battle StandBy ] SetState_End()
2023-03-24_22:28:21 INFO [ Battle StandBy ] SetState_None()
2023-03-24_22:28:21 INFO [ Battle Maya ] SetState_StandBy_1()
2023-03-24_22:28:21 INFO SetState_BattleOfMaya()
2023-03-24_22:30:20 INFO [ Battle Maya ] SetState_Notify_1()
2023-03-24_22:30:20 INFO [ Battle Maya ] Failed. No users at state 2
2023-03-24_22:30:20 INFO [ Battle Maya ] SetState_End()
2023-03-24_22:30:22 INFO [ Battle Maya ] SetState_EndCycle()
2023-03-24_22:30:22 INFO [ Battle Maya ] SetState_None()
2023-03-24_22:30:22 INFO SetState_End()
2023-03-24_22:30:22 INFO SetState_None()
2023-03-24_22:30:22 INFO [ Battle StandBy ] SetState_Start()
2023-03-24_22:30:22 INFO SetState_BattleStandBy()
2023-03-24_22:31:21 INFO [ Battle StandBy ] SetState_Notify()
2023-03-24_22:32:20 INFO [ Battle StandBy ] SetState_End()
2023-03-24_22:32:20 INFO [ Battle StandBy ] SetState_None()
2023-03-24_22:32:20 INFO [ Battle Maya ] SetState_StandBy_1()
2023-03-24_22:32:20 INFO SetState_BattleOfMaya()
2023-03-24_22:34:19 INFO [ Battle Maya ] SetState_Notify_1()
2023-03-24_22:34:19 INFO [ Battle Maya ] Failed. No users at state 2
2023-03-24_22:34:19 INFO [ Battle Maya ] SetState_End()
2023-03-24_22:34:21 INFO [ Battle Maya ] SetState_EndCycle()
2023-03-24_22:34:21 INFO [ Battle Maya ] SetState_None()
2023-03-24_22:34:21 INFO SetState_End()
2023-03-24_22:34:22 INFO SetState_None()
2023-03-24_22:34:22 INFO [ Battle StandBy ] SetState_Start()
2023-03-24_22:34:22 INFO SetState_BattleStandBy()
2023-03-24_22:35:21 INFO [ Battle StandBy ] SetState_Notify()
2023-03-24_22:36:20 INFO [ Battle StandBy ] SetState_End()
2023-03-24_22:36:20 INFO [ Battle StandBy ] SetState_None()
2023-03-24_22:36:20 INFO [ Battle Maya ] SetState_StandBy_1()
2023-03-24_22:36:20 INFO SetState_BattleOfMaya()
2023-03-24_22:38:19 INFO [ Battle Maya ] SetState_Notify_1()
2023-03-24_22:38:19 INFO [ Battle Maya ] Failed. No users at state 2
2023-03-24_22:38:19 INFO [ Battle Maya ] SetState_End()
2023-03-24_22:38:21 INFO [ Battle Maya ] SetState_EndCycle()
2023-03-24_22:38:21 INFO [ Battle Maya ] SetState_None()
2023-03-24_22:38:21 INFO SetState_End()
2023-03-24_22:38:21 INFO SetState_None()
2023-03-24_22:38:21 INFO [ Battle StandBy ] SetState_Start()
2023-03-24_22:38:21 INFO SetState_BattleStandBy()
2023-03-24_22:39:20 INFO [ Battle StandBy ] SetState_Notify()
2023-03-24_22:40:19 INFO [ Battle StandBy ] SetState_End()
2023-03-24_22:40:19 INFO [ Battle StandBy ] SetState_None()
2023-03-24_22:40:19 INFO [ Battle Maya ] SetState_StandBy_1()
2023-03-24_22:40:19 INFO SetState_BattleOfMaya()
2023-03-24_22:42:18 INFO [ Battle Maya ] SetState_Notify_1()
2023-03-24_22:42:18 INFO [ Battle Maya ] Failed. No users at state 2
2023-03-24_22:42:18 INFO [ Battle Maya ] SetState_End()
2023-03-24_22:42:20 INFO [ Battle Maya ] SetState_EndCycle()
2023-03-24_22:42:20 INFO [ Battle Maya ] SetState_None()
2023-03-24_22:42:20 INFO SetState_End()
2023-03-24_22:42:20 INFO SetState_None()
2023-03-24_22:42:20 INFO [ Battle StandBy ] SetState_Start()
2023-03-24_22:42:20 INFO SetState_BattleStandBy()
2023-03-24_22:43:19 INFO [ Battle StandBy ] SetState_Notify()
2023-03-24_22:44:18 INFO [ Battle StandBy ] SetState_End()
2023-03-24_22:44:18 INFO [ Battle StandBy ] SetState_None()
2023-03-24_22:44:18 INFO [ Battle Maya ] SetState_StandBy_1()
2023-03-24_22:44:18 INFO SetState_BattleOfMaya()
2023-03-24_22:46:17 INFO [ Battle Maya ] SetState_Notify_1()
2023-03-24_22:46:17 INFO [ Battle Maya ] Failed. No users at state 2
2023-03-24_22:46:17 INFO [ Battle Maya ] SetState_End()
2023-03-24_22:46:19 INFO [ Battle Maya ] SetState_EndCycle()
2023-03-24_22:46:19 INFO [ Battle Maya ] SetState_None()
2023-03-24_22:46:19 INFO SetState_End()
2023-03-24_22:46:20 INFO SetState_None()
2023-03-24_22:46:20 INFO [ Battle StandBy ] SetState_Start()
2023-03-24_22:46:20 INFO SetState_BattleStandBy()
2023-03-24_22:47:19 INFO [ Battle StandBy ] SetState_Notify()
2023-03-24_22:48:18 INFO [ Battle StandBy ] SetState_End()
2023-03-24_22:48:18 INFO [ Battle StandBy ] SetState_None()
2023-03-24_22:48:18 INFO [ Battle Maya ] SetState_StandBy_1()
2023-03-24_22:48:18 INFO SetState_BattleOfMaya()
2023-03-24_22:50:17 INFO [ Battle Maya ] SetState_Notify_1()
2023-03-24_22:50:17 INFO [ Battle Maya ] Failed. No users at state 2
2023-03-24_22:50:17 INFO [ Battle Maya ] SetState_End()
2023-03-24_22:50:19 INFO [ Battle Maya ] SetState_EndCycle()
2023-03-24_22:50:19 INFO [ Battle Maya ] SetState_None()
2023-03-24_22:50:19 INFO SetState_End()
2023-03-24_22:50:19 INFO SetState_None()
2023-03-24_22:50:19 INFO [ Battle StandBy ] SetState_Start()
2023-03-24_22:50:19 INFO SetState_BattleStandBy()
2023-03-24_22:51:18 INFO [ Battle StandBy ] SetState_Notify()
2023-03-24_22:52:17 INFO [ Battle StandBy ] SetState_End()
2023-03-24_22:52:17 INFO [ Battle StandBy ] SetState_None()
2023-03-24_22:52:17 INFO [ Battle Maya ] SetState_StandBy_1()
2023-03-24_22:52:17 INFO SetState_BattleOfMaya()
2023-03-24_22:54:16 INFO [ Battle Maya ] SetState_Notify_1()
2023-03-24_22:54:16 INFO [ Battle Maya ] Failed. No users at state 2
2023-03-24_22:54:16 INFO [ Battle Maya ] SetState_End()
2023-03-24_22:54:18 INFO [ Battle Maya ] SetState_EndCycle()
2023-03-24_22:54:18 INFO [ Battle Maya ] SetState_None()
2023-03-24_22:54:18 INFO SetState_End()
2023-03-24_22:54:18 INFO SetState_None()
2023-03-24_22:54:18 INFO [ Battle StandBy ] SetState_Start()
2023-03-24_22:54:18 INFO SetState_BattleStandBy()
2023-03-24_22:55:17 INFO [ Battle StandBy ] SetState_Notify()
2023-03-24_22:56:16 INFO [ Battle StandBy ] SetState_End()
2023-03-24_22:56:16 INFO [ Battle StandBy ] SetState_None()
2023-03-24_22:56:16 INFO [ Battle Maya ] SetState_StandBy_1()
2023-03-24_22:56:16 INFO SetState_BattleOfMaya()
2023-03-24_22:58:15 INFO [ Battle Maya ] SetState_Notify_1()
2023-03-24_22:58:15 INFO [ Battle Maya ] Failed. No users at state 2
2023-03-24_22:58:15 INFO [ Battle Maya ] SetState_End()
2023-03-24_22:58:17 INFO [ Battle Maya ] SetState_EndCycle()
2023-03-24_22:58:18 INFO [ Battle Maya ] SetState_None()
2023-03-24_22:58:18 INFO SetState_End()
2023-03-24_22:58:18 INFO SetState_None()
2023-03-24_22:58:18 INFO [ Battle StandBy ] SetState_Start()
2023-03-24_22:58:18 INFO SetState_BattleStandBy()
2023-03-24_22:59:17 INFO [ Battle StandBy ] SetState_Notify()
2023-03-24_23:00:16 INFO [ Battle StandBy ] SetState_End()
2023-03-24_23:00:16 INFO [ Battle StandBy ] SetState_None()
2023-03-24_23:00:16 INFO [ Battle Maya ] SetState_StandBy_1()
2023-03-24_23:00:16 INFO SetState_BattleOfMaya()
2023-03-24_23:02:21 INFO [ Battle Maya ] SetState_Notify_1()
2023-03-24_23:02:21 INFO [ Battle Maya ] Failed. No users at state 2
2023-03-24_23:02:21 INFO [ Battle Maya ] SetState_End()
2023-03-24_23:02:23 INFO [ Battle Maya ] SetState_EndCycle()
2023-03-24_23:02:23 INFO [ Battle Maya ] SetState_None()
2023-03-24_23:02:23 INFO SetState_End()
2023-03-24_23:02:23 INFO SetState_None()
2023-03-24_23:02:23 INFO [ Battle StandBy ] SetState_Start()
2023-03-24_23:02:23 INFO SetState_BattleStandBy()
