2023-03-26_16:22:58 INFO [ Battle StandBy ] SetState_Start()
2023-03-26_16:22:58 INFO SetState_BattleStandBy()
2023-03-26_16:23:57 INFO [ Battle StandBy ] SetState_Notify()
2023-03-26_16:24:56 INFO [ Battle StandBy ] SetState_End()
2023-03-26_16:24:56 INFO [ Battle StandBy ] SetState_None()
2023-03-26_16:24:56 INFO [ Battle Maya ] SetState_StandBy_1()
2023-03-26_16:24:56 INFO SetState_BattleOfMaya()
2023-03-26_16:26:55 INFO [ Battle Maya ] SetState_Notify_1()
2023-03-26_16:26:55 INFO [ Battle Maya ] Failed. No users at state 2
2023-03-26_16:26:55 INFO [ Battle Maya ] SetState_End()
2023-03-26_16:26:57 INFO [ Battle Maya ] SetState_EndCycle()
2023-03-26_16:26:57 INFO [ Battle Maya ] SetState_None()
2023-03-26_16:26:57 INFO SetState_End()
2023-03-26_16:26:57 INFO SetState_None()
2023-03-26_16:26:57 INFO [ Battle StandBy ] SetState_Start()
2023-03-26_16:26:57 INFO SetState_BattleStandBy()
2023-03-26_16:27:56 INFO [ Battle StandBy ] SetState_Notify()
2023-03-26_16:28:55 INFO [ Battle StandBy ] SetState_End()
2023-03-26_16:28:55 INFO [ Battle StandBy ] SetState_None()
2023-03-26_16:28:55 INFO [ Battle Maya ] SetState_StandBy_1()
2023-03-26_16:28:55 INFO SetState_BattleOfMaya()
