2023-03-26_19:45:19 INFO [ Battle StandBy ] SetState_Start()
2023-03-26_19:45:19 INFO SetState_BattleStandBy()
2023-03-26_19:46:18 INFO [ Battle StandBy ] SetState_Notify()
2023-03-26_19:47:17 INFO [ Battle StandBy ] SetState_End()
2023-03-26_19:47:17 INFO [ Battle StandBy ] SetState_None()
2023-03-26_19:47:17 INFO [ Battle Maya ] SetState_StandBy_1()
2023-03-26_19:47:17 INFO SetState_BattleOfMaya()
2023-03-26_19:49:16 INFO [ Battle Maya ] SetState_Notify_1()
2023-03-26_19:49:16 INFO [ Battle Maya ] Failed. No users at state 2
2023-03-26_19:49:16 INFO [ Battle Maya ] SetState_End()
2023-03-26_19:49:18 INFO [ Battle Maya ] SetState_EndCycle()
2023-03-26_19:49:18 INFO [ Battle Maya ] SetState_None()
2023-03-26_19:49:18 INFO SetState_End()
2023-03-26_19:49:18 INFO SetState_None()
2023-03-26_19:49:18 INFO [ Battle StandBy ] SetState_Start()
2023-03-26_19:49:18 INFO SetState_BattleStandBy()
2023-03-26_19:50:17 INFO [ Battle StandBy ] SetState_Notify()
2023-03-26_19:51:16 INFO [ Battle StandBy ] SetState_End()
2023-03-26_19:51:16 INFO [ Battle StandBy ] SetState_None()
2023-03-26_19:51:16 INFO [ Battle Maya ] SetState_StandBy_1()
2023-03-26_19:51:16 INFO SetState_BattleOfMaya()
2023-03-26_19:53:15 INFO [ Battle Maya ] SetState_Notify_1()
2023-03-26_19:53:16 INFO [ Battle Maya ] Failed. No users at state 2
2023-03-26_19:53:16 INFO [ Battle Maya ] SetState_End()
2023-03-26_19:53:18 INFO [ Battle Maya ] SetState_EndCycle()
2023-03-26_19:53:18 INFO [ Battle Maya ] SetState_None()
2023-03-26_19:53:18 INFO SetState_End()
2023-03-26_19:53:18 INFO SetState_None()
2023-03-26_19:53:18 INFO [ Battle StandBy ] SetState_Start()
2023-03-26_19:53:18 INFO SetState_BattleStandBy()
2023-03-26_19:54:17 INFO [ Battle StandBy ] SetState_Notify()
2023-03-26_19:55:16 INFO [ Battle StandBy ] SetState_End()
2023-03-26_19:55:16 INFO [ Battle StandBy ] SetState_None()
2023-03-26_19:55:16 INFO [ Battle Maya ] SetState_StandBy_1()
2023-03-26_19:55:16 INFO SetState_BattleOfMaya()
2023-03-26_19:57:15 INFO [ Battle Maya ] SetState_Notify_1()
2023-03-26_19:57:15 INFO [ Battle Maya ] Failed. No users at state 2
2023-03-26_19:57:15 INFO [ Battle Maya ] SetState_End()
2023-03-26_19:57:17 INFO [ Battle Maya ] SetState_EndCycle()
2023-03-26_19:57:17 INFO [ Battle Maya ] SetState_None()
2023-03-26_19:57:17 INFO SetState_End()
2023-03-26_19:57:17 INFO SetState_None()
2023-03-26_19:57:17 INFO [ Battle StandBy ] SetState_Start()
2023-03-26_19:57:17 INFO SetState_BattleStandBy()
2023-03-26_19:58:16 INFO [ Battle StandBy ] SetState_Notify()
2023-03-26_19:59:15 INFO [ Battle StandBy ] SetState_End()
2023-03-26_19:59:15 INFO [ Battle StandBy ] SetState_None()
2023-03-26_19:59:15 INFO [ Battle Maya ] SetState_StandBy_1()
2023-03-26_19:59:15 INFO SetState_BattleOfMaya()
2023-03-26_20:01:14 INFO [ Battle Maya ] SetState_Notify_1()
2023-03-26_20:01:14 INFO [ Battle Maya ] Failed. No users at state 2
2023-03-26_20:01:14 INFO [ Battle Maya ] SetState_End()
2023-03-26_20:01:16 INFO [ Battle Maya ] SetState_EndCycle()
2023-03-26_20:01:16 INFO [ Battle Maya ] SetState_None()
2023-03-26_20:01:16 INFO SetState_End()
2023-03-26_20:01:16 INFO SetState_None()
2023-03-26_20:01:16 INFO [ Battle StandBy ] SetState_Start()
2023-03-26_20:01:16 INFO SetState_BattleStandBy()
2023-03-26_20:02:15 INFO [ Battle StandBy ] SetState_Notify()
2023-03-26_20:03:14 INFO [ Battle StandBy ] SetState_End()
2023-03-26_20:03:15 INFO [ Battle StandBy ] SetState_None()
2023-03-26_20:03:15 INFO [ Battle Maya ] SetState_StandBy_1()
2023-03-26_20:03:15 INFO SetState_BattleOfMaya()
2023-03-26_20:05:14 INFO [ Battle Maya ] SetState_Notify_1()
2023-03-26_20:05:14 INFO [ Battle Maya ] Failed. No users at state 2
2023-03-26_20:05:14 INFO [ Battle Maya ] SetState_End()
2023-03-26_20:05:16 INFO [ Battle Maya ] SetState_EndCycle()
2023-03-26_20:05:16 INFO [ Battle Maya ] SetState_None()
2023-03-26_20:05:16 INFO SetState_End()
2023-03-26_20:05:16 INFO SetState_None()
2023-03-26_20:05:16 INFO [ Battle StandBy ] SetState_Start()
2023-03-26_20:05:16 INFO SetState_BattleStandBy()
2023-03-26_20:06:15 INFO [ Battle StandBy ] SetState_Notify()
2023-03-26_20:07:14 INFO [ Battle StandBy ] SetState_End()
2023-03-26_20:07:14 INFO [ Battle StandBy ] SetState_None()
2023-03-26_20:07:14 INFO [ Battle Maya ] SetState_StandBy_1()
2023-03-26_20:07:14 INFO SetState_BattleOfMaya()
2023-03-26_20:09:13 INFO [ Battle Maya ] SetState_Notify_1()
2023-03-26_20:09:13 INFO [ Battle Maya ] Failed. No users at state 2
2023-03-26_20:09:13 INFO [ Battle Maya ] SetState_End()
2023-03-26_20:09:15 INFO [ Battle Maya ] SetState_EndCycle()
2023-03-26_20:09:15 INFO [ Battle Maya ] SetState_None()
2023-03-26_20:09:15 INFO SetState_End()
2023-03-26_20:09:15 INFO SetState_None()
2023-03-26_20:09:15 INFO [ Battle StandBy ] SetState_Start()
2023-03-26_20:09:15 INFO SetState_BattleStandBy()
2023-03-26_20:10:14 INFO [ Battle StandBy ] SetState_Notify()
2023-03-26_20:11:13 INFO [ Battle StandBy ] SetState_End()
2023-03-26_20:11:13 INFO [ Battle StandBy ] SetState_None()
2023-03-26_20:11:13 INFO [ Battle Maya ] SetState_StandBy_1()
2023-03-26_20:11:13 INFO SetState_BattleOfMaya()
2023-03-26_20:13:12 INFO [ Battle Maya ] SetState_Notify_1()
2023-03-26_20:13:12 INFO [ Battle Maya ] Failed. No users at state 2
2023-03-26_20:13:12 INFO [ Battle Maya ] SetState_End()
2023-03-26_20:13:14 INFO [ Battle Maya ] SetState_EndCycle()
2023-03-26_20:13:14 INFO [ Battle Maya ] SetState_None()
2023-03-26_20:13:14 INFO SetState_End()
2023-03-26_20:13:14 INFO SetState_None()
2023-03-26_20:13:14 INFO [ Battle StandBy ] SetState_Start()
2023-03-26_20:13:14 INFO SetState_BattleStandBy()
2023-03-26_20:14:13 INFO [ Battle StandBy ] SetState_Notify()
2023-03-26_20:15:12 INFO [ Battle StandBy ] SetState_End()
2023-03-26_20:15:13 INFO [ Battle StandBy ] SetState_None()
2023-03-26_20:15:13 INFO [ Battle Maya ] SetState_StandBy_1()
2023-03-26_20:15:13 INFO SetState_BattleOfMaya()
2023-03-26_20:17:12 INFO [ Battle Maya ] SetState_Notify_1()
2023-03-26_20:17:12 INFO [ Battle Maya ] Failed. No users at state 2
2023-03-26_20:17:12 INFO [ Battle Maya ] SetState_End()
2023-03-26_20:17:14 INFO [ Battle Maya ] SetState_EndCycle()
2023-03-26_20:17:14 INFO [ Battle Maya ] SetState_None()
2023-03-26_20:17:14 INFO SetState_End()
2023-03-26_20:17:14 INFO SetState_None()
2023-03-26_20:17:14 INFO [ Battle StandBy ] SetState_Start()
2023-03-26_20:17:14 INFO SetState_BattleStandBy()
2023-03-26_20:18:13 INFO [ Battle StandBy ] SetState_Notify()
2023-03-26_20:19:12 INFO [ Battle StandBy ] SetState_End()
2023-03-26_20:19:12 INFO [ Battle StandBy ] SetState_None()
2023-03-26_20:19:12 INFO [ Battle Maya ] SetState_StandBy_1()
2023-03-26_20:19:12 INFO SetState_BattleOfMaya()
2023-03-26_20:21:11 INFO [ Battle Maya ] SetState_Notify_1()
2023-03-26_20:21:11 INFO [ Battle Maya ] Failed. No users at state 2
2023-03-26_20:21:11 INFO [ Battle Maya ] SetState_End()
2023-03-26_20:21:13 INFO [ Battle Maya ] SetState_EndCycle()
2023-03-26_20:21:13 INFO [ Battle Maya ] SetState_None()
2023-03-26_20:21:13 INFO SetState_End()
2023-03-26_20:21:13 INFO SetState_None()
2023-03-26_20:21:13 INFO [ Battle StandBy ] SetState_Start()
2023-03-26_20:21:13 INFO SetState_BattleStandBy()
2023-03-26_20:22:12 INFO [ Battle StandBy ] SetState_Notify()
2023-03-26_20:23:11 INFO [ Battle StandBy ] SetState_End()
2023-03-26_20:23:11 INFO [ Battle StandBy ] SetState_None()
2023-03-26_20:23:11 INFO [ Battle Maya ] SetState_StandBy_1()
2023-03-26_20:23:11 INFO SetState_BattleOfMaya()
2023-03-26_20:25:10 INFO [ Battle Maya ] SetState_Notify_1()
2023-03-26_20:25:10 INFO [ Battle Maya ] Failed. No users at state 2
2023-03-26_20:25:10 INFO [ Battle Maya ] SetState_End()
2023-03-26_20:25:12 INFO [ Battle Maya ] SetState_EndCycle()
2023-03-26_20:25:12 INFO [ Battle Maya ] SetState_None()
2023-03-26_20:25:12 INFO SetState_End()
2023-03-26_20:25:12 INFO SetState_None()
2023-03-26_20:25:12 INFO [ Battle StandBy ] SetState_Start()
2023-03-26_20:25:13 INFO SetState_BattleStandBy()
2023-03-26_20:26:12 INFO [ Battle StandBy ] SetState_Notify()
2023-03-26_20:27:11 INFO [ Battle StandBy ] SetState_End()
2023-03-26_20:27:11 INFO [ Battle StandBy ] SetState_None()
2023-03-26_20:27:11 INFO [ Battle Maya ] SetState_StandBy_1()
2023-03-26_20:27:11 INFO SetState_BattleOfMaya()
2023-03-26_20:29:10 INFO [ Battle Maya ] SetState_Notify_1()
2023-03-26_20:29:10 INFO [ Battle Maya ] Failed. No users at state 2
2023-03-26_20:29:10 INFO [ Battle Maya ] SetState_End()
2023-03-26_20:29:12 INFO [ Battle Maya ] SetState_EndCycle()
2023-03-26_20:29:12 INFO [ Battle Maya ] SetState_None()
2023-03-26_20:29:12 INFO SetState_End()
2023-03-26_20:29:12 INFO SetState_None()
2023-03-26_20:29:12 INFO [ Battle StandBy ] SetState_Start()
2023-03-26_20:29:12 INFO SetState_BattleStandBy()
2023-03-26_20:30:11 INFO [ Battle StandBy ] SetState_Notify()
2023-03-26_20:31:10 INFO [ Battle StandBy ] SetState_End()
2023-03-26_20:31:10 INFO [ Battle StandBy ] SetState_None()
2023-03-26_20:31:10 INFO [ Battle Maya ] SetState_StandBy_1()
2023-03-26_20:31:10 INFO SetState_BattleOfMaya()
2023-03-26_20:33:09 INFO [ Battle Maya ] SetState_Notify_1()
2023-03-26_20:33:09 INFO [ Battle Maya ] Failed. No users at state 2
2023-03-26_20:33:09 INFO [ Battle Maya ] SetState_End()
2023-03-26_20:33:11 INFO [ Battle Maya ] SetState_EndCycle()
2023-03-26_20:33:11 INFO [ Battle Maya ] SetState_None()
2023-03-26_20:33:11 INFO SetState_End()
2023-03-26_20:33:11 INFO SetState_None()
2023-03-26_20:33:11 INFO [ Battle StandBy ] SetState_Start()
2023-03-26_20:33:11 INFO SetState_BattleStandBy()
2023-03-26_20:34:10 INFO [ Battle StandBy ] SetState_Notify()
2023-03-26_20:35:09 INFO [ Battle StandBy ] SetState_End()
2023-03-26_20:35:09 INFO [ Battle StandBy ] SetState_None()
2023-03-26_20:35:09 INFO [ Battle Maya ] SetState_StandBy_1()
2023-03-26_20:35:09 INFO SetState_BattleOfMaya()
2023-03-26_20:37:08 INFO [ Battle Maya ] SetState_Notify_1()
2023-03-26_20:37:08 INFO [ Battle Maya ] Failed. No users at state 2
2023-03-26_20:37:08 INFO [ Battle Maya ] SetState_End()
2023-03-26_20:37:10 INFO [ Battle Maya ] SetState_EndCycle()
2023-03-26_20:37:10 INFO [ Battle Maya ] SetState_None()
2023-03-26_20:37:10 INFO SetState_End()
2023-03-26_20:37:11 INFO SetState_None()
2023-03-26_20:37:11 INFO [ Battle StandBy ] SetState_Start()
2023-03-26_20:37:11 INFO SetState_BattleStandBy()
2023-03-26_20:38:10 INFO [ Battle StandBy ] SetState_Notify()
2023-03-26_20:39:09 INFO [ Battle StandBy ] SetState_End()
2023-03-26_20:39:09 INFO [ Battle StandBy ] SetState_None()
2023-03-26_20:39:09 INFO [ Battle Maya ] SetState_StandBy_1()
2023-03-26_20:39:09 INFO SetState_BattleOfMaya()
2023-03-26_20:41:08 INFO [ Battle Maya ] SetState_Notify_1()
2023-03-26_20:41:08 INFO [ Battle Maya ] Failed. No users at state 2
2023-03-26_20:41:08 INFO [ Battle Maya ] SetState_End()
2023-03-26_20:41:10 INFO [ Battle Maya ] SetState_EndCycle()
2023-03-26_20:41:10 INFO [ Battle Maya ] SetState_None()
2023-03-26_20:41:10 INFO SetState_End()
2023-03-26_20:41:10 INFO SetState_None()
2023-03-26_20:41:10 INFO [ Battle StandBy ] SetState_Start()
2023-03-26_20:41:10 INFO SetState_BattleStandBy()
2023-03-26_20:42:09 INFO [ Battle StandBy ] SetState_Notify()
2023-03-26_20:43:08 INFO [ Battle StandBy ] SetState_End()
2023-03-26_20:43:08 INFO [ Battle StandBy ] SetState_None()
2023-03-26_20:43:08 INFO [ Battle Maya ] SetState_StandBy_1()
2023-03-26_20:43:08 INFO SetState_BattleOfMaya()
2023-03-26_20:45:07 INFO [ Battle Maya ] SetState_Notify_1()
2023-03-26_20:45:07 INFO [ Battle Maya ] Failed. No users at state 2
2023-03-26_20:45:07 INFO [ Battle Maya ] SetState_End()
2023-03-26_20:45:09 INFO [ Battle Maya ] SetState_EndCycle()
2023-03-26_20:45:09 INFO [ Battle Maya ] SetState_None()
2023-03-26_20:45:09 INFO SetState_End()
2023-03-26_20:45:09 INFO SetState_None()
2023-03-26_20:45:09 INFO [ Battle StandBy ] SetState_Start()
2023-03-26_20:45:09 INFO SetState_BattleStandBy()
2023-03-26_20:46:08 INFO [ Battle StandBy ] SetState_Notify()
2023-03-26_20:47:07 INFO [ Battle StandBy ] SetState_End()
2023-03-26_20:47:07 INFO [ Battle StandBy ] SetState_None()
2023-03-26_20:47:07 INFO [ Battle Maya ] SetState_StandBy_1()
2023-03-26_20:47:07 INFO SetState_BattleOfMaya()
2023-03-26_20:49:06 INFO [ Battle Maya ] SetState_Notify_1()
2023-03-26_20:49:06 INFO [ Battle Maya ] Failed. No users at state 2
2023-03-26_20:49:06 INFO [ Battle Maya ] SetState_End()
2023-03-26_20:49:08 INFO [ Battle Maya ] SetState_EndCycle()
2023-03-26_20:49:09 INFO [ Battle Maya ] SetState_None()
2023-03-26_20:49:09 INFO SetState_End()
2023-03-26_20:49:09 INFO SetState_None()
2023-03-26_20:49:09 INFO [ Battle StandBy ] SetState_Start()
2023-03-26_20:49:09 INFO SetState_BattleStandBy()
2023-03-26_20:50:08 INFO [ Battle StandBy ] SetState_Notify()
2023-03-26_20:51:07 INFO [ Battle StandBy ] SetState_End()
2023-03-26_20:51:07 INFO [ Battle StandBy ] SetState_None()
2023-03-26_20:51:07 INFO [ Battle Maya ] SetState_StandBy_1()
2023-03-26_20:51:07 INFO SetState_BattleOfMaya()
2023-03-26_20:53:06 INFO [ Battle Maya ] SetState_Notify_1()
2023-03-26_20:53:06 INFO [ Battle Maya ] Failed. No users at state 2
2023-03-26_20:53:06 INFO [ Battle Maya ] SetState_End()
2023-03-26_20:53:08 INFO [ Battle Maya ] SetState_EndCycle()
2023-03-26_20:53:08 INFO [ Battle Maya ] SetState_None()
2023-03-26_20:53:08 INFO SetState_End()
2023-03-26_20:53:08 INFO SetState_None()
2023-03-26_20:53:08 INFO [ Battle StandBy ] SetState_Start()
2023-03-26_20:53:08 INFO SetState_BattleStandBy()
2023-03-26_20:54:07 INFO [ Battle StandBy ] SetState_Notify()
2023-03-26_20:55:06 INFO [ Battle StandBy ] SetState_End()
2023-03-26_20:55:06 INFO [ Battle StandBy ] SetState_None()
2023-03-26_20:55:06 INFO [ Battle Maya ] SetState_StandBy_1()
2023-03-26_20:55:06 INFO SetState_BattleOfMaya()
2023-03-26_20:57:05 INFO [ Battle Maya ] SetState_Notify_1()
2023-03-26_20:57:05 INFO [ Battle Maya ] Failed. No users at state 2
2023-03-26_20:57:05 INFO [ Battle Maya ] SetState_End()
2023-03-26_20:57:07 INFO [ Battle Maya ] SetState_EndCycle()
2023-03-26_20:57:07 INFO [ Battle Maya ] SetState_None()
2023-03-26_20:57:07 INFO SetState_End()
2023-03-26_20:57:07 INFO SetState_None()
2023-03-26_20:57:07 INFO [ Battle StandBy ] SetState_Start()
2023-03-26_20:57:07 INFO SetState_BattleStandBy()
2023-03-26_20:58:06 INFO [ Battle StandBy ] SetState_Notify()
2023-03-26_20:59:05 INFO [ Battle StandBy ] SetState_End()
2023-03-26_20:59:05 INFO [ Battle StandBy ] SetState_None()
2023-03-26_20:59:05 INFO [ Battle Maya ] SetState_StandBy_1()
2023-03-26_20:59:05 INFO SetState_BattleOfMaya()
2023-03-26_21:01:05 INFO [ Battle Maya ] SetState_Notify_1()
2023-03-26_21:01:05 INFO [ Battle Maya ] Failed. No users at state 2
2023-03-26_21:01:05 INFO [ Battle Maya ] SetState_End()
2023-03-26_21:01:07 INFO [ Battle Maya ] SetState_EndCycle()
2023-03-26_21:01:07 INFO [ Battle Maya ] SetState_None()
2023-03-26_21:01:07 INFO SetState_End()
2023-03-26_21:01:07 INFO SetState_None()
2023-03-26_21:01:07 INFO [ Battle StandBy ] SetState_Start()
2023-03-26_21:01:07 INFO SetState_BattleStandBy()
2023-03-26_21:02:06 INFO [ Battle StandBy ] SetState_Notify()
2023-03-26_21:03:05 INFO [ Battle StandBy ] SetState_End()
2023-03-26_21:03:05 INFO [ Battle StandBy ] SetState_None()
2023-03-26_21:03:05 INFO [ Battle Maya ] SetState_StandBy_1()
2023-03-26_21:03:05 INFO SetState_BattleOfMaya()
2023-03-26_21:05:04 INFO [ Battle Maya ] SetState_Notify_1()
2023-03-26_21:05:04 INFO [ Battle Maya ] Failed. No users at state 2
2023-03-26_21:05:04 INFO [ Battle Maya ] SetState_End()
2023-03-26_21:05:06 INFO [ Battle Maya ] SetState_EndCycle()
2023-03-26_21:05:06 INFO [ Battle Maya ] SetState_None()
2023-03-26_21:05:06 INFO SetState_End()
2023-03-26_21:05:06 INFO SetState_None()
2023-03-26_21:05:06 INFO [ Battle StandBy ] SetState_Start()
2023-03-26_21:05:06 INFO SetState_BattleStandBy()
2023-03-26_21:06:05 INFO [ Battle StandBy ] SetState_Notify()
2023-03-26_21:07:04 INFO [ Battle StandBy ] SetState_End()
2023-03-26_21:07:04 INFO [ Battle StandBy ] SetState_None()
2023-03-26_21:07:04 INFO [ Battle Maya ] SetState_StandBy_1()
2023-03-26_21:07:04 INFO SetState_BattleOfMaya()
2023-03-26_21:09:03 INFO [ Battle Maya ] SetState_Notify_1()
2023-03-26_21:09:03 INFO [ Battle Maya ] Failed. No users at state 2
2023-03-26_21:09:03 INFO [ Battle Maya ] SetState_End()
2023-03-26_21:09:05 INFO [ Battle Maya ] SetState_EndCycle()
2023-03-26_21:09:05 INFO [ Battle Maya ] SetState_None()
2023-03-26_21:09:05 INFO SetState_End()
2023-03-26_21:09:05 INFO SetState_None()
2023-03-26_21:09:05 INFO [ Battle StandBy ] SetState_Start()
2023-03-26_21:09:05 INFO SetState_BattleStandBy()
2023-03-26_21:10:04 INFO [ Battle StandBy ] SetState_Notify()
2023-03-26_21:11:04 INFO [ Battle StandBy ] SetState_End()
2023-03-26_21:11:04 INFO [ Battle StandBy ] SetState_None()
2023-03-26_21:11:04 INFO [ Battle Maya ] SetState_StandBy_1()
2023-03-26_21:11:04 INFO SetState_BattleOfMaya()
2023-03-26_21:13:03 INFO [ Battle Maya ] SetState_Notify_1()
2023-03-26_21:13:03 INFO [ Battle Maya ] Failed. No users at state 2
2023-03-26_21:13:03 INFO [ Battle Maya ] SetState_End()
2023-03-26_21:13:05 INFO [ Battle Maya ] SetState_EndCycle()
2023-03-26_21:13:05 INFO [ Battle Maya ] SetState_None()
2023-03-26_21:13:05 INFO SetState_End()
2023-03-26_21:13:05 INFO SetState_None()
2023-03-26_21:13:05 INFO [ Battle StandBy ] SetState_Start()
2023-03-26_21:13:05 INFO SetState_BattleStandBy()
2023-03-26_21:14:04 INFO [ Battle StandBy ] SetState_Notify()
2023-03-26_21:15:03 INFO [ Battle StandBy ] SetState_End()
2023-03-26_21:15:03 INFO [ Battle StandBy ] SetState_None()
2023-03-26_21:15:03 INFO [ Battle Maya ] SetState_StandBy_1()
2023-03-26_21:15:03 INFO SetState_BattleOfMaya()
2023-03-26_21:17:02 INFO [ Battle Maya ] SetState_Notify_1()
2023-03-26_21:17:02 INFO [ Battle Maya ] Failed. No users at state 2
2023-03-26_21:17:02 INFO [ Battle Maya ] SetState_End()
2023-03-26_21:17:04 INFO [ Battle Maya ] SetState_EndCycle()
2023-03-26_21:17:04 INFO [ Battle Maya ] SetState_None()
2023-03-26_21:17:04 INFO SetState_End()
2023-03-26_21:17:04 INFO SetState_None()
2023-03-26_21:17:04 INFO [ Battle StandBy ] SetState_Start()
2023-03-26_21:17:04 INFO SetState_BattleStandBy()
2023-03-26_21:18:03 INFO [ Battle StandBy ] SetState_Notify()
2023-03-26_21:19:02 INFO [ Battle StandBy ] SetState_End()
2023-03-26_21:19:02 INFO [ Battle StandBy ] SetState_None()
2023-03-26_21:19:02 INFO [ Battle Maya ] SetState_StandBy_1()
2023-03-26_21:19:02 INFO SetState_BattleOfMaya()
2023-03-26_21:21:01 INFO [ Battle Maya ] SetState_Notify_1()
2023-03-26_21:21:01 INFO [ Battle Maya ] Failed. No users at state 2
2023-03-26_21:21:01 INFO [ Battle Maya ] SetState_End()
2023-03-26_21:21:03 INFO [ Battle Maya ] SetState_EndCycle()
2023-03-26_21:21:03 INFO [ Battle Maya ] SetState_None()
2023-03-26_21:21:04 INFO SetState_End()
2023-03-26_21:21:04 INFO SetState_None()
2023-03-26_21:21:04 INFO [ Battle StandBy ] SetState_Start()
2023-03-26_21:21:04 INFO SetState_BattleStandBy()
2023-03-26_21:22:03 INFO [ Battle StandBy ] SetState_Notify()
2023-03-26_21:23:02 INFO [ Battle StandBy ] SetState_End()
2023-03-26_21:23:02 INFO [ Battle StandBy ] SetState_None()
2023-03-26_21:23:02 INFO [ Battle Maya ] SetState_StandBy_1()
2023-03-26_21:23:02 INFO SetState_BattleOfMaya()
2023-03-26_21:25:01 INFO [ Battle Maya ] SetState_Notify_1()
2023-03-26_21:25:01 INFO [ Battle Maya ] Failed. No users at state 2
2023-03-26_21:25:01 INFO [ Battle Maya ] SetState_End()
2023-03-26_21:25:03 INFO [ Battle Maya ] SetState_EndCycle()
2023-03-26_21:25:03 INFO [ Battle Maya ] SetState_None()
2023-03-26_21:25:03 INFO SetState_End()
2023-03-26_21:25:03 INFO SetState_None()
2023-03-26_21:25:03 INFO [ Battle StandBy ] SetState_Start()
2023-03-26_21:25:03 INFO SetState_BattleStandBy()
2023-03-26_21:26:02 INFO [ Battle StandBy ] SetState_Notify()
2023-03-26_21:27:01 INFO [ Battle StandBy ] SetState_End()
2023-03-26_21:27:01 INFO [ Battle StandBy ] SetState_None()
2023-03-26_21:27:01 INFO [ Battle Maya ] SetState_StandBy_1()
2023-03-26_21:27:01 INFO SetState_BattleOfMaya()
2023-03-26_21:29:00 INFO [ Battle Maya ] SetState_Notify_1()
2023-03-26_21:29:00 INFO [ Battle Maya ] Failed. No users at state 2
2023-03-26_21:29:00 INFO [ Battle Maya ] SetState_End()
2023-03-26_21:29:02 INFO [ Battle Maya ] SetState_EndCycle()
2023-03-26_21:29:02 INFO [ Battle Maya ] SetState_None()
2023-03-26_21:29:02 INFO SetState_End()
2023-03-26_21:29:02 INFO SetState_None()
2023-03-26_21:29:02 INFO [ Battle StandBy ] SetState_Start()
2023-03-26_21:29:02 INFO SetState_BattleStandBy()
2023-03-26_21:30:01 INFO [ Battle StandBy ] SetState_Notify()
2023-03-26_21:31:00 INFO [ Battle StandBy ] SetState_End()
2023-03-26_21:31:00 INFO [ Battle StandBy ] SetState_None()
2023-03-26_21:31:00 INFO [ Battle Maya ] SetState_StandBy_1()
2023-03-26_21:31:00 INFO SetState_BattleOfMaya()
2023-03-26_21:32:59 INFO [ Battle Maya ] SetState_Notify_1()
2023-03-26_21:32:59 INFO [ Battle Maya ] Failed. No users at state 2
2023-03-26_21:33:00 INFO [ Battle Maya ] SetState_End()
2023-03-26_21:33:02 INFO [ Battle Maya ] SetState_EndCycle()
2023-03-26_21:33:02 INFO [ Battle Maya ] SetState_None()
2023-03-26_21:33:02 INFO SetState_End()
2023-03-26_21:33:02 INFO SetState_None()
2023-03-26_21:33:02 INFO [ Battle StandBy ] SetState_Start()
2023-03-26_21:33:02 INFO SetState_BattleStandBy()
2023-03-26_21:34:01 INFO [ Battle StandBy ] SetState_Notify()
2023-03-26_21:35:00 INFO [ Battle StandBy ] SetState_End()
2023-03-26_21:35:00 INFO [ Battle StandBy ] SetState_None()
2023-03-26_21:35:00 INFO [ Battle Maya ] SetState_StandBy_1()
2023-03-26_21:35:00 INFO SetState_BattleOfMaya()
2023-03-26_21:36:59 INFO [ Battle Maya ] SetState_Notify_1()
2023-03-26_21:36:59 INFO [ Battle Maya ] Failed. No users at state 2
2023-03-26_21:36:59 INFO [ Battle Maya ] SetState_End()
2023-03-26_21:37:01 INFO [ Battle Maya ] SetState_EndCycle()
2023-03-26_21:37:01 INFO [ Battle Maya ] SetState_None()
2023-03-26_21:37:01 INFO SetState_End()
2023-03-26_21:37:01 INFO SetState_None()
2023-03-26_21:37:01 INFO [ Battle StandBy ] SetState_Start()
2023-03-26_21:37:01 INFO SetState_BattleStandBy()
2023-03-26_21:38:00 INFO [ Battle StandBy ] SetState_Notify()
2023-03-26_21:38:59 INFO [ Battle StandBy ] SetState_End()
2023-03-26_21:38:59 INFO [ Battle StandBy ] SetState_None()
2023-03-26_21:38:59 INFO [ Battle Maya ] SetState_StandBy_1()
2023-03-26_21:38:59 INFO SetState_BattleOfMaya()
2023-03-26_21:40:58 INFO [ Battle Maya ] SetState_Notify_1()
2023-03-26_21:40:58 INFO [ Battle Maya ] Failed. No users at state 2
2023-03-26_21:40:58 INFO [ Battle Maya ] SetState_End()
2023-03-26_21:41:00 INFO [ Battle Maya ] SetState_EndCycle()
2023-03-26_21:41:00 INFO [ Battle Maya ] SetState_None()
2023-03-26_21:41:00 INFO SetState_End()
2023-03-26_21:41:00 INFO SetState_None()
2023-03-26_21:41:00 INFO [ Battle StandBy ] SetState_Start()
2023-03-26_21:41:00 INFO SetState_BattleStandBy()
2023-03-26_21:41:59 INFO [ Battle StandBy ] SetState_Notify()
2023-03-26_21:42:58 INFO [ Battle StandBy ] SetState_End()
2023-03-26_21:42:59 INFO [ Battle StandBy ] SetState_None()
2023-03-26_21:42:59 INFO [ Battle Maya ] SetState_StandBy_1()
2023-03-26_21:42:59 INFO SetState_BattleOfMaya()
2023-03-26_21:44:58 INFO [ Battle Maya ] SetState_Notify_1()
2023-03-26_21:44:58 INFO [ Battle Maya ] Failed. No users at state 2
2023-03-26_21:44:58 INFO [ Battle Maya ] SetState_End()
2023-03-26_21:45:00 INFO [ Battle Maya ] SetState_EndCycle()
2023-03-26_21:45:00 INFO [ Battle Maya ] SetState_None()
2023-03-26_21:45:00 INFO SetState_End()
2023-03-26_21:45:00 INFO SetState_None()
2023-03-26_21:45:00 INFO [ Battle StandBy ] SetState_Start()
2023-03-26_21:45:00 INFO SetState_BattleStandBy()
2023-03-26_21:45:59 INFO [ Battle StandBy ] SetState_Notify()
2023-03-26_21:46:58 INFO [ Battle StandBy ] SetState_End()
2023-03-26_21:46:58 INFO [ Battle StandBy ] SetState_None()
2023-03-26_21:46:58 INFO [ Battle Maya ] SetState_StandBy_1()
2023-03-26_21:46:58 INFO SetState_BattleOfMaya()
2023-03-26_21:48:57 INFO [ Battle Maya ] SetState_Notify_1()
2023-03-26_21:48:57 INFO [ Battle Maya ] Failed. No users at state 2
2023-03-26_21:48:57 INFO [ Battle Maya ] SetState_End()
2023-03-26_21:48:59 INFO [ Battle Maya ] SetState_EndCycle()
2023-03-26_21:48:59 INFO [ Battle Maya ] SetState_None()
2023-03-26_21:48:59 INFO SetState_End()
2023-03-26_21:48:59 INFO SetState_None()
2023-03-26_21:48:59 INFO [ Battle StandBy ] SetState_Start()
2023-03-26_21:48:59 INFO SetState_BattleStandBy()
2023-03-26_21:49:58 INFO [ Battle StandBy ] SetState_Notify()
2023-03-26_21:50:57 INFO [ Battle StandBy ] SetState_End()
2023-03-26_21:50:57 INFO [ Battle StandBy ] SetState_None()
2023-03-26_21:50:57 INFO [ Battle Maya ] SetState_StandBy_1()
2023-03-26_21:50:57 INFO SetState_BattleOfMaya()
2023-03-26_21:52:56 INFO [ Battle Maya ] SetState_Notify_1()
2023-03-26_21:52:56 INFO [ Battle Maya ] Failed. No users at state 2
2023-03-26_21:52:56 INFO [ Battle Maya ] SetState_End()
2023-03-26_21:52:58 INFO [ Battle Maya ] SetState_EndCycle()
2023-03-26_21:52:59 INFO [ Battle Maya ] SetState_None()
2023-03-26_21:52:59 INFO SetState_End()
2023-03-26_21:52:59 INFO SetState_None()
2023-03-26_21:52:59 INFO [ Battle StandBy ] SetState_Start()
2023-03-26_21:52:59 INFO SetState_BattleStandBy()
2023-03-26_21:53:58 INFO [ Battle StandBy ] SetState_Notify()
2023-03-26_21:54:57 INFO [ Battle StandBy ] SetState_End()
2023-03-26_21:54:57 INFO [ Battle StandBy ] SetState_None()
2023-03-26_21:54:57 INFO [ Battle Maya ] SetState_StandBy_1()
2023-03-26_21:54:57 INFO SetState_BattleOfMaya()
2023-03-26_21:56:56 INFO [ Battle Maya ] SetState_Notify_1()
2023-03-26_21:56:56 INFO [ Battle Maya ] Failed. No users at state 2
2023-03-26_21:56:56 INFO [ Battle Maya ] SetState_End()
2023-03-26_21:56:58 INFO [ Battle Maya ] SetState_EndCycle()
2023-03-26_21:56:58 INFO [ Battle Maya ] SetState_None()
2023-03-26_21:56:58 INFO SetState_End()
2023-03-26_21:56:58 INFO SetState_None()
2023-03-26_21:56:58 INFO [ Battle StandBy ] SetState_Start()
2023-03-26_21:56:58 INFO SetState_BattleStandBy()
2023-03-26_21:57:57 INFO [ Battle StandBy ] SetState_Notify()
2023-03-26_21:58:56 INFO [ Battle StandBy ] SetState_End()
2023-03-26_21:58:56 INFO [ Battle StandBy ] SetState_None()
2023-03-26_21:58:56 INFO [ Battle Maya ] SetState_StandBy_1()
2023-03-26_21:58:56 INFO SetState_BattleOfMaya()
2023-03-26_22:00:55 INFO [ Battle Maya ] SetState_Notify_1()
2023-03-26_22:00:55 INFO [ Battle Maya ] Failed. No users at state 2
2023-03-26_22:00:55 INFO [ Battle Maya ] SetState_End()
2023-03-26_22:00:57 INFO [ Battle Maya ] SetState_EndCycle()
2023-03-26_22:00:57 INFO [ Battle Maya ] SetState_None()
2023-03-26_22:00:57 INFO SetState_End()
2023-03-26_22:00:57 INFO SetState_None()
2023-03-26_22:00:57 INFO [ Battle StandBy ] SetState_Start()
2023-03-26_22:00:57 INFO SetState_BattleStandBy()
2023-03-26_22:01:56 INFO [ Battle StandBy ] SetState_Notify()
2023-03-26_22:02:55 INFO [ Battle StandBy ] SetState_End()
2023-03-26_22:02:56 INFO [ Battle StandBy ] SetState_None()
2023-03-26_22:02:56 INFO [ Battle Maya ] SetState_StandBy_1()
2023-03-26_22:02:56 INFO SetState_BattleOfMaya()
2023-03-26_22:04:55 INFO [ Battle Maya ] SetState_Notify_1()
2023-03-26_22:04:55 INFO [ Battle Maya ] Failed. No users at state 2
2023-03-26_22:04:55 INFO [ Battle Maya ] SetState_End()
2023-03-26_22:04:57 INFO [ Battle Maya ] SetState_EndCycle()
2023-03-26_22:04:57 INFO [ Battle Maya ] SetState_None()
2023-03-26_22:04:57 INFO SetState_End()
2023-03-26_22:04:57 INFO SetState_None()
2023-03-26_22:04:57 INFO [ Battle StandBy ] SetState_Start()
2023-03-26_22:04:57 INFO SetState_BattleStandBy()
2023-03-26_22:05:56 INFO [ Battle StandBy ] SetState_Notify()
2023-03-26_22:06:55 INFO [ Battle StandBy ] SetState_End()
2023-03-26_22:06:55 INFO [ Battle StandBy ] SetState_None()
2023-03-26_22:06:55 INFO [ Battle Maya ] SetState_StandBy_1()
2023-03-26_22:06:55 INFO SetState_BattleOfMaya()
2023-03-26_22:08:54 INFO [ Battle Maya ] SetState_Notify_1()
2023-03-26_22:08:54 INFO [ Battle Maya ] Failed. No users at state 2
2023-03-26_22:08:54 INFO [ Battle Maya ] SetState_End()
2023-03-26_22:08:56 INFO [ Battle Maya ] SetState_EndCycle()
2023-03-26_22:08:56 INFO [ Battle Maya ] SetState_None()
2023-03-26_22:08:56 INFO SetState_End()
2023-03-26_22:08:56 INFO SetState_None()
2023-03-26_22:08:56 INFO [ Battle StandBy ] SetState_Start()
2023-03-26_22:08:56 INFO SetState_BattleStandBy()
2023-03-26_22:09:55 INFO [ Battle StandBy ] SetState_Notify()
2023-03-26_22:10:54 INFO [ Battle StandBy ] SetState_End()
2023-03-26_22:10:54 INFO [ Battle StandBy ] SetState_None()
2023-03-26_22:10:54 INFO [ Battle Maya ] SetState_StandBy_1()
2023-03-26_22:10:54 INFO SetState_BattleOfMaya()
2023-03-26_22:12:53 INFO [ Battle Maya ] SetState_Notify_1()
2023-03-26_22:12:53 INFO [ Battle Maya ] Failed. No users at state 2
2023-03-26_22:12:53 INFO [ Battle Maya ] SetState_End()
2023-03-26_22:12:55 INFO [ Battle Maya ] SetState_EndCycle()
2023-03-26_22:12:55 INFO [ Battle Maya ] SetState_None()
2023-03-26_22:12:55 INFO SetState_End()
2023-03-26_22:12:56 INFO SetState_None()
2023-03-26_22:12:56 INFO [ Battle StandBy ] SetState_Start()
2023-03-26_22:12:56 INFO SetState_BattleStandBy()
2023-03-26_22:13:55 INFO [ Battle StandBy ] SetState_Notify()
2023-03-26_22:14:54 INFO [ Battle StandBy ] SetState_End()
2023-03-26_22:14:54 INFO [ Battle StandBy ] SetState_None()
2023-03-26_22:14:54 INFO [ Battle Maya ] SetState_StandBy_1()
2023-03-26_22:14:54 INFO SetState_BattleOfMaya()
2023-03-26_22:16:53 INFO [ Battle Maya ] SetState_Notify_1()
2023-03-26_22:16:53 INFO [ Battle Maya ] Failed. No users at state 2
2023-03-26_22:16:53 INFO [ Battle Maya ] SetState_End()
2023-03-26_22:16:55 INFO [ Battle Maya ] SetState_EndCycle()
2023-03-26_22:16:55 INFO [ Battle Maya ] SetState_None()
2023-03-26_22:16:55 INFO SetState_End()
2023-03-26_22:16:55 INFO SetState_None()
2023-03-26_22:16:55 INFO [ Battle StandBy ] SetState_Start()
2023-03-26_22:16:55 INFO SetState_BattleStandBy()
2023-03-26_22:17:54 INFO [ Battle StandBy ] SetState_Notify()
2023-03-26_22:18:53 INFO [ Battle StandBy ] SetState_End()
2023-03-26_22:18:53 INFO [ Battle StandBy ] SetState_None()
2023-03-26_22:18:53 INFO [ Battle Maya ] SetState_StandBy_1()
2023-03-26_22:18:53 INFO SetState_BattleOfMaya()
2023-03-26_22:20:52 INFO [ Battle Maya ] SetState_Notify_1()
2023-03-26_22:20:52 INFO [ Battle Maya ] Failed. No users at state 2
2023-03-26_22:20:52 INFO [ Battle Maya ] SetState_End()
2023-03-26_22:20:54 INFO [ Battle Maya ] SetState_EndCycle()
2023-03-26_22:20:54 INFO [ Battle Maya ] SetState_None()
2023-03-26_22:20:54 INFO SetState_End()
2023-03-26_22:20:54 INFO SetState_None()
2023-03-26_22:20:54 INFO [ Battle StandBy ] SetState_Start()
2023-03-26_22:20:54 INFO SetState_BattleStandBy()
2023-03-26_22:21:53 INFO [ Battle StandBy ] SetState_Notify()
2023-03-26_22:22:52 INFO [ Battle StandBy ] SetState_End()
2023-03-26_22:22:52 INFO [ Battle StandBy ] SetState_None()
2023-03-26_22:22:53 INFO [ Battle Maya ] SetState_StandBy_1()
2023-03-26_22:22:53 INFO SetState_BattleOfMaya()
2023-03-26_22:24:52 INFO [ Battle Maya ] SetState_Notify_1()
2023-03-26_22:24:52 INFO [ Battle Maya ] Failed. No users at state 2
2023-03-26_22:24:52 INFO [ Battle Maya ] SetState_End()
2023-03-26_22:24:54 INFO [ Battle Maya ] SetState_EndCycle()
2023-03-26_22:24:54 INFO [ Battle Maya ] SetState_None()
2023-03-26_22:24:54 INFO SetState_End()
2023-03-26_22:24:54 INFO SetState_None()
2023-03-26_22:24:54 INFO [ Battle StandBy ] SetState_Start()
2023-03-26_22:24:54 INFO SetState_BattleStandBy()
2023-03-26_22:25:53 INFO [ Battle StandBy ] SetState_Notify()
2023-03-26_22:26:52 INFO [ Battle StandBy ] SetState_End()
2023-03-26_22:26:52 INFO [ Battle StandBy ] SetState_None()
2023-03-26_22:26:52 INFO [ Battle Maya ] SetState_StandBy_1()
2023-03-26_22:26:52 INFO SetState_BattleOfMaya()
2023-03-26_22:28:51 INFO [ Battle Maya ] SetState_Notify_1()
2023-03-26_22:28:51 INFO [ Battle Maya ] Failed. No users at state 2
2023-03-26_22:28:51 INFO [ Battle Maya ] SetState_End()
2023-03-26_22:28:53 INFO [ Battle Maya ] SetState_EndCycle()
2023-03-26_22:28:53 INFO [ Battle Maya ] SetState_None()
2023-03-26_22:28:53 INFO SetState_End()
2023-03-26_22:28:53 INFO SetState_None()
2023-03-26_22:28:53 INFO [ Battle StandBy ] SetState_Start()
2023-03-26_22:28:53 INFO SetState_BattleStandBy()
2023-03-26_22:29:52 INFO [ Battle StandBy ] SetState_Notify()
2023-03-26_22:30:51 INFO [ Battle StandBy ] SetState_End()
2023-03-26_22:30:51 INFO [ Battle StandBy ] SetState_None()
2023-03-26_22:30:51 INFO [ Battle Maya ] SetState_StandBy_1()
2023-03-26_22:30:51 INFO SetState_BattleOfMaya()
2023-03-26_22:32:50 INFO [ Battle Maya ] SetState_Notify_1()
2023-03-26_22:32:50 INFO [ Battle Maya ] Failed. No users at state 2
2023-03-26_22:32:50 INFO [ Battle Maya ] SetState_End()
2023-03-26_22:32:52 INFO [ Battle Maya ] SetState_EndCycle()
2023-03-26_22:32:52 INFO [ Battle Maya ] SetState_None()
2023-03-26_22:32:52 INFO SetState_End()
2023-03-26_22:32:53 INFO SetState_None()
2023-03-26_22:32:53 INFO [ Battle StandBy ] SetState_Start()
2023-03-26_22:32:53 INFO SetState_BattleStandBy()
2023-03-26_22:33:52 INFO [ Battle StandBy ] SetState_Notify()
2023-03-26_22:34:51 INFO [ Battle StandBy ] SetState_End()
2023-03-26_22:34:51 INFO [ Battle StandBy ] SetState_None()
2023-03-26_22:34:51 INFO [ Battle Maya ] SetState_StandBy_1()
2023-03-26_22:34:51 INFO SetState_BattleOfMaya()
2023-03-26_22:36:50 INFO [ Battle Maya ] SetState_Notify_1()
2023-03-26_22:36:50 INFO [ Battle Maya ] Failed. No users at state 2
2023-03-26_22:36:50 INFO [ Battle Maya ] SetState_End()
2023-03-26_22:36:52 INFO [ Battle Maya ] SetState_EndCycle()
2023-03-26_22:36:52 INFO [ Battle Maya ] SetState_None()
2023-03-26_22:36:52 INFO SetState_End()
2023-03-26_22:36:52 INFO SetState_None()
2023-03-26_22:36:52 INFO [ Battle StandBy ] SetState_Start()
2023-03-26_22:36:52 INFO SetState_BattleStandBy()
2023-03-26_22:37:51 INFO [ Battle StandBy ] SetState_Notify()
2023-03-26_22:38:50 INFO [ Battle StandBy ] SetState_End()
2023-03-26_22:38:50 INFO [ Battle StandBy ] SetState_None()
2023-03-26_22:38:50 INFO [ Battle Maya ] SetState_StandBy_1()
2023-03-26_22:38:50 INFO SetState_BattleOfMaya()
2023-03-26_22:40:49 INFO [ Battle Maya ] SetState_Notify_1()
2023-03-26_22:40:49 INFO [ Battle Maya ] Failed. No users at state 2
2023-03-26_22:40:49 INFO [ Battle Maya ] SetState_End()
2023-03-26_22:40:51 INFO [ Battle Maya ] SetState_EndCycle()
2023-03-26_22:40:51 INFO [ Battle Maya ] SetState_None()
2023-03-26_22:40:51 INFO SetState_End()
2023-03-26_22:40:51 INFO SetState_None()
2023-03-26_22:40:51 INFO [ Battle StandBy ] SetState_Start()
2023-03-26_22:40:51 INFO SetState_BattleStandBy()
2023-03-26_22:41:50 INFO [ Battle StandBy ] SetState_Notify()
2023-03-26_22:42:49 INFO [ Battle StandBy ] SetState_End()
2023-03-26_22:42:50 INFO [ Battle StandBy ] SetState_None()
2023-03-26_22:42:50 INFO [ Battle Maya ] SetState_StandBy_1()
2023-03-26_22:42:50 INFO SetState_BattleOfMaya()
2023-03-26_22:44:49 INFO [ Battle Maya ] SetState_Notify_1()
2023-03-26_22:44:49 INFO [ Battle Maya ] Failed. No users at state 2
2023-03-26_22:44:49 INFO [ Battle Maya ] SetState_End()
2023-03-26_22:44:51 INFO [ Battle Maya ] SetState_EndCycle()
2023-03-26_22:44:51 INFO [ Battle Maya ] SetState_None()
2023-03-26_22:44:51 INFO SetState_End()
2023-03-26_22:44:51 INFO SetState_None()
2023-03-26_22:44:51 INFO [ Battle StandBy ] SetState_Start()
2023-03-26_22:44:51 INFO SetState_BattleStandBy()
2023-03-26_22:45:50 INFO [ Battle StandBy ] SetState_Notify()
2023-03-26_22:46:49 INFO [ Battle StandBy ] SetState_End()
2023-03-26_22:46:49 INFO [ Battle StandBy ] SetState_None()
2023-03-26_22:46:49 INFO [ Battle Maya ] SetState_StandBy_1()
2023-03-26_22:46:49 INFO SetState_BattleOfMaya()
2023-03-26_22:48:48 INFO [ Battle Maya ] SetState_Notify_1()
2023-03-26_22:48:48 INFO [ Battle Maya ] Failed. No users at state 2
2023-03-26_22:48:48 INFO [ Battle Maya ] SetState_End()
2023-03-26_22:48:50 INFO [ Battle Maya ] SetState_EndCycle()
2023-03-26_22:48:50 INFO [ Battle Maya ] SetState_None()
2023-03-26_22:48:50 INFO SetState_End()
2023-03-26_22:48:50 INFO SetState_None()
2023-03-26_22:48:50 INFO [ Battle StandBy ] SetState_Start()
2023-03-26_22:48:50 INFO SetState_BattleStandBy()
2023-03-26_22:49:49 INFO [ Battle StandBy ] SetState_Notify()
2023-03-26_22:50:48 INFO [ Battle StandBy ] SetState_End()
2023-03-26_22:50:48 INFO [ Battle StandBy ] SetState_None()
2023-03-26_22:50:48 INFO [ Battle Maya ] SetState_StandBy_1()
2023-03-26_22:50:48 INFO SetState_BattleOfMaya()
2023-03-26_22:52:47 INFO [ Battle Maya ] SetState_Notify_1()
2023-03-26_22:52:47 INFO [ Battle Maya ] Failed. No users at state 2
2023-03-26_22:52:47 INFO [ Battle Maya ] SetState_End()
2023-03-26_22:52:50 INFO [ Battle Maya ] SetState_EndCycle()
2023-03-26_22:52:50 INFO [ Battle Maya ] SetState_None()
2023-03-26_22:52:50 INFO SetState_End()
2023-03-26_22:52:50 INFO SetState_None()
2023-03-26_22:52:50 INFO [ Battle StandBy ] SetState_Start()
2023-03-26_22:52:50 INFO SetState_BattleStandBy()
2023-03-26_22:53:49 INFO [ Battle StandBy ] SetState_Notify()
2023-03-26_22:54:48 INFO [ Battle StandBy ] SetState_End()
2023-03-26_22:54:48 INFO [ Battle StandBy ] SetState_None()
2023-03-26_22:54:48 INFO [ Battle Maya ] SetState_StandBy_1()
2023-03-26_22:54:48 INFO SetState_BattleOfMaya()
2023-03-26_22:56:47 INFO [ Battle Maya ] SetState_Notify_1()
2023-03-26_22:56:47 INFO [ Battle Maya ] Failed. No users at state 2
2023-03-26_22:56:47 INFO [ Battle Maya ] SetState_End()
2023-03-26_22:56:49 INFO [ Battle Maya ] SetState_EndCycle()
2023-03-26_22:56:49 INFO [ Battle Maya ] SetState_None()
2023-03-26_22:56:49 INFO SetState_End()
2023-03-26_22:56:49 INFO SetState_None()
2023-03-26_22:56:49 INFO [ Battle StandBy ] SetState_Start()
2023-03-26_22:56:49 INFO SetState_BattleStandBy()
2023-03-26_22:57:48 INFO [ Battle StandBy ] SetState_Notify()
2023-03-26_22:58:47 INFO [ Battle StandBy ] SetState_End()
2023-03-26_22:58:47 INFO [ Battle StandBy ] SetState_None()
2023-03-26_22:58:47 INFO [ Battle Maya ] SetState_StandBy_1()
2023-03-26_22:58:47 INFO SetState_BattleOfMaya()
2023-03-26_23:00:46 INFO [ Battle Maya ] SetState_Notify_1()
2023-03-26_23:00:46 INFO [ Battle Maya ] Failed. No users at state 2
2023-03-26_23:00:46 INFO [ Battle Maya ] SetState_End()
2023-03-26_23:00:48 INFO [ Battle Maya ] SetState_EndCycle()
2023-03-26_23:00:48 INFO [ Battle Maya ] SetState_None()
2023-03-26_23:00:48 INFO SetState_End()
2023-03-26_23:00:48 INFO SetState_None()
2023-03-26_23:00:49 INFO [ Battle StandBy ] SetState_Start()
2023-03-26_23:00:49 INFO SetState_BattleStandBy()
2023-03-26_23:01:48 INFO [ Battle StandBy ] SetState_Notify()
2023-03-26_23:02:47 INFO [ Battle StandBy ] SetState_End()
2023-03-26_23:02:47 INFO [ Battle StandBy ] SetState_None()
2023-03-26_23:02:47 INFO [ Battle Maya ] SetState_StandBy_1()
2023-03-26_23:02:47 INFO SetState_BattleOfMaya()
2023-03-26_23:04:46 INFO [ Battle Maya ] SetState_Notify_1()
2023-03-26_23:04:46 INFO [ Battle Maya ] Failed. No users at state 2
2023-03-26_23:04:46 INFO [ Battle Maya ] SetState_End()
2023-03-26_23:04:48 INFO [ Battle Maya ] SetState_EndCycle()
2023-03-26_23:04:48 INFO [ Battle Maya ] SetState_None()
2023-03-26_23:04:48 INFO SetState_End()
2023-03-26_23:04:48 INFO SetState_None()
2023-03-26_23:04:48 INFO [ Battle StandBy ] SetState_Start()
2023-03-26_23:04:48 INFO SetState_BattleStandBy()
2023-03-26_23:05:47 INFO [ Battle StandBy ] SetState_Notify()
2023-03-26_23:06:46 INFO [ Battle StandBy ] SetState_End()
2023-03-26_23:06:46 INFO [ Battle StandBy ] SetState_None()
2023-03-26_23:06:46 INFO [ Battle Maya ] SetState_StandBy_1()
2023-03-26_23:06:46 INFO SetState_BattleOfMaya()
2023-03-26_23:08:45 INFO [ Battle Maya ] SetState_Notify_1()
2023-03-26_23:08:45 INFO [ Battle Maya ] Failed. No users at state 2
2023-03-26_23:08:45 INFO [ Battle Maya ] SetState_End()
2023-03-26_23:08:47 INFO [ Battle Maya ] SetState_EndCycle()
2023-03-26_23:08:47 INFO [ Battle Maya ] SetState_None()
2023-03-26_23:08:47 INFO SetState_End()
2023-03-26_23:08:47 INFO SetState_None()
2023-03-26_23:08:47 INFO [ Battle StandBy ] SetState_Start()
2023-03-26_23:08:47 INFO SetState_BattleStandBy()
2023-03-26_23:09:46 INFO [ Battle StandBy ] SetState_Notify()
2023-03-26_23:10:45 INFO [ Battle StandBy ] SetState_End()
2023-03-26_23:10:46 INFO [ Battle StandBy ] SetState_None()
2023-03-26_23:10:46 INFO [ Battle Maya ] SetState_StandBy_1()
2023-03-26_23:10:46 INFO SetState_BattleOfMaya()
2023-03-26_23:12:45 INFO [ Battle Maya ] SetState_Notify_1()
2023-03-26_23:12:45 INFO [ Battle Maya ] Failed. No users at state 2
2023-03-26_23:12:45 INFO [ Battle Maya ] SetState_End()
2023-03-26_23:12:47 INFO [ Battle Maya ] SetState_EndCycle()
2023-03-26_23:12:47 INFO [ Battle Maya ] SetState_None()
2023-03-26_23:12:47 INFO SetState_End()
2023-03-26_23:12:47 INFO SetState_None()
2023-03-26_23:12:47 INFO [ Battle StandBy ] SetState_Start()
2023-03-26_23:12:47 INFO SetState_BattleStandBy()
2023-03-26_23:13:46 INFO [ Battle StandBy ] SetState_Notify()
2023-03-26_23:14:45 INFO [ Battle StandBy ] SetState_End()
2023-03-26_23:14:45 INFO [ Battle StandBy ] SetState_None()
2023-03-26_23:14:45 INFO [ Battle Maya ] SetState_StandBy_1()
2023-03-26_23:14:45 INFO SetState_BattleOfMaya()
2023-03-26_23:16:44 INFO [ Battle Maya ] SetState_Notify_1()
2023-03-26_23:16:44 INFO [ Battle Maya ] Failed. No users at state 2
2023-03-26_23:16:44 INFO [ Battle Maya ] SetState_End()
2023-03-26_23:16:46 INFO [ Battle Maya ] SetState_EndCycle()
2023-03-26_23:16:46 INFO [ Battle Maya ] SetState_None()
2023-03-26_23:16:46 INFO SetState_End()
2023-03-26_23:16:46 INFO SetState_None()
2023-03-26_23:16:46 INFO [ Battle StandBy ] SetState_Start()
2023-03-26_23:16:46 INFO SetState_BattleStandBy()
2023-03-26_23:17:45 INFO [ Battle StandBy ] SetState_Notify()
2023-03-26_23:18:44 INFO [ Battle StandBy ] SetState_End()
2023-03-26_23:18:44 INFO [ Battle StandBy ] SetState_None()
2023-03-26_23:18:44 INFO [ Battle Maya ] SetState_StandBy_1()
2023-03-26_23:18:44 INFO SetState_BattleOfMaya()
2023-03-26_23:20:43 INFO [ Battle Maya ] SetState_Notify_1()
2023-03-26_23:20:43 INFO [ Battle Maya ] Failed. No users at state 2
2023-03-26_23:20:43 INFO [ Battle Maya ] SetState_End()
2023-03-26_23:20:45 INFO [ Battle Maya ] SetState_EndCycle()
2023-03-26_23:20:46 INFO [ Battle Maya ] SetState_None()
2023-03-26_23:20:46 INFO SetState_End()
2023-03-26_23:20:46 INFO SetState_None()
2023-03-26_23:20:46 INFO [ Battle StandBy ] SetState_Start()
2023-03-26_23:20:46 INFO SetState_BattleStandBy()
2023-03-26_23:21:45 INFO [ Battle StandBy ] SetState_Notify()
2023-03-26_23:22:44 INFO [ Battle StandBy ] SetState_End()
2023-03-26_23:22:44 INFO [ Battle StandBy ] SetState_None()
2023-03-26_23:22:44 INFO [ Battle Maya ] SetState_StandBy_1()
2023-03-26_23:22:44 INFO SetState_BattleOfMaya()
2023-03-26_23:24:43 INFO [ Battle Maya ] SetState_Notify_1()
2023-03-26_23:24:43 INFO [ Battle Maya ] Failed. No users at state 2
2023-03-26_23:24:43 INFO [ Battle Maya ] SetState_End()
2023-03-26_23:24:45 INFO [ Battle Maya ] SetState_EndCycle()
2023-03-26_23:24:45 INFO [ Battle Maya ] SetState_None()
2023-03-26_23:24:45 INFO SetState_End()
2023-03-26_23:24:45 INFO SetState_None()
2023-03-26_23:24:45 INFO [ Battle StandBy ] SetState_Start()
2023-03-26_23:24:45 INFO SetState_BattleStandBy()
2023-03-26_23:25:44 INFO [ Battle StandBy ] SetState_Notify()
2023-03-26_23:26:43 INFO [ Battle StandBy ] SetState_End()
2023-03-26_23:26:43 INFO [ Battle StandBy ] SetState_None()
2023-03-26_23:26:43 INFO [ Battle Maya ] SetState_StandBy_1()
2023-03-26_23:26:43 INFO SetState_BattleOfMaya()
2023-03-26_23:28:42 INFO [ Battle Maya ] SetState_Notify_1()
2023-03-26_23:28:42 INFO [ Battle Maya ] Failed. No users at state 2
2023-03-26_23:28:42 INFO [ Battle Maya ] SetState_End()
2023-03-26_23:28:44 INFO [ Battle Maya ] SetState_EndCycle()
2023-03-26_23:28:44 INFO [ Battle Maya ] SetState_None()
2023-03-26_23:28:44 INFO SetState_End()
2023-03-26_23:28:44 INFO SetState_None()
2023-03-26_23:28:44 INFO [ Battle StandBy ] SetState_Start()
2023-03-26_23:28:44 INFO SetState_BattleStandBy()
2023-03-26_23:29:44 INFO [ Battle StandBy ] SetState_Notify()
2023-03-26_23:30:43 INFO [ Battle StandBy ] SetState_End()
2023-03-26_23:30:43 INFO [ Battle StandBy ] SetState_None()
2023-03-26_23:30:43 INFO [ Battle Maya ] SetState_StandBy_1()
2023-03-26_23:30:43 INFO SetState_BattleOfMaya()
2023-03-26_23:32:42 INFO [ Battle Maya ] SetState_Notify_1()
2023-03-26_23:32:42 INFO [ Battle Maya ] Failed. No users at state 2
2023-03-26_23:32:42 INFO [ Battle Maya ] SetState_End()
2023-03-26_23:32:44 INFO [ Battle Maya ] SetState_EndCycle()
2023-03-26_23:32:44 INFO [ Battle Maya ] SetState_None()
2023-03-26_23:32:44 INFO SetState_End()
2023-03-26_23:32:44 INFO SetState_None()
2023-03-26_23:32:44 INFO [ Battle StandBy ] SetState_Start()
2023-03-26_23:32:44 INFO SetState_BattleStandBy()
2023-03-26_23:33:43 INFO [ Battle StandBy ] SetState_Notify()
2023-03-26_23:34:42 INFO [ Battle StandBy ] SetState_End()
2023-03-26_23:34:42 INFO [ Battle StandBy ] SetState_None()
2023-03-26_23:34:42 INFO [ Battle Maya ] SetState_StandBy_1()
2023-03-26_23:34:42 INFO SetState_BattleOfMaya()
2023-03-26_23:36:41 INFO [ Battle Maya ] SetState_Notify_1()
2023-03-26_23:36:41 INFO [ Battle Maya ] Failed. No users at state 2
2023-03-26_23:36:41 INFO [ Battle Maya ] SetState_End()
2023-03-26_23:36:43 INFO [ Battle Maya ] SetState_EndCycle()
2023-03-26_23:36:43 INFO [ Battle Maya ] SetState_None()
2023-03-26_23:36:43 INFO SetState_End()
2023-03-26_23:36:43 INFO SetState_None()
2023-03-26_23:36:43 INFO [ Battle StandBy ] SetState_Start()
2023-03-26_23:36:43 INFO SetState_BattleStandBy()
2023-03-26_23:37:42 INFO [ Battle StandBy ] SetState_Notify()
2023-03-26_23:38:41 INFO [ Battle StandBy ] SetState_End()
2023-03-26_23:38:41 INFO [ Battle StandBy ] SetState_None()
2023-03-26_23:38:41 INFO [ Battle Maya ] SetState_StandBy_1()
2023-03-26_23:38:41 INFO SetState_BattleOfMaya()
2023-03-26_23:40:40 INFO [ Battle Maya ] SetState_Notify_1()
2023-03-26_23:40:40 INFO [ Battle Maya ] Failed. No users at state 2
2023-03-26_23:40:41 INFO [ Battle Maya ] SetState_End()
2023-03-26_23:40:43 INFO [ Battle Maya ] SetState_EndCycle()
2023-03-26_23:40:43 INFO [ Battle Maya ] SetState_None()
2023-03-26_23:40:43 INFO SetState_End()
2023-03-26_23:40:43 INFO SetState_None()
2023-03-26_23:40:43 INFO [ Battle StandBy ] SetState_Start()
2023-03-26_23:40:43 INFO SetState_BattleStandBy()
2023-03-26_23:41:42 INFO [ Battle StandBy ] SetState_Notify()
2023-03-26_23:42:41 INFO [ Battle StandBy ] SetState_End()
2023-03-26_23:42:41 INFO [ Battle StandBy ] SetState_None()
2023-03-26_23:42:41 INFO [ Battle Maya ] SetState_StandBy_1()
2023-03-26_23:42:41 INFO SetState_BattleOfMaya()
2023-03-26_23:44:40 INFO [ Battle Maya ] SetState_Notify_1()
2023-03-26_23:44:40 INFO [ Battle Maya ] Failed. No users at state 2
2023-03-26_23:44:40 INFO [ Battle Maya ] SetState_End()
2023-03-26_23:44:42 INFO [ Battle Maya ] SetState_EndCycle()
2023-03-26_23:44:42 INFO [ Battle Maya ] SetState_None()
2023-03-26_23:44:42 INFO SetState_End()
2023-03-26_23:44:42 INFO SetState_None()
2023-03-26_23:44:42 INFO [ Battle StandBy ] SetState_Start()
2023-03-26_23:44:42 INFO SetState_BattleStandBy()
2023-03-26_23:45:41 INFO [ Battle StandBy ] SetState_Notify()
2023-03-26_23:46:40 INFO [ Battle StandBy ] SetState_End()
2023-03-26_23:46:40 INFO [ Battle StandBy ] SetState_None()
2023-03-26_23:46:40 INFO [ Battle Maya ] SetState_StandBy_1()
2023-03-26_23:46:40 INFO SetState_BattleOfMaya()
2023-03-26_23:48:39 INFO [ Battle Maya ] SetState_Notify_1()
2023-03-26_23:48:39 INFO [ Battle Maya ] Failed. No users at state 2
2023-03-26_23:48:39 INFO [ Battle Maya ] SetState_End()
2023-03-26_23:48:41 INFO [ Battle Maya ] SetState_EndCycle()
2023-03-26_23:48:41 INFO [ Battle Maya ] SetState_None()
2023-03-26_23:48:41 INFO SetState_End()
2023-03-26_23:48:42 INFO SetState_None()
2023-03-26_23:48:42 INFO [ Battle StandBy ] SetState_Start()
2023-03-26_23:48:42 INFO SetState_BattleStandBy()
2023-03-26_23:49:41 INFO [ Battle StandBy ] SetState_Notify()
2023-03-26_23:50:40 INFO [ Battle StandBy ] SetState_End()
2023-03-26_23:50:40 INFO [ Battle StandBy ] SetState_None()
2023-03-26_23:50:40 INFO [ Battle Maya ] SetState_StandBy_1()
2023-03-26_23:50:40 INFO SetState_BattleOfMaya()
2023-03-26_23:52:39 INFO [ Battle Maya ] SetState_Notify_1()
2023-03-26_23:52:39 INFO [ Battle Maya ] Failed. No users at state 2
2023-03-26_23:52:39 INFO [ Battle Maya ] SetState_End()
2023-03-26_23:52:41 INFO [ Battle Maya ] SetState_EndCycle()
2023-03-26_23:52:41 INFO [ Battle Maya ] SetState_None()
2023-03-26_23:52:41 INFO SetState_End()
2023-03-26_23:52:41 INFO SetState_None()
2023-03-26_23:52:41 INFO [ Battle StandBy ] SetState_Start()
2023-03-26_23:52:41 INFO SetState_BattleStandBy()
2023-03-26_23:53:40 INFO [ Battle StandBy ] SetState_Notify()
2023-03-26_23:54:39 INFO [ Battle StandBy ] SetState_End()
2023-03-26_23:54:39 INFO [ Battle StandBy ] SetState_None()
2023-03-26_23:54:39 INFO [ Battle Maya ] SetState_StandBy_1()
2023-03-26_23:54:39 INFO SetState_BattleOfMaya()
2023-03-26_23:56:38 INFO [ Battle Maya ] SetState_Notify_1()
2023-03-26_23:56:38 INFO [ Battle Maya ] Failed. No users at state 2
2023-03-26_23:56:38 INFO [ Battle Maya ] SetState_End()
2023-03-26_23:56:40 INFO [ Battle Maya ] SetState_EndCycle()
2023-03-26_23:56:40 INFO [ Battle Maya ] SetState_None()
2023-03-26_23:56:40 INFO SetState_End()
2023-03-26_23:56:40 INFO SetState_None()
2023-03-26_23:56:40 INFO [ Battle StandBy ] SetState_Start()
2023-03-26_23:56:40 INFO SetState_BattleStandBy()
2023-03-26_23:57:39 INFO [ Battle StandBy ] SetState_Notify()
2023-03-26_23:58:38 INFO [ Battle StandBy ] SetState_End()
2023-03-26_23:58:39 INFO [ Battle StandBy ] SetState_None()
2023-03-26_23:58:39 INFO [ Battle Maya ] SetState_StandBy_1()
2023-03-26_23:58:39 INFO SetState_BattleOfMaya()
