2023-03-03_23:10:02 INFO [ Battle StandBy ] SetState_Start()
2023-03-03_23:10:02 INFO SetState_BattleStandBy()
2023-03-03_23:11:01 INFO [ Battle StandBy ] SetState_Notify()
2023-03-03_23:12:00 INFO [ Battle StandBy ] SetState_End()
2023-03-03_23:12:00 INFO [ Battle StandBy ] SetState_None()
2023-03-03_23:12:00 INFO [ Battle Maya ] SetState_StandBy_1()
2023-03-03_23:12:00 INFO SetState_BattleOfMaya()
2023-03-03_23:13:59 INFO [ Battle Maya ] SetState_Notify_1()
2023-03-03_23:13:59 INFO [ Battle Maya ] Failed. No users at state 2
2023-03-03_23:13:59 INFO [ Battle Maya ] SetState_End()
2023-03-03_23:14:01 INFO [ Battle Maya ] SetState_EndCycle()
2023-03-03_23:14:01 INFO [ Battle Maya ] SetState_None()
2023-03-03_23:14:01 INFO SetState_End()
2023-03-03_23:14:01 INFO SetState_None()
2023-03-03_23:14:01 INFO [ Battle StandBy ] SetState_Start()
2023-03-03_23:14:01 INFO SetState_BattleStandBy()
2023-03-03_23:15:00 INFO [ Battle StandBy ] SetState_Notify()
2023-03-03_23:15:59 INFO [ Battle StandBy ] SetState_End()
2023-03-03_23:15:59 INFO [ Battle StandBy ] SetState_None()
2023-03-03_23:15:59 INFO [ Battle Maya ] SetState_StandBy_1()
2023-03-03_23:15:59 INFO SetState_BattleOfMaya()
2023-03-03_23:17:58 INFO [ Battle Maya ] SetState_Notify_1()
2023-03-03_23:17:58 INFO [ Battle Maya ] Failed. No users at state 2
2023-03-03_23:17:58 INFO [ Battle Maya ] SetState_End()
2023-03-03_23:18:00 INFO [ Battle Maya ] SetState_EndCycle()
2023-03-03_23:18:00 INFO [ Battle Maya ] SetState_None()
2023-03-03_23:18:00 INFO SetState_End()
2023-03-03_23:18:01 INFO SetState_None()
2023-03-03_23:18:01 INFO [ Battle StandBy ] SetState_Start()
2023-03-03_23:18:01 INFO SetState_BattleStandBy()
2023-03-03_23:19:00 INFO [ Battle StandBy ] SetState_Notify()
2023-03-03_23:19:59 INFO [ Battle StandBy ] SetState_End()
2023-03-03_23:19:59 INFO [ Battle StandBy ] SetState_None()
2023-03-03_23:19:59 INFO [ Battle Maya ] SetState_StandBy_1()
2023-03-03_23:19:59 INFO SetState_BattleOfMaya()
2023-03-03_23:21:58 INFO [ Battle Maya ] SetState_Notify_1()
2023-03-03_23:21:58 INFO [ Battle Maya ] Failed. No users at state 2
2023-03-03_23:21:58 INFO [ Battle Maya ] SetState_End()
2023-03-03_23:22:00 INFO [ Battle Maya ] SetState_EndCycle()
2023-03-03_23:22:00 INFO [ Battle Maya ] SetState_None()
2023-03-03_23:22:00 INFO SetState_End()
2023-03-03_23:22:00 INFO SetState_None()
2023-03-03_23:22:00 INFO [ Battle StandBy ] SetState_Start()
2023-03-03_23:22:00 INFO SetState_BattleStandBy()
2023-03-03_23:22:59 INFO [ Battle StandBy ] SetState_Notify()
2023-03-03_23:23:58 INFO [ Battle StandBy ] SetState_End()
2023-03-03_23:23:58 INFO [ Battle StandBy ] SetState_None()
2023-03-03_23:23:58 INFO [ Battle Maya ] SetState_StandBy_1()
2023-03-03_23:23:58 INFO SetState_BattleOfMaya()
2023-03-03_23:25:57 INFO [ Battle Maya ] SetState_Notify_1()
2023-03-03_23:25:57 INFO [ Battle Maya ] Failed. No users at state 2
2023-03-03_23:25:57 INFO [ Battle Maya ] SetState_End()
2023-03-03_23:25:59 INFO [ Battle Maya ] SetState_EndCycle()
2023-03-03_23:25:59 INFO [ Battle Maya ] SetState_None()
2023-03-03_23:25:59 INFO SetState_End()
2023-03-03_23:25:59 INFO SetState_None()
2023-03-03_23:25:59 INFO [ Battle StandBy ] SetState_Start()
2023-03-03_23:25:59 INFO SetState_BattleStandBy()
2023-03-03_23:26:58 INFO [ Battle StandBy ] SetState_Notify()
2023-03-03_23:27:57 INFO [ Battle StandBy ] SetState_End()
2023-03-03_23:27:58 INFO [ Battle StandBy ] SetState_None()
2023-03-03_23:27:58 INFO [ Battle Maya ] SetState_StandBy_1()
2023-03-03_23:27:58 INFO SetState_BattleOfMaya()
2023-03-03_23:29:57 INFO [ Battle Maya ] SetState_Notify_1()
2023-03-03_23:29:57 INFO [ Battle Maya ] Failed. No users at state 2
2023-03-03_23:29:57 INFO [ Battle Maya ] SetState_End()
2023-03-03_23:29:59 INFO [ Battle Maya ] SetState_EndCycle()
2023-03-03_23:29:59 INFO [ Battle Maya ] SetState_None()
2023-03-03_23:29:59 INFO SetState_End()
2023-03-03_23:29:59 INFO SetState_None()
2023-03-03_23:29:59 INFO [ Battle StandBy ] SetState_Start()
2023-03-03_23:29:59 INFO SetState_BattleStandBy()
2023-03-03_23:30:58 INFO [ Battle StandBy ] SetState_Notify()
2023-03-03_23:31:57 INFO [ Battle StandBy ] SetState_End()
2023-03-03_23:31:57 INFO [ Battle StandBy ] SetState_None()
2023-03-03_23:31:57 INFO [ Battle Maya ] SetState_StandBy_1()
2023-03-03_23:31:57 INFO SetState_BattleOfMaya()
2023-03-03_23:33:56 INFO [ Battle Maya ] SetState_Notify_1()
2023-03-03_23:33:56 INFO [ Battle Maya ] Failed. No users at state 2
2023-03-03_23:33:56 INFO [ Battle Maya ] SetState_End()
2023-03-03_23:33:58 INFO [ Battle Maya ] SetState_EndCycle()
2023-03-03_23:33:58 INFO [ Battle Maya ] SetState_None()
2023-03-03_23:33:58 INFO SetState_End()
2023-03-03_23:33:58 INFO SetState_None()
2023-03-03_23:33:58 INFO [ Battle StandBy ] SetState_Start()
2023-03-03_23:33:58 INFO SetState_BattleStandBy()
2023-03-03_23:34:57 INFO [ Battle StandBy ] SetState_Notify()
2023-03-03_23:35:56 INFO [ Battle StandBy ] SetState_End()
2023-03-03_23:35:57 INFO [ Battle StandBy ] SetState_None()
2023-03-03_23:35:57 INFO [ Battle Maya ] SetState_StandBy_1()
2023-03-03_23:35:57 INFO SetState_BattleOfMaya()
2023-03-03_23:37:56 INFO [ Battle Maya ] SetState_Notify_1()
2023-03-03_23:37:56 INFO [ Battle Maya ] Failed. No users at state 2
2023-03-03_23:37:56 INFO [ Battle Maya ] SetState_End()
2023-03-03_23:37:58 INFO [ Battle Maya ] SetState_EndCycle()
2023-03-03_23:37:58 INFO [ Battle Maya ] SetState_None()
2023-03-03_23:37:58 INFO SetState_End()
2023-03-03_23:37:58 INFO SetState_None()
2023-03-03_23:37:58 INFO [ Battle StandBy ] SetState_Start()
2023-03-03_23:37:58 INFO SetState_BattleStandBy()
2023-03-03_23:38:57 INFO [ Battle StandBy ] SetState_Notify()
2023-03-03_23:39:56 INFO [ Battle StandBy ] SetState_End()
2023-03-03_23:39:56 INFO [ Battle StandBy ] SetState_None()
2023-03-03_23:39:56 INFO [ Battle Maya ] SetState_StandBy_1()
2023-03-03_23:39:56 INFO SetState_BattleOfMaya()
2023-03-03_23:41:55 INFO [ Battle Maya ] SetState_Notify_1()
2023-03-03_23:41:55 INFO [ Battle Maya ] Failed. No users at state 2
2023-03-03_23:41:55 INFO [ Battle Maya ] SetState_End()
2023-03-03_23:41:57 INFO [ Battle Maya ] SetState_EndCycle()
2023-03-03_23:41:57 INFO [ Battle Maya ] SetState_None()
2023-03-03_23:41:57 INFO SetState_End()
2023-03-03_23:41:57 INFO SetState_None()
2023-03-03_23:41:57 INFO [ Battle StandBy ] SetState_Start()
2023-03-03_23:41:57 INFO SetState_BattleStandBy()
2023-03-03_23:42:56 INFO [ Battle StandBy ] SetState_Notify()
2023-03-03_23:43:55 INFO [ Battle StandBy ] SetState_End()
2023-03-03_23:43:55 INFO [ Battle StandBy ] SetState_None()
2023-03-03_23:43:55 INFO [ Battle Maya ] SetState_StandBy_1()
2023-03-03_23:43:55 INFO SetState_BattleOfMaya()
2023-03-03_23:45:54 INFO [ Battle Maya ] SetState_Notify_1()
2023-03-03_23:45:54 INFO [ Battle Maya ] Failed. No users at state 2
2023-03-03_23:45:54 INFO [ Battle Maya ] SetState_End()
2023-03-03_23:45:56 INFO [ Battle Maya ] SetState_EndCycle()
2023-03-03_23:45:57 INFO [ Battle Maya ] SetState_None()
2023-03-03_23:45:57 INFO SetState_End()
2023-03-03_23:45:57 INFO SetState_None()
2023-03-03_23:45:57 INFO [ Battle StandBy ] SetState_Start()
2023-03-03_23:45:57 INFO SetState_BattleStandBy()
2023-03-03_23:46:56 INFO [ Battle StandBy ] SetState_Notify()
2023-03-03_23:47:55 INFO [ Battle StandBy ] SetState_End()
2023-03-03_23:47:55 INFO [ Battle StandBy ] SetState_None()
2023-03-03_23:47:55 INFO [ Battle Maya ] SetState_StandBy_1()
2023-03-03_23:47:55 INFO SetState_BattleOfMaya()
2023-03-03_23:49:54 INFO [ Battle Maya ] SetState_Notify_1()
2023-03-03_23:49:54 INFO [ Battle Maya ] Failed. No users at state 2
2023-03-03_23:49:54 INFO [ Battle Maya ] SetState_End()
2023-03-03_23:49:56 INFO [ Battle Maya ] SetState_EndCycle()
2023-03-03_23:49:56 INFO [ Battle Maya ] SetState_None()
2023-03-03_23:49:56 INFO SetState_End()
2023-03-03_23:49:56 INFO SetState_None()
2023-03-03_23:49:56 INFO [ Battle StandBy ] SetState_Start()
2023-03-03_23:49:56 INFO SetState_BattleStandBy()
2023-03-03_23:50:55 INFO [ Battle StandBy ] SetState_Notify()
2023-03-03_23:51:54 INFO [ Battle StandBy ] SetState_End()
2023-03-03_23:51:54 INFO [ Battle StandBy ] SetState_None()
2023-03-03_23:51:54 INFO [ Battle Maya ] SetState_StandBy_1()
2023-03-03_23:51:54 INFO SetState_BattleOfMaya()
2023-03-03_23:53:53 INFO [ Battle Maya ] SetState_Notify_1()
2023-03-03_23:53:53 INFO [ Battle Maya ] Failed. No users at state 2
2023-03-03_23:53:53 INFO [ Battle Maya ] SetState_End()
2023-03-03_23:53:55 INFO [ Battle Maya ] SetState_EndCycle()
2023-03-03_23:53:55 INFO [ Battle Maya ] SetState_None()
2023-03-03_23:53:55 INFO SetState_End()
2023-03-03_23:53:55 INFO SetState_None()
2023-03-03_23:53:55 INFO [ Battle StandBy ] SetState_Start()
2023-03-03_23:53:55 INFO SetState_BattleStandBy()
2023-03-03_23:54:54 INFO [ Battle StandBy ] SetState_Notify()
2023-03-03_23:55:53 INFO [ Battle StandBy ] SetState_End()
2023-03-03_23:55:53 INFO [ Battle StandBy ] SetState_None()
2023-03-03_23:55:53 INFO [ Battle Maya ] SetState_StandBy_1()
2023-03-03_23:55:53 INFO SetState_BattleOfMaya()
2023-03-03_23:57:52 INFO [ Battle Maya ] SetState_Notify_1()
2023-03-03_23:57:52 INFO [ Battle Maya ] Failed. No users at state 2
2023-03-03_23:57:52 INFO [ Battle Maya ] SetState_End()
2023-03-03_23:57:55 INFO [ Battle Maya ] SetState_EndCycle()
2023-03-03_23:57:55 INFO [ Battle Maya ] SetState_None()
2023-03-03_23:57:55 INFO SetState_End()
2023-03-03_23:57:55 INFO SetState_None()
2023-03-03_23:57:55 INFO [ Battle StandBy ] SetState_Start()
2023-03-03_23:57:55 INFO SetState_BattleStandBy()
2023-03-03_23:58:54 INFO [ Battle StandBy ] SetState_Notify()
2023-03-03_23:59:53 INFO [ Battle StandBy ] SetState_End()
2023-03-03_23:59:53 INFO [ Battle StandBy ] SetState_None()
2023-03-03_23:59:53 INFO [ Battle Maya ] SetState_StandBy_1()
2023-03-03_23:59:53 INFO SetState_BattleOfMaya()
