2023-04-04_16:52:40 INFO [ Battle StandBy ] SetState_Start()
2023-04-04_16:52:40 INFO SetState_BattleStandBy()
2023-04-04_16:53:39 INFO [ Battle StandBy ] SetState_Notify()
2023-04-04_16:54:38 INFO [ Battle StandBy ] SetState_End()
2023-04-04_16:54:39 INFO [ Battle StandBy ] SetState_None()
2023-04-04_16:54:39 INFO [ Battle Maya ] SetState_StandBy_1()
2023-04-04_16:54:39 INFO SetState_BattleOfMaya()
2023-04-04_16:56:38 INFO [ Battle Maya ] SetState_Notify_1()
2023-04-04_16:56:38 INFO [ Battle Maya ] Failed. No users at state 2
2023-04-04_16:56:38 INFO [ Battle Maya ] SetState_End()
2023-04-04_16:56:40 INFO [ Battle Maya ] SetState_EndCycle()
2023-04-04_16:56:40 INFO [ Battle Maya ] SetState_None()
2023-04-04_16:56:40 INFO SetState_End()
2023-04-04_16:56:40 INFO SetState_None()
2023-04-04_16:56:40 INFO [ Battle StandBy ] SetState_Start()
2023-04-04_16:56:40 INFO SetState_BattleStandBy()
2023-04-04_16:57:39 INFO [ Battle StandBy ] SetState_Notify()
2023-04-04_16:58:38 INFO [ Battle StandBy ] SetState_End()
2023-04-04_16:58:38 INFO [ Battle StandBy ] SetState_None()
2023-04-04_16:58:38 INFO [ Battle Maya ] SetState_StandBy_1()
2023-04-04_16:58:38 INFO SetState_BattleOfMaya()
2023-04-04_17:00:37 INFO [ Battle Maya ] SetState_Notify_1()
2023-04-04_17:00:37 INFO [ Battle Maya ] Failed. No users at state 2
2023-04-04_17:00:37 INFO [ Battle Maya ] SetState_End()
2023-04-04_17:00:39 INFO [ Battle Maya ] SetState_EndCycle()
2023-04-04_17:00:39 INFO [ Battle Maya ] SetState_None()
2023-04-04_17:00:39 INFO SetState_End()
2023-04-04_17:00:39 INFO SetState_None()
2023-04-04_17:00:39 INFO [ Battle StandBy ] SetState_Start()
2023-04-04_17:00:39 INFO SetState_BattleStandBy()
2023-04-04_17:01:38 INFO [ Battle StandBy ] SetState_Notify()
2023-04-04_17:02:37 INFO [ Battle StandBy ] SetState_End()
2023-04-04_17:02:37 INFO [ Battle StandBy ] SetState_None()
2023-04-04_17:02:37 INFO [ Battle Maya ] SetState_StandBy_1()
2023-04-04_17:02:37 INFO SetState_BattleOfMaya()
2023-04-04_17:04:36 INFO [ Battle Maya ] SetState_Notify_1()
2023-04-04_17:04:36 INFO [ Battle Maya ] Failed. No users at state 2
2023-04-04_17:04:36 INFO [ Battle Maya ] SetState_End()
2023-04-04_17:04:38 INFO [ Battle Maya ] SetState_EndCycle()
2023-04-04_17:04:38 INFO [ Battle Maya ] SetState_None()
2023-04-04_17:04:38 INFO SetState_End()
2023-04-04_17:04:38 INFO SetState_None()
2023-04-04_17:04:38 INFO [ Battle StandBy ] SetState_Start()
2023-04-04_17:04:38 INFO SetState_BattleStandBy()
