2023-03-24_23:03:39 INFO [ Battle StandBy ] SetState_Start()
2023-03-24_23:03:39 INFO SetState_BattleStandBy()
2023-03-24_23:04:38 INFO [ Battle StandBy ] SetState_Notify()
2023-03-24_23:05:37 INFO [ Battle StandBy ] SetState_End()
2023-03-24_23:05:37 INFO [ Battle StandBy ] SetState_None()
2023-03-24_23:05:37 INFO [ Battle Maya ] SetState_StandBy_1()
2023-03-24_23:05:37 INFO SetState_BattleOfMaya()
2023-03-24_23:07:36 INFO [ Battle Maya ] SetState_Notify_1()
2023-03-24_23:07:36 INFO [ Battle Maya ] Failed. No users at state 2
2023-03-24_23:07:36 INFO [ Battle Maya ] SetState_End()
2023-03-24_23:07:38 INFO [ Battle Maya ] SetState_EndCycle()
2023-03-24_23:07:38 INFO [ Battle Maya ] SetState_None()
2023-03-24_23:07:38 INFO SetState_End()
2023-03-24_23:07:38 INFO SetState_None()
2023-03-24_23:07:38 INFO [ Battle StandBy ] SetState_Start()
2023-03-24_23:07:38 INFO SetState_BattleStandBy()
2023-03-24_23:08:37 INFO [ Battle StandBy ] SetState_Notify()
2023-03-24_23:09:36 INFO [ Battle StandBy ] SetState_End()
2023-03-24_23:09:36 INFO [ Battle StandBy ] SetState_None()
2023-03-24_23:09:36 INFO [ Battle Maya ] SetState_StandBy_1()
2023-03-24_23:09:36 INFO SetState_BattleOfMaya()
2023-03-24_23:11:35 INFO [ Battle Maya ] SetState_Notify_1()
2023-03-24_23:11:35 INFO [ Battle Maya ] Failed. No users at state 2
2023-03-24_23:11:35 INFO [ Battle Maya ] SetState_End()
2023-03-24_23:11:37 INFO [ Battle Maya ] SetState_EndCycle()
2023-03-24_23:11:37 INFO [ Battle Maya ] SetState_None()
2023-03-24_23:11:37 INFO SetState_End()
2023-03-24_23:11:37 INFO SetState_None()
2023-03-24_23:11:37 INFO [ Battle StandBy ] SetState_Start()
2023-03-24_23:11:37 INFO SetState_BattleStandBy()
2023-03-24_23:12:36 INFO [ Battle StandBy ] SetState_Notify()
2023-03-24_23:13:35 INFO [ Battle StandBy ] SetState_End()
2023-03-24_23:13:35 INFO [ Battle StandBy ] SetState_None()
2023-03-24_23:13:35 INFO [ Battle Maya ] SetState_StandBy_1()
2023-03-24_23:13:35 INFO SetState_BattleOfMaya()
2023-03-24_23:15:34 INFO [ Battle Maya ] SetState_Notify_1()
2023-03-24_23:15:34 INFO [ Battle Maya ] Failed. No users at state 2
2023-03-24_23:15:34 INFO [ Battle Maya ] SetState_End()
2023-03-24_23:15:36 INFO [ Battle Maya ] SetState_EndCycle()
2023-03-24_23:15:36 INFO [ Battle Maya ] SetState_None()
2023-03-24_23:15:36 INFO SetState_End()
2023-03-24_23:15:37 INFO SetState_None()
2023-03-24_23:15:37 INFO [ Battle StandBy ] SetState_Start()
2023-03-24_23:15:37 INFO SetState_BattleStandBy()
2023-03-24_23:16:36 INFO [ Battle StandBy ] SetState_Notify()
2023-03-24_23:17:35 INFO [ Battle StandBy ] SetState_End()
2023-03-24_23:17:35 INFO [ Battle StandBy ] SetState_None()
2023-03-24_23:17:35 INFO [ Battle Maya ] SetState_StandBy_1()
2023-03-24_23:17:35 INFO SetState_BattleOfMaya()
2023-03-24_23:19:34 INFO [ Battle Maya ] SetState_Notify_1()
2023-03-24_23:19:34 INFO [ Battle Maya ] Failed. No users at state 2
2023-03-24_23:19:34 INFO [ Battle Maya ] SetState_End()
2023-03-24_23:19:36 INFO [ Battle Maya ] SetState_EndCycle()
2023-03-24_23:19:36 INFO [ Battle Maya ] SetState_None()
2023-03-24_23:19:36 INFO SetState_End()
2023-03-24_23:19:36 INFO SetState_None()
2023-03-24_23:19:36 INFO [ Battle StandBy ] SetState_Start()
2023-03-24_23:19:36 INFO SetState_BattleStandBy()
2023-03-24_23:20:35 INFO [ Battle StandBy ] SetState_Notify()
2023-03-24_23:21:34 INFO [ Battle StandBy ] SetState_End()
2023-03-24_23:21:34 INFO [ Battle StandBy ] SetState_None()
2023-03-24_23:21:34 INFO [ Battle Maya ] SetState_StandBy_1()
2023-03-24_23:21:34 INFO SetState_BattleOfMaya()
2023-03-24_23:23:33 INFO [ Battle Maya ] SetState_Notify_1()
2023-03-24_23:23:33 INFO [ Battle Maya ] Failed. No users at state 2
2023-03-24_23:23:33 INFO [ Battle Maya ] SetState_End()
2023-03-24_23:23:35 INFO [ Battle Maya ] SetState_EndCycle()
2023-03-24_23:23:35 INFO [ Battle Maya ] SetState_None()
2023-03-24_23:23:35 INFO SetState_End()
2023-03-24_23:23:35 INFO SetState_None()
2023-03-24_23:23:35 INFO [ Battle StandBy ] SetState_Start()
2023-03-24_23:23:35 INFO SetState_BattleStandBy()
2023-03-24_23:24:34 INFO [ Battle StandBy ] SetState_Notify()
2023-03-24_23:25:33 INFO [ Battle StandBy ] SetState_End()
2023-03-24_23:25:33 INFO [ Battle StandBy ] SetState_None()
2023-03-24_23:25:33 INFO [ Battle Maya ] SetState_StandBy_1()
2023-03-24_23:25:33 INFO SetState_BattleOfMaya()
2023-03-24_23:27:32 INFO [ Battle Maya ] SetState_Notify_1()
2023-03-24_23:27:32 INFO [ Battle Maya ] Failed. No users at state 2
2023-03-24_23:27:32 INFO [ Battle Maya ] SetState_End()
2023-03-24_23:27:34 INFO [ Battle Maya ] SetState_EndCycle()
2023-03-24_23:27:34 INFO [ Battle Maya ] SetState_None()
2023-03-24_23:27:34 INFO SetState_End()
2023-03-24_23:27:35 INFO SetState_None()
2023-03-24_23:27:35 INFO [ Battle StandBy ] SetState_Start()
2023-03-24_23:27:35 INFO SetState_BattleStandBy()
2023-03-24_23:28:34 INFO [ Battle StandBy ] SetState_Notify()
2023-03-24_23:29:33 INFO [ Battle StandBy ] SetState_End()
2023-03-24_23:29:33 INFO [ Battle StandBy ] SetState_None()
2023-03-24_23:29:33 INFO [ Battle Maya ] SetState_StandBy_1()
2023-03-24_23:29:33 INFO SetState_BattleOfMaya()
2023-03-24_23:31:32 INFO [ Battle Maya ] SetState_Notify_1()
2023-03-24_23:31:32 INFO [ Battle Maya ] Failed. No users at state 2
2023-03-24_23:31:32 INFO [ Battle Maya ] SetState_End()
2023-03-24_23:31:34 INFO [ Battle Maya ] SetState_EndCycle()
2023-03-24_23:31:34 INFO [ Battle Maya ] SetState_None()
2023-03-24_23:31:34 INFO SetState_End()
2023-03-24_23:31:34 INFO SetState_None()
2023-03-24_23:31:34 INFO [ Battle StandBy ] SetState_Start()
2023-03-24_23:31:34 INFO SetState_BattleStandBy()
2023-03-24_23:32:33 INFO [ Battle StandBy ] SetState_Notify()
2023-03-24_23:33:32 INFO [ Battle StandBy ] SetState_End()
2023-03-24_23:33:32 INFO [ Battle StandBy ] SetState_None()
2023-03-24_23:33:32 INFO [ Battle Maya ] SetState_StandBy_1()
2023-03-24_23:33:32 INFO SetState_BattleOfMaya()
2023-03-24_23:35:31 INFO [ Battle Maya ] SetState_Notify_1()
2023-03-24_23:35:31 INFO [ Battle Maya ] Failed. No users at state 2
2023-03-24_23:35:31 INFO [ Battle Maya ] SetState_End()
2023-03-24_23:35:33 INFO [ Battle Maya ] SetState_EndCycle()
2023-03-24_23:35:33 INFO [ Battle Maya ] SetState_None()
2023-03-24_23:35:33 INFO SetState_End()
2023-03-24_23:35:33 INFO SetState_None()
2023-03-24_23:35:33 INFO [ Battle StandBy ] SetState_Start()
2023-03-24_23:35:33 INFO SetState_BattleStandBy()
2023-03-24_23:36:32 INFO [ Battle StandBy ] SetState_Notify()
2023-03-24_23:37:31 INFO [ Battle StandBy ] SetState_End()
2023-03-24_23:37:31 INFO [ Battle StandBy ] SetState_None()
2023-03-24_23:37:31 INFO [ Battle Maya ] SetState_StandBy_1()
2023-03-24_23:37:31 INFO SetState_BattleOfMaya()
2023-03-24_23:39:30 INFO [ Battle Maya ] SetState_Notify_1()
2023-03-24_23:39:30 INFO [ Battle Maya ] Failed. No users at state 2
2023-03-24_23:39:30 INFO [ Battle Maya ] SetState_End()
2023-03-24_23:39:32 INFO [ Battle Maya ] SetState_EndCycle()
2023-03-24_23:39:33 INFO [ Battle Maya ] SetState_None()
2023-03-24_23:39:33 INFO SetState_End()
2023-03-24_23:39:33 INFO SetState_None()
2023-03-24_23:39:33 INFO [ Battle StandBy ] SetState_Start()
2023-03-24_23:39:33 INFO SetState_BattleStandBy()
2023-03-24_23:40:32 INFO [ Battle StandBy ] SetState_Notify()
2023-03-24_23:41:31 INFO [ Battle StandBy ] SetState_End()
2023-03-24_23:41:31 INFO [ Battle StandBy ] SetState_None()
2023-03-24_23:41:31 INFO [ Battle Maya ] SetState_StandBy_1()
2023-03-24_23:41:31 INFO SetState_BattleOfMaya()
2023-03-24_23:43:30 INFO [ Battle Maya ] SetState_Notify_1()
2023-03-24_23:43:30 INFO [ Battle Maya ] Failed. No users at state 2
2023-03-24_23:43:30 INFO [ Battle Maya ] SetState_End()
2023-03-24_23:43:32 INFO [ Battle Maya ] SetState_EndCycle()
2023-03-24_23:43:32 INFO [ Battle Maya ] SetState_None()
2023-03-24_23:43:32 INFO SetState_End()
2023-03-24_23:43:32 INFO SetState_None()
2023-03-24_23:43:32 INFO [ Battle StandBy ] SetState_Start()
2023-03-24_23:43:32 INFO SetState_BattleStandBy()
2023-03-24_23:44:31 INFO [ Battle StandBy ] SetState_Notify()
2023-03-24_23:45:30 INFO [ Battle StandBy ] SetState_End()
2023-03-24_23:45:30 INFO [ Battle StandBy ] SetState_None()
2023-03-24_23:45:30 INFO [ Battle Maya ] SetState_StandBy_1()
2023-03-24_23:45:30 INFO SetState_BattleOfMaya()
2023-03-24_23:47:29 INFO [ Battle Maya ] SetState_Notify_1()
2023-03-24_23:47:29 INFO [ Battle Maya ] Failed. No users at state 2
2023-03-24_23:47:29 INFO [ Battle Maya ] SetState_End()
2023-03-24_23:47:31 INFO [ Battle Maya ] SetState_EndCycle()
2023-03-24_23:47:31 INFO [ Battle Maya ] SetState_None()
2023-03-24_23:47:31 INFO SetState_End()
2023-03-24_23:47:31 INFO SetState_None()
2023-03-24_23:47:31 INFO [ Battle StandBy ] SetState_Start()
2023-03-24_23:47:31 INFO SetState_BattleStandBy()
2023-03-24_23:48:30 INFO [ Battle StandBy ] SetState_Notify()
2023-03-24_23:49:29 INFO [ Battle StandBy ] SetState_End()
2023-03-24_23:49:29 INFO [ Battle StandBy ] SetState_None()
2023-03-24_23:49:29 INFO [ Battle Maya ] SetState_StandBy_1()
2023-03-24_23:49:29 INFO SetState_BattleOfMaya()
2023-03-24_23:51:28 INFO [ Battle Maya ] SetState_Notify_1()
2023-03-24_23:51:29 INFO [ Battle Maya ] Failed. No users at state 2
2023-03-24_23:51:29 INFO [ Battle Maya ] SetState_End()
2023-03-24_23:51:31 INFO [ Battle Maya ] SetState_EndCycle()
2023-03-24_23:51:31 INFO [ Battle Maya ] SetState_None()
2023-03-24_23:51:31 INFO SetState_End()
2023-03-24_23:51:31 INFO SetState_None()
2023-03-24_23:51:31 INFO [ Battle StandBy ] SetState_Start()
2023-03-24_23:51:31 INFO SetState_BattleStandBy()
2023-03-24_23:52:30 INFO [ Battle StandBy ] SetState_Notify()
2023-03-24_23:53:29 INFO [ Battle StandBy ] SetState_End()
2023-03-24_23:53:29 INFO [ Battle StandBy ] SetState_None()
2023-03-24_23:53:29 INFO [ Battle Maya ] SetState_StandBy_1()
2023-03-24_23:53:29 INFO SetState_BattleOfMaya()
2023-03-24_23:55:28 INFO [ Battle Maya ] SetState_Notify_1()
2023-03-24_23:55:28 INFO [ Battle Maya ] Failed. No users at state 2
2023-03-24_23:55:28 INFO [ Battle Maya ] SetState_End()
2023-03-24_23:55:30 INFO [ Battle Maya ] SetState_EndCycle()
2023-03-24_23:55:30 INFO [ Battle Maya ] SetState_None()
2023-03-24_23:55:30 INFO SetState_End()
2023-03-24_23:55:30 INFO SetState_None()
2023-03-24_23:55:30 INFO [ Battle StandBy ] SetState_Start()
2023-03-24_23:55:30 INFO SetState_BattleStandBy()
2023-03-24_23:56:29 INFO [ Battle StandBy ] SetState_Notify()
2023-03-24_23:57:28 INFO [ Battle StandBy ] SetState_End()
2023-03-24_23:57:28 INFO [ Battle StandBy ] SetState_None()
2023-03-24_23:57:28 INFO [ Battle Maya ] SetState_StandBy_1()
2023-03-24_23:57:28 INFO SetState_BattleOfMaya()
2023-03-24_23:59:27 INFO [ Battle Maya ] SetState_Notify_1()
2023-03-24_23:59:27 INFO [ Battle Maya ] Failed. No users at state 2
2023-03-24_23:59:27 INFO [ Battle Maya ] SetState_End()
2023-03-24_23:59:29 INFO [ Battle Maya ] SetState_EndCycle()
2023-03-24_23:59:29 INFO [ Battle Maya ] SetState_None()
2023-03-24_23:59:29 INFO SetState_End()
2023-03-24_23:59:29 INFO SetState_None()
2023-03-24_23:59:29 INFO [ Battle StandBy ] SetState_Start()
2023-03-24_23:59:29 INFO SetState_BattleStandBy()
