2023-03-26_13:17:02 INFO [ Battle StandBy ] SetState_Start()
2023-03-26_13:17:02 INFO SetState_BattleStandBy()
2023-03-26_13:18:01 INFO [ Battle StandBy ] SetState_Notify()
2023-03-26_13:19:00 INFO [ Battle StandBy ] SetState_End()
2023-03-26_13:19:00 INFO [ Battle StandBy ] SetState_None()
2023-03-26_13:19:00 INFO [ Battle Maya ] SetState_StandBy_1()
2023-03-26_13:19:00 INFO SetState_BattleOfMaya()
2023-03-26_13:20:59 INFO [ Battle Maya ] SetState_Notify_1()
2023-03-26_13:20:59 INFO [ Battle Maya ] Failed. No users at state 2
2023-03-26_13:20:59 INFO [ Battle Maya ] SetState_End()
2023-03-26_13:21:01 INFO [ Battle Maya ] SetState_EndCycle()
2023-03-26_13:21:01 INFO [ Battle Maya ] SetState_None()
2023-03-26_13:21:01 INFO SetState_End()
2023-03-26_13:21:01 INFO SetState_None()
2023-03-26_13:21:01 INFO [ Battle StandBy ] SetState_Start()
2023-03-26_13:21:01 INFO SetState_BattleStandBy()
2023-03-26_13:22:00 INFO [ Battle StandBy ] SetState_Notify()
2023-03-26_13:22:59 INFO [ Battle StandBy ] SetState_End()
2023-03-26_13:23:00 INFO [ Battle StandBy ] SetState_None()
2023-03-26_13:23:00 INFO [ Battle Maya ] SetState_StandBy_1()
2023-03-26_13:23:00 INFO SetState_BattleOfMaya()
2023-03-26_13:24:59 INFO [ Battle Maya ] SetState_Notify_1()
2023-03-26_13:24:59 INFO [ Battle Maya ] Failed. No users at state 2
2023-03-26_13:24:59 INFO [ Battle Maya ] SetState_End()
2023-03-26_13:25:01 INFO [ Battle Maya ] SetState_EndCycle()
2023-03-26_13:25:01 INFO [ Battle Maya ] SetState_None()
2023-03-26_13:25:01 INFO SetState_End()
2023-03-26_13:25:01 INFO SetState_None()
2023-03-26_13:25:01 INFO [ Battle StandBy ] SetState_Start()
2023-03-26_13:25:01 INFO SetState_BattleStandBy()
2023-03-26_13:26:00 INFO [ Battle StandBy ] SetState_Notify()
2023-03-26_13:26:59 INFO [ Battle StandBy ] SetState_End()
2023-03-26_13:26:59 INFO [ Battle StandBy ] SetState_None()
2023-03-26_13:26:59 INFO [ Battle Maya ] SetState_StandBy_1()
2023-03-26_13:26:59 INFO SetState_BattleOfMaya()
2023-03-26_13:28:58 INFO [ Battle Maya ] SetState_Notify_1()
2023-03-26_13:28:58 INFO [ Battle Maya ] Failed. No users at state 2
2023-03-26_13:28:58 INFO [ Battle Maya ] SetState_End()
2023-03-26_13:29:00 INFO [ Battle Maya ] SetState_EndCycle()
2023-03-26_13:29:00 INFO [ Battle Maya ] SetState_None()
2023-03-26_13:29:00 INFO SetState_End()
2023-03-26_13:29:00 INFO SetState_None()
2023-03-26_13:29:00 INFO [ Battle StandBy ] SetState_Start()
2023-03-26_13:29:00 INFO SetState_BattleStandBy()
2023-03-26_13:29:59 INFO [ Battle StandBy ] SetState_Notify()
2023-03-26_13:30:58 INFO [ Battle StandBy ] SetState_End()
2023-03-26_13:30:58 INFO [ Battle StandBy ] SetState_None()
2023-03-26_13:30:58 INFO [ Battle Maya ] SetState_StandBy_1()
2023-03-26_13:30:58 INFO SetState_BattleOfMaya()
2023-03-26_13:32:57 INFO [ Battle Maya ] SetState_Notify_1()
2023-03-26_13:32:57 INFO [ Battle Maya ] Failed. No users at state 2
2023-03-26_13:32:57 INFO [ Battle Maya ] SetState_End()
2023-03-26_13:32:59 INFO [ Battle Maya ] SetState_EndCycle()
2023-03-26_13:32:59 INFO [ Battle Maya ] SetState_None()
2023-03-26_13:32:59 INFO SetState_End()
2023-03-26_13:32:59 INFO SetState_None()
2023-03-26_13:32:59 INFO [ Battle StandBy ] SetState_Start()
2023-03-26_13:32:59 INFO SetState_BattleStandBy()
2023-03-26_13:33:58 INFO [ Battle StandBy ] SetState_Notify()
2023-03-26_13:34:57 INFO [ Battle StandBy ] SetState_End()
2023-03-26_13:34:58 INFO [ Battle StandBy ] SetState_None()
2023-03-26_13:34:58 INFO [ Battle Maya ] SetState_StandBy_1()
2023-03-26_13:34:58 INFO SetState_BattleOfMaya()
2023-03-26_13:36:57 INFO [ Battle Maya ] SetState_Notify_1()
2023-03-26_13:36:57 INFO [ Battle Maya ] Failed. No users at state 2
2023-03-26_13:36:57 INFO [ Battle Maya ] SetState_End()
2023-03-26_13:36:59 INFO [ Battle Maya ] SetState_EndCycle()
2023-03-26_13:36:59 INFO [ Battle Maya ] SetState_None()
2023-03-26_13:36:59 INFO SetState_End()
2023-03-26_13:36:59 INFO SetState_None()
2023-03-26_13:36:59 INFO [ Battle StandBy ] SetState_Start()
2023-03-26_13:36:59 INFO SetState_BattleStandBy()
2023-03-26_13:37:58 INFO [ Battle StandBy ] SetState_Notify()
2023-03-26_13:38:57 INFO [ Battle StandBy ] SetState_End()
2023-03-26_13:38:57 INFO [ Battle StandBy ] SetState_None()
2023-03-26_13:38:57 INFO [ Battle Maya ] SetState_StandBy_1()
2023-03-26_13:38:57 INFO SetState_BattleOfMaya()
