2023-03-29_13:26:43 INFO [ Battle StandBy ] SetState_Start()
2023-03-29_13:26:43 INFO SetState_BattleStandBy()
2023-03-29_13:27:42 INFO [ Battle StandBy ] SetState_Notify()
2023-03-29_13:28:41 INFO [ Battle StandBy ] SetState_End()
2023-03-29_13:28:41 INFO [ Battle StandBy ] SetState_None()
2023-03-29_13:28:41 INFO [ Battle Maya ] SetState_StandBy_1()
2023-03-29_13:28:41 INFO SetState_BattleOfMaya()
2023-03-29_13:30:40 INFO [ Battle Maya ] SetState_Notify_1()
2023-03-29_13:30:40 INFO [ Battle Maya ] Failed. No users at state 2
2023-03-29_13:30:40 INFO [ Battle Maya ] SetState_End()
2023-03-29_13:30:42 INFO [ Battle Maya ] SetState_EndCycle()
2023-03-29_13:30:42 INFO [ Battle Maya ] SetState_None()
2023-03-29_13:30:42 INFO SetState_End()
2023-03-29_13:30:42 INFO SetState_None()
2023-03-29_13:30:42 INFO [ Battle StandBy ] SetState_Start()
2023-03-29_13:30:42 INFO SetState_BattleStandBy()
2023-03-29_13:31:41 INFO [ Battle StandBy ] SetState_Notify()
2023-03-29_13:32:40 INFO [ Battle StandBy ] SetState_End()
2023-03-29_13:32:40 INFO [ Battle StandBy ] SetState_None()
2023-03-29_13:32:40 INFO [ Battle Maya ] SetState_StandBy_1()
2023-03-29_13:32:40 INFO SetState_BattleOfMaya()
2023-03-29_13:34:39 INFO [ Battle Maya ] SetState_Notify_1()
2023-03-29_13:34:40 INFO [ Battle Maya ] Failed. No users at state 2
2023-03-29_13:34:40 INFO [ Battle Maya ] SetState_End()
2023-03-29_13:34:42 INFO [ Battle Maya ] SetState_EndCycle()
2023-03-29_13:34:42 INFO [ Battle Maya ] SetState_None()
2023-03-29_13:34:42 INFO SetState_End()
2023-03-29_13:34:42 INFO SetState_None()
2023-03-29_13:34:42 INFO [ Battle StandBy ] SetState_Start()
2023-03-29_13:34:42 INFO SetState_BattleStandBy()
2023-03-29_13:35:41 INFO [ Battle StandBy ] SetState_Notify()
2023-03-29_13:36:40 INFO [ Battle StandBy ] SetState_End()
2023-03-29_13:36:40 INFO [ Battle StandBy ] SetState_None()
2023-03-29_13:36:40 INFO [ Battle Maya ] SetState_StandBy_1()
2023-03-29_13:36:40 INFO SetState_BattleOfMaya()
2023-03-29_13:38:39 INFO [ Battle Maya ] SetState_Notify_1()
2023-03-29_13:38:39 INFO [ Battle Maya ] Failed. No users at state 2
2023-03-29_13:38:39 INFO [ Battle Maya ] SetState_End()
2023-03-29_13:38:41 INFO [ Battle Maya ] SetState_EndCycle()
2023-03-29_13:38:41 INFO [ Battle Maya ] SetState_None()
2023-03-29_13:38:41 INFO SetState_End()
2023-03-29_13:38:41 INFO SetState_None()
2023-03-29_13:38:41 INFO [ Battle StandBy ] SetState_Start()
2023-03-29_13:38:41 INFO SetState_BattleStandBy()
2023-03-29_13:39:40 INFO [ Battle StandBy ] SetState_Notify()
2023-03-29_13:40:39 INFO [ Battle StandBy ] SetState_End()
2023-03-29_13:40:40 INFO [ Battle StandBy ] SetState_None()
2023-03-29_13:40:40 INFO [ Battle Maya ] SetState_StandBy_1()
2023-03-29_13:40:40 INFO SetState_BattleOfMaya()
2023-03-29_13:42:39 INFO [ Battle Maya ] SetState_Notify_1()
2023-03-29_13:42:39 INFO [ Battle Maya ] Failed. No users at state 2
2023-03-29_13:42:39 INFO [ Battle Maya ] SetState_End()
2023-03-29_13:42:41 INFO [ Battle Maya ] SetState_EndCycle()
2023-03-29_13:42:41 INFO [ Battle Maya ] SetState_None()
2023-03-29_13:42:41 INFO SetState_End()
2023-03-29_13:42:41 INFO SetState_None()
2023-03-29_13:42:41 INFO [ Battle StandBy ] SetState_Start()
2023-03-29_13:42:41 INFO SetState_BattleStandBy()
2023-03-29_13:43:40 INFO [ Battle StandBy ] SetState_Notify()
2023-03-29_13:44:39 INFO [ Battle StandBy ] SetState_End()
2023-03-29_13:44:39 INFO [ Battle StandBy ] SetState_None()
2023-03-29_13:44:39 INFO [ Battle Maya ] SetState_StandBy_1()
2023-03-29_13:44:39 INFO SetState_BattleOfMaya()
2023-03-29_13:46:38 INFO [ Battle Maya ] SetState_Notify_1()
2023-03-29_13:46:38 INFO [ Battle Maya ] Failed. No users at state 2
2023-03-29_13:46:38 INFO [ Battle Maya ] SetState_End()
2023-03-29_13:46:40 INFO [ Battle Maya ] SetState_EndCycle()
2023-03-29_13:46:40 INFO [ Battle Maya ] SetState_None()
2023-03-29_13:46:40 INFO SetState_End()
2023-03-29_13:46:40 INFO SetState_None()
2023-03-29_13:46:40 INFO [ Battle StandBy ] SetState_Start()
2023-03-29_13:46:40 INFO SetState_BattleStandBy()
2023-03-29_13:47:39 INFO [ Battle StandBy ] SetState_Notify()
2023-03-29_13:48:38 INFO [ Battle StandBy ] SetState_End()
2023-03-29_13:48:39 INFO [ Battle StandBy ] SetState_None()
2023-03-29_13:48:39 INFO [ Battle Maya ] SetState_StandBy_1()
2023-03-29_13:48:39 INFO SetState_BattleOfMaya()
2023-03-29_13:50:38 INFO [ Battle Maya ] SetState_Notify_1()
2023-03-29_13:50:38 INFO [ Battle Maya ] Failed. No users at state 2
2023-03-29_13:50:38 INFO [ Battle Maya ] SetState_End()
2023-03-29_13:50:40 INFO [ Battle Maya ] SetState_EndCycle()
2023-03-29_13:50:40 INFO [ Battle Maya ] SetState_None()
2023-03-29_13:50:40 INFO SetState_End()
2023-03-29_13:50:40 INFO SetState_None()
2023-03-29_13:50:40 INFO [ Battle StandBy ] SetState_Start()
2023-03-29_13:50:40 INFO SetState_BattleStandBy()
2023-03-29_13:51:39 INFO [ Battle StandBy ] SetState_Notify()
2023-03-29_13:52:38 INFO [ Battle StandBy ] SetState_End()
2023-03-29_13:52:38 INFO [ Battle StandBy ] SetState_None()
2023-03-29_13:52:38 INFO [ Battle Maya ] SetState_StandBy_1()
2023-03-29_13:52:38 INFO SetState_BattleOfMaya()
2023-03-29_13:54:37 INFO [ Battle Maya ] SetState_Notify_1()
2023-03-29_13:54:37 INFO [ Battle Maya ] Failed. No users at state 2
2023-03-29_13:54:37 INFO [ Battle Maya ] SetState_End()
2023-03-29_13:54:39 INFO [ Battle Maya ] SetState_EndCycle()
2023-03-29_13:54:39 INFO [ Battle Maya ] SetState_None()
2023-03-29_13:54:39 INFO SetState_End()
2023-03-29_13:54:39 INFO SetState_None()
2023-03-29_13:54:39 INFO [ Battle StandBy ] SetState_Start()
2023-03-29_13:54:39 INFO SetState_BattleStandBy()
2023-03-29_13:55:38 INFO [ Battle StandBy ] SetState_Notify()
2023-03-29_13:56:37 INFO [ Battle StandBy ] SetState_End()
2023-03-29_13:56:37 INFO [ Battle StandBy ] SetState_None()
2023-03-29_13:56:37 INFO [ Battle Maya ] SetState_StandBy_1()
2023-03-29_13:56:37 INFO SetState_BattleOfMaya()
2023-03-29_13:58:36 INFO [ Battle Maya ] SetState_Notify_1()
2023-03-29_13:58:36 INFO [ Battle Maya ] Failed. No users at state 2
2023-03-29_13:58:36 INFO [ Battle Maya ] SetState_End()
2023-03-29_13:58:38 INFO [ Battle Maya ] SetState_EndCycle()
2023-03-29_13:58:39 INFO [ Battle Maya ] SetState_None()
2023-03-29_13:58:39 INFO SetState_End()
2023-03-29_13:58:39 INFO SetState_None()
2023-03-29_13:58:39 INFO [ Battle StandBy ] SetState_Start()
2023-03-29_13:58:39 INFO SetState_BattleStandBy()
2023-03-29_13:59:38 INFO [ Battle StandBy ] SetState_Notify()
2023-03-29_14:00:37 INFO [ Battle StandBy ] SetState_End()
2023-03-29_14:00:37 INFO [ Battle StandBy ] SetState_None()
2023-03-29_14:00:37 INFO [ Battle Maya ] SetState_StandBy_1()
2023-03-29_14:00:37 INFO SetState_BattleOfMaya()
2023-03-29_14:02:36 INFO [ Battle Maya ] SetState_Notify_1()
2023-03-29_14:02:36 INFO [ Battle Maya ] Failed. No users at state 2
2023-03-29_14:02:36 INFO [ Battle Maya ] SetState_End()
2023-03-29_14:02:38 INFO [ Battle Maya ] SetState_EndCycle()
2023-03-29_14:02:38 INFO [ Battle Maya ] SetState_None()
2023-03-29_14:02:38 INFO SetState_End()
2023-03-29_14:02:38 INFO SetState_None()
2023-03-29_14:02:38 INFO [ Battle StandBy ] SetState_Start()
2023-03-29_14:02:38 INFO SetState_BattleStandBy()
2023-03-29_14:03:37 INFO [ Battle StandBy ] SetState_Notify()
2023-03-29_14:04:36 INFO [ Battle StandBy ] SetState_End()
2023-03-29_14:04:36 INFO [ Battle StandBy ] SetState_None()
2023-03-29_14:04:36 INFO [ Battle Maya ] SetState_StandBy_1()
2023-03-29_14:04:36 INFO SetState_BattleOfMaya()
2023-03-29_14:06:35 INFO [ Battle Maya ] SetState_Notify_1()
2023-03-29_14:06:35 INFO [ Battle Maya ] Failed. No users at state 2
2023-03-29_14:06:35 INFO [ Battle Maya ] SetState_End()
2023-03-29_14:06:37 INFO [ Battle Maya ] SetState_EndCycle()
2023-03-29_14:06:37 INFO [ Battle Maya ] SetState_None()
2023-03-29_14:06:37 INFO SetState_End()
2023-03-29_14:06:38 INFO SetState_None()
2023-03-29_14:06:38 INFO [ Battle StandBy ] SetState_Start()
2023-03-29_14:06:38 INFO SetState_BattleStandBy()
2023-03-29_14:07:37 INFO [ Battle StandBy ] SetState_Notify()
2023-03-29_14:08:36 INFO [ Battle StandBy ] SetState_End()
2023-03-29_14:08:36 INFO [ Battle StandBy ] SetState_None()
2023-03-29_14:08:36 INFO [ Battle Maya ] SetState_StandBy_1()
2023-03-29_14:08:36 INFO SetState_BattleOfMaya()
