2023-03-26_17:42:54 INFO [ Battle StandBy ] SetState_Start()
2023-03-26_17:42:54 INFO SetState_BattleStandBy()
2023-03-26_17:43:53 INFO [ Battle StandBy ] SetState_Notify()
2023-03-26_17:44:52 INFO [ Battle StandBy ] SetState_End()
2023-03-26_17:44:52 INFO [ Battle StandBy ] SetState_None()
2023-03-26_17:44:52 INFO [ Battle Maya ] SetState_StandBy_1()
2023-03-26_17:44:52 INFO SetState_BattleOfMaya()
2023-03-26_17:46:51 INFO [ Battle Maya ] SetState_Notify_1()
2023-03-26_17:46:51 INFO [ Battle Maya ] Failed. No users at state 2
2023-03-26_17:46:51 INFO [ Battle Maya ] SetState_End()
2023-03-26_17:46:53 INFO [ Battle Maya ] SetState_EndCycle()
2023-03-26_17:46:53 INFO [ Battle Maya ] SetState_None()
2023-03-26_17:46:53 INFO SetState_End()
2023-03-26_17:46:53 INFO SetState_None()
2023-03-26_17:46:53 INFO [ Battle StandBy ] SetState_Start()
2023-03-26_17:46:53 INFO SetState_BattleStandBy()
2023-03-26_17:47:53 INFO [ Battle StandBy ] SetState_Notify()
2023-03-26_17:48:52 INFO [ Battle StandBy ] SetState_End()
2023-03-26_17:48:52 INFO [ Battle StandBy ] SetState_None()
2023-03-26_17:48:52 INFO [ Battle Maya ] SetState_StandBy_1()
2023-03-26_17:48:52 INFO SetState_BattleOfMaya()
2023-03-26_17:50:51 INFO [ Battle Maya ] SetState_Notify_1()
2023-03-26_17:50:51 INFO [ Battle Maya ] Failed. No users at state 2
2023-03-26_17:50:51 INFO [ Battle Maya ] SetState_End()
2023-03-26_17:50:53 INFO [ Battle Maya ] SetState_EndCycle()
2023-03-26_17:50:53 INFO [ Battle Maya ] SetState_None()
2023-03-26_17:50:53 INFO SetState_End()
2023-03-26_17:50:53 INFO SetState_None()
2023-03-26_17:50:53 INFO [ Battle StandBy ] SetState_Start()
2023-03-26_17:50:53 INFO SetState_BattleStandBy()
2023-03-26_17:51:52 INFO [ Battle StandBy ] SetState_Notify()
2023-03-26_17:52:51 INFO [ Battle StandBy ] SetState_End()
2023-03-26_17:52:51 INFO [ Battle StandBy ] SetState_None()
2023-03-26_17:52:51 INFO [ Battle Maya ] SetState_StandBy_1()
2023-03-26_17:52:51 INFO SetState_BattleOfMaya()
2023-03-26_17:54:50 INFO [ Battle Maya ] SetState_Notify_1()
2023-03-26_17:54:50 INFO [ Battle Maya ] Failed. No users at state 2
2023-03-26_17:54:50 INFO [ Battle Maya ] SetState_End()
2023-03-26_17:54:52 INFO [ Battle Maya ] SetState_EndCycle()
2023-03-26_17:54:52 INFO [ Battle Maya ] SetState_None()
2023-03-26_17:54:52 INFO SetState_End()
2023-03-26_17:54:52 INFO SetState_None()
2023-03-26_17:54:52 INFO [ Battle StandBy ] SetState_Start()
2023-03-26_17:54:52 INFO SetState_BattleStandBy()
2023-03-26_17:55:51 INFO [ Battle StandBy ] SetState_Notify()
2023-03-26_17:56:50 INFO [ Battle StandBy ] SetState_End()
2023-03-26_17:56:50 INFO [ Battle StandBy ] SetState_None()
2023-03-26_17:56:50 INFO [ Battle Maya ] SetState_StandBy_1()
2023-03-26_17:56:50 INFO SetState_BattleOfMaya()
2023-03-26_17:58:49 INFO [ Battle Maya ] SetState_Notify_1()
2023-03-26_17:58:49 INFO [ Battle Maya ] Failed. No users at state 2
2023-03-26_17:58:49 INFO [ Battle Maya ] SetState_End()
2023-03-26_17:58:51 INFO [ Battle Maya ] SetState_EndCycle()
2023-03-26_17:58:51 INFO [ Battle Maya ] SetState_None()
2023-03-26_17:58:51 INFO SetState_End()
2023-03-26_17:58:51 INFO SetState_None()
2023-03-26_17:58:51 INFO [ Battle StandBy ] SetState_Start()
2023-03-26_17:58:51 INFO SetState_BattleStandBy()
2023-03-26_17:59:50 INFO [ Battle StandBy ] SetState_Notify()
2023-03-26_18:00:50 INFO [ Battle StandBy ] SetState_End()
2023-03-26_18:00:50 INFO [ Battle StandBy ] SetState_None()
2023-03-26_18:00:50 INFO [ Battle Maya ] SetState_StandBy_1()
2023-03-26_18:00:50 INFO SetState_BattleOfMaya()
2023-03-26_18:02:49 INFO [ Battle Maya ] SetState_Notify_1()
2023-03-26_18:02:49 INFO [ Battle Maya ] Failed. No users at state 2
2023-03-26_18:02:49 INFO [ Battle Maya ] SetState_End()
2023-03-26_18:02:51 INFO [ Battle Maya ] SetState_EndCycle()
2023-03-26_18:02:51 INFO [ Battle Maya ] SetState_None()
2023-03-26_18:02:51 INFO SetState_End()
2023-03-26_18:02:51 INFO SetState_None()
2023-03-26_18:02:51 INFO [ Battle StandBy ] SetState_Start()
2023-03-26_18:02:51 INFO SetState_BattleStandBy()
2023-03-26_18:03:50 INFO [ Battle StandBy ] SetState_Notify()
2023-03-26_18:04:49 INFO [ Battle StandBy ] SetState_End()
2023-03-26_18:04:49 INFO [ Battle StandBy ] SetState_None()
2023-03-26_18:04:49 INFO [ Battle Maya ] SetState_StandBy_1()
2023-03-26_18:04:49 INFO SetState_BattleOfMaya()
2023-03-26_18:06:48 INFO [ Battle Maya ] SetState_Notify_1()
2023-03-26_18:06:48 INFO [ Battle Maya ] Failed. No users at state 2
2023-03-26_18:06:48 INFO [ Battle Maya ] SetState_End()
2023-03-26_18:06:50 INFO [ Battle Maya ] SetState_EndCycle()
2023-03-26_18:06:50 INFO [ Battle Maya ] SetState_None()
2023-03-26_18:06:50 INFO SetState_End()
2023-03-26_18:06:50 INFO SetState_None()
2023-03-26_18:06:50 INFO [ Battle StandBy ] SetState_Start()
2023-03-26_18:06:50 INFO SetState_BattleStandBy()
2023-03-26_18:07:49 INFO [ Battle StandBy ] SetState_Notify()
2023-03-26_18:08:48 INFO [ Battle StandBy ] SetState_End()
2023-03-26_18:08:48 INFO [ Battle StandBy ] SetState_None()
2023-03-26_18:08:48 INFO [ Battle Maya ] SetState_StandBy_1()
2023-03-26_18:08:48 INFO SetState_BattleOfMaya()
2023-03-26_18:10:47 INFO [ Battle Maya ] SetState_Notify_1()
2023-03-26_18:10:47 INFO [ Battle Maya ] Failed. No users at state 2
2023-03-26_18:10:47 INFO [ Battle Maya ] SetState_End()
2023-03-26_18:10:49 INFO [ Battle Maya ] SetState_EndCycle()
2023-03-26_18:10:49 INFO [ Battle Maya ] SetState_None()
2023-03-26_18:10:49 INFO SetState_End()
2023-03-26_18:10:50 INFO SetState_None()
2023-03-26_18:10:50 INFO [ Battle StandBy ] SetState_Start()
2023-03-26_18:10:50 INFO SetState_BattleStandBy()
2023-03-26_18:11:49 INFO [ Battle StandBy ] SetState_Notify()
2023-03-26_18:12:48 INFO [ Battle StandBy ] SetState_End()
2023-03-26_18:12:48 INFO [ Battle StandBy ] SetState_None()
2023-03-26_18:12:48 INFO [ Battle Maya ] SetState_StandBy_1()
2023-03-26_18:12:48 INFO SetState_BattleOfMaya()
2023-03-26_18:14:47 INFO [ Battle Maya ] SetState_Notify_1()
2023-03-26_18:14:47 INFO [ Battle Maya ] Failed. No users at state 2
2023-03-26_18:14:47 INFO [ Battle Maya ] SetState_End()
2023-03-26_18:14:49 INFO [ Battle Maya ] SetState_EndCycle()
2023-03-26_18:14:49 INFO [ Battle Maya ] SetState_None()
2023-03-26_18:14:49 INFO SetState_End()
2023-03-26_18:14:49 INFO SetState_None()
2023-03-26_18:14:49 INFO [ Battle StandBy ] SetState_Start()
2023-03-26_18:14:49 INFO SetState_BattleStandBy()
2023-03-26_18:15:48 INFO [ Battle StandBy ] SetState_Notify()
2023-03-26_18:16:47 INFO [ Battle StandBy ] SetState_End()
2023-03-26_18:16:47 INFO [ Battle StandBy ] SetState_None()
2023-03-26_18:16:47 INFO [ Battle Maya ] SetState_StandBy_1()
2023-03-26_18:16:47 INFO SetState_BattleOfMaya()
2023-03-26_18:18:46 INFO [ Battle Maya ] SetState_Notify_1()
2023-03-26_18:18:46 INFO [ Battle Maya ] Failed. No users at state 2
2023-03-26_18:18:46 INFO [ Battle Maya ] SetState_End()
2023-03-26_18:18:48 INFO [ Battle Maya ] SetState_EndCycle()
2023-03-26_18:18:48 INFO [ Battle Maya ] SetState_None()
2023-03-26_18:18:48 INFO SetState_End()
2023-03-26_18:18:48 INFO SetState_None()
2023-03-26_18:18:48 INFO [ Battle StandBy ] SetState_Start()
2023-03-26_18:18:48 INFO SetState_BattleStandBy()
2023-03-26_18:19:47 INFO [ Battle StandBy ] SetState_Notify()
2023-03-26_18:20:46 INFO [ Battle StandBy ] SetState_End()
2023-03-26_18:20:46 INFO [ Battle StandBy ] SetState_None()
2023-03-26_18:20:46 INFO [ Battle Maya ] SetState_StandBy_1()
2023-03-26_18:20:46 INFO SetState_BattleOfMaya()
2023-03-26_18:22:45 INFO [ Battle Maya ] SetState_Notify_1()
2023-03-26_18:22:45 INFO [ Battle Maya ] Failed. No users at state 2
2023-03-26_18:22:45 INFO [ Battle Maya ] SetState_End()
2023-03-26_18:22:48 INFO [ Battle Maya ] SetState_EndCycle()
2023-03-26_18:22:48 INFO [ Battle Maya ] SetState_None()
2023-03-26_18:22:48 INFO SetState_End()
2023-03-26_18:22:48 INFO SetState_None()
2023-03-26_18:22:48 INFO [ Battle StandBy ] SetState_Start()
2023-03-26_18:22:48 INFO SetState_BattleStandBy()
2023-03-26_18:23:47 INFO [ Battle StandBy ] SetState_Notify()
2023-03-26_18:24:46 INFO [ Battle StandBy ] SetState_End()
2023-03-26_18:24:46 INFO [ Battle StandBy ] SetState_None()
2023-03-26_18:24:46 INFO [ Battle Maya ] SetState_StandBy_1()
2023-03-26_18:24:46 INFO SetState_BattleOfMaya()
2023-03-26_18:26:45 INFO [ Battle Maya ] SetState_Notify_1()
2023-03-26_18:26:45 INFO [ Battle Maya ] Failed. No users at state 2
2023-03-26_18:26:45 INFO [ Battle Maya ] SetState_End()
2023-03-26_18:26:47 INFO [ Battle Maya ] SetState_EndCycle()
2023-03-26_18:26:47 INFO [ Battle Maya ] SetState_None()
2023-03-26_18:26:47 INFO SetState_End()
2023-03-26_18:26:47 INFO SetState_None()
2023-03-26_18:26:47 INFO [ Battle StandBy ] SetState_Start()
2023-03-26_18:26:47 INFO SetState_BattleStandBy()
2023-03-26_18:27:46 INFO [ Battle StandBy ] SetState_Notify()
2023-03-26_18:28:45 INFO [ Battle StandBy ] SetState_End()
2023-03-26_18:28:45 INFO [ Battle StandBy ] SetState_None()
2023-03-26_18:28:45 INFO [ Battle Maya ] SetState_StandBy_1()
2023-03-26_18:28:45 INFO SetState_BattleOfMaya()
2023-03-26_18:30:44 INFO [ Battle Maya ] SetState_Notify_1()
2023-03-26_18:30:44 INFO [ Battle Maya ] Failed. No users at state 2
2023-03-26_18:30:44 INFO [ Battle Maya ] SetState_End()
2023-03-26_18:30:46 INFO [ Battle Maya ] SetState_EndCycle()
2023-03-26_18:30:46 INFO [ Battle Maya ] SetState_None()
2023-03-26_18:30:46 INFO SetState_End()
2023-03-26_18:30:46 INFO SetState_None()
2023-03-26_18:30:46 INFO [ Battle StandBy ] SetState_Start()
2023-03-26_18:30:46 INFO SetState_BattleStandBy()
2023-03-26_18:31:45 INFO [ Battle StandBy ] SetState_Notify()
2023-03-26_18:32:44 INFO [ Battle StandBy ] SetState_End()
2023-03-26_18:32:44 INFO [ Battle StandBy ] SetState_None()
2023-03-26_18:32:44 INFO [ Battle Maya ] SetState_StandBy_1()
2023-03-26_18:32:44 INFO SetState_BattleOfMaya()
2023-03-26_18:34:43 INFO [ Battle Maya ] SetState_Notify_1()
2023-03-26_18:34:43 INFO [ Battle Maya ] Failed. No users at state 2
2023-03-26_18:34:43 INFO [ Battle Maya ] SetState_End()
2023-03-26_18:34:45 INFO [ Battle Maya ] SetState_EndCycle()
2023-03-26_18:34:46 INFO [ Battle Maya ] SetState_None()
2023-03-26_18:34:46 INFO SetState_End()
2023-03-26_18:34:46 INFO SetState_None()
2023-03-26_18:34:46 INFO [ Battle StandBy ] SetState_Start()
2023-03-26_18:34:46 INFO SetState_BattleStandBy()
2023-03-26_18:35:45 INFO [ Battle StandBy ] SetState_Notify()
2023-03-26_18:36:44 INFO [ Battle StandBy ] SetState_End()
2023-03-26_18:36:44 INFO [ Battle StandBy ] SetState_None()
2023-03-26_18:36:44 INFO [ Battle Maya ] SetState_StandBy_1()
2023-03-26_18:36:44 INFO SetState_BattleOfMaya()
2023-03-26_18:38:43 INFO [ Battle Maya ] SetState_Notify_1()
2023-03-26_18:38:43 INFO [ Battle Maya ] Failed. No users at state 2
2023-03-26_18:38:43 INFO [ Battle Maya ] SetState_End()
2023-03-26_18:38:45 INFO [ Battle Maya ] SetState_EndCycle()
2023-03-26_18:38:45 INFO [ Battle Maya ] SetState_None()
2023-03-26_18:38:45 INFO SetState_End()
2023-03-26_18:38:45 INFO SetState_None()
2023-03-26_18:38:45 INFO [ Battle StandBy ] SetState_Start()
2023-03-26_18:38:45 INFO SetState_BattleStandBy()
2023-03-26_18:39:44 INFO [ Battle StandBy ] SetState_Notify()
2023-03-26_18:40:43 INFO [ Battle StandBy ] SetState_End()
2023-03-26_18:40:43 INFO [ Battle StandBy ] SetState_None()
2023-03-26_18:40:43 INFO [ Battle Maya ] SetState_StandBy_1()
2023-03-26_18:40:43 INFO SetState_BattleOfMaya()
2023-03-26_18:42:42 INFO [ Battle Maya ] SetState_Notify_1()
2023-03-26_18:42:42 INFO [ Battle Maya ] Failed. No users at state 2
2023-03-26_18:42:42 INFO [ Battle Maya ] SetState_End()
2023-03-26_18:42:44 INFO [ Battle Maya ] SetState_EndCycle()
2023-03-26_18:42:44 INFO [ Battle Maya ] SetState_None()
2023-03-26_18:42:44 INFO SetState_End()
2023-03-26_18:42:44 INFO SetState_None()
2023-03-26_18:42:44 INFO [ Battle StandBy ] SetState_Start()
2023-03-26_18:42:44 INFO SetState_BattleStandBy()
2023-03-26_18:43:43 INFO [ Battle StandBy ] SetState_Notify()
2023-03-26_18:44:42 INFO [ Battle StandBy ] SetState_End()
2023-03-26_18:44:43 INFO [ Battle StandBy ] SetState_None()
2023-03-26_18:44:43 INFO [ Battle Maya ] SetState_StandBy_1()
2023-03-26_18:44:43 INFO SetState_BattleOfMaya()
2023-03-26_18:46:42 INFO [ Battle Maya ] SetState_Notify_1()
2023-03-26_18:46:42 INFO [ Battle Maya ] Failed. No users at state 2
2023-03-26_18:46:42 INFO [ Battle Maya ] SetState_End()
2023-03-26_18:46:44 INFO [ Battle Maya ] SetState_EndCycle()
2023-03-26_18:46:44 INFO [ Battle Maya ] SetState_None()
2023-03-26_18:46:44 INFO SetState_End()
2023-03-26_18:46:44 INFO SetState_None()
2023-03-26_18:46:44 INFO [ Battle StandBy ] SetState_Start()
2023-03-26_18:46:44 INFO SetState_BattleStandBy()
2023-03-26_18:47:43 INFO [ Battle StandBy ] SetState_Notify()
2023-03-26_18:48:42 INFO [ Battle StandBy ] SetState_End()
2023-03-26_18:48:42 INFO [ Battle StandBy ] SetState_None()
2023-03-26_18:48:42 INFO [ Battle Maya ] SetState_StandBy_1()
2023-03-26_18:48:42 INFO SetState_BattleOfMaya()
2023-03-26_18:50:41 INFO [ Battle Maya ] SetState_Notify_1()
2023-03-26_18:50:41 INFO [ Battle Maya ] Failed. No users at state 2
2023-03-26_18:50:41 INFO [ Battle Maya ] SetState_End()
2023-03-26_18:50:43 INFO [ Battle Maya ] SetState_EndCycle()
2023-03-26_18:50:43 INFO [ Battle Maya ] SetState_None()
2023-03-26_18:50:43 INFO SetState_End()
2023-03-26_18:50:43 INFO SetState_None()
2023-03-26_18:50:43 INFO [ Battle StandBy ] SetState_Start()
2023-03-26_18:50:43 INFO SetState_BattleStandBy()
2023-03-26_18:51:42 INFO [ Battle StandBy ] SetState_Notify()
2023-03-26_18:52:41 INFO [ Battle StandBy ] SetState_End()
2023-03-26_18:52:41 INFO [ Battle StandBy ] SetState_None()
2023-03-26_18:52:41 INFO [ Battle Maya ] SetState_StandBy_1()
2023-03-26_18:52:41 INFO SetState_BattleOfMaya()
2023-03-26_18:54:40 INFO [ Battle Maya ] SetState_Notify_1()
2023-03-26_18:54:40 INFO [ Battle Maya ] Failed. No users at state 2
2023-03-26_18:54:40 INFO [ Battle Maya ] SetState_End()
2023-03-26_18:54:42 INFO [ Battle Maya ] SetState_EndCycle()
2023-03-26_18:54:42 INFO [ Battle Maya ] SetState_None()
2023-03-26_18:54:43 INFO SetState_End()
2023-03-26_18:54:43 INFO SetState_None()
2023-03-26_18:54:43 INFO [ Battle StandBy ] SetState_Start()
2023-03-26_18:54:43 INFO SetState_BattleStandBy()
2023-03-26_18:55:42 INFO [ Battle StandBy ] SetState_Notify()
2023-03-26_18:56:41 INFO [ Battle StandBy ] SetState_End()
2023-03-26_18:56:41 INFO [ Battle StandBy ] SetState_None()
2023-03-26_18:56:41 INFO [ Battle Maya ] SetState_StandBy_1()
2023-03-26_18:56:41 INFO SetState_BattleOfMaya()
2023-03-26_18:58:40 INFO [ Battle Maya ] SetState_Notify_1()
2023-03-26_18:58:40 INFO [ Battle Maya ] Failed. No users at state 2
2023-03-26_18:58:40 INFO [ Battle Maya ] SetState_End()
2023-03-26_18:58:42 INFO [ Battle Maya ] SetState_EndCycle()
2023-03-26_18:58:42 INFO [ Battle Maya ] SetState_None()
2023-03-26_18:58:42 INFO SetState_End()
2023-03-26_18:58:42 INFO SetState_None()
2023-03-26_18:58:42 INFO [ Battle StandBy ] SetState_Start()
2023-03-26_18:58:42 INFO SetState_BattleStandBy()
2023-03-26_18:59:41 INFO [ Battle StandBy ] SetState_Notify()
2023-03-26_19:00:40 INFO [ Battle StandBy ] SetState_End()
2023-03-26_19:00:40 INFO [ Battle StandBy ] SetState_None()
2023-03-26_19:00:40 INFO [ Battle Maya ] SetState_StandBy_1()
2023-03-26_19:00:40 INFO SetState_BattleOfMaya()
2023-03-26_19:02:39 INFO [ Battle Maya ] SetState_Notify_1()
2023-03-26_19:02:39 INFO [ Battle Maya ] Failed. No users at state 2
2023-03-26_19:02:39 INFO [ Battle Maya ] SetState_End()
2023-03-26_19:02:41 INFO [ Battle Maya ] SetState_EndCycle()
2023-03-26_19:02:41 INFO [ Battle Maya ] SetState_None()
2023-03-26_19:02:41 INFO SetState_End()
2023-03-26_19:02:41 INFO SetState_None()
2023-03-26_19:02:41 INFO [ Battle StandBy ] SetState_Start()
2023-03-26_19:02:41 INFO SetState_BattleStandBy()
2023-03-26_19:03:40 INFO [ Battle StandBy ] SetState_Notify()
2023-03-26_19:04:39 INFO [ Battle StandBy ] SetState_End()
2023-03-26_19:04:39 INFO [ Battle StandBy ] SetState_None()
2023-03-26_19:04:39 INFO [ Battle Maya ] SetState_StandBy_1()
2023-03-26_19:04:39 INFO SetState_BattleOfMaya()
2023-03-26_19:06:38 INFO [ Battle Maya ] SetState_Notify_1()
2023-03-26_19:06:38 INFO [ Battle Maya ] Failed. No users at state 2
2023-03-26_19:06:39 INFO [ Battle Maya ] SetState_End()
2023-03-26_19:06:41 INFO [ Battle Maya ] SetState_EndCycle()
2023-03-26_19:06:41 INFO [ Battle Maya ] SetState_None()
2023-03-26_19:06:41 INFO SetState_End()
2023-03-26_19:06:41 INFO SetState_None()
2023-03-26_19:06:41 INFO [ Battle StandBy ] SetState_Start()
2023-03-26_19:06:41 INFO SetState_BattleStandBy()
2023-03-26_19:07:40 INFO [ Battle StandBy ] SetState_Notify()
2023-03-26_19:08:39 INFO [ Battle StandBy ] SetState_End()
2023-03-26_19:08:39 INFO [ Battle StandBy ] SetState_None()
2023-03-26_19:08:39 INFO [ Battle Maya ] SetState_StandBy_1()
2023-03-26_19:08:39 INFO SetState_BattleOfMaya()
2023-03-26_19:10:38 INFO [ Battle Maya ] SetState_Notify_1()
2023-03-26_19:10:38 INFO [ Battle Maya ] Failed. No users at state 2
2023-03-26_19:10:38 INFO [ Battle Maya ] SetState_End()
2023-03-26_19:10:40 INFO [ Battle Maya ] SetState_EndCycle()
2023-03-26_19:10:40 INFO [ Battle Maya ] SetState_None()
2023-03-26_19:10:40 INFO SetState_End()
2023-03-26_19:10:40 INFO SetState_None()
2023-03-26_19:10:40 INFO [ Battle StandBy ] SetState_Start()
2023-03-26_19:10:40 INFO SetState_BattleStandBy()
2023-03-26_19:11:39 INFO [ Battle StandBy ] SetState_Notify()
2023-03-26_19:12:38 INFO [ Battle StandBy ] SetState_End()
2023-03-26_19:12:38 INFO [ Battle StandBy ] SetState_None()
2023-03-26_19:12:38 INFO [ Battle Maya ] SetState_StandBy_1()
2023-03-26_19:12:38 INFO SetState_BattleOfMaya()
2023-03-26_19:14:37 INFO [ Battle Maya ] SetState_Notify_1()
2023-03-26_19:14:37 INFO [ Battle Maya ] Failed. No users at state 2
2023-03-26_19:14:37 INFO [ Battle Maya ] SetState_End()
2023-03-26_19:14:39 INFO [ Battle Maya ] SetState_EndCycle()
2023-03-26_19:14:39 INFO [ Battle Maya ] SetState_None()
2023-03-26_19:14:39 INFO SetState_End()
2023-03-26_19:14:39 INFO SetState_None()
2023-03-26_19:14:39 INFO [ Battle StandBy ] SetState_Start()
2023-03-26_19:14:39 INFO SetState_BattleStandBy()
2023-03-26_19:15:38 INFO [ Battle StandBy ] SetState_Notify()
2023-03-26_19:16:38 INFO [ Battle StandBy ] SetState_End()
2023-03-26_19:16:38 INFO [ Battle StandBy ] SetState_None()
2023-03-26_19:16:38 INFO [ Battle Maya ] SetState_StandBy_1()
2023-03-26_19:16:38 INFO SetState_BattleOfMaya()
2023-03-26_19:18:37 INFO [ Battle Maya ] SetState_Notify_1()
2023-03-26_19:18:37 INFO [ Battle Maya ] Failed. No users at state 2
2023-03-26_19:18:37 INFO [ Battle Maya ] SetState_End()
2023-03-26_19:18:39 INFO [ Battle Maya ] SetState_EndCycle()
2023-03-26_19:18:39 INFO [ Battle Maya ] SetState_None()
2023-03-26_19:18:39 INFO SetState_End()
2023-03-26_19:18:39 INFO SetState_None()
2023-03-26_19:18:39 INFO [ Battle StandBy ] SetState_Start()
2023-03-26_19:18:39 INFO SetState_BattleStandBy()
2023-03-26_19:19:38 INFO [ Battle StandBy ] SetState_Notify()
2023-03-26_19:20:37 INFO [ Battle StandBy ] SetState_End()
2023-03-26_19:20:37 INFO [ Battle StandBy ] SetState_None()
2023-03-26_19:20:37 INFO [ Battle Maya ] SetState_StandBy_1()
2023-03-26_19:20:37 INFO SetState_BattleOfMaya()
2023-03-26_19:22:36 INFO [ Battle Maya ] SetState_Notify_1()
2023-03-26_19:22:36 INFO [ Battle Maya ] Failed. No users at state 2
2023-03-26_19:22:36 INFO [ Battle Maya ] SetState_End()
2023-03-26_19:22:38 INFO [ Battle Maya ] SetState_EndCycle()
2023-03-26_19:22:38 INFO [ Battle Maya ] SetState_None()
2023-03-26_19:22:38 INFO SetState_End()
2023-03-26_19:22:38 INFO SetState_None()
2023-03-26_19:22:38 INFO [ Battle StandBy ] SetState_Start()
2023-03-26_19:22:38 INFO SetState_BattleStandBy()
2023-03-26_19:23:37 INFO [ Battle StandBy ] SetState_Notify()
2023-03-26_19:24:36 INFO [ Battle StandBy ] SetState_End()
2023-03-26_19:24:36 INFO [ Battle StandBy ] SetState_None()
2023-03-26_19:24:36 INFO [ Battle Maya ] SetState_StandBy_1()
2023-03-26_19:24:36 INFO SetState_BattleOfMaya()
2023-03-26_19:26:35 INFO [ Battle Maya ] SetState_Notify_1()
2023-03-26_19:26:35 INFO [ Battle Maya ] Failed. No users at state 2
2023-03-26_19:26:35 INFO [ Battle Maya ] SetState_End()
2023-03-26_19:26:37 INFO [ Battle Maya ] SetState_EndCycle()
2023-03-26_19:26:38 INFO [ Battle Maya ] SetState_None()
2023-03-26_19:26:38 INFO SetState_End()
2023-03-26_19:26:38 INFO SetState_None()
2023-03-26_19:26:38 INFO [ Battle StandBy ] SetState_Start()
2023-03-26_19:26:38 INFO SetState_BattleStandBy()
2023-03-26_19:27:37 INFO [ Battle StandBy ] SetState_Notify()
2023-03-26_19:28:36 INFO [ Battle StandBy ] SetState_End()
2023-03-26_19:28:36 INFO [ Battle StandBy ] SetState_None()
2023-03-26_19:28:36 INFO [ Battle Maya ] SetState_StandBy_1()
2023-03-26_19:28:36 INFO SetState_BattleOfMaya()
2023-03-26_19:30:35 INFO [ Battle Maya ] SetState_Notify_1()
2023-03-26_19:30:35 INFO [ Battle Maya ] Failed. No users at state 2
2023-03-26_19:30:35 INFO [ Battle Maya ] SetState_End()
2023-03-26_19:30:37 INFO [ Battle Maya ] SetState_EndCycle()
2023-03-26_19:30:37 INFO [ Battle Maya ] SetState_None()
2023-03-26_19:30:37 INFO SetState_End()
2023-03-26_19:30:37 INFO SetState_None()
2023-03-26_19:30:37 INFO [ Battle StandBy ] SetState_Start()
2023-03-26_19:30:37 INFO SetState_BattleStandBy()
2023-03-26_19:31:36 INFO [ Battle StandBy ] SetState_Notify()
2023-03-26_19:32:35 INFO [ Battle StandBy ] SetState_End()
2023-03-26_19:32:35 INFO [ Battle StandBy ] SetState_None()
2023-03-26_19:32:35 INFO [ Battle Maya ] SetState_StandBy_1()
2023-03-26_19:32:35 INFO SetState_BattleOfMaya()
2023-03-26_19:34:34 INFO [ Battle Maya ] SetState_Notify_1()
2023-03-26_19:34:34 INFO [ Battle Maya ] Failed. No users at state 2
2023-03-26_19:34:34 INFO [ Battle Maya ] SetState_End()
2023-03-26_19:34:36 INFO [ Battle Maya ] SetState_EndCycle()
2023-03-26_19:34:36 INFO [ Battle Maya ] SetState_None()
2023-03-26_19:34:36 INFO SetState_End()
2023-03-26_19:34:36 INFO SetState_None()
2023-03-26_19:34:36 INFO [ Battle StandBy ] SetState_Start()
2023-03-26_19:34:36 INFO SetState_BattleStandBy()
2023-03-26_19:35:35 INFO [ Battle StandBy ] SetState_Notify()
2023-03-26_19:36:34 INFO [ Battle StandBy ] SetState_End()
2023-03-26_19:36:34 INFO [ Battle StandBy ] SetState_None()
2023-03-26_19:36:34 INFO [ Battle Maya ] SetState_StandBy_1()
2023-03-26_19:36:34 INFO SetState_BattleOfMaya()
2023-03-26_19:38:33 INFO [ Battle Maya ] SetState_Notify_1()
2023-03-26_19:38:33 INFO [ Battle Maya ] Failed. No users at state 2
2023-03-26_19:38:33 INFO [ Battle Maya ] SetState_End()
2023-03-26_19:38:35 INFO [ Battle Maya ] SetState_EndCycle()
2023-03-26_19:38:36 INFO [ Battle Maya ] SetState_None()
2023-03-26_19:38:36 INFO SetState_End()
2023-03-26_19:38:36 INFO SetState_None()
2023-03-26_19:38:36 INFO [ Battle StandBy ] SetState_Start()
2023-03-26_19:38:36 INFO SetState_BattleStandBy()
2023-03-26_19:39:35 INFO [ Battle StandBy ] SetState_Notify()
2023-03-26_19:40:34 INFO [ Battle StandBy ] SetState_End()
2023-03-26_19:40:34 INFO [ Battle StandBy ] SetState_None()
2023-03-26_19:40:34 INFO [ Battle Maya ] SetState_StandBy_1()
2023-03-26_19:40:34 INFO SetState_BattleOfMaya()
2023-03-26_19:42:33 INFO [ Battle Maya ] SetState_Notify_1()
2023-03-26_19:42:33 INFO [ Battle Maya ] Failed. No users at state 2
2023-03-26_19:42:33 INFO [ Battle Maya ] SetState_End()
2023-03-26_19:42:35 INFO [ Battle Maya ] SetState_EndCycle()
2023-03-26_19:42:35 INFO [ Battle Maya ] SetState_None()
2023-03-26_19:42:35 INFO SetState_End()
2023-03-26_19:42:35 INFO SetState_None()
2023-03-26_19:42:35 INFO [ Battle StandBy ] SetState_Start()
2023-03-26_19:42:35 INFO SetState_BattleStandBy()
2023-03-26_19:43:34 INFO [ Battle StandBy ] SetState_Notify()
