2023-03-25_22:12:24 INFO [ Battle StandBy ] SetState_Start()
2023-03-25_22:12:24 INFO SetState_BattleStandBy()
2023-03-25_22:13:23 INFO [ Battle StandBy ] SetState_Notify()
2023-03-25_22:14:22 INFO [ Battle StandBy ] SetState_End()
2023-03-25_22:14:22 INFO [ Battle StandBy ] SetState_None()
2023-03-25_22:14:22 INFO [ Battle Maya ] SetState_StandBy_1()
2023-03-25_22:14:22 INFO SetState_BattleOfMaya()
2023-03-25_22:16:21 INFO [ Battle Maya ] SetState_Notify_1()
2023-03-25_22:16:21 INFO [ Battle Maya ] Failed. No users at state 2
2023-03-25_22:16:21 INFO [ Battle Maya ] SetState_End()
2023-03-25_22:16:23 INFO [ Battle Maya ] SetState_EndCycle()
2023-03-25_22:16:23 INFO [ Battle Maya ] SetState_None()
2023-03-25_22:16:23 INFO SetState_End()
2023-03-25_22:16:23 INFO SetState_None()
2023-03-25_22:16:23 INFO [ Battle StandBy ] SetState_Start()
2023-03-25_22:16:23 INFO SetState_BattleStandBy()
2023-03-25_22:17:22 INFO [ Battle StandBy ] SetState_Notify()
2023-03-25_22:18:21 INFO [ Battle StandBy ] SetState_End()
2023-03-25_22:18:21 INFO [ Battle StandBy ] SetState_None()
2023-03-25_22:18:21 INFO [ Battle Maya ] SetState_StandBy_1()
2023-03-25_22:18:21 INFO SetState_BattleOfMaya()
2023-03-25_22:20:20 INFO [ Battle Maya ] SetState_Notify_1()
2023-03-25_22:20:20 INFO [ Battle Maya ] Failed. No users at state 2
2023-03-25_22:20:20 INFO [ Battle Maya ] SetState_End()
2023-03-25_22:20:22 INFO [ Battle Maya ] SetState_EndCycle()
2023-03-25_22:20:22 INFO [ Battle Maya ] SetState_None()
2023-03-25_22:20:22 INFO SetState_End()
2023-03-25_22:20:23 INFO SetState_None()
2023-03-25_22:20:23 INFO [ Battle StandBy ] SetState_Start()
2023-03-25_22:20:23 INFO SetState_BattleStandBy()
2023-03-25_22:21:22 INFO [ Battle StandBy ] SetState_Notify()
2023-03-25_22:22:21 INFO [ Battle StandBy ] SetState_End()
2023-03-25_22:22:21 INFO [ Battle StandBy ] SetState_None()
2023-03-25_22:22:21 INFO [ Battle Maya ] SetState_StandBy_1()
2023-03-25_22:22:21 INFO SetState_BattleOfMaya()
2023-03-25_22:24:20 INFO [ Battle Maya ] SetState_Notify_1()
2023-03-25_22:24:20 INFO [ Battle Maya ] Failed. No users at state 2
2023-03-25_22:24:20 INFO [ Battle Maya ] SetState_End()
2023-03-25_22:24:22 INFO [ Battle Maya ] SetState_EndCycle()
2023-03-25_22:24:22 INFO [ Battle Maya ] SetState_None()
2023-03-25_22:24:22 INFO SetState_End()
2023-03-25_22:24:22 INFO SetState_None()
2023-03-25_22:24:22 INFO [ Battle StandBy ] SetState_Start()
2023-03-25_22:24:22 INFO SetState_BattleStandBy()
2023-03-25_22:25:21 INFO [ Battle StandBy ] SetState_Notify()
2023-03-25_22:26:20 INFO [ Battle StandBy ] SetState_End()
2023-03-25_22:26:20 INFO [ Battle StandBy ] SetState_None()
2023-03-25_22:26:20 INFO [ Battle Maya ] SetState_StandBy_1()
2023-03-25_22:26:20 INFO SetState_BattleOfMaya()
