2023-03-29_13:02:56 INFO [ Battle StandBy ] SetState_Start()
2023-03-29_13:02:56 INFO SetState_BattleStandBy()
2023-03-29_13:03:55 INFO [ Battle StandBy ] SetState_Notify()
2023-03-29_13:04:54 INFO [ Battle StandBy ] SetState_End()
2023-03-29_13:04:54 INFO [ Battle StandBy ] SetState_None()
2023-03-29_13:04:54 INFO [ Battle Maya ] SetState_StandBy_1()
2023-03-29_13:04:54 INFO SetState_BattleOfMaya()
2023-03-29_13:06:53 INFO [ Battle Maya ] SetState_Notify_1()
2023-03-29_13:06:53 INFO [ Battle Maya ] Failed. No users at state 2
2023-03-29_13:06:53 INFO [ Battle Maya ] SetState_End()
2023-03-29_13:06:55 INFO [ Battle Maya ] SetState_EndCycle()
2023-03-29_13:06:55 INFO [ Battle Maya ] SetState_None()
2023-03-29_13:06:55 INFO SetState_End()
2023-03-29_13:06:55 INFO SetState_None()
2023-03-29_13:06:55 INFO [ Battle StandBy ] SetState_Start()
2023-03-29_13:06:55 INFO SetState_BattleStandBy()
2023-03-29_13:07:54 INFO [ Battle StandBy ] SetState_Notify()
2023-03-29_13:08:53 INFO [ Battle StandBy ] SetState_End()
2023-03-29_13:08:53 INFO [ Battle StandBy ] SetState_None()
2023-03-29_13:08:53 INFO [ Battle Maya ] SetState_StandBy_1()
2023-03-29_13:08:54 INFO SetState_BattleOfMaya()
2023-03-29_13:10:53 INFO [ Battle Maya ] SetState_Notify_1()
2023-03-29_13:10:53 INFO [ Battle Maya ] Failed. No users at state 2
2023-03-29_13:10:53 INFO [ Battle Maya ] SetState_End()
2023-03-29_13:10:55 INFO [ Battle Maya ] SetState_EndCycle()
2023-03-29_13:10:55 INFO [ Battle Maya ] SetState_None()
2023-03-29_13:10:55 INFO SetState_End()
2023-03-29_13:10:55 INFO SetState_None()
2023-03-29_13:10:55 INFO [ Battle StandBy ] SetState_Start()
2023-03-29_13:10:55 INFO SetState_BattleStandBy()
2023-03-29_13:11:54 INFO [ Battle StandBy ] SetState_Notify()
2023-03-29_13:12:53 INFO [ Battle StandBy ] SetState_End()
2023-03-29_13:12:53 INFO [ Battle StandBy ] SetState_None()
2023-03-29_13:12:53 INFO [ Battle Maya ] SetState_StandBy_1()
2023-03-29_13:12:53 INFO SetState_BattleOfMaya()
2023-03-29_13:14:52 INFO [ Battle Maya ] SetState_Notify_1()
2023-03-29_13:14:52 INFO [ Battle Maya ] Failed. No users at state 2
2023-03-29_13:14:52 INFO [ Battle Maya ] SetState_End()
2023-03-29_13:14:54 INFO [ Battle Maya ] SetState_EndCycle()
2023-03-29_13:14:54 INFO [ Battle Maya ] SetState_None()
2023-03-29_13:14:54 INFO SetState_End()
2023-03-29_13:14:54 INFO SetState_None()
2023-03-29_13:14:54 INFO [ Battle StandBy ] SetState_Start()
2023-03-29_13:14:54 INFO SetState_BattleStandBy()
2023-03-29_13:15:53 INFO [ Battle StandBy ] SetState_Notify()
2023-03-29_13:16:52 INFO [ Battle StandBy ] SetState_End()
2023-03-29_13:16:52 INFO [ Battle StandBy ] SetState_None()
2023-03-29_13:16:52 INFO [ Battle Maya ] SetState_StandBy_1()
2023-03-29_13:16:52 INFO SetState_BattleOfMaya()
2023-03-29_13:18:52 INFO [ Battle Maya ] SetState_Notify_1()
2023-03-29_13:18:52 INFO [ Battle Maya ] Failed. No users at state 2
2023-03-29_13:18:52 INFO [ Battle Maya ] SetState_End()
2023-03-29_13:18:54 INFO [ Battle Maya ] SetState_EndCycle()
2023-03-29_13:18:54 INFO [ Battle Maya ] SetState_None()
2023-03-29_13:18:54 INFO SetState_End()
2023-03-29_13:18:54 INFO SetState_None()
2023-03-29_13:18:54 INFO [ Battle StandBy ] SetState_Start()
2023-03-29_13:18:54 INFO SetState_BattleStandBy()
2023-03-29_13:19:53 INFO [ Battle StandBy ] SetState_Notify()
2023-03-29_13:20:52 INFO [ Battle StandBy ] SetState_End()
2023-03-29_13:20:52 INFO [ Battle StandBy ] SetState_None()
2023-03-29_13:20:52 INFO [ Battle Maya ] SetState_StandBy_1()
2023-03-29_13:20:52 INFO SetState_BattleOfMaya()
2023-03-29_13:22:51 INFO [ Battle Maya ] SetState_Notify_1()
2023-03-29_13:22:51 INFO [ Battle Maya ] Failed. No users at state 2
2023-03-29_13:22:51 INFO [ Battle Maya ] SetState_End()
2023-03-29_13:22:53 INFO [ Battle Maya ] SetState_EndCycle()
2023-03-29_13:22:53 INFO [ Battle Maya ] SetState_None()
2023-03-29_13:22:53 INFO SetState_End()
2023-03-29_13:22:53 INFO SetState_None()
2023-03-29_13:22:53 INFO [ Battle StandBy ] SetState_Start()
2023-03-29_13:22:53 INFO SetState_BattleStandBy()
2023-03-29_13:23:52 INFO [ Battle StandBy ] SetState_Notify()
2023-03-29_13:24:51 INFO [ Battle StandBy ] SetState_End()
2023-03-29_13:24:51 INFO [ Battle StandBy ] SetState_None()
2023-03-29_13:24:51 INFO [ Battle Maya ] SetState_StandBy_1()
2023-03-29_13:24:51 INFO SetState_BattleOfMaya()
