2023-03-26_16:43:14 INFO [ Battle StandBy ] SetState_Start()
2023-03-26_16:43:14 INFO SetState_BattleStandBy()
2023-03-26_16:44:13 INFO [ Battle StandBy ] SetState_Notify()
2023-03-26_16:45:12 INFO [ Battle StandBy ] SetState_End()
2023-03-26_16:45:12 INFO [ Battle StandBy ] SetState_None()
2023-03-26_16:45:12 INFO [ Battle Maya ] SetState_StandBy_1()
2023-03-26_16:45:12 INFO SetState_BattleOfMaya()
2023-03-26_16:47:11 INFO [ Battle Maya ] SetState_Notify_1()
2023-03-26_16:47:11 INFO [ Battle Maya ] Failed. No users at state 2
2023-03-26_16:47:11 INFO [ Battle Maya ] SetState_End()
2023-03-26_16:47:13 INFO [ Battle Maya ] SetState_EndCycle()
2023-03-26_16:47:13 INFO [ Battle Maya ] SetState_None()
2023-03-26_16:47:13 INFO SetState_End()
2023-03-26_16:47:13 INFO SetState_None()
2023-03-26_16:47:13 INFO [ Battle StandBy ] SetState_Start()
2023-03-26_16:47:13 INFO SetState_BattleStandBy()
2023-03-26_16:48:12 INFO [ Battle StandBy ] SetState_Notify()
2023-03-26_16:49:11 INFO [ Battle StandBy ] SetState_End()
2023-03-26_16:49:11 INFO [ Battle StandBy ] SetState_None()
2023-03-26_16:49:11 INFO [ Battle Maya ] SetState_StandBy_1()
2023-03-26_16:49:12 INFO SetState_BattleOfMaya()
