2023-03-25_22:28:22 INFO [ Battle StandBy ] SetState_Start()
2023-03-25_22:28:22 INFO SetState_BattleStandBy()
2023-03-25_22:29:21 INFO [ Battle StandBy ] SetState_Notify()
2023-03-25_22:30:20 INFO [ Battle StandBy ] SetState_End()
2023-03-25_22:30:20 INFO [ Battle StandBy ] SetState_None()
2023-03-25_22:30:21 INFO [ Battle Maya ] SetState_StandBy_1()
2023-03-25_22:30:21 INFO SetState_BattleOfMaya()
2023-03-25_22:32:20 INFO [ Battle Maya ] SetState_Notify_1()
2023-03-25_22:32:20 INFO [ Battle Maya ] Failed. No users at state 2
2023-03-25_22:32:20 INFO [ Battle Maya ] SetState_End()
2023-03-25_22:32:22 INFO [ Battle Maya ] SetState_EndCycle()
2023-03-25_22:32:22 INFO [ Battle Maya ] SetState_None()
2023-03-25_22:32:22 INFO SetState_End()
2023-03-25_22:32:22 INFO SetState_None()
2023-03-25_22:32:22 INFO [ Battle StandBy ] SetState_Start()
2023-03-25_22:32:22 INFO SetState_BattleStandBy()
2023-03-25_22:33:21 INFO [ Battle StandBy ] SetState_Notify()
2023-03-25_22:34:20 INFO [ Battle StandBy ] SetState_End()
2023-03-25_22:34:20 INFO [ Battle StandBy ] SetState_None()
2023-03-25_22:34:20 INFO [ Battle Maya ] SetState_StandBy_1()
2023-03-25_22:34:20 INFO SetState_BattleOfMaya()
