2023-04-06_21:47:50 INFO [ Battle StandBy ] SetState_Start()
2023-04-06_21:47:50 INFO SetState_BattleStandBy()
2023-04-06_21:48:50 INFO [ Battle StandBy ] SetState_Notify()
2023-04-06_21:49:49 INFO [ Battle StandBy ] SetState_End()
2023-04-06_21:49:49 INFO [ Battle StandBy ] SetState_None()
2023-04-06_21:49:49 INFO [ Battle Maya ] SetState_StandBy_1()
2023-04-06_21:49:49 INFO SetState_BattleOfMaya()
2023-04-06_21:51:48 INFO [ Battle Maya ] SetState_Notify_1()
2023-04-06_21:51:48 INFO [ Battle Maya ] Failed. No users at state 2
2023-04-06_21:51:48 INFO [ Battle Maya ] SetState_End()
2023-04-06_21:51:50 INFO [ Battle Maya ] SetState_EndCycle()
2023-04-06_21:51:50 INFO [ Battle Maya ] SetState_None()
2023-04-06_21:51:50 INFO SetState_End()
2023-04-06_21:51:50 INFO SetState_None()
2023-04-06_21:51:50 INFO [ Battle StandBy ] SetState_Start()
2023-04-06_21:51:50 INFO SetState_BattleStandBy()
2023-04-06_21:52:49 INFO [ Battle StandBy ] SetState_Notify()
2023-04-06_21:53:48 INFO [ Battle StandBy ] SetState_End()
2023-04-06_21:53:48 INFO [ Battle StandBy ] SetState_None()
2023-04-06_21:53:48 INFO [ Battle Maya ] SetState_StandBy_1()
2023-04-06_21:53:48 INFO SetState_BattleOfMaya()
2023-04-06_21:55:47 INFO [ Battle Maya ] SetState_Notify_1()
2023-04-06_21:55:47 INFO [ Battle Maya ] Failed. No users at state 2
2023-04-06_21:55:47 INFO [ Battle Maya ] SetState_End()
2023-04-06_21:55:49 INFO [ Battle Maya ] SetState_EndCycle()
2023-04-06_21:55:49 INFO [ Battle Maya ] SetState_None()
2023-04-06_21:55:49 INFO SetState_End()
2023-04-06_21:55:49 INFO SetState_None()
2023-04-06_21:55:49 INFO [ Battle StandBy ] SetState_Start()
2023-04-06_21:55:49 INFO SetState_BattleStandBy()
2023-04-06_21:56:48 INFO [ Battle StandBy ] SetState_Notify()
2023-04-06_21:57:47 INFO [ Battle StandBy ] SetState_End()
2023-04-06_21:57:47 INFO [ Battle StandBy ] SetState_None()
2023-04-06_21:57:47 INFO [ Battle Maya ] SetState_StandBy_1()
2023-04-06_21:57:48 INFO SetState_BattleOfMaya()
2023-04-06_21:59:47 INFO [ Battle Maya ] SetState_Notify_1()
2023-04-06_21:59:47 INFO [ Battle Maya ] Failed. No users at state 2
2023-04-06_21:59:47 INFO [ Battle Maya ] SetState_End()
2023-04-06_21:59:49 INFO [ Battle Maya ] SetState_EndCycle()
2023-04-06_21:59:49 INFO [ Battle Maya ] SetState_None()
2023-04-06_21:59:49 INFO SetState_End()
2023-04-06_21:59:49 INFO SetState_None()
2023-04-06_21:59:49 INFO [ Battle StandBy ] SetState_Start()
2023-04-06_21:59:49 INFO SetState_BattleStandBy()
2023-04-06_22:00:48 INFO [ Battle StandBy ] SetState_Notify()
2023-04-06_22:01:47 INFO [ Battle StandBy ] SetState_End()
2023-04-06_22:01:47 INFO [ Battle StandBy ] SetState_None()
2023-04-06_22:01:47 INFO [ Battle Maya ] SetState_StandBy_1()
2023-04-06_22:01:47 INFO SetState_BattleOfMaya()
2023-04-06_22:03:46 INFO [ Battle Maya ] SetState_Notify_1()
2023-04-06_22:03:46 INFO [ Battle Maya ] Failed. No users at state 2
2023-04-06_22:03:46 INFO [ Battle Maya ] SetState_End()
2023-04-06_22:03:48 INFO [ Battle Maya ] SetState_EndCycle()
2023-04-06_22:03:48 INFO [ Battle Maya ] SetState_None()
2023-04-06_22:03:48 INFO SetState_End()
2023-04-06_22:03:48 INFO SetState_None()
2023-04-06_22:03:48 INFO [ Battle StandBy ] SetState_Start()
2023-04-06_22:03:48 INFO SetState_BattleStandBy()
2023-04-06_22:04:47 INFO [ Battle StandBy ] SetState_Notify()
2023-04-06_22:05:46 INFO [ Battle StandBy ] SetState_End()
2023-04-06_22:05:46 INFO [ Battle StandBy ] SetState_None()
2023-04-06_22:05:46 INFO [ Battle Maya ] SetState_StandBy_1()
2023-04-06_22:05:46 INFO SetState_BattleOfMaya()
2023-04-06_22:07:45 INFO [ Battle Maya ] SetState_Notify_1()
2023-04-06_22:07:45 INFO [ Battle Maya ] Failed. No users at state 2
2023-04-06_22:07:45 INFO [ Battle Maya ] SetState_End()
2023-04-06_22:07:47 INFO [ Battle Maya ] SetState_EndCycle()
2023-04-06_22:07:47 INFO [ Battle Maya ] SetState_None()
2023-04-06_22:07:47 INFO SetState_End()
2023-04-06_22:07:48 INFO SetState_None()
2023-04-06_22:07:48 INFO [ Battle StandBy ] SetState_Start()
2023-04-06_22:07:48 INFO SetState_BattleStandBy()
2023-04-06_22:08:47 INFO [ Battle StandBy ] SetState_Notify()
2023-04-06_22:09:46 INFO [ Battle StandBy ] SetState_End()
2023-04-06_22:09:46 INFO [ Battle StandBy ] SetState_None()
2023-04-06_22:09:46 INFO [ Battle Maya ] SetState_StandBy_1()
2023-04-06_22:09:46 INFO SetState_BattleOfMaya()
2023-04-06_22:11:45 INFO [ Battle Maya ] SetState_Notify_1()
2023-04-06_22:11:45 INFO [ Battle Maya ] Failed. No users at state 2
2023-04-06_22:11:45 INFO [ Battle Maya ] SetState_End()
2023-04-06_22:11:47 INFO [ Battle Maya ] SetState_EndCycle()
2023-04-06_22:11:47 INFO [ Battle Maya ] SetState_None()
2023-04-06_22:11:47 INFO SetState_End()
2023-04-06_22:11:47 INFO SetState_None()
2023-04-06_22:11:47 INFO [ Battle StandBy ] SetState_Start()
2023-04-06_22:11:47 INFO SetState_BattleStandBy()
2023-04-06_22:12:46 INFO [ Battle StandBy ] SetState_Notify()
2023-04-06_22:13:45 INFO [ Battle StandBy ] SetState_End()
2023-04-06_22:13:45 INFO [ Battle StandBy ] SetState_None()
2023-04-06_22:13:45 INFO [ Battle Maya ] SetState_StandBy_1()
2023-04-06_22:13:45 INFO SetState_BattleOfMaya()
2023-04-06_22:15:44 INFO [ Battle Maya ] SetState_Notify_1()
2023-04-06_22:15:44 INFO [ Battle Maya ] Failed. No users at state 2
2023-04-06_22:15:44 INFO [ Battle Maya ] SetState_End()
2023-04-06_22:15:46 INFO [ Battle Maya ] SetState_EndCycle()
2023-04-06_22:15:46 INFO [ Battle Maya ] SetState_None()
2023-04-06_22:15:46 INFO SetState_End()
2023-04-06_22:15:46 INFO SetState_None()
2023-04-06_22:15:46 INFO [ Battle StandBy ] SetState_Start()
2023-04-06_22:15:46 INFO SetState_BattleStandBy()
2023-04-06_22:16:45 INFO [ Battle StandBy ] SetState_Notify()
2023-04-06_22:17:44 INFO [ Battle StandBy ] SetState_End()
2023-04-06_22:17:44 INFO [ Battle StandBy ] SetState_None()
2023-04-06_22:17:44 INFO [ Battle Maya ] SetState_StandBy_1()
2023-04-06_22:17:44 INFO SetState_BattleOfMaya()
2023-04-06_22:19:43 INFO [ Battle Maya ] SetState_Notify_1()
2023-04-06_22:19:43 INFO [ Battle Maya ] Failed. No users at state 2
2023-04-06_22:19:43 INFO [ Battle Maya ] SetState_End()
2023-04-06_22:19:45 INFO [ Battle Maya ] SetState_EndCycle()
2023-04-06_22:19:46 INFO [ Battle Maya ] SetState_None()
2023-04-06_22:19:46 INFO SetState_End()
2023-04-06_22:19:46 INFO SetState_None()
2023-04-06_22:19:46 INFO [ Battle StandBy ] SetState_Start()
2023-04-06_22:19:46 INFO SetState_BattleStandBy()
2023-04-06_22:20:45 INFO [ Battle StandBy ] SetState_Notify()
2023-04-06_22:21:44 INFO [ Battle StandBy ] SetState_End()
2023-04-06_22:21:44 INFO [ Battle StandBy ] SetState_None()
2023-04-06_22:21:44 INFO [ Battle Maya ] SetState_StandBy_1()
2023-04-06_22:21:44 INFO SetState_BattleOfMaya()
2023-04-06_22:23:43 INFO [ Battle Maya ] SetState_Notify_1()
2023-04-06_22:23:43 INFO [ Battle Maya ] Failed. No users at state 2
2023-04-06_22:23:43 INFO [ Battle Maya ] SetState_End()
2023-04-06_22:23:45 INFO [ Battle Maya ] SetState_EndCycle()
2023-04-06_22:23:45 INFO [ Battle Maya ] SetState_None()
2023-04-06_22:23:45 INFO SetState_End()
2023-04-06_22:23:45 INFO SetState_None()
2023-04-06_22:23:45 INFO [ Battle StandBy ] SetState_Start()
2023-04-06_22:23:45 INFO SetState_BattleStandBy()
2023-04-06_22:24:44 INFO [ Battle StandBy ] SetState_Notify()
2023-04-06_22:25:43 INFO [ Battle StandBy ] SetState_End()
2023-04-06_22:25:43 INFO [ Battle StandBy ] SetState_None()
2023-04-06_22:25:43 INFO [ Battle Maya ] SetState_StandBy_1()
2023-04-06_22:25:43 INFO SetState_BattleOfMaya()
2023-04-06_22:27:42 INFO [ Battle Maya ] SetState_Notify_1()
2023-04-06_22:27:42 INFO [ Battle Maya ] Failed. No users at state 2
2023-04-06_22:27:42 INFO [ Battle Maya ] SetState_End()
2023-04-06_22:27:44 INFO [ Battle Maya ] SetState_EndCycle()
2023-04-06_22:27:44 INFO [ Battle Maya ] SetState_None()
2023-04-06_22:27:45 INFO SetState_End()
2023-04-06_22:27:45 INFO SetState_None()
2023-04-06_22:27:45 INFO [ Battle StandBy ] SetState_Start()
2023-04-06_22:27:45 INFO SetState_BattleStandBy()
2023-04-06_22:28:44 INFO [ Battle StandBy ] SetState_Notify()
2023-04-06_22:29:43 INFO [ Battle StandBy ] SetState_End()
2023-04-06_22:29:43 INFO [ Battle StandBy ] SetState_None()
2023-04-06_22:29:43 INFO [ Battle Maya ] SetState_StandBy_1()
2023-04-06_22:29:43 INFO SetState_BattleOfMaya()
2023-04-06_22:31:42 INFO [ Battle Maya ] SetState_Notify_1()
2023-04-06_22:31:42 INFO [ Battle Maya ] Failed. No users at state 2
2023-04-06_22:31:42 INFO [ Battle Maya ] SetState_End()
2023-04-06_22:31:44 INFO [ Battle Maya ] SetState_EndCycle()
2023-04-06_22:31:44 INFO [ Battle Maya ] SetState_None()
2023-04-06_22:31:44 INFO SetState_End()
2023-04-06_22:31:44 INFO SetState_None()
2023-04-06_22:31:44 INFO [ Battle StandBy ] SetState_Start()
2023-04-06_22:31:44 INFO SetState_BattleStandBy()
2023-04-06_22:32:43 INFO [ Battle StandBy ] SetState_Notify()
2023-04-06_22:33:42 INFO [ Battle StandBy ] SetState_End()
2023-04-06_22:33:42 INFO [ Battle StandBy ] SetState_None()
2023-04-06_22:33:42 INFO [ Battle Maya ] SetState_StandBy_1()
2023-04-06_22:33:42 INFO SetState_BattleOfMaya()
2023-04-06_22:35:41 INFO [ Battle Maya ] SetState_Notify_1()
2023-04-06_22:35:41 INFO [ Battle Maya ] Failed. No users at state 2
2023-04-06_22:35:41 INFO [ Battle Maya ] SetState_End()
2023-04-06_22:35:43 INFO [ Battle Maya ] SetState_EndCycle()
2023-04-06_22:35:43 INFO [ Battle Maya ] SetState_None()
2023-04-06_22:35:43 INFO SetState_End()
2023-04-06_22:35:43 INFO SetState_None()
2023-04-06_22:35:43 INFO [ Battle StandBy ] SetState_Start()
2023-04-06_22:35:43 INFO SetState_BattleStandBy()
2023-04-06_22:36:42 INFO [ Battle StandBy ] SetState_Notify()
2023-04-06_22:37:41 INFO [ Battle StandBy ] SetState_End()
2023-04-06_22:37:41 INFO [ Battle StandBy ] SetState_None()
2023-04-06_22:37:41 INFO [ Battle Maya ] SetState_StandBy_1()
2023-04-06_22:37:41 INFO SetState_BattleOfMaya()
2023-04-06_22:39:40 INFO [ Battle Maya ] SetState_Notify_1()
2023-04-06_22:39:40 INFO [ Battle Maya ] Failed. No users at state 2
2023-04-06_22:39:40 INFO [ Battle Maya ] SetState_End()
2023-04-06_22:39:42 INFO [ Battle Maya ] SetState_EndCycle()
2023-04-06_22:39:43 INFO [ Battle Maya ] SetState_None()
2023-04-06_22:39:43 INFO SetState_End()
2023-04-06_22:39:43 INFO SetState_None()
2023-04-06_22:39:43 INFO [ Battle StandBy ] SetState_Start()
2023-04-06_22:39:43 INFO SetState_BattleStandBy()
2023-04-06_22:40:42 INFO [ Battle StandBy ] SetState_Notify()
2023-04-06_22:41:41 INFO [ Battle StandBy ] SetState_End()
2023-04-06_22:41:41 INFO [ Battle StandBy ] SetState_None()
2023-04-06_22:41:41 INFO [ Battle Maya ] SetState_StandBy_1()
2023-04-06_22:41:41 INFO SetState_BattleOfMaya()
2023-04-06_22:43:40 INFO [ Battle Maya ] SetState_Notify_1()
2023-04-06_22:43:40 INFO [ Battle Maya ] Failed. No users at state 2
2023-04-06_22:43:40 INFO [ Battle Maya ] SetState_End()
2023-04-06_22:43:42 INFO [ Battle Maya ] SetState_EndCycle()
2023-04-06_22:43:42 INFO [ Battle Maya ] SetState_None()
2023-04-06_22:43:42 INFO SetState_End()
2023-04-06_22:43:42 INFO SetState_None()
2023-04-06_22:43:42 INFO [ Battle StandBy ] SetState_Start()
2023-04-06_22:43:42 INFO SetState_BattleStandBy()
2023-04-06_22:44:41 INFO [ Battle StandBy ] SetState_Notify()
2023-04-06_22:45:40 INFO [ Battle StandBy ] SetState_End()
2023-04-06_22:45:40 INFO [ Battle StandBy ] SetState_None()
2023-04-06_22:45:40 INFO [ Battle Maya ] SetState_StandBy_1()
2023-04-06_22:45:40 INFO SetState_BattleOfMaya()
2023-04-06_22:47:39 INFO [ Battle Maya ] SetState_Notify_1()
2023-04-06_22:47:39 INFO [ Battle Maya ] Failed. No users at state 2
2023-04-06_22:47:39 INFO [ Battle Maya ] SetState_End()
2023-04-06_22:47:41 INFO [ Battle Maya ] SetState_EndCycle()
2023-04-06_22:47:41 INFO [ Battle Maya ] SetState_None()
2023-04-06_22:47:41 INFO SetState_End()
2023-04-06_22:47:41 INFO SetState_None()
2023-04-06_22:47:41 INFO [ Battle StandBy ] SetState_Start()
2023-04-06_22:47:41 INFO SetState_BattleStandBy()
2023-04-06_22:48:40 INFO [ Battle StandBy ] SetState_Notify()
2023-04-06_22:49:39 INFO [ Battle StandBy ] SetState_End()
2023-04-06_22:49:39 INFO [ Battle StandBy ] SetState_None()
2023-04-06_22:49:39 INFO [ Battle Maya ] SetState_StandBy_1()
2023-04-06_22:49:39 INFO SetState_BattleOfMaya()
2023-04-06_22:51:38 INFO [ Battle Maya ] SetState_Notify_1()
2023-04-06_22:51:38 INFO [ Battle Maya ] Failed. No users at state 2
2023-04-06_22:51:38 INFO [ Battle Maya ] SetState_End()
2023-04-06_22:51:40 INFO [ Battle Maya ] SetState_EndCycle()
2023-04-06_22:51:41 INFO [ Battle Maya ] SetState_None()
2023-04-06_22:51:41 INFO SetState_End()
2023-04-06_22:51:41 INFO SetState_None()
2023-04-06_22:51:41 INFO [ Battle StandBy ] SetState_Start()
2023-04-06_22:51:41 INFO SetState_BattleStandBy()
2023-04-06_22:52:40 INFO [ Battle StandBy ] SetState_Notify()
2023-04-06_22:53:39 INFO [ Battle StandBy ] SetState_End()
2023-04-06_22:53:39 INFO [ Battle StandBy ] SetState_None()
2023-04-06_22:53:39 INFO [ Battle Maya ] SetState_StandBy_1()
2023-04-06_22:53:39 INFO SetState_BattleOfMaya()
2023-04-06_22:55:38 INFO [ Battle Maya ] SetState_Notify_1()
2023-04-06_22:55:38 INFO [ Battle Maya ] Failed. No users at state 2
2023-04-06_22:55:38 INFO [ Battle Maya ] SetState_End()
2023-04-06_22:55:40 INFO [ Battle Maya ] SetState_EndCycle()
2023-04-06_22:55:40 INFO [ Battle Maya ] SetState_None()
2023-04-06_22:55:40 INFO SetState_End()
2023-04-06_22:55:40 INFO SetState_None()
2023-04-06_22:55:40 INFO [ Battle StandBy ] SetState_Start()
2023-04-06_22:55:40 INFO SetState_BattleStandBy()
2023-04-06_22:56:39 INFO [ Battle StandBy ] SetState_Notify()
2023-04-06_22:57:38 INFO [ Battle StandBy ] SetState_End()
2023-04-06_22:57:38 INFO [ Battle StandBy ] SetState_None()
2023-04-06_22:57:38 INFO [ Battle Maya ] SetState_StandBy_1()
2023-04-06_22:57:38 INFO SetState_BattleOfMaya()
2023-04-06_22:59:37 INFO [ Battle Maya ] SetState_Notify_1()
2023-04-06_22:59:37 INFO [ Battle Maya ] Failed. No users at state 2
2023-04-06_22:59:37 INFO [ Battle Maya ] SetState_End()
2023-04-06_22:59:39 INFO [ Battle Maya ] SetState_EndCycle()
2023-04-06_22:59:39 INFO [ Battle Maya ] SetState_None()
2023-04-06_22:59:39 INFO SetState_End()
2023-04-06_22:59:39 INFO SetState_None()
2023-04-06_22:59:39 INFO [ Battle StandBy ] SetState_Start()
2023-04-06_22:59:39 INFO SetState_BattleStandBy()
2023-04-06_23:00:38 INFO [ Battle StandBy ] SetState_Notify()
2023-04-06_23:01:37 INFO [ Battle StandBy ] SetState_End()
2023-04-06_23:01:37 INFO [ Battle StandBy ] SetState_None()
2023-04-06_23:01:37 INFO [ Battle Maya ] SetState_StandBy_1()
2023-04-06_23:01:37 INFO SetState_BattleOfMaya()
2023-04-06_23:03:37 INFO [ Battle Maya ] SetState_Notify_1()
2023-04-06_23:03:37 INFO [ Battle Maya ] Failed. No users at state 2
2023-04-06_23:03:37 INFO [ Battle Maya ] SetState_End()
2023-04-06_23:03:39 INFO [ Battle Maya ] SetState_EndCycle()
2023-04-06_23:03:39 INFO [ Battle Maya ] SetState_None()
2023-04-06_23:03:39 INFO SetState_End()
2023-04-06_23:03:39 INFO SetState_None()
2023-04-06_23:03:39 INFO [ Battle StandBy ] SetState_Start()
2023-04-06_23:03:39 INFO SetState_BattleStandBy()
2023-04-06_23:04:38 INFO [ Battle StandBy ] SetState_Notify()
2023-04-06_23:05:37 INFO [ Battle StandBy ] SetState_End()
2023-04-06_23:05:37 INFO [ Battle StandBy ] SetState_None()
2023-04-06_23:05:37 INFO [ Battle Maya ] SetState_StandBy_1()
2023-04-06_23:05:37 INFO SetState_BattleOfMaya()
2023-04-06_23:07:36 INFO [ Battle Maya ] SetState_Notify_1()
2023-04-06_23:07:36 INFO [ Battle Maya ] Failed. No users at state 2
2023-04-06_23:07:36 INFO [ Battle Maya ] SetState_End()
2023-04-06_23:07:38 INFO [ Battle Maya ] SetState_EndCycle()
2023-04-06_23:07:38 INFO [ Battle Maya ] SetState_None()
2023-04-06_23:07:38 INFO SetState_End()
2023-04-06_23:07:38 INFO SetState_None()
2023-04-06_23:07:38 INFO [ Battle StandBy ] SetState_Start()
2023-04-06_23:07:38 INFO SetState_BattleStandBy()
2023-04-06_23:08:37 INFO [ Battle StandBy ] SetState_Notify()
2023-04-06_23:09:36 INFO [ Battle StandBy ] SetState_End()
2023-04-06_23:09:36 INFO [ Battle StandBy ] SetState_None()
2023-04-06_23:09:36 INFO [ Battle Maya ] SetState_StandBy_1()
2023-04-06_23:09:36 INFO SetState_BattleOfMaya()
2023-04-06_23:11:35 INFO [ Battle Maya ] SetState_Notify_1()
2023-04-06_23:11:35 INFO [ Battle Maya ] Failed. No users at state 2
2023-04-06_23:11:35 INFO [ Battle Maya ] SetState_End()
2023-04-06_23:11:37 INFO [ Battle Maya ] SetState_EndCycle()
2023-04-06_23:11:37 INFO [ Battle Maya ] SetState_None()
2023-04-06_23:11:37 INFO SetState_End()
2023-04-06_23:11:37 INFO SetState_None()
2023-04-06_23:11:37 INFO [ Battle StandBy ] SetState_Start()
2023-04-06_23:11:37 INFO SetState_BattleStandBy()
2023-04-06_23:12:36 INFO [ Battle StandBy ] SetState_Notify()
2023-04-06_23:13:35 INFO [ Battle StandBy ] SetState_End()
2023-04-06_23:13:36 INFO [ Battle StandBy ] SetState_None()
2023-04-06_23:13:36 INFO [ Battle Maya ] SetState_StandBy_1()
2023-04-06_23:13:36 INFO SetState_BattleOfMaya()
2023-04-06_23:15:35 INFO [ Battle Maya ] SetState_Notify_1()
2023-04-06_23:15:35 INFO [ Battle Maya ] Failed. No users at state 2
2023-04-06_23:15:35 INFO [ Battle Maya ] SetState_End()
2023-04-06_23:15:37 INFO [ Battle Maya ] SetState_EndCycle()
2023-04-06_23:15:37 INFO [ Battle Maya ] SetState_None()
2023-04-06_23:15:37 INFO SetState_End()
2023-04-06_23:15:37 INFO SetState_None()
2023-04-06_23:15:37 INFO [ Battle StandBy ] SetState_Start()
2023-04-06_23:15:37 INFO SetState_BattleStandBy()
2023-04-06_23:16:36 INFO [ Battle StandBy ] SetState_Notify()
2023-04-06_23:17:35 INFO [ Battle StandBy ] SetState_End()
2023-04-06_23:17:35 INFO [ Battle StandBy ] SetState_None()
2023-04-06_23:17:35 INFO [ Battle Maya ] SetState_StandBy_1()
2023-04-06_23:17:35 INFO SetState_BattleOfMaya()
2023-04-06_23:19:34 INFO [ Battle Maya ] SetState_Notify_1()
2023-04-06_23:19:34 INFO [ Battle Maya ] Failed. No users at state 2
2023-04-06_23:19:34 INFO [ Battle Maya ] SetState_End()
2023-04-06_23:19:36 INFO [ Battle Maya ] SetState_EndCycle()
2023-04-06_23:19:36 INFO [ Battle Maya ] SetState_None()
2023-04-06_23:19:36 INFO SetState_End()
2023-04-06_23:19:36 INFO SetState_None()
2023-04-06_23:19:36 INFO [ Battle StandBy ] SetState_Start()
2023-04-06_23:19:36 INFO SetState_BattleStandBy()
2023-04-06_23:20:35 INFO [ Battle StandBy ] SetState_Notify()
2023-04-06_23:21:34 INFO [ Battle StandBy ] SetState_End()
2023-04-06_23:21:34 INFO [ Battle StandBy ] SetState_None()
2023-04-06_23:21:34 INFO [ Battle Maya ] SetState_StandBy_1()
2023-04-06_23:21:34 INFO SetState_BattleOfMaya()
2023-04-06_23:23:33 INFO [ Battle Maya ] SetState_Notify_1()
2023-04-06_23:23:33 INFO [ Battle Maya ] Failed. No users at state 2
2023-04-06_23:23:33 INFO [ Battle Maya ] SetState_End()
2023-04-06_23:23:35 INFO [ Battle Maya ] SetState_EndCycle()
2023-04-06_23:23:35 INFO [ Battle Maya ] SetState_None()
2023-04-06_23:23:35 INFO SetState_End()
2023-04-06_23:23:35 INFO SetState_None()
2023-04-06_23:23:35 INFO [ Battle StandBy ] SetState_Start()
2023-04-06_23:23:35 INFO SetState_BattleStandBy()
2023-04-06_23:24:34 INFO [ Battle StandBy ] SetState_Notify()
2023-04-06_23:25:33 INFO [ Battle StandBy ] SetState_End()
2023-04-06_23:25:34 INFO [ Battle StandBy ] SetState_None()
2023-04-06_23:25:34 INFO [ Battle Maya ] SetState_StandBy_1()
2023-04-06_23:25:34 INFO SetState_BattleOfMaya()
2023-04-06_23:27:33 INFO [ Battle Maya ] SetState_Notify_1()
2023-04-06_23:27:33 INFO [ Battle Maya ] Failed. No users at state 2
2023-04-06_23:27:33 INFO [ Battle Maya ] SetState_End()
2023-04-06_23:27:35 INFO [ Battle Maya ] SetState_EndCycle()
2023-04-06_23:27:35 INFO [ Battle Maya ] SetState_None()
2023-04-06_23:27:35 INFO SetState_End()
2023-04-06_23:27:35 INFO SetState_None()
2023-04-06_23:27:35 INFO [ Battle StandBy ] SetState_Start()
2023-04-06_23:27:35 INFO SetState_BattleStandBy()
2023-04-06_23:28:34 INFO [ Battle StandBy ] SetState_Notify()
2023-04-06_23:29:33 INFO [ Battle StandBy ] SetState_End()
2023-04-06_23:29:33 INFO [ Battle StandBy ] SetState_None()
2023-04-06_23:29:33 INFO [ Battle Maya ] SetState_StandBy_1()
2023-04-06_23:29:33 INFO SetState_BattleOfMaya()
2023-04-06_23:31:32 INFO [ Battle Maya ] SetState_Notify_1()
2023-04-06_23:31:32 INFO [ Battle Maya ] Failed. No users at state 2
2023-04-06_23:31:32 INFO [ Battle Maya ] SetState_End()
2023-04-06_23:31:34 INFO [ Battle Maya ] SetState_EndCycle()
2023-04-06_23:31:34 INFO [ Battle Maya ] SetState_None()
2023-04-06_23:31:34 INFO SetState_End()
2023-04-06_23:31:34 INFO SetState_None()
2023-04-06_23:31:34 INFO [ Battle StandBy ] SetState_Start()
2023-04-06_23:31:34 INFO SetState_BattleStandBy()
2023-04-06_23:32:33 INFO [ Battle StandBy ] SetState_Notify()
2023-04-06_23:33:32 INFO [ Battle StandBy ] SetState_End()
2023-04-06_23:33:32 INFO [ Battle StandBy ] SetState_None()
2023-04-06_23:33:32 INFO [ Battle Maya ] SetState_StandBy_1()
2023-04-06_23:33:32 INFO SetState_BattleOfMaya()
2023-04-06_23:35:31 INFO [ Battle Maya ] SetState_Notify_1()
2023-04-06_23:35:31 INFO [ Battle Maya ] Failed. No users at state 2
2023-04-06_23:35:31 INFO [ Battle Maya ] SetState_End()
2023-04-06_23:35:33 INFO [ Battle Maya ] SetState_EndCycle()
2023-04-06_23:35:33 INFO [ Battle Maya ] SetState_None()
2023-04-06_23:35:33 INFO SetState_End()
2023-04-06_23:35:33 INFO SetState_None()
2023-04-06_23:35:33 INFO [ Battle StandBy ] SetState_Start()
2023-04-06_23:35:33 INFO SetState_BattleStandBy()
2023-04-06_23:36:32 INFO [ Battle StandBy ] SetState_Notify()
2023-04-06_23:37:31 INFO [ Battle StandBy ] SetState_End()
2023-04-06_23:37:32 INFO [ Battle StandBy ] SetState_None()
2023-04-06_23:37:32 INFO [ Battle Maya ] SetState_StandBy_1()
2023-04-06_23:37:32 INFO SetState_BattleOfMaya()
2023-04-06_23:39:31 INFO [ Battle Maya ] SetState_Notify_1()
2023-04-06_23:39:31 INFO [ Battle Maya ] Failed. No users at state 2
2023-04-06_23:39:31 INFO [ Battle Maya ] SetState_End()
2023-04-06_23:39:33 INFO [ Battle Maya ] SetState_EndCycle()
2023-04-06_23:39:33 INFO [ Battle Maya ] SetState_None()
2023-04-06_23:39:33 INFO SetState_End()
2023-04-06_23:39:33 INFO SetState_None()
2023-04-06_23:39:33 INFO [ Battle StandBy ] SetState_Start()
2023-04-06_23:39:33 INFO SetState_BattleStandBy()
2023-04-06_23:40:32 INFO [ Battle StandBy ] SetState_Notify()
2023-04-06_23:41:31 INFO [ Battle StandBy ] SetState_End()
2023-04-06_23:41:31 INFO [ Battle StandBy ] SetState_None()
2023-04-06_23:41:31 INFO [ Battle Maya ] SetState_StandBy_1()
2023-04-06_23:41:31 INFO SetState_BattleOfMaya()
2023-04-06_23:43:30 INFO [ Battle Maya ] SetState_Notify_1()
2023-04-06_23:43:30 INFO [ Battle Maya ] Failed. No users at state 2
2023-04-06_23:43:30 INFO [ Battle Maya ] SetState_End()
2023-04-06_23:43:32 INFO [ Battle Maya ] SetState_EndCycle()
2023-04-06_23:43:32 INFO [ Battle Maya ] SetState_None()
2023-04-06_23:43:32 INFO SetState_End()
2023-04-06_23:43:32 INFO SetState_None()
2023-04-06_23:43:32 INFO [ Battle StandBy ] SetState_Start()
2023-04-06_23:43:32 INFO SetState_BattleStandBy()
2023-04-06_23:44:31 INFO [ Battle StandBy ] SetState_Notify()
2023-04-06_23:45:30 INFO [ Battle StandBy ] SetState_End()
2023-04-06_23:45:30 INFO [ Battle StandBy ] SetState_None()
2023-04-06_23:45:30 INFO [ Battle Maya ] SetState_StandBy_1()
2023-04-06_23:45:30 INFO SetState_BattleOfMaya()
2023-04-06_23:47:29 INFO [ Battle Maya ] SetState_Notify_1()
2023-04-06_23:47:29 INFO [ Battle Maya ] Failed. No users at state 2
2023-04-06_23:47:29 INFO [ Battle Maya ] SetState_End()
2023-04-06_23:47:31 INFO [ Battle Maya ] SetState_EndCycle()
2023-04-06_23:47:31 INFO [ Battle Maya ] SetState_None()
2023-04-06_23:47:31 INFO SetState_End()
2023-04-06_23:47:32 INFO SetState_None()
2023-04-06_23:47:32 INFO [ Battle StandBy ] SetState_Start()
2023-04-06_23:47:32 INFO SetState_BattleStandBy()
2023-04-06_23:48:31 INFO [ Battle StandBy ] SetState_Notify()
2023-04-06_23:49:30 INFO [ Battle StandBy ] SetState_End()
2023-04-06_23:49:30 INFO [ Battle StandBy ] SetState_None()
2023-04-06_23:49:30 INFO [ Battle Maya ] SetState_StandBy_1()
2023-04-06_23:49:30 INFO SetState_BattleOfMaya()
2023-04-06_23:51:29 INFO [ Battle Maya ] SetState_Notify_1()
2023-04-06_23:51:29 INFO [ Battle Maya ] Failed. No users at state 2
2023-04-06_23:51:29 INFO [ Battle Maya ] SetState_End()
2023-04-06_23:51:31 INFO [ Battle Maya ] SetState_EndCycle()
2023-04-06_23:51:31 INFO [ Battle Maya ] SetState_None()
2023-04-06_23:51:31 INFO SetState_End()
2023-04-06_23:51:31 INFO SetState_None()
2023-04-06_23:51:31 INFO [ Battle StandBy ] SetState_Start()
2023-04-06_23:51:31 INFO SetState_BattleStandBy()
2023-04-06_23:52:30 INFO [ Battle StandBy ] SetState_Notify()
2023-04-06_23:53:29 INFO [ Battle StandBy ] SetState_End()
2023-04-06_23:53:29 INFO [ Battle StandBy ] SetState_None()
2023-04-06_23:53:29 INFO [ Battle Maya ] SetState_StandBy_1()
2023-04-06_23:53:29 INFO SetState_BattleOfMaya()
2023-04-06_23:55:28 INFO [ Battle Maya ] SetState_Notify_1()
2023-04-06_23:55:28 INFO [ Battle Maya ] Failed. No users at state 2
2023-04-06_23:55:28 INFO [ Battle Maya ] SetState_End()
2023-04-06_23:55:30 INFO [ Battle Maya ] SetState_EndCycle()
2023-04-06_23:55:30 INFO [ Battle Maya ] SetState_None()
2023-04-06_23:55:30 INFO SetState_End()
2023-04-06_23:55:30 INFO SetState_None()
2023-04-06_23:55:30 INFO [ Battle StandBy ] SetState_Start()
2023-04-06_23:55:30 INFO SetState_BattleStandBy()
2023-04-06_23:56:29 INFO [ Battle StandBy ] SetState_Notify()
2023-04-06_23:57:28 INFO [ Battle StandBy ] SetState_End()
2023-04-06_23:57:28 INFO [ Battle StandBy ] SetState_None()
2023-04-06_23:57:28 INFO [ Battle Maya ] SetState_StandBy_1()
2023-04-06_23:57:28 INFO SetState_BattleOfMaya()
2023-04-06_23:59:27 INFO [ Battle Maya ] SetState_Notify_1()
2023-04-06_23:59:27 INFO [ Battle Maya ] Failed. No users at state 2
2023-04-06_23:59:27 INFO [ Battle Maya ] SetState_End()
2023-04-06_23:59:29 INFO [ Battle Maya ] SetState_EndCycle()
2023-04-06_23:59:29 INFO [ Battle Maya ] SetState_None()
2023-04-06_23:59:29 INFO SetState_End()
2023-04-06_23:59:30 INFO SetState_None()
2023-04-06_23:59:30 INFO [ Battle StandBy ] SetState_Start()
2023-04-06_23:59:30 INFO SetState_BattleStandBy()
