2023-04-08_18:41:39 INFO [ Battle StandBy ] SetState_Start()
2023-04-08_18:41:39 INFO SetState_BattleStandBy()
2023-04-08_18:42:38 INFO [ Battle StandBy ] SetState_Notify()
2023-04-08_18:43:37 INFO [ Battle StandBy ] SetState_End()
2023-04-08_18:43:37 INFO [ Battle StandBy ] SetState_None()
2023-04-08_18:43:37 INFO [ Battle Maya ] SetState_StandBy_1()
2023-04-08_18:43:37 INFO SetState_BattleOfMaya()
2023-04-08_18:45:36 INFO [ Battle Maya ] SetState_Notify_1()
2023-04-08_18:45:36 INFO [ Battle Maya ] Failed. No users at state 2
2023-04-08_18:45:36 INFO [ Battle Maya ] SetState_End()
2023-04-08_18:45:38 INFO [ Battle Maya ] SetState_EndCycle()
2023-04-08_18:45:39 INFO [ Battle Maya ] SetState_None()
2023-04-08_18:45:39 INFO SetState_End()
2023-04-08_18:45:39 INFO SetState_None()
2023-04-08_18:45:39 INFO [ Battle StandBy ] SetState_Start()
2023-04-08_18:45:39 INFO SetState_BattleStandBy()
2023-04-08_18:46:38 INFO [ Battle StandBy ] SetState_Notify()
2023-04-08_18:47:37 INFO [ Battle StandBy ] SetState_End()
2023-04-08_18:47:37 INFO [ Battle StandBy ] SetState_None()
2023-04-08_18:47:37 INFO [ Battle Maya ] SetState_StandBy_1()
2023-04-08_18:47:37 INFO SetState_BattleOfMaya()
2023-04-08_18:49:36 INFO [ Battle Maya ] SetState_Notify_1()
2023-04-08_18:49:36 INFO [ Battle Maya ] Failed. No users at state 2
2023-04-08_18:49:36 INFO [ Battle Maya ] SetState_End()
2023-04-08_18:49:38 INFO [ Battle Maya ] SetState_EndCycle()
2023-04-08_18:49:38 INFO [ Battle Maya ] SetState_None()
2023-04-08_18:49:38 INFO SetState_End()
2023-04-08_18:49:38 INFO SetState_None()
2023-04-08_18:49:38 INFO [ Battle StandBy ] SetState_Start()
2023-04-08_18:49:38 INFO SetState_BattleStandBy()
2023-04-08_18:50:37 INFO [ Battle StandBy ] SetState_Notify()
2023-04-08_18:51:36 INFO [ Battle StandBy ] SetState_End()
2023-04-08_18:51:36 INFO [ Battle StandBy ] SetState_None()
2023-04-08_18:51:36 INFO [ Battle Maya ] SetState_StandBy_1()
2023-04-08_18:51:36 INFO SetState_BattleOfMaya()
2023-04-08_18:53:35 INFO [ Battle Maya ] SetState_Notify_1()
2023-04-08_18:53:35 INFO [ Battle Maya ] Failed. No users at state 2
2023-04-08_18:53:35 INFO [ Battle Maya ] SetState_End()
2023-04-08_18:53:37 INFO [ Battle Maya ] SetState_EndCycle()
2023-04-08_18:53:37 INFO [ Battle Maya ] SetState_None()
2023-04-08_18:53:37 INFO SetState_End()
2023-04-08_18:53:37 INFO SetState_None()
2023-04-08_18:53:38 INFO [ Battle StandBy ] SetState_Start()
2023-04-08_18:53:38 INFO SetState_BattleStandBy()
2023-04-08_18:54:37 INFO [ Battle StandBy ] SetState_Notify()
2023-04-08_18:55:36 INFO [ Battle StandBy ] SetState_End()
2023-04-08_18:55:36 INFO [ Battle StandBy ] SetState_None()
2023-04-08_18:55:36 INFO [ Battle Maya ] SetState_StandBy_1()
2023-04-08_18:55:36 INFO SetState_BattleOfMaya()
2023-04-08_18:57:35 INFO [ Battle Maya ] SetState_Notify_1()
2023-04-08_18:57:35 INFO [ Battle Maya ] Failed. No users at state 2
2023-04-08_18:57:35 INFO [ Battle Maya ] SetState_End()
2023-04-08_18:57:37 INFO [ Battle Maya ] SetState_EndCycle()
2023-04-08_18:57:37 INFO [ Battle Maya ] SetState_None()
2023-04-08_18:57:37 INFO SetState_End()
2023-04-08_18:57:37 INFO SetState_None()
2023-04-08_18:57:37 INFO [ Battle StandBy ] SetState_Start()
2023-04-08_18:57:37 INFO SetState_BattleStandBy()
2023-04-08_18:58:36 INFO [ Battle StandBy ] SetState_Notify()
2023-04-08_18:59:35 INFO [ Battle StandBy ] SetState_End()
2023-04-08_18:59:35 INFO [ Battle StandBy ] SetState_None()
2023-04-08_18:59:35 INFO [ Battle Maya ] SetState_StandBy_1()
2023-04-08_18:59:35 INFO SetState_BattleOfMaya()
2023-04-08_19:01:34 INFO [ Battle Maya ] SetState_Notify_1()
2023-04-08_19:01:34 INFO [ Battle Maya ] Failed. No users at state 2
2023-04-08_19:01:34 INFO [ Battle Maya ] SetState_End()
2023-04-08_19:01:36 INFO [ Battle Maya ] SetState_EndCycle()
2023-04-08_19:01:36 INFO [ Battle Maya ] SetState_None()
2023-04-08_19:01:36 INFO SetState_End()
2023-04-08_19:01:36 INFO SetState_None()
2023-04-08_19:01:36 INFO [ Battle StandBy ] SetState_Start()
2023-04-08_19:01:36 INFO SetState_BattleStandBy()
2023-04-08_19:02:35 INFO [ Battle StandBy ] SetState_Notify()
2023-04-08_19:03:34 INFO [ Battle StandBy ] SetState_End()
2023-04-08_19:03:34 INFO [ Battle StandBy ] SetState_None()
2023-04-08_19:03:34 INFO [ Battle Maya ] SetState_StandBy_1()
2023-04-08_19:03:34 INFO SetState_BattleOfMaya()
2023-04-08_19:05:33 INFO [ Battle Maya ] SetState_Notify_1()
2023-04-08_19:05:33 INFO [ Battle Maya ] Failed. No users at state 2
2023-04-08_19:05:33 INFO [ Battle Maya ] SetState_End()
2023-04-08_19:05:35 INFO [ Battle Maya ] SetState_EndCycle()
2023-04-08_19:05:36 INFO [ Battle Maya ] SetState_None()
2023-04-08_19:05:36 INFO SetState_End()
2023-04-08_19:05:36 INFO SetState_None()
2023-04-08_19:05:36 INFO [ Battle StandBy ] SetState_Start()
2023-04-08_19:05:36 INFO SetState_BattleStandBy()
2023-04-08_19:06:35 INFO [ Battle StandBy ] SetState_Notify()
2023-04-08_19:07:34 INFO [ Battle StandBy ] SetState_End()
2023-04-08_19:07:34 INFO [ Battle StandBy ] SetState_None()
2023-04-08_19:07:34 INFO [ Battle Maya ] SetState_StandBy_1()
2023-04-08_19:07:34 INFO SetState_BattleOfMaya()
2023-04-08_19:09:33 INFO [ Battle Maya ] SetState_Notify_1()
2023-04-08_19:09:33 INFO [ Battle Maya ] Failed. No users at state 2
2023-04-08_19:09:33 INFO [ Battle Maya ] SetState_End()
2023-04-08_19:09:35 INFO [ Battle Maya ] SetState_EndCycle()
2023-04-08_19:09:35 INFO [ Battle Maya ] SetState_None()
2023-04-08_19:09:35 INFO SetState_End()
2023-04-08_19:09:35 INFO SetState_None()
2023-04-08_19:09:35 INFO [ Battle StandBy ] SetState_Start()
2023-04-08_19:09:35 INFO SetState_BattleStandBy()
2023-04-08_19:10:34 INFO [ Battle StandBy ] SetState_Notify()
2023-04-08_19:11:33 INFO [ Battle StandBy ] SetState_End()
2023-04-08_19:11:33 INFO [ Battle StandBy ] SetState_None()
2023-04-08_19:11:33 INFO [ Battle Maya ] SetState_StandBy_1()
2023-04-08_19:11:33 INFO SetState_BattleOfMaya()
2023-04-08_19:13:32 INFO [ Battle Maya ] SetState_Notify_1()
2023-04-08_19:13:32 INFO [ Battle Maya ] Failed. No users at state 2
2023-04-08_19:13:32 INFO [ Battle Maya ] SetState_End()
2023-04-08_19:13:34 INFO [ Battle Maya ] SetState_EndCycle()
2023-04-08_19:13:34 INFO [ Battle Maya ] SetState_None()
2023-04-08_19:13:34 INFO SetState_End()
2023-04-08_19:13:34 INFO SetState_None()
2023-04-08_19:13:34 INFO [ Battle StandBy ] SetState_Start()
2023-04-08_19:13:34 INFO SetState_BattleStandBy()
2023-04-08_19:14:33 INFO [ Battle StandBy ] SetState_Notify()
2023-04-08_19:15:32 INFO [ Battle StandBy ] SetState_End()
2023-04-08_19:15:33 INFO [ Battle StandBy ] SetState_None()
2023-04-08_19:15:33 INFO [ Battle Maya ] SetState_StandBy_1()
2023-04-08_19:15:33 INFO SetState_BattleOfMaya()
2023-04-08_19:17:32 INFO [ Battle Maya ] SetState_Notify_1()
2023-04-08_19:17:32 INFO [ Battle Maya ] Failed. No users at state 2
2023-04-08_19:17:32 INFO [ Battle Maya ] SetState_End()
2023-04-08_19:17:34 INFO [ Battle Maya ] SetState_EndCycle()
2023-04-08_19:17:34 INFO [ Battle Maya ] SetState_None()
2023-04-08_19:17:34 INFO SetState_End()
2023-04-08_19:17:34 INFO SetState_None()
2023-04-08_19:17:34 INFO [ Battle StandBy ] SetState_Start()
2023-04-08_19:17:34 INFO SetState_BattleStandBy()
2023-04-08_19:18:33 INFO [ Battle StandBy ] SetState_Notify()
2023-04-08_19:19:32 INFO [ Battle StandBy ] SetState_End()
2023-04-08_19:19:32 INFO [ Battle StandBy ] SetState_None()
2023-04-08_19:19:32 INFO [ Battle Maya ] SetState_StandBy_1()
2023-04-08_19:19:32 INFO SetState_BattleOfMaya()
2023-04-08_19:21:31 INFO [ Battle Maya ] SetState_Notify_1()
2023-04-08_19:21:31 INFO [ Battle Maya ] Failed. No users at state 2
2023-04-08_19:21:31 INFO [ Battle Maya ] SetState_End()
2023-04-08_19:21:33 INFO [ Battle Maya ] SetState_EndCycle()
2023-04-08_19:21:33 INFO [ Battle Maya ] SetState_None()
2023-04-08_19:21:33 INFO SetState_End()
2023-04-08_19:21:33 INFO SetState_None()
2023-04-08_19:21:33 INFO [ Battle StandBy ] SetState_Start()
2023-04-08_19:21:33 INFO SetState_BattleStandBy()
2023-04-08_19:22:32 INFO [ Battle StandBy ] SetState_Notify()
2023-04-08_19:23:31 INFO [ Battle StandBy ] SetState_End()
2023-04-08_19:23:31 INFO [ Battle StandBy ] SetState_None()
2023-04-08_19:23:31 INFO [ Battle Maya ] SetState_StandBy_1()
2023-04-08_19:23:31 INFO SetState_BattleOfMaya()
2023-04-08_19:25:30 INFO [ Battle Maya ] SetState_Notify_1()
2023-04-08_19:25:30 INFO [ Battle Maya ] Failed. No users at state 2
2023-04-08_19:25:30 INFO [ Battle Maya ] SetState_End()
2023-04-08_19:25:32 INFO [ Battle Maya ] SetState_EndCycle()
2023-04-08_19:25:32 INFO [ Battle Maya ] SetState_None()
2023-04-08_19:25:32 INFO SetState_End()
2023-04-08_19:25:32 INFO SetState_None()
2023-04-08_19:25:32 INFO [ Battle StandBy ] SetState_Start()
2023-04-08_19:25:32 INFO SetState_BattleStandBy()
2023-04-08_19:26:31 INFO [ Battle StandBy ] SetState_Notify()
2023-04-08_19:27:31 INFO [ Battle StandBy ] SetState_End()
2023-04-08_19:27:31 INFO [ Battle StandBy ] SetState_None()
2023-04-08_19:27:31 INFO [ Battle Maya ] SetState_StandBy_1()
2023-04-08_19:27:31 INFO SetState_BattleOfMaya()
2023-04-08_19:29:30 INFO [ Battle Maya ] SetState_Notify_1()
2023-04-08_19:29:30 INFO [ Battle Maya ] Failed. No users at state 2
2023-04-08_19:29:30 INFO [ Battle Maya ] SetState_End()
2023-04-08_19:29:32 INFO [ Battle Maya ] SetState_EndCycle()
2023-04-08_19:29:32 INFO [ Battle Maya ] SetState_None()
2023-04-08_19:29:32 INFO SetState_End()
2023-04-08_19:29:32 INFO SetState_None()
2023-04-08_19:29:32 INFO [ Battle StandBy ] SetState_Start()
2023-04-08_19:29:32 INFO SetState_BattleStandBy()
2023-04-08_19:30:31 INFO [ Battle StandBy ] SetState_Notify()
2023-04-08_19:31:30 INFO [ Battle StandBy ] SetState_End()
2023-04-08_19:31:30 INFO [ Battle StandBy ] SetState_None()
2023-04-08_19:31:30 INFO [ Battle Maya ] SetState_StandBy_1()
2023-04-08_19:31:30 INFO SetState_BattleOfMaya()
2023-04-08_19:33:29 INFO [ Battle Maya ] SetState_Notify_1()
2023-04-08_19:33:29 INFO [ Battle Maya ] Failed. No users at state 2
2023-04-08_19:33:29 INFO [ Battle Maya ] SetState_End()
2023-04-08_19:33:31 INFO [ Battle Maya ] SetState_EndCycle()
2023-04-08_19:33:31 INFO [ Battle Maya ] SetState_None()
2023-04-08_19:33:31 INFO SetState_End()
2023-04-08_19:33:31 INFO SetState_None()
2023-04-08_19:33:31 INFO [ Battle StandBy ] SetState_Start()
2023-04-08_19:33:31 INFO SetState_BattleStandBy()
2023-04-08_19:34:30 INFO [ Battle StandBy ] SetState_Notify()
2023-04-08_19:35:29 INFO [ Battle StandBy ] SetState_End()
2023-04-08_19:35:29 INFO [ Battle StandBy ] SetState_None()
2023-04-08_19:35:29 INFO [ Battle Maya ] SetState_StandBy_1()
2023-04-08_19:35:29 INFO SetState_BattleOfMaya()
2023-04-08_19:37:28 INFO [ Battle Maya ] SetState_Notify_1()
2023-04-08_19:37:28 INFO [ Battle Maya ] Failed. No users at state 2
2023-04-08_19:37:28 INFO [ Battle Maya ] SetState_End()
2023-04-08_19:37:30 INFO [ Battle Maya ] SetState_EndCycle()
2023-04-08_19:37:30 INFO [ Battle Maya ] SetState_None()
2023-04-08_19:37:30 INFO SetState_End()
2023-04-08_19:37:31 INFO SetState_None()
2023-04-08_19:37:31 INFO [ Battle StandBy ] SetState_Start()
2023-04-08_19:37:31 INFO SetState_BattleStandBy()
2023-04-08_19:38:30 INFO [ Battle StandBy ] SetState_Notify()
2023-04-08_19:39:29 INFO [ Battle StandBy ] SetState_End()
2023-04-08_19:39:29 INFO [ Battle StandBy ] SetState_None()
2023-04-08_19:39:29 INFO [ Battle Maya ] SetState_StandBy_1()
2023-04-08_19:39:29 INFO SetState_BattleOfMaya()
2023-04-08_19:41:28 INFO [ Battle Maya ] SetState_Notify_1()
2023-04-08_19:41:28 INFO [ Battle Maya ] Failed. No users at state 2
2023-04-08_19:41:28 INFO [ Battle Maya ] SetState_End()
2023-04-08_19:41:30 INFO [ Battle Maya ] SetState_EndCycle()
2023-04-08_19:41:30 INFO [ Battle Maya ] SetState_None()
2023-04-08_19:41:30 INFO SetState_End()
2023-04-08_19:41:30 INFO SetState_None()
2023-04-08_19:41:30 INFO [ Battle StandBy ] SetState_Start()
2023-04-08_19:41:30 INFO SetState_BattleStandBy()
2023-04-08_19:42:29 INFO [ Battle StandBy ] SetState_Notify()
2023-04-08_19:43:28 INFO [ Battle StandBy ] SetState_End()
2023-04-08_19:43:28 INFO [ Battle StandBy ] SetState_None()
2023-04-08_19:43:28 INFO [ Battle Maya ] SetState_StandBy_1()
2023-04-08_19:43:28 INFO SetState_BattleOfMaya()
2023-04-08_19:45:27 INFO [ Battle Maya ] SetState_Notify_1()
2023-04-08_19:45:27 INFO [ Battle Maya ] Failed. No users at state 2
2023-04-08_19:45:27 INFO [ Battle Maya ] SetState_End()
2023-04-08_19:45:29 INFO [ Battle Maya ] SetState_EndCycle()
2023-04-08_19:45:29 INFO [ Battle Maya ] SetState_None()
2023-04-08_19:45:29 INFO SetState_End()
2023-04-08_19:45:29 INFO SetState_None()
2023-04-08_19:45:29 INFO [ Battle StandBy ] SetState_Start()
2023-04-08_19:45:29 INFO SetState_BattleStandBy()
2023-04-08_19:46:28 INFO [ Battle StandBy ] SetState_Notify()
2023-04-08_19:47:27 INFO [ Battle StandBy ] SetState_End()
2023-04-08_19:47:27 INFO [ Battle StandBy ] SetState_None()
2023-04-08_19:47:27 INFO [ Battle Maya ] SetState_StandBy_1()
2023-04-08_19:47:27 INFO SetState_BattleOfMaya()
2023-04-08_19:49:26 INFO [ Battle Maya ] SetState_Notify_1()
2023-04-08_19:49:27 INFO [ Battle Maya ] Failed. No users at state 2
2023-04-08_19:49:27 INFO [ Battle Maya ] SetState_End()
2023-04-08_19:49:29 INFO [ Battle Maya ] SetState_EndCycle()
2023-04-08_19:49:29 INFO [ Battle Maya ] SetState_None()
2023-04-08_19:49:29 INFO SetState_End()
2023-04-08_19:49:29 INFO SetState_None()
2023-04-08_19:49:29 INFO [ Battle StandBy ] SetState_Start()
2023-04-08_19:49:29 INFO SetState_BattleStandBy()
2023-04-08_19:50:28 INFO [ Battle StandBy ] SetState_Notify()
2023-04-08_19:51:27 INFO [ Battle StandBy ] SetState_End()
2023-04-08_19:51:27 INFO [ Battle StandBy ] SetState_None()
2023-04-08_19:51:27 INFO [ Battle Maya ] SetState_StandBy_1()
2023-04-08_19:51:27 INFO SetState_BattleOfMaya()
2023-04-08_19:53:26 INFO [ Battle Maya ] SetState_Notify_1()
2023-04-08_19:53:26 INFO [ Battle Maya ] Failed. No users at state 2
2023-04-08_19:53:26 INFO [ Battle Maya ] SetState_End()
2023-04-08_19:53:28 INFO [ Battle Maya ] SetState_EndCycle()
2023-04-08_19:53:28 INFO [ Battle Maya ] SetState_None()
2023-04-08_19:53:28 INFO SetState_End()
2023-04-08_19:53:28 INFO SetState_None()
2023-04-08_19:53:28 INFO [ Battle StandBy ] SetState_Start()
2023-04-08_19:53:28 INFO SetState_BattleStandBy()
2023-04-08_19:54:27 INFO [ Battle StandBy ] SetState_Notify()
2023-04-08_19:55:26 INFO [ Battle StandBy ] SetState_End()
2023-04-08_19:55:26 INFO [ Battle StandBy ] SetState_None()
2023-04-08_19:55:26 INFO [ Battle Maya ] SetState_StandBy_1()
2023-04-08_19:55:26 INFO SetState_BattleOfMaya()
2023-04-08_19:57:25 INFO [ Battle Maya ] SetState_Notify_1()
2023-04-08_19:57:25 INFO [ Battle Maya ] Failed. No users at state 2
2023-04-08_19:57:25 INFO [ Battle Maya ] SetState_End()
2023-04-08_19:57:27 INFO [ Battle Maya ] SetState_EndCycle()
2023-04-08_19:57:27 INFO [ Battle Maya ] SetState_None()
2023-04-08_19:57:27 INFO SetState_End()
2023-04-08_19:57:27 INFO SetState_None()
2023-04-08_19:57:27 INFO [ Battle StandBy ] SetState_Start()
2023-04-08_19:57:27 INFO SetState_BattleStandBy()
2023-04-08_19:58:26 INFO [ Battle StandBy ] SetState_Notify()
2023-04-08_19:59:25 INFO [ Battle StandBy ] SetState_End()
2023-04-08_19:59:26 INFO [ Battle StandBy ] SetState_None()
2023-04-08_19:59:26 INFO [ Battle Maya ] SetState_StandBy_1()
2023-04-08_19:59:26 INFO SetState_BattleOfMaya()
2023-04-08_20:01:25 INFO [ Battle Maya ] SetState_Notify_1()
2023-04-08_20:01:25 INFO [ Battle Maya ] Failed. No users at state 2
2023-04-08_20:01:25 INFO [ Battle Maya ] SetState_End()
2023-04-08_20:01:27 INFO [ Battle Maya ] SetState_EndCycle()
2023-04-08_20:01:27 INFO [ Battle Maya ] SetState_None()
2023-04-08_20:01:27 INFO SetState_End()
2023-04-08_20:01:27 INFO SetState_None()
2023-04-08_20:01:27 INFO [ Battle StandBy ] SetState_Start()
2023-04-08_20:01:27 INFO SetState_BattleStandBy()
2023-04-08_20:02:26 INFO [ Battle StandBy ] SetState_Notify()
2023-04-08_20:03:25 INFO [ Battle StandBy ] SetState_End()
2023-04-08_20:03:25 INFO [ Battle StandBy ] SetState_None()
2023-04-08_20:03:25 INFO [ Battle Maya ] SetState_StandBy_1()
2023-04-08_20:03:25 INFO SetState_BattleOfMaya()
2023-04-08_20:05:24 INFO [ Battle Maya ] SetState_Notify_1()
2023-04-08_20:05:24 INFO [ Battle Maya ] Failed. No users at state 2
2023-04-08_20:05:24 INFO [ Battle Maya ] SetState_End()
2023-04-08_20:05:26 INFO [ Battle Maya ] SetState_EndCycle()
2023-04-08_20:05:26 INFO [ Battle Maya ] SetState_None()
2023-04-08_20:05:26 INFO SetState_End()
2023-04-08_20:05:26 INFO SetState_None()
2023-04-08_20:05:26 INFO [ Battle StandBy ] SetState_Start()
2023-04-08_20:05:26 INFO SetState_BattleStandBy()
2023-04-08_20:06:25 INFO [ Battle StandBy ] SetState_Notify()
2023-04-08_20:07:24 INFO [ Battle StandBy ] SetState_End()
2023-04-08_20:07:24 INFO [ Battle StandBy ] SetState_None()
2023-04-08_20:07:24 INFO [ Battle Maya ] SetState_StandBy_1()
2023-04-08_20:07:24 INFO SetState_BattleOfMaya()
2023-04-08_20:09:23 INFO [ Battle Maya ] SetState_Notify_1()
2023-04-08_20:09:23 INFO [ Battle Maya ] Failed. No users at state 2
2023-04-08_20:09:23 INFO [ Battle Maya ] SetState_End()
2023-04-08_20:09:26 INFO [ Battle Maya ] SetState_EndCycle()
2023-04-08_20:09:26 INFO [ Battle Maya ] SetState_None()
2023-04-08_20:09:26 INFO SetState_End()
2023-04-08_20:09:26 INFO SetState_None()
2023-04-08_20:09:26 INFO [ Battle StandBy ] SetState_Start()
2023-04-08_20:09:26 INFO SetState_BattleStandBy()
2023-04-08_20:10:25 INFO [ Battle StandBy ] SetState_Notify()
2023-04-08_20:11:24 INFO [ Battle StandBy ] SetState_End()
2023-04-08_20:11:24 INFO [ Battle StandBy ] SetState_None()
2023-04-08_20:11:24 INFO [ Battle Maya ] SetState_StandBy_1()
2023-04-08_20:11:24 INFO SetState_BattleOfMaya()
2023-04-08_20:13:23 INFO [ Battle Maya ] SetState_Notify_1()
2023-04-08_20:13:23 INFO [ Battle Maya ] Failed. No users at state 2
2023-04-08_20:13:23 INFO [ Battle Maya ] SetState_End()
2023-04-08_20:13:25 INFO [ Battle Maya ] SetState_EndCycle()
2023-04-08_20:13:25 INFO [ Battle Maya ] SetState_None()
2023-04-08_20:13:25 INFO SetState_End()
2023-04-08_20:13:25 INFO SetState_None()
2023-04-08_20:13:25 INFO [ Battle StandBy ] SetState_Start()
2023-04-08_20:13:25 INFO SetState_BattleStandBy()
2023-04-08_20:14:24 INFO [ Battle StandBy ] SetState_Notify()
2023-04-08_20:15:23 INFO [ Battle StandBy ] SetState_End()
2023-04-08_20:15:23 INFO [ Battle StandBy ] SetState_None()
2023-04-08_20:15:23 INFO [ Battle Maya ] SetState_StandBy_1()
2023-04-08_20:15:23 INFO SetState_BattleOfMaya()
2023-04-08_20:17:22 INFO [ Battle Maya ] SetState_Notify_1()
2023-04-08_20:17:22 INFO [ Battle Maya ] Failed. No users at state 2
2023-04-08_20:17:22 INFO [ Battle Maya ] SetState_End()
2023-04-08_20:17:24 INFO [ Battle Maya ] SetState_EndCycle()
2023-04-08_20:17:24 INFO [ Battle Maya ] SetState_None()
2023-04-08_20:17:24 INFO SetState_End()
2023-04-08_20:17:24 INFO SetState_None()
2023-04-08_20:17:24 INFO [ Battle StandBy ] SetState_Start()
2023-04-08_20:17:24 INFO SetState_BattleStandBy()
2023-04-08_20:18:23 INFO [ Battle StandBy ] SetState_Notify()
2023-04-08_20:19:22 INFO [ Battle StandBy ] SetState_End()
2023-04-08_20:19:22 INFO [ Battle StandBy ] SetState_None()
2023-04-08_20:19:23 INFO [ Battle Maya ] SetState_StandBy_1()
2023-04-08_20:19:23 INFO SetState_BattleOfMaya()
2023-04-08_20:21:22 INFO [ Battle Maya ] SetState_Notify_1()
2023-04-08_20:21:22 INFO [ Battle Maya ] Failed. No users at state 2
2023-04-08_20:21:22 INFO [ Battle Maya ] SetState_End()
2023-04-08_20:21:24 INFO [ Battle Maya ] SetState_EndCycle()
2023-04-08_20:21:24 INFO [ Battle Maya ] SetState_None()
2023-04-08_20:21:24 INFO SetState_End()
2023-04-08_20:21:24 INFO SetState_None()
2023-04-08_20:21:24 INFO [ Battle StandBy ] SetState_Start()
2023-04-08_20:21:24 INFO SetState_BattleStandBy()
2023-04-08_20:22:23 INFO [ Battle StandBy ] SetState_Notify()
2023-04-08_20:23:22 INFO [ Battle StandBy ] SetState_End()
2023-04-08_20:23:22 INFO [ Battle StandBy ] SetState_None()
2023-04-08_20:23:22 INFO [ Battle Maya ] SetState_StandBy_1()
2023-04-08_20:23:22 INFO SetState_BattleOfMaya()
2023-04-08_20:25:21 INFO [ Battle Maya ] SetState_Notify_1()
2023-04-08_20:25:21 INFO [ Battle Maya ] Failed. No users at state 2
2023-04-08_20:25:21 INFO [ Battle Maya ] SetState_End()
2023-04-08_20:25:23 INFO [ Battle Maya ] SetState_EndCycle()
2023-04-08_20:25:23 INFO [ Battle Maya ] SetState_None()
2023-04-08_20:25:23 INFO SetState_End()
2023-04-08_20:25:23 INFO SetState_None()
2023-04-08_20:25:23 INFO [ Battle StandBy ] SetState_Start()
2023-04-08_20:25:23 INFO SetState_BattleStandBy()
2023-04-08_20:26:22 INFO [ Battle StandBy ] SetState_Notify()
2023-04-08_20:27:21 INFO [ Battle StandBy ] SetState_End()
2023-04-08_20:27:21 INFO [ Battle StandBy ] SetState_None()
2023-04-08_20:27:21 INFO [ Battle Maya ] SetState_StandBy_1()
2023-04-08_20:27:21 INFO SetState_BattleOfMaya()
2023-04-08_20:29:20 INFO [ Battle Maya ] SetState_Notify_1()
2023-04-08_20:29:20 INFO [ Battle Maya ] Failed. No users at state 2
2023-04-08_20:29:20 INFO [ Battle Maya ] SetState_End()
2023-04-08_20:29:22 INFO [ Battle Maya ] SetState_EndCycle()
2023-04-08_20:29:22 INFO [ Battle Maya ] SetState_None()
2023-04-08_20:29:22 INFO SetState_End()
2023-04-08_20:29:22 INFO SetState_None()
2023-04-08_20:29:22 INFO [ Battle StandBy ] SetState_Start()
2023-04-08_20:29:22 INFO SetState_BattleStandBy()
2023-04-08_20:30:21 INFO [ Battle StandBy ] SetState_Notify()
2023-04-08_20:31:20 INFO [ Battle StandBy ] SetState_End()
2023-04-08_20:31:21 INFO [ Battle StandBy ] SetState_None()
2023-04-08_20:31:21 INFO [ Battle Maya ] SetState_StandBy_1()
2023-04-08_20:31:21 INFO SetState_BattleOfMaya()
2023-04-08_20:33:20 INFO [ Battle Maya ] SetState_Notify_1()
2023-04-08_20:33:20 INFO [ Battle Maya ] Failed. No users at state 2
2023-04-08_20:33:20 INFO [ Battle Maya ] SetState_End()
2023-04-08_20:33:22 INFO [ Battle Maya ] SetState_EndCycle()
2023-04-08_20:33:22 INFO [ Battle Maya ] SetState_None()
2023-04-08_20:33:22 INFO SetState_End()
2023-04-08_20:33:22 INFO SetState_None()
2023-04-08_20:33:22 INFO [ Battle StandBy ] SetState_Start()
2023-04-08_20:33:22 INFO SetState_BattleStandBy()
2023-04-08_20:34:21 INFO [ Battle StandBy ] SetState_Notify()
2023-04-08_20:35:20 INFO [ Battle StandBy ] SetState_End()
2023-04-08_20:35:20 INFO [ Battle StandBy ] SetState_None()
2023-04-08_20:35:20 INFO [ Battle Maya ] SetState_StandBy_1()
2023-04-08_20:35:20 INFO SetState_BattleOfMaya()
2023-04-08_20:37:19 INFO [ Battle Maya ] SetState_Notify_1()
2023-04-08_20:37:19 INFO [ Battle Maya ] Failed. No users at state 2
2023-04-08_20:37:19 INFO [ Battle Maya ] SetState_End()
2023-04-08_20:37:21 INFO [ Battle Maya ] SetState_EndCycle()
2023-04-08_20:37:21 INFO [ Battle Maya ] SetState_None()
2023-04-08_20:37:21 INFO SetState_End()
2023-04-08_20:37:21 INFO SetState_None()
2023-04-08_20:37:21 INFO [ Battle StandBy ] SetState_Start()
2023-04-08_20:37:21 INFO SetState_BattleStandBy()
2023-04-08_20:38:20 INFO [ Battle StandBy ] SetState_Notify()
2023-04-08_20:39:19 INFO [ Battle StandBy ] SetState_End()
2023-04-08_20:39:19 INFO [ Battle StandBy ] SetState_None()
2023-04-08_20:39:19 INFO [ Battle Maya ] SetState_StandBy_1()
2023-04-08_20:39:19 INFO SetState_BattleOfMaya()
2023-04-08_20:41:19 INFO [ Battle Maya ] SetState_Notify_1()
2023-04-08_20:41:19 INFO [ Battle Maya ] Failed. No users at state 2
2023-04-08_20:41:19 INFO [ Battle Maya ] SetState_End()
2023-04-08_20:41:21 INFO [ Battle Maya ] SetState_EndCycle()
2023-04-08_20:41:21 INFO [ Battle Maya ] SetState_None()
2023-04-08_20:41:21 INFO SetState_End()
2023-04-08_20:41:21 INFO SetState_None()
2023-04-08_20:41:21 INFO [ Battle StandBy ] SetState_Start()
2023-04-08_20:41:21 INFO SetState_BattleStandBy()
2023-04-08_20:42:20 INFO [ Battle StandBy ] SetState_Notify()
2023-04-08_20:43:19 INFO [ Battle StandBy ] SetState_End()
2023-04-08_20:43:19 INFO [ Battle StandBy ] SetState_None()
2023-04-08_20:43:19 INFO [ Battle Maya ] SetState_StandBy_1()
2023-04-08_20:43:19 INFO SetState_BattleOfMaya()
2023-04-08_20:45:18 INFO [ Battle Maya ] SetState_Notify_1()
2023-04-08_20:45:18 INFO [ Battle Maya ] Failed. No users at state 2
2023-04-08_20:45:18 INFO [ Battle Maya ] SetState_End()
2023-04-08_20:45:20 INFO [ Battle Maya ] SetState_EndCycle()
2023-04-08_20:45:20 INFO [ Battle Maya ] SetState_None()
2023-04-08_20:45:20 INFO SetState_End()
2023-04-08_20:45:20 INFO SetState_None()
2023-04-08_20:45:20 INFO [ Battle StandBy ] SetState_Start()
2023-04-08_20:45:20 INFO SetState_BattleStandBy()
2023-04-08_20:46:19 INFO [ Battle StandBy ] SetState_Notify()
2023-04-08_20:47:18 INFO [ Battle StandBy ] SetState_End()
2023-04-08_20:47:18 INFO [ Battle StandBy ] SetState_None()
2023-04-08_20:47:18 INFO [ Battle Maya ] SetState_StandBy_1()
2023-04-08_20:47:18 INFO SetState_BattleOfMaya()
2023-04-08_20:49:17 INFO [ Battle Maya ] SetState_Notify_1()
2023-04-08_20:49:17 INFO [ Battle Maya ] Failed. No users at state 2
2023-04-08_20:49:17 INFO [ Battle Maya ] SetState_End()
2023-04-08_20:49:19 INFO [ Battle Maya ] SetState_EndCycle()
2023-04-08_20:49:19 INFO [ Battle Maya ] SetState_None()
2023-04-08_20:49:19 INFO SetState_End()
2023-04-08_20:49:20 INFO SetState_None()
2023-04-08_20:49:20 INFO [ Battle StandBy ] SetState_Start()
2023-04-08_20:49:20 INFO SetState_BattleStandBy()
2023-04-08_20:50:19 INFO [ Battle StandBy ] SetState_Notify()
2023-04-08_20:51:18 INFO [ Battle StandBy ] SetState_End()
2023-04-08_20:51:18 INFO [ Battle StandBy ] SetState_None()
2023-04-08_20:51:18 INFO [ Battle Maya ] SetState_StandBy_1()
2023-04-08_20:51:18 INFO SetState_BattleOfMaya()
2023-04-08_20:53:17 INFO [ Battle Maya ] SetState_Notify_1()
2023-04-08_20:53:17 INFO [ Battle Maya ] Failed. No users at state 2
2023-04-08_20:53:17 INFO [ Battle Maya ] SetState_End()
2023-04-08_20:53:19 INFO [ Battle Maya ] SetState_EndCycle()
2023-04-08_20:53:19 INFO [ Battle Maya ] SetState_None()
2023-04-08_20:53:19 INFO SetState_End()
2023-04-08_20:53:19 INFO SetState_None()
2023-04-08_20:53:19 INFO [ Battle StandBy ] SetState_Start()
2023-04-08_20:53:19 INFO SetState_BattleStandBy()
2023-04-08_20:54:18 INFO [ Battle StandBy ] SetState_Notify()
2023-04-08_20:55:17 INFO [ Battle StandBy ] SetState_End()
2023-04-08_20:55:17 INFO [ Battle StandBy ] SetState_None()
2023-04-08_20:55:17 INFO [ Battle Maya ] SetState_StandBy_1()
2023-04-08_20:55:17 INFO SetState_BattleOfMaya()
2023-04-08_20:57:16 INFO [ Battle Maya ] SetState_Notify_1()
2023-04-08_20:57:16 INFO [ Battle Maya ] Failed. No users at state 2
2023-04-08_20:57:16 INFO [ Battle Maya ] SetState_End()
2023-04-08_20:57:18 INFO [ Battle Maya ] SetState_EndCycle()
2023-04-08_20:57:18 INFO [ Battle Maya ] SetState_None()
2023-04-08_20:57:18 INFO SetState_End()
2023-04-08_20:57:18 INFO SetState_None()
2023-04-08_20:57:18 INFO [ Battle StandBy ] SetState_Start()
2023-04-08_20:57:18 INFO SetState_BattleStandBy()
2023-04-08_20:58:17 INFO [ Battle StandBy ] SetState_Notify()
2023-04-08_20:59:16 INFO [ Battle StandBy ] SetState_End()
2023-04-08_20:59:16 INFO [ Battle StandBy ] SetState_None()
2023-04-08_20:59:16 INFO [ Battle Maya ] SetState_StandBy_1()
2023-04-08_20:59:16 INFO SetState_BattleOfMaya()
2023-04-08_21:01:15 INFO [ Battle Maya ] SetState_Notify_1()
2023-04-08_21:01:15 INFO [ Battle Maya ] Failed. No users at state 2
2023-04-08_21:01:15 INFO [ Battle Maya ] SetState_End()
2023-04-08_21:01:17 INFO [ Battle Maya ] SetState_EndCycle()
2023-04-08_21:01:18 INFO [ Battle Maya ] SetState_None()
2023-04-08_21:01:18 INFO SetState_End()
2023-04-08_21:01:18 INFO SetState_None()
2023-04-08_21:01:18 INFO [ Battle StandBy ] SetState_Start()
2023-04-08_21:01:18 INFO SetState_BattleStandBy()
2023-04-08_21:02:17 INFO [ Battle StandBy ] SetState_Notify()
2023-04-08_21:03:16 INFO [ Battle StandBy ] SetState_End()
2023-04-08_21:03:16 INFO [ Battle StandBy ] SetState_None()
2023-04-08_21:03:16 INFO [ Battle Maya ] SetState_StandBy_1()
2023-04-08_21:03:16 INFO SetState_BattleOfMaya()
2023-04-08_21:05:15 INFO [ Battle Maya ] SetState_Notify_1()
2023-04-08_21:05:15 INFO [ Battle Maya ] Failed. No users at state 2
2023-04-08_21:05:15 INFO [ Battle Maya ] SetState_End()
2023-04-08_21:05:17 INFO [ Battle Maya ] SetState_EndCycle()
2023-04-08_21:05:17 INFO [ Battle Maya ] SetState_None()
2023-04-08_21:05:17 INFO SetState_End()
2023-04-08_21:05:17 INFO SetState_None()
2023-04-08_21:05:17 INFO [ Battle StandBy ] SetState_Start()
2023-04-08_21:05:17 INFO SetState_BattleStandBy()
2023-04-08_21:06:16 INFO [ Battle StandBy ] SetState_Notify()
2023-04-08_21:07:15 INFO [ Battle StandBy ] SetState_End()
2023-04-08_21:07:15 INFO [ Battle StandBy ] SetState_None()
2023-04-08_21:07:15 INFO [ Battle Maya ] SetState_StandBy_1()
2023-04-08_21:07:15 INFO SetState_BattleOfMaya()
2023-04-08_21:09:14 INFO [ Battle Maya ] SetState_Notify_1()
2023-04-08_21:09:14 INFO [ Battle Maya ] Failed. No users at state 2
2023-04-08_21:09:14 INFO [ Battle Maya ] SetState_End()
2023-04-08_21:09:16 INFO [ Battle Maya ] SetState_EndCycle()
2023-04-08_21:09:16 INFO [ Battle Maya ] SetState_None()
2023-04-08_21:09:16 INFO SetState_End()
2023-04-08_21:09:16 INFO SetState_None()
2023-04-08_21:09:16 INFO [ Battle StandBy ] SetState_Start()
2023-04-08_21:09:16 INFO SetState_BattleStandBy()
2023-04-08_21:10:15 INFO [ Battle StandBy ] SetState_Notify()
2023-04-08_21:11:14 INFO [ Battle StandBy ] SetState_End()
2023-04-08_21:11:14 INFO [ Battle StandBy ] SetState_None()
2023-04-08_21:11:14 INFO [ Battle Maya ] SetState_StandBy_1()
2023-04-08_21:11:14 INFO SetState_BattleOfMaya()
2023-04-08_21:13:14 INFO [ Battle Maya ] SetState_Notify_1()
2023-04-08_21:13:14 INFO [ Battle Maya ] Failed. No users at state 2
2023-04-08_21:13:14 INFO [ Battle Maya ] SetState_End()
2023-04-08_21:13:16 INFO [ Battle Maya ] SetState_EndCycle()
2023-04-08_21:13:16 INFO [ Battle Maya ] SetState_None()
2023-04-08_21:13:16 INFO SetState_End()
2023-04-08_21:13:16 INFO SetState_None()
2023-04-08_21:13:16 INFO [ Battle StandBy ] SetState_Start()
2023-04-08_21:13:16 INFO SetState_BattleStandBy()
2023-04-08_21:14:15 INFO [ Battle StandBy ] SetState_Notify()
2023-04-08_21:15:14 INFO [ Battle StandBy ] SetState_End()
2023-04-08_21:15:14 INFO [ Battle StandBy ] SetState_None()
2023-04-08_21:15:14 INFO [ Battle Maya ] SetState_StandBy_1()
2023-04-08_21:15:14 INFO SetState_BattleOfMaya()
2023-04-08_21:17:13 INFO [ Battle Maya ] SetState_Notify_1()
2023-04-08_21:17:13 INFO [ Battle Maya ] Failed. No users at state 2
2023-04-08_21:17:13 INFO [ Battle Maya ] SetState_End()
2023-04-08_21:17:15 INFO [ Battle Maya ] SetState_EndCycle()
2023-04-08_21:17:15 INFO [ Battle Maya ] SetState_None()
2023-04-08_21:17:15 INFO SetState_End()
2023-04-08_21:17:15 INFO SetState_None()
2023-04-08_21:17:15 INFO [ Battle StandBy ] SetState_Start()
2023-04-08_21:17:15 INFO SetState_BattleStandBy()
2023-04-08_21:18:14 INFO [ Battle StandBy ] SetState_Notify()
2023-04-08_21:19:13 INFO [ Battle StandBy ] SetState_End()
2023-04-08_21:19:13 INFO [ Battle StandBy ] SetState_None()
2023-04-08_21:19:13 INFO [ Battle Maya ] SetState_StandBy_1()
2023-04-08_21:19:13 INFO SetState_BattleOfMaya()
2023-04-08_21:21:12 INFO [ Battle Maya ] SetState_Notify_1()
2023-04-08_21:21:12 INFO [ Battle Maya ] Failed. No users at state 2
2023-04-08_21:21:12 INFO [ Battle Maya ] SetState_End()
2023-04-08_21:21:14 INFO [ Battle Maya ] SetState_EndCycle()
2023-04-08_21:21:14 INFO [ Battle Maya ] SetState_None()
2023-04-08_21:21:14 INFO SetState_End()
2023-04-08_21:21:14 INFO SetState_None()
2023-04-08_21:21:15 INFO [ Battle StandBy ] SetState_Start()
2023-04-08_21:21:15 INFO SetState_BattleStandBy()
2023-04-08_21:22:14 INFO [ Battle StandBy ] SetState_Notify()
2023-04-08_21:23:13 INFO [ Battle StandBy ] SetState_End()
2023-04-08_21:23:13 INFO [ Battle StandBy ] SetState_None()
2023-04-08_21:23:13 INFO [ Battle Maya ] SetState_StandBy_1()
2023-04-08_21:23:13 INFO SetState_BattleOfMaya()
2023-04-08_21:25:12 INFO [ Battle Maya ] SetState_Notify_1()
2023-04-08_21:25:12 INFO [ Battle Maya ] Failed. No users at state 2
2023-04-08_21:25:12 INFO [ Battle Maya ] SetState_End()
2023-04-08_21:25:14 INFO [ Battle Maya ] SetState_EndCycle()
2023-04-08_21:25:14 INFO [ Battle Maya ] SetState_None()
2023-04-08_21:25:14 INFO SetState_End()
2023-04-08_21:25:14 INFO SetState_None()
2023-04-08_21:25:14 INFO [ Battle StandBy ] SetState_Start()
2023-04-08_21:25:14 INFO SetState_BattleStandBy()
2023-04-08_21:26:13 INFO [ Battle StandBy ] SetState_Notify()
2023-04-08_21:27:12 INFO [ Battle StandBy ] SetState_End()
2023-04-08_21:27:12 INFO [ Battle StandBy ] SetState_None()
2023-04-08_21:27:12 INFO [ Battle Maya ] SetState_StandBy_1()
2023-04-08_21:27:12 INFO SetState_BattleOfMaya()
2023-04-08_21:29:11 INFO [ Battle Maya ] SetState_Notify_1()
2023-04-08_21:29:11 INFO [ Battle Maya ] Failed. No users at state 2
2023-04-08_21:29:11 INFO [ Battle Maya ] SetState_End()
2023-04-08_21:29:13 INFO [ Battle Maya ] SetState_EndCycle()
2023-04-08_21:29:13 INFO [ Battle Maya ] SetState_None()
2023-04-08_21:29:13 INFO SetState_End()
2023-04-08_21:29:13 INFO SetState_None()
2023-04-08_21:29:13 INFO [ Battle StandBy ] SetState_Start()
2023-04-08_21:29:13 INFO SetState_BattleStandBy()
2023-04-08_21:30:12 INFO [ Battle StandBy ] SetState_Notify()
2023-04-08_21:31:11 INFO [ Battle StandBy ] SetState_End()
2023-04-08_21:31:12 INFO [ Battle StandBy ] SetState_None()
2023-04-08_21:31:12 INFO [ Battle Maya ] SetState_StandBy_1()
2023-04-08_21:31:12 INFO SetState_BattleOfMaya()
2023-04-08_21:33:11 INFO [ Battle Maya ] SetState_Notify_1()
2023-04-08_21:33:11 INFO [ Battle Maya ] Failed. No users at state 2
2023-04-08_21:33:11 INFO [ Battle Maya ] SetState_End()
2023-04-08_21:33:13 INFO [ Battle Maya ] SetState_EndCycle()
2023-04-08_21:33:13 INFO [ Battle Maya ] SetState_None()
2023-04-08_21:33:13 INFO SetState_End()
2023-04-08_21:33:13 INFO SetState_None()
2023-04-08_21:33:13 INFO [ Battle StandBy ] SetState_Start()
2023-04-08_21:33:13 INFO SetState_BattleStandBy()
2023-04-08_21:34:12 INFO [ Battle StandBy ] SetState_Notify()
2023-04-08_21:35:11 INFO [ Battle StandBy ] SetState_End()
2023-04-08_21:35:11 INFO [ Battle StandBy ] SetState_None()
2023-04-08_21:35:11 INFO [ Battle Maya ] SetState_StandBy_1()
2023-04-08_21:35:11 INFO SetState_BattleOfMaya()
2023-04-08_21:37:10 INFO [ Battle Maya ] SetState_Notify_1()
2023-04-08_21:37:10 INFO [ Battle Maya ] Failed. No users at state 2
2023-04-08_21:37:10 INFO [ Battle Maya ] SetState_End()
2023-04-08_21:37:12 INFO [ Battle Maya ] SetState_EndCycle()
2023-04-08_21:37:12 INFO [ Battle Maya ] SetState_None()
2023-04-08_21:37:12 INFO SetState_End()
2023-04-08_21:37:12 INFO SetState_None()
2023-04-08_21:37:12 INFO [ Battle StandBy ] SetState_Start()
2023-04-08_21:37:12 INFO SetState_BattleStandBy()
2023-04-08_21:38:11 INFO [ Battle StandBy ] SetState_Notify()
2023-04-08_21:39:10 INFO [ Battle StandBy ] SetState_End()
2023-04-08_21:39:10 INFO [ Battle StandBy ] SetState_None()
2023-04-08_21:39:10 INFO [ Battle Maya ] SetState_StandBy_1()
2023-04-08_21:39:10 INFO SetState_BattleOfMaya()
2023-04-08_21:41:09 INFO [ Battle Maya ] SetState_Notify_1()
2023-04-08_21:41:09 INFO [ Battle Maya ] Failed. No users at state 2
2023-04-08_21:41:09 INFO [ Battle Maya ] SetState_End()
2023-04-08_21:41:12 INFO [ Battle Maya ] SetState_EndCycle()
2023-04-08_21:41:12 INFO [ Battle Maya ] SetState_None()
2023-04-08_21:41:12 INFO SetState_End()
2023-04-08_21:41:12 INFO SetState_None()
2023-04-08_21:41:12 INFO [ Battle StandBy ] SetState_Start()
2023-04-08_21:41:12 INFO SetState_BattleStandBy()
2023-04-08_21:42:11 INFO [ Battle StandBy ] SetState_Notify()
2023-04-08_21:43:10 INFO [ Battle StandBy ] SetState_End()
2023-04-08_21:43:10 INFO [ Battle StandBy ] SetState_None()
2023-04-08_21:43:10 INFO [ Battle Maya ] SetState_StandBy_1()
2023-04-08_21:43:10 INFO SetState_BattleOfMaya()
2023-04-08_21:45:09 INFO [ Battle Maya ] SetState_Notify_1()
2023-04-08_21:45:09 INFO [ Battle Maya ] Failed. No users at state 2
2023-04-08_21:45:09 INFO [ Battle Maya ] SetState_End()
2023-04-08_21:45:11 INFO [ Battle Maya ] SetState_EndCycle()
2023-04-08_21:45:11 INFO [ Battle Maya ] SetState_None()
2023-04-08_21:45:11 INFO SetState_End()
2023-04-08_21:45:11 INFO SetState_None()
2023-04-08_21:45:11 INFO [ Battle StandBy ] SetState_Start()
2023-04-08_21:45:11 INFO SetState_BattleStandBy()
2023-04-08_21:46:10 INFO [ Battle StandBy ] SetState_Notify()
2023-04-08_21:47:09 INFO [ Battle StandBy ] SetState_End()
2023-04-08_21:47:09 INFO [ Battle StandBy ] SetState_None()
2023-04-08_21:47:09 INFO [ Battle Maya ] SetState_StandBy_1()
2023-04-08_21:47:09 INFO SetState_BattleOfMaya()
2023-04-08_21:49:08 INFO [ Battle Maya ] SetState_Notify_1()
2023-04-08_21:49:08 INFO [ Battle Maya ] Failed. No users at state 2
2023-04-08_21:49:08 INFO [ Battle Maya ] SetState_End()
2023-04-08_21:49:10 INFO [ Battle Maya ] SetState_EndCycle()
2023-04-08_21:49:10 INFO [ Battle Maya ] SetState_None()
2023-04-08_21:49:10 INFO SetState_End()
2023-04-08_21:49:10 INFO SetState_None()
2023-04-08_21:49:10 INFO [ Battle StandBy ] SetState_Start()
2023-04-08_21:49:10 INFO SetState_BattleStandBy()
2023-04-08_21:50:09 INFO [ Battle StandBy ] SetState_Notify()
2023-04-08_21:51:08 INFO [ Battle StandBy ] SetState_End()
2023-04-08_21:51:09 INFO [ Battle StandBy ] SetState_None()
2023-04-08_21:51:09 INFO [ Battle Maya ] SetState_StandBy_1()
2023-04-08_21:51:09 INFO SetState_BattleOfMaya()
2023-04-08_21:53:08 INFO [ Battle Maya ] SetState_Notify_1()
2023-04-08_21:53:08 INFO [ Battle Maya ] Failed. No users at state 2
2023-04-08_21:53:08 INFO [ Battle Maya ] SetState_End()
2023-04-08_21:53:10 INFO [ Battle Maya ] SetState_EndCycle()
2023-04-08_21:53:10 INFO [ Battle Maya ] SetState_None()
2023-04-08_21:53:10 INFO SetState_End()
2023-04-08_21:53:10 INFO SetState_None()
2023-04-08_21:53:10 INFO [ Battle StandBy ] SetState_Start()
2023-04-08_21:53:10 INFO SetState_BattleStandBy()
2023-04-08_21:54:09 INFO [ Battle StandBy ] SetState_Notify()
2023-04-08_21:55:08 INFO [ Battle StandBy ] SetState_End()
2023-04-08_21:55:08 INFO [ Battle StandBy ] SetState_None()
2023-04-08_21:55:08 INFO [ Battle Maya ] SetState_StandBy_1()
2023-04-08_21:55:08 INFO SetState_BattleOfMaya()
2023-04-08_21:57:07 INFO [ Battle Maya ] SetState_Notify_1()
2023-04-08_21:57:07 INFO [ Battle Maya ] Failed. No users at state 2
2023-04-08_21:57:07 INFO [ Battle Maya ] SetState_End()
2023-04-08_21:57:09 INFO [ Battle Maya ] SetState_EndCycle()
2023-04-08_21:57:09 INFO [ Battle Maya ] SetState_None()
2023-04-08_21:57:09 INFO SetState_End()
2023-04-08_21:57:09 INFO SetState_None()
2023-04-08_21:57:09 INFO [ Battle StandBy ] SetState_Start()
2023-04-08_21:57:09 INFO SetState_BattleStandBy()
2023-04-08_21:58:08 INFO [ Battle StandBy ] SetState_Notify()
2023-04-08_21:59:07 INFO [ Battle StandBy ] SetState_End()
2023-04-08_21:59:07 INFO [ Battle StandBy ] SetState_None()
2023-04-08_21:59:07 INFO [ Battle Maya ] SetState_StandBy_1()
2023-04-08_21:59:07 INFO SetState_BattleOfMaya()
2023-04-08_22:01:06 INFO [ Battle Maya ] SetState_Notify_1()
2023-04-08_22:01:06 INFO [ Battle Maya ] Failed. No users at state 2
2023-04-08_22:01:06 INFO [ Battle Maya ] SetState_End()
2023-04-08_22:01:09 INFO [ Battle Maya ] SetState_EndCycle()
2023-04-08_22:01:09 INFO [ Battle Maya ] SetState_None()
2023-04-08_22:01:09 INFO SetState_End()
2023-04-08_22:01:09 INFO SetState_None()
2023-04-08_22:01:09 INFO [ Battle StandBy ] SetState_Start()
2023-04-08_22:01:09 INFO SetState_BattleStandBy()
2023-04-08_22:02:08 INFO [ Battle StandBy ] SetState_Notify()
2023-04-08_22:03:07 INFO [ Battle StandBy ] SetState_End()
2023-04-08_22:03:07 INFO [ Battle StandBy ] SetState_None()
2023-04-08_22:03:07 INFO [ Battle Maya ] SetState_StandBy_1()
2023-04-08_22:03:07 INFO SetState_BattleOfMaya()
2023-04-08_22:05:06 INFO [ Battle Maya ] SetState_Notify_1()
2023-04-08_22:05:06 INFO [ Battle Maya ] Failed. No users at state 2
2023-04-08_22:05:06 INFO [ Battle Maya ] SetState_End()
2023-04-08_22:05:08 INFO [ Battle Maya ] SetState_EndCycle()
2023-04-08_22:05:08 INFO [ Battle Maya ] SetState_None()
2023-04-08_22:05:08 INFO SetState_End()
2023-04-08_22:05:08 INFO SetState_None()
2023-04-08_22:05:08 INFO [ Battle StandBy ] SetState_Start()
2023-04-08_22:05:08 INFO SetState_BattleStandBy()
2023-04-08_22:06:07 INFO [ Battle StandBy ] SetState_Notify()
2023-04-08_22:07:06 INFO [ Battle StandBy ] SetState_End()
2023-04-08_22:07:06 INFO [ Battle StandBy ] SetState_None()
2023-04-08_22:07:06 INFO [ Battle Maya ] SetState_StandBy_1()
2023-04-08_22:07:06 INFO SetState_BattleOfMaya()
2023-04-08_22:09:05 INFO [ Battle Maya ] SetState_Notify_1()
2023-04-08_22:09:05 INFO [ Battle Maya ] Failed. No users at state 2
2023-04-08_22:09:05 INFO [ Battle Maya ] SetState_End()
2023-04-08_22:09:07 INFO [ Battle Maya ] SetState_EndCycle()
2023-04-08_22:09:08 INFO [ Battle Maya ] SetState_None()
2023-04-08_22:09:08 INFO SetState_End()
2023-04-08_22:09:08 INFO SetState_None()
2023-04-08_22:09:08 INFO [ Battle StandBy ] SetState_Start()
2023-04-08_22:09:08 INFO SetState_BattleStandBy()
2023-04-08_22:10:07 INFO [ Battle StandBy ] SetState_Notify()
2023-04-08_22:11:06 INFO [ Battle StandBy ] SetState_End()
2023-04-08_22:11:06 INFO [ Battle StandBy ] SetState_None()
2023-04-08_22:11:06 INFO [ Battle Maya ] SetState_StandBy_1()
2023-04-08_22:11:06 INFO SetState_BattleOfMaya()
2023-04-08_22:13:05 INFO [ Battle Maya ] SetState_Notify_1()
2023-04-08_22:13:05 INFO [ Battle Maya ] Failed. No users at state 2
2023-04-08_22:13:05 INFO [ Battle Maya ] SetState_End()
2023-04-08_22:13:07 INFO [ Battle Maya ] SetState_EndCycle()
2023-04-08_22:13:07 INFO [ Battle Maya ] SetState_None()
2023-04-08_22:13:07 INFO SetState_End()
2023-04-08_22:13:07 INFO SetState_None()
2023-04-08_22:13:07 INFO [ Battle StandBy ] SetState_Start()
2023-04-08_22:13:07 INFO SetState_BattleStandBy()
2023-04-08_22:14:06 INFO [ Battle StandBy ] SetState_Notify()
2023-04-08_22:15:05 INFO [ Battle StandBy ] SetState_End()
2023-04-08_22:15:05 INFO [ Battle StandBy ] SetState_None()
2023-04-08_22:15:05 INFO [ Battle Maya ] SetState_StandBy_1()
2023-04-08_22:15:05 INFO SetState_BattleOfMaya()
2023-04-08_22:17:04 INFO [ Battle Maya ] SetState_Notify_1()
2023-04-08_22:17:04 INFO [ Battle Maya ] Failed. No users at state 2
2023-04-08_22:17:04 INFO [ Battle Maya ] SetState_End()
2023-04-08_22:17:06 INFO [ Battle Maya ] SetState_EndCycle()
2023-04-08_22:17:06 INFO [ Battle Maya ] SetState_None()
2023-04-08_22:17:06 INFO SetState_End()
2023-04-08_22:17:06 INFO SetState_None()
2023-04-08_22:17:06 INFO [ Battle StandBy ] SetState_Start()
2023-04-08_22:17:06 INFO SetState_BattleStandBy()
2023-04-08_22:18:05 INFO [ Battle StandBy ] SetState_Notify()
2023-04-08_22:19:04 INFO [ Battle StandBy ] SetState_End()
2023-04-08_22:19:04 INFO [ Battle StandBy ] SetState_None()
2023-04-08_22:19:04 INFO [ Battle Maya ] SetState_StandBy_1()
2023-04-08_22:19:04 INFO SetState_BattleOfMaya()
2023-04-08_22:21:04 INFO [ Battle Maya ] SetState_Notify_1()
2023-04-08_22:21:04 INFO [ Battle Maya ] Failed. No users at state 2
2023-04-08_22:21:04 INFO [ Battle Maya ] SetState_End()
2023-04-08_22:21:06 INFO [ Battle Maya ] SetState_EndCycle()
2023-04-08_22:21:06 INFO [ Battle Maya ] SetState_None()
2023-04-08_22:21:06 INFO SetState_End()
2023-04-08_22:21:06 INFO SetState_None()
2023-04-08_22:21:06 INFO [ Battle StandBy ] SetState_Start()
2023-04-08_22:21:06 INFO SetState_BattleStandBy()
2023-04-08_22:22:05 INFO [ Battle StandBy ] SetState_Notify()
2023-04-08_22:23:04 INFO [ Battle StandBy ] SetState_End()
2023-04-08_22:23:04 INFO [ Battle StandBy ] SetState_None()
2023-04-08_22:23:04 INFO [ Battle Maya ] SetState_StandBy_1()
2023-04-08_22:23:04 INFO SetState_BattleOfMaya()
2023-04-08_22:25:03 INFO [ Battle Maya ] SetState_Notify_1()
2023-04-08_22:25:03 INFO [ Battle Maya ] Failed. No users at state 2
2023-04-08_22:25:03 INFO [ Battle Maya ] SetState_End()
2023-04-08_22:25:05 INFO [ Battle Maya ] SetState_EndCycle()
2023-04-08_22:25:05 INFO [ Battle Maya ] SetState_None()
2023-04-08_22:25:05 INFO SetState_End()
2023-04-08_22:25:05 INFO SetState_None()
2023-04-08_22:25:05 INFO [ Battle StandBy ] SetState_Start()
2023-04-08_22:25:05 INFO SetState_BattleStandBy()
2023-04-08_22:26:04 INFO [ Battle StandBy ] SetState_Notify()
2023-04-08_22:27:03 INFO [ Battle StandBy ] SetState_End()
2023-04-08_22:27:03 INFO [ Battle StandBy ] SetState_None()
2023-04-08_22:27:03 INFO [ Battle Maya ] SetState_StandBy_1()
2023-04-08_22:27:03 INFO SetState_BattleOfMaya()
2023-04-08_22:29:02 INFO [ Battle Maya ] SetState_Notify_1()
2023-04-08_22:29:02 INFO [ Battle Maya ] Failed. No users at state 2
2023-04-08_22:29:02 INFO [ Battle Maya ] SetState_End()
2023-04-08_22:29:05 INFO [ Battle Maya ] SetState_EndCycle()
2023-04-08_22:29:05 INFO [ Battle Maya ] SetState_None()
2023-04-08_22:29:05 INFO SetState_End()
2023-04-08_22:29:05 INFO SetState_None()
2023-04-08_22:29:05 INFO [ Battle StandBy ] SetState_Start()
2023-04-08_22:29:05 INFO SetState_BattleStandBy()
2023-04-08_22:30:04 INFO [ Battle StandBy ] SetState_Notify()
2023-04-08_22:31:03 INFO [ Battle StandBy ] SetState_End()
2023-04-08_22:31:03 INFO [ Battle StandBy ] SetState_None()
2023-04-08_22:31:03 INFO [ Battle Maya ] SetState_StandBy_1()
2023-04-08_22:31:03 INFO SetState_BattleOfMaya()
2023-04-08_22:33:02 INFO [ Battle Maya ] SetState_Notify_1()
2023-04-08_22:33:02 INFO [ Battle Maya ] Failed. No users at state 2
2023-04-08_22:33:02 INFO [ Battle Maya ] SetState_End()
2023-04-08_22:33:04 INFO [ Battle Maya ] SetState_EndCycle()
2023-04-08_22:33:04 INFO [ Battle Maya ] SetState_None()
2023-04-08_22:33:04 INFO SetState_End()
2023-04-08_22:33:04 INFO SetState_None()
2023-04-08_22:33:04 INFO [ Battle StandBy ] SetState_Start()
2023-04-08_22:33:04 INFO SetState_BattleStandBy()
2023-04-08_22:34:03 INFO [ Battle StandBy ] SetState_Notify()
2023-04-08_22:35:02 INFO [ Battle StandBy ] SetState_End()
2023-04-08_22:35:02 INFO [ Battle StandBy ] SetState_None()
2023-04-08_22:35:02 INFO [ Battle Maya ] SetState_StandBy_1()
2023-04-08_22:35:02 INFO SetState_BattleOfMaya()
2023-04-08_22:37:01 INFO [ Battle Maya ] SetState_Notify_1()
2023-04-08_22:37:01 INFO [ Battle Maya ] Failed. No users at state 2
2023-04-08_22:37:01 INFO [ Battle Maya ] SetState_End()
2023-04-08_22:37:03 INFO [ Battle Maya ] SetState_EndCycle()
2023-04-08_22:37:03 INFO [ Battle Maya ] SetState_None()
2023-04-08_22:37:03 INFO SetState_End()
2023-04-08_22:37:04 INFO SetState_None()
2023-04-08_22:37:04 INFO [ Battle StandBy ] SetState_Start()
2023-04-08_22:37:04 INFO SetState_BattleStandBy()
2023-04-08_22:38:03 INFO [ Battle StandBy ] SetState_Notify()
2023-04-08_22:39:02 INFO [ Battle StandBy ] SetState_End()
2023-04-08_22:39:02 INFO [ Battle StandBy ] SetState_None()
2023-04-08_22:39:02 INFO [ Battle Maya ] SetState_StandBy_1()
2023-04-08_22:39:02 INFO SetState_BattleOfMaya()
2023-04-08_22:41:01 INFO [ Battle Maya ] SetState_Notify_1()
2023-04-08_22:41:01 INFO [ Battle Maya ] Failed. No users at state 2
2023-04-08_22:41:01 INFO [ Battle Maya ] SetState_End()
2023-04-08_22:41:03 INFO [ Battle Maya ] SetState_EndCycle()
2023-04-08_22:41:03 INFO [ Battle Maya ] SetState_None()
2023-04-08_22:41:03 INFO SetState_End()
2023-04-08_22:41:03 INFO SetState_None()
2023-04-08_22:41:03 INFO [ Battle StandBy ] SetState_Start()
2023-04-08_22:41:03 INFO SetState_BattleStandBy()
2023-04-08_22:42:02 INFO [ Battle StandBy ] SetState_Notify()
2023-04-08_22:43:01 INFO [ Battle StandBy ] SetState_End()
2023-04-08_22:43:01 INFO [ Battle StandBy ] SetState_None()
2023-04-08_22:43:01 INFO [ Battle Maya ] SetState_StandBy_1()
2023-04-08_22:43:01 INFO SetState_BattleOfMaya()
2023-04-08_22:45:00 INFO [ Battle Maya ] SetState_Notify_1()
2023-04-08_22:45:00 INFO [ Battle Maya ] Failed. No users at state 2
2023-04-08_22:45:00 INFO [ Battle Maya ] SetState_End()
2023-04-08_22:45:02 INFO [ Battle Maya ] SetState_EndCycle()
2023-04-08_22:45:02 INFO [ Battle Maya ] SetState_None()
2023-04-08_22:45:02 INFO SetState_End()
2023-04-08_22:45:02 INFO SetState_None()
2023-04-08_22:45:02 INFO [ Battle StandBy ] SetState_Start()
2023-04-08_22:45:02 INFO SetState_BattleStandBy()
2023-04-08_22:46:01 INFO [ Battle StandBy ] SetState_Notify()
2023-04-08_22:47:00 INFO [ Battle StandBy ] SetState_End()
2023-04-08_22:47:01 INFO [ Battle StandBy ] SetState_None()
2023-04-08_22:47:01 INFO [ Battle Maya ] SetState_StandBy_1()
2023-04-08_22:47:01 INFO SetState_BattleOfMaya()
2023-04-08_22:49:00 INFO [ Battle Maya ] SetState_Notify_1()
2023-04-08_22:49:00 INFO [ Battle Maya ] Failed. No users at state 2
2023-04-08_22:49:00 INFO [ Battle Maya ] SetState_End()
2023-04-08_22:49:02 INFO [ Battle Maya ] SetState_EndCycle()
2023-04-08_22:49:02 INFO [ Battle Maya ] SetState_None()
2023-04-08_22:49:02 INFO SetState_End()
2023-04-08_22:49:02 INFO SetState_None()
2023-04-08_22:49:02 INFO [ Battle StandBy ] SetState_Start()
2023-04-08_22:49:02 INFO SetState_BattleStandBy()
2023-04-08_22:50:01 INFO [ Battle StandBy ] SetState_Notify()
2023-04-08_22:51:00 INFO [ Battle StandBy ] SetState_End()
2023-04-08_22:51:00 INFO [ Battle StandBy ] SetState_None()
2023-04-08_22:51:00 INFO [ Battle Maya ] SetState_StandBy_1()
2023-04-08_22:51:00 INFO SetState_BattleOfMaya()
2023-04-08_22:52:59 INFO [ Battle Maya ] SetState_Notify_1()
2023-04-08_22:52:59 INFO [ Battle Maya ] Failed. No users at state 2
2023-04-08_22:52:59 INFO [ Battle Maya ] SetState_End()
2023-04-08_22:53:01 INFO [ Battle Maya ] SetState_EndCycle()
2023-04-08_22:53:01 INFO [ Battle Maya ] SetState_None()
2023-04-08_22:53:01 INFO SetState_End()
2023-04-08_22:53:01 INFO SetState_None()
2023-04-08_22:53:01 INFO [ Battle StandBy ] SetState_Start()
2023-04-08_22:53:01 INFO SetState_BattleStandBy()
2023-04-08_22:54:00 INFO [ Battle StandBy ] SetState_Notify()
2023-04-08_22:54:59 INFO [ Battle StandBy ] SetState_End()
2023-04-08_22:54:59 INFO [ Battle StandBy ] SetState_None()
2023-04-08_22:55:00 INFO [ Battle Maya ] SetState_StandBy_1()
2023-04-08_22:55:00 INFO SetState_BattleOfMaya()
2023-04-08_22:56:59 INFO [ Battle Maya ] SetState_Notify_1()
2023-04-08_22:56:59 INFO [ Battle Maya ] Failed. No users at state 2
2023-04-08_22:56:59 INFO [ Battle Maya ] SetState_End()
2023-04-08_22:57:01 INFO [ Battle Maya ] SetState_EndCycle()
2023-04-08_22:57:01 INFO [ Battle Maya ] SetState_None()
2023-04-08_22:57:01 INFO SetState_End()
2023-04-08_22:57:01 INFO SetState_None()
2023-04-08_22:57:01 INFO [ Battle StandBy ] SetState_Start()
2023-04-08_22:57:01 INFO SetState_BattleStandBy()
2023-04-08_22:58:00 INFO [ Battle StandBy ] SetState_Notify()
2023-04-08_22:58:59 INFO [ Battle StandBy ] SetState_End()
2023-04-08_22:58:59 INFO [ Battle StandBy ] SetState_None()
2023-04-08_22:58:59 INFO [ Battle Maya ] SetState_StandBy_1()
2023-04-08_22:58:59 INFO SetState_BattleOfMaya()
2023-04-08_23:00:58 INFO [ Battle Maya ] SetState_Notify_1()
2023-04-08_23:00:58 INFO [ Battle Maya ] Failed. No users at state 2
2023-04-08_23:00:58 INFO [ Battle Maya ] SetState_End()
2023-04-08_23:01:00 INFO [ Battle Maya ] SetState_EndCycle()
2023-04-08_23:01:00 INFO [ Battle Maya ] SetState_None()
2023-04-08_23:01:00 INFO SetState_End()
2023-04-08_23:01:00 INFO SetState_None()
2023-04-08_23:01:00 INFO [ Battle StandBy ] SetState_Start()
2023-04-08_23:01:00 INFO SetState_BattleStandBy()
2023-04-08_23:01:59 INFO [ Battle StandBy ] SetState_Notify()
2023-04-08_23:02:58 INFO [ Battle StandBy ] SetState_End()
2023-04-08_23:02:59 INFO [ Battle StandBy ] SetState_None()
2023-04-08_23:02:59 INFO [ Battle Maya ] SetState_StandBy_1()
2023-04-08_23:02:59 INFO SetState_BattleOfMaya()
2023-04-08_23:04:58 INFO [ Battle Maya ] SetState_Notify_1()
2023-04-08_23:04:58 INFO [ Battle Maya ] Failed. No users at state 2
2023-04-08_23:04:58 INFO [ Battle Maya ] SetState_End()
2023-04-08_23:05:00 INFO [ Battle Maya ] SetState_EndCycle()
2023-04-08_23:05:00 INFO [ Battle Maya ] SetState_None()
2023-04-08_23:05:00 INFO SetState_End()
2023-04-08_23:05:00 INFO SetState_None()
2023-04-08_23:05:00 INFO [ Battle StandBy ] SetState_Start()
2023-04-08_23:05:00 INFO SetState_BattleStandBy()
2023-04-08_23:05:59 INFO [ Battle StandBy ] SetState_Notify()
2023-04-08_23:06:58 INFO [ Battle StandBy ] SetState_End()
2023-04-08_23:06:58 INFO [ Battle StandBy ] SetState_None()
2023-04-08_23:06:58 INFO [ Battle Maya ] SetState_StandBy_1()
2023-04-08_23:06:58 INFO SetState_BattleOfMaya()
2023-04-08_23:08:57 INFO [ Battle Maya ] SetState_Notify_1()
2023-04-08_23:08:57 INFO [ Battle Maya ] Failed. No users at state 2
2023-04-08_23:08:57 INFO [ Battle Maya ] SetState_End()
2023-04-08_23:08:59 INFO [ Battle Maya ] SetState_EndCycle()
2023-04-08_23:08:59 INFO [ Battle Maya ] SetState_None()
2023-04-08_23:08:59 INFO SetState_End()
2023-04-08_23:08:59 INFO SetState_None()
2023-04-08_23:08:59 INFO [ Battle StandBy ] SetState_Start()
2023-04-08_23:08:59 INFO SetState_BattleStandBy()
2023-04-08_23:09:58 INFO [ Battle StandBy ] SetState_Notify()
2023-04-08_23:10:58 INFO [ Battle StandBy ] SetState_End()
2023-04-08_23:10:58 INFO [ Battle StandBy ] SetState_None()
2023-04-08_23:10:58 INFO [ Battle Maya ] SetState_StandBy_1()
2023-04-08_23:10:58 INFO SetState_BattleOfMaya()
2023-04-08_23:12:57 INFO [ Battle Maya ] SetState_Notify_1()
2023-04-08_23:12:57 INFO [ Battle Maya ] Failed. No users at state 2
2023-04-08_23:12:57 INFO [ Battle Maya ] SetState_End()
2023-04-08_23:12:59 INFO [ Battle Maya ] SetState_EndCycle()
2023-04-08_23:12:59 INFO [ Battle Maya ] SetState_None()
2023-04-08_23:12:59 INFO SetState_End()
2023-04-08_23:12:59 INFO SetState_None()
2023-04-08_23:12:59 INFO [ Battle StandBy ] SetState_Start()
2023-04-08_23:12:59 INFO SetState_BattleStandBy()
2023-04-08_23:13:58 INFO [ Battle StandBy ] SetState_Notify()
2023-04-08_23:14:57 INFO [ Battle StandBy ] SetState_End()
2023-04-08_23:14:57 INFO [ Battle StandBy ] SetState_None()
2023-04-08_23:14:57 INFO [ Battle Maya ] SetState_StandBy_1()
2023-04-08_23:14:57 INFO SetState_BattleOfMaya()
2023-04-08_23:16:56 INFO [ Battle Maya ] SetState_Notify_1()
2023-04-08_23:16:56 INFO [ Battle Maya ] Failed. No users at state 2
2023-04-08_23:16:56 INFO [ Battle Maya ] SetState_End()
2023-04-08_23:16:58 INFO [ Battle Maya ] SetState_EndCycle()
2023-04-08_23:16:58 INFO [ Battle Maya ] SetState_None()
2023-04-08_23:16:58 INFO SetState_End()
2023-04-08_23:16:58 INFO SetState_None()
2023-04-08_23:16:58 INFO [ Battle StandBy ] SetState_Start()
2023-04-08_23:16:58 INFO SetState_BattleStandBy()
2023-04-08_23:17:57 INFO [ Battle StandBy ] SetState_Notify()
2023-04-08_23:18:57 INFO [ Battle StandBy ] SetState_End()
2023-04-08_23:18:57 INFO [ Battle StandBy ] SetState_None()
2023-04-08_23:18:57 INFO [ Battle Maya ] SetState_StandBy_1()
2023-04-08_23:18:57 INFO SetState_BattleOfMaya()
2023-04-08_23:20:56 INFO [ Battle Maya ] SetState_Notify_1()
2023-04-08_23:20:56 INFO [ Battle Maya ] Failed. No users at state 2
2023-04-08_23:20:56 INFO [ Battle Maya ] SetState_End()
2023-04-08_23:20:58 INFO [ Battle Maya ] SetState_EndCycle()
2023-04-08_23:20:58 INFO [ Battle Maya ] SetState_None()
2023-04-08_23:20:58 INFO SetState_End()
2023-04-08_23:20:58 INFO SetState_None()
2023-04-08_23:20:58 INFO [ Battle StandBy ] SetState_Start()
2023-04-08_23:20:58 INFO SetState_BattleStandBy()
2023-04-08_23:21:57 INFO [ Battle StandBy ] SetState_Notify()
2023-04-08_23:22:56 INFO [ Battle StandBy ] SetState_End()
2023-04-08_23:22:56 INFO [ Battle StandBy ] SetState_None()
2023-04-08_23:22:56 INFO [ Battle Maya ] SetState_StandBy_1()
2023-04-08_23:22:56 INFO SetState_BattleOfMaya()
2023-04-08_23:24:55 INFO [ Battle Maya ] SetState_Notify_1()
2023-04-08_23:24:55 INFO [ Battle Maya ] Failed. No users at state 2
2023-04-08_23:24:55 INFO [ Battle Maya ] SetState_End()
2023-04-08_23:24:57 INFO [ Battle Maya ] SetState_EndCycle()
2023-04-08_23:24:57 INFO [ Battle Maya ] SetState_None()
2023-04-08_23:24:57 INFO SetState_End()
2023-04-08_23:24:57 INFO SetState_None()
2023-04-08_23:24:57 INFO [ Battle StandBy ] SetState_Start()
2023-04-08_23:24:57 INFO SetState_BattleStandBy()
2023-04-08_23:25:56 INFO [ Battle StandBy ] SetState_Notify()
2023-04-08_23:26:55 INFO [ Battle StandBy ] SetState_End()
2023-04-08_23:26:56 INFO [ Battle StandBy ] SetState_None()
2023-04-08_23:26:56 INFO [ Battle Maya ] SetState_StandBy_1()
2023-04-08_23:26:56 INFO SetState_BattleOfMaya()
2023-04-08_23:28:55 INFO [ Battle Maya ] SetState_Notify_1()
2023-04-08_23:28:55 INFO [ Battle Maya ] Failed. No users at state 2
2023-04-08_23:28:55 INFO [ Battle Maya ] SetState_End()
2023-04-08_23:28:57 INFO [ Battle Maya ] SetState_EndCycle()
2023-04-08_23:28:57 INFO [ Battle Maya ] SetState_None()
2023-04-08_23:28:57 INFO SetState_End()
2023-04-08_23:28:57 INFO SetState_None()
2023-04-08_23:28:57 INFO [ Battle StandBy ] SetState_Start()
2023-04-08_23:28:57 INFO SetState_BattleStandBy()
2023-04-08_23:29:56 INFO [ Battle StandBy ] SetState_Notify()
2023-04-08_23:30:55 INFO [ Battle StandBy ] SetState_End()
2023-04-08_23:30:55 INFO [ Battle StandBy ] SetState_None()
2023-04-08_23:30:55 INFO [ Battle Maya ] SetState_StandBy_1()
2023-04-08_23:30:55 INFO SetState_BattleOfMaya()
2023-04-08_23:32:54 INFO [ Battle Maya ] SetState_Notify_1()
2023-04-08_23:32:54 INFO [ Battle Maya ] Failed. No users at state 2
2023-04-08_23:32:54 INFO [ Battle Maya ] SetState_End()
2023-04-08_23:32:56 INFO [ Battle Maya ] SetState_EndCycle()
2023-04-08_23:32:56 INFO [ Battle Maya ] SetState_None()
2023-04-08_23:32:56 INFO SetState_End()
2023-04-08_23:32:56 INFO SetState_None()
2023-04-08_23:32:56 INFO [ Battle StandBy ] SetState_Start()
2023-04-08_23:32:56 INFO SetState_BattleStandBy()
2023-04-08_23:33:55 INFO [ Battle StandBy ] SetState_Notify()
2023-04-08_23:34:54 INFO [ Battle StandBy ] SetState_End()
2023-04-08_23:34:54 INFO [ Battle StandBy ] SetState_None()
2023-04-08_23:34:54 INFO [ Battle Maya ] SetState_StandBy_1()
2023-04-08_23:34:54 INFO SetState_BattleOfMaya()
2023-04-08_23:36:53 INFO [ Battle Maya ] SetState_Notify_1()
2023-04-08_23:36:53 INFO [ Battle Maya ] Failed. No users at state 2
2023-04-08_23:36:53 INFO [ Battle Maya ] SetState_End()
2023-04-08_23:36:55 INFO [ Battle Maya ] SetState_EndCycle()
2023-04-08_23:36:55 INFO [ Battle Maya ] SetState_None()
2023-04-08_23:36:55 INFO SetState_End()
2023-04-08_23:36:55 INFO SetState_None()
2023-04-08_23:36:56 INFO [ Battle StandBy ] SetState_Start()
2023-04-08_23:36:56 INFO SetState_BattleStandBy()
2023-04-08_23:37:55 INFO [ Battle StandBy ] SetState_Notify()
2023-04-08_23:38:54 INFO [ Battle StandBy ] SetState_End()
2023-04-08_23:38:54 INFO [ Battle StandBy ] SetState_None()
2023-04-08_23:38:54 INFO [ Battle Maya ] SetState_StandBy_1()
2023-04-08_23:38:54 INFO SetState_BattleOfMaya()
2023-04-08_23:40:53 INFO [ Battle Maya ] SetState_Notify_1()
2023-04-08_23:40:53 INFO [ Battle Maya ] Failed. No users at state 2
2023-04-08_23:40:53 INFO [ Battle Maya ] SetState_End()
2023-04-08_23:40:55 INFO [ Battle Maya ] SetState_EndCycle()
2023-04-08_23:40:55 INFO [ Battle Maya ] SetState_None()
2023-04-08_23:40:55 INFO SetState_End()
2023-04-08_23:40:55 INFO SetState_None()
2023-04-08_23:40:55 INFO [ Battle StandBy ] SetState_Start()
2023-04-08_23:40:55 INFO SetState_BattleStandBy()
2023-04-08_23:41:54 INFO [ Battle StandBy ] SetState_Notify()
2023-04-08_23:42:53 INFO [ Battle StandBy ] SetState_End()
2023-04-08_23:42:53 INFO [ Battle StandBy ] SetState_None()
2023-04-08_23:42:53 INFO [ Battle Maya ] SetState_StandBy_1()
2023-04-08_23:42:53 INFO SetState_BattleOfMaya()
2023-04-08_23:44:52 INFO [ Battle Maya ] SetState_Notify_1()
2023-04-08_23:44:52 INFO [ Battle Maya ] Failed. No users at state 2
2023-04-08_23:44:52 INFO [ Battle Maya ] SetState_End()
2023-04-08_23:44:54 INFO [ Battle Maya ] SetState_EndCycle()
2023-04-08_23:44:54 INFO [ Battle Maya ] SetState_None()
2023-04-08_23:44:54 INFO SetState_End()
2023-04-08_23:44:54 INFO SetState_None()
2023-04-08_23:44:55 INFO [ Battle StandBy ] SetState_Start()
2023-04-08_23:44:55 INFO SetState_BattleStandBy()
2023-04-08_23:45:54 INFO [ Battle StandBy ] SetState_Notify()
2023-04-08_23:46:53 INFO [ Battle StandBy ] SetState_End()
2023-04-08_23:46:53 INFO [ Battle StandBy ] SetState_None()
2023-04-08_23:46:53 INFO [ Battle Maya ] SetState_StandBy_1()
2023-04-08_23:46:53 INFO SetState_BattleOfMaya()
2023-04-08_23:48:52 INFO [ Battle Maya ] SetState_Notify_1()
2023-04-08_23:48:52 INFO [ Battle Maya ] Failed. No users at state 2
2023-04-08_23:48:52 INFO [ Battle Maya ] SetState_End()
2023-04-08_23:48:54 INFO [ Battle Maya ] SetState_EndCycle()
2023-04-08_23:48:54 INFO [ Battle Maya ] SetState_None()
2023-04-08_23:48:54 INFO SetState_End()
2023-04-08_23:48:54 INFO SetState_None()
2023-04-08_23:48:54 INFO [ Battle StandBy ] SetState_Start()
2023-04-08_23:48:54 INFO SetState_BattleStandBy()
2023-04-08_23:49:53 INFO [ Battle StandBy ] SetState_Notify()
2023-04-08_23:50:52 INFO [ Battle StandBy ] SetState_End()
2023-04-08_23:50:52 INFO [ Battle StandBy ] SetState_None()
2023-04-08_23:50:52 INFO [ Battle Maya ] SetState_StandBy_1()
2023-04-08_23:50:52 INFO SetState_BattleOfMaya()
2023-04-08_23:52:51 INFO [ Battle Maya ] SetState_Notify_1()
2023-04-08_23:52:51 INFO [ Battle Maya ] Failed. No users at state 2
2023-04-08_23:52:51 INFO [ Battle Maya ] SetState_End()
2023-04-08_23:52:53 INFO [ Battle Maya ] SetState_EndCycle()
2023-04-08_23:52:53 INFO [ Battle Maya ] SetState_None()
2023-04-08_23:52:53 INFO SetState_End()
2023-04-08_23:52:53 INFO SetState_None()
2023-04-08_23:52:53 INFO [ Battle StandBy ] SetState_Start()
2023-04-08_23:52:53 INFO SetState_BattleStandBy()
2023-04-08_23:53:52 INFO [ Battle StandBy ] SetState_Notify()
2023-04-08_23:54:51 INFO [ Battle StandBy ] SetState_End()
2023-04-08_23:54:52 INFO [ Battle StandBy ] SetState_None()
2023-04-08_23:54:52 INFO [ Battle Maya ] SetState_StandBy_1()
2023-04-08_23:54:52 INFO SetState_BattleOfMaya()
2023-04-08_23:56:51 INFO [ Battle Maya ] SetState_Notify_1()
2023-04-08_23:56:51 INFO [ Battle Maya ] Failed. No users at state 2
2023-04-08_23:56:51 INFO [ Battle Maya ] SetState_End()
2023-04-08_23:56:53 INFO [ Battle Maya ] SetState_EndCycle()
2023-04-08_23:56:53 INFO [ Battle Maya ] SetState_None()
2023-04-08_23:56:53 INFO SetState_End()
2023-04-08_23:56:53 INFO SetState_None()
2023-04-08_23:56:53 INFO [ Battle StandBy ] SetState_Start()
2023-04-08_23:56:53 INFO SetState_BattleStandBy()
2023-04-08_23:57:52 INFO [ Battle StandBy ] SetState_Notify()
2023-04-08_23:58:51 INFO [ Battle StandBy ] SetState_End()
2023-04-08_23:58:51 INFO [ Battle StandBy ] SetState_None()
2023-04-08_23:58:51 INFO [ Battle Maya ] SetState_StandBy_1()
2023-04-08_23:58:51 INFO SetState_BattleOfMaya()
