2023-03-30_09:54:32 INFO [ Battle StandBy ] SetState_Start()
2023-03-30_09:54:32 INFO SetState_BattleStandBy()
2023-03-30_09:55:31 INFO [ Battle StandBy ] SetState_Notify()
2023-03-30_09:56:30 INFO [ Battle StandBy ] SetState_End()
2023-03-30_09:56:30 INFO [ Battle StandBy ] SetState_None()
2023-03-30_09:56:30 INFO [ Battle Maya ] SetState_StandBy_1()
2023-03-30_09:56:30 INFO SetState_BattleOfMaya()
2023-03-30_09:58:29 INFO [ Battle Maya ] SetState_Notify_1()
2023-03-30_09:58:29 INFO [ Battle Maya ] Failed. No users at state 2
2023-03-30_09:58:29 INFO [ Battle Maya ] SetState_End()
2023-03-30_09:58:31 INFO [ Battle Maya ] SetState_EndCycle()
2023-03-30_09:58:31 INFO [ Battle Maya ] SetState_None()
2023-03-30_09:58:31 INFO SetState_End()
2023-03-30_09:58:31 INFO SetState_None()
2023-03-30_09:58:31 INFO [ Battle StandBy ] SetState_Start()
2023-03-30_09:58:31 INFO SetState_BattleStandBy()
2023-03-30_09:59:30 INFO [ Battle StandBy ] SetState_Notify()
2023-03-30_10:00:29 INFO [ Battle StandBy ] SetState_End()
2023-03-30_10:00:29 INFO [ Battle StandBy ] SetState_None()
2023-03-30_10:00:29 INFO [ Battle Maya ] SetState_StandBy_1()
2023-03-30_10:00:29 INFO SetState_BattleOfMaya()
2023-03-30_10:02:28 INFO [ Battle Maya ] SetState_Notify_1()
2023-03-30_10:02:28 INFO [ Battle Maya ] Failed. No users at state 2
2023-03-30_10:02:28 INFO [ Battle Maya ] SetState_End()
2023-03-30_10:02:31 INFO [ Battle Maya ] SetState_EndCycle()
2023-03-30_10:02:31 INFO [ Battle Maya ] SetState_None()
2023-03-30_10:02:31 INFO SetState_End()
2023-03-30_10:02:31 INFO SetState_None()
2023-03-30_10:02:31 INFO [ Battle StandBy ] SetState_Start()
2023-03-30_10:02:31 INFO SetState_BattleStandBy()
2023-03-30_10:03:30 INFO [ Battle StandBy ] SetState_Notify()
2023-03-30_10:04:29 INFO [ Battle StandBy ] SetState_End()
2023-03-30_10:04:29 INFO [ Battle StandBy ] SetState_None()
2023-03-30_10:04:29 INFO [ Battle Maya ] SetState_StandBy_1()
2023-03-30_10:04:29 INFO SetState_BattleOfMaya()
2023-03-30_10:06:28 INFO [ Battle Maya ] SetState_Notify_1()
2023-03-30_10:06:28 INFO [ Battle Maya ] Failed. No users at state 2
2023-03-30_10:06:28 INFO [ Battle Maya ] SetState_End()
2023-03-30_10:06:30 INFO [ Battle Maya ] SetState_EndCycle()
2023-03-30_10:06:30 INFO [ Battle Maya ] SetState_None()
2023-03-30_10:06:30 INFO SetState_End()
2023-03-30_10:06:30 INFO SetState_None()
2023-03-30_10:06:30 INFO [ Battle StandBy ] SetState_Start()
2023-03-30_10:06:30 INFO SetState_BattleStandBy()
2023-03-30_10:07:29 INFO [ Battle StandBy ] SetState_Notify()
2023-03-30_10:08:28 INFO [ Battle StandBy ] SetState_End()
2023-03-30_10:08:28 INFO [ Battle StandBy ] SetState_None()
2023-03-30_10:08:28 INFO [ Battle Maya ] SetState_StandBy_1()
2023-03-30_10:08:28 INFO SetState_BattleOfMaya()
2023-03-30_10:10:27 INFO [ Battle Maya ] SetState_Notify_1()
2023-03-30_10:10:27 INFO [ Battle Maya ] Failed. No users at state 2
2023-03-30_10:10:27 INFO [ Battle Maya ] SetState_End()
2023-03-30_10:10:29 INFO [ Battle Maya ] SetState_EndCycle()
2023-03-30_10:10:29 INFO [ Battle Maya ] SetState_None()
2023-03-30_10:10:29 INFO SetState_End()
2023-03-30_10:10:29 INFO SetState_None()
2023-03-30_10:10:29 INFO [ Battle StandBy ] SetState_Start()
2023-03-30_10:10:29 INFO SetState_BattleStandBy()
2023-03-30_10:11:28 INFO [ Battle StandBy ] SetState_Notify()
2023-03-30_10:12:27 INFO [ Battle StandBy ] SetState_End()
2023-03-30_10:12:27 INFO [ Battle StandBy ] SetState_None()
2023-03-30_10:12:27 INFO [ Battle Maya ] SetState_StandBy_1()
2023-03-30_10:12:27 INFO SetState_BattleOfMaya()
2023-03-30_10:14:26 INFO [ Battle Maya ] SetState_Notify_1()
2023-03-30_10:14:26 INFO [ Battle Maya ] Failed. No users at state 2
2023-03-30_10:14:26 INFO [ Battle Maya ] SetState_End()
2023-03-30_10:14:28 INFO [ Battle Maya ] SetState_EndCycle()
2023-03-30_10:14:29 INFO [ Battle Maya ] SetState_None()
2023-03-30_10:14:29 INFO SetState_End()
2023-03-30_10:14:29 INFO SetState_None()
2023-03-30_10:14:29 INFO [ Battle StandBy ] SetState_Start()
2023-03-30_10:14:29 INFO SetState_BattleStandBy()
2023-03-30_10:15:28 INFO [ Battle StandBy ] SetState_Notify()
2023-03-30_10:16:27 INFO [ Battle StandBy ] SetState_End()
2023-03-30_10:16:27 INFO [ Battle StandBy ] SetState_None()
2023-03-30_10:16:27 INFO [ Battle Maya ] SetState_StandBy_1()
2023-03-30_10:16:27 INFO SetState_BattleOfMaya()
2023-03-30_10:18:26 INFO [ Battle Maya ] SetState_Notify_1()
2023-03-30_10:18:26 INFO [ Battle Maya ] Failed. No users at state 2
2023-03-30_10:18:26 INFO [ Battle Maya ] SetState_End()
2023-03-30_10:18:28 INFO [ Battle Maya ] SetState_EndCycle()
2023-03-30_10:18:28 INFO [ Battle Maya ] SetState_None()
2023-03-30_10:18:28 INFO SetState_End()
2023-03-30_10:18:28 INFO SetState_None()
2023-03-30_10:18:28 INFO [ Battle StandBy ] SetState_Start()
2023-03-30_10:18:28 INFO SetState_BattleStandBy()
2023-03-30_10:19:27 INFO [ Battle StandBy ] SetState_Notify()
2023-03-30_10:20:26 INFO [ Battle StandBy ] SetState_End()
2023-03-30_10:20:26 INFO [ Battle StandBy ] SetState_None()
2023-03-30_10:20:26 INFO [ Battle Maya ] SetState_StandBy_1()
2023-03-30_10:20:26 INFO SetState_BattleOfMaya()
2023-03-30_10:22:25 INFO [ Battle Maya ] SetState_Notify_1()
2023-03-30_10:22:25 INFO [ Battle Maya ] Failed. No users at state 2
2023-03-30_10:22:25 INFO [ Battle Maya ] SetState_End()
2023-03-30_10:22:27 INFO [ Battle Maya ] SetState_EndCycle()
2023-03-30_10:22:27 INFO [ Battle Maya ] SetState_None()
2023-03-30_10:22:28 INFO SetState_End()
2023-03-30_10:22:28 INFO SetState_None()
2023-03-30_10:22:28 INFO [ Battle StandBy ] SetState_Start()
2023-03-30_10:22:28 INFO SetState_BattleStandBy()
2023-03-30_10:23:27 INFO [ Battle StandBy ] SetState_Notify()
2023-03-30_10:24:26 INFO [ Battle StandBy ] SetState_End()
2023-03-30_10:24:26 INFO [ Battle StandBy ] SetState_None()
2023-03-30_10:24:26 INFO [ Battle Maya ] SetState_StandBy_1()
2023-03-30_10:24:26 INFO SetState_BattleOfMaya()
2023-03-30_10:26:25 INFO [ Battle Maya ] SetState_Notify_1()
2023-03-30_10:26:25 INFO [ Battle Maya ] Failed. No users at state 2
2023-03-30_10:26:25 INFO [ Battle Maya ] SetState_End()
2023-03-30_10:26:27 INFO [ Battle Maya ] SetState_EndCycle()
2023-03-30_10:26:27 INFO [ Battle Maya ] SetState_None()
2023-03-30_10:26:27 INFO SetState_End()
2023-03-30_10:26:27 INFO SetState_None()
2023-03-30_10:26:27 INFO [ Battle StandBy ] SetState_Start()
2023-03-30_10:26:27 INFO SetState_BattleStandBy()
2023-03-30_10:27:26 INFO [ Battle StandBy ] SetState_Notify()
2023-03-30_10:28:25 INFO [ Battle StandBy ] SetState_End()
2023-03-30_10:28:25 INFO [ Battle StandBy ] SetState_None()
2023-03-30_10:28:26 INFO [ Battle Maya ] SetState_StandBy_1()
2023-03-30_10:28:26 INFO SetState_BattleOfMaya()
2023-03-30_10:30:25 INFO [ Battle Maya ] SetState_Notify_1()
2023-03-30_10:30:25 INFO [ Battle Maya ] Failed. No users at state 2
2023-03-30_10:30:25 INFO [ Battle Maya ] SetState_End()
2023-03-30_10:30:27 INFO [ Battle Maya ] SetState_EndCycle()
2023-03-30_10:30:27 INFO [ Battle Maya ] SetState_None()
2023-03-30_10:30:27 INFO SetState_End()
2023-03-30_10:30:27 INFO SetState_None()
2023-03-30_10:30:27 INFO [ Battle StandBy ] SetState_Start()
2023-03-30_10:30:27 INFO SetState_BattleStandBy()
2023-03-30_10:31:26 INFO [ Battle StandBy ] SetState_Notify()
2023-03-30_10:32:25 INFO [ Battle StandBy ] SetState_End()
2023-03-30_10:32:25 INFO [ Battle StandBy ] SetState_None()
2023-03-30_10:32:25 INFO [ Battle Maya ] SetState_StandBy_1()
2023-03-30_10:32:26 INFO SetState_BattleOfMaya()
2023-03-30_10:34:24 INFO [ Battle Maya ] SetState_Notify_1()
2023-03-30_10:34:24 INFO [ Battle Maya ] Failed. No users at state 2
2023-03-30_10:34:24 INFO [ Battle Maya ] SetState_End()
2023-03-30_10:34:27 INFO [ Battle Maya ] SetState_EndCycle()
2023-03-30_10:34:27 INFO [ Battle Maya ] SetState_None()
2023-03-30_10:34:27 INFO SetState_End()
2023-03-30_10:34:27 INFO SetState_None()
2023-03-30_10:34:27 INFO [ Battle StandBy ] SetState_Start()
2023-03-30_10:34:27 INFO SetState_BattleStandBy()
2023-03-30_10:35:26 INFO [ Battle StandBy ] SetState_Notify()
2023-03-30_10:36:25 INFO [ Battle StandBy ] SetState_End()
2023-03-30_10:36:25 INFO [ Battle StandBy ] SetState_None()
2023-03-30_10:36:25 INFO [ Battle Maya ] SetState_StandBy_1()
2023-03-30_10:36:25 INFO SetState_BattleOfMaya()
2023-03-30_10:38:24 INFO [ Battle Maya ] SetState_Notify_1()
2023-03-30_10:38:24 INFO [ Battle Maya ] Failed. No users at state 2
2023-03-30_10:38:24 INFO [ Battle Maya ] SetState_End()
2023-03-30_10:38:26 INFO [ Battle Maya ] SetState_EndCycle()
2023-03-30_10:38:26 INFO [ Battle Maya ] SetState_None()
2023-03-30_10:38:26 INFO SetState_End()
2023-03-30_10:38:26 INFO SetState_None()
2023-03-30_10:38:26 INFO [ Battle StandBy ] SetState_Start()
2023-03-30_10:38:26 INFO SetState_BattleStandBy()
2023-03-30_10:39:25 INFO [ Battle StandBy ] SetState_Notify()
2023-03-30_10:40:24 INFO [ Battle StandBy ] SetState_End()
2023-03-30_10:40:24 INFO [ Battle StandBy ] SetState_None()
2023-03-30_10:40:24 INFO [ Battle Maya ] SetState_StandBy_1()
2023-03-30_10:40:24 INFO SetState_BattleOfMaya()
2023-03-30_10:42:23 INFO [ Battle Maya ] SetState_Notify_1()
2023-03-30_10:42:23 INFO [ Battle Maya ] Failed. No users at state 2
2023-03-30_10:42:23 INFO [ Battle Maya ] SetState_End()
2023-03-30_10:42:25 INFO [ Battle Maya ] SetState_EndCycle()
2023-03-30_10:42:25 INFO [ Battle Maya ] SetState_None()
2023-03-30_10:42:25 INFO SetState_End()
2023-03-30_10:42:25 INFO SetState_None()
2023-03-30_10:42:25 INFO [ Battle StandBy ] SetState_Start()
2023-03-30_10:42:25 INFO SetState_BattleStandBy()
2023-03-30_10:43:24 INFO [ Battle StandBy ] SetState_Notify()
2023-03-30_10:44:24 INFO [ Battle StandBy ] SetState_End()
2023-03-30_10:44:24 INFO [ Battle StandBy ] SetState_None()
2023-03-30_10:44:24 INFO [ Battle Maya ] SetState_StandBy_1()
2023-03-30_10:44:24 INFO SetState_BattleOfMaya()
2023-03-30_10:46:23 INFO [ Battle Maya ] SetState_Notify_1()
2023-03-30_10:46:23 INFO [ Battle Maya ] Failed. No users at state 2
2023-03-30_10:46:23 INFO [ Battle Maya ] SetState_End()
2023-03-30_10:46:25 INFO [ Battle Maya ] SetState_EndCycle()
2023-03-30_10:46:25 INFO [ Battle Maya ] SetState_None()
2023-03-30_10:46:25 INFO SetState_End()
2023-03-30_10:46:25 INFO SetState_None()
2023-03-30_10:46:25 INFO [ Battle StandBy ] SetState_Start()
2023-03-30_10:46:25 INFO SetState_BattleStandBy()
2023-03-30_10:47:24 INFO [ Battle StandBy ] SetState_Notify()
2023-03-30_10:48:23 INFO [ Battle StandBy ] SetState_End()
2023-03-30_10:48:23 INFO [ Battle StandBy ] SetState_None()
2023-03-30_10:48:23 INFO [ Battle Maya ] SetState_StandBy_1()
2023-03-30_10:48:23 INFO SetState_BattleOfMaya()
2023-03-30_10:50:22 INFO [ Battle Maya ] SetState_Notify_1()
2023-03-30_10:50:22 INFO [ Battle Maya ] Failed. No users at state 2
2023-03-30_10:50:22 INFO [ Battle Maya ] SetState_End()
2023-03-30_10:50:24 INFO [ Battle Maya ] SetState_EndCycle()
2023-03-30_10:50:24 INFO [ Battle Maya ] SetState_None()
2023-03-30_10:50:24 INFO SetState_End()
2023-03-30_10:50:24 INFO SetState_None()
2023-03-30_10:50:24 INFO [ Battle StandBy ] SetState_Start()
2023-03-30_10:50:24 INFO SetState_BattleStandBy()
2023-03-30_10:51:23 INFO [ Battle StandBy ] SetState_Notify()
2023-03-30_10:52:22 INFO [ Battle StandBy ] SetState_End()
2023-03-30_10:52:22 INFO [ Battle StandBy ] SetState_None()
2023-03-30_10:52:23 INFO [ Battle Maya ] SetState_StandBy_1()
2023-03-30_10:52:23 INFO SetState_BattleOfMaya()
2023-03-30_10:54:22 INFO [ Battle Maya ] SetState_Notify_1()
2023-03-30_10:54:22 INFO [ Battle Maya ] Failed. No users at state 2
2023-03-30_10:54:22 INFO [ Battle Maya ] SetState_End()
2023-03-30_10:54:24 INFO [ Battle Maya ] SetState_EndCycle()
2023-03-30_10:54:24 INFO [ Battle Maya ] SetState_None()
2023-03-30_10:54:24 INFO SetState_End()
2023-03-30_10:54:24 INFO SetState_None()
2023-03-30_10:54:24 INFO [ Battle StandBy ] SetState_Start()
2023-03-30_10:54:24 INFO SetState_BattleStandBy()
2023-03-30_10:55:23 INFO [ Battle StandBy ] SetState_Notify()
2023-03-30_10:56:22 INFO [ Battle StandBy ] SetState_End()
2023-03-30_10:56:22 INFO [ Battle StandBy ] SetState_None()
2023-03-30_10:56:22 INFO [ Battle Maya ] SetState_StandBy_1()
2023-03-30_10:56:22 INFO SetState_BattleOfMaya()
2023-03-30_10:58:21 INFO [ Battle Maya ] SetState_Notify_1()
2023-03-30_10:58:21 INFO [ Battle Maya ] Failed. No users at state 2
2023-03-30_10:58:21 INFO [ Battle Maya ] SetState_End()
2023-03-30_10:58:23 INFO [ Battle Maya ] SetState_EndCycle()
2023-03-30_10:58:23 INFO [ Battle Maya ] SetState_None()
2023-03-30_10:58:23 INFO SetState_End()
2023-03-30_10:58:23 INFO SetState_None()
2023-03-30_10:58:23 INFO [ Battle StandBy ] SetState_Start()
2023-03-30_10:58:23 INFO SetState_BattleStandBy()
2023-03-30_10:59:22 INFO [ Battle StandBy ] SetState_Notify()
2023-03-30_11:00:22 INFO [ Battle StandBy ] SetState_End()
2023-03-30_11:00:22 INFO [ Battle StandBy ] SetState_None()
2023-03-30_11:00:22 INFO [ Battle Maya ] SetState_StandBy_1()
2023-03-30_11:00:22 INFO SetState_BattleOfMaya()
2023-03-30_11:02:21 INFO [ Battle Maya ] SetState_Notify_1()
2023-03-30_11:02:21 INFO [ Battle Maya ] Failed. No users at state 2
2023-03-30_11:02:21 INFO [ Battle Maya ] SetState_End()
2023-03-30_11:02:23 INFO [ Battle Maya ] SetState_EndCycle()
2023-03-30_11:02:23 INFO [ Battle Maya ] SetState_None()
2023-03-30_11:02:23 INFO SetState_End()
2023-03-30_11:02:23 INFO SetState_None()
2023-03-30_11:02:23 INFO [ Battle StandBy ] SetState_Start()
2023-03-30_11:02:23 INFO SetState_BattleStandBy()
2023-03-30_11:03:22 INFO [ Battle StandBy ] SetState_Notify()
2023-03-30_11:04:21 INFO [ Battle StandBy ] SetState_End()
2023-03-30_11:04:21 INFO [ Battle StandBy ] SetState_None()
2023-03-30_11:04:21 INFO [ Battle Maya ] SetState_StandBy_1()
2023-03-30_11:04:21 INFO SetState_BattleOfMaya()
2023-03-30_11:06:20 INFO [ Battle Maya ] SetState_Notify_1()
2023-03-30_11:06:20 INFO [ Battle Maya ] Failed. No users at state 2
2023-03-30_11:06:20 INFO [ Battle Maya ] SetState_End()
2023-03-30_11:06:22 INFO [ Battle Maya ] SetState_EndCycle()
2023-03-30_11:06:22 INFO [ Battle Maya ] SetState_None()
2023-03-30_11:06:22 INFO SetState_End()
2023-03-30_11:06:22 INFO SetState_None()
2023-03-30_11:06:22 INFO [ Battle StandBy ] SetState_Start()
2023-03-30_11:06:22 INFO SetState_BattleStandBy()
2023-03-30_11:07:21 INFO [ Battle StandBy ] SetState_Notify()
2023-03-30_11:08:20 INFO [ Battle StandBy ] SetState_End()
2023-03-30_11:08:20 INFO [ Battle StandBy ] SetState_None()
2023-03-30_11:08:21 INFO [ Battle Maya ] SetState_StandBy_1()
2023-03-30_11:08:21 INFO SetState_BattleOfMaya()
2023-03-30_11:10:20 INFO [ Battle Maya ] SetState_Notify_1()
2023-03-30_11:10:20 INFO [ Battle Maya ] Failed. No users at state 2
2023-03-30_11:10:20 INFO [ Battle Maya ] SetState_End()
2023-03-30_11:10:22 INFO [ Battle Maya ] SetState_EndCycle()
2023-03-30_11:10:22 INFO [ Battle Maya ] SetState_None()
2023-03-30_11:10:22 INFO SetState_End()
2023-03-30_11:10:22 INFO SetState_None()
2023-03-30_11:10:22 INFO [ Battle StandBy ] SetState_Start()
2023-03-30_11:10:22 INFO SetState_BattleStandBy()
2023-03-30_11:11:21 INFO [ Battle StandBy ] SetState_Notify()
2023-03-30_11:12:20 INFO [ Battle StandBy ] SetState_End()
2023-03-30_11:12:20 INFO [ Battle StandBy ] SetState_None()
2023-03-30_11:12:20 INFO [ Battle Maya ] SetState_StandBy_1()
2023-03-30_11:12:20 INFO SetState_BattleOfMaya()
2023-03-30_11:14:19 INFO [ Battle Maya ] SetState_Notify_1()
2023-03-30_11:14:19 INFO [ Battle Maya ] Failed. No users at state 2
2023-03-30_11:14:19 INFO [ Battle Maya ] SetState_End()
2023-03-30_11:14:21 INFO [ Battle Maya ] SetState_EndCycle()
2023-03-30_11:14:21 INFO [ Battle Maya ] SetState_None()
2023-03-30_11:14:21 INFO SetState_End()
2023-03-30_11:14:21 INFO SetState_None()
2023-03-30_11:14:21 INFO [ Battle StandBy ] SetState_Start()
2023-03-30_11:14:21 INFO SetState_BattleStandBy()
2023-03-30_11:15:20 INFO [ Battle StandBy ] SetState_Notify()
2023-03-30_11:16:19 INFO [ Battle StandBy ] SetState_End()
2023-03-30_11:16:19 INFO [ Battle StandBy ] SetState_None()
2023-03-30_11:16:19 INFO [ Battle Maya ] SetState_StandBy_1()
2023-03-30_11:16:19 INFO SetState_BattleOfMaya()
2023-03-30_11:18:18 INFO [ Battle Maya ] SetState_Notify_1()
2023-03-30_11:18:18 INFO [ Battle Maya ] Failed. No users at state 2
2023-03-30_11:18:18 INFO [ Battle Maya ] SetState_End()
2023-03-30_11:18:20 INFO [ Battle Maya ] SetState_EndCycle()
2023-03-30_11:18:20 INFO [ Battle Maya ] SetState_None()
2023-03-30_11:18:20 INFO SetState_End()
2023-03-30_11:18:20 INFO SetState_None()
2023-03-30_11:18:20 INFO [ Battle StandBy ] SetState_Start()
2023-03-30_11:18:21 INFO SetState_BattleStandBy()
2023-03-30_11:19:20 INFO [ Battle StandBy ] SetState_Notify()
2023-03-30_11:20:19 INFO [ Battle StandBy ] SetState_End()
2023-03-30_11:20:19 INFO [ Battle StandBy ] SetState_None()
2023-03-30_11:20:19 INFO [ Battle Maya ] SetState_StandBy_1()
2023-03-30_11:20:19 INFO SetState_BattleOfMaya()
2023-03-30_11:22:18 INFO [ Battle Maya ] SetState_Notify_1()
2023-03-30_11:22:18 INFO [ Battle Maya ] Failed. No users at state 2
2023-03-30_11:22:18 INFO [ Battle Maya ] SetState_End()
2023-03-30_11:22:20 INFO [ Battle Maya ] SetState_EndCycle()
2023-03-30_11:22:20 INFO [ Battle Maya ] SetState_None()
2023-03-30_11:22:20 INFO SetState_End()
2023-03-30_11:22:20 INFO SetState_None()
2023-03-30_11:22:20 INFO [ Battle StandBy ] SetState_Start()
2023-03-30_11:22:20 INFO SetState_BattleStandBy()
2023-03-30_11:23:19 INFO [ Battle StandBy ] SetState_Notify()
2023-03-30_11:24:18 INFO [ Battle StandBy ] SetState_End()
2023-03-30_11:24:18 INFO [ Battle StandBy ] SetState_None()
2023-03-30_11:24:18 INFO [ Battle Maya ] SetState_StandBy_1()
2023-03-30_11:24:18 INFO SetState_BattleOfMaya()
2023-03-30_11:26:17 INFO [ Battle Maya ] SetState_Notify_1()
2023-03-30_11:26:17 INFO [ Battle Maya ] Failed. No users at state 2
2023-03-30_11:26:17 INFO [ Battle Maya ] SetState_End()
2023-03-30_11:26:19 INFO [ Battle Maya ] SetState_EndCycle()
2023-03-30_11:26:19 INFO [ Battle Maya ] SetState_None()
2023-03-30_11:26:19 INFO SetState_End()
2023-03-30_11:26:19 INFO SetState_None()
2023-03-30_11:26:20 INFO [ Battle StandBy ] SetState_Start()
2023-03-30_11:26:20 INFO SetState_BattleStandBy()
2023-03-30_11:27:19 INFO [ Battle StandBy ] SetState_Notify()
2023-03-30_11:28:18 INFO [ Battle StandBy ] SetState_End()
2023-03-30_11:28:18 INFO [ Battle StandBy ] SetState_None()
2023-03-30_11:28:18 INFO [ Battle Maya ] SetState_StandBy_1()
2023-03-30_11:28:18 INFO SetState_BattleOfMaya()
2023-03-30_11:30:17 INFO [ Battle Maya ] SetState_Notify_1()
2023-03-30_11:30:17 INFO [ Battle Maya ] Failed. No users at state 2
2023-03-30_11:30:17 INFO [ Battle Maya ] SetState_End()
2023-03-30_11:30:19 INFO [ Battle Maya ] SetState_EndCycle()
2023-03-30_11:30:19 INFO [ Battle Maya ] SetState_None()
2023-03-30_11:30:19 INFO SetState_End()
2023-03-30_11:30:19 INFO SetState_None()
2023-03-30_11:30:19 INFO [ Battle StandBy ] SetState_Start()
2023-03-30_11:30:19 INFO SetState_BattleStandBy()
2023-03-30_11:31:18 INFO [ Battle StandBy ] SetState_Notify()
2023-03-30_11:32:17 INFO [ Battle StandBy ] SetState_End()
2023-03-30_11:32:17 INFO [ Battle StandBy ] SetState_None()
2023-03-30_11:32:17 INFO [ Battle Maya ] SetState_StandBy_1()
2023-03-30_11:32:17 INFO SetState_BattleOfMaya()
2023-03-30_11:34:16 INFO [ Battle Maya ] SetState_Notify_1()
2023-03-30_11:34:16 INFO [ Battle Maya ] Failed. No users at state 2
2023-03-30_11:34:16 INFO [ Battle Maya ] SetState_End()
2023-03-30_11:34:18 INFO [ Battle Maya ] SetState_EndCycle()
2023-03-30_11:34:18 INFO [ Battle Maya ] SetState_None()
2023-03-30_11:34:18 INFO SetState_End()
2023-03-30_11:34:18 INFO SetState_None()
2023-03-30_11:34:18 INFO [ Battle StandBy ] SetState_Start()
2023-03-30_11:34:18 INFO SetState_BattleStandBy()
2023-03-30_11:35:17 INFO [ Battle StandBy ] SetState_Notify()
2023-03-30_11:36:16 INFO [ Battle StandBy ] SetState_End()
2023-03-30_11:36:17 INFO [ Battle StandBy ] SetState_None()
2023-03-30_11:36:17 INFO [ Battle Maya ] SetState_StandBy_1()
2023-03-30_11:36:17 INFO SetState_BattleOfMaya()
2023-03-30_11:38:16 INFO [ Battle Maya ] SetState_Notify_1()
2023-03-30_11:38:16 INFO [ Battle Maya ] Failed. No users at state 2
2023-03-30_11:38:16 INFO [ Battle Maya ] SetState_End()
2023-03-30_11:38:18 INFO [ Battle Maya ] SetState_EndCycle()
2023-03-30_11:38:18 INFO [ Battle Maya ] SetState_None()
2023-03-30_11:38:18 INFO SetState_End()
2023-03-30_11:38:18 INFO SetState_None()
2023-03-30_11:38:18 INFO [ Battle StandBy ] SetState_Start()
2023-03-30_11:38:18 INFO SetState_BattleStandBy()
