2023-03-26_13:02:59 INFO [ Battle StandBy ] SetState_Start()
2023-03-26_13:02:59 INFO SetState_BattleStandBy()
2023-03-26_13:03:58 INFO [ Battle StandBy ] SetState_Notify()
2023-03-26_13:04:57 INFO [ Battle StandBy ] SetState_End()
2023-03-26_13:04:57 INFO [ Battle StandBy ] SetState_None()
2023-03-26_13:04:57 INFO [ Battle Maya ] SetState_StandBy_1()
2023-03-26_13:04:57 INFO SetState_BattleOfMaya()
2023-03-26_13:06:56 INFO [ Battle Maya ] SetState_Notify_1()
2023-03-26_13:06:56 INFO [ Battle Maya ] Failed. No users at state 2
2023-03-26_13:06:56 INFO [ Battle Maya ] SetState_End()
2023-03-26_13:06:58 INFO [ Battle Maya ] SetState_EndCycle()
2023-03-26_13:06:58 INFO [ Battle Maya ] SetState_None()
2023-03-26_13:06:58 INFO SetState_End()
2023-03-26_13:06:58 INFO SetState_None()
2023-03-26_13:06:58 INFO [ Battle StandBy ] SetState_Start()
2023-03-26_13:06:58 INFO SetState_BattleStandBy()
2023-03-26_13:07:57 INFO [ Battle StandBy ] SetState_Notify()
2023-03-26_13:08:56 INFO [ Battle StandBy ] SetState_End()
2023-03-26_13:08:57 INFO [ Battle StandBy ] SetState_None()
2023-03-26_13:08:57 INFO [ Battle Maya ] SetState_StandBy_1()
2023-03-26_13:08:57 INFO SetState_BattleOfMaya()
2023-03-26_13:10:56 INFO [ Battle Maya ] SetState_Notify_1()
2023-03-26_13:10:56 INFO [ Battle Maya ] Failed. No users at state 2
2023-03-26_13:10:56 INFO [ Battle Maya ] SetState_End()
2023-03-26_13:10:58 INFO [ Battle Maya ] SetState_EndCycle()
2023-03-26_13:10:58 INFO [ Battle Maya ] SetState_None()
2023-03-26_13:10:58 INFO SetState_End()
2023-03-26_13:10:58 INFO SetState_None()
2023-03-26_13:10:58 INFO [ Battle StandBy ] SetState_Start()
2023-03-26_13:10:58 INFO SetState_BattleStandBy()
2023-03-26_13:11:57 INFO [ Battle StandBy ] SetState_Notify()
2023-03-26_13:12:56 INFO [ Battle StandBy ] SetState_End()
2023-03-26_13:12:56 INFO [ Battle StandBy ] SetState_None()
2023-03-26_13:12:56 INFO [ Battle Maya ] SetState_StandBy_1()
2023-03-26_13:12:56 INFO SetState_BattleOfMaya()
