2023-04-04_19:28:18 INFO [ Battle StandBy ] SetState_Start()
2023-04-04_19:28:18 INFO SetState_BattleStandBy()
2023-04-04_19:29:17 INFO [ Battle StandBy ] SetState_Notify()
2023-04-04_19:30:16 INFO [ Battle StandBy ] SetState_End()
2023-04-04_19:30:16 INFO [ Battle StandBy ] SetState_None()
2023-04-04_19:30:16 INFO [ Battle Maya ] SetState_StandBy_1()
2023-04-04_19:30:16 INFO SetState_BattleOfMaya()
2023-04-04_19:32:15 INFO [ Battle Maya ] SetState_Notify_1()
2023-04-04_19:32:15 INFO [ Battle Maya ] Failed. No users at state 2
2023-04-04_19:32:15 INFO [ Battle Maya ] SetState_End()
2023-04-04_19:32:17 INFO [ Battle Maya ] SetState_EndCycle()
2023-04-04_19:32:17 INFO [ Battle Maya ] SetState_None()
2023-04-04_19:32:17 INFO SetState_End()
2023-04-04_19:32:17 INFO SetState_None()
2023-04-04_19:32:17 INFO [ Battle StandBy ] SetState_Start()
2023-04-04_19:32:17 INFO SetState_BattleStandBy()
2023-04-04_19:33:16 INFO [ Battle StandBy ] SetState_Notify()
2023-04-04_19:34:15 INFO [ Battle StandBy ] SetState_End()
2023-04-04_19:34:15 INFO [ Battle StandBy ] SetState_None()
2023-04-04_19:34:15 INFO [ Battle Maya ] SetState_StandBy_1()
2023-04-04_19:34:15 INFO SetState_BattleOfMaya()
2023-04-04_19:36:14 INFO [ Battle Maya ] SetState_Notify_1()
2023-04-04_19:36:14 INFO [ Battle Maya ] Failed. No users at state 2
2023-04-04_19:36:15 INFO [ Battle Maya ] SetState_End()
2023-04-04_19:36:17 INFO [ Battle Maya ] SetState_EndCycle()
2023-04-04_19:36:17 INFO [ Battle Maya ] SetState_None()
2023-04-04_19:36:17 INFO SetState_End()
2023-04-04_19:36:17 INFO SetState_None()
2023-04-04_19:36:17 INFO [ Battle StandBy ] SetState_Start()
2023-04-04_19:36:17 INFO SetState_BattleStandBy()
2023-04-04_19:37:16 INFO [ Battle StandBy ] SetState_Notify()
2023-04-04_19:38:15 INFO [ Battle StandBy ] SetState_End()
2023-04-04_19:38:15 INFO [ Battle StandBy ] SetState_None()
2023-04-04_19:38:15 INFO [ Battle Maya ] SetState_StandBy_1()
2023-04-04_19:38:15 INFO SetState_BattleOfMaya()
2023-04-04_19:40:14 INFO [ Battle Maya ] SetState_Notify_1()
2023-04-04_19:40:14 INFO [ Battle Maya ] Failed. No users at state 2
2023-04-04_19:40:14 INFO [ Battle Maya ] SetState_End()
2023-04-04_19:40:16 INFO [ Battle Maya ] SetState_EndCycle()
2023-04-04_19:40:16 INFO [ Battle Maya ] SetState_None()
2023-04-04_19:40:16 INFO SetState_End()
2023-04-04_19:40:16 INFO SetState_None()
2023-04-04_19:40:16 INFO [ Battle StandBy ] SetState_Start()
2023-04-04_19:40:16 INFO SetState_BattleStandBy()
2023-04-04_19:41:15 INFO [ Battle StandBy ] SetState_Notify()
2023-04-04_19:42:14 INFO [ Battle StandBy ] SetState_End()
2023-04-04_19:42:14 INFO [ Battle StandBy ] SetState_None()
2023-04-04_19:42:14 INFO [ Battle Maya ] SetState_StandBy_1()
2023-04-04_19:42:14 INFO SetState_BattleOfMaya()
2023-04-04_19:44:13 INFO [ Battle Maya ] SetState_Notify_1()
2023-04-04_19:44:13 INFO [ Battle Maya ] Failed. No users at state 2
2023-04-04_19:44:13 INFO [ Battle Maya ] SetState_End()
2023-04-04_19:44:15 INFO [ Battle Maya ] SetState_EndCycle()
2023-04-04_19:44:15 INFO [ Battle Maya ] SetState_None()
2023-04-04_19:44:15 INFO SetState_End()
2023-04-04_19:44:15 INFO SetState_None()
2023-04-04_19:44:15 INFO [ Battle StandBy ] SetState_Start()
2023-04-04_19:44:15 INFO SetState_BattleStandBy()
2023-04-04_19:45:14 INFO [ Battle StandBy ] SetState_Notify()
2023-04-04_19:46:13 INFO [ Battle StandBy ] SetState_End()
2023-04-04_19:46:14 INFO [ Battle StandBy ] SetState_None()
2023-04-04_19:46:14 INFO [ Battle Maya ] SetState_StandBy_1()
2023-04-04_19:46:14 INFO SetState_BattleOfMaya()
2023-04-04_19:48:13 INFO [ Battle Maya ] SetState_Notify_1()
2023-04-04_19:48:13 INFO [ Battle Maya ] Failed. No users at state 2
2023-04-04_19:48:13 INFO [ Battle Maya ] SetState_End()
2023-04-04_19:48:15 INFO [ Battle Maya ] SetState_EndCycle()
2023-04-04_19:48:15 INFO [ Battle Maya ] SetState_None()
2023-04-04_19:48:15 INFO SetState_End()
2023-04-04_19:48:15 INFO SetState_None()
2023-04-04_19:48:15 INFO [ Battle StandBy ] SetState_Start()
2023-04-04_19:48:15 INFO SetState_BattleStandBy()
2023-04-04_19:49:14 INFO [ Battle StandBy ] SetState_Notify()
2023-04-04_19:50:13 INFO [ Battle StandBy ] SetState_End()
2023-04-04_19:50:13 INFO [ Battle StandBy ] SetState_None()
2023-04-04_19:50:13 INFO [ Battle Maya ] SetState_StandBy_1()
2023-04-04_19:50:13 INFO SetState_BattleOfMaya()
2023-04-04_19:52:12 INFO [ Battle Maya ] SetState_Notify_1()
2023-04-04_19:52:12 INFO [ Battle Maya ] Failed. No users at state 2
2023-04-04_19:52:12 INFO [ Battle Maya ] SetState_End()
2023-04-04_19:52:14 INFO [ Battle Maya ] SetState_EndCycle()
2023-04-04_19:52:14 INFO [ Battle Maya ] SetState_None()
2023-04-04_19:52:14 INFO SetState_End()
2023-04-04_19:52:14 INFO SetState_None()
2023-04-04_19:52:14 INFO [ Battle StandBy ] SetState_Start()
2023-04-04_19:52:14 INFO SetState_BattleStandBy()
2023-04-04_19:53:13 INFO [ Battle StandBy ] SetState_Notify()
2023-04-04_19:54:12 INFO [ Battle StandBy ] SetState_End()
2023-04-04_19:54:12 INFO [ Battle StandBy ] SetState_None()
2023-04-04_19:54:12 INFO [ Battle Maya ] SetState_StandBy_1()
2023-04-04_19:54:12 INFO SetState_BattleOfMaya()
2023-04-04_19:56:11 INFO [ Battle Maya ] SetState_Notify_1()
2023-04-04_19:56:11 INFO [ Battle Maya ] Failed. No users at state 2
2023-04-04_19:56:11 INFO [ Battle Maya ] SetState_End()
2023-04-04_19:56:13 INFO [ Battle Maya ] SetState_EndCycle()
2023-04-04_19:56:13 INFO [ Battle Maya ] SetState_None()
2023-04-04_19:56:13 INFO SetState_End()
2023-04-04_19:56:13 INFO SetState_None()
2023-04-04_19:56:13 INFO [ Battle StandBy ] SetState_Start()
2023-04-04_19:56:13 INFO SetState_BattleStandBy()
2023-04-04_19:57:12 INFO [ Battle StandBy ] SetState_Notify()
2023-04-04_19:58:12 INFO [ Battle StandBy ] SetState_End()
2023-04-04_19:58:12 INFO [ Battle StandBy ] SetState_None()
2023-04-04_19:58:12 INFO [ Battle Maya ] SetState_StandBy_1()
2023-04-04_19:58:12 INFO SetState_BattleOfMaya()
2023-04-04_20:00:11 INFO [ Battle Maya ] SetState_Notify_1()
2023-04-04_20:00:11 INFO [ Battle Maya ] Failed. No users at state 2
2023-04-04_20:00:11 INFO [ Battle Maya ] SetState_End()
2023-04-04_20:00:13 INFO [ Battle Maya ] SetState_EndCycle()
2023-04-04_20:00:13 INFO [ Battle Maya ] SetState_None()
2023-04-04_20:00:13 INFO SetState_End()
2023-04-04_20:00:13 INFO SetState_None()
2023-04-04_20:00:13 INFO [ Battle StandBy ] SetState_Start()
2023-04-04_20:00:13 INFO SetState_BattleStandBy()
2023-04-04_20:01:12 INFO [ Battle StandBy ] SetState_Notify()
2023-04-04_20:02:11 INFO [ Battle StandBy ] SetState_End()
2023-04-04_20:02:11 INFO [ Battle StandBy ] SetState_None()
2023-04-04_20:02:11 INFO [ Battle Maya ] SetState_StandBy_1()
2023-04-04_20:02:11 INFO SetState_BattleOfMaya()
2023-04-04_20:04:10 INFO [ Battle Maya ] SetState_Notify_1()
2023-04-04_20:04:10 INFO [ Battle Maya ] Failed. No users at state 2
2023-04-04_20:04:10 INFO [ Battle Maya ] SetState_End()
2023-04-04_20:04:12 INFO [ Battle Maya ] SetState_EndCycle()
2023-04-04_20:04:12 INFO [ Battle Maya ] SetState_None()
2023-04-04_20:04:12 INFO SetState_End()
2023-04-04_20:04:12 INFO SetState_None()
2023-04-04_20:04:12 INFO [ Battle StandBy ] SetState_Start()
2023-04-04_20:04:12 INFO SetState_BattleStandBy()
2023-04-04_20:05:11 INFO [ Battle StandBy ] SetState_Notify()
2023-04-04_20:06:10 INFO [ Battle StandBy ] SetState_End()
2023-04-04_20:06:10 INFO [ Battle StandBy ] SetState_None()
2023-04-04_20:06:10 INFO [ Battle Maya ] SetState_StandBy_1()
2023-04-04_20:06:10 INFO SetState_BattleOfMaya()
2023-04-04_20:08:09 INFO [ Battle Maya ] SetState_Notify_1()
2023-04-04_20:08:09 INFO [ Battle Maya ] Failed. No users at state 2
2023-04-04_20:08:09 INFO [ Battle Maya ] SetState_End()
2023-04-04_20:08:11 INFO [ Battle Maya ] SetState_EndCycle()
2023-04-04_20:08:11 INFO [ Battle Maya ] SetState_None()
2023-04-04_20:08:11 INFO SetState_End()
2023-04-04_20:08:12 INFO SetState_None()
2023-04-04_20:08:12 INFO [ Battle StandBy ] SetState_Start()
2023-04-04_20:08:12 INFO SetState_BattleStandBy()
2023-04-04_20:09:11 INFO [ Battle StandBy ] SetState_Notify()
2023-04-04_20:10:10 INFO [ Battle StandBy ] SetState_End()
2023-04-04_20:10:10 INFO [ Battle StandBy ] SetState_None()
2023-04-04_20:10:10 INFO [ Battle Maya ] SetState_StandBy_1()
2023-04-04_20:10:10 INFO SetState_BattleOfMaya()
2023-04-04_20:12:09 INFO [ Battle Maya ] SetState_Notify_1()
2023-04-04_20:12:09 INFO [ Battle Maya ] Failed. No users at state 2
2023-04-04_20:12:09 INFO [ Battle Maya ] SetState_End()
2023-04-04_20:12:11 INFO [ Battle Maya ] SetState_EndCycle()
2023-04-04_20:12:11 INFO [ Battle Maya ] SetState_None()
2023-04-04_20:12:11 INFO SetState_End()
2023-04-04_20:12:11 INFO SetState_None()
2023-04-04_20:12:11 INFO [ Battle StandBy ] SetState_Start()
2023-04-04_20:12:11 INFO SetState_BattleStandBy()
2023-04-04_20:13:10 INFO [ Battle StandBy ] SetState_Notify()
2023-04-04_20:14:09 INFO [ Battle StandBy ] SetState_End()
2023-04-04_20:14:09 INFO [ Battle StandBy ] SetState_None()
2023-04-04_20:14:09 INFO [ Battle Maya ] SetState_StandBy_1()
2023-04-04_20:14:09 INFO SetState_BattleOfMaya()
2023-04-04_20:16:08 INFO [ Battle Maya ] SetState_Notify_1()
2023-04-04_20:16:08 INFO [ Battle Maya ] Failed. No users at state 2
2023-04-04_20:16:08 INFO [ Battle Maya ] SetState_End()
2023-04-04_20:16:10 INFO [ Battle Maya ] SetState_EndCycle()
2023-04-04_20:16:10 INFO [ Battle Maya ] SetState_None()
2023-04-04_20:16:10 INFO SetState_End()
2023-04-04_20:16:10 INFO SetState_None()
2023-04-04_20:16:10 INFO [ Battle StandBy ] SetState_Start()
2023-04-04_20:16:10 INFO SetState_BattleStandBy()
2023-04-04_20:17:09 INFO [ Battle StandBy ] SetState_Notify()
2023-04-04_20:18:08 INFO [ Battle StandBy ] SetState_End()
2023-04-04_20:18:08 INFO [ Battle StandBy ] SetState_None()
2023-04-04_20:18:08 INFO [ Battle Maya ] SetState_StandBy_1()
2023-04-04_20:18:08 INFO SetState_BattleOfMaya()
2023-04-04_20:20:07 INFO [ Battle Maya ] SetState_Notify_1()
2023-04-04_20:20:07 INFO [ Battle Maya ] Failed. No users at state 2
2023-04-04_20:20:07 INFO [ Battle Maya ] SetState_End()
2023-04-04_20:20:09 INFO [ Battle Maya ] SetState_EndCycle()
2023-04-04_20:20:09 INFO [ Battle Maya ] SetState_None()
2023-04-04_20:20:09 INFO SetState_End()
2023-04-04_20:20:10 INFO SetState_None()
2023-04-04_20:20:10 INFO [ Battle StandBy ] SetState_Start()
2023-04-04_20:20:10 INFO SetState_BattleStandBy()
2023-04-04_20:21:09 INFO [ Battle StandBy ] SetState_Notify()
2023-04-04_20:22:08 INFO [ Battle StandBy ] SetState_End()
2023-04-04_20:22:08 INFO [ Battle StandBy ] SetState_None()
2023-04-04_20:22:08 INFO [ Battle Maya ] SetState_StandBy_1()
2023-04-04_20:22:08 INFO SetState_BattleOfMaya()
2023-04-04_20:24:07 INFO [ Battle Maya ] SetState_Notify_1()
2023-04-04_20:24:07 INFO [ Battle Maya ] Failed. No users at state 2
2023-04-04_20:24:07 INFO [ Battle Maya ] SetState_End()
2023-04-04_20:24:09 INFO [ Battle Maya ] SetState_EndCycle()
2023-04-04_20:24:09 INFO [ Battle Maya ] SetState_None()
2023-04-04_20:24:09 INFO SetState_End()
2023-04-04_20:24:09 INFO SetState_None()
2023-04-04_20:24:09 INFO [ Battle StandBy ] SetState_Start()
2023-04-04_20:24:09 INFO SetState_BattleStandBy()
2023-04-04_20:25:08 INFO [ Battle StandBy ] SetState_Notify()
2023-04-04_20:26:07 INFO [ Battle StandBy ] SetState_End()
2023-04-04_20:26:07 INFO [ Battle StandBy ] SetState_None()
2023-04-04_20:26:07 INFO [ Battle Maya ] SetState_StandBy_1()
2023-04-04_20:26:07 INFO SetState_BattleOfMaya()
2023-04-04_20:28:06 INFO [ Battle Maya ] SetState_Notify_1()
2023-04-04_20:28:06 INFO [ Battle Maya ] Failed. No users at state 2
2023-04-04_20:28:06 INFO [ Battle Maya ] SetState_End()
2023-04-04_20:28:08 INFO [ Battle Maya ] SetState_EndCycle()
2023-04-04_20:28:08 INFO [ Battle Maya ] SetState_None()
2023-04-04_20:28:08 INFO SetState_End()
2023-04-04_20:28:08 INFO SetState_None()
2023-04-04_20:28:08 INFO [ Battle StandBy ] SetState_Start()
2023-04-04_20:28:08 INFO SetState_BattleStandBy()
2023-04-04_20:29:07 INFO [ Battle StandBy ] SetState_Notify()
2023-04-04_20:30:06 INFO [ Battle StandBy ] SetState_End()
2023-04-04_20:30:06 INFO [ Battle StandBy ] SetState_None()
2023-04-04_20:30:06 INFO [ Battle Maya ] SetState_StandBy_1()
2023-04-04_20:30:06 INFO SetState_BattleOfMaya()
2023-04-04_20:32:05 INFO [ Battle Maya ] SetState_Notify_1()
2023-04-04_20:32:05 INFO [ Battle Maya ] Failed. No users at state 2
2023-04-04_20:32:05 INFO [ Battle Maya ] SetState_End()
2023-04-04_20:32:07 INFO [ Battle Maya ] SetState_EndCycle()
2023-04-04_20:32:07 INFO [ Battle Maya ] SetState_None()
2023-04-04_20:32:07 INFO SetState_End()
2023-04-04_20:32:08 INFO SetState_None()
2023-04-04_20:32:08 INFO [ Battle StandBy ] SetState_Start()
2023-04-04_20:32:08 INFO SetState_BattleStandBy()
2023-04-04_20:33:07 INFO [ Battle StandBy ] SetState_Notify()
2023-04-04_20:34:06 INFO [ Battle StandBy ] SetState_End()
2023-04-04_20:34:06 INFO [ Battle StandBy ] SetState_None()
2023-04-04_20:34:06 INFO [ Battle Maya ] SetState_StandBy_1()
2023-04-04_20:34:06 INFO SetState_BattleOfMaya()
2023-04-04_20:36:05 INFO [ Battle Maya ] SetState_Notify_1()
2023-04-04_20:36:05 INFO [ Battle Maya ] Failed. No users at state 2
2023-04-04_20:36:05 INFO [ Battle Maya ] SetState_End()
2023-04-04_20:36:07 INFO [ Battle Maya ] SetState_EndCycle()
2023-04-04_20:36:07 INFO [ Battle Maya ] SetState_None()
2023-04-04_20:36:07 INFO SetState_End()
2023-04-04_20:36:07 INFO SetState_None()
2023-04-04_20:36:07 INFO [ Battle StandBy ] SetState_Start()
2023-04-04_20:36:07 INFO SetState_BattleStandBy()
2023-04-04_20:37:06 INFO [ Battle StandBy ] SetState_Notify()
2023-04-04_20:38:05 INFO [ Battle StandBy ] SetState_End()
2023-04-04_20:38:05 INFO [ Battle StandBy ] SetState_None()
2023-04-04_20:38:05 INFO [ Battle Maya ] SetState_StandBy_1()
2023-04-04_20:38:05 INFO SetState_BattleOfMaya()
2023-04-04_20:40:04 INFO [ Battle Maya ] SetState_Notify_1()
2023-04-04_20:40:04 INFO [ Battle Maya ] Failed. No users at state 2
2023-04-04_20:40:04 INFO [ Battle Maya ] SetState_End()
2023-04-04_20:40:06 INFO [ Battle Maya ] SetState_EndCycle()
2023-04-04_20:40:06 INFO [ Battle Maya ] SetState_None()
2023-04-04_20:40:06 INFO SetState_End()
2023-04-04_20:40:06 INFO SetState_None()
2023-04-04_20:40:06 INFO [ Battle StandBy ] SetState_Start()
2023-04-04_20:40:06 INFO SetState_BattleStandBy()
2023-04-04_20:41:05 INFO [ Battle StandBy ] SetState_Notify()
2023-04-04_20:42:04 INFO [ Battle StandBy ] SetState_End()
2023-04-04_20:42:04 INFO [ Battle StandBy ] SetState_None()
2023-04-04_20:42:04 INFO [ Battle Maya ] SetState_StandBy_1()
2023-04-04_20:42:04 INFO SetState_BattleOfMaya()
2023-04-04_20:44:03 INFO [ Battle Maya ] SetState_Notify_1()
2023-04-04_20:44:03 INFO [ Battle Maya ] Failed. No users at state 2
2023-04-04_20:44:03 INFO [ Battle Maya ] SetState_End()
2023-04-04_20:44:06 INFO [ Battle Maya ] SetState_EndCycle()
2023-04-04_20:44:06 INFO [ Battle Maya ] SetState_None()
2023-04-04_20:44:06 INFO SetState_End()
2023-04-04_20:44:06 INFO SetState_None()
2023-04-04_20:44:06 INFO [ Battle StandBy ] SetState_Start()
2023-04-04_20:44:06 INFO SetState_BattleStandBy()
2023-04-04_20:45:05 INFO [ Battle StandBy ] SetState_Notify()
2023-04-04_20:46:04 INFO [ Battle StandBy ] SetState_End()
2023-04-04_20:46:04 INFO [ Battle StandBy ] SetState_None()
2023-04-04_20:46:04 INFO [ Battle Maya ] SetState_StandBy_1()
2023-04-04_20:46:04 INFO SetState_BattleOfMaya()
2023-04-04_20:48:03 INFO [ Battle Maya ] SetState_Notify_1()
2023-04-04_20:48:03 INFO [ Battle Maya ] Failed. No users at state 2
2023-04-04_20:48:03 INFO [ Battle Maya ] SetState_End()
2023-04-04_20:48:05 INFO [ Battle Maya ] SetState_EndCycle()
2023-04-04_20:48:05 INFO [ Battle Maya ] SetState_None()
2023-04-04_20:48:05 INFO SetState_End()
2023-04-04_20:48:05 INFO SetState_None()
2023-04-04_20:48:05 INFO [ Battle StandBy ] SetState_Start()
2023-04-04_20:48:05 INFO SetState_BattleStandBy()
2023-04-04_20:49:04 INFO [ Battle StandBy ] SetState_Notify()
2023-04-04_20:50:03 INFO [ Battle StandBy ] SetState_End()
2023-04-04_20:50:03 INFO [ Battle StandBy ] SetState_None()
2023-04-04_20:50:03 INFO [ Battle Maya ] SetState_StandBy_1()
2023-04-04_20:50:03 INFO SetState_BattleOfMaya()
2023-04-04_20:52:02 INFO [ Battle Maya ] SetState_Notify_1()
2023-04-04_20:52:02 INFO [ Battle Maya ] Failed. No users at state 2
2023-04-04_20:52:02 INFO [ Battle Maya ] SetState_End()
2023-04-04_20:52:04 INFO [ Battle Maya ] SetState_EndCycle()
2023-04-04_20:52:04 INFO [ Battle Maya ] SetState_None()
2023-04-04_20:52:04 INFO SetState_End()
2023-04-04_20:52:04 INFO SetState_None()
2023-04-04_20:52:04 INFO [ Battle StandBy ] SetState_Start()
2023-04-04_20:52:04 INFO SetState_BattleStandBy()
2023-04-04_20:53:03 INFO [ Battle StandBy ] SetState_Notify()
2023-04-04_20:54:02 INFO [ Battle StandBy ] SetState_End()
2023-04-04_20:54:02 INFO [ Battle StandBy ] SetState_None()
2023-04-04_20:54:03 INFO [ Battle Maya ] SetState_StandBy_1()
2023-04-04_20:54:03 INFO SetState_BattleOfMaya()
2023-04-04_20:56:02 INFO [ Battle Maya ] SetState_Notify_1()
2023-04-04_20:56:02 INFO [ Battle Maya ] Failed. No users at state 2
2023-04-04_20:56:02 INFO [ Battle Maya ] SetState_End()
2023-04-04_20:56:04 INFO [ Battle Maya ] SetState_EndCycle()
2023-04-04_20:56:04 INFO [ Battle Maya ] SetState_None()
2023-04-04_20:56:04 INFO SetState_End()
2023-04-04_20:56:04 INFO SetState_None()
2023-04-04_20:56:04 INFO [ Battle StandBy ] SetState_Start()
2023-04-04_20:56:04 INFO SetState_BattleStandBy()
2023-04-04_20:57:03 INFO [ Battle StandBy ] SetState_Notify()
2023-04-04_20:58:02 INFO [ Battle StandBy ] SetState_End()
2023-04-04_20:58:02 INFO [ Battle StandBy ] SetState_None()
2023-04-04_20:58:02 INFO [ Battle Maya ] SetState_StandBy_1()
2023-04-04_20:58:02 INFO SetState_BattleOfMaya()
2023-04-04_21:00:01 INFO [ Battle Maya ] SetState_Notify_1()
2023-04-04_21:00:01 INFO [ Battle Maya ] Failed. No users at state 2
2023-04-04_21:00:01 INFO [ Battle Maya ] SetState_End()
2023-04-04_21:00:03 INFO [ Battle Maya ] SetState_EndCycle()
2023-04-04_21:00:03 INFO [ Battle Maya ] SetState_None()
2023-04-04_21:00:03 INFO SetState_End()
2023-04-04_21:00:03 INFO SetState_None()
2023-04-04_21:00:03 INFO [ Battle StandBy ] SetState_Start()
2023-04-04_21:00:03 INFO SetState_BattleStandBy()
2023-04-04_21:01:02 INFO [ Battle StandBy ] SetState_Notify()
2023-04-04_21:02:01 INFO [ Battle StandBy ] SetState_End()
2023-04-04_21:02:01 INFO [ Battle StandBy ] SetState_None()
2023-04-04_21:02:01 INFO [ Battle Maya ] SetState_StandBy_1()
2023-04-04_21:02:01 INFO SetState_BattleOfMaya()
2023-04-04_21:04:00 INFO [ Battle Maya ] SetState_Notify_1()
2023-04-04_21:04:00 INFO [ Battle Maya ] Failed. No users at state 2
2023-04-04_21:04:00 INFO [ Battle Maya ] SetState_End()
2023-04-04_21:04:02 INFO [ Battle Maya ] SetState_EndCycle()
2023-04-04_21:04:02 INFO [ Battle Maya ] SetState_None()
2023-04-04_21:04:02 INFO SetState_End()
2023-04-04_21:04:02 INFO SetState_None()
2023-04-04_21:04:02 INFO [ Battle StandBy ] SetState_Start()
2023-04-04_21:04:02 INFO SetState_BattleStandBy()
2023-04-04_21:05:01 INFO [ Battle StandBy ] SetState_Notify()
2023-04-04_21:06:01 INFO [ Battle StandBy ] SetState_End()
2023-04-04_21:06:01 INFO [ Battle StandBy ] SetState_None()
2023-04-04_21:06:01 INFO [ Battle Maya ] SetState_StandBy_1()
2023-04-04_21:06:01 INFO SetState_BattleOfMaya()
2023-04-04_21:08:00 INFO [ Battle Maya ] SetState_Notify_1()
2023-04-04_21:08:00 INFO [ Battle Maya ] Failed. No users at state 2
2023-04-04_21:08:00 INFO [ Battle Maya ] SetState_End()
2023-04-04_21:08:02 INFO [ Battle Maya ] SetState_EndCycle()
2023-04-04_21:08:02 INFO [ Battle Maya ] SetState_None()
2023-04-04_21:08:02 INFO SetState_End()
2023-04-04_21:08:02 INFO SetState_None()
2023-04-04_21:08:02 INFO [ Battle StandBy ] SetState_Start()
2023-04-04_21:08:02 INFO SetState_BattleStandBy()
2023-04-04_21:09:01 INFO [ Battle StandBy ] SetState_Notify()
2023-04-04_21:10:00 INFO [ Battle StandBy ] SetState_End()
2023-04-04_21:10:00 INFO [ Battle StandBy ] SetState_None()
2023-04-04_21:10:00 INFO [ Battle Maya ] SetState_StandBy_1()
2023-04-04_21:10:00 INFO SetState_BattleOfMaya()
2023-04-04_21:11:59 INFO [ Battle Maya ] SetState_Notify_1()
2023-04-04_21:11:59 INFO [ Battle Maya ] Failed. No users at state 2
2023-04-04_21:11:59 INFO [ Battle Maya ] SetState_End()
2023-04-04_21:12:01 INFO [ Battle Maya ] SetState_EndCycle()
2023-04-04_21:12:01 INFO [ Battle Maya ] SetState_None()
2023-04-04_21:12:01 INFO SetState_End()
2023-04-04_21:12:01 INFO SetState_None()
2023-04-04_21:12:02 INFO [ Battle StandBy ] SetState_Start()
2023-04-04_21:12:02 INFO SetState_BattleStandBy()
2023-04-04_21:13:01 INFO [ Battle StandBy ] SetState_Notify()
2023-04-04_21:14:00 INFO [ Battle StandBy ] SetState_End()
2023-04-04_21:14:00 INFO [ Battle StandBy ] SetState_None()
2023-04-04_21:14:00 INFO [ Battle Maya ] SetState_StandBy_1()
2023-04-04_21:14:00 INFO SetState_BattleOfMaya()
2023-04-04_21:15:59 INFO [ Battle Maya ] SetState_Notify_1()
2023-04-04_21:15:59 INFO [ Battle Maya ] Failed. No users at state 2
2023-04-04_21:15:59 INFO [ Battle Maya ] SetState_End()
2023-04-04_21:16:01 INFO [ Battle Maya ] SetState_EndCycle()
2023-04-04_21:16:01 INFO [ Battle Maya ] SetState_None()
2023-04-04_21:16:01 INFO SetState_End()
2023-04-04_21:16:01 INFO SetState_None()
2023-04-04_21:16:01 INFO [ Battle StandBy ] SetState_Start()
2023-04-04_21:16:01 INFO SetState_BattleStandBy()
2023-04-04_21:17:00 INFO [ Battle StandBy ] SetState_Notify()
2023-04-04_21:17:59 INFO [ Battle StandBy ] SetState_End()
2023-04-04_21:17:59 INFO [ Battle StandBy ] SetState_None()
2023-04-04_21:17:59 INFO [ Battle Maya ] SetState_StandBy_1()
2023-04-04_21:17:59 INFO SetState_BattleOfMaya()
2023-04-04_21:19:58 INFO [ Battle Maya ] SetState_Notify_1()
2023-04-04_21:19:58 INFO [ Battle Maya ] Failed. No users at state 2
2023-04-04_21:19:58 INFO [ Battle Maya ] SetState_End()
2023-04-04_21:20:00 INFO [ Battle Maya ] SetState_EndCycle()
2023-04-04_21:20:00 INFO [ Battle Maya ] SetState_None()
2023-04-04_21:20:00 INFO SetState_End()
2023-04-04_21:20:00 INFO SetState_None()
2023-04-04_21:20:00 INFO [ Battle StandBy ] SetState_Start()
2023-04-04_21:20:00 INFO SetState_BattleStandBy()
2023-04-04_21:20:59 INFO [ Battle StandBy ] SetState_Notify()
2023-04-04_21:21:58 INFO [ Battle StandBy ] SetState_End()
2023-04-04_21:21:58 INFO [ Battle StandBy ] SetState_None()
2023-04-04_21:21:58 INFO [ Battle Maya ] SetState_StandBy_1()
2023-04-04_21:21:58 INFO SetState_BattleOfMaya()
2023-04-04_21:23:57 INFO [ Battle Maya ] SetState_Notify_1()
2023-04-04_21:23:57 INFO [ Battle Maya ] Failed. No users at state 2
2023-04-04_21:23:57 INFO [ Battle Maya ] SetState_End()
2023-04-04_21:24:00 INFO [ Battle Maya ] SetState_EndCycle()
2023-04-04_21:24:00 INFO [ Battle Maya ] SetState_None()
2023-04-04_21:24:00 INFO SetState_End()
2023-04-04_21:24:00 INFO SetState_None()
2023-04-04_21:24:00 INFO [ Battle StandBy ] SetState_Start()
2023-04-04_21:24:00 INFO SetState_BattleStandBy()
2023-04-04_21:24:59 INFO [ Battle StandBy ] SetState_Notify()
2023-04-04_21:25:58 INFO [ Battle StandBy ] SetState_End()
2023-04-04_21:25:58 INFO [ Battle StandBy ] SetState_None()
2023-04-04_21:25:58 INFO [ Battle Maya ] SetState_StandBy_1()
2023-04-04_21:25:58 INFO SetState_BattleOfMaya()
2023-04-04_21:27:57 INFO [ Battle Maya ] SetState_Notify_1()
2023-04-04_21:27:57 INFO [ Battle Maya ] Failed. No users at state 2
2023-04-04_21:27:57 INFO [ Battle Maya ] SetState_End()
2023-04-04_21:27:59 INFO [ Battle Maya ] SetState_EndCycle()
2023-04-04_21:27:59 INFO [ Battle Maya ] SetState_None()
2023-04-04_21:27:59 INFO SetState_End()
2023-04-04_21:27:59 INFO SetState_None()
2023-04-04_21:27:59 INFO [ Battle StandBy ] SetState_Start()
2023-04-04_21:27:59 INFO SetState_BattleStandBy()
2023-04-04_21:28:58 INFO [ Battle StandBy ] SetState_Notify()
2023-04-04_21:29:57 INFO [ Battle StandBy ] SetState_End()
2023-04-04_21:29:57 INFO [ Battle StandBy ] SetState_None()
2023-04-04_21:29:57 INFO [ Battle Maya ] SetState_StandBy_1()
2023-04-04_21:29:57 INFO SetState_BattleOfMaya()
2023-04-04_21:31:56 INFO [ Battle Maya ] SetState_Notify_1()
2023-04-04_21:31:56 INFO [ Battle Maya ] Failed. No users at state 2
2023-04-04_21:31:56 INFO [ Battle Maya ] SetState_End()
2023-04-04_21:31:58 INFO [ Battle Maya ] SetState_EndCycle()
2023-04-04_21:31:58 INFO [ Battle Maya ] SetState_None()
2023-04-04_21:31:58 INFO SetState_End()
2023-04-04_21:31:58 INFO SetState_None()
2023-04-04_21:31:58 INFO [ Battle StandBy ] SetState_Start()
2023-04-04_21:31:58 INFO SetState_BattleStandBy()
2023-04-04_21:32:57 INFO [ Battle StandBy ] SetState_Notify()
2023-04-04_21:33:57 INFO [ Battle StandBy ] SetState_End()
2023-04-04_21:33:57 INFO [ Battle StandBy ] SetState_None()
2023-04-04_21:33:57 INFO [ Battle Maya ] SetState_StandBy_1()
2023-04-04_21:33:57 INFO SetState_BattleOfMaya()
2023-04-04_21:35:56 INFO [ Battle Maya ] SetState_Notify_1()
2023-04-04_21:35:56 INFO [ Battle Maya ] Failed. No users at state 2
2023-04-04_21:35:56 INFO [ Battle Maya ] SetState_End()
2023-04-04_21:35:58 INFO [ Battle Maya ] SetState_EndCycle()
2023-04-04_21:35:58 INFO [ Battle Maya ] SetState_None()
2023-04-04_21:35:58 INFO SetState_End()
2023-04-04_21:35:58 INFO SetState_None()
2023-04-04_21:35:58 INFO [ Battle StandBy ] SetState_Start()
2023-04-04_21:35:58 INFO SetState_BattleStandBy()
2023-04-04_21:36:57 INFO [ Battle StandBy ] SetState_Notify()
2023-04-04_21:37:56 INFO [ Battle StandBy ] SetState_End()
2023-04-04_21:37:56 INFO [ Battle StandBy ] SetState_None()
2023-04-04_21:37:56 INFO [ Battle Maya ] SetState_StandBy_1()
2023-04-04_21:37:56 INFO SetState_BattleOfMaya()
2023-04-04_21:39:55 INFO [ Battle Maya ] SetState_Notify_1()
2023-04-04_21:39:55 INFO [ Battle Maya ] Failed. No users at state 2
2023-04-04_21:39:55 INFO [ Battle Maya ] SetState_End()
2023-04-04_21:39:57 INFO [ Battle Maya ] SetState_EndCycle()
2023-04-04_21:39:57 INFO [ Battle Maya ] SetState_None()
2023-04-04_21:39:57 INFO SetState_End()
2023-04-04_21:39:57 INFO SetState_None()
2023-04-04_21:39:57 INFO [ Battle StandBy ] SetState_Start()
2023-04-04_21:39:57 INFO SetState_BattleStandBy()
2023-04-04_21:40:56 INFO [ Battle StandBy ] SetState_Notify()
2023-04-04_21:41:55 INFO [ Battle StandBy ] SetState_End()
2023-04-04_21:41:55 INFO [ Battle StandBy ] SetState_None()
2023-04-04_21:41:55 INFO [ Battle Maya ] SetState_StandBy_1()
2023-04-04_21:41:55 INFO SetState_BattleOfMaya()
2023-04-04_21:43:54 INFO [ Battle Maya ] SetState_Notify_1()
2023-04-04_21:43:54 INFO [ Battle Maya ] Failed. No users at state 2
2023-04-04_21:43:54 INFO [ Battle Maya ] SetState_End()
2023-04-04_21:43:56 INFO [ Battle Maya ] SetState_EndCycle()
2023-04-04_21:43:57 INFO [ Battle Maya ] SetState_None()
2023-04-04_21:43:57 INFO SetState_End()
2023-04-04_21:43:57 INFO SetState_None()
2023-04-04_21:43:57 INFO [ Battle StandBy ] SetState_Start()
2023-04-04_21:43:57 INFO SetState_BattleStandBy()
2023-04-04_21:44:56 INFO [ Battle StandBy ] SetState_Notify()
2023-04-04_21:45:55 INFO [ Battle StandBy ] SetState_End()
2023-04-04_21:45:55 INFO [ Battle StandBy ] SetState_None()
2023-04-04_21:45:55 INFO [ Battle Maya ] SetState_StandBy_1()
2023-04-04_21:45:55 INFO SetState_BattleOfMaya()
2023-04-04_21:47:54 INFO [ Battle Maya ] SetState_Notify_1()
2023-04-04_21:47:54 INFO [ Battle Maya ] Failed. No users at state 2
2023-04-04_21:47:54 INFO [ Battle Maya ] SetState_End()
2023-04-04_21:47:56 INFO [ Battle Maya ] SetState_EndCycle()
2023-04-04_21:47:56 INFO [ Battle Maya ] SetState_None()
2023-04-04_21:47:56 INFO SetState_End()
2023-04-04_21:47:56 INFO SetState_None()
2023-04-04_21:47:56 INFO [ Battle StandBy ] SetState_Start()
2023-04-04_21:47:56 INFO SetState_BattleStandBy()
2023-04-04_21:48:55 INFO [ Battle StandBy ] SetState_Notify()
2023-04-04_21:49:54 INFO [ Battle StandBy ] SetState_End()
2023-04-04_21:49:54 INFO [ Battle StandBy ] SetState_None()
2023-04-04_21:49:54 INFO [ Battle Maya ] SetState_StandBy_1()
2023-04-04_21:49:54 INFO SetState_BattleOfMaya()
2023-04-04_21:51:53 INFO [ Battle Maya ] SetState_Notify_1()
2023-04-04_21:51:53 INFO [ Battle Maya ] Failed. No users at state 2
2023-04-04_21:51:53 INFO [ Battle Maya ] SetState_End()
2023-04-04_21:51:55 INFO [ Battle Maya ] SetState_EndCycle()
2023-04-04_21:51:55 INFO [ Battle Maya ] SetState_None()
2023-04-04_21:51:55 INFO SetState_End()
2023-04-04_21:51:55 INFO SetState_None()
2023-04-04_21:51:55 INFO [ Battle StandBy ] SetState_Start()
2023-04-04_21:51:55 INFO SetState_BattleStandBy()
2023-04-04_21:52:54 INFO [ Battle StandBy ] SetState_Notify()
2023-04-04_21:53:53 INFO [ Battle StandBy ] SetState_End()
2023-04-04_21:53:54 INFO [ Battle StandBy ] SetState_None()
2023-04-04_21:53:54 INFO [ Battle Maya ] SetState_StandBy_1()
2023-04-04_21:53:54 INFO SetState_BattleOfMaya()
2023-04-04_21:55:53 INFO [ Battle Maya ] SetState_Notify_1()
2023-04-04_21:55:53 INFO [ Battle Maya ] Failed. No users at state 2
2023-04-04_21:55:53 INFO [ Battle Maya ] SetState_End()
2023-04-04_21:55:55 INFO [ Battle Maya ] SetState_EndCycle()
2023-04-04_21:55:55 INFO [ Battle Maya ] SetState_None()
2023-04-04_21:55:55 INFO SetState_End()
2023-04-04_21:55:55 INFO SetState_None()
2023-04-04_21:55:55 INFO [ Battle StandBy ] SetState_Start()
2023-04-04_21:55:55 INFO SetState_BattleStandBy()
2023-04-04_21:56:54 INFO [ Battle StandBy ] SetState_Notify()
2023-04-04_21:57:53 INFO [ Battle StandBy ] SetState_End()
2023-04-04_21:57:53 INFO [ Battle StandBy ] SetState_None()
2023-04-04_21:57:53 INFO [ Battle Maya ] SetState_StandBy_1()
2023-04-04_21:57:53 INFO SetState_BattleOfMaya()
2023-04-04_21:59:52 INFO [ Battle Maya ] SetState_Notify_1()
2023-04-04_21:59:52 INFO [ Battle Maya ] Failed. No users at state 2
2023-04-04_21:59:52 INFO [ Battle Maya ] SetState_End()
2023-04-04_21:59:54 INFO [ Battle Maya ] SetState_EndCycle()
2023-04-04_21:59:54 INFO [ Battle Maya ] SetState_None()
2023-04-04_21:59:54 INFO SetState_End()
2023-04-04_21:59:54 INFO SetState_None()
2023-04-04_21:59:54 INFO [ Battle StandBy ] SetState_Start()
2023-04-04_21:59:54 INFO SetState_BattleStandBy()
2023-04-04_22:00:53 INFO [ Battle StandBy ] SetState_Notify()
2023-04-04_22:01:52 INFO [ Battle StandBy ] SetState_End()
2023-04-04_22:01:52 INFO [ Battle StandBy ] SetState_None()
2023-04-04_22:01:52 INFO [ Battle Maya ] SetState_StandBy_1()
2023-04-04_22:01:52 INFO SetState_BattleOfMaya()
2023-04-04_22:03:51 INFO [ Battle Maya ] SetState_Notify_1()
2023-04-04_22:03:51 INFO [ Battle Maya ] Failed. No users at state 2
2023-04-04_22:03:51 INFO [ Battle Maya ] SetState_End()
2023-04-04_22:03:53 INFO [ Battle Maya ] SetState_EndCycle()
2023-04-04_22:03:54 INFO [ Battle Maya ] SetState_None()
2023-04-04_22:03:54 INFO SetState_End()
2023-04-04_22:03:54 INFO SetState_None()
2023-04-04_22:03:54 INFO [ Battle StandBy ] SetState_Start()
2023-04-04_22:03:54 INFO SetState_BattleStandBy()
2023-04-04_22:04:53 INFO [ Battle StandBy ] SetState_Notify()
2023-04-04_22:05:52 INFO [ Battle StandBy ] SetState_End()
2023-04-04_22:05:52 INFO [ Battle StandBy ] SetState_None()
2023-04-04_22:05:52 INFO [ Battle Maya ] SetState_StandBy_1()
2023-04-04_22:05:52 INFO SetState_BattleOfMaya()
2023-04-04_22:07:51 INFO [ Battle Maya ] SetState_Notify_1()
2023-04-04_22:07:51 INFO [ Battle Maya ] Failed. No users at state 2
2023-04-04_22:07:51 INFO [ Battle Maya ] SetState_End()
2023-04-04_22:07:53 INFO [ Battle Maya ] SetState_EndCycle()
2023-04-04_22:07:53 INFO [ Battle Maya ] SetState_None()
2023-04-04_22:07:53 INFO SetState_End()
2023-04-04_22:07:53 INFO SetState_None()
2023-04-04_22:07:53 INFO [ Battle StandBy ] SetState_Start()
2023-04-04_22:07:53 INFO SetState_BattleStandBy()
2023-04-04_22:08:52 INFO [ Battle StandBy ] SetState_Notify()
2023-04-04_22:09:51 INFO [ Battle StandBy ] SetState_End()
2023-04-04_22:09:51 INFO [ Battle StandBy ] SetState_None()
2023-04-04_22:09:51 INFO [ Battle Maya ] SetState_StandBy_1()
2023-04-04_22:09:51 INFO SetState_BattleOfMaya()
2023-04-04_22:11:50 INFO [ Battle Maya ] SetState_Notify_1()
2023-04-04_22:11:50 INFO [ Battle Maya ] Failed. No users at state 2
2023-04-04_22:11:50 INFO [ Battle Maya ] SetState_End()
2023-04-04_22:11:52 INFO [ Battle Maya ] SetState_EndCycle()
2023-04-04_22:11:52 INFO [ Battle Maya ] SetState_None()
2023-04-04_22:11:52 INFO SetState_End()
2023-04-04_22:11:52 INFO SetState_None()
2023-04-04_22:11:52 INFO [ Battle StandBy ] SetState_Start()
2023-04-04_22:11:52 INFO SetState_BattleStandBy()
2023-04-04_22:12:51 INFO [ Battle StandBy ] SetState_Notify()
2023-04-04_22:13:50 INFO [ Battle StandBy ] SetState_End()
2023-04-04_22:13:51 INFO [ Battle StandBy ] SetState_None()
2023-04-04_22:13:51 INFO [ Battle Maya ] SetState_StandBy_1()
2023-04-04_22:13:51 INFO SetState_BattleOfMaya()
2023-04-04_22:15:50 INFO [ Battle Maya ] SetState_Notify_1()
2023-04-04_22:15:50 INFO [ Battle Maya ] Failed. No users at state 2
2023-04-04_22:15:50 INFO [ Battle Maya ] SetState_End()
2023-04-04_22:15:52 INFO [ Battle Maya ] SetState_EndCycle()
2023-04-04_22:15:52 INFO [ Battle Maya ] SetState_None()
2023-04-04_22:15:52 INFO SetState_End()
2023-04-04_22:15:52 INFO SetState_None()
2023-04-04_22:15:52 INFO [ Battle StandBy ] SetState_Start()
2023-04-04_22:15:52 INFO SetState_BattleStandBy()
2023-04-04_22:16:51 INFO [ Battle StandBy ] SetState_Notify()
2023-04-04_22:17:50 INFO [ Battle StandBy ] SetState_End()
2023-04-04_22:17:50 INFO [ Battle StandBy ] SetState_None()
2023-04-04_22:17:50 INFO [ Battle Maya ] SetState_StandBy_1()
2023-04-04_22:17:50 INFO SetState_BattleOfMaya()
2023-04-04_22:19:49 INFO [ Battle Maya ] SetState_Notify_1()
2023-04-04_22:19:49 INFO [ Battle Maya ] Failed. No users at state 2
2023-04-04_22:19:49 INFO [ Battle Maya ] SetState_End()
2023-04-04_22:19:51 INFO [ Battle Maya ] SetState_EndCycle()
2023-04-04_22:19:51 INFO [ Battle Maya ] SetState_None()
2023-04-04_22:19:51 INFO SetState_End()
2023-04-04_22:19:51 INFO SetState_None()
2023-04-04_22:19:51 INFO [ Battle StandBy ] SetState_Start()
2023-04-04_22:19:51 INFO SetState_BattleStandBy()
2023-04-04_22:20:50 INFO [ Battle StandBy ] SetState_Notify()
2023-04-04_22:21:49 INFO [ Battle StandBy ] SetState_End()
2023-04-04_22:21:49 INFO [ Battle StandBy ] SetState_None()
2023-04-04_22:21:49 INFO [ Battle Maya ] SetState_StandBy_1()
2023-04-04_22:21:49 INFO SetState_BattleOfMaya()
2023-04-04_22:23:48 INFO [ Battle Maya ] SetState_Notify_1()
2023-04-04_22:23:49 INFO [ Battle Maya ] Failed. No users at state 2
2023-04-04_22:23:49 INFO [ Battle Maya ] SetState_End()
2023-04-04_22:23:51 INFO [ Battle Maya ] SetState_EndCycle()
2023-04-04_22:23:51 INFO [ Battle Maya ] SetState_None()
2023-04-04_22:23:51 INFO SetState_End()
2023-04-04_22:23:51 INFO SetState_None()
2023-04-04_22:23:51 INFO [ Battle StandBy ] SetState_Start()
2023-04-04_22:23:51 INFO SetState_BattleStandBy()
2023-04-04_22:24:50 INFO [ Battle StandBy ] SetState_Notify()
2023-04-04_22:25:49 INFO [ Battle StandBy ] SetState_End()
2023-04-04_22:25:49 INFO [ Battle StandBy ] SetState_None()
2023-04-04_22:25:49 INFO [ Battle Maya ] SetState_StandBy_1()
2023-04-04_22:25:49 INFO SetState_BattleOfMaya()
2023-04-04_22:27:48 INFO [ Battle Maya ] SetState_Notify_1()
2023-04-04_22:27:48 INFO [ Battle Maya ] Failed. No users at state 2
2023-04-04_22:27:48 INFO [ Battle Maya ] SetState_End()
2023-04-04_22:27:50 INFO [ Battle Maya ] SetState_EndCycle()
2023-04-04_22:27:50 INFO [ Battle Maya ] SetState_None()
2023-04-04_22:27:50 INFO SetState_End()
2023-04-04_22:27:50 INFO SetState_None()
2023-04-04_22:27:50 INFO [ Battle StandBy ] SetState_Start()
2023-04-04_22:27:50 INFO SetState_BattleStandBy()
2023-04-04_22:28:49 INFO [ Battle StandBy ] SetState_Notify()
2023-04-04_22:29:48 INFO [ Battle StandBy ] SetState_End()
2023-04-04_22:29:48 INFO [ Battle StandBy ] SetState_None()
2023-04-04_22:29:48 INFO [ Battle Maya ] SetState_StandBy_1()
2023-04-04_22:29:48 INFO SetState_BattleOfMaya()
2023-04-04_22:31:47 INFO [ Battle Maya ] SetState_Notify_1()
2023-04-04_22:31:47 INFO [ Battle Maya ] Failed. No users at state 2
2023-04-04_22:31:47 INFO [ Battle Maya ] SetState_End()
2023-04-04_22:31:49 INFO [ Battle Maya ] SetState_EndCycle()
2023-04-04_22:31:49 INFO [ Battle Maya ] SetState_None()
2023-04-04_22:31:49 INFO SetState_End()
2023-04-04_22:31:49 INFO SetState_None()
2023-04-04_22:31:49 INFO [ Battle StandBy ] SetState_Start()
2023-04-04_22:31:49 INFO SetState_BattleStandBy()
2023-04-04_22:32:49 INFO [ Battle StandBy ] SetState_Notify()
2023-04-04_22:33:48 INFO [ Battle StandBy ] SetState_End()
2023-04-04_22:33:48 INFO [ Battle StandBy ] SetState_None()
2023-04-04_22:33:48 INFO [ Battle Maya ] SetState_StandBy_1()
2023-04-04_22:33:48 INFO SetState_BattleOfMaya()
2023-04-04_22:35:47 INFO [ Battle Maya ] SetState_Notify_1()
2023-04-04_22:35:47 INFO [ Battle Maya ] Failed. No users at state 2
2023-04-04_22:35:47 INFO [ Battle Maya ] SetState_End()
2023-04-04_22:35:49 INFO [ Battle Maya ] SetState_EndCycle()
2023-04-04_22:35:49 INFO [ Battle Maya ] SetState_None()
2023-04-04_22:35:49 INFO SetState_End()
2023-04-04_22:35:49 INFO SetState_None()
2023-04-04_22:35:49 INFO [ Battle StandBy ] SetState_Start()
2023-04-04_22:35:49 INFO SetState_BattleStandBy()
2023-04-04_22:36:48 INFO [ Battle StandBy ] SetState_Notify()
2023-04-04_22:37:47 INFO [ Battle StandBy ] SetState_End()
2023-04-04_22:37:47 INFO [ Battle StandBy ] SetState_None()
2023-04-04_22:37:47 INFO [ Battle Maya ] SetState_StandBy_1()
2023-04-04_22:37:47 INFO SetState_BattleOfMaya()
2023-04-04_22:39:46 INFO [ Battle Maya ] SetState_Notify_1()
2023-04-04_22:39:46 INFO [ Battle Maya ] Failed. No users at state 2
2023-04-04_22:39:46 INFO [ Battle Maya ] SetState_End()
2023-04-04_22:39:48 INFO [ Battle Maya ] SetState_EndCycle()
2023-04-04_22:39:48 INFO [ Battle Maya ] SetState_None()
2023-04-04_22:39:48 INFO SetState_End()
2023-04-04_22:39:48 INFO SetState_None()
2023-04-04_22:39:48 INFO [ Battle StandBy ] SetState_Start()
2023-04-04_22:39:48 INFO SetState_BattleStandBy()
2023-04-04_22:40:47 INFO [ Battle StandBy ] SetState_Notify()
2023-04-04_22:41:46 INFO [ Battle StandBy ] SetState_End()
2023-04-04_22:41:46 INFO [ Battle StandBy ] SetState_None()
2023-04-04_22:41:47 INFO [ Battle Maya ] SetState_StandBy_1()
2023-04-04_22:41:47 INFO SetState_BattleOfMaya()
2023-04-04_22:43:46 INFO [ Battle Maya ] SetState_Notify_1()
2023-04-04_22:43:46 INFO [ Battle Maya ] Failed. No users at state 2
2023-04-04_22:43:46 INFO [ Battle Maya ] SetState_End()
2023-04-04_22:43:48 INFO [ Battle Maya ] SetState_EndCycle()
2023-04-04_22:43:48 INFO [ Battle Maya ] SetState_None()
2023-04-04_22:43:48 INFO SetState_End()
2023-04-04_22:43:48 INFO SetState_None()
2023-04-04_22:43:48 INFO [ Battle StandBy ] SetState_Start()
2023-04-04_22:43:48 INFO SetState_BattleStandBy()
2023-04-04_22:44:47 INFO [ Battle StandBy ] SetState_Notify()
2023-04-04_22:45:46 INFO [ Battle StandBy ] SetState_End()
2023-04-04_22:45:46 INFO [ Battle StandBy ] SetState_None()
2023-04-04_22:45:46 INFO [ Battle Maya ] SetState_StandBy_1()
2023-04-04_22:45:46 INFO SetState_BattleOfMaya()
2023-04-04_22:47:45 INFO [ Battle Maya ] SetState_Notify_1()
2023-04-04_22:47:45 INFO [ Battle Maya ] Failed. No users at state 2
2023-04-04_22:47:45 INFO [ Battle Maya ] SetState_End()
2023-04-04_22:47:47 INFO [ Battle Maya ] SetState_EndCycle()
2023-04-04_22:47:47 INFO [ Battle Maya ] SetState_None()
2023-04-04_22:47:47 INFO SetState_End()
2023-04-04_22:47:47 INFO SetState_None()
2023-04-04_22:47:47 INFO [ Battle StandBy ] SetState_Start()
2023-04-04_22:47:47 INFO SetState_BattleStandBy()
2023-04-04_22:48:46 INFO [ Battle StandBy ] SetState_Notify()
2023-04-04_22:49:45 INFO [ Battle StandBy ] SetState_End()
2023-04-04_22:49:45 INFO [ Battle StandBy ] SetState_None()
2023-04-04_22:49:45 INFO [ Battle Maya ] SetState_StandBy_1()
2023-04-04_22:49:45 INFO SetState_BattleOfMaya()
2023-04-04_22:51:44 INFO [ Battle Maya ] SetState_Notify_1()
2023-04-04_22:51:44 INFO [ Battle Maya ] Failed. No users at state 2
2023-04-04_22:51:44 INFO [ Battle Maya ] SetState_End()
2023-04-04_22:51:46 INFO [ Battle Maya ] SetState_EndCycle()
2023-04-04_22:51:47 INFO [ Battle Maya ] SetState_None()
2023-04-04_22:51:47 INFO SetState_End()
2023-04-04_22:51:47 INFO SetState_None()
2023-04-04_22:51:47 INFO [ Battle StandBy ] SetState_Start()
2023-04-04_22:51:47 INFO SetState_BattleStandBy()
2023-04-04_22:52:46 INFO [ Battle StandBy ] SetState_Notify()
2023-04-04_22:53:45 INFO [ Battle StandBy ] SetState_End()
2023-04-04_22:53:45 INFO [ Battle StandBy ] SetState_None()
2023-04-04_22:53:45 INFO [ Battle Maya ] SetState_StandBy_1()
2023-04-04_22:53:45 INFO SetState_BattleOfMaya()
2023-04-04_22:55:44 INFO [ Battle Maya ] SetState_Notify_1()
2023-04-04_22:55:44 INFO [ Battle Maya ] Failed. No users at state 2
2023-04-04_22:55:44 INFO [ Battle Maya ] SetState_End()
2023-04-04_22:55:46 INFO [ Battle Maya ] SetState_EndCycle()
2023-04-04_22:55:46 INFO [ Battle Maya ] SetState_None()
2023-04-04_22:55:46 INFO SetState_End()
2023-04-04_22:55:46 INFO SetState_None()
2023-04-04_22:55:46 INFO [ Battle StandBy ] SetState_Start()
2023-04-04_22:55:46 INFO SetState_BattleStandBy()
2023-04-04_22:56:45 INFO [ Battle StandBy ] SetState_Notify()
2023-04-04_22:57:44 INFO [ Battle StandBy ] SetState_End()
2023-04-04_22:57:44 INFO [ Battle StandBy ] SetState_None()
2023-04-04_22:57:44 INFO [ Battle Maya ] SetState_StandBy_1()
2023-04-04_22:57:44 INFO SetState_BattleOfMaya()
2023-04-04_22:59:43 INFO [ Battle Maya ] SetState_Notify_1()
2023-04-04_22:59:43 INFO [ Battle Maya ] Failed. No users at state 2
2023-04-04_22:59:43 INFO [ Battle Maya ] SetState_End()
2023-04-04_22:59:45 INFO [ Battle Maya ] SetState_EndCycle()
2023-04-04_22:59:45 INFO [ Battle Maya ] SetState_None()
2023-04-04_22:59:45 INFO SetState_End()
2023-04-04_22:59:45 INFO SetState_None()
2023-04-04_22:59:45 INFO [ Battle StandBy ] SetState_Start()
2023-04-04_22:59:45 INFO SetState_BattleStandBy()
2023-04-04_23:00:45 INFO [ Battle StandBy ] SetState_Notify()
2023-04-04_23:01:44 INFO [ Battle StandBy ] SetState_End()
2023-04-04_23:01:44 INFO [ Battle StandBy ] SetState_None()
2023-04-04_23:01:44 INFO [ Battle Maya ] SetState_StandBy_1()
2023-04-04_23:01:44 INFO SetState_BattleOfMaya()
2023-04-04_23:03:43 INFO [ Battle Maya ] SetState_Notify_1()
2023-04-04_23:03:43 INFO [ Battle Maya ] Failed. No users at state 2
2023-04-04_23:03:43 INFO [ Battle Maya ] SetState_End()
2023-04-04_23:03:45 INFO [ Battle Maya ] SetState_EndCycle()
2023-04-04_23:03:45 INFO [ Battle Maya ] SetState_None()
2023-04-04_23:03:45 INFO SetState_End()
2023-04-04_23:03:45 INFO SetState_None()
2023-04-04_23:03:45 INFO [ Battle StandBy ] SetState_Start()
2023-04-04_23:03:45 INFO SetState_BattleStandBy()
2023-04-04_23:04:44 INFO [ Battle StandBy ] SetState_Notify()
2023-04-04_23:05:43 INFO [ Battle StandBy ] SetState_End()
2023-04-04_23:05:43 INFO [ Battle StandBy ] SetState_None()
2023-04-04_23:05:43 INFO [ Battle Maya ] SetState_StandBy_1()
2023-04-04_23:05:43 INFO SetState_BattleOfMaya()
2023-04-04_23:07:42 INFO [ Battle Maya ] SetState_Notify_1()
2023-04-04_23:07:42 INFO [ Battle Maya ] Failed. No users at state 2
2023-04-04_23:07:42 INFO [ Battle Maya ] SetState_End()
2023-04-04_23:07:44 INFO [ Battle Maya ] SetState_EndCycle()
2023-04-04_23:07:44 INFO [ Battle Maya ] SetState_None()
2023-04-04_23:07:44 INFO SetState_End()
2023-04-04_23:07:44 INFO SetState_None()
2023-04-04_23:07:44 INFO [ Battle StandBy ] SetState_Start()
2023-04-04_23:07:44 INFO SetState_BattleStandBy()
2023-04-04_23:08:43 INFO [ Battle StandBy ] SetState_Notify()
2023-04-04_23:09:42 INFO [ Battle StandBy ] SetState_End()
2023-04-04_23:09:43 INFO [ Battle StandBy ] SetState_None()
2023-04-04_23:09:43 INFO [ Battle Maya ] SetState_StandBy_1()
2023-04-04_23:09:43 INFO SetState_BattleOfMaya()
2023-04-04_23:11:42 INFO [ Battle Maya ] SetState_Notify_1()
2023-04-04_23:11:42 INFO [ Battle Maya ] Failed. No users at state 2
2023-04-04_23:11:42 INFO [ Battle Maya ] SetState_End()
2023-04-04_23:11:44 INFO [ Battle Maya ] SetState_EndCycle()
2023-04-04_23:11:44 INFO [ Battle Maya ] SetState_None()
2023-04-04_23:11:44 INFO SetState_End()
2023-04-04_23:11:44 INFO SetState_None()
2023-04-04_23:11:44 INFO [ Battle StandBy ] SetState_Start()
2023-04-04_23:11:44 INFO SetState_BattleStandBy()
2023-04-04_23:12:43 INFO [ Battle StandBy ] SetState_Notify()
2023-04-04_23:13:42 INFO [ Battle StandBy ] SetState_End()
2023-04-04_23:13:42 INFO [ Battle StandBy ] SetState_None()
2023-04-04_23:13:42 INFO [ Battle Maya ] SetState_StandBy_1()
2023-04-04_23:13:42 INFO SetState_BattleOfMaya()
2023-04-04_23:15:41 INFO [ Battle Maya ] SetState_Notify_1()
2023-04-04_23:15:41 INFO [ Battle Maya ] Failed. No users at state 2
2023-04-04_23:15:41 INFO [ Battle Maya ] SetState_End()
2023-04-04_23:15:43 INFO [ Battle Maya ] SetState_EndCycle()
2023-04-04_23:15:43 INFO [ Battle Maya ] SetState_None()
2023-04-04_23:15:43 INFO SetState_End()
2023-04-04_23:15:43 INFO SetState_None()
2023-04-04_23:15:43 INFO [ Battle StandBy ] SetState_Start()
2023-04-04_23:15:43 INFO SetState_BattleStandBy()
2023-04-04_23:16:42 INFO [ Battle StandBy ] SetState_Notify()
2023-04-04_23:17:41 INFO [ Battle StandBy ] SetState_End()
2023-04-04_23:17:41 INFO [ Battle StandBy ] SetState_None()
2023-04-04_23:17:41 INFO [ Battle Maya ] SetState_StandBy_1()
2023-04-04_23:17:41 INFO SetState_BattleOfMaya()
2023-04-04_23:19:40 INFO [ Battle Maya ] SetState_Notify_1()
2023-04-04_23:19:40 INFO [ Battle Maya ] Failed. No users at state 2
2023-04-04_23:19:40 INFO [ Battle Maya ] SetState_End()
2023-04-04_23:19:42 INFO [ Battle Maya ] SetState_EndCycle()
2023-04-04_23:19:42 INFO [ Battle Maya ] SetState_None()
2023-04-04_23:19:42 INFO SetState_End()
2023-04-04_23:19:43 INFO SetState_None()
2023-04-04_23:19:43 INFO [ Battle StandBy ] SetState_Start()
2023-04-04_23:19:43 INFO SetState_BattleStandBy()
2023-04-04_23:20:42 INFO [ Battle StandBy ] SetState_Notify()
2023-04-04_23:21:41 INFO [ Battle StandBy ] SetState_End()
2023-04-04_23:21:41 INFO [ Battle StandBy ] SetState_None()
2023-04-04_23:21:41 INFO [ Battle Maya ] SetState_StandBy_1()
2023-04-04_23:21:41 INFO SetState_BattleOfMaya()
2023-04-04_23:23:40 INFO [ Battle Maya ] SetState_Notify_1()
2023-04-04_23:23:40 INFO [ Battle Maya ] Failed. No users at state 2
2023-04-04_23:23:40 INFO [ Battle Maya ] SetState_End()
2023-04-04_23:23:42 INFO [ Battle Maya ] SetState_EndCycle()
2023-04-04_23:23:42 INFO [ Battle Maya ] SetState_None()
2023-04-04_23:23:42 INFO SetState_End()
2023-04-04_23:23:42 INFO SetState_None()
2023-04-04_23:23:42 INFO [ Battle StandBy ] SetState_Start()
2023-04-04_23:23:42 INFO SetState_BattleStandBy()
2023-04-04_23:24:41 INFO [ Battle StandBy ] SetState_Notify()
2023-04-04_23:25:40 INFO [ Battle StandBy ] SetState_End()
2023-04-04_23:25:40 INFO [ Battle StandBy ] SetState_None()
2023-04-04_23:25:40 INFO [ Battle Maya ] SetState_StandBy_1()
2023-04-04_23:25:40 INFO SetState_BattleOfMaya()
2023-04-04_23:27:39 INFO [ Battle Maya ] SetState_Notify_1()
2023-04-04_23:27:39 INFO [ Battle Maya ] Failed. No users at state 2
2023-04-04_23:27:39 INFO [ Battle Maya ] SetState_End()
2023-04-04_23:27:41 INFO [ Battle Maya ] SetState_EndCycle()
2023-04-04_23:27:41 INFO [ Battle Maya ] SetState_None()
2023-04-04_23:27:41 INFO SetState_End()
2023-04-04_23:27:41 INFO SetState_None()
2023-04-04_23:27:41 INFO [ Battle StandBy ] SetState_Start()
2023-04-04_23:27:41 INFO SetState_BattleStandBy()
2023-04-04_23:28:40 INFO [ Battle StandBy ] SetState_Notify()
2023-04-04_23:29:39 INFO [ Battle StandBy ] SetState_End()
2023-04-04_23:29:40 INFO [ Battle StandBy ] SetState_None()
2023-04-04_23:29:40 INFO [ Battle Maya ] SetState_StandBy_1()
2023-04-04_23:29:40 INFO SetState_BattleOfMaya()
2023-04-04_23:31:39 INFO [ Battle Maya ] SetState_Notify_1()
2023-04-04_23:31:39 INFO [ Battle Maya ] Failed. No users at state 2
2023-04-04_23:31:39 INFO [ Battle Maya ] SetState_End()
2023-04-04_23:31:41 INFO [ Battle Maya ] SetState_EndCycle()
2023-04-04_23:31:41 INFO [ Battle Maya ] SetState_None()
2023-04-04_23:31:41 INFO SetState_End()
2023-04-04_23:31:41 INFO SetState_None()
2023-04-04_23:31:41 INFO [ Battle StandBy ] SetState_Start()
2023-04-04_23:31:41 INFO SetState_BattleStandBy()
2023-04-04_23:32:40 INFO [ Battle StandBy ] SetState_Notify()
2023-04-04_23:33:39 INFO [ Battle StandBy ] SetState_End()
2023-04-04_23:33:39 INFO [ Battle StandBy ] SetState_None()
2023-04-04_23:33:39 INFO [ Battle Maya ] SetState_StandBy_1()
2023-04-04_23:33:39 INFO SetState_BattleOfMaya()
2023-04-04_23:35:38 INFO [ Battle Maya ] SetState_Notify_1()
2023-04-04_23:35:38 INFO [ Battle Maya ] Failed. No users at state 2
2023-04-04_23:35:38 INFO [ Battle Maya ] SetState_End()
2023-04-04_23:35:40 INFO [ Battle Maya ] SetState_EndCycle()
2023-04-04_23:35:40 INFO [ Battle Maya ] SetState_None()
2023-04-04_23:35:40 INFO SetState_End()
2023-04-04_23:35:40 INFO SetState_None()
2023-04-04_23:35:40 INFO [ Battle StandBy ] SetState_Start()
2023-04-04_23:35:40 INFO SetState_BattleStandBy()
2023-04-04_23:36:39 INFO [ Battle StandBy ] SetState_Notify()
2023-04-04_23:37:38 INFO [ Battle StandBy ] SetState_End()
2023-04-04_23:37:38 INFO [ Battle StandBy ] SetState_None()
2023-04-04_23:37:38 INFO [ Battle Maya ] SetState_StandBy_1()
2023-04-04_23:37:38 INFO SetState_BattleOfMaya()
2023-04-04_23:39:37 INFO [ Battle Maya ] SetState_Notify_1()
2023-04-04_23:39:37 INFO [ Battle Maya ] Failed. No users at state 2
2023-04-04_23:39:37 INFO [ Battle Maya ] SetState_End()
2023-04-04_23:39:39 INFO [ Battle Maya ] SetState_EndCycle()
2023-04-04_23:39:40 INFO [ Battle Maya ] SetState_None()
2023-04-04_23:39:40 INFO SetState_End()
2023-04-04_23:39:40 INFO SetState_None()
2023-04-04_23:39:40 INFO [ Battle StandBy ] SetState_Start()
2023-04-04_23:39:40 INFO SetState_BattleStandBy()
2023-04-04_23:40:39 INFO [ Battle StandBy ] SetState_Notify()
2023-04-04_23:41:38 INFO [ Battle StandBy ] SetState_End()
2023-04-04_23:41:38 INFO [ Battle StandBy ] SetState_None()
2023-04-04_23:41:38 INFO [ Battle Maya ] SetState_StandBy_1()
2023-04-04_23:41:38 INFO SetState_BattleOfMaya()
2023-04-04_23:43:37 INFO [ Battle Maya ] SetState_Notify_1()
2023-04-04_23:43:37 INFO [ Battle Maya ] Failed. No users at state 2
2023-04-04_23:43:37 INFO [ Battle Maya ] SetState_End()
2023-04-04_23:43:39 INFO [ Battle Maya ] SetState_EndCycle()
2023-04-04_23:43:39 INFO [ Battle Maya ] SetState_None()
2023-04-04_23:43:39 INFO SetState_End()
2023-04-04_23:43:39 INFO SetState_None()
2023-04-04_23:43:39 INFO [ Battle StandBy ] SetState_Start()
2023-04-04_23:43:39 INFO SetState_BattleStandBy()
2023-04-04_23:44:38 INFO [ Battle StandBy ] SetState_Notify()
2023-04-04_23:45:37 INFO [ Battle StandBy ] SetState_End()
2023-04-04_23:45:37 INFO [ Battle StandBy ] SetState_None()
2023-04-04_23:45:37 INFO [ Battle Maya ] SetState_StandBy_1()
2023-04-04_23:45:37 INFO SetState_BattleOfMaya()
2023-04-04_23:47:36 INFO [ Battle Maya ] SetState_Notify_1()
2023-04-04_23:47:36 INFO [ Battle Maya ] Failed. No users at state 2
2023-04-04_23:47:36 INFO [ Battle Maya ] SetState_End()
2023-04-04_23:47:38 INFO [ Battle Maya ] SetState_EndCycle()
2023-04-04_23:47:38 INFO [ Battle Maya ] SetState_None()
2023-04-04_23:47:38 INFO SetState_End()
2023-04-04_23:47:39 INFO SetState_None()
2023-04-04_23:47:39 INFO [ Battle StandBy ] SetState_Start()
2023-04-04_23:47:39 INFO SetState_BattleStandBy()
2023-04-04_23:48:38 INFO [ Battle StandBy ] SetState_Notify()
2023-04-04_23:49:37 INFO [ Battle StandBy ] SetState_End()
2023-04-04_23:49:37 INFO [ Battle StandBy ] SetState_None()
2023-04-04_23:49:37 INFO [ Battle Maya ] SetState_StandBy_1()
2023-04-04_23:49:37 INFO SetState_BattleOfMaya()
2023-04-04_23:51:36 INFO [ Battle Maya ] SetState_Notify_1()
2023-04-04_23:51:36 INFO [ Battle Maya ] Failed. No users at state 2
2023-04-04_23:51:36 INFO [ Battle Maya ] SetState_End()
2023-04-04_23:51:38 INFO [ Battle Maya ] SetState_EndCycle()
2023-04-04_23:51:38 INFO [ Battle Maya ] SetState_None()
2023-04-04_23:51:38 INFO SetState_End()
2023-04-04_23:51:38 INFO SetState_None()
2023-04-04_23:51:38 INFO [ Battle StandBy ] SetState_Start()
2023-04-04_23:51:38 INFO SetState_BattleStandBy()
2023-04-04_23:52:37 INFO [ Battle StandBy ] SetState_Notify()
2023-04-04_23:53:36 INFO [ Battle StandBy ] SetState_End()
2023-04-04_23:53:36 INFO [ Battle StandBy ] SetState_None()
2023-04-04_23:53:36 INFO [ Battle Maya ] SetState_StandBy_1()
2023-04-04_23:53:36 INFO SetState_BattleOfMaya()
2023-04-04_23:55:35 INFO [ Battle Maya ] SetState_Notify_1()
2023-04-04_23:55:35 INFO [ Battle Maya ] Failed. No users at state 2
2023-04-04_23:55:35 INFO [ Battle Maya ] SetState_End()
2023-04-04_23:55:37 INFO [ Battle Maya ] SetState_EndCycle()
2023-04-04_23:55:37 INFO [ Battle Maya ] SetState_None()
2023-04-04_23:55:37 INFO SetState_End()
2023-04-04_23:55:37 INFO SetState_None()
2023-04-04_23:55:37 INFO [ Battle StandBy ] SetState_Start()
2023-04-04_23:55:37 INFO SetState_BattleStandBy()
2023-04-04_23:56:36 INFO [ Battle StandBy ] SetState_Notify()
2023-04-04_23:57:36 INFO [ Battle StandBy ] SetState_End()
2023-04-04_23:57:36 INFO [ Battle StandBy ] SetState_None()
2023-04-04_23:57:36 INFO [ Battle Maya ] SetState_StandBy_1()
2023-04-04_23:57:36 INFO SetState_BattleOfMaya()
2023-04-04_23:59:35 INFO [ Battle Maya ] SetState_Notify_1()
2023-04-04_23:59:35 INFO [ Battle Maya ] Failed. No users at state 2
2023-04-04_23:59:35 INFO [ Battle Maya ] SetState_End()
2023-04-04_23:59:37 INFO [ Battle Maya ] SetState_EndCycle()
2023-04-04_23:59:37 INFO [ Battle Maya ] SetState_None()
2023-04-04_23:59:37 INFO SetState_End()
2023-04-04_23:59:37 INFO SetState_None()
2023-04-04_23:59:37 INFO [ Battle StandBy ] SetState_Start()
2023-04-04_23:59:37 INFO SetState_BattleStandBy()
