2023-03-26_13:40:36 INFO [ Battle StandBy ] SetState_Start()
2023-03-26_13:40:36 INFO SetState_BattleStandBy()
2023-03-26_13:41:35 INFO [ Battle StandBy ] SetState_Notify()
2023-03-26_13:42:34 INFO [ Battle StandBy ] SetState_End()
2023-03-26_13:42:34 INFO [ Battle StandBy ] SetState_None()
2023-03-26_13:42:34 INFO [ Battle Maya ] SetState_StandBy_1()
2023-03-26_13:42:34 INFO SetState_BattleOfMaya()
2023-03-26_13:44:33 INFO [ Battle Maya ] SetState_Notify_1()
2023-03-26_13:44:33 INFO [ Battle Maya ] Failed. No users at state 2
2023-03-26_13:44:33 INFO [ Battle Maya ] SetState_End()
2023-03-26_13:44:35 INFO [ Battle Maya ] SetState_EndCycle()
2023-03-26_13:44:35 INFO [ Battle Maya ] SetState_None()
2023-03-26_13:44:35 INFO SetState_End()
2023-03-26_13:44:35 INFO SetState_None()
2023-03-26_13:44:35 INFO [ Battle StandBy ] SetState_Start()
2023-03-26_13:44:35 INFO SetState_BattleStandBy()
2023-03-26_13:45:34 INFO [ Battle StandBy ] SetState_Notify()
2023-03-26_13:46:33 INFO [ Battle StandBy ] SetState_End()
2023-03-26_13:46:33 INFO [ Battle StandBy ] SetState_None()
2023-03-26_13:46:33 INFO [ Battle Maya ] SetState_StandBy_1()
2023-03-26_13:46:33 INFO SetState_BattleOfMaya()
2023-03-26_13:48:32 INFO [ Battle Maya ] SetState_Notify_1()
2023-03-26_13:48:32 INFO [ Battle Maya ] Failed. No users at state 2
2023-03-26_13:48:32 INFO [ Battle Maya ] SetState_End()
2023-03-26_13:48:34 INFO [ Battle Maya ] SetState_EndCycle()
2023-03-26_13:48:34 INFO [ Battle Maya ] SetState_None()
2023-03-26_13:48:34 INFO SetState_End()
2023-03-26_13:48:34 INFO SetState_None()
2023-03-26_13:48:34 INFO [ Battle StandBy ] SetState_Start()
2023-03-26_13:48:34 INFO SetState_BattleStandBy()
2023-03-26_13:49:33 INFO [ Battle StandBy ] SetState_Notify()
2023-03-26_13:50:32 INFO [ Battle StandBy ] SetState_End()
2023-03-26_13:50:33 INFO [ Battle StandBy ] SetState_None()
2023-03-26_13:50:33 INFO [ Battle Maya ] SetState_StandBy_1()
2023-03-26_13:50:33 INFO SetState_BattleOfMaya()
2023-03-26_13:52:32 INFO [ Battle Maya ] SetState_Notify_1()
2023-03-26_13:52:32 INFO [ Battle Maya ] Failed. No users at state 2
2023-03-26_13:52:32 INFO [ Battle Maya ] SetState_End()
2023-03-26_13:52:34 INFO [ Battle Maya ] SetState_EndCycle()
2023-03-26_13:52:34 INFO [ Battle Maya ] SetState_None()
2023-03-26_13:52:34 INFO SetState_End()
2023-03-26_13:52:34 INFO SetState_None()
2023-03-26_13:52:34 INFO [ Battle StandBy ] SetState_Start()
2023-03-26_13:52:34 INFO SetState_BattleStandBy()
2023-03-26_13:53:33 INFO [ Battle StandBy ] SetState_Notify()
2023-03-26_13:54:32 INFO [ Battle StandBy ] SetState_End()
2023-03-26_13:54:32 INFO [ Battle StandBy ] SetState_None()
2023-03-26_13:54:32 INFO [ Battle Maya ] SetState_StandBy_1()
2023-03-26_13:54:32 INFO SetState_BattleOfMaya()
2023-03-26_13:56:31 INFO [ Battle Maya ] SetState_Notify_1()
2023-03-26_13:56:31 INFO [ Battle Maya ] Failed. No users at state 2
2023-03-26_13:56:31 INFO [ Battle Maya ] SetState_End()
2023-03-26_13:56:33 INFO [ Battle Maya ] SetState_EndCycle()
2023-03-26_13:56:33 INFO [ Battle Maya ] SetState_None()
2023-03-26_13:56:33 INFO SetState_End()
2023-03-26_13:56:33 INFO SetState_None()
2023-03-26_13:56:33 INFO [ Battle StandBy ] SetState_Start()
2023-03-26_13:56:33 INFO SetState_BattleStandBy()
2023-03-26_13:57:32 INFO [ Battle StandBy ] SetState_Notify()
2023-03-26_13:58:31 INFO [ Battle StandBy ] SetState_End()
2023-03-26_13:58:31 INFO [ Battle StandBy ] SetState_None()
2023-03-26_13:58:31 INFO [ Battle Maya ] SetState_StandBy_1()
2023-03-26_13:58:31 INFO SetState_BattleOfMaya()
2023-03-26_14:00:30 INFO [ Battle Maya ] SetState_Notify_1()
2023-03-26_14:00:30 INFO [ Battle Maya ] Failed. No users at state 2
2023-03-26_14:00:30 INFO [ Battle Maya ] SetState_End()
2023-03-26_14:00:32 INFO [ Battle Maya ] SetState_EndCycle()
2023-03-26_14:00:32 INFO [ Battle Maya ] SetState_None()
2023-03-26_14:00:32 INFO SetState_End()
2023-03-26_14:00:32 INFO SetState_None()
2023-03-26_14:00:32 INFO [ Battle StandBy ] SetState_Start()
2023-03-26_14:00:32 INFO SetState_BattleStandBy()
2023-03-26_14:01:31 INFO [ Battle StandBy ] SetState_Notify()
2023-03-26_14:02:30 INFO [ Battle StandBy ] SetState_End()
2023-03-26_14:02:31 INFO [ Battle StandBy ] SetState_None()
2023-03-26_14:02:31 INFO [ Battle Maya ] SetState_StandBy_1()
2023-03-26_14:02:31 INFO SetState_BattleOfMaya()
2023-03-26_14:04:30 INFO [ Battle Maya ] SetState_Notify_1()
2023-03-26_14:04:30 INFO [ Battle Maya ] Failed. No users at state 2
2023-03-26_14:04:30 INFO [ Battle Maya ] SetState_End()
2023-03-26_14:04:32 INFO [ Battle Maya ] SetState_EndCycle()
2023-03-26_14:04:32 INFO [ Battle Maya ] SetState_None()
2023-03-26_14:04:32 INFO SetState_End()
2023-03-26_14:04:32 INFO SetState_None()
2023-03-26_14:04:32 INFO [ Battle StandBy ] SetState_Start()
2023-03-26_14:04:32 INFO SetState_BattleStandBy()
2023-03-26_14:05:31 INFO [ Battle StandBy ] SetState_Notify()
2023-03-26_14:06:30 INFO [ Battle StandBy ] SetState_End()
2023-03-26_14:06:30 INFO [ Battle StandBy ] SetState_None()
2023-03-26_14:06:30 INFO [ Battle Maya ] SetState_StandBy_1()
2023-03-26_14:06:30 INFO SetState_BattleOfMaya()
2023-03-26_14:08:29 INFO [ Battle Maya ] SetState_Notify_1()
2023-03-26_14:08:29 INFO [ Battle Maya ] Failed. No users at state 2
2023-03-26_14:08:29 INFO [ Battle Maya ] SetState_End()
2023-03-26_14:08:31 INFO [ Battle Maya ] SetState_EndCycle()
2023-03-26_14:08:31 INFO [ Battle Maya ] SetState_None()
2023-03-26_14:08:31 INFO SetState_End()
2023-03-26_14:08:31 INFO SetState_None()
2023-03-26_14:08:31 INFO [ Battle StandBy ] SetState_Start()
2023-03-26_14:08:31 INFO SetState_BattleStandBy()
2023-03-26_14:09:30 INFO [ Battle StandBy ] SetState_Notify()
2023-03-26_14:10:29 INFO [ Battle StandBy ] SetState_End()
2023-03-26_14:10:29 INFO [ Battle StandBy ] SetState_None()
2023-03-26_14:10:29 INFO [ Battle Maya ] SetState_StandBy_1()
2023-03-26_14:10:29 INFO SetState_BattleOfMaya()
2023-03-26_14:12:28 INFO [ Battle Maya ] SetState_Notify_1()
2023-03-26_14:12:28 INFO [ Battle Maya ] Failed. No users at state 2
2023-03-26_14:12:28 INFO [ Battle Maya ] SetState_End()
2023-03-26_14:12:30 INFO [ Battle Maya ] SetState_EndCycle()
2023-03-26_14:12:30 INFO [ Battle Maya ] SetState_None()
2023-03-26_14:12:30 INFO SetState_End()
2023-03-26_14:12:30 INFO SetState_None()
2023-03-26_14:12:30 INFO [ Battle StandBy ] SetState_Start()
2023-03-26_14:12:30 INFO SetState_BattleStandBy()
2023-03-26_14:13:29 INFO [ Battle StandBy ] SetState_Notify()
2023-03-26_14:14:29 INFO [ Battle StandBy ] SetState_End()
2023-03-26_14:14:29 INFO [ Battle StandBy ] SetState_None()
2023-03-26_14:14:29 INFO [ Battle Maya ] SetState_StandBy_1()
2023-03-26_14:14:29 INFO SetState_BattleOfMaya()
2023-03-26_14:16:28 INFO [ Battle Maya ] SetState_Notify_1()
2023-03-26_14:16:28 INFO [ Battle Maya ] Failed. No users at state 2
2023-03-26_14:16:28 INFO [ Battle Maya ] SetState_End()
2023-03-26_14:16:30 INFO [ Battle Maya ] SetState_EndCycle()
2023-03-26_14:16:30 INFO [ Battle Maya ] SetState_None()
2023-03-26_14:16:30 INFO SetState_End()
2023-03-26_14:16:30 INFO SetState_None()
2023-03-26_14:16:30 INFO [ Battle StandBy ] SetState_Start()
2023-03-26_14:16:30 INFO SetState_BattleStandBy()
2023-03-26_14:17:29 INFO [ Battle StandBy ] SetState_Notify()
2023-03-26_14:18:28 INFO [ Battle StandBy ] SetState_End()
2023-03-26_14:18:28 INFO [ Battle StandBy ] SetState_None()
2023-03-26_14:18:28 INFO [ Battle Maya ] SetState_StandBy_1()
2023-03-26_14:18:28 INFO SetState_BattleOfMaya()
2023-03-26_14:20:27 INFO [ Battle Maya ] SetState_Notify_1()
2023-03-26_14:20:27 INFO [ Battle Maya ] Failed. No users at state 2
2023-03-26_14:20:27 INFO [ Battle Maya ] SetState_End()
2023-03-26_14:20:29 INFO [ Battle Maya ] SetState_EndCycle()
2023-03-26_14:20:29 INFO [ Battle Maya ] SetState_None()
2023-03-26_14:20:29 INFO SetState_End()
2023-03-26_14:20:29 INFO SetState_None()
2023-03-26_14:20:29 INFO [ Battle StandBy ] SetState_Start()
2023-03-26_14:20:29 INFO SetState_BattleStandBy()
2023-03-26_14:21:28 INFO [ Battle StandBy ] SetState_Notify()
2023-03-26_14:22:27 INFO [ Battle StandBy ] SetState_End()
2023-03-26_14:22:27 INFO [ Battle StandBy ] SetState_None()
2023-03-26_14:22:27 INFO [ Battle Maya ] SetState_StandBy_1()
2023-03-26_14:22:27 INFO SetState_BattleOfMaya()
2023-03-26_14:24:26 INFO [ Battle Maya ] SetState_Notify_1()
2023-03-26_14:24:26 INFO [ Battle Maya ] Failed. No users at state 2
2023-03-26_14:24:26 INFO [ Battle Maya ] SetState_End()
2023-03-26_14:24:28 INFO [ Battle Maya ] SetState_EndCycle()
2023-03-26_14:24:28 INFO [ Battle Maya ] SetState_None()
2023-03-26_14:24:28 INFO SetState_End()
2023-03-26_14:24:28 INFO SetState_None()
2023-03-26_14:24:28 INFO [ Battle StandBy ] SetState_Start()
2023-03-26_14:24:29 INFO SetState_BattleStandBy()
2023-03-26_14:25:28 INFO [ Battle StandBy ] SetState_Notify()
2023-03-26_14:26:27 INFO [ Battle StandBy ] SetState_End()
2023-03-26_14:26:27 INFO [ Battle StandBy ] SetState_None()
2023-03-26_14:26:27 INFO [ Battle Maya ] SetState_StandBy_1()
2023-03-26_14:26:27 INFO SetState_BattleOfMaya()
2023-03-26_14:28:26 INFO [ Battle Maya ] SetState_Notify_1()
2023-03-26_14:28:26 INFO [ Battle Maya ] Failed. No users at state 2
2023-03-26_14:28:26 INFO [ Battle Maya ] SetState_End()
2023-03-26_14:28:28 INFO [ Battle Maya ] SetState_EndCycle()
2023-03-26_14:28:28 INFO [ Battle Maya ] SetState_None()
2023-03-26_14:28:28 INFO SetState_End()
2023-03-26_14:28:28 INFO SetState_None()
2023-03-26_14:28:28 INFO [ Battle StandBy ] SetState_Start()
2023-03-26_14:28:28 INFO SetState_BattleStandBy()
2023-03-26_14:29:27 INFO [ Battle StandBy ] SetState_Notify()
2023-03-26_14:30:26 INFO [ Battle StandBy ] SetState_End()
2023-03-26_14:30:26 INFO [ Battle StandBy ] SetState_None()
2023-03-26_14:30:26 INFO [ Battle Maya ] SetState_StandBy_1()
2023-03-26_14:30:26 INFO SetState_BattleOfMaya()
2023-03-26_14:32:25 INFO [ Battle Maya ] SetState_Notify_1()
2023-03-26_14:32:25 INFO [ Battle Maya ] Failed. No users at state 2
2023-03-26_14:32:25 INFO [ Battle Maya ] SetState_End()
2023-03-26_14:32:27 INFO [ Battle Maya ] SetState_EndCycle()
2023-03-26_14:32:27 INFO [ Battle Maya ] SetState_None()
2023-03-26_14:32:27 INFO SetState_End()
2023-03-26_14:32:27 INFO SetState_None()
2023-03-26_14:32:27 INFO [ Battle StandBy ] SetState_Start()
2023-03-26_14:32:27 INFO SetState_BattleStandBy()
2023-03-26_14:33:26 INFO [ Battle StandBy ] SetState_Notify()
2023-03-26_14:34:25 INFO [ Battle StandBy ] SetState_End()
2023-03-26_14:34:25 INFO [ Battle StandBy ] SetState_None()
2023-03-26_14:34:25 INFO [ Battle Maya ] SetState_StandBy_1()
2023-03-26_14:34:25 INFO SetState_BattleOfMaya()
2023-03-26_14:36:24 INFO [ Battle Maya ] SetState_Notify_1()
2023-03-26_14:36:24 INFO [ Battle Maya ] Failed. No users at state 2
2023-03-26_14:36:24 INFO [ Battle Maya ] SetState_End()
2023-03-26_14:36:26 INFO [ Battle Maya ] SetState_EndCycle()
2023-03-26_14:36:26 INFO [ Battle Maya ] SetState_None()
2023-03-26_14:36:26 INFO SetState_End()
2023-03-26_14:36:26 INFO SetState_None()
2023-03-26_14:36:26 INFO [ Battle StandBy ] SetState_Start()
2023-03-26_14:36:27 INFO SetState_BattleStandBy()
2023-03-26_14:37:26 INFO [ Battle StandBy ] SetState_Notify()
2023-03-26_14:38:25 INFO [ Battle StandBy ] SetState_End()
2023-03-26_14:38:25 INFO [ Battle StandBy ] SetState_None()
2023-03-26_14:38:25 INFO [ Battle Maya ] SetState_StandBy_1()
2023-03-26_14:38:25 INFO SetState_BattleOfMaya()
2023-03-26_14:40:24 INFO [ Battle Maya ] SetState_Notify_1()
2023-03-26_14:40:24 INFO [ Battle Maya ] Failed. No users at state 2
2023-03-26_14:40:24 INFO [ Battle Maya ] SetState_End()
2023-03-26_14:40:26 INFO [ Battle Maya ] SetState_EndCycle()
2023-03-26_14:40:26 INFO [ Battle Maya ] SetState_None()
2023-03-26_14:40:26 INFO SetState_End()
2023-03-26_14:40:26 INFO SetState_None()
2023-03-26_14:40:26 INFO [ Battle StandBy ] SetState_Start()
2023-03-26_14:40:26 INFO SetState_BattleStandBy()
2023-03-26_14:41:25 INFO [ Battle StandBy ] SetState_Notify()
2023-03-26_14:42:24 INFO [ Battle StandBy ] SetState_End()
2023-03-26_14:42:24 INFO [ Battle StandBy ] SetState_None()
2023-03-26_14:42:24 INFO [ Battle Maya ] SetState_StandBy_1()
2023-03-26_14:42:24 INFO SetState_BattleOfMaya()
2023-03-26_14:44:23 INFO [ Battle Maya ] SetState_Notify_1()
2023-03-26_14:44:23 INFO [ Battle Maya ] Failed. No users at state 2
2023-03-26_14:44:23 INFO [ Battle Maya ] SetState_End()
2023-03-26_14:44:25 INFO [ Battle Maya ] SetState_EndCycle()
2023-03-26_14:44:25 INFO [ Battle Maya ] SetState_None()
2023-03-26_14:44:25 INFO SetState_End()
2023-03-26_14:44:25 INFO SetState_None()
2023-03-26_14:44:25 INFO [ Battle StandBy ] SetState_Start()
2023-03-26_14:44:25 INFO SetState_BattleStandBy()
2023-03-26_14:45:24 INFO [ Battle StandBy ] SetState_Notify()
2023-03-26_14:46:23 INFO [ Battle StandBy ] SetState_End()
2023-03-26_14:46:23 INFO [ Battle StandBy ] SetState_None()
2023-03-26_14:46:23 INFO [ Battle Maya ] SetState_StandBy_1()
2023-03-26_14:46:23 INFO SetState_BattleOfMaya()
2023-03-26_14:48:22 INFO [ Battle Maya ] SetState_Notify_1()
2023-03-26_14:48:22 INFO [ Battle Maya ] Failed. No users at state 2
2023-03-26_14:48:22 INFO [ Battle Maya ] SetState_End()
2023-03-26_14:48:24 INFO [ Battle Maya ] SetState_EndCycle()
2023-03-26_14:48:24 INFO [ Battle Maya ] SetState_None()
2023-03-26_14:48:24 INFO SetState_End()
2023-03-26_14:48:25 INFO SetState_None()
2023-03-26_14:48:25 INFO [ Battle StandBy ] SetState_Start()
2023-03-26_14:48:25 INFO SetState_BattleStandBy()
2023-03-26_14:49:24 INFO [ Battle StandBy ] SetState_Notify()
2023-03-26_14:50:23 INFO [ Battle StandBy ] SetState_End()
2023-03-26_14:50:23 INFO [ Battle StandBy ] SetState_None()
2023-03-26_14:50:23 INFO [ Battle Maya ] SetState_StandBy_1()
2023-03-26_14:50:23 INFO SetState_BattleOfMaya()
2023-03-26_14:52:22 INFO [ Battle Maya ] SetState_Notify_1()
2023-03-26_14:52:22 INFO [ Battle Maya ] Failed. No users at state 2
2023-03-26_14:52:22 INFO [ Battle Maya ] SetState_End()
2023-03-26_14:52:24 INFO [ Battle Maya ] SetState_EndCycle()
2023-03-26_14:52:24 INFO [ Battle Maya ] SetState_None()
2023-03-26_14:52:24 INFO SetState_End()
2023-03-26_14:52:24 INFO SetState_None()
2023-03-26_14:52:24 INFO [ Battle StandBy ] SetState_Start()
2023-03-26_14:52:24 INFO SetState_BattleStandBy()
2023-03-26_14:53:23 INFO [ Battle StandBy ] SetState_Notify()
2023-03-26_14:54:22 INFO [ Battle StandBy ] SetState_End()
2023-03-26_14:54:22 INFO [ Battle StandBy ] SetState_None()
2023-03-26_14:54:22 INFO [ Battle Maya ] SetState_StandBy_1()
2023-03-26_14:54:22 INFO SetState_BattleOfMaya()
2023-03-26_14:56:21 INFO [ Battle Maya ] SetState_Notify_1()
2023-03-26_14:56:21 INFO [ Battle Maya ] Failed. No users at state 2
2023-03-26_14:56:21 INFO [ Battle Maya ] SetState_End()
2023-03-26_14:56:23 INFO [ Battle Maya ] SetState_EndCycle()
2023-03-26_14:56:23 INFO [ Battle Maya ] SetState_None()
2023-03-26_14:56:23 INFO SetState_End()
2023-03-26_14:56:23 INFO SetState_None()
2023-03-26_14:56:23 INFO [ Battle StandBy ] SetState_Start()
2023-03-26_14:56:23 INFO SetState_BattleStandBy()
2023-03-26_14:57:22 INFO [ Battle StandBy ] SetState_Notify()
2023-03-26_14:58:21 INFO [ Battle StandBy ] SetState_End()
2023-03-26_14:58:21 INFO [ Battle StandBy ] SetState_None()
2023-03-26_14:58:21 INFO [ Battle Maya ] SetState_StandBy_1()
2023-03-26_14:58:21 INFO SetState_BattleOfMaya()
2023-03-26_15:00:20 INFO [ Battle Maya ] SetState_Notify_1()
2023-03-26_15:00:20 INFO [ Battle Maya ] Failed. No users at state 2
2023-03-26_15:00:20 INFO [ Battle Maya ] SetState_End()
2023-03-26_15:00:22 INFO [ Battle Maya ] SetState_EndCycle()
2023-03-26_15:00:23 INFO [ Battle Maya ] SetState_None()
2023-03-26_15:00:23 INFO SetState_End()
2023-03-26_15:00:23 INFO SetState_None()
2023-03-26_15:00:23 INFO [ Battle StandBy ] SetState_Start()
2023-03-26_15:00:23 INFO SetState_BattleStandBy()
2023-03-26_15:01:22 INFO [ Battle StandBy ] SetState_Notify()
2023-03-26_15:02:21 INFO [ Battle StandBy ] SetState_End()
2023-03-26_15:02:21 INFO [ Battle StandBy ] SetState_None()
2023-03-26_15:02:21 INFO [ Battle Maya ] SetState_StandBy_1()
2023-03-26_15:02:21 INFO SetState_BattleOfMaya()
2023-03-26_15:04:20 INFO [ Battle Maya ] SetState_Notify_1()
2023-03-26_15:04:20 INFO [ Battle Maya ] Failed. No users at state 2
2023-03-26_15:04:20 INFO [ Battle Maya ] SetState_End()
2023-03-26_15:04:22 INFO [ Battle Maya ] SetState_EndCycle()
2023-03-26_15:04:22 INFO [ Battle Maya ] SetState_None()
2023-03-26_15:04:22 INFO SetState_End()
2023-03-26_15:04:22 INFO SetState_None()
2023-03-26_15:04:22 INFO [ Battle StandBy ] SetState_Start()
2023-03-26_15:04:22 INFO SetState_BattleStandBy()
2023-03-26_15:05:21 INFO [ Battle StandBy ] SetState_Notify()
2023-03-26_15:06:20 INFO [ Battle StandBy ] SetState_End()
2023-03-26_15:06:20 INFO [ Battle StandBy ] SetState_None()
2023-03-26_15:06:20 INFO [ Battle Maya ] SetState_StandBy_1()
2023-03-26_15:06:20 INFO SetState_BattleOfMaya()
2023-03-26_15:08:19 INFO [ Battle Maya ] SetState_Notify_1()
2023-03-26_15:08:19 INFO [ Battle Maya ] Failed. No users at state 2
2023-03-26_15:08:19 INFO [ Battle Maya ] SetState_End()
2023-03-26_15:08:21 INFO [ Battle Maya ] SetState_EndCycle()
2023-03-26_15:08:21 INFO [ Battle Maya ] SetState_None()
2023-03-26_15:08:21 INFO SetState_End()
2023-03-26_15:08:21 INFO SetState_None()
2023-03-26_15:08:21 INFO [ Battle StandBy ] SetState_Start()
2023-03-26_15:08:21 INFO SetState_BattleStandBy()
2023-03-26_15:09:20 INFO [ Battle StandBy ] SetState_Notify()
2023-03-26_15:10:19 INFO [ Battle StandBy ] SetState_End()
2023-03-26_15:10:19 INFO [ Battle StandBy ] SetState_None()
2023-03-26_15:10:19 INFO [ Battle Maya ] SetState_StandBy_1()
2023-03-26_15:10:19 INFO SetState_BattleOfMaya()
2023-03-26_15:12:18 INFO [ Battle Maya ] SetState_Notify_1()
2023-03-26_15:12:18 INFO [ Battle Maya ] Failed. No users at state 2
2023-03-26_15:12:18 INFO [ Battle Maya ] SetState_End()
2023-03-26_15:12:20 INFO [ Battle Maya ] SetState_EndCycle()
2023-03-26_15:12:21 INFO [ Battle Maya ] SetState_None()
2023-03-26_15:12:21 INFO SetState_End()
2023-03-26_15:12:21 INFO SetState_None()
2023-03-26_15:12:21 INFO [ Battle StandBy ] SetState_Start()
2023-03-26_15:12:21 INFO SetState_BattleStandBy()
2023-03-26_15:13:20 INFO [ Battle StandBy ] SetState_Notify()
2023-03-26_15:14:19 INFO [ Battle StandBy ] SetState_End()
2023-03-26_15:14:19 INFO [ Battle StandBy ] SetState_None()
2023-03-26_15:14:19 INFO [ Battle Maya ] SetState_StandBy_1()
2023-03-26_15:14:19 INFO SetState_BattleOfMaya()
2023-03-26_15:16:18 INFO [ Battle Maya ] SetState_Notify_1()
2023-03-26_15:16:18 INFO [ Battle Maya ] Failed. No users at state 2
2023-03-26_15:16:18 INFO [ Battle Maya ] SetState_End()
2023-03-26_15:16:20 INFO [ Battle Maya ] SetState_EndCycle()
2023-03-26_15:16:20 INFO [ Battle Maya ] SetState_None()
2023-03-26_15:16:20 INFO SetState_End()
2023-03-26_15:16:20 INFO SetState_None()
2023-03-26_15:16:20 INFO [ Battle StandBy ] SetState_Start()
2023-03-26_15:16:20 INFO SetState_BattleStandBy()
2023-03-26_15:17:19 INFO [ Battle StandBy ] SetState_Notify()
2023-03-26_15:18:18 INFO [ Battle StandBy ] SetState_End()
2023-03-26_15:18:18 INFO [ Battle StandBy ] SetState_None()
2023-03-26_15:18:18 INFO [ Battle Maya ] SetState_StandBy_1()
2023-03-26_15:18:18 INFO SetState_BattleOfMaya()
2023-03-26_15:20:17 INFO [ Battle Maya ] SetState_Notify_1()
2023-03-26_15:20:17 INFO [ Battle Maya ] Failed. No users at state 2
2023-03-26_15:20:17 INFO [ Battle Maya ] SetState_End()
2023-03-26_15:20:19 INFO [ Battle Maya ] SetState_EndCycle()
2023-03-26_15:20:19 INFO [ Battle Maya ] SetState_None()
2023-03-26_15:20:19 INFO SetState_End()
2023-03-26_15:20:19 INFO SetState_None()
2023-03-26_15:20:19 INFO [ Battle StandBy ] SetState_Start()
2023-03-26_15:20:19 INFO SetState_BattleStandBy()
2023-03-26_15:21:18 INFO [ Battle StandBy ] SetState_Notify()
2023-03-26_15:22:17 INFO [ Battle StandBy ] SetState_End()
2023-03-26_15:22:17 INFO [ Battle StandBy ] SetState_None()
2023-03-26_15:22:17 INFO [ Battle Maya ] SetState_StandBy_1()
2023-03-26_15:22:17 INFO SetState_BattleOfMaya()
2023-03-26_15:24:17 INFO [ Battle Maya ] SetState_Notify_1()
2023-03-26_15:24:17 INFO [ Battle Maya ] Failed. No users at state 2
2023-03-26_15:24:17 INFO [ Battle Maya ] SetState_End()
2023-03-26_15:24:19 INFO [ Battle Maya ] SetState_EndCycle()
2023-03-26_15:24:19 INFO [ Battle Maya ] SetState_None()
2023-03-26_15:24:19 INFO SetState_End()
2023-03-26_15:24:19 INFO SetState_None()
2023-03-26_15:24:19 INFO [ Battle StandBy ] SetState_Start()
2023-03-26_15:24:19 INFO SetState_BattleStandBy()
2023-03-26_15:25:18 INFO [ Battle StandBy ] SetState_Notify()
2023-03-26_15:26:17 INFO [ Battle StandBy ] SetState_End()
2023-03-26_15:26:17 INFO [ Battle StandBy ] SetState_None()
2023-03-26_15:26:17 INFO [ Battle Maya ] SetState_StandBy_1()
2023-03-26_15:26:17 INFO SetState_BattleOfMaya()
2023-03-26_15:28:16 INFO [ Battle Maya ] SetState_Notify_1()
2023-03-26_15:28:16 INFO [ Battle Maya ] Failed. No users at state 2
2023-03-26_15:28:16 INFO [ Battle Maya ] SetState_End()
2023-03-26_15:28:18 INFO [ Battle Maya ] SetState_EndCycle()
2023-03-26_15:28:18 INFO [ Battle Maya ] SetState_None()
2023-03-26_15:28:18 INFO SetState_End()
2023-03-26_15:28:18 INFO SetState_None()
2023-03-26_15:28:18 INFO [ Battle StandBy ] SetState_Start()
2023-03-26_15:28:18 INFO SetState_BattleStandBy()
2023-03-26_15:29:17 INFO [ Battle StandBy ] SetState_Notify()
2023-03-26_15:30:16 INFO [ Battle StandBy ] SetState_End()
2023-03-26_15:30:16 INFO [ Battle StandBy ] SetState_None()
2023-03-26_15:30:16 INFO [ Battle Maya ] SetState_StandBy_1()
2023-03-26_15:30:16 INFO SetState_BattleOfMaya()
2023-03-26_15:32:15 INFO [ Battle Maya ] SetState_Notify_1()
2023-03-26_15:32:15 INFO [ Battle Maya ] Failed. No users at state 2
2023-03-26_15:32:15 INFO [ Battle Maya ] SetState_End()
2023-03-26_15:32:17 INFO [ Battle Maya ] SetState_EndCycle()
2023-03-26_15:32:17 INFO [ Battle Maya ] SetState_None()
2023-03-26_15:32:17 INFO SetState_End()
2023-03-26_15:32:18 INFO SetState_None()
2023-03-26_15:32:18 INFO [ Battle StandBy ] SetState_Start()
2023-03-26_15:32:18 INFO SetState_BattleStandBy()
2023-03-26_15:33:17 INFO [ Battle StandBy ] SetState_Notify()
2023-03-26_15:34:16 INFO [ Battle StandBy ] SetState_End()
2023-03-26_15:34:16 INFO [ Battle StandBy ] SetState_None()
2023-03-26_15:34:16 INFO [ Battle Maya ] SetState_StandBy_1()
2023-03-26_15:34:16 INFO SetState_BattleOfMaya()
2023-03-26_15:36:15 INFO [ Battle Maya ] SetState_Notify_1()
2023-03-26_15:36:15 INFO [ Battle Maya ] Failed. No users at state 2
2023-03-26_15:36:15 INFO [ Battle Maya ] SetState_End()
2023-03-26_15:36:17 INFO [ Battle Maya ] SetState_EndCycle()
2023-03-26_15:36:17 INFO [ Battle Maya ] SetState_None()
2023-03-26_15:36:17 INFO SetState_End()
2023-03-26_15:36:17 INFO SetState_None()
2023-03-26_15:36:17 INFO [ Battle StandBy ] SetState_Start()
2023-03-26_15:36:17 INFO SetState_BattleStandBy()
2023-03-26_15:37:16 INFO [ Battle StandBy ] SetState_Notify()
2023-03-26_15:38:15 INFO [ Battle StandBy ] SetState_End()
2023-03-26_15:38:15 INFO [ Battle StandBy ] SetState_None()
2023-03-26_15:38:15 INFO [ Battle Maya ] SetState_StandBy_1()
2023-03-26_15:38:15 INFO SetState_BattleOfMaya()
2023-03-26_15:40:14 INFO [ Battle Maya ] SetState_Notify_1()
2023-03-26_15:40:14 INFO [ Battle Maya ] Failed. No users at state 2
2023-03-26_15:40:14 INFO [ Battle Maya ] SetState_End()
2023-03-26_15:40:16 INFO [ Battle Maya ] SetState_EndCycle()
2023-03-26_15:40:16 INFO [ Battle Maya ] SetState_None()
2023-03-26_15:40:16 INFO SetState_End()
2023-03-26_15:40:16 INFO SetState_None()
2023-03-26_15:40:16 INFO [ Battle StandBy ] SetState_Start()
2023-03-26_15:40:16 INFO SetState_BattleStandBy()
2023-03-26_15:41:15 INFO [ Battle StandBy ] SetState_Notify()
2023-03-26_15:42:15 INFO [ Battle StandBy ] SetState_End()
2023-03-26_15:42:15 INFO [ Battle StandBy ] SetState_None()
2023-03-26_15:42:15 INFO [ Battle Maya ] SetState_StandBy_1()
2023-03-26_15:42:15 INFO SetState_BattleOfMaya()
2023-03-26_15:44:14 INFO [ Battle Maya ] SetState_Notify_1()
2023-03-26_15:44:14 INFO [ Battle Maya ] Failed. No users at state 2
2023-03-26_15:44:14 INFO [ Battle Maya ] SetState_End()
2023-03-26_15:44:16 INFO [ Battle Maya ] SetState_EndCycle()
2023-03-26_15:44:16 INFO [ Battle Maya ] SetState_None()
2023-03-26_15:44:16 INFO SetState_End()
2023-03-26_15:44:16 INFO SetState_None()
2023-03-26_15:44:16 INFO [ Battle StandBy ] SetState_Start()
2023-03-26_15:44:16 INFO SetState_BattleStandBy()
