2023-03-26_17:30:08 INFO [ Battle StandBy ] SetState_Start()
2023-03-26_17:30:08 INFO SetState_BattleStandBy()
2023-03-26_17:31:07 INFO [ Battle StandBy ] SetState_Notify()
2023-03-26_17:32:06 INFO [ Battle StandBy ] SetState_End()
2023-03-26_17:32:06 INFO [ Battle StandBy ] SetState_None()
2023-03-26_17:32:06 INFO [ Battle Maya ] SetState_StandBy_1()
2023-03-26_17:32:06 INFO SetState_BattleOfMaya()
2023-03-26_17:34:05 INFO [ Battle Maya ] SetState_Notify_1()
2023-03-26_17:34:05 INFO [ Battle Maya ] Failed. No users at state 2
2023-03-26_17:34:05 INFO [ Battle Maya ] SetState_End()
2023-03-26_17:34:07 INFO [ Battle Maya ] SetState_EndCycle()
2023-03-26_17:34:07 INFO [ Battle Maya ] SetState_None()
2023-03-26_17:34:07 INFO SetState_End()
2023-03-26_17:34:07 INFO SetState_None()
2023-03-26_17:34:07 INFO [ Battle StandBy ] SetState_Start()
2023-03-26_17:34:07 INFO SetState_BattleStandBy()
2023-03-26_17:35:06 INFO [ Battle StandBy ] SetState_Notify()
2023-03-26_17:36:05 INFO [ Battle StandBy ] SetState_End()
2023-03-26_17:36:05 INFO [ Battle StandBy ] SetState_None()
2023-03-26_17:36:05 INFO [ Battle Maya ] SetState_StandBy_1()
2023-03-26_17:36:05 INFO SetState_BattleOfMaya()
2023-03-26_17:38:04 INFO [ Battle Maya ] SetState_Notify_1()
2023-03-26_17:38:04 INFO [ Battle Maya ] Failed. No users at state 2
2023-03-26_17:38:04 INFO [ Battle Maya ] SetState_End()
2023-03-26_17:38:06 INFO [ Battle Maya ] SetState_EndCycle()
2023-03-26_17:38:06 INFO [ Battle Maya ] SetState_None()
2023-03-26_17:38:06 INFO SetState_End()
2023-03-26_17:38:06 INFO SetState_None()
2023-03-26_17:38:06 INFO [ Battle StandBy ] SetState_Start()
2023-03-26_17:38:06 INFO SetState_BattleStandBy()
2023-03-26_17:39:05 INFO [ Battle StandBy ] SetState_Notify()
2023-03-26_17:40:04 INFO [ Battle StandBy ] SetState_End()
2023-03-26_17:40:05 INFO [ Battle StandBy ] SetState_None()
2023-03-26_17:40:05 INFO [ Battle Maya ] SetState_StandBy_1()
2023-03-26_17:40:05 INFO SetState_BattleOfMaya()
