2023-04-09_09:35:19 INFO [ Battle StandBy ] SetState_Start()
2023-04-09_09:35:19 INFO SetState_BattleStandBy()
2023-04-09_09:36:18 INFO [ Battle StandBy ] SetState_Notify()
2023-04-09_09:37:17 INFO [ Battle StandBy ] SetState_End()
2023-04-09_09:37:17 INFO [ Battle StandBy ] SetState_None()
2023-04-09_09:37:17 INFO [ Battle Maya ] SetState_StandBy_1()
2023-04-09_09:37:17 INFO SetState_BattleOfMaya()
2023-04-09_09:39:16 INFO [ Battle Maya ] SetState_Notify_1()
2023-04-09_09:39:16 INFO [ Battle Maya ] Failed. No users at state 2
2023-04-09_09:39:16 INFO [ Battle Maya ] SetState_End()
2023-04-09_09:39:18 INFO [ Battle Maya ] SetState_EndCycle()
2023-04-09_09:39:18 INFO [ Battle Maya ] SetState_None()
2023-04-09_09:39:18 INFO SetState_End()
2023-04-09_09:39:18 INFO SetState_None()
2023-04-09_09:39:18 INFO [ Battle StandBy ] SetState_Start()
2023-04-09_09:39:18 INFO SetState_BattleStandBy()
2023-04-09_09:40:17 INFO [ Battle StandBy ] SetState_Notify()
2023-04-09_09:41:16 INFO [ Battle StandBy ] SetState_End()
2023-04-09_09:41:16 INFO [ Battle StandBy ] SetState_None()
2023-04-09_09:41:16 INFO [ Battle Maya ] SetState_StandBy_1()
2023-04-09_09:41:16 INFO SetState_BattleOfMaya()
2023-04-09_09:43:15 INFO [ Battle Maya ] SetState_Notify_1()
2023-04-09_09:43:15 INFO [ Battle Maya ] Failed. No users at state 2
2023-04-09_09:43:15 INFO [ Battle Maya ] SetState_End()
2023-04-09_09:43:17 INFO [ Battle Maya ] SetState_EndCycle()
2023-04-09_09:43:17 INFO [ Battle Maya ] SetState_None()
2023-04-09_09:43:17 INFO SetState_End()
2023-04-09_09:43:18 INFO SetState_None()
2023-04-09_09:43:18 INFO [ Battle StandBy ] SetState_Start()
2023-04-09_09:43:18 INFO SetState_BattleStandBy()
2023-04-09_09:44:17 INFO [ Battle StandBy ] SetState_Notify()
2023-04-09_09:45:16 INFO [ Battle StandBy ] SetState_End()
2023-04-09_09:45:16 INFO [ Battle StandBy ] SetState_None()
2023-04-09_09:45:16 INFO [ Battle Maya ] SetState_StandBy_1()
2023-04-09_09:45:16 INFO SetState_BattleOfMaya()
2023-04-09_09:47:15 INFO [ Battle Maya ] SetState_Notify_1()
2023-04-09_09:47:15 INFO [ Battle Maya ] Failed. No users at state 2
2023-04-09_09:47:15 INFO [ Battle Maya ] SetState_End()
2023-04-09_09:47:17 INFO [ Battle Maya ] SetState_EndCycle()
2023-04-09_09:47:17 INFO [ Battle Maya ] SetState_None()
2023-04-09_09:47:17 INFO SetState_End()
2023-04-09_09:47:17 INFO SetState_None()
2023-04-09_09:47:17 INFO [ Battle StandBy ] SetState_Start()
2023-04-09_09:47:17 INFO SetState_BattleStandBy()
2023-04-09_09:48:16 INFO [ Battle StandBy ] SetState_Notify()
2023-04-09_09:49:15 INFO [ Battle StandBy ] SetState_End()
2023-04-09_09:49:15 INFO [ Battle StandBy ] SetState_None()
2023-04-09_09:49:15 INFO [ Battle Maya ] SetState_StandBy_1()
2023-04-09_09:49:15 INFO SetState_BattleOfMaya()
2023-04-09_09:51:14 INFO [ Battle Maya ] SetState_Notify_1()
2023-04-09_09:51:14 INFO [ Battle Maya ] Failed. No users at state 2
2023-04-09_09:51:14 INFO [ Battle Maya ] SetState_End()
2023-04-09_09:51:16 INFO [ Battle Maya ] SetState_EndCycle()
2023-04-09_09:51:16 INFO [ Battle Maya ] SetState_None()
2023-04-09_09:51:16 INFO SetState_End()
2023-04-09_09:51:16 INFO SetState_None()
2023-04-09_09:51:16 INFO [ Battle StandBy ] SetState_Start()
2023-04-09_09:51:16 INFO SetState_BattleStandBy()
2023-04-09_09:52:15 INFO [ Battle StandBy ] SetState_Notify()
2023-04-09_09:53:14 INFO [ Battle StandBy ] SetState_End()
2023-04-09_09:53:14 INFO [ Battle StandBy ] SetState_None()
2023-04-09_09:53:14 INFO [ Battle Maya ] SetState_StandBy_1()
2023-04-09_09:53:14 INFO SetState_BattleOfMaya()
2023-04-09_09:55:13 INFO [ Battle Maya ] SetState_Notify_1()
2023-04-09_09:55:13 INFO [ Battle Maya ] Failed. No users at state 2
2023-04-09_09:55:13 INFO [ Battle Maya ] SetState_End()
2023-04-09_09:55:15 INFO [ Battle Maya ] SetState_EndCycle()
2023-04-09_09:55:16 INFO [ Battle Maya ] SetState_None()
2023-04-09_09:55:16 INFO SetState_End()
2023-04-09_09:55:16 INFO SetState_None()
2023-04-09_09:55:16 INFO [ Battle StandBy ] SetState_Start()
2023-04-09_09:55:16 INFO SetState_BattleStandBy()
2023-04-09_09:56:15 INFO [ Battle StandBy ] SetState_Notify()
2023-04-09_09:57:14 INFO [ Battle StandBy ] SetState_End()
2023-04-09_09:57:14 INFO [ Battle StandBy ] SetState_None()
2023-04-09_09:57:14 INFO [ Battle Maya ] SetState_StandBy_1()
2023-04-09_09:57:14 INFO SetState_BattleOfMaya()
2023-04-09_09:59:13 INFO [ Battle Maya ] SetState_Notify_1()
2023-04-09_09:59:13 INFO [ Battle Maya ] Failed. No users at state 2
2023-04-09_09:59:13 INFO [ Battle Maya ] SetState_End()
2023-04-09_09:59:15 INFO [ Battle Maya ] SetState_EndCycle()
2023-04-09_09:59:15 INFO [ Battle Maya ] SetState_None()
2023-04-09_09:59:15 INFO SetState_End()
2023-04-09_09:59:15 INFO SetState_None()
2023-04-09_09:59:15 INFO [ Battle StandBy ] SetState_Start()
2023-04-09_09:59:15 INFO SetState_BattleStandBy()
2023-04-09_10:00:14 INFO [ Battle StandBy ] SetState_Notify()
2023-04-09_10:01:13 INFO [ Battle StandBy ] SetState_End()
2023-04-09_10:01:13 INFO [ Battle StandBy ] SetState_None()
2023-04-09_10:01:13 INFO [ Battle Maya ] SetState_StandBy_1()
2023-04-09_10:01:13 INFO SetState_BattleOfMaya()
2023-04-09_10:03:12 INFO [ Battle Maya ] SetState_Notify_1()
2023-04-09_10:03:12 INFO [ Battle Maya ] Failed. No users at state 2
2023-04-09_10:03:12 INFO [ Battle Maya ] SetState_End()
2023-04-09_10:03:14 INFO [ Battle Maya ] SetState_EndCycle()
2023-04-09_10:03:14 INFO [ Battle Maya ] SetState_None()
2023-04-09_10:03:14 INFO SetState_End()
2023-04-09_10:03:15 INFO SetState_None()
2023-04-09_10:03:15 INFO [ Battle StandBy ] SetState_Start()
2023-04-09_10:03:15 INFO SetState_BattleStandBy()
2023-04-09_10:04:14 INFO [ Battle StandBy ] SetState_Notify()
2023-04-09_10:05:13 INFO [ Battle StandBy ] SetState_End()
2023-04-09_10:05:13 INFO [ Battle StandBy ] SetState_None()
2023-04-09_10:05:13 INFO [ Battle Maya ] SetState_StandBy_1()
2023-04-09_10:05:13 INFO SetState_BattleOfMaya()
2023-04-09_10:07:12 INFO [ Battle Maya ] SetState_Notify_1()
2023-04-09_10:07:12 INFO [ Battle Maya ] Failed. No users at state 2
2023-04-09_10:07:12 INFO [ Battle Maya ] SetState_End()
2023-04-09_10:07:14 INFO [ Battle Maya ] SetState_EndCycle()
2023-04-09_10:07:14 INFO [ Battle Maya ] SetState_None()
2023-04-09_10:07:14 INFO SetState_End()
2023-04-09_10:07:14 INFO SetState_None()
2023-04-09_10:07:14 INFO [ Battle StandBy ] SetState_Start()
2023-04-09_10:07:14 INFO SetState_BattleStandBy()
2023-04-09_10:08:13 INFO [ Battle StandBy ] SetState_Notify()
2023-04-09_10:09:12 INFO [ Battle StandBy ] SetState_End()
2023-04-09_10:09:12 INFO [ Battle StandBy ] SetState_None()
2023-04-09_10:09:12 INFO [ Battle Maya ] SetState_StandBy_1()
2023-04-09_10:09:12 INFO SetState_BattleOfMaya()
2023-04-09_10:11:11 INFO [ Battle Maya ] SetState_Notify_1()
2023-04-09_10:11:11 INFO [ Battle Maya ] Failed. No users at state 2
2023-04-09_10:11:11 INFO [ Battle Maya ] SetState_End()
2023-04-09_10:11:13 INFO [ Battle Maya ] SetState_EndCycle()
2023-04-09_10:11:13 INFO [ Battle Maya ] SetState_None()
2023-04-09_10:11:13 INFO SetState_End()
2023-04-09_10:11:13 INFO SetState_None()
2023-04-09_10:11:13 INFO [ Battle StandBy ] SetState_Start()
2023-04-09_10:11:13 INFO SetState_BattleStandBy()
2023-04-09_10:12:12 INFO [ Battle StandBy ] SetState_Notify()
2023-04-09_10:13:11 INFO [ Battle StandBy ] SetState_End()
2023-04-09_10:13:11 INFO [ Battle StandBy ] SetState_None()
2023-04-09_10:13:11 INFO [ Battle Maya ] SetState_StandBy_1()
2023-04-09_10:13:11 INFO SetState_BattleOfMaya()
2023-04-09_10:15:10 INFO [ Battle Maya ] SetState_Notify_1()
2023-04-09_10:15:10 INFO [ Battle Maya ] Failed. No users at state 2
2023-04-09_10:15:10 INFO [ Battle Maya ] SetState_End()
2023-04-09_10:15:12 INFO [ Battle Maya ] SetState_EndCycle()
2023-04-09_10:15:12 INFO [ Battle Maya ] SetState_None()
2023-04-09_10:15:12 INFO SetState_End()
2023-04-09_10:15:13 INFO SetState_None()
2023-04-09_10:15:13 INFO [ Battle StandBy ] SetState_Start()
2023-04-09_10:15:13 INFO SetState_BattleStandBy()
2023-04-09_10:16:12 INFO [ Battle StandBy ] SetState_Notify()
2023-04-09_10:17:11 INFO [ Battle StandBy ] SetState_End()
2023-04-09_10:17:11 INFO [ Battle StandBy ] SetState_None()
2023-04-09_10:17:11 INFO [ Battle Maya ] SetState_StandBy_1()
2023-04-09_10:17:11 INFO SetState_BattleOfMaya()
2023-04-09_10:19:10 INFO [ Battle Maya ] SetState_Notify_1()
2023-04-09_10:19:10 INFO [ Battle Maya ] Failed. No users at state 2
2023-04-09_10:19:10 INFO [ Battle Maya ] SetState_End()
2023-04-09_10:19:12 INFO [ Battle Maya ] SetState_EndCycle()
2023-04-09_10:19:12 INFO [ Battle Maya ] SetState_None()
2023-04-09_10:19:12 INFO SetState_End()
2023-04-09_10:19:12 INFO SetState_None()
2023-04-09_10:19:12 INFO [ Battle StandBy ] SetState_Start()
2023-04-09_10:19:12 INFO SetState_BattleStandBy()
2023-04-09_10:20:11 INFO [ Battle StandBy ] SetState_Notify()
2023-04-09_10:21:10 INFO [ Battle StandBy ] SetState_End()
2023-04-09_10:21:10 INFO [ Battle StandBy ] SetState_None()
2023-04-09_10:21:10 INFO [ Battle Maya ] SetState_StandBy_1()
2023-04-09_10:21:10 INFO SetState_BattleOfMaya()
