2023-03-30_21:59:46 INFO [ Battle StandBy ] SetState_Start()
2023-03-30_21:59:46 INFO SetState_BattleStandBy()
2023-03-30_22:00:45 INFO [ Battle StandBy ] SetState_Notify()
2023-03-30_22:01:44 INFO [ Battle StandBy ] SetState_End()
2023-03-30_22:01:44 INFO [ Battle StandBy ] SetState_None()
2023-03-30_22:01:44 INFO [ Battle Maya ] SetState_StandBy_1()
2023-03-30_22:01:44 INFO SetState_BattleOfMaya()
2023-03-30_22:03:43 INFO [ Battle Maya ] SetState_Notify_1()
2023-03-30_22:03:43 INFO [ Battle Maya ] Failed. No users at state 2
2023-03-30_22:03:43 INFO [ Battle Maya ] SetState_End()
2023-03-30_22:03:45 INFO [ Battle Maya ] SetState_EndCycle()
2023-03-30_22:03:45 INFO [ Battle Maya ] SetState_None()
2023-03-30_22:03:45 INFO SetState_End()
2023-03-30_22:03:45 INFO SetState_None()
2023-03-30_22:03:45 INFO [ Battle StandBy ] SetState_Start()
2023-03-30_22:03:45 INFO SetState_BattleStandBy()
2023-03-30_22:04:44 INFO [ Battle StandBy ] SetState_Notify()
2023-03-30_22:05:43 INFO [ Battle StandBy ] SetState_End()
2023-03-30_22:05:43 INFO [ Battle StandBy ] SetState_None()
2023-03-30_22:05:43 INFO [ Battle Maya ] SetState_StandBy_1()
2023-03-30_22:05:43 INFO SetState_BattleOfMaya()
2023-03-30_22:07:42 INFO [ Battle Maya ] SetState_Notify_1()
2023-03-30_22:07:42 INFO [ Battle Maya ] Failed. No users at state 2
2023-03-30_22:07:42 INFO [ Battle Maya ] SetState_End()
2023-03-30_22:07:44 INFO [ Battle Maya ] SetState_EndCycle()
2023-03-30_22:07:44 INFO [ Battle Maya ] SetState_None()
2023-03-30_22:07:44 INFO SetState_End()
2023-03-30_22:07:44 INFO SetState_None()
2023-03-30_22:07:45 INFO [ Battle StandBy ] SetState_Start()
2023-03-30_22:07:45 INFO SetState_BattleStandBy()
2023-03-30_22:08:44 INFO [ Battle StandBy ] SetState_Notify()
2023-03-30_22:09:43 INFO [ Battle StandBy ] SetState_End()
2023-03-30_22:09:43 INFO [ Battle StandBy ] SetState_None()
2023-03-30_22:09:43 INFO [ Battle Maya ] SetState_StandBy_1()
2023-03-30_22:09:43 INFO SetState_BattleOfMaya()
2023-03-30_22:11:42 INFO [ Battle Maya ] SetState_Notify_1()
2023-03-30_22:11:42 INFO [ Battle Maya ] Failed. No users at state 2
2023-03-30_22:11:42 INFO [ Battle Maya ] SetState_End()
2023-03-30_22:11:44 INFO [ Battle Maya ] SetState_EndCycle()
2023-03-30_22:11:44 INFO [ Battle Maya ] SetState_None()
2023-03-30_22:11:44 INFO SetState_End()
2023-03-30_22:11:44 INFO SetState_None()
2023-03-30_22:11:44 INFO [ Battle StandBy ] SetState_Start()
2023-03-30_22:11:44 INFO SetState_BattleStandBy()
2023-03-30_22:12:43 INFO [ Battle StandBy ] SetState_Notify()
2023-03-30_22:13:42 INFO [ Battle StandBy ] SetState_End()
2023-03-30_22:13:42 INFO [ Battle StandBy ] SetState_None()
2023-03-30_22:13:42 INFO [ Battle Maya ] SetState_StandBy_1()
2023-03-30_22:13:42 INFO SetState_BattleOfMaya()
2023-03-30_22:15:41 INFO [ Battle Maya ] SetState_Notify_1()
2023-03-30_22:15:41 INFO [ Battle Maya ] Failed. No users at state 2
2023-03-30_22:15:41 INFO [ Battle Maya ] SetState_End()
2023-03-30_22:15:43 INFO [ Battle Maya ] SetState_EndCycle()
2023-03-30_22:15:43 INFO [ Battle Maya ] SetState_None()
2023-03-30_22:15:43 INFO SetState_End()
2023-03-30_22:15:43 INFO SetState_None()
2023-03-30_22:15:43 INFO [ Battle StandBy ] SetState_Start()
2023-03-30_22:15:43 INFO SetState_BattleStandBy()
2023-03-30_22:16:42 INFO [ Battle StandBy ] SetState_Notify()
2023-03-30_22:17:41 INFO [ Battle StandBy ] SetState_End()
2023-03-30_22:17:41 INFO [ Battle StandBy ] SetState_None()
2023-03-30_22:17:41 INFO [ Battle Maya ] SetState_StandBy_1()
2023-03-30_22:17:41 INFO SetState_BattleOfMaya()
2023-03-30_22:19:40 INFO [ Battle Maya ] SetState_Notify_1()
2023-03-30_22:19:40 INFO [ Battle Maya ] Failed. No users at state 2
2023-03-30_22:19:40 INFO [ Battle Maya ] SetState_End()
2023-03-30_22:19:42 INFO [ Battle Maya ] SetState_EndCycle()
2023-03-30_22:19:42 INFO [ Battle Maya ] SetState_None()
2023-03-30_22:19:42 INFO SetState_End()
2023-03-30_22:19:43 INFO SetState_None()
2023-03-30_22:19:43 INFO [ Battle StandBy ] SetState_Start()
2023-03-30_22:19:43 INFO SetState_BattleStandBy()
2023-03-30_22:20:42 INFO [ Battle StandBy ] SetState_Notify()
2023-03-30_22:21:41 INFO [ Battle StandBy ] SetState_End()
2023-03-30_22:21:41 INFO [ Battle StandBy ] SetState_None()
2023-03-30_22:21:41 INFO [ Battle Maya ] SetState_StandBy_1()
2023-03-30_22:21:41 INFO SetState_BattleOfMaya()
2023-03-30_22:23:40 INFO [ Battle Maya ] SetState_Notify_1()
2023-03-30_22:23:40 INFO [ Battle Maya ] Failed. No users at state 2
2023-03-30_22:23:40 INFO [ Battle Maya ] SetState_End()
2023-03-30_22:23:42 INFO [ Battle Maya ] SetState_EndCycle()
2023-03-30_22:23:42 INFO [ Battle Maya ] SetState_None()
2023-03-30_22:23:42 INFO SetState_End()
2023-03-30_22:23:42 INFO SetState_None()
2023-03-30_22:23:42 INFO [ Battle StandBy ] SetState_Start()
2023-03-30_22:23:42 INFO SetState_BattleStandBy()
2023-03-30_22:24:41 INFO [ Battle StandBy ] SetState_Notify()
2023-03-30_22:25:40 INFO [ Battle StandBy ] SetState_End()
2023-03-30_22:25:40 INFO [ Battle StandBy ] SetState_None()
2023-03-30_22:25:40 INFO [ Battle Maya ] SetState_StandBy_1()
2023-03-30_22:25:40 INFO SetState_BattleOfMaya()
2023-03-30_22:27:39 INFO [ Battle Maya ] SetState_Notify_1()
2023-03-30_22:27:39 INFO [ Battle Maya ] Failed. No users at state 2
2023-03-30_22:27:39 INFO [ Battle Maya ] SetState_End()
2023-03-30_22:27:41 INFO [ Battle Maya ] SetState_EndCycle()
2023-03-30_22:27:41 INFO [ Battle Maya ] SetState_None()
2023-03-30_22:27:41 INFO SetState_End()
2023-03-30_22:27:41 INFO SetState_None()
2023-03-30_22:27:41 INFO [ Battle StandBy ] SetState_Start()
2023-03-30_22:27:41 INFO SetState_BattleStandBy()
2023-03-30_22:28:40 INFO [ Battle StandBy ] SetState_Notify()
2023-03-30_22:29:39 INFO [ Battle StandBy ] SetState_End()
2023-03-30_22:29:40 INFO [ Battle StandBy ] SetState_None()
2023-03-30_22:29:40 INFO [ Battle Maya ] SetState_StandBy_1()
2023-03-30_22:29:40 INFO SetState_BattleOfMaya()
2023-03-30_22:31:39 INFO [ Battle Maya ] SetState_Notify_1()
2023-03-30_22:31:39 INFO [ Battle Maya ] Failed. No users at state 2
2023-03-30_22:31:39 INFO [ Battle Maya ] SetState_End()
2023-03-30_22:31:41 INFO [ Battle Maya ] SetState_EndCycle()
2023-03-30_22:31:41 INFO [ Battle Maya ] SetState_None()
2023-03-30_22:31:41 INFO SetState_End()
2023-03-30_22:31:41 INFO SetState_None()
2023-03-30_22:31:41 INFO [ Battle StandBy ] SetState_Start()
2023-03-30_22:31:41 INFO SetState_BattleStandBy()
2023-03-30_22:32:40 INFO [ Battle StandBy ] SetState_Notify()
2023-03-30_22:33:39 INFO [ Battle StandBy ] SetState_End()
2023-03-30_22:33:39 INFO [ Battle StandBy ] SetState_None()
2023-03-30_22:33:39 INFO [ Battle Maya ] SetState_StandBy_1()
2023-03-30_22:33:39 INFO SetState_BattleOfMaya()
2023-03-30_22:35:38 INFO [ Battle Maya ] SetState_Notify_1()
2023-03-30_22:35:38 INFO [ Battle Maya ] Failed. No users at state 2
2023-03-30_22:35:38 INFO [ Battle Maya ] SetState_End()
2023-03-30_22:35:40 INFO [ Battle Maya ] SetState_EndCycle()
2023-03-30_22:35:40 INFO [ Battle Maya ] SetState_None()
2023-03-30_22:35:40 INFO SetState_End()
2023-03-30_22:35:40 INFO SetState_None()
2023-03-30_22:35:40 INFO [ Battle StandBy ] SetState_Start()
2023-03-30_22:35:40 INFO SetState_BattleStandBy()
2023-03-30_22:36:39 INFO [ Battle StandBy ] SetState_Notify()
2023-03-30_22:37:38 INFO [ Battle StandBy ] SetState_End()
2023-03-30_22:37:38 INFO [ Battle StandBy ] SetState_None()
2023-03-30_22:37:38 INFO [ Battle Maya ] SetState_StandBy_1()
2023-03-30_22:37:38 INFO SetState_BattleOfMaya()
2023-03-30_22:39:37 INFO [ Battle Maya ] SetState_Notify_1()
2023-03-30_22:39:37 INFO [ Battle Maya ] Failed. No users at state 2
2023-03-30_22:39:37 INFO [ Battle Maya ] SetState_End()
2023-03-30_22:39:39 INFO [ Battle Maya ] SetState_EndCycle()
2023-03-30_22:39:39 INFO [ Battle Maya ] SetState_None()
2023-03-30_22:39:39 INFO SetState_End()
2023-03-30_22:39:39 INFO SetState_None()
2023-03-30_22:39:39 INFO [ Battle StandBy ] SetState_Start()
2023-03-30_22:39:39 INFO SetState_BattleStandBy()
2023-03-30_22:40:38 INFO [ Battle StandBy ] SetState_Notify()
2023-03-30_22:41:38 INFO [ Battle StandBy ] SetState_End()
2023-03-30_22:41:38 INFO [ Battle StandBy ] SetState_None()
2023-03-30_22:41:38 INFO [ Battle Maya ] SetState_StandBy_1()
2023-03-30_22:41:38 INFO SetState_BattleOfMaya()
2023-03-30_22:43:37 INFO [ Battle Maya ] SetState_Notify_1()
2023-03-30_22:43:37 INFO [ Battle Maya ] Failed. No users at state 2
2023-03-30_22:43:37 INFO [ Battle Maya ] SetState_End()
2023-03-30_22:43:39 INFO [ Battle Maya ] SetState_EndCycle()
2023-03-30_22:43:39 INFO [ Battle Maya ] SetState_None()
2023-03-30_22:43:39 INFO SetState_End()
2023-03-30_22:43:39 INFO SetState_None()
2023-03-30_22:43:39 INFO [ Battle StandBy ] SetState_Start()
2023-03-30_22:43:39 INFO SetState_BattleStandBy()
2023-03-30_22:44:38 INFO [ Battle StandBy ] SetState_Notify()
2023-03-30_22:45:37 INFO [ Battle StandBy ] SetState_End()
2023-03-30_22:45:37 INFO [ Battle StandBy ] SetState_None()
2023-03-30_22:45:37 INFO [ Battle Maya ] SetState_StandBy_1()
2023-03-30_22:45:37 INFO SetState_BattleOfMaya()
2023-03-30_22:47:36 INFO [ Battle Maya ] SetState_Notify_1()
2023-03-30_22:47:36 INFO [ Battle Maya ] Failed. No users at state 2
2023-03-30_22:47:36 INFO [ Battle Maya ] SetState_End()
2023-03-30_22:47:38 INFO [ Battle Maya ] SetState_EndCycle()
2023-03-30_22:47:38 INFO [ Battle Maya ] SetState_None()
2023-03-30_22:47:38 INFO SetState_End()
2023-03-30_22:47:38 INFO SetState_None()
2023-03-30_22:47:38 INFO [ Battle StandBy ] SetState_Start()
2023-03-30_22:47:38 INFO SetState_BattleStandBy()
2023-03-30_22:48:37 INFO [ Battle StandBy ] SetState_Notify()
2023-03-30_22:49:36 INFO [ Battle StandBy ] SetState_End()
2023-03-30_22:49:36 INFO [ Battle StandBy ] SetState_None()
2023-03-30_22:49:36 INFO [ Battle Maya ] SetState_StandBy_1()
2023-03-30_22:49:36 INFO SetState_BattleOfMaya()
2023-03-30_22:51:35 INFO [ Battle Maya ] SetState_Notify_1()
2023-03-30_22:51:36 INFO [ Battle Maya ] Failed. No users at state 2
2023-03-30_22:51:36 INFO [ Battle Maya ] SetState_End()
2023-03-30_22:51:38 INFO [ Battle Maya ] SetState_EndCycle()
2023-03-30_22:51:38 INFO [ Battle Maya ] SetState_None()
2023-03-30_22:51:38 INFO SetState_End()
2023-03-30_22:51:38 INFO SetState_None()
2023-03-30_22:51:38 INFO [ Battle StandBy ] SetState_Start()
2023-03-30_22:51:38 INFO SetState_BattleStandBy()
2023-03-30_22:52:37 INFO [ Battle StandBy ] SetState_Notify()
2023-03-30_22:53:36 INFO [ Battle StandBy ] SetState_End()
2023-03-30_22:53:36 INFO [ Battle StandBy ] SetState_None()
2023-03-30_22:53:36 INFO [ Battle Maya ] SetState_StandBy_1()
2023-03-30_22:53:36 INFO SetState_BattleOfMaya()
2023-03-30_22:55:35 INFO [ Battle Maya ] SetState_Notify_1()
2023-03-30_22:55:35 INFO [ Battle Maya ] Failed. No users at state 2
2023-03-30_22:55:35 INFO [ Battle Maya ] SetState_End()
2023-03-30_22:55:37 INFO [ Battle Maya ] SetState_EndCycle()
2023-03-30_22:55:37 INFO [ Battle Maya ] SetState_None()
2023-03-30_22:55:37 INFO SetState_End()
2023-03-30_22:55:37 INFO SetState_None()
2023-03-30_22:55:37 INFO [ Battle StandBy ] SetState_Start()
2023-03-30_22:55:37 INFO SetState_BattleStandBy()
2023-03-30_22:56:36 INFO [ Battle StandBy ] SetState_Notify()
2023-03-30_22:57:35 INFO [ Battle StandBy ] SetState_End()
2023-03-30_22:57:35 INFO [ Battle StandBy ] SetState_None()
2023-03-30_22:57:35 INFO [ Battle Maya ] SetState_StandBy_1()
2023-03-30_22:57:35 INFO SetState_BattleOfMaya()
2023-03-30_22:59:34 INFO [ Battle Maya ] SetState_Notify_1()
2023-03-30_22:59:34 INFO [ Battle Maya ] Failed. No users at state 2
2023-03-30_22:59:34 INFO [ Battle Maya ] SetState_End()
2023-03-30_22:59:36 INFO [ Battle Maya ] SetState_EndCycle()
2023-03-30_22:59:36 INFO [ Battle Maya ] SetState_None()
2023-03-30_22:59:36 INFO SetState_End()
2023-03-30_22:59:36 INFO SetState_None()
2023-03-30_22:59:36 INFO [ Battle StandBy ] SetState_Start()
2023-03-30_22:59:36 INFO SetState_BattleStandBy()
2023-03-30_23:00:35 INFO [ Battle StandBy ] SetState_Notify()
2023-03-30_23:01:34 INFO [ Battle StandBy ] SetState_End()
2023-03-30_23:01:35 INFO [ Battle StandBy ] SetState_None()
2023-03-30_23:01:35 INFO [ Battle Maya ] SetState_StandBy_1()
2023-03-30_23:01:35 INFO SetState_BattleOfMaya()
2023-03-30_23:03:34 INFO [ Battle Maya ] SetState_Notify_1()
2023-03-30_23:03:34 INFO [ Battle Maya ] Failed. No users at state 2
2023-03-30_23:03:34 INFO [ Battle Maya ] SetState_End()
2023-03-30_23:03:36 INFO [ Battle Maya ] SetState_EndCycle()
2023-03-30_23:03:36 INFO [ Battle Maya ] SetState_None()
2023-03-30_23:03:36 INFO SetState_End()
2023-03-30_23:03:36 INFO SetState_None()
2023-03-30_23:03:36 INFO [ Battle StandBy ] SetState_Start()
2023-03-30_23:03:36 INFO SetState_BattleStandBy()
2023-03-30_23:04:35 INFO [ Battle StandBy ] SetState_Notify()
2023-03-30_23:05:34 INFO [ Battle StandBy ] SetState_End()
2023-03-30_23:05:34 INFO [ Battle StandBy ] SetState_None()
2023-03-30_23:05:34 INFO [ Battle Maya ] SetState_StandBy_1()
2023-03-30_23:05:34 INFO SetState_BattleOfMaya()
2023-03-30_23:07:33 INFO [ Battle Maya ] SetState_Notify_1()
2023-03-30_23:07:33 INFO [ Battle Maya ] Failed. No users at state 2
2023-03-30_23:07:33 INFO [ Battle Maya ] SetState_End()
2023-03-30_23:07:35 INFO [ Battle Maya ] SetState_EndCycle()
2023-03-30_23:07:35 INFO [ Battle Maya ] SetState_None()
2023-03-30_23:07:35 INFO SetState_End()
2023-03-30_23:07:35 INFO SetState_None()
2023-03-30_23:07:35 INFO [ Battle StandBy ] SetState_Start()
2023-03-30_23:07:35 INFO SetState_BattleStandBy()
2023-03-30_23:08:34 INFO [ Battle StandBy ] SetState_Notify()
2023-03-30_23:09:33 INFO [ Battle StandBy ] SetState_End()
2023-03-30_23:09:33 INFO [ Battle StandBy ] SetState_None()
2023-03-30_23:09:33 INFO [ Battle Maya ] SetState_StandBy_1()
2023-03-30_23:09:33 INFO SetState_BattleOfMaya()
2023-03-30_23:11:32 INFO [ Battle Maya ] SetState_Notify_1()
2023-03-30_23:11:32 INFO [ Battle Maya ] Failed. No users at state 2
2023-03-30_23:11:32 INFO [ Battle Maya ] SetState_End()
2023-03-30_23:11:34 INFO [ Battle Maya ] SetState_EndCycle()
2023-03-30_23:11:34 INFO [ Battle Maya ] SetState_None()
2023-03-30_23:11:34 INFO SetState_End()
2023-03-30_23:11:35 INFO SetState_None()
2023-03-30_23:11:35 INFO [ Battle StandBy ] SetState_Start()
2023-03-30_23:11:35 INFO SetState_BattleStandBy()
2023-03-30_23:12:34 INFO [ Battle StandBy ] SetState_Notify()
2023-03-30_23:13:33 INFO [ Battle StandBy ] SetState_End()
2023-03-30_23:13:33 INFO [ Battle StandBy ] SetState_None()
2023-03-30_23:13:33 INFO [ Battle Maya ] SetState_StandBy_1()
2023-03-30_23:13:33 INFO SetState_BattleOfMaya()
2023-03-30_23:15:32 INFO [ Battle Maya ] SetState_Notify_1()
2023-03-30_23:15:32 INFO [ Battle Maya ] Failed. No users at state 2
2023-03-30_23:15:32 INFO [ Battle Maya ] SetState_End()
2023-03-30_23:15:34 INFO [ Battle Maya ] SetState_EndCycle()
2023-03-30_23:15:34 INFO [ Battle Maya ] SetState_None()
2023-03-30_23:15:34 INFO SetState_End()
2023-03-30_23:15:34 INFO SetState_None()
2023-03-30_23:15:34 INFO [ Battle StandBy ] SetState_Start()
2023-03-30_23:15:34 INFO SetState_BattleStandBy()
2023-03-30_23:16:33 INFO [ Battle StandBy ] SetState_Notify()
2023-03-30_23:17:32 INFO [ Battle StandBy ] SetState_End()
2023-03-30_23:17:32 INFO [ Battle StandBy ] SetState_None()
2023-03-30_23:17:32 INFO [ Battle Maya ] SetState_StandBy_1()
2023-03-30_23:17:32 INFO SetState_BattleOfMaya()
2023-03-30_23:19:31 INFO [ Battle Maya ] SetState_Notify_1()
2023-03-30_23:19:31 INFO [ Battle Maya ] Failed. No users at state 2
2023-03-30_23:19:31 INFO [ Battle Maya ] SetState_End()
2023-03-30_23:19:33 INFO [ Battle Maya ] SetState_EndCycle()
2023-03-30_23:19:33 INFO [ Battle Maya ] SetState_None()
2023-03-30_23:19:33 INFO SetState_End()
2023-03-30_23:19:33 INFO SetState_None()
2023-03-30_23:19:33 INFO [ Battle StandBy ] SetState_Start()
2023-03-30_23:19:33 INFO SetState_BattleStandBy()
2023-03-30_23:20:32 INFO [ Battle StandBy ] SetState_Notify()
2023-03-30_23:21:31 INFO [ Battle StandBy ] SetState_End()
2023-03-30_23:21:31 INFO [ Battle StandBy ] SetState_None()
2023-03-30_23:21:31 INFO [ Battle Maya ] SetState_StandBy_1()
2023-03-30_23:21:31 INFO SetState_BattleOfMaya()
2023-03-30_23:23:30 INFO [ Battle Maya ] SetState_Notify_1()
2023-03-30_23:23:30 INFO [ Battle Maya ] Failed. No users at state 2
2023-03-30_23:23:30 INFO [ Battle Maya ] SetState_End()
2023-03-30_23:23:32 INFO [ Battle Maya ] SetState_EndCycle()
2023-03-30_23:23:33 INFO [ Battle Maya ] SetState_None()
2023-03-30_23:23:33 INFO SetState_End()
2023-03-30_23:23:33 INFO SetState_None()
2023-03-30_23:23:33 INFO [ Battle StandBy ] SetState_Start()
2023-03-30_23:23:33 INFO SetState_BattleStandBy()
2023-03-30_23:24:32 INFO [ Battle StandBy ] SetState_Notify()
2023-03-30_23:25:31 INFO [ Battle StandBy ] SetState_End()
2023-03-30_23:25:31 INFO [ Battle StandBy ] SetState_None()
2023-03-30_23:25:31 INFO [ Battle Maya ] SetState_StandBy_1()
2023-03-30_23:25:31 INFO SetState_BattleOfMaya()
2023-03-30_23:27:30 INFO [ Battle Maya ] SetState_Notify_1()
2023-03-30_23:27:30 INFO [ Battle Maya ] Failed. No users at state 2
2023-03-30_23:27:30 INFO [ Battle Maya ] SetState_End()
2023-03-30_23:27:32 INFO [ Battle Maya ] SetState_EndCycle()
2023-03-30_23:27:32 INFO [ Battle Maya ] SetState_None()
2023-03-30_23:27:32 INFO SetState_End()
2023-03-30_23:27:32 INFO SetState_None()
2023-03-30_23:27:32 INFO [ Battle StandBy ] SetState_Start()
2023-03-30_23:27:32 INFO SetState_BattleStandBy()
2023-03-30_23:28:31 INFO [ Battle StandBy ] SetState_Notify()
2023-03-30_23:29:30 INFO [ Battle StandBy ] SetState_End()
2023-03-30_23:29:30 INFO [ Battle StandBy ] SetState_None()
2023-03-30_23:29:30 INFO [ Battle Maya ] SetState_StandBy_1()
2023-03-30_23:29:30 INFO SetState_BattleOfMaya()
2023-03-30_23:31:29 INFO [ Battle Maya ] SetState_Notify_1()
2023-03-30_23:31:29 INFO [ Battle Maya ] Failed. No users at state 2
2023-03-30_23:31:29 INFO [ Battle Maya ] SetState_End()
2023-03-30_23:31:31 INFO [ Battle Maya ] SetState_EndCycle()
2023-03-30_23:31:31 INFO [ Battle Maya ] SetState_None()
2023-03-30_23:31:31 INFO SetState_End()
2023-03-30_23:31:31 INFO SetState_None()
2023-03-30_23:31:31 INFO [ Battle StandBy ] SetState_Start()
2023-03-30_23:31:31 INFO SetState_BattleStandBy()
2023-03-30_23:32:30 INFO [ Battle StandBy ] SetState_Notify()
2023-03-30_23:33:29 INFO [ Battle StandBy ] SetState_End()
2023-03-30_23:33:29 INFO [ Battle StandBy ] SetState_None()
2023-03-30_23:33:29 INFO [ Battle Maya ] SetState_StandBy_1()
2023-03-30_23:33:29 INFO SetState_BattleOfMaya()
2023-03-30_23:35:28 INFO [ Battle Maya ] SetState_Notify_1()
2023-03-30_23:35:29 INFO [ Battle Maya ] Failed. No users at state 2
2023-03-30_23:35:29 INFO [ Battle Maya ] SetState_End()
2023-03-30_23:35:31 INFO [ Battle Maya ] SetState_EndCycle()
2023-03-30_23:35:31 INFO [ Battle Maya ] SetState_None()
2023-03-30_23:35:31 INFO SetState_End()
2023-03-30_23:35:31 INFO SetState_None()
2023-03-30_23:35:31 INFO [ Battle StandBy ] SetState_Start()
2023-03-30_23:35:31 INFO SetState_BattleStandBy()
2023-03-30_23:36:30 INFO [ Battle StandBy ] SetState_Notify()
2023-03-30_23:37:29 INFO [ Battle StandBy ] SetState_End()
2023-03-30_23:37:29 INFO [ Battle StandBy ] SetState_None()
2023-03-30_23:37:29 INFO [ Battle Maya ] SetState_StandBy_1()
2023-03-30_23:37:29 INFO SetState_BattleOfMaya()
2023-03-30_23:39:28 INFO [ Battle Maya ] SetState_Notify_1()
2023-03-30_23:39:28 INFO [ Battle Maya ] Failed. No users at state 2
2023-03-30_23:39:28 INFO [ Battle Maya ] SetState_End()
2023-03-30_23:39:30 INFO [ Battle Maya ] SetState_EndCycle()
2023-03-30_23:39:30 INFO [ Battle Maya ] SetState_None()
2023-03-30_23:39:30 INFO SetState_End()
2023-03-30_23:39:30 INFO SetState_None()
2023-03-30_23:39:30 INFO [ Battle StandBy ] SetState_Start()
2023-03-30_23:39:30 INFO SetState_BattleStandBy()
2023-03-30_23:40:29 INFO [ Battle StandBy ] SetState_Notify()
2023-03-30_23:41:28 INFO [ Battle StandBy ] SetState_End()
2023-03-30_23:41:28 INFO [ Battle StandBy ] SetState_None()
2023-03-30_23:41:28 INFO [ Battle Maya ] SetState_StandBy_1()
2023-03-30_23:41:28 INFO SetState_BattleOfMaya()
2023-03-30_23:43:27 INFO [ Battle Maya ] SetState_Notify_1()
2023-03-30_23:43:27 INFO [ Battle Maya ] Failed. No users at state 2
2023-03-30_23:43:27 INFO [ Battle Maya ] SetState_End()
2023-03-30_23:43:29 INFO [ Battle Maya ] SetState_EndCycle()
2023-03-30_23:43:29 INFO [ Battle Maya ] SetState_None()
2023-03-30_23:43:29 INFO SetState_End()
2023-03-30_23:43:29 INFO SetState_None()
2023-03-30_23:43:29 INFO [ Battle StandBy ] SetState_Start()
2023-03-30_23:43:29 INFO SetState_BattleStandBy()
2023-03-30_23:44:28 INFO [ Battle StandBy ] SetState_Notify()
2023-03-30_23:45:27 INFO [ Battle StandBy ] SetState_End()
2023-03-30_23:45:27 INFO [ Battle StandBy ] SetState_None()
2023-03-30_23:45:27 INFO [ Battle Maya ] SetState_StandBy_1()
2023-03-30_23:45:27 INFO SetState_BattleOfMaya()
2023-03-30_23:47:26 INFO [ Battle Maya ] SetState_Notify_1()
2023-03-30_23:47:26 INFO [ Battle Maya ] Failed. No users at state 2
2023-03-30_23:47:27 INFO [ Battle Maya ] SetState_End()
2023-03-30_23:47:29 INFO [ Battle Maya ] SetState_EndCycle()
2023-03-30_23:47:29 INFO [ Battle Maya ] SetState_None()
2023-03-30_23:47:29 INFO SetState_End()
2023-03-30_23:47:29 INFO SetState_None()
2023-03-30_23:47:29 INFO [ Battle StandBy ] SetState_Start()
2023-03-30_23:47:29 INFO SetState_BattleStandBy()
2023-03-30_23:48:28 INFO [ Battle StandBy ] SetState_Notify()
2023-03-30_23:49:27 INFO [ Battle StandBy ] SetState_End()
2023-03-30_23:49:27 INFO [ Battle StandBy ] SetState_None()
2023-03-30_23:49:27 INFO [ Battle Maya ] SetState_StandBy_1()
2023-03-30_23:49:27 INFO SetState_BattleOfMaya()
2023-03-30_23:51:26 INFO [ Battle Maya ] SetState_Notify_1()
2023-03-30_23:51:26 INFO [ Battle Maya ] Failed. No users at state 2
2023-03-30_23:51:26 INFO [ Battle Maya ] SetState_End()
2023-03-30_23:51:28 INFO [ Battle Maya ] SetState_EndCycle()
2023-03-30_23:51:28 INFO [ Battle Maya ] SetState_None()
2023-03-30_23:51:28 INFO SetState_End()
2023-03-30_23:51:28 INFO SetState_None()
2023-03-30_23:51:28 INFO [ Battle StandBy ] SetState_Start()
2023-03-30_23:51:28 INFO SetState_BattleStandBy()
2023-03-30_23:52:27 INFO [ Battle StandBy ] SetState_Notify()
2023-03-30_23:53:26 INFO [ Battle StandBy ] SetState_End()
2023-03-30_23:53:26 INFO [ Battle StandBy ] SetState_None()
2023-03-30_23:53:26 INFO [ Battle Maya ] SetState_StandBy_1()
2023-03-30_23:53:26 INFO SetState_BattleOfMaya()
2023-03-30_23:55:25 INFO [ Battle Maya ] SetState_Notify_1()
2023-03-30_23:55:25 INFO [ Battle Maya ] Failed. No users at state 2
2023-03-30_23:55:25 INFO [ Battle Maya ] SetState_End()
2023-03-30_23:55:27 INFO [ Battle Maya ] SetState_EndCycle()
2023-03-30_23:55:27 INFO [ Battle Maya ] SetState_None()
2023-03-30_23:55:27 INFO SetState_End()
2023-03-30_23:55:27 INFO SetState_None()
2023-03-30_23:55:27 INFO [ Battle StandBy ] SetState_Start()
2023-03-30_23:55:27 INFO SetState_BattleStandBy()
2023-03-30_23:56:26 INFO [ Battle StandBy ] SetState_Notify()
2023-03-30_23:57:25 INFO [ Battle StandBy ] SetState_End()
2023-03-30_23:57:26 INFO [ Battle StandBy ] SetState_None()
2023-03-30_23:57:26 INFO [ Battle Maya ] SetState_StandBy_1()
2023-03-30_23:57:26 INFO SetState_BattleOfMaya()
2023-03-30_23:59:25 INFO [ Battle Maya ] SetState_Notify_1()
2023-03-30_23:59:25 INFO [ Battle Maya ] Failed. No users at state 2
2023-03-30_23:59:25 INFO [ Battle Maya ] SetState_End()
2023-03-30_23:59:27 INFO [ Battle Maya ] SetState_EndCycle()
2023-03-30_23:59:27 INFO [ Battle Maya ] SetState_None()
2023-03-30_23:59:27 INFO SetState_End()
2023-03-30_23:59:27 INFO SetState_None()
2023-03-30_23:59:27 INFO [ Battle StandBy ] SetState_Start()
2023-03-30_23:59:27 INFO SetState_BattleStandBy()
