2023-03-24_20:31:20 INFO [ Battle StandBy ] SetState_Start()
2023-03-24_20:31:20 INFO SetState_BattleStandBy()
2023-03-24_20:32:19 INFO [ Battle StandBy ] SetState_Notify()
2023-03-24_20:33:18 INFO [ Battle StandBy ] SetState_End()
2023-03-24_20:33:18 INFO [ Battle StandBy ] SetState_None()
2023-03-24_20:33:18 INFO [ Battle Maya ] SetState_StandBy_1()
2023-03-24_20:33:18 INFO SetState_BattleOfMaya()
2023-03-24_20:35:17 INFO [ Battle Maya ] SetState_Notify_1()
2023-03-24_20:35:17 INFO [ Battle Maya ] Failed. No users at state 2
2023-03-24_20:35:17 INFO [ Battle Maya ] SetState_End()
2023-03-24_20:35:19 INFO [ Battle Maya ] SetState_EndCycle()
2023-03-24_20:35:19 INFO [ Battle Maya ] SetState_None()
2023-03-24_20:35:19 INFO SetState_End()
2023-03-24_20:35:19 INFO SetState_None()
2023-03-24_20:35:19 INFO [ Battle StandBy ] SetState_Start()
2023-03-24_20:35:19 INFO SetState_BattleStandBy()
2023-03-24_20:36:18 INFO [ Battle StandBy ] SetState_Notify()
2023-03-24_20:37:17 INFO [ Battle StandBy ] SetState_End()
2023-03-24_20:37:17 INFO [ Battle StandBy ] SetState_None()
2023-03-24_20:37:17 INFO [ Battle Maya ] SetState_StandBy_1()
2023-03-24_20:37:17 INFO SetState_BattleOfMaya()
2023-03-24_20:39:16 INFO [ Battle Maya ] SetState_Notify_1()
2023-03-24_20:39:16 INFO [ Battle Maya ] Failed. No users at state 2
2023-03-24_20:39:16 INFO [ Battle Maya ] SetState_End()
2023-03-24_20:39:18 INFO [ Battle Maya ] SetState_EndCycle()
2023-03-24_20:39:18 INFO [ Battle Maya ] SetState_None()
2023-03-24_20:39:18 INFO SetState_End()
2023-03-24_20:39:18 INFO SetState_None()
2023-03-24_20:39:18 INFO [ Battle StandBy ] SetState_Start()
2023-03-24_20:39:18 INFO SetState_BattleStandBy()
2023-03-24_20:40:17 INFO [ Battle StandBy ] SetState_Notify()
2023-03-24_20:41:16 INFO [ Battle StandBy ] SetState_End()
2023-03-24_20:41:16 INFO [ Battle StandBy ] SetState_None()
2023-03-24_20:41:16 INFO [ Battle Maya ] SetState_StandBy_1()
2023-03-24_20:41:16 INFO SetState_BattleOfMaya()
2023-03-24_20:43:15 INFO [ Battle Maya ] SetState_Notify_1()
2023-03-24_20:43:15 INFO [ Battle Maya ] Failed. No users at state 2
2023-03-24_20:43:16 INFO [ Battle Maya ] SetState_End()
2023-03-24_20:43:18 INFO [ Battle Maya ] SetState_EndCycle()
2023-03-24_20:43:18 INFO [ Battle Maya ] SetState_None()
2023-03-24_20:43:18 INFO SetState_End()
2023-03-24_20:43:18 INFO SetState_None()
2023-03-24_20:43:18 INFO [ Battle StandBy ] SetState_Start()
2023-03-24_20:43:18 INFO SetState_BattleStandBy()
2023-03-24_20:44:17 INFO [ Battle StandBy ] SetState_Notify()
2023-03-24_20:45:16 INFO [ Battle StandBy ] SetState_End()
2023-03-24_20:45:16 INFO [ Battle StandBy ] SetState_None()
2023-03-24_20:45:16 INFO [ Battle Maya ] SetState_StandBy_1()
2023-03-24_20:45:16 INFO SetState_BattleOfMaya()
2023-03-24_20:47:15 INFO [ Battle Maya ] SetState_Notify_1()
2023-03-24_20:47:15 INFO [ Battle Maya ] Failed. No users at state 2
2023-03-24_20:47:15 INFO [ Battle Maya ] SetState_End()
2023-03-24_20:47:17 INFO [ Battle Maya ] SetState_EndCycle()
2023-03-24_20:47:17 INFO [ Battle Maya ] SetState_None()
2023-03-24_20:47:17 INFO SetState_End()
2023-03-24_20:47:17 INFO SetState_None()
2023-03-24_20:47:17 INFO [ Battle StandBy ] SetState_Start()
2023-03-24_20:47:17 INFO SetState_BattleStandBy()
2023-03-24_20:48:16 INFO [ Battle StandBy ] SetState_Notify()
2023-03-24_20:49:15 INFO [ Battle StandBy ] SetState_End()
2023-03-24_20:49:15 INFO [ Battle StandBy ] SetState_None()
2023-03-24_20:49:15 INFO [ Battle Maya ] SetState_StandBy_1()
2023-03-24_20:49:15 INFO SetState_BattleOfMaya()
2023-03-24_20:51:14 INFO [ Battle Maya ] SetState_Notify_1()
2023-03-24_20:51:14 INFO [ Battle Maya ] Failed. No users at state 2
2023-03-24_20:51:14 INFO [ Battle Maya ] SetState_End()
2023-03-24_20:51:16 INFO [ Battle Maya ] SetState_EndCycle()
2023-03-24_20:51:16 INFO [ Battle Maya ] SetState_None()
2023-03-24_20:51:16 INFO SetState_End()
2023-03-24_20:51:16 INFO SetState_None()
2023-03-24_20:51:16 INFO [ Battle StandBy ] SetState_Start()
2023-03-24_20:51:16 INFO SetState_BattleStandBy()
