2023-03-26_16:32:33 INFO [ Battle StandBy ] SetState_Start()
2023-03-26_16:32:33 INFO SetState_BattleStandBy()
2023-03-26_16:33:32 INFO [ Battle StandBy ] SetState_Notify()
2023-03-26_16:34:31 INFO [ Battle StandBy ] SetState_End()
2023-03-26_16:34:31 INFO [ Battle StandBy ] SetState_None()
2023-03-26_16:34:31 INFO [ Battle Maya ] SetState_StandBy_1()
2023-03-26_16:34:31 INFO SetState_BattleOfMaya()
2023-03-26_16:36:30 INFO [ Battle Maya ] SetState_Notify_1()
2023-03-26_16:36:30 INFO [ Battle Maya ] Failed. No users at state 2
2023-03-26_16:36:30 INFO [ Battle Maya ] SetState_End()
2023-03-26_16:36:32 INFO [ Battle Maya ] SetState_EndCycle()
2023-03-26_16:36:32 INFO [ Battle Maya ] SetState_None()
2023-03-26_16:36:32 INFO SetState_End()
2023-03-26_16:36:32 INFO SetState_None()
2023-03-26_16:36:32 INFO [ Battle StandBy ] SetState_Start()
2023-03-26_16:36:32 INFO SetState_BattleStandBy()
2023-03-26_16:37:31 INFO [ Battle StandBy ] SetState_Notify()
2023-03-26_16:38:30 INFO [ Battle StandBy ] SetState_End()
2023-03-26_16:38:30 INFO [ Battle StandBy ] SetState_None()
2023-03-26_16:38:30 INFO [ Battle Maya ] SetState_StandBy_1()
2023-03-26_16:38:30 INFO SetState_BattleOfMaya()
