2023-03-26_16:49:48 INFO [ Battle StandBy ] SetState_Start()
2023-03-26_16:49:48 INFO SetState_BattleStandBy()
2023-03-26_16:50:47 INFO [ Battle StandBy ] SetState_Notify()
2023-03-26_16:51:46 INFO [ Battle StandBy ] SetState_End()
2023-03-26_16:51:46 INFO [ Battle StandBy ] SetState_None()
2023-03-26_16:51:46 INFO [ Battle Maya ] SetState_StandBy_1()
2023-03-26_16:51:46 INFO SetState_BattleOfMaya()
2023-03-26_16:53:45 INFO [ Battle Maya ] SetState_Notify_1()
2023-03-26_16:53:46 INFO [ Battle Maya ] Failed. No users at state 2
2023-03-26_16:53:46 INFO [ Battle Maya ] SetState_End()
2023-03-26_16:53:48 INFO [ Battle Maya ] SetState_EndCycle()
2023-03-26_16:53:48 INFO [ Battle Maya ] SetState_None()
2023-03-26_16:53:48 INFO SetState_End()
2023-03-26_16:53:48 INFO SetState_None()
2023-03-26_16:53:48 INFO [ Battle StandBy ] SetState_Start()
2023-03-26_16:53:48 INFO SetState_BattleStandBy()
2023-03-26_16:54:47 INFO [ Battle StandBy ] SetState_Notify()
2023-03-26_16:55:46 INFO [ Battle StandBy ] SetState_End()
2023-03-26_16:55:46 INFO [ Battle StandBy ] SetState_None()
2023-03-26_16:55:46 INFO [ Battle Maya ] SetState_StandBy_1()
2023-03-26_16:55:46 INFO SetState_BattleOfMaya()
2023-03-26_16:57:45 INFO [ Battle Maya ] SetState_Notify_1()
2023-03-26_16:57:45 INFO [ Battle Maya ] Failed. No users at state 2
2023-03-26_16:57:45 INFO [ Battle Maya ] SetState_End()
2023-03-26_16:57:47 INFO [ Battle Maya ] SetState_EndCycle()
2023-03-26_16:57:47 INFO [ Battle Maya ] SetState_None()
2023-03-26_16:57:47 INFO SetState_End()
2023-03-26_16:57:47 INFO SetState_None()
2023-03-26_16:57:47 INFO [ Battle StandBy ] SetState_Start()
2023-03-26_16:57:47 INFO SetState_BattleStandBy()
2023-03-26_16:58:46 INFO [ Battle StandBy ] SetState_Notify()
2023-03-26_16:59:45 INFO [ Battle StandBy ] SetState_End()
2023-03-26_16:59:45 INFO [ Battle StandBy ] SetState_None()
2023-03-26_16:59:45 INFO [ Battle Maya ] SetState_StandBy_1()
2023-03-26_16:59:45 INFO SetState_BattleOfMaya()
2023-03-26_17:01:44 INFO [ Battle Maya ] SetState_Notify_1()
2023-03-26_17:01:44 INFO [ Battle Maya ] Failed. No users at state 2
2023-03-26_17:01:44 INFO [ Battle Maya ] SetState_End()
2023-03-26_17:01:46 INFO [ Battle Maya ] SetState_EndCycle()
2023-03-26_17:01:46 INFO [ Battle Maya ] SetState_None()
2023-03-26_17:01:46 INFO SetState_End()
2023-03-26_17:01:46 INFO SetState_None()
2023-03-26_17:01:46 INFO [ Battle StandBy ] SetState_Start()
2023-03-26_17:01:46 INFO SetState_BattleStandBy()
2023-03-26_17:02:45 INFO [ Battle StandBy ] SetState_Notify()
2023-03-26_17:03:44 INFO [ Battle StandBy ] SetState_End()
2023-03-26_17:03:45 INFO [ Battle StandBy ] SetState_None()
2023-03-26_17:03:45 INFO [ Battle Maya ] SetState_StandBy_1()
2023-03-26_17:03:45 INFO SetState_BattleOfMaya()
2023-03-26_17:05:44 INFO [ Battle Maya ] SetState_Notify_1()
2023-03-26_17:05:44 INFO [ Battle Maya ] Failed. No users at state 2
2023-03-26_17:05:44 INFO [ Battle Maya ] SetState_End()
2023-03-26_17:05:46 INFO [ Battle Maya ] SetState_EndCycle()
2023-03-26_17:05:46 INFO [ Battle Maya ] SetState_None()
2023-03-26_17:05:46 INFO SetState_End()
2023-03-26_17:05:46 INFO SetState_None()
2023-03-26_17:05:46 INFO [ Battle StandBy ] SetState_Start()
2023-03-26_17:05:46 INFO SetState_BattleStandBy()
2023-03-26_17:06:45 INFO [ Battle StandBy ] SetState_Notify()
2023-03-26_17:07:44 INFO [ Battle StandBy ] SetState_End()
2023-03-26_17:07:44 INFO [ Battle StandBy ] SetState_None()
2023-03-26_17:07:44 INFO [ Battle Maya ] SetState_StandBy_1()
2023-03-26_17:07:44 INFO SetState_BattleOfMaya()
