2023-03-26_17:09:44 INFO [ Battle StandBy ] SetState_Start()
2023-03-26_17:09:44 INFO SetState_BattleStandBy()
2023-03-26_17:10:43 INFO [ Battle StandBy ] SetState_Notify()
2023-03-26_17:11:42 INFO [ Battle StandBy ] SetState_End()
2023-03-26_17:11:42 INFO [ Battle StandBy ] SetState_None()
2023-03-26_17:11:42 INFO [ Battle Maya ] SetState_StandBy_1()
2023-03-26_17:11:42 INFO SetState_BattleOfMaya()
2023-03-26_17:13:41 INFO [ Battle Maya ] SetState_Notify_1()
2023-03-26_17:13:42 INFO [ Battle Maya ] Failed. No users at state 2
2023-03-26_17:13:42 INFO [ Battle Maya ] SetState_End()
2023-03-26_17:13:44 INFO [ Battle Maya ] SetState_EndCycle()
2023-03-26_17:13:44 INFO [ Battle Maya ] SetState_None()
2023-03-26_17:13:44 INFO SetState_End()
2023-03-26_17:13:44 INFO SetState_None()
2023-03-26_17:13:44 INFO [ Battle StandBy ] SetState_Start()
2023-03-26_17:13:44 INFO SetState_BattleStandBy()
2023-03-26_17:14:43 INFO [ Battle StandBy ] SetState_Notify()
2023-03-26_17:15:42 INFO [ Battle StandBy ] SetState_End()
2023-03-26_17:15:42 INFO [ Battle StandBy ] SetState_None()
2023-03-26_17:15:42 INFO [ Battle Maya ] SetState_StandBy_1()
2023-03-26_17:15:42 INFO SetState_BattleOfMaya()
2023-03-26_17:17:41 INFO [ Battle Maya ] SetState_Notify_1()
2023-03-26_17:17:41 INFO [ Battle Maya ] Failed. No users at state 2
2023-03-26_17:17:41 INFO [ Battle Maya ] SetState_End()
2023-03-26_17:17:43 INFO [ Battle Maya ] SetState_EndCycle()
2023-03-26_17:17:43 INFO [ Battle Maya ] SetState_None()
2023-03-26_17:17:43 INFO SetState_End()
2023-03-26_17:17:43 INFO SetState_None()
2023-03-26_17:17:43 INFO [ Battle StandBy ] SetState_Start()
2023-03-26_17:17:43 INFO SetState_BattleStandBy()
2023-03-26_17:18:42 INFO [ Battle StandBy ] SetState_Notify()
2023-03-26_17:19:41 INFO [ Battle StandBy ] SetState_End()
2023-03-26_17:19:41 INFO [ Battle StandBy ] SetState_None()
2023-03-26_17:19:41 INFO [ Battle Maya ] SetState_StandBy_1()
2023-03-26_17:19:41 INFO SetState_BattleOfMaya()
2023-03-26_17:21:40 INFO [ Battle Maya ] SetState_Notify_1()
2023-03-26_17:21:40 INFO [ Battle Maya ] Failed. No users at state 2
2023-03-26_17:21:40 INFO [ Battle Maya ] SetState_End()
2023-03-26_17:21:42 INFO [ Battle Maya ] SetState_EndCycle()
2023-03-26_17:21:42 INFO [ Battle Maya ] SetState_None()
2023-03-26_17:21:42 INFO SetState_End()
2023-03-26_17:21:42 INFO SetState_None()
2023-03-26_17:21:42 INFO [ Battle StandBy ] SetState_Start()
2023-03-26_17:21:42 INFO SetState_BattleStandBy()
