2023-04-06_00:00:00 INFO Invasion 0 [White Wizard] launched
2023-04-06_00:00:00 INFO Invasion 3 [New Year Day] launched
2023-04-06_00:00:00 INFO Invasion 6 [Santa Event] launched
2023-04-06_00:00:00 INFO Invasion 9 [Lucky Coin] launched
2023-04-06_00:00:00 INFO Invasion 12 [Summon the Demons] launched
2023-04-06_00:00:06 INFO Deleting Invasion 4
2023-04-06_00:05:00 INFO Invasion 13 [Exiled from Exile] launched
2023-04-06_00:30:00 INFO Invasion 2 [Underground] launched
2023-04-06_00:30:00 INFO Invasion 5 [Summer] launched
2023-04-06_00:30:05 INFO Deleting Invasion 0
2023-04-06_00:30:05 INFO Deleting Invasion 3
2023-04-06_00:30:05 INFO Deleting Invasion 6
2023-04-06_00:30:05 INFO Deleting Invasion 9
2023-04-06_00:35:05 INFO Deleting Invasion 13
2023-04-06_01:00:00 INFO Invasion 1 [Blue Event] launched
2023-04-06_01:00:00 INFO Invasion 10 [Muun Invasion] launched
2023-04-06_01:00:06 INFO Deleting Invasion 2
2023-04-06_01:00:06 INFO Deleting Invasion 5
2023-04-06_01:30:00 INFO Invasion 4 [Red Dragon] launched
2023-04-06_01:30:05 INFO Deleting Invasion 1
2023-04-06_01:30:05 INFO Deleting Invasion 10
2023-04-06_01:50:08 INFO Deleting Invasion 8
2023-04-06_02:00:00 INFO Invasion 0 [White Wizard] launched
2023-04-06_02:00:00 INFO Invasion 8 [Golden Invasion] launched
2023-04-06_02:00:00 INFO Invasion 9 [Lucky Coin] launched
2023-04-06_02:00:05 INFO Deleting Invasion 4
2023-04-06_02:05:00 INFO Invasion 13 [Exiled from Exile] launched
2023-04-06_02:30:00 INFO Invasion 2 [Underground] launched
2023-04-06_02:30:05 INFO Deleting Invasion 0
2023-04-06_02:30:05 INFO Deleting Invasion 9
2023-04-06_02:35:05 INFO Deleting Invasion 13
2023-04-06_03:00:00 INFO Invasion 1 [Blue Event] launched
2023-04-06_03:00:01 INFO Invasion 10 [Muun Invasion] launched
2023-04-06_03:00:05 INFO Deleting Invasion 2
2023-04-06_03:30:00 INFO Invasion 4 [Red Dragon] launched
2023-04-06_03:30:05 INFO Deleting Invasion 1
2023-04-06_03:30:06 INFO Deleting Invasion 10
2023-04-06_04:00:00 INFO Invasion 0 [White Wizard] launched
2023-04-06_04:00:00 INFO Invasion 3 [New Year Day] launched
2023-04-06_04:00:00 INFO Invasion 6 [Santa Event] launched
2023-04-06_04:00:00 INFO Invasion 9 [Lucky Coin] launched
2023-04-06_04:00:05 INFO Deleting Invasion 4
2023-04-06_04:05:00 INFO Invasion 13 [Exiled from Exile] launched
2023-04-06_04:30:00 INFO Invasion 2 [Underground] launched
2023-04-06_04:30:00 INFO Invasion 5 [Summer] launched
2023-04-06_04:30:05 INFO Deleting Invasion 0
2023-04-06_04:30:05 INFO Deleting Invasion 3
2023-04-06_04:30:05 INFO Deleting Invasion 6
2023-04-06_04:30:05 INFO Deleting Invasion 9
2023-04-06_04:35:05 INFO Deleting Invasion 13
2023-04-06_05:00:00 INFO Invasion 1 [Blue Event] launched
2023-04-06_05:00:00 INFO Invasion 10 [Muun Invasion] launched
2023-04-06_05:00:05 INFO Deleting Invasion 2
2023-04-06_05:00:05 INFO Deleting Invasion 5
2023-04-06_05:00:05 INFO Deleting Invasion 12
2023-04-06_05:30:00 INFO Invasion 4 [Red Dragon] launched
2023-04-06_05:30:06 INFO Deleting Invasion 1
2023-04-06_05:30:06 INFO Deleting Invasion 10
2023-04-06_06:00:00 INFO Invasion 0 [White Wizard] launched
2023-04-06_06:00:00 INFO Invasion 9 [Lucky Coin] launched
2023-04-06_06:00:00 INFO Invasion 12 [Summon the Demons] launched
2023-04-06_06:00:05 INFO Deleting Invasion 4
2023-04-06_06:00:10 INFO Deleting Invasion 15
2023-04-06_06:05:00 INFO Invasion 13 [Exiled from Exile] launched
2023-04-06_06:30:00 INFO Invasion 2 [Underground] launched
2023-04-06_06:30:05 INFO Deleting Invasion 0
2023-04-06_06:30:05 INFO Deleting Invasion 9
2023-04-06_06:35:06 INFO Deleting Invasion 13
2023-04-06_07:00:03 INFO Invasion 1 [Blue Event] launched
2023-04-06_07:00:03 INFO Invasion 10 [Muun Invasion] launched
2023-04-06_07:00:08 INFO Deleting Invasion 2
2023-04-06_07:30:00 INFO Invasion 4 [Red Dragon] launched
2023-04-06_07:30:08 INFO Deleting Invasion 1
2023-04-06_07:30:08 INFO Deleting Invasion 10
2023-04-06_07:50:04 INFO Deleting Invasion 8
2023-04-06_08:00:00 INFO Invasion 0 [White Wizard] launched
2023-04-06_08:00:01 INFO Invasion 3 [New Year Day] launched
2023-04-06_08:00:02 INFO Invasion 6 [Santa Event] launched
2023-04-06_08:00:03 INFO Invasion 8 [Golden Invasion] launched
2023-04-06_08:00:03 INFO Invasion 9 [Lucky Coin] launched
2023-04-06_08:00:03 INFO Invasion 15 [Skeleton Sorcerer Invasion] launched
2023-04-06_08:00:05 INFO Deleting Invasion 4
2023-04-06_08:05:00 INFO Invasion 13 [Exiled from Exile] launched
2023-04-06_08:30:00 INFO Invasion 2 [Underground] launched
2023-04-06_08:30:00 INFO Invasion 5 [Summer] launched
2023-04-06_08:30:06 INFO Deleting Invasion 0
2023-04-06_08:30:06 INFO Deleting Invasion 3
2023-04-06_08:30:07 INFO Deleting Invasion 6
2023-04-06_08:30:08 INFO Deleting Invasion 9
2023-04-06_08:35:05 INFO Deleting Invasion 13
2023-04-06_09:00:00 INFO Invasion 1 [Blue Event] launched
2023-04-06_09:00:00 INFO Invasion 10 [Muun Invasion] launched
2023-04-06_09:00:06 INFO Deleting Invasion 2
2023-04-06_09:00:06 INFO Deleting Invasion 5
2023-04-06_09:30:00 INFO Invasion 4 [Red Dragon] launched
2023-04-06_09:30:05 INFO Deleting Invasion 1
2023-04-06_09:30:06 INFO Deleting Invasion 10
2023-04-06_10:00:00 INFO Invasion 0 [White Wizard] launched
2023-04-06_10:00:00 INFO Invasion 9 [Lucky Coin] launched
2023-04-06_10:00:05 INFO Deleting Invasion 4
2023-04-06_10:05:00 INFO Invasion 13 [Exiled from Exile] launched
2023-04-06_10:30:00 INFO Invasion 2 [Underground] launched
2023-04-06_10:30:05 INFO Deleting Invasion 0
2023-04-06_10:30:05 INFO Deleting Invasion 9
2023-04-06_10:35:05 INFO Deleting Invasion 13
2023-04-06_11:00:00 INFO Invasion 1 [Blue Event] launched
2023-04-06_11:00:02 INFO Invasion 10 [Muun Invasion] launched
2023-04-06_11:00:05 INFO Deleting Invasion 2
2023-04-06_11:00:05 INFO Deleting Invasion 12
2023-04-06_11:30:01 INFO Invasion 4 [Red Dragon] launched
2023-04-06_11:30:06 INFO Deleting Invasion 1
2023-04-06_11:30:07 INFO Deleting Invasion 10
2023-04-06_12:00:00 INFO Invasion 0 [White Wizard] launched
2023-04-06_12:00:00 INFO Invasion 3 [New Year Day] launched
2023-04-06_12:00:00 INFO Invasion 6 [Santa Event] launched
2023-04-06_12:00:02 INFO Invasion 9 [Lucky Coin] launched
2023-04-06_12:00:03 INFO Invasion 12 [Summon the Demons] launched
2023-04-06_12:00:09 INFO Deleting Invasion 4
2023-04-06_12:05:00 INFO Invasion 13 [Exiled from Exile] launched
2023-04-06_12:30:01 INFO Invasion 2 [Underground] launched
2023-04-06_12:30:01 INFO Invasion 5 [Summer] launched
2023-04-06_12:30:05 INFO Deleting Invasion 0
2023-04-06_12:30:05 INFO Deleting Invasion 3
2023-04-06_12:30:06 INFO Deleting Invasion 6
2023-04-06_12:30:07 INFO Deleting Invasion 9
2023-04-06_12:35:05 INFO Deleting Invasion 13
2023-04-06_13:00:03 INFO Invasion 1 [Blue Event] launched
2023-04-06_13:00:03 INFO Invasion 10 [Muun Invasion] launched
2023-04-06_13:00:08 INFO Deleting Invasion 2
2023-04-06_13:00:08 INFO Deleting Invasion 5
2023-04-06_13:30:00 INFO Invasion 4 [Red Dragon] launched
2023-04-06_13:30:08 INFO Deleting Invasion 1
2023-04-06_13:30:08 INFO Deleting Invasion 10
2023-04-06_13:50:08 INFO Deleting Invasion 8
2023-04-06_14:00:00 INFO Invasion 0 [White Wizard] launched
2023-04-06_14:00:01 INFO Invasion 8 [Golden Invasion] launched
2023-04-06_14:00:01 INFO Invasion 9 [Lucky Coin] launched
2023-04-06_14:00:06 INFO Deleting Invasion 4
2023-04-06_14:05:00 INFO Invasion 13 [Exiled from Exile] launched
2023-04-06_14:30:00 INFO Invasion 2 [Underground] launched
2023-04-06_14:30:06 INFO Deleting Invasion 0
2023-04-06_14:30:06 INFO Deleting Invasion 9
2023-04-06_14:35:05 INFO Deleting Invasion 13
2023-04-06_15:00:00 INFO Invasion 1 [Blue Event] launched
2023-04-06_15:00:01 INFO Invasion 10 [Muun Invasion] launched
2023-04-06_15:00:05 INFO Deleting Invasion 2
2023-04-06_15:05:00 INFO Invasion 13 [Exiled from Exile] launched
2023-04-06_15:30:00 INFO Invasion 4 [Red Dragon] launched
2023-04-06_15:30:05 INFO Deleting Invasion 1
2023-04-06_15:30:06 INFO Deleting Invasion 10
2023-04-06_15:35:05 INFO Deleting Invasion 13
2023-04-06_16:00:00 INFO Invasion 0 [White Wizard] launched
2023-04-06_16:00:01 INFO Invasion 3 [New Year Day] launched
2023-04-06_16:00:02 INFO Invasion 6 [Santa Event] launched
2023-04-06_16:00:02 INFO Invasion 9 [Lucky Coin] launched
2023-04-06_16:00:05 INFO Deleting Invasion 4
2023-04-06_16:05:01 INFO Invasion 13 [Exiled from Exile] launched
2023-04-06_16:30:00 INFO Invasion 2 [Underground] launched
2023-04-06_16:30:01 INFO Invasion 5 [Summer] launched
2023-04-06_16:30:07 INFO Deleting Invasion 0
2023-04-06_16:30:07 INFO Deleting Invasion 3
2023-04-06_16:30:07 INFO Deleting Invasion 6
2023-04-06_16:30:07 INFO Deleting Invasion 9
2023-04-06_16:35:06 INFO Deleting Invasion 13
2023-04-06_17:00:00 INFO Invasion 1 [Blue Event] launched
2023-04-06_17:00:00 INFO Invasion 10 [Muun Invasion] launched
2023-04-06_17:00:06 INFO Deleting Invasion 2
2023-04-06_17:00:06 INFO Deleting Invasion 5
2023-04-06_17:00:08 INFO Deleting Invasion 12
2023-04-06_17:30:00 INFO Invasion 4 [Red Dragon] launched
2023-04-06_17:30:05 INFO Deleting Invasion 1
2023-04-06_17:30:05 INFO Deleting Invasion 10
2023-04-06_18:00:00 INFO Invasion 0 [White Wizard] launched
2023-04-06_18:00:01 INFO Invasion 9 [Lucky Coin] launched
2023-04-06_18:00:02 INFO Invasion 12 [Summon the Demons] launched
2023-04-06_18:00:05 INFO Deleting Invasion 4
2023-04-06_18:00:08 INFO Deleting Invasion 15
2023-04-06_18:05:00 INFO Invasion 13 [Exiled from Exile] launched
2023-04-06_18:30:00 INFO Invasion 2 [Underground] launched
2023-04-06_18:30:05 INFO Deleting Invasion 0
2023-04-06_18:30:06 INFO Deleting Invasion 9
2023-04-06_18:35:05 INFO Deleting Invasion 13
2023-04-06_19:00:00 INFO Invasion 1 [Blue Event] launched
2023-04-06_19:00:01 INFO Invasion 10 [Muun Invasion] launched
2023-04-06_19:00:05 INFO Deleting Invasion 2
2023-04-06_19:05:00 INFO Invasion 13 [Exiled from Exile] launched
2023-04-06_19:30:00 INFO Invasion 4 [Red Dragon] launched
2023-04-06_19:30:05 INFO Deleting Invasion 1
2023-04-06_19:30:06 INFO Deleting Invasion 10
2023-04-06_19:35:05 INFO Deleting Invasion 13
