2023-03-27_00:00:00 INFO Invasion 0 [White Wizard] launched
2023-03-27_00:00:00 INFO Invasion 3 [New Year Day] launched
2023-03-27_00:00:00 INFO Invasion 6 [Santa Event] launched
2023-03-27_00:00:00 INFO Invasion 8 [Golden Invasion] launched
2023-03-27_00:00:00 INFO Invasion 9 [Lucky Coin] launched
2023-03-27_00:00:00 INFO Invasion 12 [Summon the Demons] launched
2023-03-27_00:00:06 INFO Deleting Invasion 4
2023-03-27_00:05:00 INFO Invasion 13 [Exiled from Exile] launched
2023-03-27_00:30:00 INFO Invasion 2 [Underground] launched
2023-03-27_00:30:01 INFO Invasion 5 [Summer] launched
2023-03-27_00:30:05 INFO Deleting Invasion 0
2023-03-27_00:30:05 INFO Deleting Invasion 3
2023-03-27_00:30:05 INFO Deleting Invasion 6
2023-03-27_00:30:05 INFO Deleting Invasion 9
2023-03-27_00:35:05 INFO Deleting Invasion 13
2023-03-27_01:00:00 INFO Invasion 1 [Blue Event] launched
2023-03-27_01:00:00 INFO Invasion 10 [Muun Invasion] launched
2023-03-27_01:00:05 INFO Deleting Invasion 2
2023-03-27_01:00:06 INFO Deleting Invasion 5
2023-03-27_01:30:00 INFO Invasion 4 [Red Dragon] launched
2023-03-27_01:30:05 INFO Deleting Invasion 1
2023-03-27_01:30:05 INFO Deleting Invasion 10
2023-03-27_02:00:00 INFO Invasion 0 [White Wizard] launched
2023-03-27_02:00:00 INFO Invasion 9 [Lucky Coin] launched
2023-03-27_02:00:06 INFO Deleting Invasion 4
2023-03-27_02:05:00 INFO Invasion 13 [Exiled from Exile] launched
2023-03-27_02:30:00 INFO Invasion 2 [Underground] launched
2023-03-27_02:30:05 INFO Deleting Invasion 0
2023-03-27_02:30:05 INFO Deleting Invasion 9
2023-03-27_02:35:05 INFO Deleting Invasion 13
2023-03-27_03:00:00 INFO Invasion 1 [Blue Event] launched
2023-03-27_03:00:01 INFO Invasion 10 [Muun Invasion] launched
2023-03-27_03:00:05 INFO Deleting Invasion 2
2023-03-27_03:30:00 INFO Invasion 4 [Red Dragon] launched
2023-03-27_03:30:05 INFO Deleting Invasion 1
2023-03-27_03:30:06 INFO Deleting Invasion 10
2023-03-27_04:00:00 INFO Invasion 0 [White Wizard] launched
2023-03-27_04:00:01 INFO Invasion 3 [New Year Day] launched
2023-03-27_04:00:02 INFO Invasion 6 [Santa Event] launched
2023-03-27_04:00:02 INFO Invasion 9 [Lucky Coin] launched
2023-03-27_04:00:05 INFO Deleting Invasion 4
2023-03-27_04:05:00 INFO Invasion 13 [Exiled from Exile] launched
2023-03-27_04:30:00 INFO Invasion 2 [Underground] launched
2023-03-27_04:30:00 INFO Invasion 5 [Summer] launched
2023-03-27_04:30:05 INFO Deleting Invasion 0
2023-03-27_04:30:06 INFO Deleting Invasion 3
2023-03-27_04:30:07 INFO Deleting Invasion 6
2023-03-27_04:30:07 INFO Deleting Invasion 9
2023-03-27_04:35:05 INFO Deleting Invasion 13
2023-03-27_05:00:00 INFO Invasion 1 [Blue Event] launched
2023-03-27_05:00:00 INFO Invasion 10 [Muun Invasion] launched
2023-03-27_05:00:05 INFO Deleting Invasion 2
2023-03-27_05:00:05 INFO Deleting Invasion 5
2023-03-27_05:00:06 INFO Deleting Invasion 12
2023-03-27_05:30:00 INFO Invasion 4 [Red Dragon] launched
2023-03-27_05:30:05 INFO Deleting Invasion 1
2023-03-27_05:30:05 INFO Deleting Invasion 10
2023-03-27_05:50:05 INFO Deleting Invasion 8
2023-03-27_06:00:00 INFO Invasion 0 [White Wizard] launched
2023-03-27_06:00:01 INFO Invasion 8 [Golden Invasion] launched
2023-03-27_06:00:01 INFO Invasion 9 [Lucky Coin] launched
2023-03-27_06:00:01 INFO Invasion 12 [Summon the Demons] launched
2023-03-27_06:00:05 INFO Deleting Invasion 4
2023-03-27_06:00:05 INFO Deleting Invasion 15
2023-03-27_06:05:00 INFO Invasion 13 [Exiled from Exile] launched
2023-03-27_06:30:00 INFO Invasion 2 [Underground] launched
2023-03-27_06:30:06 INFO Deleting Invasion 0
2023-03-27_06:30:06 INFO Deleting Invasion 9
2023-03-27_06:35:05 INFO Deleting Invasion 13
2023-03-27_07:00:00 INFO Invasion 1 [Blue Event] launched
2023-03-27_07:00:00 INFO Invasion 10 [Muun Invasion] launched
2023-03-27_07:00:05 INFO Deleting Invasion 2
2023-03-27_07:30:00 INFO Invasion 4 [Red Dragon] launched
2023-03-27_07:30:05 INFO Deleting Invasion 1
2023-03-27_07:30:05 INFO Deleting Invasion 10
2023-03-27_08:00:00 INFO Invasion 0 [White Wizard] launched
2023-03-27_08:00:00 INFO Invasion 3 [New Year Day] launched
2023-03-27_08:00:00 INFO Invasion 6 [Santa Event] launched
2023-03-27_08:00:00 INFO Invasion 9 [Lucky Coin] launched
2023-03-27_08:00:00 INFO Invasion 15 [Skeleton Sorcerer Invasion] launched
2023-03-27_08:00:06 INFO Deleting Invasion 4
2023-03-27_08:05:00 INFO Invasion 13 [Exiled from Exile] launched
2023-03-27_08:30:01 INFO Invasion 2 [Underground] launched
2023-03-27_08:30:02 INFO Invasion 5 [Summer] launched
2023-03-27_08:30:05 INFO Deleting Invasion 0
2023-03-27_08:30:05 INFO Deleting Invasion 3
2023-03-27_08:30:05 INFO Deleting Invasion 6
2023-03-27_08:30:05 INFO Deleting Invasion 9
2023-03-27_08:35:05 INFO Deleting Invasion 13
2023-03-27_09:00:00 INFO Invasion 1 [Blue Event] launched
2023-03-27_09:00:01 INFO Invasion 10 [Muun Invasion] launched
2023-03-27_09:00:06 INFO Deleting Invasion 2
2023-03-27_09:00:07 INFO Deleting Invasion 5
2023-03-27_09:30:00 INFO Invasion 4 [Red Dragon] launched
2023-03-27_09:30:06 INFO Deleting Invasion 1
2023-03-27_09:30:06 INFO Deleting Invasion 10
2023-03-27_10:00:01 INFO Invasion 0 [White Wizard] launched
2023-03-27_10:00:02 INFO Invasion 9 [Lucky Coin] launched
2023-03-27_10:00:06 INFO Deleting Invasion 4
2023-03-27_10:05:00 INFO Invasion 13 [Exiled from Exile] launched
2023-03-27_10:30:00 INFO Invasion 2 [Underground] launched
2023-03-27_10:30:06 INFO Deleting Invasion 0
2023-03-27_10:30:07 INFO Deleting Invasion 9
2023-03-27_10:35:05 INFO Deleting Invasion 13
2023-03-27_11:00:01 INFO Invasion 1 [Blue Event] launched
2023-03-27_11:00:01 INFO Invasion 10 [Muun Invasion] launched
2023-03-27_11:00:06 INFO Deleting Invasion 2
2023-03-27_11:00:06 INFO Deleting Invasion 12
2023-03-27_11:30:00 INFO Invasion 4 [Red Dragon] launched
2023-03-27_11:30:06 INFO Deleting Invasion 1
2023-03-27_11:30:06 INFO Deleting Invasion 10
2023-03-27_11:50:05 INFO Deleting Invasion 8
2023-03-27_12:00:00 INFO Invasion 0 [White Wizard] launched
2023-03-27_12:00:00 INFO Invasion 3 [New Year Day] launched
2023-03-27_12:00:01 INFO Invasion 6 [Santa Event] launched
2023-03-27_12:00:01 INFO Invasion 8 [Golden Invasion] launched
2023-03-27_12:00:02 INFO Invasion 9 [Lucky Coin] launched
2023-03-27_12:00:03 INFO Invasion 12 [Summon the Demons] launched
2023-03-27_12:00:05 INFO Deleting Invasion 4
2023-03-27_12:05:00 INFO Invasion 13 [Exiled from Exile] launched
2023-03-27_12:30:00 INFO Invasion 2 [Underground] launched
2023-03-27_12:30:00 INFO Invasion 5 [Summer] launched
2023-03-27_12:30:05 INFO Deleting Invasion 0
2023-03-27_12:30:06 INFO Deleting Invasion 3
2023-03-27_12:30:06 INFO Deleting Invasion 6
2023-03-27_12:30:07 INFO Deleting Invasion 9
2023-03-27_12:35:05 INFO Deleting Invasion 13
2023-03-27_13:00:00 INFO Invasion 1 [Blue Event] launched
2023-03-27_13:00:01 INFO Invasion 10 [Muun Invasion] launched
2023-03-27_13:00:05 INFO Deleting Invasion 2
2023-03-27_13:00:05 INFO Deleting Invasion 5
2023-03-27_13:30:00 INFO Invasion 4 [Red Dragon] launched
2023-03-27_13:30:06 INFO Deleting Invasion 1
2023-03-27_13:30:06 INFO Deleting Invasion 10
2023-03-27_14:00:00 INFO Invasion 0 [White Wizard] launched
2023-03-27_14:00:01 INFO Invasion 9 [Lucky Coin] launched
2023-03-27_14:00:07 INFO Deleting Invasion 4
2023-03-27_14:05:00 INFO Invasion 13 [Exiled from Exile] launched
2023-03-27_14:30:00 INFO Invasion 2 [Underground] launched
2023-03-27_14:30:05 INFO Deleting Invasion 0
2023-03-27_14:30:06 INFO Deleting Invasion 9
2023-03-27_14:35:05 INFO Deleting Invasion 13
2023-03-27_15:00:00 INFO Invasion 1 [Blue Event] launched
2023-03-27_15:00:01 INFO Invasion 10 [Muun Invasion] launched
2023-03-27_15:00:05 INFO Deleting Invasion 2
2023-03-27_15:05:00 INFO Invasion 13 [Exiled from Exile] launched
2023-03-27_15:30:00 INFO Invasion 4 [Red Dragon] launched
2023-03-27_15:30:05 INFO Deleting Invasion 1
2023-03-27_15:30:06 INFO Deleting Invasion 10
2023-03-27_15:35:05 INFO Deleting Invasion 13
2023-03-27_16:00:00 INFO Invasion 0 [White Wizard] launched
2023-03-27_16:00:01 INFO Invasion 3 [New Year Day] launched
2023-03-27_16:00:01 INFO Invasion 6 [Santa Event] launched
2023-03-27_16:00:02 INFO Invasion 9 [Lucky Coin] launched
2023-03-27_16:00:05 INFO Deleting Invasion 4
2023-03-27_16:05:00 INFO Invasion 13 [Exiled from Exile] launched
2023-03-27_16:30:00 INFO Invasion 2 [Underground] launched
2023-03-27_16:30:01 INFO Invasion 5 [Summer] launched
2023-03-27_16:30:05 INFO Deleting Invasion 0
2023-03-27_16:30:06 INFO Deleting Invasion 3
2023-03-27_16:30:06 INFO Deleting Invasion 6
2023-03-27_16:30:07 INFO Deleting Invasion 9
2023-03-27_16:35:05 INFO Deleting Invasion 13
2023-03-27_17:00:00 INFO Invasion 1 [Blue Event] launched
2023-03-27_17:00:02 INFO Invasion 10 [Muun Invasion] launched
2023-03-27_17:00:09 INFO Deleting Invasion 2
2023-03-27_17:00:09 INFO Deleting Invasion 5
2023-03-27_17:00:09 INFO Deleting Invasion 12
2023-03-27_17:30:00 INFO Invasion 4 [Red Dragon] launched
2023-03-27_17:30:05 INFO Deleting Invasion 1
2023-03-27_17:30:07 INFO Deleting Invasion 10
2023-03-27_17:50:06 INFO Deleting Invasion 8
2023-03-27_18:00:00 INFO Invasion 0 [White Wizard] launched
2023-03-27_18:00:02 INFO Invasion 8 [Golden Invasion] launched
2023-03-27_18:00:03 INFO Invasion 9 [Lucky Coin] launched
2023-03-27_18:00:03 INFO Invasion 12 [Summon the Demons] launched
2023-03-27_18:00:05 INFO Deleting Invasion 4
2023-03-27_18:00:05 INFO Deleting Invasion 15
2023-03-27_18:05:00 INFO Invasion 13 [Exiled from Exile] launched
2023-03-27_18:30:00 INFO Invasion 2 [Underground] launched
2023-03-27_18:30:06 INFO Deleting Invasion 0
2023-03-27_18:30:08 INFO Deleting Invasion 9
2023-03-27_18:35:06 INFO Deleting Invasion 13
2023-03-27_19:00:00 INFO Invasion 1 [Blue Event] launched
2023-03-27_19:00:01 INFO Invasion 10 [Muun Invasion] launched
2023-03-27_19:00:06 INFO Deleting Invasion 2
2023-03-27_19:05:00 INFO Invasion 13 [Exiled from Exile] launched
2023-03-27_19:30:00 INFO Invasion 4 [Red Dragon] launched
2023-03-27_19:30:06 INFO Deleting Invasion 1
2023-03-27_19:30:06 INFO Deleting Invasion 10
2023-03-27_19:35:05 INFO Deleting Invasion 13
2023-03-27_20:00:00 INFO Invasion 0 [White Wizard] launched
2023-03-27_20:00:00 INFO Invasion 3 [New Year Day] launched
2023-03-27_20:00:00 INFO Invasion 6 [Santa Event] launched
2023-03-27_20:00:00 INFO Invasion 9 [Lucky Coin] launched
2023-03-27_20:00:01 INFO Invasion 15 [Skeleton Sorcerer Invasion] launched
2023-03-27_20:00:07 INFO Deleting Invasion 4
2023-03-27_20:05:00 INFO Invasion 13 [Exiled from Exile] launched
2023-03-27_20:30:00 INFO Invasion 2 [Underground] launched
2023-03-27_20:30:00 INFO Invasion 5 [Summer] launched
2023-03-27_20:30:05 INFO Deleting Invasion 0
2023-03-27_20:30:05 INFO Deleting Invasion 3
2023-03-27_20:30:05 INFO Deleting Invasion 6
2023-03-27_20:30:05 INFO Deleting Invasion 9
2023-03-27_20:35:05 INFO Deleting Invasion 13
2023-03-27_21:00:01 INFO Invasion 1 [Blue Event] launched
2023-03-27_21:00:01 INFO Invasion 10 [Muun Invasion] launched
2023-03-27_21:00:05 INFO Deleting Invasion 2
2023-03-27_21:00:05 INFO Deleting Invasion 5
2023-03-27_21:30:00 INFO Invasion 4 [Red Dragon] launched
2023-03-27_21:30:06 INFO Deleting Invasion 1
2023-03-27_21:30:06 INFO Deleting Invasion 10
2023-03-27_22:00:00 INFO Invasion 0 [White Wizard] launched
2023-03-27_22:00:00 INFO Invasion 9 [Lucky Coin] launched
2023-03-27_22:00:05 INFO Deleting Invasion 4
2023-03-27_22:05:00 INFO Invasion 13 [Exiled from Exile] launched
2023-03-27_22:30:00 INFO Invasion 2 [Underground] launched
2023-03-27_22:30:05 INFO Deleting Invasion 0
2023-03-27_22:30:05 INFO Deleting Invasion 9
2023-03-27_22:35:05 INFO Deleting Invasion 13
2023-03-27_23:00:00 INFO Invasion 1 [Blue Event] launched
2023-03-27_23:00:00 INFO Invasion 10 [Muun Invasion] launched
2023-03-27_23:00:05 INFO Deleting Invasion 2
2023-03-27_23:00:08 INFO Deleting Invasion 12
2023-03-27_23:30:00 INFO Invasion 4 [Red Dragon] launched
2023-03-27_23:30:05 INFO Deleting Invasion 1
2023-03-27_23:30:06 INFO Deleting Invasion 10
2023-03-27_23:50:07 INFO Deleting Invasion 8
