2023-04-09_00:00:00 INFO Invasion 0 [White Wizard] launched
2023-04-09_00:00:00 INFO Invasion 3 [New Year Day] launched
2023-04-09_00:00:00 INFO Invasion 6 [Santa Event] launched
2023-04-09_00:00:00 INFO Invasion 9 [Lucky Coin] launched
2023-04-09_00:00:00 INFO Invasion 12 [Summon the Demons] launched
2023-04-09_00:00:05 INFO Deleting Invasion 4
2023-04-09_00:05:00 INFO Invasion 13 [Exiled from Exile] launched
2023-04-09_00:30:00 INFO Invasion 2 [Underground] launched
2023-04-09_00:30:00 INFO Invasion 5 [Summer] launched
2023-04-09_00:30:05 INFO Deleting Invasion 0
2023-04-09_00:30:05 INFO Deleting Invasion 3
2023-04-09_00:30:05 INFO Deleting Invasion 6
2023-04-09_00:30:05 INFO Deleting Invasion 9
2023-04-09_00:35:05 INFO Deleting Invasion 13
2023-04-09_00:50:05 INFO Deleting Invasion 8
2023-04-09_01:00:00 INFO Invasion 1 [Blue Event] launched
2023-04-09_01:00:00 INFO Invasion 8 [Golden Invasion] launched
2023-04-09_01:00:01 INFO Invasion 10 [Muun Invasion] launched
2023-04-09_01:00:08 INFO Deleting Invasion 2
2023-04-09_01:00:08 INFO Deleting Invasion 5
2023-04-09_01:30:00 INFO Invasion 4 [Red Dragon] launched
2023-04-09_01:30:05 INFO Deleting Invasion 1
2023-04-09_01:30:06 INFO Deleting Invasion 10
2023-04-09_02:00:00 INFO Invasion 0 [White Wizard] launched
2023-04-09_02:00:01 INFO Invasion 9 [Lucky Coin] launched
2023-04-09_02:00:05 INFO Deleting Invasion 4
2023-04-09_02:05:00 INFO Invasion 13 [Exiled from Exile] launched
2023-04-09_02:30:00 INFO Invasion 2 [Underground] launched
2023-04-09_02:30:05 INFO Deleting Invasion 0
2023-04-09_02:30:06 INFO Deleting Invasion 9
2023-04-09_02:35:05 INFO Deleting Invasion 13
2023-04-09_03:00:00 INFO Invasion 1 [Blue Event] launched
2023-04-09_03:00:00 INFO Invasion 10 [Muun Invasion] launched
2023-04-09_03:00:06 INFO Deleting Invasion 2
2023-04-09_03:30:00 INFO Invasion 4 [Red Dragon] launched
2023-04-09_03:30:06 INFO Deleting Invasion 1
2023-04-09_03:30:06 INFO Deleting Invasion 10
2023-04-09_04:00:00 INFO Invasion 0 [White Wizard] launched
2023-04-09_04:00:00 INFO Invasion 3 [New Year Day] launched
2023-04-09_04:00:01 INFO Invasion 6 [Santa Event] launched
2023-04-09_04:00:02 INFO Invasion 9 [Lucky Coin] launched
2023-04-09_04:00:08 INFO Deleting Invasion 4
2023-04-09_04:05:01 INFO Invasion 13 [Exiled from Exile] launched
2023-04-09_04:30:01 INFO Invasion 2 [Underground] launched
2023-04-09_04:30:01 INFO Invasion 5 [Summer] launched
2023-04-09_04:30:05 INFO Deleting Invasion 0
2023-04-09_04:30:05 INFO Deleting Invasion 3
2023-04-09_04:30:06 INFO Deleting Invasion 6
2023-04-09_04:30:07 INFO Deleting Invasion 9
2023-04-09_04:35:06 INFO Deleting Invasion 13
2023-04-09_05:00:00 INFO Invasion 1 [Blue Event] launched
2023-04-09_05:00:00 INFO Invasion 10 [Muun Invasion] launched
2023-04-09_05:00:05 INFO Deleting Invasion 12
2023-04-09_05:00:06 INFO Deleting Invasion 2
2023-04-09_05:00:07 INFO Deleting Invasion 5
2023-04-09_05:30:00 INFO Invasion 4 [Red Dragon] launched
2023-04-09_05:30:05 INFO Deleting Invasion 1
2023-04-09_05:30:05 INFO Deleting Invasion 10
2023-04-09_06:00:00 INFO Invasion 0 [White Wizard] launched
2023-04-09_06:00:00 INFO Invasion 9 [Lucky Coin] launched
2023-04-09_06:00:00 INFO Invasion 12 [Summon the Demons] launched
2023-04-09_06:00:04 INFO Deleting Invasion 15
2023-04-09_06:00:05 INFO Deleting Invasion 4
2023-04-09_06:05:00 INFO Invasion 13 [Exiled from Exile] launched
2023-04-09_06:30:00 INFO Invasion 2 [Underground] launched
2023-04-09_06:30:05 INFO Deleting Invasion 0
2023-04-09_06:30:05 INFO Deleting Invasion 9
2023-04-09_06:35:05 INFO Deleting Invasion 13
2023-04-09_06:50:05 INFO Deleting Invasion 8
2023-04-09_07:00:00 INFO Invasion 1 [Blue Event] launched
2023-04-09_07:00:00 INFO Invasion 8 [Golden Invasion] launched
2023-04-09_07:00:02 INFO Invasion 10 [Muun Invasion] launched
2023-04-09_07:00:08 INFO Deleting Invasion 2
2023-04-09_07:30:00 INFO Invasion 4 [Red Dragon] launched
2023-04-09_07:30:05 INFO Deleting Invasion 1
2023-04-09_07:30:07 INFO Deleting Invasion 10
2023-04-09_08:00:00 INFO Invasion 0 [White Wizard] launched
2023-04-09_08:00:02 INFO Invasion 3 [New Year Day] launched
2023-04-09_08:00:03 INFO Invasion 6 [Santa Event] launched
2023-04-09_08:00:03 INFO Invasion 9 [Lucky Coin] launched
2023-04-09_08:00:03 INFO Invasion 15 [Skeleton Sorcerer Invasion] launched
2023-04-09_08:00:08 INFO Deleting Invasion 4
2023-04-09_08:05:00 INFO Invasion 13 [Exiled from Exile] launched
2023-04-09_08:30:00 INFO Invasion 2 [Underground] launched
2023-04-09_08:30:01 INFO Invasion 5 [Summer] launched
2023-04-09_08:30:06 INFO Deleting Invasion 0
2023-04-09_08:30:07 INFO Deleting Invasion 3
2023-04-09_08:30:08 INFO Deleting Invasion 6
2023-04-09_08:30:08 INFO Deleting Invasion 9
2023-04-09_08:35:05 INFO Deleting Invasion 13
