2023-03-25_00:00:00 INFO Invasion 0 [White Wizard] launched
2023-03-25_00:00:00 INFO Invasion 3 [New Year Day] launched
2023-03-25_00:00:00 INFO Invasion 6 [Santa Event] launched
2023-03-25_00:00:00 INFO Invasion 8 [Golden Invasion] launched
2023-03-25_00:00:00 INFO Invasion 9 [Lucky Coin] launched
2023-03-25_00:00:00 INFO Invasion 12 [Summon the Demons] launched
2023-03-25_00:00:05 INFO Deleting Invasion 4
2023-03-25_00:05:00 INFO Invasion 13 [Exiled from Exile] launched
2023-03-25_00:30:00 INFO Invasion 2 [Underground] launched
2023-03-25_00:30:00 INFO Invasion 5 [Summer] launched
2023-03-25_00:30:05 INFO Deleting Invasion 0
2023-03-25_00:30:05 INFO Deleting Invasion 3
2023-03-25_00:30:05 INFO Deleting Invasion 6
2023-03-25_00:30:05 INFO Deleting Invasion 9
2023-03-25_00:35:05 INFO Deleting Invasion 13
2023-03-25_01:00:00 INFO Invasion 1 [Blue Event] launched
2023-03-25_01:00:00 INFO Invasion 10 [Muun Invasion] launched
2023-03-25_01:00:05 INFO Deleting Invasion 2
2023-03-25_01:00:05 INFO Deleting Invasion 5
2023-03-25_01:30:00 INFO Invasion 4 [Red Dragon] launched
2023-03-25_01:30:05 INFO Deleting Invasion 1
2023-03-25_01:30:05 INFO Deleting Invasion 10
2023-03-25_02:00:00 INFO Invasion 0 [White Wizard] launched
2023-03-25_02:00:00 INFO Invasion 9 [Lucky Coin] launched
2023-03-25_02:00:05 INFO Deleting Invasion 4
2023-03-25_02:05:00 INFO Invasion 13 [Exiled from Exile] launched
2023-03-25_02:30:00 INFO Invasion 2 [Underground] launched
2023-03-25_02:30:05 INFO Deleting Invasion 0
2023-03-25_02:30:05 INFO Deleting Invasion 9
2023-03-25_02:35:05 INFO Deleting Invasion 13
2023-03-25_03:00:00 INFO Invasion 1 [Blue Event] launched
2023-03-25_03:00:00 INFO Invasion 10 [Muun Invasion] launched
2023-03-25_03:00:05 INFO Deleting Invasion 2
2023-03-25_03:30:00 INFO Invasion 4 [Red Dragon] launched
2023-03-25_03:30:05 INFO Deleting Invasion 1
2023-03-25_03:30:05 INFO Deleting Invasion 10
2023-03-25_04:00:00 INFO Invasion 0 [White Wizard] launched
2023-03-25_04:00:00 INFO Invasion 3 [New Year Day] launched
2023-03-25_04:00:00 INFO Invasion 6 [Santa Event] launched
2023-03-25_04:00:00 INFO Invasion 9 [Lucky Coin] launched
2023-03-25_04:00:05 INFO Deleting Invasion 4
2023-03-25_04:05:00 INFO Invasion 13 [Exiled from Exile] launched
2023-03-25_04:30:00 INFO Invasion 2 [Underground] launched
2023-03-25_04:30:00 INFO Invasion 5 [Summer] launched
2023-03-25_04:30:05 INFO Deleting Invasion 0
2023-03-25_04:30:05 INFO Deleting Invasion 3
2023-03-25_04:30:05 INFO Deleting Invasion 6
2023-03-25_04:30:05 INFO Deleting Invasion 9
2023-03-25_04:35:06 INFO Deleting Invasion 13
2023-03-25_05:00:00 INFO Invasion 1 [Blue Event] launched
2023-03-25_05:00:00 INFO Invasion 10 [Muun Invasion] launched
2023-03-25_05:00:05 INFO Deleting Invasion 12
2023-03-25_05:00:05 INFO Deleting Invasion 2
2023-03-25_05:00:05 INFO Deleting Invasion 5
2023-03-25_05:30:00 INFO Invasion 4 [Red Dragon] launched
2023-03-25_05:30:05 INFO Deleting Invasion 1
2023-03-25_05:30:05 INFO Deleting Invasion 10
2023-03-25_05:50:05 INFO Deleting Invasion 8
2023-03-25_06:00:00 INFO Invasion 0 [White Wizard] launched
2023-03-25_06:00:00 INFO Invasion 8 [Golden Invasion] launched
2023-03-25_06:00:00 INFO Invasion 9 [Lucky Coin] launched
2023-03-25_06:00:00 INFO Invasion 12 [Summon the Demons] launched
2023-03-25_06:00:05 INFO Deleting Invasion 4
2023-03-25_06:05:00 INFO Invasion 13 [Exiled from Exile] launched
2023-03-25_06:30:00 INFO Invasion 2 [Underground] launched
2023-03-25_06:30:05 INFO Deleting Invasion 0
2023-03-25_06:30:05 INFO Deleting Invasion 9
2023-03-25_06:35:05 INFO Deleting Invasion 13
2023-03-25_07:00:00 INFO Invasion 1 [Blue Event] launched
2023-03-25_07:00:00 INFO Invasion 10 [Muun Invasion] launched
2023-03-25_07:00:05 INFO Deleting Invasion 2
2023-03-25_07:30:00 INFO Invasion 4 [Red Dragon] launched
2023-03-25_07:30:05 INFO Deleting Invasion 1
2023-03-25_07:30:05 INFO Deleting Invasion 10
2023-03-25_08:00:00 INFO Invasion 0 [White Wizard] launched
2023-03-25_08:00:00 INFO Invasion 3 [New Year Day] launched
2023-03-25_08:00:00 INFO Invasion 6 [Santa Event] launched
2023-03-25_08:00:00 INFO Invasion 9 [Lucky Coin] launched
2023-03-25_08:00:00 INFO Invasion 15 [Skeleton Sorcerer Invasion] launched
2023-03-25_08:00:05 INFO Deleting Invasion 4
2023-03-25_08:05:00 INFO Invasion 13 [Exiled from Exile] launched
2023-03-25_08:30:00 INFO Invasion 2 [Underground] launched
2023-03-25_08:30:00 INFO Invasion 5 [Summer] launched
2023-03-25_08:30:05 INFO Deleting Invasion 0
2023-03-25_08:30:05 INFO Deleting Invasion 3
2023-03-25_08:30:05 INFO Deleting Invasion 6
2023-03-25_08:30:05 INFO Deleting Invasion 9
2023-03-25_08:35:05 INFO Deleting Invasion 13
2023-03-25_09:00:00 INFO Invasion 1 [Blue Event] launched
2023-03-25_09:00:00 INFO Invasion 10 [Muun Invasion] launched
2023-03-25_09:00:05 INFO Deleting Invasion 2
2023-03-25_09:00:05 INFO Deleting Invasion 5
2023-03-25_09:30:00 INFO Invasion 4 [Red Dragon] launched
2023-03-25_09:30:05 INFO Deleting Invasion 1
2023-03-25_09:30:05 INFO Deleting Invasion 10
2023-03-25_10:00:00 INFO Invasion 0 [White Wizard] launched
2023-03-25_10:00:00 INFO Invasion 9 [Lucky Coin] launched
2023-03-25_10:00:05 INFO Deleting Invasion 4
2023-03-25_10:05:00 INFO Invasion 13 [Exiled from Exile] launched
2023-03-25_10:30:00 INFO Invasion 2 [Underground] launched
2023-03-25_10:30:05 INFO Deleting Invasion 0
2023-03-25_10:30:05 INFO Deleting Invasion 9
2023-03-25_10:35:05 INFO Deleting Invasion 13
2023-03-25_11:00:00 INFO Invasion 1 [Blue Event] launched
2023-03-25_11:00:00 INFO Invasion 10 [Muun Invasion] launched
2023-03-25_11:00:05 INFO Deleting Invasion 2
2023-03-25_11:00:05 INFO Deleting Invasion 12
2023-03-25_11:30:01 INFO Invasion 4 [Red Dragon] launched
2023-03-25_11:30:06 INFO Deleting Invasion 1
2023-03-25_11:30:06 INFO Deleting Invasion 10
2023-03-25_11:50:05 INFO Deleting Invasion 8
2023-03-25_12:00:00 INFO Invasion 0 [White Wizard] launched
2023-03-25_12:00:00 INFO Invasion 3 [New Year Day] launched
2023-03-25_12:00:00 INFO Invasion 6 [Santa Event] launched
2023-03-25_12:00:00 INFO Invasion 8 [Golden Invasion] launched
2023-03-25_12:00:00 INFO Invasion 9 [Lucky Coin] launched
2023-03-25_12:00:00 INFO Invasion 12 [Summon the Demons] launched
2023-03-25_12:00:06 INFO Deleting Invasion 4
2023-03-25_12:05:00 INFO Invasion 13 [Exiled from Exile] launched
2023-03-25_12:30:00 INFO Invasion 2 [Underground] launched
2023-03-25_12:30:00 INFO Invasion 5 [Summer] launched
2023-03-25_12:30:05 INFO Deleting Invasion 0
2023-03-25_12:30:05 INFO Deleting Invasion 3
2023-03-25_12:30:05 INFO Deleting Invasion 6
2023-03-25_12:30:05 INFO Deleting Invasion 9
2023-03-25_12:35:05 INFO Deleting Invasion 13
2023-03-25_13:00:00 INFO Invasion 1 [Blue Event] launched
2023-03-25_13:00:00 INFO Invasion 10 [Muun Invasion] launched
2023-03-25_13:00:05 INFO Deleting Invasion 2
2023-03-25_13:00:05 INFO Deleting Invasion 5
2023-03-25_13:30:00 INFO Invasion 4 [Red Dragon] launched
2023-03-25_13:30:06 INFO Deleting Invasion 1
2023-03-25_13:30:06 INFO Deleting Invasion 10
2023-03-25_14:00:00 INFO Invasion 0 [White Wizard] launched
2023-03-25_14:00:00 INFO Invasion 9 [Lucky Coin] launched
2023-03-25_14:00:05 INFO Deleting Invasion 4
2023-03-25_14:05:00 INFO Invasion 13 [Exiled from Exile] launched
2023-03-25_14:30:00 INFO Invasion 2 [Underground] launched
2023-03-25_14:30:05 INFO Deleting Invasion 0
2023-03-25_14:30:05 INFO Deleting Invasion 9
2023-03-25_14:35:05 INFO Deleting Invasion 13
2023-03-25_15:00:00 INFO Invasion 1 [Blue Event] launched
2023-03-25_15:00:01 INFO Invasion 10 [Muun Invasion] launched
2023-03-25_15:00:05 INFO Deleting Invasion 2
2023-03-25_15:05:00 INFO Invasion 13 [Exiled from Exile] launched
