2023-03-25_14:40:51 INFO Opening DatabasePool 'characters'. Asynchronous connections: 1, synchronous connections: 2.
2023-03-25_14:40:51 INFO MySQL client library: 5.6.29
2023-03-25_14:40:51 INFO MySQL server ver: 5.7.41-log 
2023-03-25_14:40:51 INFO Connected to MySQL database at 127.0.0.1
2023-03-25_14:40:51 INFO MySQL client library: 5.6.29
2023-03-25_14:40:51 INFO MySQL server ver: 5.7.41-log 
2023-03-25_14:40:51 INFO Connected to MySQL database at 127.0.0.1
2023-03-25_14:40:51 INFO MySQL client library: 5.6.29
2023-03-25_14:40:51 INFO MySQL server ver: 5.7.41-log 
2023-03-25_14:40:51 INFO Connected to MySQL database at 127.0.0.1
2023-03-25_14:40:51 INFO DatabasePool 'characters' opened successfully. 3 total connections running.
2023-03-25_14:40:51 INFO Opening DatabasePool 'log'. Asynchronous connections: 1, synchronous connections: 2.
2023-03-25_14:40:51 INFO MySQL client library: 5.6.29
2023-03-25_14:40:51 INFO MySQL server ver: 5.7.41-log 
2023-03-25_14:40:51 INFO Connected to MySQL database at 127.0.0.1
2023-03-25_14:40:51 INFO MySQL client library: 5.6.29
2023-03-25_14:40:51 INFO MySQL server ver: 5.7.41-log 
2023-03-25_14:40:51 INFO Connected to MySQL database at 127.0.0.1
2023-03-25_14:40:51 INFO MySQL client library: 5.6.29
2023-03-25_14:40:51 INFO MySQL server ver: 5.7.41-log 
2023-03-25_14:40:51 INFO Connected to MySQL database at 127.0.0.1
2023-03-25_14:40:51 INFO DatabasePool 'log' opened successfully. 3 total connections running.
2023-03-25_14:40:51 INFO Opening DatabasePool 'login'. Asynchronous connections: 1, synchronous connections: 2.
2023-03-25_14:40:51 INFO MySQL client library: 5.6.29
2023-03-25_14:40:51 INFO MySQL server ver: 5.7.41-log 
2023-03-25_14:40:51 INFO Connected to MySQL database at 127.0.0.1
2023-03-25_14:40:51 INFO MySQL client library: 5.6.29
2023-03-25_14:40:51 INFO MySQL server ver: 5.7.41-log 
2023-03-25_14:40:51 INFO Connected to MySQL database at 127.0.0.1
2023-03-25_14:40:51 INFO MySQL client library: 5.6.29
2023-03-25_14:40:51 INFO MySQL server ver: 5.7.41-log 
2023-03-25_14:40:51 INFO Connected to MySQL database at 127.0.0.1
2023-03-25_14:40:51 INFO DatabasePool 'login' opened successfully. 3 total connections running.
2023-03-25_14:51:01 INFO Main::KeepDatabaseAlive
2023-03-25_15:01:01 INFO Main::KeepDatabaseAlive
2023-03-25_15:11:01 INFO Main::KeepDatabaseAlive
2023-03-25_15:21:01 INFO Main::KeepDatabaseAlive
2023-03-25_15:24:17 INFO Closing down DatabasePool 'characters'.
2023-03-25_15:24:17 INFO Asynchronous connections on DatabasePool 'characters' terminated. Proceeding with synchronous connections.
2023-03-25_15:24:17 INFO All connections on DatabasePool 'characters' closed.
2023-03-25_15:24:17 INFO Closing down DatabasePool 'log'.
2023-03-25_15:24:17 INFO Asynchronous connections on DatabasePool 'log' terminated. Proceeding with synchronous connections.
2023-03-25_15:24:17 INFO All connections on DatabasePool 'log' closed.
2023-03-25_15:24:17 INFO Closing down DatabasePool 'login'.
2023-03-25_15:24:17 INFO Asynchronous connections on DatabasePool 'login' terminated. Proceeding with synchronous connections.
2023-03-25_15:24:17 INFO All connections on DatabasePool 'login' closed.
