2023-03-31_22:50:17 INFO Opening DatabasePool 'characters'. Asynchronous connections: 1, synchronous connections: 2.
2023-03-31_22:50:18 INFO MySQL client library: 5.6.29
2023-03-31_22:50:18 INFO MySQL server ver: 5.7.41-log 
2023-03-31_22:50:18 INFO Connected to MySQL database at 127.0.0.1
2023-03-31_22:50:18 INFO MySQL client library: 5.6.29
2023-03-31_22:50:18 INFO MySQL server ver: 5.7.41-log 
2023-03-31_22:50:18 INFO Connected to MySQL database at 127.0.0.1
2023-03-31_22:50:18 INFO MySQL client library: 5.6.29
2023-03-31_22:50:18 INFO MySQL server ver: 5.7.41-log 
2023-03-31_22:50:18 INFO Connected to MySQL database at 127.0.0.1
2023-03-31_22:50:18 INFO DatabasePool 'characters' opened successfully. 3 total connections running.
2023-03-31_22:50:18 INFO Opening DatabasePool 'log'. Asynchronous connections: 1, synchronous connections: 2.
2023-03-31_22:50:18 INFO MySQL client library: 5.6.29
2023-03-31_22:50:18 INFO MySQL server ver: 5.7.41-log 
2023-03-31_22:50:18 INFO Connected to MySQL database at 127.0.0.1
2023-03-31_22:50:18 INFO MySQL client library: 5.6.29
2023-03-31_22:50:18 INFO MySQL server ver: 5.7.41-log 
2023-03-31_22:50:18 INFO Connected to MySQL database at 127.0.0.1
2023-03-31_22:50:18 INFO MySQL client library: 5.6.29
2023-03-31_22:50:18 INFO MySQL server ver: 5.7.41-log 
2023-03-31_22:50:18 INFO Connected to MySQL database at 127.0.0.1
2023-03-31_22:50:18 INFO DatabasePool 'log' opened successfully. 3 total connections running.
2023-03-31_22:50:18 INFO Opening DatabasePool 'u897592642_login'. Asynchronous connections: 1, synchronous connections: 2.
2023-03-31_22:50:18 INFO MySQL client library: 5.6.29
2023-03-31_22:50:18 INFO MySQL server ver: 5.5.5-10.6.12-MariaDB-cll-lve 
2023-03-31_22:50:18 INFO Connected to MySQL database at sql975.main-hosting.eu
2023-03-31_22:50:19 INFO MySQL client library: 5.6.29
2023-03-31_22:50:19 INFO MySQL server ver: 5.5.5-10.6.12-MariaDB-cll-lve 
2023-03-31_22:50:19 INFO Connected to MySQL database at sql975.main-hosting.eu
2023-03-31_22:50:19 INFO MySQL client library: 5.6.29
2023-03-31_22:50:19 INFO MySQL server ver: 5.5.5-10.6.12-MariaDB-cll-lve 
2023-03-31_22:50:19 INFO Connected to MySQL database at sql975.main-hosting.eu
2023-03-31_22:50:19 INFO DatabasePool 'u897592642_login' opened successfully. 3 total connections running.
2023-03-31_22:53:10 INFO Closing down DatabasePool 'characters'.
2023-03-31_22:53:10 INFO Asynchronous connections on DatabasePool 'characters' terminated. Proceeding with synchronous connections.
2023-03-31_22:53:10 INFO All connections on DatabasePool 'characters' closed.
2023-03-31_22:53:10 INFO Closing down DatabasePool 'log'.
2023-03-31_22:53:10 INFO Asynchronous connections on DatabasePool 'log' terminated. Proceeding with synchronous connections.
2023-03-31_22:53:10 INFO All connections on DatabasePool 'log' closed.
2023-03-31_22:53:10 INFO Closing down DatabasePool 'u897592642_login'.
2023-03-31_22:53:10 INFO Asynchronous connections on DatabasePool 'u897592642_login' terminated. Proceeding with synchronous connections.
2023-03-31_22:53:10 INFO All connections on DatabasePool 'u897592642_login' closed.
