2023-04-08_15:28:05 INFO >>> [5852][Charon] Removing Talk Reference [Kundun]
2023-04-08_15:28:08 INFO >>> [5852][Charon] Removing Talk Reference [Kundun]
2023-04-08_15:28:48 INFO >>> [5851][Archangel's Spirit] Removing Talk Reference [Kundun]
2023-04-08_15:29:52 INFO >>> [5851][Archangel's Spirit] Removing Talk Reference [Kundun]
2023-04-08_15:30:42 INFO >>> [5851][Archangel's Spirit] Removing Talk Reference [Kundun]
2023-04-08_15:31:23 INFO >>> [5851][Archangel's Spirit] Removing Talk Reference [Kundun]
2023-04-08_15:31:38 INFO >>> [5851][Archangel's Spirit] Removing Talk Reference [Kundun]
2023-04-08_15:33:28 INFO >>> [5851][Archangel's Spirit] Removing Talk Reference [Kundun]
2023-04-08_15:33:44 INFO >>> [5851][Archangel's Spirit] Removing Talk Reference [Kundun]
2023-04-08_15:33:50 INFO >>> [5851][Archangel's Spirit] Removing Talk Reference [Kundun]
2023-04-08_15:34:04 INFO >>> [5851][Archangel's Spirit] Removing Talk Reference [Kundun]
2023-04-08_15:34:41 INFO >>> [5851][Archangel's Spirit] Removing Talk Reference [Kundun]
2023-04-08_15:34:57 INFO >>> [5851][Archangel's Spirit] Removing Talk Reference [Kundun]
2023-04-08_15:35:06 INFO >>> [5851][Archangel's Spirit] Removing Talk Reference [Kundun]
2023-04-08_15:37:50 INFO >>> [5851][Archangel's Spirit] Removing Talk Reference [Kundun]
2023-04-08_15:38:02 INFO >>> [5851][Archangel's Spirit] Removing Talk Reference [Kundun]
2023-04-08_15:39:13 INFO >>> [5851][Archangel's Spirit] Removing Talk Reference [Kundun]
2023-04-08_15:39:48 INFO >>> [5851][Archangel's Spirit] Removing Talk Reference [Kundun]
2023-04-08_15:39:52 INFO >>> [5851][Archangel's Spirit] Removing Talk Reference [Kundun]
2023-04-08_15:43:02 INFO >>> [5851][Archangel's Spirit] Removing Talk Reference [test]
2023-04-08_15:46:59 INFO >>> [5851][Archangel's Spirit] Removing Talk Reference [test]
2023-04-08_16:03:00 INFO >>> [5866][Liaman, Barmaid] Removing Talk Reference [test]
2023-04-08_16:03:03 INFO >>> [5851][Archangel's Spirit] Removing Talk Reference [test]
2023-04-08_16:09:43 INFO >>> [5851][Archangel's Spirit] Removing Talk Reference [test]
2023-04-08_16:12:03 INFO >>> [5852][Charon] Removing Talk Reference [Kundun]
2023-04-08_16:12:05 INFO >>> [5852][Charon] Removing Talk Reference [Kundun]
2023-04-08_16:12:33 INFO >>> [5852][Charon] Removing Talk Reference [Kundun]
2023-04-08_16:12:56 INFO >>> [5852][Charon] Removing Talk Reference [Kundun]
2023-04-08_16:33:54 INFO >>> [5852][Charon] Removing Talk Reference [Deadmau55]
2023-04-08_16:34:04 INFO >>> [5852][Charon] Removing Talk Reference [Deadmau55]
2023-04-08_16:34:04 INFO >>> [5863][Liaman, Barmaid] Removing Talk Reference [Deadmau55]
2023-04-08_16:34:19 INFO >>> [5852][Charon] Removing Talk Reference [Kundun]
2023-04-08_17:00:58 INFO >>> [5851][Archangel's Spirit] Removing Talk Reference [Kundun]
2023-04-08_17:01:14 INFO >>> [5851][Archangel's Spirit] Removing Talk Reference [Deadmau55]
2023-04-08_17:08:54 INFO >>> [20830][Archangel] Removing Talk Reference [Deadmau55]
2023-04-08_17:13:05 INFO >>> [5866][Liaman, Barmaid] Removing Talk Reference [Kundun]
2023-04-08_17:13:47 INFO >>> [5866][Liaman, Barmaid] Removing Talk Reference [Deadmau55]
2023-04-08_17:25:36 INFO >>> [5855][Rugard] Removing Talk Reference [Deadmau55]
2023-04-08_17:32:52 INFO >>> [5855][Rugard] Removing Talk Reference [Deadmau55]
