2023-03-25_08:10:30 INFO [ Battle StandBy ] SetState_Start()
2023-03-25_08:10:30 INFO SetState_BattleStandBy()
2023-03-25_08:11:29 INFO [ Battle StandBy ] SetState_Notify()
2023-03-25_08:12:28 INFO [ Battle StandBy ] SetState_End()
2023-03-25_08:12:28 INFO [ Battle StandBy ] SetState_None()
2023-03-25_08:12:28 INFO [ Battle Maya ] SetState_StandBy_1()
2023-03-25_08:12:28 INFO SetState_BattleOfMaya()
2023-03-25_08:14:27 INFO [ Battle Maya ] SetState_Notify_1()
2023-03-25_08:14:27 INFO [ Battle Maya ] Failed. No users at state 2
2023-03-25_08:14:27 INFO [ Battle Maya ] SetState_End()
2023-03-25_08:14:29 INFO [ Battle Maya ] SetState_EndCycle()
2023-03-25_08:14:29 INFO [ Battle Maya ] SetState_None()
2023-03-25_08:14:29 INFO SetState_End()
2023-03-25_08:14:29 INFO SetState_None()
2023-03-25_08:14:29 INFO [ Battle StandBy ] SetState_Start()
2023-03-25_08:14:29 INFO SetState_BattleStandBy()
2023-03-25_08:15:28 INFO [ Battle StandBy ] SetState_Notify()
2023-03-25_08:16:27 INFO [ Battle StandBy ] SetState_End()
2023-03-25_08:16:27 INFO [ Battle StandBy ] SetState_None()
2023-03-25_08:16:27 INFO [ Battle Maya ] SetState_StandBy_1()
2023-03-25_08:16:27 INFO SetState_BattleOfMaya()
2023-03-25_08:18:26 INFO [ Battle Maya ] SetState_Notify_1()
2023-03-25_08:18:26 INFO [ Battle Maya ] Failed. No users at state 2
2023-03-25_08:18:26 INFO [ Battle Maya ] SetState_End()
2023-03-25_08:18:28 INFO [ Battle Maya ] SetState_EndCycle()
2023-03-25_08:18:28 INFO [ Battle Maya ] SetState_None()
2023-03-25_08:18:28 INFO SetState_End()
2023-03-25_08:18:29 INFO SetState_None()
2023-03-25_08:18:29 INFO [ Battle StandBy ] SetState_Start()
2023-03-25_08:18:29 INFO SetState_BattleStandBy()
2023-03-25_08:19:28 INFO [ Battle StandBy ] SetState_Notify()
2023-03-25_08:20:27 INFO [ Battle StandBy ] SetState_End()
2023-03-25_08:20:27 INFO [ Battle StandBy ] SetState_None()
2023-03-25_08:20:27 INFO [ Battle Maya ] SetState_StandBy_1()
2023-03-25_08:20:27 INFO SetState_BattleOfMaya()
2023-03-25_08:22:26 INFO [ Battle Maya ] SetState_Notify_1()
2023-03-25_08:22:26 INFO [ Battle Maya ] Failed. No users at state 2
2023-03-25_08:22:26 INFO [ Battle Maya ] SetState_End()
2023-03-25_08:22:28 INFO [ Battle Maya ] SetState_EndCycle()
2023-03-25_08:22:28 INFO [ Battle Maya ] SetState_None()
2023-03-25_08:22:28 INFO SetState_End()
2023-03-25_08:22:28 INFO SetState_None()
2023-03-25_08:22:28 INFO [ Battle StandBy ] SetState_Start()
2023-03-25_08:22:28 INFO SetState_BattleStandBy()
2023-03-25_08:23:27 INFO [ Battle StandBy ] SetState_Notify()
2023-03-25_08:24:26 INFO [ Battle StandBy ] SetState_End()
2023-03-25_08:24:26 INFO [ Battle StandBy ] SetState_None()
2023-03-25_08:24:26 INFO [ Battle Maya ] SetState_StandBy_1()
2023-03-25_08:24:26 INFO SetState_BattleOfMaya()
2023-03-25_08:26:25 INFO [ Battle Maya ] SetState_Notify_1()
2023-03-25_08:26:25 INFO [ Battle Maya ] Failed. No users at state 2
2023-03-25_08:26:25 INFO [ Battle Maya ] SetState_End()
2023-03-25_08:26:27 INFO [ Battle Maya ] SetState_EndCycle()
2023-03-25_08:26:27 INFO [ Battle Maya ] SetState_None()
2023-03-25_08:26:27 INFO SetState_End()
2023-03-25_08:26:28 INFO SetState_None()
2023-03-25_08:26:28 INFO [ Battle StandBy ] SetState_Start()
2023-03-25_08:26:28 INFO SetState_BattleStandBy()
2023-03-25_08:27:27 INFO [ Battle StandBy ] SetState_Notify()
