2023-03-25_22:12:43 INFO [ Battle StandBy ] SetState_Start()
2023-03-25_22:12:43 INFO SetState_BattleStandBy()
2023-03-25_22:13:42 INFO [ Battle StandBy ] SetState_Notify()
2023-03-25_22:14:41 INFO [ Battle StandBy ] SetState_End()
2023-03-25_22:14:41 INFO [ Battle StandBy ] SetState_None()
2023-03-25_22:14:41 INFO [ Battle Maya ] SetState_StandBy_1()
2023-03-25_22:14:41 INFO SetState_BattleOfMaya()
2023-03-25_22:16:40 INFO [ Battle Maya ] SetState_Notify_1()
2023-03-25_22:16:40 INFO [ Battle Maya ] Failed. No users at state 2
2023-03-25_22:16:40 INFO [ Battle Maya ] SetState_End()
2023-03-25_22:16:42 INFO [ Battle Maya ] SetState_EndCycle()
2023-03-25_22:16:42 INFO [ Battle Maya ] SetState_None()
2023-03-25_22:16:42 INFO SetState_End()
2023-03-25_22:16:42 INFO SetState_None()
2023-03-25_22:16:42 INFO [ Battle StandBy ] SetState_Start()
2023-03-25_22:16:42 INFO SetState_BattleStandBy()
2023-03-25_22:17:41 INFO [ Battle StandBy ] SetState_Notify()
2023-03-25_22:18:40 INFO [ Battle StandBy ] SetState_End()
2023-03-25_22:18:40 INFO [ Battle StandBy ] SetState_None()
2023-03-25_22:18:40 INFO [ Battle Maya ] SetState_StandBy_1()
2023-03-25_22:18:40 INFO SetState_BattleOfMaya()
2023-03-25_22:20:39 INFO [ Battle Maya ] SetState_Notify_1()
2023-03-25_22:20:39 INFO [ Battle Maya ] Failed. No users at state 2
2023-03-25_22:20:39 INFO [ Battle Maya ] SetState_End()
2023-03-25_22:20:41 INFO [ Battle Maya ] SetState_EndCycle()
2023-03-25_22:20:41 INFO [ Battle Maya ] SetState_None()
2023-03-25_22:20:41 INFO SetState_End()
2023-03-25_22:20:42 INFO SetState_None()
2023-03-25_22:20:42 INFO [ Battle StandBy ] SetState_Start()
2023-03-25_22:20:42 INFO SetState_BattleStandBy()
2023-03-25_22:21:41 INFO [ Battle StandBy ] SetState_Notify()
