2023-03-03_23:08:15 INFO [ Battle StandBy ] SetState_Start()
2023-03-03_23:08:15 INFO SetState_BattleStandBy()
2023-03-03_23:09:14 INFO [ Battle StandBy ] SetState_Notify()
2023-03-03_23:10:13 INFO [ Battle StandBy ] SetState_End()
2023-03-03_23:10:13 INFO [ Battle StandBy ] SetState_None()
2023-03-03_23:10:13 INFO [ Battle Maya ] SetState_StandBy_1()
2023-03-03_23:10:13 INFO SetState_BattleOfMaya()
2023-03-03_23:12:12 INFO [ Battle Maya ] SetState_Notify_1()
2023-03-03_23:12:12 INFO [ Battle Maya ] Failed. No users at state 2
2023-03-03_23:12:12 INFO [ Battle Maya ] SetState_End()
2023-03-03_23:12:14 INFO [ Battle Maya ] SetState_EndCycle()
2023-03-03_23:12:15 INFO [ Battle Maya ] SetState_None()
2023-03-03_23:12:15 INFO SetState_End()
2023-03-03_23:12:15 INFO SetState_None()
2023-03-03_23:12:15 INFO [ Battle StandBy ] SetState_Start()
2023-03-03_23:12:15 INFO SetState_BattleStandBy()
2023-03-03_23:13:14 INFO [ Battle StandBy ] SetState_Notify()
2023-03-03_23:14:13 INFO [ Battle StandBy ] SetState_End()
2023-03-03_23:14:13 INFO [ Battle StandBy ] SetState_None()
2023-03-03_23:14:13 INFO [ Battle Maya ] SetState_StandBy_1()
2023-03-03_23:14:13 INFO SetState_BattleOfMaya()
2023-03-03_23:16:12 INFO [ Battle Maya ] SetState_Notify_1()
2023-03-03_23:16:12 INFO [ Battle Maya ] Failed. No users at state 2
2023-03-03_23:16:12 INFO [ Battle Maya ] SetState_End()
2023-03-03_23:16:14 INFO [ Battle Maya ] SetState_EndCycle()
2023-03-03_23:16:14 INFO [ Battle Maya ] SetState_None()
2023-03-03_23:16:14 INFO SetState_End()
2023-03-03_23:16:14 INFO SetState_None()
2023-03-03_23:16:14 INFO [ Battle StandBy ] SetState_Start()
2023-03-03_23:16:14 INFO SetState_BattleStandBy()
2023-03-03_23:17:13 INFO [ Battle StandBy ] SetState_Notify()
2023-03-03_23:18:12 INFO [ Battle StandBy ] SetState_End()
2023-03-03_23:18:12 INFO [ Battle StandBy ] SetState_None()
2023-03-03_23:18:12 INFO [ Battle Maya ] SetState_StandBy_1()
2023-03-03_23:18:12 INFO SetState_BattleOfMaya()
2023-03-03_23:20:11 INFO [ Battle Maya ] SetState_Notify_1()
2023-03-03_23:20:11 INFO [ Battle Maya ] Failed. No users at state 2
2023-03-03_23:20:11 INFO [ Battle Maya ] SetState_End()
2023-03-03_23:20:13 INFO [ Battle Maya ] SetState_EndCycle()
2023-03-03_23:20:13 INFO [ Battle Maya ] SetState_None()
2023-03-03_23:20:13 INFO SetState_End()
2023-03-03_23:20:13 INFO SetState_None()
2023-03-03_23:20:13 INFO [ Battle StandBy ] SetState_Start()
2023-03-03_23:20:13 INFO SetState_BattleStandBy()
2023-03-03_23:21:12 INFO [ Battle StandBy ] SetState_Notify()
2023-03-03_23:22:11 INFO [ Battle StandBy ] SetState_End()
2023-03-03_23:22:11 INFO [ Battle StandBy ] SetState_None()
2023-03-03_23:22:11 INFO [ Battle Maya ] SetState_StandBy_1()
2023-03-03_23:22:12 INFO SetState_BattleOfMaya()
2023-03-03_23:24:11 INFO [ Battle Maya ] SetState_Notify_1()
2023-03-03_23:24:11 INFO [ Battle Maya ] Failed. No users at state 2
2023-03-03_23:24:11 INFO [ Battle Maya ] SetState_End()
2023-03-03_23:24:13 INFO [ Battle Maya ] SetState_EndCycle()
2023-03-03_23:24:13 INFO [ Battle Maya ] SetState_None()
2023-03-03_23:24:13 INFO SetState_End()
2023-03-03_23:24:13 INFO SetState_None()
2023-03-03_23:24:13 INFO [ Battle StandBy ] SetState_Start()
2023-03-03_23:24:13 INFO SetState_BattleStandBy()
2023-03-03_23:25:12 INFO [ Battle StandBy ] SetState_Notify()
2023-03-03_23:26:11 INFO [ Battle StandBy ] SetState_End()
2023-03-03_23:26:11 INFO [ Battle StandBy ] SetState_None()
2023-03-03_23:26:11 INFO [ Battle Maya ] SetState_StandBy_1()
2023-03-03_23:26:11 INFO SetState_BattleOfMaya()
2023-03-03_23:28:10 INFO [ Battle Maya ] SetState_Notify_1()
2023-03-03_23:28:10 INFO [ Battle Maya ] Failed. No users at state 2
2023-03-03_23:28:10 INFO [ Battle Maya ] SetState_End()
2023-03-03_23:28:12 INFO [ Battle Maya ] SetState_EndCycle()
2023-03-03_23:28:12 INFO [ Battle Maya ] SetState_None()
2023-03-03_23:28:12 INFO SetState_End()
2023-03-03_23:28:12 INFO SetState_None()
2023-03-03_23:28:12 INFO [ Battle StandBy ] SetState_Start()
2023-03-03_23:28:12 INFO SetState_BattleStandBy()
2023-03-03_23:29:11 INFO [ Battle StandBy ] SetState_Notify()
2023-03-03_23:30:10 INFO [ Battle StandBy ] SetState_End()
2023-03-03_23:30:10 INFO [ Battle StandBy ] SetState_None()
2023-03-03_23:30:10 INFO [ Battle Maya ] SetState_StandBy_1()
2023-03-03_23:30:10 INFO SetState_BattleOfMaya()
2023-03-03_23:32:09 INFO [ Battle Maya ] SetState_Notify_1()
2023-03-03_23:32:09 INFO [ Battle Maya ] Failed. No users at state 2
2023-03-03_23:32:09 INFO [ Battle Maya ] SetState_End()
2023-03-03_23:32:12 INFO [ Battle Maya ] SetState_EndCycle()
2023-03-03_23:32:12 INFO [ Battle Maya ] SetState_None()
2023-03-03_23:32:12 INFO SetState_End()
2023-03-03_23:32:12 INFO SetState_None()
2023-03-03_23:32:12 INFO [ Battle StandBy ] SetState_Start()
2023-03-03_23:32:12 INFO SetState_BattleStandBy()
2023-03-03_23:33:11 INFO [ Battle StandBy ] SetState_Notify()
2023-03-03_23:34:10 INFO [ Battle StandBy ] SetState_End()
2023-03-03_23:34:10 INFO [ Battle StandBy ] SetState_None()
2023-03-03_23:34:10 INFO [ Battle Maya ] SetState_StandBy_1()
2023-03-03_23:34:10 INFO SetState_BattleOfMaya()
2023-03-03_23:36:09 INFO [ Battle Maya ] SetState_Notify_1()
2023-03-03_23:36:09 INFO [ Battle Maya ] Failed. No users at state 2
2023-03-03_23:36:09 INFO [ Battle Maya ] SetState_End()
2023-03-03_23:36:11 INFO [ Battle Maya ] SetState_EndCycle()
2023-03-03_23:36:11 INFO [ Battle Maya ] SetState_None()
2023-03-03_23:36:11 INFO SetState_End()
2023-03-03_23:36:11 INFO SetState_None()
2023-03-03_23:36:11 INFO [ Battle StandBy ] SetState_Start()
2023-03-03_23:36:11 INFO SetState_BattleStandBy()
2023-03-03_23:37:10 INFO [ Battle StandBy ] SetState_Notify()
2023-03-03_23:38:09 INFO [ Battle StandBy ] SetState_End()
2023-03-03_23:38:09 INFO [ Battle StandBy ] SetState_None()
2023-03-03_23:38:09 INFO [ Battle Maya ] SetState_StandBy_1()
2023-03-03_23:38:09 INFO SetState_BattleOfMaya()
2023-03-03_23:40:08 INFO [ Battle Maya ] SetState_Notify_1()
2023-03-03_23:40:08 INFO [ Battle Maya ] Failed. No users at state 2
2023-03-03_23:40:08 INFO [ Battle Maya ] SetState_End()
2023-03-03_23:40:10 INFO [ Battle Maya ] SetState_EndCycle()
2023-03-03_23:40:11 INFO [ Battle Maya ] SetState_None()
2023-03-03_23:40:11 INFO SetState_End()
2023-03-03_23:40:11 INFO SetState_None()
2023-03-03_23:40:11 INFO [ Battle StandBy ] SetState_Start()
2023-03-03_23:40:11 INFO SetState_BattleStandBy()
2023-03-03_23:41:10 INFO [ Battle StandBy ] SetState_Notify()
2023-03-03_23:42:09 INFO [ Battle StandBy ] SetState_End()
2023-03-03_23:42:09 INFO [ Battle StandBy ] SetState_None()
2023-03-03_23:42:09 INFO [ Battle Maya ] SetState_StandBy_1()
2023-03-03_23:42:09 INFO SetState_BattleOfMaya()
2023-03-03_23:44:08 INFO [ Battle Maya ] SetState_Notify_1()
2023-03-03_23:44:08 INFO [ Battle Maya ] Failed. No users at state 2
2023-03-03_23:44:08 INFO [ Battle Maya ] SetState_End()
2023-03-03_23:44:10 INFO [ Battle Maya ] SetState_EndCycle()
2023-03-03_23:44:10 INFO [ Battle Maya ] SetState_None()
2023-03-03_23:44:10 INFO SetState_End()
2023-03-03_23:44:10 INFO SetState_None()
2023-03-03_23:44:10 INFO [ Battle StandBy ] SetState_Start()
2023-03-03_23:44:10 INFO SetState_BattleStandBy()
2023-03-03_23:45:09 INFO [ Battle StandBy ] SetState_Notify()
2023-03-03_23:46:08 INFO [ Battle StandBy ] SetState_End()
2023-03-03_23:46:08 INFO [ Battle StandBy ] SetState_None()
2023-03-03_23:46:08 INFO [ Battle Maya ] SetState_StandBy_1()
2023-03-03_23:46:08 INFO SetState_BattleOfMaya()
2023-03-03_23:48:07 INFO [ Battle Maya ] SetState_Notify_1()
2023-03-03_23:48:07 INFO [ Battle Maya ] Failed. No users at state 2
2023-03-03_23:48:07 INFO [ Battle Maya ] SetState_End()
2023-03-03_23:48:09 INFO [ Battle Maya ] SetState_EndCycle()
2023-03-03_23:48:09 INFO [ Battle Maya ] SetState_None()
2023-03-03_23:48:09 INFO SetState_End()
2023-03-03_23:48:09 INFO SetState_None()
2023-03-03_23:48:09 INFO [ Battle StandBy ] SetState_Start()
2023-03-03_23:48:09 INFO SetState_BattleStandBy()
2023-03-03_23:49:08 INFO [ Battle StandBy ] SetState_Notify()
2023-03-03_23:50:07 INFO [ Battle StandBy ] SetState_End()
2023-03-03_23:50:08 INFO [ Battle StandBy ] SetState_None()
2023-03-03_23:50:08 INFO [ Battle Maya ] SetState_StandBy_1()
2023-03-03_23:50:08 INFO SetState_BattleOfMaya()
2023-03-03_23:52:07 INFO [ Battle Maya ] SetState_Notify_1()
2023-03-03_23:52:07 INFO [ Battle Maya ] Failed. No users at state 2
2023-03-03_23:52:07 INFO [ Battle Maya ] SetState_End()
2023-03-03_23:52:09 INFO [ Battle Maya ] SetState_EndCycle()
2023-03-03_23:52:09 INFO [ Battle Maya ] SetState_None()
2023-03-03_23:52:09 INFO SetState_End()
2023-03-03_23:52:09 INFO SetState_None()
2023-03-03_23:52:09 INFO [ Battle StandBy ] SetState_Start()
2023-03-03_23:52:09 INFO SetState_BattleStandBy()
2023-03-03_23:53:08 INFO [ Battle StandBy ] SetState_Notify()
2023-03-03_23:54:07 INFO [ Battle StandBy ] SetState_End()
2023-03-03_23:54:07 INFO [ Battle StandBy ] SetState_None()
2023-03-03_23:54:07 INFO [ Battle Maya ] SetState_StandBy_1()
2023-03-03_23:54:07 INFO SetState_BattleOfMaya()
2023-03-03_23:56:06 INFO [ Battle Maya ] SetState_Notify_1()
2023-03-03_23:56:06 INFO [ Battle Maya ] Failed. No users at state 2
2023-03-03_23:56:06 INFO [ Battle Maya ] SetState_End()
2023-03-03_23:56:08 INFO [ Battle Maya ] SetState_EndCycle()
2023-03-03_23:56:08 INFO [ Battle Maya ] SetState_None()
2023-03-03_23:56:08 INFO SetState_End()
2023-03-03_23:56:08 INFO SetState_None()
2023-03-03_23:56:08 INFO [ Battle StandBy ] SetState_Start()
2023-03-03_23:56:08 INFO SetState_BattleStandBy()
2023-03-03_23:57:07 INFO [ Battle StandBy ] SetState_Notify()
2023-03-03_23:58:06 INFO [ Battle StandBy ] SetState_End()
2023-03-03_23:58:07 INFO [ Battle StandBy ] SetState_None()
2023-03-03_23:58:07 INFO [ Battle Maya ] SetState_StandBy_1()
2023-03-03_23:58:07 INFO SetState_BattleOfMaya()
