2023-03-25_14:41:01 INFO [ Battle StandBy ] SetState_Start()
2023-03-25_14:41:01 INFO SetState_BattleStandBy()
2023-03-25_14:42:00 INFO [ Battle StandBy ] SetState_Notify()
2023-03-25_14:42:59 INFO [ Battle StandBy ] SetState_End()
2023-03-25_14:42:59 INFO [ Battle StandBy ] SetState_None()
2023-03-25_14:42:59 INFO [ Battle Maya ] SetState_StandBy_1()
2023-03-25_14:42:59 INFO SetState_BattleOfMaya()
2023-03-25_14:44:58 INFO [ Battle Maya ] SetState_Notify_1()
2023-03-25_14:44:58 INFO [ Battle Maya ] Failed. No users at state 2
2023-03-25_14:44:58 INFO [ Battle Maya ] SetState_End()
2023-03-25_14:45:00 INFO [ Battle Maya ] SetState_EndCycle()
2023-03-25_14:45:00 INFO [ Battle Maya ] SetState_None()
2023-03-25_14:45:00 INFO SetState_End()
2023-03-25_14:45:00 INFO SetState_None()
2023-03-25_14:45:01 INFO [ Battle StandBy ] SetState_Start()
2023-03-25_14:45:01 INFO SetState_BattleStandBy()
2023-03-25_14:46:00 INFO [ Battle StandBy ] SetState_Notify()
2023-03-25_14:46:59 INFO [ Battle StandBy ] SetState_End()
2023-03-25_14:46:59 INFO [ Battle StandBy ] SetState_None()
2023-03-25_14:46:59 INFO [ Battle Maya ] SetState_StandBy_1()
2023-03-25_14:46:59 INFO SetState_BattleOfMaya()
2023-03-25_14:48:58 INFO [ Battle Maya ] SetState_Notify_1()
2023-03-25_14:48:58 INFO [ Battle Maya ] Failed. No users at state 2
2023-03-25_14:48:58 INFO [ Battle Maya ] SetState_End()
2023-03-25_14:49:00 INFO [ Battle Maya ] SetState_EndCycle()
2023-03-25_14:49:00 INFO [ Battle Maya ] SetState_None()
2023-03-25_14:49:00 INFO SetState_End()
2023-03-25_14:49:00 INFO SetState_None()
2023-03-25_14:49:00 INFO [ Battle StandBy ] SetState_Start()
2023-03-25_14:49:00 INFO SetState_BattleStandBy()
2023-03-25_14:49:59 INFO [ Battle StandBy ] SetState_Notify()
2023-03-25_14:50:58 INFO [ Battle StandBy ] SetState_End()
2023-03-25_14:50:58 INFO [ Battle StandBy ] SetState_None()
2023-03-25_14:50:59 INFO [ Battle Maya ] SetState_StandBy_1()
2023-03-25_14:50:59 INFO SetState_BattleOfMaya()
2023-03-25_14:52:58 INFO [ Battle Maya ] SetState_Notify_1()
2023-03-25_14:52:58 INFO [ Battle Maya ] Failed. No users at state 2
2023-03-25_14:52:58 INFO [ Battle Maya ] SetState_End()
2023-03-25_14:53:00 INFO [ Battle Maya ] SetState_EndCycle()
2023-03-25_14:53:00 INFO [ Battle Maya ] SetState_None()
2023-03-25_14:53:00 INFO SetState_End()
2023-03-25_14:53:00 INFO SetState_None()
2023-03-25_14:53:00 INFO [ Battle StandBy ] SetState_Start()
2023-03-25_14:53:00 INFO SetState_BattleStandBy()
2023-03-25_14:53:59 INFO [ Battle StandBy ] SetState_Notify()
2023-03-25_14:54:58 INFO [ Battle StandBy ] SetState_End()
2023-03-25_14:54:58 INFO [ Battle StandBy ] SetState_None()
2023-03-25_14:54:58 INFO [ Battle Maya ] SetState_StandBy_1()
2023-03-25_14:54:58 INFO SetState_BattleOfMaya()
2023-03-25_14:56:57 INFO [ Battle Maya ] SetState_Notify_1()
2023-03-25_14:56:57 INFO [ Battle Maya ] Failed. No users at state 2
2023-03-25_14:56:57 INFO [ Battle Maya ] SetState_End()
2023-03-25_14:56:59 INFO [ Battle Maya ] SetState_EndCycle()
2023-03-25_14:56:59 INFO [ Battle Maya ] SetState_None()
2023-03-25_14:56:59 INFO SetState_End()
2023-03-25_14:56:59 INFO SetState_None()
2023-03-25_14:56:59 INFO [ Battle StandBy ] SetState_Start()
2023-03-25_14:56:59 INFO SetState_BattleStandBy()
2023-03-25_14:57:58 INFO [ Battle StandBy ] SetState_Notify()
2023-03-25_14:58:57 INFO [ Battle StandBy ] SetState_End()
2023-03-25_14:58:57 INFO [ Battle StandBy ] SetState_None()
2023-03-25_14:58:58 INFO [ Battle Maya ] SetState_StandBy_1()
2023-03-25_14:58:58 INFO SetState_BattleOfMaya()
2023-03-25_15:00:57 INFO [ Battle Maya ] SetState_Notify_1()
2023-03-25_15:00:57 INFO [ Battle Maya ] Failed. No users at state 2
2023-03-25_15:00:57 INFO [ Battle Maya ] SetState_End()
2023-03-25_15:00:59 INFO [ Battle Maya ] SetState_EndCycle()
2023-03-25_15:00:59 INFO [ Battle Maya ] SetState_None()
2023-03-25_15:00:59 INFO SetState_End()
2023-03-25_15:00:59 INFO SetState_None()
2023-03-25_15:00:59 INFO [ Battle StandBy ] SetState_Start()
2023-03-25_15:00:59 INFO SetState_BattleStandBy()
2023-03-25_15:01:58 INFO [ Battle StandBy ] SetState_Notify()
2023-03-25_15:02:57 INFO [ Battle StandBy ] SetState_End()
2023-03-25_15:02:57 INFO [ Battle StandBy ] SetState_None()
2023-03-25_15:02:57 INFO [ Battle Maya ] SetState_StandBy_1()
2023-03-25_15:02:57 INFO SetState_BattleOfMaya()
2023-03-25_15:04:56 INFO [ Battle Maya ] SetState_Notify_1()
2023-03-25_15:04:56 INFO [ Battle Maya ] Failed. No users at state 2
2023-03-25_15:04:56 INFO [ Battle Maya ] SetState_End()
2023-03-25_15:04:58 INFO [ Battle Maya ] SetState_EndCycle()
2023-03-25_15:04:58 INFO [ Battle Maya ] SetState_None()
2023-03-25_15:04:58 INFO SetState_End()
2023-03-25_15:04:58 INFO SetState_None()
2023-03-25_15:04:58 INFO [ Battle StandBy ] SetState_Start()
2023-03-25_15:04:58 INFO SetState_BattleStandBy()
2023-03-25_15:05:57 INFO [ Battle StandBy ] SetState_Notify()
2023-03-25_15:06:56 INFO [ Battle StandBy ] SetState_End()
2023-03-25_15:06:56 INFO [ Battle StandBy ] SetState_None()
2023-03-25_15:06:56 INFO [ Battle Maya ] SetState_StandBy_1()
2023-03-25_15:06:56 INFO SetState_BattleOfMaya()
2023-03-25_15:08:55 INFO [ Battle Maya ] SetState_Notify_1()
2023-03-25_15:08:55 INFO [ Battle Maya ] Failed. No users at state 2
2023-03-25_15:08:55 INFO [ Battle Maya ] SetState_End()
2023-03-25_15:08:58 INFO [ Battle Maya ] SetState_EndCycle()
2023-03-25_15:08:58 INFO [ Battle Maya ] SetState_None()
2023-03-25_15:08:58 INFO SetState_End()
2023-03-25_15:08:58 INFO SetState_None()
2023-03-25_15:08:58 INFO [ Battle StandBy ] SetState_Start()
2023-03-25_15:08:58 INFO SetState_BattleStandBy()
2023-03-25_15:09:57 INFO [ Battle StandBy ] SetState_Notify()
2023-03-25_15:10:56 INFO [ Battle StandBy ] SetState_End()
2023-03-25_15:10:56 INFO [ Battle StandBy ] SetState_None()
2023-03-25_15:10:56 INFO [ Battle Maya ] SetState_StandBy_1()
2023-03-25_15:10:56 INFO SetState_BattleOfMaya()
2023-03-25_15:12:55 INFO [ Battle Maya ] SetState_Notify_1()
2023-03-25_15:12:55 INFO [ Battle Maya ] Failed. No users at state 2
2023-03-25_15:12:55 INFO [ Battle Maya ] SetState_End()
2023-03-25_15:12:57 INFO [ Battle Maya ] SetState_EndCycle()
2023-03-25_15:12:57 INFO [ Battle Maya ] SetState_None()
2023-03-25_15:12:57 INFO SetState_End()
2023-03-25_15:12:57 INFO SetState_None()
2023-03-25_15:12:57 INFO [ Battle StandBy ] SetState_Start()
2023-03-25_15:12:57 INFO SetState_BattleStandBy()
2023-03-25_15:13:56 INFO [ Battle StandBy ] SetState_Notify()
2023-03-25_15:14:55 INFO [ Battle StandBy ] SetState_End()
2023-03-25_15:14:55 INFO [ Battle StandBy ] SetState_None()
2023-03-25_15:14:55 INFO [ Battle Maya ] SetState_StandBy_1()
2023-03-25_15:14:55 INFO SetState_BattleOfMaya()
2023-03-25_15:16:54 INFO [ Battle Maya ] SetState_Notify_1()
2023-03-25_15:16:54 INFO [ Battle Maya ] Failed. No users at state 2
2023-03-25_15:16:54 INFO [ Battle Maya ] SetState_End()
2023-03-25_15:16:56 INFO [ Battle Maya ] SetState_EndCycle()
2023-03-25_15:16:57 INFO [ Battle Maya ] SetState_None()
2023-03-25_15:16:57 INFO SetState_End()
2023-03-25_15:16:57 INFO SetState_None()
2023-03-25_15:16:57 INFO [ Battle StandBy ] SetState_Start()
2023-03-25_15:16:57 INFO SetState_BattleStandBy()
2023-03-25_15:17:56 INFO [ Battle StandBy ] SetState_Notify()
2023-03-25_15:18:55 INFO [ Battle StandBy ] SetState_End()
2023-03-25_15:18:55 INFO [ Battle StandBy ] SetState_None()
2023-03-25_15:18:55 INFO [ Battle Maya ] SetState_StandBy_1()
2023-03-25_15:18:55 INFO SetState_BattleOfMaya()
2023-03-25_15:20:54 INFO [ Battle Maya ] SetState_Notify_1()
2023-03-25_15:20:54 INFO [ Battle Maya ] Failed. No users at state 2
2023-03-25_15:20:54 INFO [ Battle Maya ] SetState_End()
2023-03-25_15:20:56 INFO [ Battle Maya ] SetState_EndCycle()
2023-03-25_15:20:56 INFO [ Battle Maya ] SetState_None()
2023-03-25_15:20:56 INFO SetState_End()
2023-03-25_15:20:56 INFO SetState_None()
2023-03-25_15:20:56 INFO [ Battle StandBy ] SetState_Start()
2023-03-25_15:20:56 INFO SetState_BattleStandBy()
2023-03-25_15:21:55 INFO [ Battle StandBy ] SetState_Notify()
2023-03-25_15:22:54 INFO [ Battle StandBy ] SetState_End()
2023-03-25_15:22:54 INFO [ Battle StandBy ] SetState_None()
2023-03-25_15:22:54 INFO [ Battle Maya ] SetState_StandBy_1()
2023-03-25_15:22:54 INFO SetState_BattleOfMaya()
