2023-03-04_00:09:19 INFO Main::KeepDatabaseAlive
2023-03-04_00:19:20 INFO Main::KeepDatabaseAlive
2023-03-04_00:29:19 INFO Main::KeepDatabaseAlive
2023-03-04_00:39:19 INFO Main::KeepDatabaseAlive
2023-03-04_00:49:19 INFO Main::KeepDatabaseAlive
2023-03-04_00:59:19 INFO Main::KeepDatabaseAlive
2023-03-04_01:09:19 INFO Main::KeepDatabaseAlive
2023-03-04_01:19:19 INFO Main::KeepDatabaseAlive
2023-03-04_01:29:19 INFO Main::KeepDatabaseAlive
2023-03-04_01:39:19 INFO Main::KeepDatabaseAlive
2023-03-04_01:49:19 INFO Main::KeepDatabaseAlive
2023-03-04_01:59:19 INFO Main::KeepDatabaseAlive
2023-03-04_02:09:19 INFO Main::KeepDatabaseAlive
2023-03-04_02:19:19 INFO Main::KeepDatabaseAlive
2023-03-04_02:29:19 INFO Main::KeepDatabaseAlive
2023-03-04_02:39:19 INFO Main::KeepDatabaseAlive
2023-03-04_02:49:19 INFO Main::KeepDatabaseAlive
2023-03-04_02:59:19 INFO Main::KeepDatabaseAlive
2023-03-04_03:09:19 INFO Main::KeepDatabaseAlive
2023-03-04_03:19:19 INFO Main::KeepDatabaseAlive
2023-03-04_03:29:19 INFO Main::KeepDatabaseAlive
2023-03-04_03:39:19 INFO Main::KeepDatabaseAlive
2023-03-04_03:49:19 INFO Main::KeepDatabaseAlive
2023-03-04_03:59:19 INFO Main::KeepDatabaseAlive
2023-03-04_04:09:19 INFO Main::KeepDatabaseAlive
2023-03-04_04:19:19 INFO Main::KeepDatabaseAlive
2023-03-04_04:29:19 INFO Main::KeepDatabaseAlive
2023-03-04_04:39:19 INFO Main::KeepDatabaseAlive
2023-03-04_04:49:19 INFO Main::KeepDatabaseAlive
2023-03-04_04:59:19 INFO Main::KeepDatabaseAlive
2023-03-04_05:09:19 INFO Main::KeepDatabaseAlive
2023-03-04_05:19:19 INFO Main::KeepDatabaseAlive
2023-03-04_05:29:19 INFO Main::KeepDatabaseAlive
2023-03-04_05:39:19 INFO Main::KeepDatabaseAlive
2023-03-04_05:49:19 INFO Main::KeepDatabaseAlive
2023-03-04_05:59:19 INFO Main::KeepDatabaseAlive
2023-03-04_06:09:19 INFO Main::KeepDatabaseAlive
2023-03-04_06:19:19 INFO Main::KeepDatabaseAlive
2023-03-04_06:29:19 INFO Main::KeepDatabaseAlive
2023-03-04_06:39:19 INFO Main::KeepDatabaseAlive
2023-03-04_06:49:19 INFO Main::KeepDatabaseAlive
2023-03-04_06:59:19 INFO Main::KeepDatabaseAlive
2023-03-04_07:09:19 INFO Main::KeepDatabaseAlive
2023-03-04_07:19:19 INFO Main::KeepDatabaseAlive
2023-03-04_07:29:19 INFO Main::KeepDatabaseAlive
2023-03-04_07:39:19 INFO Main::KeepDatabaseAlive
2023-03-04_07:49:19 INFO Main::KeepDatabaseAlive
2023-03-04_07:59:19 INFO Main::KeepDatabaseAlive
2023-03-04_08:09:19 INFO Main::KeepDatabaseAlive
2023-03-04_08:19:19 INFO Main::KeepDatabaseAlive
2023-03-04_08:29:19 INFO Main::KeepDatabaseAlive
2023-03-04_08:39:19 INFO Main::KeepDatabaseAlive
2023-03-04_08:49:19 INFO Main::KeepDatabaseAlive
2023-03-04_08:59:19 INFO Main::KeepDatabaseAlive
2023-03-04_09:09:19 INFO Main::KeepDatabaseAlive
2023-03-04_09:19:19 INFO Main::KeepDatabaseAlive
2023-03-04_09:29:19 INFO Main::KeepDatabaseAlive
2023-03-04_09:39:19 INFO Main::KeepDatabaseAlive
2023-03-04_09:49:19 INFO Main::KeepDatabaseAlive
2023-03-04_09:59:19 INFO Main::KeepDatabaseAlive
2023-03-04_10:09:19 INFO Main::KeepDatabaseAlive
2023-03-04_10:19:19 INFO Main::KeepDatabaseAlive
2023-03-04_10:29:19 INFO Main::KeepDatabaseAlive
2023-03-04_10:39:19 INFO Main::KeepDatabaseAlive
2023-03-04_10:49:19 INFO Main::KeepDatabaseAlive
2023-03-04_10:59:19 INFO Main::KeepDatabaseAlive
2023-03-04_11:09:19 INFO Main::KeepDatabaseAlive
2023-03-04_11:19:19 INFO Main::KeepDatabaseAlive
2023-03-04_11:29:19 INFO Main::KeepDatabaseAlive
2023-03-04_11:39:19 INFO Main::KeepDatabaseAlive
2023-03-04_11:49:19 INFO Main::KeepDatabaseAlive
2023-03-04_11:59:19 INFO Main::KeepDatabaseAlive
2023-03-04_12:09:19 INFO Main::KeepDatabaseAlive
2023-03-04_12:19:19 INFO Main::KeepDatabaseAlive
2023-03-04_12:29:19 INFO Main::KeepDatabaseAlive
2023-03-04_12:37:15 INFO Closing down DatabasePool 'characters'.
2023-03-04_12:37:15 INFO Asynchronous connections on DatabasePool 'characters' terminated. Proceeding with synchronous connections.
2023-03-04_12:37:15 INFO All connections on DatabasePool 'characters' closed.
2023-03-04_12:37:15 INFO Closing down DatabasePool 'log'.
2023-03-04_12:37:15 INFO Asynchronous connections on DatabasePool 'log' terminated. Proceeding with synchronous connections.
2023-03-04_12:37:15 INFO All connections on DatabasePool 'log' closed.
2023-03-04_12:37:15 INFO Closing down DatabasePool 'login'.
2023-03-04_12:37:15 INFO Asynchronous connections on DatabasePool 'login' terminated. Proceeding with synchronous connections.
2023-03-04_12:37:15 INFO All connections on DatabasePool 'login' closed.
