2023-03-28_00:04:37 INFO Main::KeepDatabaseAlive
2023-03-28_00:14:37 INFO Main::KeepDatabaseAlive
2023-03-28_00:24:37 INFO Main::KeepDatabaseAlive
2023-03-28_00:34:37 INFO Main::KeepDatabaseAlive
2023-03-28_00:44:38 INFO Main::KeepDatabaseAlive
2023-03-28_00:54:37 INFO Main::KeepDatabaseAlive
2023-03-28_01:04:37 INFO Main::KeepDatabaseAlive
2023-03-28_01:14:37 INFO Main::KeepDatabaseAlive
2023-03-28_01:24:37 INFO Main::KeepDatabaseAlive
2023-03-28_01:34:37 INFO Main::KeepDatabaseAlive
2023-03-28_01:44:38 INFO Main::KeepDatabaseAlive
2023-03-28_01:54:37 INFO Main::KeepDatabaseAlive
2023-03-28_02:04:38 INFO Main::KeepDatabaseAlive
2023-03-28_02:14:37 INFO Main::KeepDatabaseAlive
2023-03-28_02:24:37 INFO Main::KeepDatabaseAlive
2023-03-28_02:34:37 INFO Main::KeepDatabaseAlive
2023-03-28_02:44:38 INFO Main::KeepDatabaseAlive
2023-03-28_02:54:37 INFO Main::KeepDatabaseAlive
2023-03-28_03:04:37 INFO Main::KeepDatabaseAlive
2023-03-28_03:14:37 INFO Main::KeepDatabaseAlive
2023-03-28_03:24:37 INFO Main::KeepDatabaseAlive
2023-03-28_03:34:37 INFO Main::KeepDatabaseAlive
2023-03-28_03:44:37 INFO Main::KeepDatabaseAlive
2023-03-28_03:54:37 INFO Main::KeepDatabaseAlive
2023-03-28_04:04:38 INFO Main::KeepDatabaseAlive
2023-03-28_04:14:37 INFO Main::KeepDatabaseAlive
2023-03-28_04:24:37 INFO Main::KeepDatabaseAlive
2023-03-28_04:34:37 INFO Main::KeepDatabaseAlive
2023-03-28_04:44:37 INFO Main::KeepDatabaseAlive
2023-03-28_04:54:37 INFO Main::KeepDatabaseAlive
2023-03-28_05:04:37 INFO Main::KeepDatabaseAlive
2023-03-28_05:14:38 INFO Main::KeepDatabaseAlive
2023-03-28_05:24:38 INFO Main::KeepDatabaseAlive
2023-03-28_05:34:37 INFO Main::KeepDatabaseAlive
2023-03-28_05:44:38 INFO Main::KeepDatabaseAlive
2023-03-28_05:54:37 INFO Main::KeepDatabaseAlive
2023-03-28_06:04:37 INFO Main::KeepDatabaseAlive
2023-03-28_06:14:37 INFO Main::KeepDatabaseAlive
2023-03-28_06:24:37 INFO Main::KeepDatabaseAlive
2023-03-28_06:34:38 INFO Main::KeepDatabaseAlive
2023-03-28_06:44:38 INFO Main::KeepDatabaseAlive
2023-03-28_06:54:37 INFO Main::KeepDatabaseAlive
2023-03-28_07:04:38 INFO Main::KeepDatabaseAlive
2023-03-28_07:14:37 INFO Main::KeepDatabaseAlive
2023-03-28_07:24:38 INFO Main::KeepDatabaseAlive
2023-03-28_07:34:37 INFO Main::KeepDatabaseAlive
2023-03-28_07:44:37 INFO Main::KeepDatabaseAlive
2023-03-28_07:54:37 INFO Main::KeepDatabaseAlive
2023-03-28_08:04:37 INFO Main::KeepDatabaseAlive
2023-03-28_08:14:37 INFO Main::KeepDatabaseAlive
2023-03-28_08:24:37 INFO Main::KeepDatabaseAlive
2023-03-28_08:34:38 INFO Main::KeepDatabaseAlive
2023-03-28_08:44:37 INFO Main::KeepDatabaseAlive
2023-03-28_08:54:37 INFO Main::KeepDatabaseAlive
2023-03-28_09:04:38 INFO Main::KeepDatabaseAlive
2023-03-28_09:14:37 INFO Main::KeepDatabaseAlive
2023-03-28_09:24:38 INFO Main::KeepDatabaseAlive
2023-03-28_09:34:37 INFO Main::KeepDatabaseAlive
2023-03-28_09:44:37 INFO Main::KeepDatabaseAlive
2023-03-28_09:54:38 INFO Main::KeepDatabaseAlive
2023-03-28_10:04:37 INFO Main::KeepDatabaseAlive
2023-03-28_10:14:38 INFO Main::KeepDatabaseAlive
2023-03-28_10:24:37 INFO Main::KeepDatabaseAlive
2023-03-28_10:34:26 INFO Closing down DatabasePool 'characters'.
2023-03-28_10:34:26 INFO Asynchronous connections on DatabasePool 'characters' terminated. Proceeding with synchronous connections.
2023-03-28_10:34:26 INFO All connections on DatabasePool 'characters' closed.
2023-03-28_10:34:26 INFO Closing down DatabasePool 'log'.
2023-03-28_10:34:26 INFO Asynchronous connections on DatabasePool 'log' terminated. Proceeding with synchronous connections.
2023-03-28_10:34:26 INFO All connections on DatabasePool 'log' closed.
2023-03-28_10:34:26 INFO Closing down DatabasePool 'login'.
2023-03-28_10:34:26 INFO Asynchronous connections on DatabasePool 'login' terminated. Proceeding with synchronous connections.
2023-03-28_10:34:26 INFO All connections on DatabasePool 'login' closed.
