2023-03-31_00:03:46 INFO Main::KeepDatabaseAlive
2023-03-31_00:13:46 INFO Main::KeepDatabaseAlive
2023-03-31_00:23:46 INFO Main::KeepDatabaseAlive
2023-03-31_00:33:46 INFO Main::KeepDatabaseAlive
2023-03-31_00:43:46 INFO Main::KeepDatabaseAlive
2023-03-31_00:53:46 INFO Main::KeepDatabaseAlive
2023-03-31_01:03:46 INFO Main::KeepDatabaseAlive
2023-03-31_01:13:46 INFO Main::KeepDatabaseAlive
2023-03-31_01:23:46 INFO Main::KeepDatabaseAlive
2023-03-31_01:33:46 INFO Main::KeepDatabaseAlive
2023-03-31_01:43:46 INFO Main::KeepDatabaseAlive
2023-03-31_01:53:46 INFO Main::KeepDatabaseAlive
2023-03-31_02:03:46 INFO Main::KeepDatabaseAlive
2023-03-31_02:13:46 INFO Main::KeepDatabaseAlive
2023-03-31_02:23:46 INFO Main::KeepDatabaseAlive
2023-03-31_02:33:46 INFO Main::KeepDatabaseAlive
2023-03-31_02:43:46 INFO Main::KeepDatabaseAlive
2023-03-31_02:53:46 INFO Main::KeepDatabaseAlive
2023-03-31_03:03:46 INFO Main::KeepDatabaseAlive
2023-03-31_03:13:46 INFO Main::KeepDatabaseAlive
2023-03-31_03:23:46 INFO Main::KeepDatabaseAlive
2023-03-31_03:33:46 INFO Main::KeepDatabaseAlive
2023-03-31_03:43:46 INFO Main::KeepDatabaseAlive
2023-03-31_03:53:46 INFO Main::KeepDatabaseAlive
2023-03-31_04:03:46 INFO Main::KeepDatabaseAlive
2023-03-31_04:13:46 INFO Main::KeepDatabaseAlive
2023-03-31_04:23:46 INFO Main::KeepDatabaseAlive
2023-03-31_04:33:46 INFO Main::KeepDatabaseAlive
2023-03-31_04:43:46 INFO Main::KeepDatabaseAlive
2023-03-31_04:53:46 INFO Main::KeepDatabaseAlive
2023-03-31_05:03:46 INFO Main::KeepDatabaseAlive
2023-03-31_05:13:46 INFO Main::KeepDatabaseAlive
2023-03-31_05:23:46 INFO Main::KeepDatabaseAlive
2023-03-31_05:33:46 INFO Main::KeepDatabaseAlive
2023-03-31_05:43:46 INFO Main::KeepDatabaseAlive
2023-03-31_05:53:46 INFO Main::KeepDatabaseAlive
2023-03-31_06:03:46 INFO Main::KeepDatabaseAlive
2023-03-31_06:13:46 INFO Main::KeepDatabaseAlive
2023-03-31_06:23:46 INFO Main::KeepDatabaseAlive
2023-03-31_06:33:46 INFO Main::KeepDatabaseAlive
2023-03-31_06:43:46 INFO Main::KeepDatabaseAlive
2023-03-31_06:53:46 INFO Main::KeepDatabaseAlive
2023-03-31_07:03:46 INFO Main::KeepDatabaseAlive
2023-03-31_07:13:46 INFO Main::KeepDatabaseAlive
2023-03-31_07:23:46 INFO Main::KeepDatabaseAlive
2023-03-31_07:33:46 INFO Main::KeepDatabaseAlive
2023-03-31_07:43:46 INFO Main::KeepDatabaseAlive
2023-03-31_07:53:46 INFO Main::KeepDatabaseAlive
2023-03-31_08:03:46 INFO Main::KeepDatabaseAlive
2023-03-31_08:13:46 INFO Main::KeepDatabaseAlive
2023-03-31_08:23:46 INFO Main::KeepDatabaseAlive
2023-03-31_08:33:46 INFO Main::KeepDatabaseAlive
2023-03-31_08:43:46 INFO Main::KeepDatabaseAlive
2023-03-31_08:53:46 INFO Main::KeepDatabaseAlive
2023-03-31_09:03:46 INFO Main::KeepDatabaseAlive
2023-03-31_09:13:46 INFO Main::KeepDatabaseAlive
2023-03-31_09:23:46 INFO Main::KeepDatabaseAlive
2023-03-31_09:33:46 INFO Main::KeepDatabaseAlive
2023-03-31_09:43:46 INFO Main::KeepDatabaseAlive
2023-03-31_09:53:46 INFO Main::KeepDatabaseAlive
2023-03-31_10:03:46 INFO Main::KeepDatabaseAlive
2023-03-31_10:13:46 INFO Main::KeepDatabaseAlive
2023-03-31_10:15:20 INFO Closing down DatabasePool 'characters'.
2023-03-31_10:15:20 INFO Asynchronous connections on DatabasePool 'characters' terminated. Proceeding with synchronous connections.
2023-03-31_10:15:20 INFO All connections on DatabasePool 'characters' closed.
2023-03-31_10:15:20 INFO Closing down DatabasePool 'log'.
2023-03-31_10:15:20 INFO Asynchronous connections on DatabasePool 'log' terminated. Proceeding with synchronous connections.
2023-03-31_10:15:20 INFO All connections on DatabasePool 'log' closed.
2023-03-31_10:15:20 INFO Closing down DatabasePool 'login'.
2023-03-31_10:15:20 INFO Asynchronous connections on DatabasePool 'login' terminated. Proceeding with synchronous connections.
2023-03-31_10:15:20 INFO All connections on DatabasePool 'login' closed.
