2023-04-03_00:08:47 INFO Main::KeepDatabaseAlive
2023-04-03_00:18:47 INFO Main::KeepDatabaseAlive
2023-04-03_00:28:47 INFO Main::KeepDatabaseAlive
2023-04-03_00:38:47 INFO Main::KeepDatabaseAlive
2023-04-03_00:48:47 INFO Main::KeepDatabaseAlive
2023-04-03_00:58:47 INFO Main::KeepDatabaseAlive
2023-04-03_01:08:47 INFO Main::KeepDatabaseAlive
2023-04-03_01:18:47 INFO Main::KeepDatabaseAlive
2023-04-03_01:28:47 INFO Main::KeepDatabaseAlive
2023-04-03_01:38:47 INFO Main::KeepDatabaseAlive
2023-04-03_01:48:47 INFO Main::KeepDatabaseAlive
2023-04-03_01:58:47 INFO Main::KeepDatabaseAlive
2023-04-03_02:08:47 INFO Main::KeepDatabaseAlive
2023-04-03_02:18:47 INFO Main::KeepDatabaseAlive
2023-04-03_02:28:47 INFO Main::KeepDatabaseAlive
2023-04-03_02:38:47 INFO Main::KeepDatabaseAlive
2023-04-03_02:48:47 INFO Main::KeepDatabaseAlive
2023-04-03_02:58:47 INFO Main::KeepDatabaseAlive
2023-04-03_03:08:47 INFO Main::KeepDatabaseAlive
2023-04-03_03:18:47 INFO Main::KeepDatabaseAlive
2023-04-03_03:28:47 INFO Main::KeepDatabaseAlive
2023-04-03_03:38:47 INFO Main::KeepDatabaseAlive
2023-04-03_03:48:47 INFO Main::KeepDatabaseAlive
2023-04-03_03:58:47 INFO Main::KeepDatabaseAlive
2023-04-03_04:08:47 INFO Main::KeepDatabaseAlive
2023-04-03_04:18:47 INFO Main::KeepDatabaseAlive
2023-04-03_04:28:47 INFO Main::KeepDatabaseAlive
2023-04-03_04:38:47 INFO Main::KeepDatabaseAlive
2023-04-03_04:48:47 INFO Main::KeepDatabaseAlive
2023-04-03_04:58:47 INFO Main::KeepDatabaseAlive
2023-04-03_05:08:47 INFO Main::KeepDatabaseAlive
2023-04-03_05:18:47 INFO Main::KeepDatabaseAlive
2023-04-03_05:28:47 INFO Main::KeepDatabaseAlive
2023-04-03_05:38:47 INFO Main::KeepDatabaseAlive
2023-04-03_05:48:47 INFO Main::KeepDatabaseAlive
2023-04-03_05:58:47 INFO Main::KeepDatabaseAlive
2023-04-03_06:08:47 INFO Main::KeepDatabaseAlive
2023-04-03_06:18:47 INFO Main::KeepDatabaseAlive
2023-04-03_06:28:47 INFO Main::KeepDatabaseAlive
2023-04-03_06:38:47 INFO Main::KeepDatabaseAlive
2023-04-03_06:48:47 INFO Main::KeepDatabaseAlive
2023-04-03_06:58:47 INFO Main::KeepDatabaseAlive
2023-04-03_07:08:47 INFO Main::KeepDatabaseAlive
2023-04-03_07:18:47 INFO Main::KeepDatabaseAlive
2023-04-03_07:28:47 INFO Main::KeepDatabaseAlive
2023-04-03_07:38:47 INFO Main::KeepDatabaseAlive
2023-04-03_07:48:47 INFO Main::KeepDatabaseAlive
2023-04-03_07:58:47 INFO Main::KeepDatabaseAlive
2023-04-03_08:08:47 INFO Main::KeepDatabaseAlive
2023-04-03_08:18:47 INFO Main::KeepDatabaseAlive
2023-04-03_08:28:47 INFO Main::KeepDatabaseAlive
2023-04-03_08:38:47 INFO Main::KeepDatabaseAlive
2023-04-03_08:48:47 INFO Main::KeepDatabaseAlive
2023-04-03_08:58:47 INFO Main::KeepDatabaseAlive
2023-04-03_09:08:47 INFO Main::KeepDatabaseAlive
2023-04-03_09:18:47 INFO Main::KeepDatabaseAlive
2023-04-03_09:28:47 INFO Main::KeepDatabaseAlive
2023-04-03_09:38:47 INFO Main::KeepDatabaseAlive
2023-04-03_09:48:47 INFO Main::KeepDatabaseAlive
2023-04-03_09:58:47 INFO Main::KeepDatabaseAlive
2023-04-03_10:08:47 INFO Main::KeepDatabaseAlive
2023-04-03_10:18:47 INFO Main::KeepDatabaseAlive
2023-04-03_10:28:47 INFO Main::KeepDatabaseAlive
2023-04-03_10:38:47 INFO Main::KeepDatabaseAlive
2023-04-03_10:48:47 INFO Main::KeepDatabaseAlive
2023-04-03_10:58:47 INFO Main::KeepDatabaseAlive
2023-04-03_11:08:47 INFO Main::KeepDatabaseAlive
2023-04-03_11:18:47 INFO Main::KeepDatabaseAlive
2023-04-03_11:28:47 INFO Main::KeepDatabaseAlive
2023-04-03_11:38:47 INFO Main::KeepDatabaseAlive
2023-04-03_11:48:47 INFO Main::KeepDatabaseAlive
2023-04-03_11:58:47 INFO Main::KeepDatabaseAlive
2023-04-03_12:08:47 INFO Main::KeepDatabaseAlive
2023-04-03_12:18:47 INFO Main::KeepDatabaseAlive
2023-04-03_12:28:47 INFO Main::KeepDatabaseAlive
2023-04-03_12:38:47 INFO Main::KeepDatabaseAlive
2023-04-03_12:48:47 INFO Main::KeepDatabaseAlive
2023-04-03_12:58:47 INFO Main::KeepDatabaseAlive
2023-04-03_13:08:47 INFO Main::KeepDatabaseAlive
2023-04-03_13:18:47 INFO Main::KeepDatabaseAlive
2023-04-03_13:28:47 INFO Main::KeepDatabaseAlive
2023-04-03_13:38:47 INFO Main::KeepDatabaseAlive
2023-04-03_13:48:47 INFO Main::KeepDatabaseAlive
2023-04-03_13:58:47 INFO Main::KeepDatabaseAlive
2023-04-03_14:08:47 INFO Main::KeepDatabaseAlive
2023-04-03_14:18:47 INFO Main::KeepDatabaseAlive
2023-04-03_14:28:47 INFO Main::KeepDatabaseAlive
2023-04-03_14:38:47 INFO Main::KeepDatabaseAlive
2023-04-03_14:48:47 INFO Main::KeepDatabaseAlive
2023-04-03_14:58:47 INFO Main::KeepDatabaseAlive
2023-04-03_15:08:47 INFO Main::KeepDatabaseAlive
2023-04-03_15:18:47 INFO Main::KeepDatabaseAlive
2023-04-03_15:28:47 INFO Main::KeepDatabaseAlive
2023-04-03_15:38:47 INFO Main::KeepDatabaseAlive
2023-04-03_15:48:47 INFO Main::KeepDatabaseAlive
2023-04-03_15:58:47 INFO Main::KeepDatabaseAlive
2023-04-03_16:08:47 INFO Main::KeepDatabaseAlive
2023-04-03_16:18:47 INFO Main::KeepDatabaseAlive
2023-04-03_16:28:47 INFO Main::KeepDatabaseAlive
2023-04-03_16:38:47 INFO Main::KeepDatabaseAlive
2023-04-03_16:48:47 INFO Main::KeepDatabaseAlive
2023-04-03_16:58:47 INFO Main::KeepDatabaseAlive
2023-04-03_17:08:47 INFO Main::KeepDatabaseAlive
2023-04-03_17:18:47 INFO Main::KeepDatabaseAlive
2023-04-03_17:28:47 INFO Main::KeepDatabaseAlive
2023-04-03_17:38:47 INFO Main::KeepDatabaseAlive
2023-04-03_17:48:47 INFO Main::KeepDatabaseAlive
2023-04-03_17:58:47 INFO Main::KeepDatabaseAlive
2023-04-03_18:08:47 INFO Main::KeepDatabaseAlive
2023-04-03_18:18:47 INFO Main::KeepDatabaseAlive
2023-04-03_18:28:47 INFO Main::KeepDatabaseAlive
2023-04-03_18:38:47 INFO Main::KeepDatabaseAlive
2023-04-03_18:48:47 INFO Main::KeepDatabaseAlive
2023-04-03_18:58:47 INFO Main::KeepDatabaseAlive
2023-04-03_19:08:47 INFO Main::KeepDatabaseAlive
2023-04-03_19:18:47 INFO Main::KeepDatabaseAlive
2023-04-03_19:28:47 INFO Main::KeepDatabaseAlive
2023-04-03_19:38:47 INFO Main::KeepDatabaseAlive
2023-04-03_19:48:47 INFO Main::KeepDatabaseAlive
2023-04-03_19:58:47 INFO Main::KeepDatabaseAlive
2023-04-03_20:08:47 INFO Main::KeepDatabaseAlive
2023-04-03_20:18:47 INFO Main::KeepDatabaseAlive
2023-04-03_20:28:47 INFO Main::KeepDatabaseAlive
2023-04-03_20:38:47 INFO Main::KeepDatabaseAlive
2023-04-03_20:48:47 INFO Main::KeepDatabaseAlive
2023-04-03_20:58:47 INFO Main::KeepDatabaseAlive
2023-04-03_21:08:47 INFO Main::KeepDatabaseAlive
2023-04-03_21:18:47 INFO Main::KeepDatabaseAlive
2023-04-03_21:28:47 INFO Main::KeepDatabaseAlive
2023-04-03_21:35:43 ERROR SQL(p): REPLACE INTO item_serial (server, serial, serial_shop) VALUES (18, 0, 0)
 [ERROR]: [2013] Lost connection to MySQL server during query
2023-04-03_21:35:46 ERROR Could not connect to MySQL database at sql975.main-hosting.eu: Can't connect to MySQL server on 'sql975.main-hosting.eu' (10061)

2023-04-03_21:35:49 ERROR Unhandled MySQL errno 0. Unexpected behaviour possible.
2023-04-03_21:35:49 WARN Transaction aborted. 1 queries not executed.
2023-04-03_21:35:49 WARN Transaction aborted. 1 queries not executed.
2023-04-03_21:35:49 WARN Transaction aborted. 1 queries not executed.
2023-04-03_21:35:49 WARN Transaction aborted. 1 queries not executed.
2023-04-03_21:35:49 WARN Transaction aborted. 1 queries not executed.
2023-04-03_21:35:49 WARN Transaction aborted. 1 queries not executed.
2023-04-03_21:35:49 WARN Transaction aborted. 1 queries not executed.
2023-04-03_21:35:50 WARN Transaction aborted. 1 queries not executed.
2023-04-03_21:35:51 WARN Transaction aborted. 1 queries not executed.
2023-04-03_21:35:52 WARN Transaction aborted. 1 queries not executed.
2023-04-03_21:35:53 WARN Transaction aborted. 1 queries not executed.
2023-04-03_21:35:54 WARN Transaction aborted. 1 queries not executed.
2023-04-03_21:35:55 WARN Transaction aborted. 1 queries not executed.
2023-04-03_21:35:56 WARN Transaction aborted. 1 queries not executed.
2023-04-03_21:35:57 WARN Transaction aborted. 1 queries not executed.
2023-04-03_21:35:58 WARN Transaction aborted. 1 queries not executed.
2023-04-03_21:35:59 WARN Transaction aborted. 1 queries not executed.
2023-04-03_21:36:00 WARN Transaction aborted. 1 queries not executed.
2023-04-03_21:36:01 WARN Transaction aborted. 1 queries not executed.
2023-04-03_21:36:02 WARN Transaction aborted. 1 queries not executed.
2023-04-03_21:36:03 WARN Transaction aborted. 1 queries not executed.
2023-04-03_21:36:04 WARN Transaction aborted. 1 queries not executed.
2023-04-03_21:36:05 WARN Transaction aborted. 1 queries not executed.
2023-04-03_21:36:06 WARN Transaction aborted. 1 queries not executed.
2023-04-03_21:36:07 WARN Transaction aborted. 1 queries not executed.
2023-04-03_21:36:08 WARN Transaction aborted. 1 queries not executed.
2023-04-03_21:36:09 WARN Transaction aborted. 1 queries not executed.
2023-04-03_21:36:10 WARN Transaction aborted. 1 queries not executed.
2023-04-03_21:36:11 WARN Transaction aborted. 1 queries not executed.
2023-04-03_21:36:12 WARN Transaction aborted. 1 queries not executed.
2023-04-03_21:36:13 WARN Transaction aborted. 1 queries not executed.
2023-04-03_21:36:14 WARN Transaction aborted. 1 queries not executed.
2023-04-03_21:36:15 WARN Transaction aborted. 1 queries not executed.
2023-04-03_21:36:16 WARN Transaction aborted. 1 queries not executed.
2023-04-03_21:36:17 WARN Transaction aborted. 1 queries not executed.
2023-04-03_21:36:18 WARN Transaction aborted. 1 queries not executed.
2023-04-03_21:36:19 WARN Transaction aborted. 1 queries not executed.
2023-04-03_21:36:20 WARN Transaction aborted. 1 queries not executed.
2023-04-03_21:36:21 WARN Transaction aborted. 1 queries not executed.
2023-04-03_21:36:22 WARN Transaction aborted. 1 queries not executed.
2023-04-03_21:36:23 WARN Transaction aborted. 1 queries not executed.
2023-04-03_21:36:24 WARN Transaction aborted. 1 queries not executed.
2023-04-03_21:36:25 WARN Transaction aborted. 1 queries not executed.
2023-04-03_21:36:26 WARN Transaction aborted. 1 queries not executed.
2023-04-03_21:36:27 WARN Transaction aborted. 1 queries not executed.
2023-04-03_21:36:28 WARN Transaction aborted. 1 queries not executed.
2023-04-03_21:36:29 WARN Transaction aborted. 1 queries not executed.
2023-04-03_21:36:30 WARN Transaction aborted. 1 queries not executed.
2023-04-03_21:36:31 WARN Transaction aborted. 1 queries not executed.
2023-04-03_21:36:32 WARN Transaction aborted. 1 queries not executed.
2023-04-03_21:36:33 WARN Transaction aborted. 1 queries not executed.
2023-04-03_21:36:34 WARN Transaction aborted. 1 queries not executed.
2023-04-03_21:36:35 WARN Transaction aborted. 1 queries not executed.
2023-04-03_21:36:36 WARN Transaction aborted. 1 queries not executed.
2023-04-03_21:36:37 WARN Transaction aborted. 1 queries not executed.
2023-04-03_21:36:38 WARN Transaction aborted. 1 queries not executed.
2023-04-03_21:36:39 WARN Transaction aborted. 1 queries not executed.
2023-04-03_21:36:40 WARN Transaction aborted. 1 queries not executed.
2023-04-03_21:36:41 WARN Transaction aborted. 1 queries not executed.
2023-04-03_21:36:42 WARN Transaction aborted. 1 queries not executed.
2023-04-03_21:36:43 WARN Transaction aborted. 1 queries not executed.
2023-04-03_21:36:44 WARN Transaction aborted. 1 queries not executed.
2023-04-03_21:36:45 WARN Transaction aborted. 1 queries not executed.
2023-04-03_21:36:46 WARN Transaction aborted. 1 queries not executed.
2023-04-03_21:36:47 WARN Transaction aborted. 1 queries not executed.
2023-04-03_21:36:48 WARN Transaction aborted. 1 queries not executed.
2023-04-03_21:36:49 WARN Transaction aborted. 1 queries not executed.
2023-04-03_21:36:50 WARN Transaction aborted. 1 queries not executed.
2023-04-03_21:36:51 WARN Transaction aborted. 1 queries not executed.
2023-04-03_21:36:52 WARN Transaction aborted. 1 queries not executed.
2023-04-03_21:36:53 WARN Transaction aborted. 1 queries not executed.
2023-04-03_21:36:54 WARN Transaction aborted. 1 queries not executed.
2023-04-03_21:36:55 WARN Transaction aborted. 1 queries not executed.
2023-04-03_21:36:56 WARN Transaction aborted. 1 queries not executed.
2023-04-03_21:36:57 WARN Transaction aborted. 1 queries not executed.
2023-04-03_21:36:58 WARN Transaction aborted. 1 queries not executed.
2023-04-03_21:36:59 WARN Transaction aborted. 1 queries not executed.
2023-04-03_21:37:00 WARN Transaction aborted. 1 queries not executed.
2023-04-03_21:37:01 WARN Transaction aborted. 1 queries not executed.
2023-04-03_21:37:02 WARN Transaction aborted. 1 queries not executed.
2023-04-03_21:37:03 WARN Transaction aborted. 1 queries not executed.
2023-04-03_21:37:04 WARN Transaction aborted. 1 queries not executed.
2023-04-03_21:37:05 WARN Transaction aborted. 1 queries not executed.
2023-04-03_21:37:06 WARN Transaction aborted. 1 queries not executed.
2023-04-03_21:37:07 WARN Transaction aborted. 1 queries not executed.
2023-04-03_21:37:08 WARN Transaction aborted. 1 queries not executed.
2023-04-03_21:37:09 WARN Transaction aborted. 1 queries not executed.
2023-04-03_21:37:10 WARN Transaction aborted. 1 queries not executed.
2023-04-03_21:37:11 WARN Transaction aborted. 1 queries not executed.
2023-04-03_21:37:12 WARN Transaction aborted. 1 queries not executed.
2023-04-03_21:37:13 WARN Transaction aborted. 1 queries not executed.
2023-04-03_21:37:14 WARN Transaction aborted. 1 queries not executed.
2023-04-03_21:37:15 WARN Transaction aborted. 1 queries not executed.
2023-04-03_21:37:16 WARN Transaction aborted. 1 queries not executed.
2023-04-03_21:37:17 WARN Transaction aborted. 1 queries not executed.
2023-04-03_21:37:18 WARN Transaction aborted. 1 queries not executed.
2023-04-03_21:37:19 WARN Transaction aborted. 1 queries not executed.
2023-04-03_21:37:20 WARN Transaction aborted. 1 queries not executed.
2023-04-03_21:37:21 WARN Transaction aborted. 1 queries not executed.
2023-04-03_21:37:22 WARN Transaction aborted. 1 queries not executed.
2023-04-03_21:37:23 WARN Transaction aborted. 1 queries not executed.
2023-04-03_21:37:24 WARN Transaction aborted. 1 queries not executed.
2023-04-03_21:37:25 WARN Transaction aborted. 1 queries not executed.
2023-04-03_21:37:26 WARN Transaction aborted. 1 queries not executed.
2023-04-03_21:37:27 WARN Transaction aborted. 1 queries not executed.
2023-04-03_21:37:28 WARN Transaction aborted. 1 queries not executed.
2023-04-03_21:37:29 WARN Transaction aborted. 1 queries not executed.
2023-04-03_21:37:30 WARN Transaction aborted. 1 queries not executed.
2023-04-03_21:37:31 WARN Transaction aborted. 1 queries not executed.
2023-04-03_21:37:32 WARN Transaction aborted. 1 queries not executed.
2023-04-03_21:37:33 WARN Transaction aborted. 1 queries not executed.
2023-04-03_21:37:34 WARN Transaction aborted. 1 queries not executed.
2023-04-03_21:37:35 WARN Transaction aborted. 1 queries not executed.
2023-04-03_21:37:36 WARN Transaction aborted. 1 queries not executed.
2023-04-03_21:37:37 WARN Transaction aborted. 1 queries not executed.
2023-04-03_21:37:38 WARN Transaction aborted. 1 queries not executed.
2023-04-03_21:37:39 WARN Transaction aborted. 1 queries not executed.
2023-04-03_21:37:40 WARN Transaction aborted. 1 queries not executed.
2023-04-03_21:37:41 WARN Transaction aborted. 1 queries not executed.
2023-04-03_21:37:42 WARN Transaction aborted. 1 queries not executed.
2023-04-03_21:37:43 WARN Transaction aborted. 1 queries not executed.
2023-04-03_21:37:44 WARN Transaction aborted. 1 queries not executed.
2023-04-03_21:37:45 WARN Transaction aborted. 1 queries not executed.
2023-04-03_21:37:46 WARN Transaction aborted. 1 queries not executed.
2023-04-03_21:37:47 WARN Transaction aborted. 1 queries not executed.
2023-04-03_21:37:48 WARN Transaction aborted. 1 queries not executed.
2023-04-03_21:37:49 WARN Transaction aborted. 1 queries not executed.
2023-04-03_21:37:50 WARN Transaction aborted. 1 queries not executed.
2023-04-03_21:37:51 WARN Transaction aborted. 1 queries not executed.
2023-04-03_21:37:52 WARN Transaction aborted. 1 queries not executed.
2023-04-03_21:37:53 WARN Transaction aborted. 1 queries not executed.
2023-04-03_21:37:54 WARN Transaction aborted. 1 queries not executed.
2023-04-03_21:37:55 WARN Transaction aborted. 1 queries not executed.
2023-04-03_21:37:56 WARN Transaction aborted. 1 queries not executed.
2023-04-03_21:37:57 WARN Transaction aborted. 1 queries not executed.
2023-04-03_21:37:58 WARN Transaction aborted. 1 queries not executed.
2023-04-03_21:37:59 WARN Transaction aborted. 1 queries not executed.
2023-04-03_21:38:00 WARN Transaction aborted. 1 queries not executed.
2023-04-03_21:38:01 WARN Transaction aborted. 1 queries not executed.
2023-04-03_21:38:02 WARN Transaction aborted. 1 queries not executed.
2023-04-03_21:38:03 WARN Transaction aborted. 1 queries not executed.
2023-04-03_21:38:04 WARN Transaction aborted. 1 queries not executed.
2023-04-03_21:38:05 WARN Transaction aborted. 1 queries not executed.
2023-04-03_21:38:06 WARN Transaction aborted. 1 queries not executed.
2023-04-03_21:38:07 WARN Transaction aborted. 1 queries not executed.
2023-04-03_21:38:08 WARN Transaction aborted. 1 queries not executed.
2023-04-03_21:38:09 WARN Transaction aborted. 1 queries not executed.
2023-04-03_21:38:10 WARN Transaction aborted. 1 queries not executed.
2023-04-03_21:38:11 WARN Transaction aborted. 1 queries not executed.
2023-04-03_21:38:12 WARN Transaction aborted. 1 queries not executed.
2023-04-03_21:38:13 WARN Transaction aborted. 1 queries not executed.
2023-04-03_21:38:14 WARN Transaction aborted. 1 queries not executed.
2023-04-03_21:38:15 WARN Transaction aborted. 1 queries not executed.
2023-04-03_21:38:16 WARN Transaction aborted. 1 queries not executed.
2023-04-03_21:38:17 WARN Transaction aborted. 1 queries not executed.
2023-04-03_21:38:18 WARN Transaction aborted. 1 queries not executed.
2023-04-03_21:38:19 WARN Transaction aborted. 1 queries not executed.
2023-04-03_21:38:20 WARN Transaction aborted. 1 queries not executed.
2023-04-03_21:38:21 WARN Transaction aborted. 1 queries not executed.
2023-04-03_21:38:22 WARN Transaction aborted. 1 queries not executed.
2023-04-03_21:38:23 WARN Transaction aborted. 1 queries not executed.
2023-04-03_21:38:24 WARN Transaction aborted. 1 queries not executed.
2023-04-03_21:38:25 WARN Transaction aborted. 1 queries not executed.
2023-04-03_21:38:26 WARN Transaction aborted. 1 queries not executed.
2023-04-03_21:38:27 WARN Transaction aborted. 1 queries not executed.
2023-04-03_21:38:28 WARN Transaction aborted. 1 queries not executed.
2023-04-03_21:38:29 WARN Transaction aborted. 1 queries not executed.
2023-04-03_21:38:30 WARN Transaction aborted. 1 queries not executed.
2023-04-03_21:38:31 WARN Transaction aborted. 1 queries not executed.
2023-04-03_21:38:32 WARN Transaction aborted. 1 queries not executed.
2023-04-03_21:38:33 WARN Transaction aborted. 1 queries not executed.
2023-04-03_21:38:34 WARN Transaction aborted. 1 queries not executed.
2023-04-03_21:38:35 WARN Transaction aborted. 1 queries not executed.
2023-04-03_21:38:36 WARN Transaction aborted. 1 queries not executed.
2023-04-03_21:38:37 WARN Transaction aborted. 1 queries not executed.
2023-04-03_21:38:38 WARN Transaction aborted. 1 queries not executed.
2023-04-03_21:38:39 WARN Transaction aborted. 1 queries not executed.
2023-04-03_21:38:40 WARN Transaction aborted. 1 queries not executed.
2023-04-03_21:38:41 WARN Transaction aborted. 1 queries not executed.
2023-04-03_21:38:42 WARN Transaction aborted. 1 queries not executed.
2023-04-03_21:38:43 WARN Transaction aborted. 1 queries not executed.
2023-04-03_21:38:44 WARN Transaction aborted. 1 queries not executed.
2023-04-03_21:38:45 WARN Transaction aborted. 1 queries not executed.
2023-04-03_21:38:46 WARN Transaction aborted. 1 queries not executed.
2023-04-03_21:38:47 WARN Transaction aborted. 1 queries not executed.
2023-04-03_21:38:47 INFO Main::KeepDatabaseAlive
