2023-04-06_00:08:40 INFO Main::KeepDatabaseAlive
2023-04-06_00:18:40 INFO Main::KeepDatabaseAlive
2023-04-06_00:28:40 INFO Main::KeepDatabaseAlive
2023-04-06_00:38:40 INFO Main::KeepDatabaseAlive
2023-04-06_00:48:40 INFO Main::KeepDatabaseAlive
2023-04-06_00:58:40 INFO Main::KeepDatabaseAlive
2023-04-06_01:08:40 INFO Main::KeepDatabaseAlive
2023-04-06_01:18:40 INFO Main::KeepDatabaseAlive
2023-04-06_01:28:40 INFO Main::KeepDatabaseAlive
2023-04-06_01:38:40 INFO Main::KeepDatabaseAlive
2023-04-06_01:48:40 INFO Main::KeepDatabaseAlive
2023-04-06_01:58:40 INFO Main::KeepDatabaseAlive
2023-04-06_02:08:40 INFO Main::KeepDatabaseAlive
2023-04-06_02:18:40 INFO Main::KeepDatabaseAlive
2023-04-06_02:28:40 INFO Main::KeepDatabaseAlive
2023-04-06_02:38:40 INFO Main::KeepDatabaseAlive
2023-04-06_02:48:40 INFO Main::KeepDatabaseAlive
2023-04-06_02:58:40 INFO Main::KeepDatabaseAlive
2023-04-06_03:08:40 INFO Main::KeepDatabaseAlive
2023-04-06_03:18:40 INFO Main::KeepDatabaseAlive
2023-04-06_03:28:40 INFO Main::KeepDatabaseAlive
2023-04-06_03:38:40 INFO Main::KeepDatabaseAlive
2023-04-06_03:48:40 INFO Main::KeepDatabaseAlive
2023-04-06_03:58:40 INFO Main::KeepDatabaseAlive
2023-04-06_04:08:40 INFO Main::KeepDatabaseAlive
2023-04-06_04:18:40 INFO Main::KeepDatabaseAlive
2023-04-06_04:28:40 INFO Main::KeepDatabaseAlive
2023-04-06_04:38:40 INFO Main::KeepDatabaseAlive
2023-04-06_04:48:40 INFO Main::KeepDatabaseAlive
2023-04-06_04:58:40 INFO Main::KeepDatabaseAlive
2023-04-06_05:08:40 INFO Main::KeepDatabaseAlive
2023-04-06_05:18:40 INFO Main::KeepDatabaseAlive
2023-04-06_05:28:40 INFO Main::KeepDatabaseAlive
2023-04-06_05:38:40 INFO Main::KeepDatabaseAlive
2023-04-06_05:48:40 INFO Main::KeepDatabaseAlive
2023-04-06_05:58:40 INFO Main::KeepDatabaseAlive
2023-04-06_06:08:40 INFO Main::KeepDatabaseAlive
2023-04-06_06:18:40 INFO Main::KeepDatabaseAlive
2023-04-06_06:28:40 INFO Main::KeepDatabaseAlive
2023-04-06_06:38:40 INFO Main::KeepDatabaseAlive
2023-04-06_06:48:40 INFO Main::KeepDatabaseAlive
2023-04-06_06:58:40 INFO Main::KeepDatabaseAlive
2023-04-06_07:08:40 INFO Main::KeepDatabaseAlive
2023-04-06_07:18:40 INFO Main::KeepDatabaseAlive
2023-04-06_07:28:40 INFO Main::KeepDatabaseAlive
2023-04-06_07:38:40 INFO Main::KeepDatabaseAlive
2023-04-06_07:48:40 INFO Main::KeepDatabaseAlive
2023-04-06_07:58:40 INFO Main::KeepDatabaseAlive
2023-04-06_08:08:40 INFO Main::KeepDatabaseAlive
2023-04-06_08:18:40 INFO Main::KeepDatabaseAlive
2023-04-06_08:28:40 INFO Main::KeepDatabaseAlive
2023-04-06_08:38:40 INFO Main::KeepDatabaseAlive
2023-04-06_08:48:40 INFO Main::KeepDatabaseAlive
2023-04-06_08:58:40 INFO Main::KeepDatabaseAlive
2023-04-06_09:08:40 INFO Main::KeepDatabaseAlive
2023-04-06_09:18:40 INFO Main::KeepDatabaseAlive
2023-04-06_09:28:40 INFO Main::KeepDatabaseAlive
2023-04-06_09:38:40 INFO Main::KeepDatabaseAlive
2023-04-06_09:48:40 INFO Main::KeepDatabaseAlive
2023-04-06_09:58:40 INFO Main::KeepDatabaseAlive
2023-04-06_10:08:40 INFO Main::KeepDatabaseAlive
2023-04-06_10:18:40 INFO Main::KeepDatabaseAlive
2023-04-06_10:28:40 INFO Main::KeepDatabaseAlive
2023-04-06_10:38:40 INFO Main::KeepDatabaseAlive
2023-04-06_10:48:40 INFO Main::KeepDatabaseAlive
2023-04-06_10:58:40 INFO Main::KeepDatabaseAlive
2023-04-06_11:08:40 INFO Main::KeepDatabaseAlive
2023-04-06_11:18:40 INFO Main::KeepDatabaseAlive
2023-04-06_11:28:40 INFO Main::KeepDatabaseAlive
2023-04-06_11:38:40 INFO Main::KeepDatabaseAlive
2023-04-06_11:48:40 INFO Main::KeepDatabaseAlive
2023-04-06_11:58:40 INFO Main::KeepDatabaseAlive
2023-04-06_12:08:40 INFO Main::KeepDatabaseAlive
2023-04-06_12:18:40 INFO Main::KeepDatabaseAlive
2023-04-06_12:28:40 INFO Main::KeepDatabaseAlive
2023-04-06_12:38:40 INFO Main::KeepDatabaseAlive
2023-04-06_12:48:40 INFO Main::KeepDatabaseAlive
2023-04-06_12:58:40 INFO Main::KeepDatabaseAlive
2023-04-06_13:08:40 INFO Main::KeepDatabaseAlive
2023-04-06_13:18:40 INFO Main::KeepDatabaseAlive
2023-04-06_13:28:40 INFO Main::KeepDatabaseAlive
2023-04-06_13:38:40 INFO Main::KeepDatabaseAlive
2023-04-06_13:48:40 INFO Main::KeepDatabaseAlive
2023-04-06_13:58:40 INFO Main::KeepDatabaseAlive
2023-04-06_14:08:40 INFO Main::KeepDatabaseAlive
2023-04-06_14:18:40 INFO Main::KeepDatabaseAlive
2023-04-06_14:28:40 INFO Main::KeepDatabaseAlive
2023-04-06_14:38:40 INFO Main::KeepDatabaseAlive
2023-04-06_14:48:40 INFO Main::KeepDatabaseAlive
2023-04-06_14:58:40 INFO Main::KeepDatabaseAlive
2023-04-06_15:08:40 INFO Main::KeepDatabaseAlive
2023-04-06_15:18:40 INFO Main::KeepDatabaseAlive
2023-04-06_15:28:40 INFO Main::KeepDatabaseAlive
2023-04-06_15:38:40 INFO Main::KeepDatabaseAlive
2023-04-06_15:48:40 INFO Main::KeepDatabaseAlive
2023-04-06_15:58:40 INFO Main::KeepDatabaseAlive
2023-04-06_16:08:40 INFO Main::KeepDatabaseAlive
2023-04-06_16:18:40 INFO Main::KeepDatabaseAlive
2023-04-06_16:28:40 INFO Main::KeepDatabaseAlive
2023-04-06_16:38:40 INFO Main::KeepDatabaseAlive
2023-04-06_16:48:40 INFO Main::KeepDatabaseAlive
2023-04-06_16:58:40 INFO Main::KeepDatabaseAlive
2023-04-06_17:08:40 INFO Main::KeepDatabaseAlive
2023-04-06_17:18:40 INFO Main::KeepDatabaseAlive
2023-04-06_17:28:40 INFO Main::KeepDatabaseAlive
2023-04-06_17:38:40 INFO Main::KeepDatabaseAlive
2023-04-06_17:48:40 INFO Main::KeepDatabaseAlive
2023-04-06_17:58:40 INFO Main::KeepDatabaseAlive
2023-04-06_18:08:40 INFO Main::KeepDatabaseAlive
2023-04-06_18:18:40 INFO Main::KeepDatabaseAlive
2023-04-06_18:28:40 INFO Main::KeepDatabaseAlive
2023-04-06_18:38:40 INFO Main::KeepDatabaseAlive
2023-04-06_18:48:40 INFO Main::KeepDatabaseAlive
2023-04-06_18:58:40 INFO Main::KeepDatabaseAlive
2023-04-06_19:08:40 INFO Main::KeepDatabaseAlive
2023-04-06_19:18:40 INFO Main::KeepDatabaseAlive
2023-04-06_19:28:40 INFO Main::KeepDatabaseAlive
2023-04-06_19:35:15 INFO Closing down DatabasePool 'characters'.
2023-04-06_19:35:15 INFO Asynchronous connections on DatabasePool 'characters' terminated. Proceeding with synchronous connections.
2023-04-06_19:35:15 INFO All connections on DatabasePool 'characters' closed.
2023-04-06_19:35:15 INFO Closing down DatabasePool 'log'.
2023-04-06_19:35:15 INFO Asynchronous connections on DatabasePool 'log' terminated. Proceeding with synchronous connections.
2023-04-06_19:35:15 INFO All connections on DatabasePool 'log' closed.
2023-04-06_19:35:15 INFO Closing down DatabasePool 'u897592642_login'.
2023-04-06_19:35:15 INFO Asynchronous connections on DatabasePool 'u897592642_login' terminated. Proceeding with synchronous connections.
2023-04-06_19:35:15 INFO All connections on DatabasePool 'u897592642_login' closed.
