2023-03-25_17:14:48 INFO Opening DatabasePool 'characters'. Asynchronous connections: 1, synchronous connections: 2.
2023-03-25_17:14:48 INFO MySQL client library: 5.6.29
2023-03-25_17:14:48 INFO MySQL server ver: 5.7.41-log 
2023-03-25_17:14:48 INFO Connected to MySQL database at 127.0.0.1
2023-03-25_17:14:48 INFO MySQL client library: 5.6.29
2023-03-25_17:14:48 INFO MySQL server ver: 5.7.41-log 
2023-03-25_17:14:48 INFO Connected to MySQL database at 127.0.0.1
2023-03-25_17:14:48 INFO MySQL client library: 5.6.29
2023-03-25_17:14:48 INFO MySQL server ver: 5.7.41-log 
2023-03-25_17:14:48 INFO Connected to MySQL database at 127.0.0.1
2023-03-25_17:14:48 INFO DatabasePool 'characters' opened successfully. 3 total connections running.
2023-03-25_17:14:48 INFO Opening DatabasePool 'log'. Asynchronous connections: 1, synchronous connections: 2.
2023-03-25_17:14:48 INFO MySQL client library: 5.6.29
2023-03-25_17:14:48 INFO MySQL server ver: 5.7.41-log 
2023-03-25_17:14:48 INFO Connected to MySQL database at 127.0.0.1
2023-03-25_17:14:48 INFO MySQL client library: 5.6.29
2023-03-25_17:14:48 INFO MySQL server ver: 5.7.41-log 
2023-03-25_17:14:48 INFO Connected to MySQL database at 127.0.0.1
2023-03-25_17:14:48 INFO MySQL client library: 5.6.29
2023-03-25_17:14:48 INFO MySQL server ver: 5.7.41-log 
2023-03-25_17:14:48 INFO Connected to MySQL database at 127.0.0.1
2023-03-25_17:14:48 INFO DatabasePool 'log' opened successfully. 3 total connections running.
2023-03-25_17:14:48 INFO Opening DatabasePool 'login'. Asynchronous connections: 1, synchronous connections: 2.
2023-03-25_17:14:48 INFO MySQL client library: 5.6.29
2023-03-25_17:14:48 INFO MySQL server ver: 5.7.41-log 
2023-03-25_17:14:48 INFO Connected to MySQL database at 127.0.0.1
2023-03-25_17:14:48 INFO MySQL client library: 5.6.29
2023-03-25_17:14:48 INFO MySQL server ver: 5.7.41-log 
2023-03-25_17:14:48 INFO Connected to MySQL database at 127.0.0.1
2023-03-25_17:14:48 INFO MySQL client library: 5.6.29
2023-03-25_17:14:48 INFO MySQL server ver: 5.7.41-log 
2023-03-25_17:14:48 INFO Connected to MySQL database at 127.0.0.1
2023-03-25_17:14:48 INFO DatabasePool 'login' opened successfully. 3 total connections running.
2023-03-25_17:24:58 INFO Main::KeepDatabaseAlive
2023-03-25_17:34:58 INFO Main::KeepDatabaseAlive
2023-03-25_17:44:58 INFO Main::KeepDatabaseAlive
2023-03-25_17:54:58 INFO Main::KeepDatabaseAlive
2023-03-25_18:04:58 INFO Main::KeepDatabaseAlive
2023-03-25_18:14:58 INFO Main::KeepDatabaseAlive
2023-03-25_18:24:58 INFO Main::KeepDatabaseAlive
2023-03-25_18:34:58 INFO Main::KeepDatabaseAlive
2023-03-25_18:44:58 INFO Main::KeepDatabaseAlive
2023-03-25_18:51:08 INFO Closing down DatabasePool 'characters'.
2023-03-25_18:51:08 INFO Asynchronous connections on DatabasePool 'characters' terminated. Proceeding with synchronous connections.
2023-03-25_18:51:08 INFO All connections on DatabasePool 'characters' closed.
2023-03-25_18:51:08 INFO Closing down DatabasePool 'log'.
2023-03-25_18:51:08 INFO Asynchronous connections on DatabasePool 'log' terminated. Proceeding with synchronous connections.
2023-03-25_18:51:08 INFO All connections on DatabasePool 'log' closed.
2023-03-25_18:51:08 INFO Closing down DatabasePool 'login'.
2023-03-25_18:51:08 INFO Asynchronous connections on DatabasePool 'login' terminated. Proceeding with synchronous connections.
2023-03-25_18:51:08 INFO All connections on DatabasePool 'login' closed.
