2023-03-26_13:16:17 INFO Opening DatabasePool 'characters'. Asynchronous connections: 1, synchronous connections: 2.
2023-03-26_13:16:17 INFO MySQL client library: 5.6.29
2023-03-26_13:16:17 INFO MySQL server ver: 5.7.41-log 
2023-03-26_13:16:17 INFO Connected to MySQL database at 127.0.0.1
2023-03-26_13:16:17 INFO MySQL client library: 5.6.29
2023-03-26_13:16:17 INFO MySQL server ver: 5.7.41-log 
2023-03-26_13:16:17 INFO Connected to MySQL database at 127.0.0.1
2023-03-26_13:16:17 INFO MySQL client library: 5.6.29
2023-03-26_13:16:17 INFO MySQL server ver: 5.7.41-log 
2023-03-26_13:16:17 INFO Connected to MySQL database at 127.0.0.1
2023-03-26_13:16:17 INFO DatabasePool 'characters' opened successfully. 3 total connections running.
2023-03-26_13:16:17 INFO Opening DatabasePool 'log'. Asynchronous connections: 1, synchronous connections: 2.
2023-03-26_13:16:17 INFO MySQL client library: 5.6.29
2023-03-26_13:16:17 INFO MySQL server ver: 5.7.41-log 
2023-03-26_13:16:17 INFO Connected to MySQL database at 127.0.0.1
2023-03-26_13:16:17 INFO MySQL client library: 5.6.29
2023-03-26_13:16:17 INFO MySQL server ver: 5.7.41-log 
2023-03-26_13:16:17 INFO Connected to MySQL database at 127.0.0.1
2023-03-26_13:16:17 INFO MySQL client library: 5.6.29
2023-03-26_13:16:17 INFO MySQL server ver: 5.7.41-log 
2023-03-26_13:16:17 INFO Connected to MySQL database at 127.0.0.1
2023-03-26_13:16:17 INFO DatabasePool 'log' opened successfully. 3 total connections running.
2023-03-26_13:16:17 INFO Opening DatabasePool 'login'. Asynchronous connections: 1, synchronous connections: 2.
2023-03-26_13:16:17 INFO MySQL client library: 5.6.29
2023-03-26_13:16:17 INFO MySQL server ver: 5.7.41-log 
2023-03-26_13:16:17 INFO Connected to MySQL database at 127.0.0.1
2023-03-26_13:16:17 INFO MySQL client library: 5.6.29
2023-03-26_13:16:17 INFO MySQL server ver: 5.7.41-log 
2023-03-26_13:16:17 INFO Connected to MySQL database at 127.0.0.1
2023-03-26_13:16:17 INFO MySQL client library: 5.6.29
2023-03-26_13:16:17 INFO MySQL server ver: 5.7.41-log 
2023-03-26_13:16:17 INFO Connected to MySQL database at 127.0.0.1
2023-03-26_13:16:17 INFO DatabasePool 'login' opened successfully. 3 total connections running.
2023-03-26_13:26:26 INFO Main::KeepDatabaseAlive
2023-03-26_13:36:26 INFO Main::KeepDatabaseAlive
2023-03-26_13:46:26 INFO Main::KeepDatabaseAlive
2023-03-26_13:56:26 INFO Main::KeepDatabaseAlive
2023-03-26_14:06:26 INFO Main::KeepDatabaseAlive
2023-03-26_14:16:26 INFO Main::KeepDatabaseAlive
2023-03-26_14:26:26 INFO Main::KeepDatabaseAlive
2023-03-26_14:36:26 INFO Main::KeepDatabaseAlive
2023-03-26_14:46:26 INFO Main::KeepDatabaseAlive
2023-03-26_14:56:26 INFO Main::KeepDatabaseAlive
2023-03-26_15:06:26 INFO Main::KeepDatabaseAlive
2023-03-26_15:16:26 INFO Main::KeepDatabaseAlive
2023-03-26_15:26:26 INFO Main::KeepDatabaseAlive
2023-03-26_15:36:26 INFO Main::KeepDatabaseAlive
2023-03-26_15:44:34 INFO Closing down DatabasePool 'characters'.
2023-03-26_15:44:34 INFO Asynchronous connections on DatabasePool 'characters' terminated. Proceeding with synchronous connections.
2023-03-26_15:44:34 INFO All connections on DatabasePool 'characters' closed.
2023-03-26_15:44:34 INFO Closing down DatabasePool 'log'.
2023-03-26_15:44:34 INFO Asynchronous connections on DatabasePool 'log' terminated. Proceeding with synchronous connections.
2023-03-26_15:44:34 INFO All connections on DatabasePool 'log' closed.
2023-03-26_15:44:34 INFO Closing down DatabasePool 'login'.
2023-03-26_15:44:34 INFO Asynchronous connections on DatabasePool 'login' terminated. Proceeding with synchronous connections.
2023-03-26_15:44:34 INFO All connections on DatabasePool 'login' closed.
