2023-04-05_00:08:40 INFO Main::KeepDatabaseAlive
2023-04-05_00:18:40 INFO Main::KeepDatabaseAlive
2023-04-05_00:28:40 INFO Main::KeepDatabaseAlive
2023-04-05_00:38:40 INFO Main::KeepDatabaseAlive
2023-04-05_00:48:40 INFO Main::KeepDatabaseAlive
2023-04-05_00:58:40 INFO Main::KeepDatabaseAlive
2023-04-05_01:08:40 INFO Main::KeepDatabaseAlive
2023-04-05_01:18:40 INFO Main::KeepDatabaseAlive
2023-04-05_01:28:40 INFO Main::KeepDatabaseAlive
2023-04-05_01:38:40 INFO Main::KeepDatabaseAlive
2023-04-05_01:48:40 INFO Main::KeepDatabaseAlive
2023-04-05_01:58:40 INFO Main::KeepDatabaseAlive
2023-04-05_02:08:40 INFO Main::KeepDatabaseAlive
2023-04-05_02:18:40 INFO Main::KeepDatabaseAlive
2023-04-05_02:28:40 INFO Main::KeepDatabaseAlive
2023-04-05_02:38:40 INFO Main::KeepDatabaseAlive
2023-04-05_02:48:40 INFO Main::KeepDatabaseAlive
2023-04-05_02:58:40 INFO Main::KeepDatabaseAlive
2023-04-05_03:08:40 INFO Main::KeepDatabaseAlive
2023-04-05_03:18:40 INFO Main::KeepDatabaseAlive
2023-04-05_03:28:40 INFO Main::KeepDatabaseAlive
2023-04-05_03:38:40 INFO Main::KeepDatabaseAlive
2023-04-05_03:48:40 INFO Main::KeepDatabaseAlive
2023-04-05_03:58:40 INFO Main::KeepDatabaseAlive
2023-04-05_04:08:40 INFO Main::KeepDatabaseAlive
2023-04-05_04:18:40 INFO Main::KeepDatabaseAlive
2023-04-05_04:28:40 INFO Main::KeepDatabaseAlive
2023-04-05_04:38:40 INFO Main::KeepDatabaseAlive
2023-04-05_04:48:40 INFO Main::KeepDatabaseAlive
2023-04-05_04:58:40 INFO Main::KeepDatabaseAlive
2023-04-05_05:08:40 INFO Main::KeepDatabaseAlive
2023-04-05_05:18:40 INFO Main::KeepDatabaseAlive
2023-04-05_05:28:40 INFO Main::KeepDatabaseAlive
2023-04-05_05:38:40 INFO Main::KeepDatabaseAlive
2023-04-05_05:48:40 INFO Main::KeepDatabaseAlive
2023-04-05_05:58:40 INFO Main::KeepDatabaseAlive
2023-04-05_06:03:15 INFO SQL: START TRANSACTION
2023-04-05_06:03:15 ERROR [2013] Lost connection to MySQL server during query
2023-04-05_06:03:15 INFO Connected to MySQL database at sql975.main-hosting.eu
2023-04-05_06:03:16 INFO Connection to the MySQL server is active.
2023-04-05_06:03:16 INFO Successfully reconnected to u897592642_login @sql975.main-hosting.eu:3306 (asynchronous).
2023-04-05_06:08:40 INFO Main::KeepDatabaseAlive
2023-04-05_06:18:40 INFO Main::KeepDatabaseAlive
2023-04-05_06:28:40 INFO Main::KeepDatabaseAlive
2023-04-05_06:38:40 INFO Main::KeepDatabaseAlive
2023-04-05_06:48:40 INFO Main::KeepDatabaseAlive
2023-04-05_06:58:40 INFO Main::KeepDatabaseAlive
2023-04-05_07:08:40 INFO Main::KeepDatabaseAlive
2023-04-05_07:18:40 INFO Main::KeepDatabaseAlive
2023-04-05_07:20:30 INFO SQL: START TRANSACTION
2023-04-05_07:20:30 ERROR [2013] Lost connection to MySQL server during query
2023-04-05_07:20:30 INFO Connected to MySQL database at sql975.main-hosting.eu
2023-04-05_07:20:31 INFO Connection to the MySQL server is active.
2023-04-05_07:20:31 INFO Successfully reconnected to u897592642_login @sql975.main-hosting.eu:3306 (asynchronous).
2023-04-05_07:28:40 INFO Main::KeepDatabaseAlive
2023-04-05_07:38:40 INFO Main::KeepDatabaseAlive
2023-04-05_07:48:40 INFO Main::KeepDatabaseAlive
2023-04-05_07:58:40 INFO Main::KeepDatabaseAlive
2023-04-05_08:08:40 INFO Main::KeepDatabaseAlive
2023-04-05_08:18:40 INFO Main::KeepDatabaseAlive
2023-04-05_08:28:40 INFO Main::KeepDatabaseAlive
2023-04-05_08:38:40 INFO Main::KeepDatabaseAlive
2023-04-05_08:48:40 INFO Main::KeepDatabaseAlive
2023-04-05_08:58:40 INFO Main::KeepDatabaseAlive
2023-04-05_09:08:40 INFO Main::KeepDatabaseAlive
2023-04-05_09:18:40 INFO Main::KeepDatabaseAlive
2023-04-05_09:28:40 INFO Main::KeepDatabaseAlive
2023-04-05_09:38:40 INFO Main::KeepDatabaseAlive
2023-04-05_09:48:40 INFO Main::KeepDatabaseAlive
2023-04-05_09:58:40 INFO Main::KeepDatabaseAlive
2023-04-05_10:08:40 INFO Main::KeepDatabaseAlive
2023-04-05_10:18:40 INFO Main::KeepDatabaseAlive
2023-04-05_10:28:40 INFO Main::KeepDatabaseAlive
2023-04-05_10:38:40 INFO Main::KeepDatabaseAlive
2023-04-05_10:48:40 INFO Main::KeepDatabaseAlive
2023-04-05_10:58:40 INFO Main::KeepDatabaseAlive
2023-04-05_11:08:40 INFO Main::KeepDatabaseAlive
2023-04-05_11:18:40 INFO Main::KeepDatabaseAlive
2023-04-05_11:28:40 INFO Main::KeepDatabaseAlive
2023-04-05_11:38:40 INFO Main::KeepDatabaseAlive
2023-04-05_11:48:40 INFO Main::KeepDatabaseAlive
2023-04-05_11:58:40 INFO Main::KeepDatabaseAlive
2023-04-05_12:08:40 INFO Main::KeepDatabaseAlive
2023-04-05_12:18:40 INFO Main::KeepDatabaseAlive
2023-04-05_12:28:40 INFO Main::KeepDatabaseAlive
2023-04-05_12:38:40 INFO Main::KeepDatabaseAlive
2023-04-05_12:48:40 INFO Main::KeepDatabaseAlive
2023-04-05_12:58:40 INFO Main::KeepDatabaseAlive
2023-04-05_13:08:40 INFO Main::KeepDatabaseAlive
2023-04-05_13:18:40 INFO Main::KeepDatabaseAlive
2023-04-05_13:28:40 INFO Main::KeepDatabaseAlive
2023-04-05_13:38:40 INFO Main::KeepDatabaseAlive
2023-04-05_13:48:40 INFO Main::KeepDatabaseAlive
2023-04-05_13:58:40 INFO Main::KeepDatabaseAlive
2023-04-05_14:08:40 INFO Main::KeepDatabaseAlive
2023-04-05_14:18:40 INFO Main::KeepDatabaseAlive
2023-04-05_14:28:40 INFO Main::KeepDatabaseAlive
2023-04-05_14:38:40 INFO Main::KeepDatabaseAlive
2023-04-05_14:48:40 INFO Main::KeepDatabaseAlive
2023-04-05_14:58:40 INFO Main::KeepDatabaseAlive
2023-04-05_15:08:40 INFO Main::KeepDatabaseAlive
2023-04-05_15:18:40 INFO Main::KeepDatabaseAlive
2023-04-05_15:28:40 INFO Main::KeepDatabaseAlive
2023-04-05_15:38:40 INFO Main::KeepDatabaseAlive
2023-04-05_15:48:40 INFO Main::KeepDatabaseAlive
2023-04-05_15:58:40 INFO Main::KeepDatabaseAlive
2023-04-05_16:08:40 INFO Main::KeepDatabaseAlive
2023-04-05_16:18:40 INFO Main::KeepDatabaseAlive
2023-04-05_16:28:40 INFO Main::KeepDatabaseAlive
2023-04-05_16:38:40 INFO Main::KeepDatabaseAlive
2023-04-05_16:48:40 INFO Main::KeepDatabaseAlive
2023-04-05_16:58:40 INFO Main::KeepDatabaseAlive
2023-04-05_17:08:40 INFO Main::KeepDatabaseAlive
2023-04-05_17:18:40 INFO Main::KeepDatabaseAlive
2023-04-05_17:28:40 INFO Main::KeepDatabaseAlive
2023-04-05_17:38:40 INFO Main::KeepDatabaseAlive
2023-04-05_17:48:40 INFO Main::KeepDatabaseAlive
2023-04-05_17:58:40 INFO Main::KeepDatabaseAlive
2023-04-05_18:08:40 INFO Main::KeepDatabaseAlive
2023-04-05_18:18:40 INFO Main::KeepDatabaseAlive
2023-04-05_18:28:40 INFO Main::KeepDatabaseAlive
2023-04-05_18:38:40 INFO Main::KeepDatabaseAlive
2023-04-05_18:48:40 INFO Main::KeepDatabaseAlive
2023-04-05_18:58:40 INFO Main::KeepDatabaseAlive
2023-04-05_19:08:40 INFO Main::KeepDatabaseAlive
2023-04-05_19:18:40 INFO Main::KeepDatabaseAlive
2023-04-05_19:28:40 INFO Main::KeepDatabaseAlive
2023-04-05_19:38:40 INFO Main::KeepDatabaseAlive
2023-04-05_19:48:40 INFO Main::KeepDatabaseAlive
2023-04-05_19:58:40 INFO Main::KeepDatabaseAlive
2023-04-05_20:08:40 INFO Main::KeepDatabaseAlive
2023-04-05_20:18:40 INFO Main::KeepDatabaseAlive
2023-04-05_20:28:40 INFO Main::KeepDatabaseAlive
2023-04-05_20:38:40 INFO Main::KeepDatabaseAlive
2023-04-05_20:48:40 INFO Main::KeepDatabaseAlive
2023-04-05_20:58:40 INFO Main::KeepDatabaseAlive
2023-04-05_21:08:40 INFO Main::KeepDatabaseAlive
2023-04-05_21:18:40 INFO Main::KeepDatabaseAlive
2023-04-05_21:28:40 INFO Main::KeepDatabaseAlive
2023-04-05_21:38:40 INFO Main::KeepDatabaseAlive
2023-04-05_21:48:40 INFO Main::KeepDatabaseAlive
2023-04-05_21:58:40 INFO Main::KeepDatabaseAlive
2023-04-05_22:08:40 INFO Main::KeepDatabaseAlive
2023-04-05_22:18:40 INFO Main::KeepDatabaseAlive
2023-04-05_22:28:40 INFO Main::KeepDatabaseAlive
2023-04-05_22:38:40 INFO Main::KeepDatabaseAlive
2023-04-05_22:48:40 INFO Main::KeepDatabaseAlive
2023-04-05_22:58:40 INFO Main::KeepDatabaseAlive
2023-04-05_23:02:29 INFO SQL: START TRANSACTION
2023-04-05_23:02:29 ERROR [2006] MySQL server has gone away
2023-04-05_23:02:29 INFO Connected to MySQL database at sql975.main-hosting.eu
2023-04-05_23:02:29 INFO Connection to the MySQL server is active.
2023-04-05_23:02:29 INFO Successfully reconnected to u897592642_login @sql975.main-hosting.eu:3306 (asynchronous).
2023-04-05_23:08:40 INFO Main::KeepDatabaseAlive
2023-04-05_23:18:40 INFO Main::KeepDatabaseAlive
2023-04-05_23:28:40 INFO Main::KeepDatabaseAlive
2023-04-05_23:38:40 INFO Main::KeepDatabaseAlive
2023-04-05_23:48:40 INFO Main::KeepDatabaseAlive
2023-04-05_23:58:40 INFO Main::KeepDatabaseAlive
