2023-03-26_10:31:19 INFO Opening DatabasePool 'characters'. Asynchronous connections: 1, synchronous connections: 2.
2023-03-26_10:31:19 INFO MySQL client library: 5.6.29
2023-03-26_10:31:19 INFO MySQL server ver: 5.7.41-log 
2023-03-26_10:31:19 INFO Connected to MySQL database at 127.0.0.1
2023-03-26_10:31:19 INFO MySQL client library: 5.6.29
2023-03-26_10:31:19 INFO MySQL server ver: 5.7.41-log 
2023-03-26_10:31:19 INFO Connected to MySQL database at 127.0.0.1
2023-03-26_10:31:19 INFO MySQL client library: 5.6.29
2023-03-26_10:31:19 INFO MySQL server ver: 5.7.41-log 
2023-03-26_10:31:19 INFO Connected to MySQL database at 127.0.0.1
2023-03-26_10:31:19 INFO DatabasePool 'characters' opened successfully. 3 total connections running.
2023-03-26_10:31:19 INFO Opening DatabasePool 'log'. Asynchronous connections: 1, synchronous connections: 2.
2023-03-26_10:31:19 INFO MySQL client library: 5.6.29
2023-03-26_10:31:19 INFO MySQL server ver: 5.7.41-log 
2023-03-26_10:31:19 INFO Connected to MySQL database at 127.0.0.1
2023-03-26_10:31:19 INFO MySQL client library: 5.6.29
2023-03-26_10:31:19 INFO MySQL server ver: 5.7.41-log 
2023-03-26_10:31:19 INFO Connected to MySQL database at 127.0.0.1
2023-03-26_10:31:19 INFO MySQL client library: 5.6.29
2023-03-26_10:31:19 INFO MySQL server ver: 5.7.41-log 
2023-03-26_10:31:19 INFO Connected to MySQL database at 127.0.0.1
2023-03-26_10:31:19 INFO DatabasePool 'log' opened successfully. 3 total connections running.
2023-03-26_10:31:19 INFO Opening DatabasePool 'login'. Asynchronous connections: 1, synchronous connections: 2.
2023-03-26_10:31:19 INFO MySQL client library: 5.6.29
2023-03-26_10:31:19 INFO MySQL server ver: 5.7.41-log 
2023-03-26_10:31:19 INFO Connected to MySQL database at 127.0.0.1
2023-03-26_10:31:19 INFO MySQL client library: 5.6.29
2023-03-26_10:31:19 INFO MySQL server ver: 5.7.41-log 
2023-03-26_10:31:19 INFO Connected to MySQL database at 127.0.0.1
2023-03-26_10:31:19 INFO MySQL client library: 5.6.29
2023-03-26_10:31:19 INFO MySQL server ver: 5.7.41-log 
2023-03-26_10:31:19 INFO Connected to MySQL database at 127.0.0.1
2023-03-26_10:31:19 INFO DatabasePool 'login' opened successfully. 3 total connections running.
2023-03-26_10:41:28 INFO Main::KeepDatabaseAlive
2023-03-26_10:51:28 INFO Main::KeepDatabaseAlive
2023-03-26_11:01:28 INFO Main::KeepDatabaseAlive
2023-03-26_11:11:28 INFO Main::KeepDatabaseAlive
2023-03-26_11:21:28 INFO Main::KeepDatabaseAlive
2023-03-26_11:31:28 INFO Main::KeepDatabaseAlive
2023-03-26_11:41:28 INFO Main::KeepDatabaseAlive
2023-03-26_11:51:28 INFO Main::KeepDatabaseAlive
2023-03-26_12:01:28 INFO Main::KeepDatabaseAlive
2023-03-26_12:11:28 INFO Main::KeepDatabaseAlive
2023-03-26_12:21:28 INFO Main::KeepDatabaseAlive
2023-03-26_12:31:28 INFO Main::KeepDatabaseAlive
2023-03-26_12:41:28 INFO Main::KeepDatabaseAlive
2023-03-26_12:51:28 INFO Main::KeepDatabaseAlive
2023-03-26_13:01:28 INFO Main::KeepDatabaseAlive
2023-03-26_13:11:28 INFO Main::KeepDatabaseAlive
2023-03-26_13:16:04 INFO Closing down DatabasePool 'characters'.
2023-03-26_13:16:04 INFO Asynchronous connections on DatabasePool 'characters' terminated. Proceeding with synchronous connections.
2023-03-26_13:16:04 INFO All connections on DatabasePool 'characters' closed.
2023-03-26_13:16:04 INFO Closing down DatabasePool 'log'.
2023-03-26_13:16:04 INFO Asynchronous connections on DatabasePool 'log' terminated. Proceeding with synchronous connections.
2023-03-26_13:16:04 INFO All connections on DatabasePool 'log' closed.
2023-03-26_13:16:04 INFO Closing down DatabasePool 'login'.
2023-03-26_13:16:04 INFO Asynchronous connections on DatabasePool 'login' terminated. Proceeding with synchronous connections.
2023-03-26_13:16:04 INFO All connections on DatabasePool 'login' closed.
