2023-04-07_22:37:49 INFO SetState_None()
2023-04-07_23:00:01 INFO SetState_Notify_2()
2023-04-07_23:02:02 INFO Added Monster [20232][340]
2023-04-07_23:02:02 INFO Added Monster [20233][341]
2023-04-07_23:02:02 INFO Added Monster [20234][341]
2023-04-07_23:02:02 INFO Added Monster [20235][341]
2023-04-07_23:02:02 INFO Added Monster [20236][341]
2023-04-07_23:02:02 INFO Added Monster [20237][341]
2023-04-07_23:02:02 INFO Added Monster [20238][340]
2023-04-07_23:02:03 INFO Added Monster [20239][341]
2023-04-07_23:02:03 INFO Added Monster [20240][341]
2023-04-07_23:02:03 INFO Added Monster [20241][341]
2023-04-07_23:02:04 INFO Added Monster [20242][341]
2023-04-07_23:02:04 INFO Added Monster [20243][341]
2023-04-07_23:02:05 INFO Added Monster [20244][340]
2023-04-07_23:02:05 INFO Added Monster [20245][341]
2023-04-07_23:02:05 INFO Added Monster [20246][341]
2023-04-07_23:02:05 INFO Added Monster [20247][341]
2023-04-07_23:02:06 INFO Added Monster [20248][344]
2023-04-07_23:02:06 INFO Added Monster [20249][344]
2023-04-07_23:02:06 INFO Added Monster [20250][345]
2023-04-07_23:02:07 INFO Added Monster [20251][345]
2023-04-07_23:02:07 INFO Added Monster [20252][345]
2023-04-07_23:02:07 INFO Added Monster [20253][340]
2023-04-07_23:02:07 INFO Added Monster [20254][344]
2023-04-07_23:02:08 INFO Added Monster [20255][348]
2023-04-07_23:02:08 INFO Added Monster [20256][348]
2023-04-07_23:02:08 INFO Added Monster [20257][340]
2023-04-07_23:02:08 INFO Added Monster [20258][341]
2023-04-07_23:02:08 INFO Added Monster [20259][341]
2023-04-07_23:02:09 INFO Added Monster [20260][341]
2023-04-07_23:02:09 INFO Added Monster [20261][341]
2023-04-07_23:02:09 INFO Added Monster [20262][341]
2023-04-07_23:02:09 INFO Added Monster [20263][340]
2023-04-07_23:02:10 INFO Added Monster [20264][341]
2023-04-07_23:02:10 INFO Added Monster [20265][341]
2023-04-07_23:02:10 INFO Added Monster [20266][341]
2023-04-07_23:02:11 INFO Added Monster [20267][341]
2023-04-07_23:02:11 INFO Added Monster [20268][341]
2023-04-07_23:02:11 INFO Added Monster [20269][340]
2023-04-07_23:02:11 INFO Added Monster [20270][341]
2023-04-07_23:02:11 INFO Added Monster [20271][341]
2023-04-07_23:02:11 INFO Added Monster [20272][341]
2023-04-07_23:02:11 INFO Added Monster [20273][344]
2023-04-07_23:02:12 INFO Added Monster [20274][344]
2023-04-07_23:02:12 INFO Added Monster [20275][345]
2023-04-07_23:02:12 INFO Added Monster [20276][345]
2023-04-07_23:02:13 INFO Added Monster [20277][345]
2023-04-07_23:02:13 INFO Added Monster [20278][340]
2023-04-07_23:02:13 INFO Added Monster [20279][344]
2023-04-07_23:02:13 INFO Added Monster [20280][348]
2023-04-07_23:02:14 INFO Added Monster [20281][348]
2023-04-07_23:02:14 INFO Added Monster [20282][340]
2023-04-07_23:02:14 INFO Added Monster [20283][341]
2023-04-07_23:02:14 INFO Added Monster [20284][341]
2023-04-07_23:02:15 INFO Added Monster [20285][341]
2023-04-07_23:02:15 INFO Added Monster [20286][341]
2023-04-07_23:02:15 INFO Added Monster [20287][341]
2023-04-07_23:02:15 INFO Added Monster [20288][340]
2023-04-07_23:02:15 INFO Added Monster [20289][341]
2023-04-07_23:02:16 INFO Added Monster [20290][341]
2023-04-07_23:02:16 INFO Added Monster [20291][341]
2023-04-07_23:02:16 INFO Added Monster [20292][341]
2023-04-07_23:02:16 INFO Added Monster [20293][341]
2023-04-07_23:02:16 INFO Added Monster [20294][340]
2023-04-07_23:02:16 INFO Added Monster [20295][341]
2023-04-07_23:02:16 INFO Added Monster [20296][341]
2023-04-07_23:02:16 INFO Added Monster [20297][341]
2023-04-07_23:02:16 INFO Added Monster [20298][344]
2023-04-07_23:02:16 INFO Added Monster [20299][344]
2023-04-07_23:02:17 INFO Added Monster [20300][345]
2023-04-07_23:02:17 INFO Added Monster [20301][345]
2023-04-07_23:02:17 INFO Added Monster [20302][345]
2023-04-07_23:02:17 INFO Added Monster [20303][340]
2023-04-07_23:02:17 INFO Added Monster [20304][344]
2023-04-07_23:02:17 INFO Added Monster [20305][348]
2023-04-07_23:02:17 INFO Added Monster [20306][348]
2023-04-07_23:02:18 INFO SetState_Ready()
2023-04-07_23:05:01 INFO SetState_EndCycle()
