2023-03-31_22:48:44 INFO SetState_None()
2023-03-31_23:00:00 INFO SetState_Notify_2()
2023-03-31_23:02:00 INFO Added Monster [20043][340]
2023-03-31_23:02:01 INFO Added Monster [20044][341]
2023-03-31_23:02:01 INFO Added Monster [20045][341]
2023-03-31_23:02:01 INFO Added Monster [20046][341]
2023-03-31_23:02:02 INFO Added Monster [20047][341]
2023-03-31_23:02:02 INFO Added Monster [20048][341]
2023-03-31_23:02:02 INFO Added Monster [20049][340]
2023-03-31_23:02:02 INFO Added Monster [20050][341]
2023-03-31_23:02:03 INFO Added Monster [20051][341]
2023-03-31_23:02:03 INFO Added Monster [20052][341]
2023-03-31_23:02:03 INFO Added Monster [20053][341]
2023-03-31_23:02:03 INFO Added Monster [20054][341]
2023-03-31_23:02:04 INFO Added Monster [20055][340]
2023-03-31_23:02:04 INFO Added Monster [20056][341]
2023-03-31_23:02:04 INFO Added Monster [20057][341]
2023-03-31_23:02:05 INFO Added Monster [20058][341]
2023-03-31_23:02:05 INFO Added Monster [20059][344]
2023-03-31_23:02:05 INFO Added Monster [20060][344]
2023-03-31_23:02:05 INFO Added Monster [20061][345]
2023-03-31_23:02:06 INFO Added Monster [20062][345]
2023-03-31_23:02:06 INFO Added Monster [20063][345]
2023-03-31_23:02:06 INFO Added Monster [20064][340]
2023-03-31_23:02:06 INFO Added Monster [20065][344]
2023-03-31_23:02:07 INFO Added Monster [20066][348]
2023-03-31_23:02:07 INFO Added Monster [20067][348]
2023-03-31_23:02:07 INFO Added Monster [20068][340]
2023-03-31_23:02:07 INFO Added Monster [20069][341]
2023-03-31_23:02:08 INFO Added Monster [20070][341]
2023-03-31_23:02:08 INFO Added Monster [20071][341]
2023-03-31_23:02:08 INFO Added Monster [20072][341]
2023-03-31_23:02:08 INFO Added Monster [20073][341]
2023-03-31_23:02:09 INFO Added Monster [20074][340]
2023-03-31_23:02:09 INFO Added Monster [20075][341]
2023-03-31_23:02:09 INFO Added Monster [20076][341]
2023-03-31_23:02:10 INFO Added Monster [20077][341]
2023-03-31_23:02:10 INFO Added Monster [20078][341]
2023-03-31_23:02:10 INFO Added Monster [20079][341]
2023-03-31_23:02:10 INFO Added Monster [20080][340]
2023-03-31_23:02:11 INFO Added Monster [20081][341]
2023-03-31_23:02:11 INFO Added Monster [20082][341]
2023-03-31_23:02:11 INFO Added Monster [20083][341]
2023-03-31_23:02:11 INFO Added Monster [20084][344]
2023-03-31_23:02:12 INFO Added Monster [20085][344]
2023-03-31_23:02:12 INFO Added Monster [20086][345]
2023-03-31_23:02:12 INFO Added Monster [20087][345]
2023-03-31_23:02:13 INFO Added Monster [20088][345]
2023-03-31_23:02:13 INFO Added Monster [20089][340]
2023-03-31_23:02:13 INFO Added Monster [20090][344]
2023-03-31_23:02:13 INFO Added Monster [20091][348]
2023-03-31_23:02:13 INFO Added Monster [20092][348]
2023-03-31_23:02:13 INFO Added Monster [20093][340]
2023-03-31_23:02:13 INFO Added Monster [20094][341]
2023-03-31_23:02:13 INFO Added Monster [20095][341]
2023-03-31_23:02:13 INFO Added Monster [20096][341]
2023-03-31_23:02:14 INFO Added Monster [20097][341]
2023-03-31_23:02:14 INFO Added Monster [20098][341]
2023-03-31_23:02:14 INFO Added Monster [20099][340]
2023-03-31_23:02:14 INFO Added Monster [20100][341]
2023-03-31_23:02:14 INFO Added Monster [20101][341]
2023-03-31_23:02:14 INFO Added Monster [20102][341]
2023-03-31_23:02:14 INFO Added Monster [20103][341]
2023-03-31_23:02:14 INFO Added Monster [20104][341]
2023-03-31_23:02:14 INFO Added Monster [20105][340]
2023-03-31_23:02:14 INFO Added Monster [20106][341]
2023-03-31_23:02:14 INFO Added Monster [20107][341]
2023-03-31_23:02:15 INFO Added Monster [20108][341]
2023-03-31_23:02:15 INFO Added Monster [20109][344]
2023-03-31_23:02:15 INFO Added Monster [20110][344]
2023-03-31_23:02:15 INFO Added Monster [20111][345]
2023-03-31_23:02:15 INFO Added Monster [20112][345]
2023-03-31_23:02:15 INFO Added Monster [20113][345]
2023-03-31_23:02:15 INFO Added Monster [20114][340]
2023-03-31_23:02:15 INFO Added Monster [20115][344]
2023-03-31_23:02:15 INFO Added Monster [20116][348]
2023-03-31_23:02:15 INFO Added Monster [20117][348]
2023-03-31_23:02:15 INFO SetState_Ready()
2023-03-31_23:05:00 INFO SetState_EndCycle()
2023-03-31_23:05:10 INFO SetState_EndCycle()
