2023-04-08_15:47:12 INFO World::UpdateItemQueue -- [79 / Loren Market -- 193 / 93] Owner: [30002 / test] -- [SERIAL]18/953/0[SERIAL][SLOT]0[SLOT][ITEM]6657 - [ITEM][LVL]0[LVL][DUR]255[DUR][L]1[L]
2023-04-08_16:05:59 INFO World::UpdateItemQueue -- [12 / Blood Castle 2 -- 14 / 12] Owner: [30002 / test] -- [SERIAL]18/954/0[SERIAL][SLOT]0[SLOT][ITEM]6359 - [ITEM][LVL]0[LVL][DUR]1[DUR][SOCK1]65534[SOCK1][SOCK2]65534[SOCK2][SOCK3]65534[SOCK3][SOCK4]65534[SOCK4][SOCKB]245[SOCKB]
2023-04-08_16:05:59 INFO World::UpdateItemQueue -- [12 / Blood Castle 2 -- 16 / 12] Owner: [30002 / test] -- [SERIAL]18/955/0[SERIAL][SLOT]0[SLOT][ITEM]6366 - [ITEM][LVL]0[LVL][DUR]0[DUR][SOCK1]14[SOCK1][SOCKB]21[SOCKB]
2023-04-08_16:05:59 INFO World::UpdateItemQueue -- [12 / Blood Castle 2 -- 16 / 12] Owner: [30002 / test] -- [SERIAL]18/956/0[SERIAL][SLOT]0[SLOT][ITEM]6376 - [ITEM][LVL]0[LVL][DUR]0[DUR][SOCK1]14[SOCK1][SOCKB]21[SOCKB]
2023-04-08_16:05:59 INFO World::UpdateItemQueue -- [12 / Blood Castle 2 -- 14 / 14] Owner: [30002 / test] -- [SERIAL]18/957/0[SERIAL][SLOT]0[SLOT][ITEM]6386 - [ITEM][LVL]0[LVL][DUR]0[DUR][SOCK1]14[SOCK1][SOCKB]21[SOCKB]
2023-04-08_16:05:59 INFO World::UpdateItemQueue -- [12 / Blood Castle 2 -- 14 / 10] Owner: [30002 / test] -- [SERIAL]18/958/0[SERIAL][SLOT]0[SLOT][ITEM]6396 - [ITEM][LVL]0[LVL][DUR]0[DUR][SOCK1]14[SOCK1][SOCKB]21[SOCKB]
2023-04-08_16:35:38 INFO World::UpdateItemQueue -- [9 / Devil Square -- 136 / 96] Owner: [30004 / Deadmau55] -- [SERIAL]18/1054/0[SERIAL][SLOT]0[SLOT][ITEM]6657 - [ITEM][LVL]0[LVL][DUR]255[DUR]
2023-04-08_16:35:41 INFO World::UpdateItemQueue -- [9 / Devil Square -- 133 / 97] Owner: [30004 / Deadmau55] -- [SERIAL]18/1060/0[SERIAL][SLOT]0[SLOT][ITEM]7181 - [ITEM][LVL]0[LVL][DUR]1[DUR]
2023-04-08_16:35:42 INFO World::UpdateItemQueue -- [9 / Devil Square -- 134 / 96] Owner: [30004 / Deadmau55] -- [SERIAL]18/1062/0[SERIAL][SLOT]0[SLOT][ITEM]6664 - [ITEM][LVL]0[LVL][DUR]65[DUR][O]1[O][E]16[E]
2023-04-08_16:35:45 INFO World::UpdateItemQueue -- [9 / Devil Square -- 137 / 95] Owner: [30004 / Deadmau55] -- [SERIAL]18/1070/0[SERIAL][SLOT]0[SLOT][ITEM]6159 - [ITEM][LVL]0[LVL][DUR]1[DUR]
2023-04-08_16:35:47 INFO World::UpdateItemQueue -- [9 / Devil Square -- 137 / 95] Owner: [30004 / Deadmau55] -- [SERIAL]18/1071/0[SERIAL][SLOT]0[SLOT][ITEM]6668 - [ITEM][LVL]0[LVL][DUR]65[DUR][O]1[O][E]36[E]
2023-04-08_16:35:49 INFO World::UpdateItemQueue -- [9 / Devil Square -- 136 / 96] Owner: [30004 / Deadmau55] -- [SERIAL]18/1073/0[SERIAL][SLOT]0[SLOT][ITEM]6669 - [ITEM][LVL]0[LVL][DUR]65[DUR][O]1[O][E]20[E]
2023-04-08_16:36:00 INFO World::UpdateItemQueue -- [9 / Devil Square -- 127 / 93] Owner: [30004 / Deadmau55] -- [SERIAL]18/1083/0[SERIAL][SLOT]0[SLOT][ITEM]6159 - [ITEM][LVL]0[LVL][DUR]1[DUR]
2023-04-08_16:36:28 INFO World::UpdateItemQueue -- [9 / Devil Square -- 128 / 109] Owner: [30004 / Deadmau55] -- [SERIAL]18/1115/0[SERIAL][SLOT]0[SLOT][ITEM]7182 - [ITEM][LVL]0[LVL][DUR]1[DUR]
2023-04-08_16:37:22 INFO World::UpdateItemQueue -- [9 / Devil Square -- 133 / 97] Owner: [30004 / Deadmau55] -- [SERIAL]18/1154/0[SERIAL][SLOT]0[SLOT][ITEM]7184 - [ITEM][LVL]0[LVL][DUR]1[DUR]
2023-04-08_16:37:23 INFO World::UpdateItemQueue -- [9 / Devil Square -- 133 / 97] Owner: [30004 / Deadmau55] -- [SERIAL]18/1158/0[SERIAL][SLOT]0[SLOT][ITEM]6657 - [ITEM][LVL]0[LVL][DUR]255[DUR]
2023-04-08_16:37:28 INFO World::UpdateItemQueue -- [9 / Devil Square -- 139 / 96] Owner: [30004 / Deadmau55] -- [SERIAL]18/1166/0[SERIAL][SLOT]0[SLOT][ITEM]6669 - [ITEM][LVL]0[LVL][DUR]65[DUR][L]1[L][O]2[O][E]9[E]
2023-04-08_16:39:51 INFO World::UpdateItemQueue -- [9 / Devil Square -- 144 / 83] Owner: [30004 / Deadmau55] -- [SERIAL]18/1359/0[SERIAL][SLOT]0[SLOT][ITEM]2575 - [ITEM][LVL]0[LVL][DUR]75[DUR][L]1[L][O]1[O][E]32[E]
2023-04-08_16:40:45 INFO World::UpdateItemQueue -- [9 / Devil Square -- 126 / 88] Owner: [30004 / Deadmau55] -- [SERIAL]18/1457/0[SERIAL][SLOT]0[SLOT][ITEM]514 - [ITEM][LVL]0[LVL][DUR]41[DUR][S]1[S][O]1[O][E]38[E]
2023-04-08_16:42:09 INFO World::UpdateItemQueue -- [9 / Devil Square -- 133 / 97] Owner: [30004 / Deadmau55] -- [SERIAL]18/1647/0[SERIAL][SLOT]0[SLOT][ITEM]7184 - [ITEM][LVL]0[LVL][DUR]1[DUR]
2023-04-08_16:42:10 INFO World::UpdateItemQueue -- [9 / Devil Square -- 132 / 96] Owner: [30004 / Deadmau55] -- [SERIAL]18/1650/0[SERIAL][SLOT]0[SLOT][ITEM]6656 - [ITEM][LVL]0[LVL][DUR]255[DUR]
2023-04-08_16:42:11 INFO World::UpdateItemQueue -- [9 / Devil Square -- 131 / 100] Owner: [30004 / Deadmau55] -- [SERIAL]18/1651/0[SERIAL][SLOT]0[SLOT][ITEM]6657 - [ITEM][LVL]0[LVL][DUR]255[DUR]
2023-04-08_16:42:12 INFO World::UpdateItemQueue -- [9 / Devil Square -- 133 / 97] Owner: [30004 / Deadmau55] -- [SERIAL]18/1658/0[SERIAL][SLOT]0[SLOT][ITEM]517 - [ITEM][LVL]4[LVL][DUR]40[DUR][S]1[S]
2023-04-08_16:42:13 INFO World::UpdateItemQueue -- [9 / Devil Square -- 133 / 99] Owner: [30004 / Deadmau55] -- [SERIAL]18/1664/0[SERIAL][SLOT]0[SLOT][ITEM]6664 - [ITEM][LVL]0[LVL][DUR]65[DUR][O]2[O][E]18[E]
2023-04-08_16:42:14 INFO World::UpdateItemQueue -- [9 / Devil Square -- 132 / 100] Owner: [30004 / Deadmau55] -- [SERIAL]18/1669/0[SERIAL][SLOT]0[SLOT][ITEM]6656 - [ITEM][LVL]0[LVL][DUR]255[DUR][L]1[L]
2023-04-08_16:42:15 INFO World::UpdateItemQueue -- [9 / Devil Square -- 137 / 101] Owner: [30004 / Deadmau55] -- [SERIAL]18/1670/0[SERIAL][SLOT]0[SLOT][ITEM]6668 - [ITEM][LVL]0[LVL][DUR]65[DUR][O]1[O][E]18[E]
2023-04-08_16:42:16 INFO World::UpdateItemQueue -- [9 / Devil Square -- 138 / 102] Owner: [30004 / Deadmau55] -- [SERIAL]18/1671/0[SERIAL][SLOT]0[SLOT][ITEM]7181 - [ITEM][LVL]0[LVL][DUR]1[DUR]
2023-04-08_16:42:17 INFO World::UpdateItemQueue -- [9 / Devil Square -- 138 / 102] Owner: [30004 / Deadmau55] -- [SERIAL]18/1678/0[SERIAL][SLOT]0[SLOT][ITEM]6657 - [ITEM][LVL]0[LVL][DUR]255[DUR][L]1[L]
2023-04-08_16:42:17 INFO World::UpdateItemQueue -- [9 / Devil Square -- 139 / 103] Owner: [30004 / Deadmau55] -- [SERIAL]18/1679/0[SERIAL][SLOT]0[SLOT][ITEM]7184 - [ITEM][LVL]0[LVL][DUR]1[DUR]
2023-04-08_16:42:18 INFO World::UpdateItemQueue -- [9 / Devil Square -- 140 / 104] Owner: [30004 / Deadmau55] -- [SERIAL]18/1681/0[SERIAL][SLOT]0[SLOT][ITEM]2058 - [ITEM][LVL]6[LVL][DUR]39[DUR][S]1[S]
2023-04-08_16:42:26 INFO World::UpdateItemQueue -- [9 / Devil Square -- 130 / 101] Owner: [30004 / Deadmau55] -- [SERIAL]18/1694/0[SERIAL][SLOT]0[SLOT][ITEM]6159 - [ITEM][LVL]0[LVL][DUR]1[DUR]
2023-04-08_16:42:27 INFO World::UpdateItemQueue -- [9 / Devil Square -- 129 / 100] Owner: [30004 / Deadmau55] -- [SERIAL]18/1697/0[SERIAL][SLOT]0[SLOT][ITEM]4782 - [ITEM][LVL]5[LVL][DUR]36[DUR][O]2[O]
2023-04-08_16:42:28 INFO World::UpdateItemQueue -- [9 / Devil Square -- 128 / 102] Owner: [30004 / Deadmau55] -- [SERIAL]18/1698/0[SERIAL][SLOT]0[SLOT][ITEM]6668 - [ITEM][LVL]0[LVL][DUR]65[DUR][L]1[L][O]2[O][E]34[E]
2023-04-08_16:42:30 INFO World::UpdateItemQueue -- [9 / Devil Square -- 126 / 106] Owner: [30004 / Deadmau55] -- [SERIAL]18/1701/0[SERIAL][SLOT]0[SLOT][ITEM]7182 - [ITEM][LVL]0[LVL][DUR]1[DUR]
2023-04-08_16:42:33 INFO World::UpdateItemQueue -- [9 / Devil Square -- 121 / 100] Owner: [30004 / Deadmau55] -- [SERIAL]18/1707/0[SERIAL][SLOT]0[SLOT][ITEM]6669 - [ITEM][LVL]0[LVL][DUR]50[DUR][O]1[O]
2023-04-08_16:42:44 INFO World::UpdateItemQueue -- [9 / Devil Square -- 122 / 99] Owner: [30004 / Deadmau55] -- [SERIAL]18/1727/0[SERIAL][SLOT]0[SLOT][ITEM]3588 - [ITEM][LVL]5[LVL][DUR]36[DUR][O]2[O]
2023-04-08_16:42:46 INFO World::UpdateItemQueue -- [9 / Devil Square -- 124 / 97] Owner: [30004 / Deadmau55] -- [SERIAL]18/1729/0[SERIAL][SLOT]0[SLOT][ITEM]2091 - [ITEM][LVL]6[LVL][DUR]0[DUR][O]1[O]
2023-04-08_16:42:48 INFO World::UpdateItemQueue -- [9 / Devil Square -- 127 / 94] Owner: [30004 / Deadmau55] -- [SERIAL]18/1732/0[SERIAL][SLOT]0[SLOT][ITEM]6159 - [ITEM][LVL]0[LVL][DUR]1[DUR]
2023-04-08_16:42:49 INFO World::UpdateItemQueue -- [9 / Devil Square -- 136 / 92] Owner: [30004 / Deadmau55] -- [SERIAL]18/1735/0[SERIAL][SLOT]0[SLOT][ITEM]6159 - [ITEM][LVL]0[LVL][DUR]1[DUR]
2023-04-08_16:42:51 INFO World::UpdateItemQueue -- [9 / Devil Square -- 136 / 92] Owner: [30004 / Deadmau55] -- [SERIAL]18/1737/0[SERIAL][SLOT]0[SLOT][ITEM]7181 - [ITEM][LVL]0[LVL][DUR]1[DUR]
2023-04-08_16:42:53 INFO World::UpdateItemQueue -- [9 / Devil Square -- 136 / 91] Owner: [30004 / Deadmau55] -- [SERIAL]18/1738/0[SERIAL][SLOT]0[SLOT][ITEM]5638 - [ITEM][LVL]6[LVL][DUR]48[DUR]
2023-04-08_16:42:54 INFO World::UpdateItemQueue -- [9 / Devil Square -- 136 / 91] Owner: [30004 / Deadmau55] -- [SERIAL]18/1740/0[SERIAL][SLOT]0[SLOT][ITEM]7181 - [ITEM][LVL]0[LVL][DUR]1[DUR]
2023-04-08_16:43:14 INFO World::UpdateItemQueue -- [9 / Devil Square -- 125 / 91] Owner: [30004 / Deadmau55] -- [SERIAL]18/1757/0[SERIAL][SLOT]0[SLOT][ITEM]6664 - [ITEM][LVL]0[LVL][DUR]65[DUR][L]1[L][O]1[O][E]25[E]
2023-04-08_16:43:46 INFO World::UpdateItemQueue -- [9 / Devil Square -- 136 / 110] Owner: [30005 / Kundun] -- [SERIAL]18/1781/0[SERIAL][SLOT]0[SLOT][ITEM]5723 - [ITEM][LVL]0[LVL][DUR]41[DUR][L]1[L][O]3[O][E]1[E]
2023-04-08_16:45:25 INFO World::UpdateItemQueue -- [9 / Devil Square -- 124 / 104] Owner: [30004 / Deadmau55] -- [SERIAL]18/1883/0[SERIAL][SLOT]0[SLOT][ITEM]7181 - [ITEM][LVL]0[LVL][DUR]1[DUR]
2023-04-08_16:45:26 INFO World::UpdateItemQueue -- [9 / Devil Square -- 124 / 104] Owner: [30004 / Deadmau55] -- [SERIAL]18/1884/0[SERIAL][SLOT]0[SLOT][ITEM]6669 - [ITEM][LVL]0[LVL][DUR]65[DUR][O]2[O][E]32[E]
2023-04-08_16:45:27 INFO World::UpdateItemQueue -- [9 / Devil Square -- 124 / 104] Owner: [30004 / Deadmau55] -- [SERIAL]18/1885/0[SERIAL][SLOT]0[SLOT][ITEM]7184 - [ITEM][LVL]0[LVL][DUR]1[DUR]
2023-04-08_16:45:29 INFO World::UpdateItemQueue -- [9 / Devil Square -- 123 / 103] Owner: [30004 / Deadmau55] -- [SERIAL]18/1887/0[SERIAL][SLOT]0[SLOT][ITEM]6657 - [ITEM][LVL]0[LVL][DUR]255[DUR]
2023-04-08_16:45:29 INFO World::UpdateItemQueue -- [9 / Devil Square -- 122 / 102] Owner: [30004 / Deadmau55] -- [SERIAL]18/1888/0[SERIAL][SLOT]0[SLOT][ITEM]6657 - [ITEM][LVL]0[LVL][DUR]255[DUR]
2023-04-08_16:45:30 INFO World::UpdateItemQueue -- [9 / Devil Square -- 122 / 102] Owner: [30004 / Deadmau55] -- [SERIAL]18/1889/0[SERIAL][SLOT]0[SLOT][ITEM]7 - [ITEM][LVL]4[LVL][DUR]38[DUR][S]1[S][L]1[L][O]2[O]
2023-04-08_16:45:31 INFO World::UpdateItemQueue -- [9 / Devil Square -- 124 / 104] Owner: [30004 / Deadmau55] -- [SERIAL]18/1890/0[SERIAL][SLOT]0[SLOT][ITEM]6159 - [ITEM][LVL]0[LVL][DUR]1[DUR]
2023-04-08_16:45:32 INFO World::UpdateItemQueue -- [9 / Devil Square -- 124 / 104] Owner: [30004 / Deadmau55] -- [SERIAL]18/1891/0[SERIAL][SLOT]0[SLOT][ITEM]7182 - [ITEM][LVL]0[LVL][DUR]1[DUR]
2023-04-08_16:45:33 INFO World::UpdateItemQueue -- [9 / Devil Square -- 124 / 103] Owner: [30004 / Deadmau55] -- [SERIAL]18/1892/0[SERIAL][SLOT]0[SLOT][ITEM]6664 - [ITEM][LVL]0[LVL][DUR]65[DUR][E]56[E]
2023-04-08_16:45:49 INFO World::UpdateItemQueue -- [9 / Devil Square -- 125 / 97] Owner: [30004 / Deadmau55] -- [SERIAL]18/1902/0[SERIAL][SLOT]0[SLOT][ITEM]6656 - [ITEM][LVL]0[LVL][DUR]255[DUR][L]1[L]
2023-04-08_16:46:55 INFO World::UpdateItemQueue -- [9 / Devil Square -- 136 / 110] Owner: [30004 / Deadmau55] -- [SERIAL]18/1971/0[SERIAL][SLOT]0[SLOT][ITEM]7181 - [ITEM][LVL]0[LVL][DUR]1[DUR]
2023-04-08_16:47:37 INFO World::UpdateItemQueue -- [9 / Devil Square -- 149 / 102] Owner: [30004 / Deadmau55] -- [SERIAL]18/2030/0[SERIAL][SLOT]0[SLOT][ITEM]7184 - [ITEM][LVL]0[LVL][DUR]1[DUR]
2023-04-08_16:47:38 INFO World::UpdateItemQueue -- [9 / Devil Square -- 148 / 101] Owner: [30004 / Deadmau55] -- [SERIAL]18/2033/0[SERIAL][SLOT]0[SLOT][ITEM]5 - [ITEM][LVL]4[LVL][DUR]43[DUR][S]1[S]
2023-04-08_16:47:39 INFO World::UpdateItemQueue -- [9 / Devil Square -- 148 / 101] Owner: [30004 / Deadmau55] -- [SERIAL]18/2034/0[SERIAL][SLOT]0[SLOT][ITEM]5807 - [ITEM][LVL]4[LVL][DUR]44[DUR][L]1[L][O]2[O]
2023-04-08_16:47:39 INFO World::UpdateItemQueue -- [9 / Devil Square -- 149 / 102] Owner: [30004 / Deadmau55] -- [SERIAL]18/2039/0[SERIAL][SLOT]0[SLOT][ITEM]5838 - [ITEM][LVL]6[LVL][DUR]38[DUR][L]1[L][O]2[O]
2023-04-08_16:47:40 INFO World::UpdateItemQueue -- [9 / Devil Square -- 148 / 103] Owner: [30004 / Deadmau55] -- [SERIAL]18/2041/0[SERIAL][SLOT]0[SLOT][ITEM]7184 - [ITEM][LVL]0[LVL][DUR]1[DUR]
2023-04-08_16:48:03 INFO World::UpdateItemQueue -- [9 / Devil Square -- 136 / 105] Owner: [30004 / Deadmau55] -- [SERIAL]18/2093/0[SERIAL][SLOT]0[SLOT][ITEM]4303 - [ITEM][LVL]6[LVL][DUR]48[DUR][L]1[L][O]2[O]
2023-04-08_16:48:05 INFO World::UpdateItemQueue -- [9 / Devil Square -- 127 / 109] Owner: [30004 / Deadmau55] -- [SERIAL]18/2094/0[SERIAL][SLOT]0[SLOT][ITEM]6656 - [ITEM][LVL]0[LVL][DUR]255[DUR][L]1[L]
2023-04-08_16:48:05 INFO World::UpdateItemQueue -- [9 / Devil Square -- 131 / 110] Owner: [30004 / Deadmau55] -- [SERIAL]18/2095/0[SERIAL][SLOT]0[SLOT][ITEM]7182 - [ITEM][LVL]0[LVL][DUR]1[DUR]
2023-04-08_16:48:16 INFO World::UpdateItemQueue -- [9 / Devil Square -- 137 / 93] Owner: [30004 / Deadmau55] -- [SERIAL]18/2110/0[SERIAL][SLOT]0[SLOT][ITEM]6159 - [ITEM][LVL]0[LVL][DUR]1[DUR]
2023-04-08_16:48:17 INFO World::UpdateItemQueue -- [9 / Devil Square -- 137 / 93] Owner: [30004 / Deadmau55] -- [SERIAL]18/2111/0[SERIAL][SLOT]0[SLOT][ITEM]6669 - [ITEM][LVL]0[LVL][DUR]65[DUR][L]1[L][E]21[E]
2023-04-08_16:48:18 INFO World::UpdateItemQueue -- [9 / Devil Square -- 137 / 93] Owner: [30004 / Deadmau55] -- [SERIAL]18/2114/0[SERIAL][SLOT]0[SLOT][ITEM]6656 - [ITEM][LVL]0[LVL][DUR]255[DUR][L]1[L]
2023-04-08_16:49:59 INFO World::UpdateItemQueue -- [9 / Devil Square -- 142 / 82] Owner: [30004 / Deadmau55] -- [SERIAL]18/2312/0[SERIAL][SLOT]0[SLOT][ITEM]7182 - [ITEM][LVL]0[LVL][DUR]1[DUR]
2023-04-08_16:49:59 INFO World::UpdateItemQueue -- [9 / Devil Square -- 142 / 82] Owner: [30004 / Deadmau55] -- [SERIAL]18/2313/0[SERIAL][SLOT]0[SLOT][ITEM]1026 - [ITEM][LVL]5[LVL][DUR]38[DUR][O]2[O]
2023-04-08_16:50:01 INFO World::UpdateItemQueue -- [9 / Devil Square -- 142 / 82] Owner: [30004 / Deadmau55] -- [SERIAL]18/2314/0[SERIAL][SLOT]0[SLOT][ITEM]5 - [ITEM][LVL]6[LVL][DUR]47[DUR][S]1[S][O]1[O]
2023-04-08_16:50:02 INFO World::UpdateItemQueue -- [9 / Devil Square -- 142 / 82] Owner: [30004 / Deadmau55] -- [SERIAL]18/2315/0[SERIAL][SLOT]0[SLOT][ITEM]7182 - [ITEM][LVL]0[LVL][DUR]1[DUR]
2023-04-08_16:50:03 INFO World::UpdateItemQueue -- [9 / Devil Square -- 142 / 82] Owner: [30004 / Deadmau55] -- [SERIAL]18/2316/0[SERIAL][SLOT]0[SLOT][ITEM]7184 - [ITEM][LVL]0[LVL][DUR]1[DUR]
2023-04-08_16:50:03 INFO World::UpdateItemQueue -- [9 / Devil Square -- 142 / 82] Owner: [30004 / Deadmau55] -- [SERIAL]18/2317/0[SERIAL][SLOT]0[SLOT][ITEM]6668 - [ITEM][LVL]0[LVL][DUR]65[DUR][O]2[O][E]1[E]
2023-04-08_16:50:32 INFO World::UpdateItemQueue -- [9 / Devil Square -- 123 / 107] Owner: [30004 / Deadmau55] -- [SERIAL]18/2357/0[SERIAL][SLOT]0[SLOT][ITEM]7182 - [ITEM][LVL]0[LVL][DUR]1[DUR]
2023-04-08_16:50:33 INFO World::UpdateItemQueue -- [9 / Devil Square -- 123 / 107] Owner: [30004 / Deadmau55] -- [SERIAL]18/2358/0[SERIAL][SLOT]0[SLOT][ITEM]7184 - [ITEM][LVL]0[LVL][DUR]1[DUR]
2023-04-08_16:50:35 INFO World::UpdateItemQueue -- [9 / Devil Square -- 123 / 107] Owner: [30004 / Deadmau55] -- [SERIAL]18/2359/0[SERIAL][SLOT]0[SLOT][ITEM]7182 - [ITEM][LVL]0[LVL][DUR]1[DUR]
2023-04-08_16:50:36 INFO World::UpdateItemQueue -- [9 / Devil Square -- 123 / 107] Owner: [30004 / Deadmau55] -- [SERIAL]18/2361/0[SERIAL][SLOT]0[SLOT][ITEM]5326 - [ITEM][LVL]4[LVL][DUR]34[DUR][L]1[L]
2023-04-08_16:50:37 INFO World::UpdateItemQueue -- [9 / Devil Square -- 123 / 107] Owner: [30004 / Deadmau55] -- [SERIAL]18/2362/0[SERIAL][SLOT]0[SLOT][ITEM]7181 - [ITEM][LVL]0[LVL][DUR]1[DUR]
2023-04-08_16:50:37 INFO World::UpdateItemQueue -- [9 / Devil Square -- 123 / 107] Owner: [30004 / Deadmau55] -- [SERIAL]18/2364/0[SERIAL][SLOT]0[SLOT][ITEM]6656 - [ITEM][LVL]0[LVL][DUR]255[DUR]
2023-04-08_16:51:40 INFO World::UpdateItemQueue -- [9 / Devil Square -- 133 / 92] Owner: [30004 / Deadmau55] -- [SERIAL]18/2414/0[SERIAL][SLOT]0[SLOT][ITEM]5749 - [ITEM][LVL]0[LVL][DUR]51[DUR][L]1[L][O]3[O][E]32[E]
2023-04-08_16:51:54 INFO World::UpdateItemQueue -- [9 / Devil Square -- 144 / 106] Owner: [30005 / Kundun] -- [SERIAL]18/2427/0[SERIAL][SLOT]0[SLOT][ITEM]2050 - [ITEM][LVL]0[LVL][DUR]43[DUR][S]1[S][L]1[L][O]3[O][E]16[E]
2023-04-08_16:52:41 INFO World::UpdateItemQueue -- [9 / Devil Square -- 126 / 91] Owner: [30004 / Deadmau55] -- [SERIAL]18/2477/0[SERIAL][SLOT]0[SLOT][ITEM]3793 - [ITEM][LVL]4[LVL][DUR]72[DUR]
2023-04-08_16:52:41 INFO World::UpdateItemQueue -- [9 / Devil Square -- 126 / 91] Owner: [30004 / Deadmau55] -- [SERIAL]18/2478/0[SERIAL][SLOT]0[SLOT][ITEM]6657 - [ITEM][LVL]0[LVL][DUR]255[DUR][L]1[L]
2023-04-08_16:52:42 INFO World::UpdateItemQueue -- [9 / Devil Square -- 127 / 90] Owner: [30004 / Deadmau55] -- [SERIAL]18/2480/0[SERIAL][SLOT]0[SLOT][ITEM]4304 - [ITEM][LVL]6[LVL][DUR]50[DUR]
2023-04-08_16:52:43 INFO World::UpdateItemQueue -- [9 / Devil Square -- 128 / 89] Owner: [30004 / Deadmau55] -- [SERIAL]18/2481/0[SERIAL][SLOT]0[SLOT][ITEM]4619 - [ITEM][LVL]5[LVL][DUR]32[DUR][O]1[O]
2023-04-08_16:52:43 INFO World::UpdateItemQueue -- [9 / Devil Square -- 128 / 89] Owner: [30004 / Deadmau55] -- [SERIAL]18/2482/0[SERIAL][SLOT]0[SLOT][ITEM]2562 - [ITEM][LVL]5[LVL][DUR]56[DUR][O]2[O]
2023-04-08_16:52:44 INFO World::UpdateItemQueue -- [9 / Devil Square -- 130 / 88] Owner: [30004 / Deadmau55] -- [SERIAL]18/2483/0[SERIAL][SLOT]0[SLOT][ITEM]6665 - [ITEM][LVL]0[LVL][DUR]65[DUR][E]24[E]
2023-04-08_16:52:51 INFO World::UpdateItemQueue -- [9 / Devil Square -- 138 / 93] Owner: [30004 / Deadmau55] -- [SERIAL]18/2489/0[SERIAL][SLOT]0[SLOT][ITEM]517 - [ITEM][LVL]6[LVL][DUR]44[DUR][S]1[S][O]1[O]
2023-04-08_17:02:27 INFO GremoryCase::ItemUseRequest -- [SRV 18 -- 30006 - IP: 77.175.188.143 - Account: 2-test - Character: 145-Kundun] -- [SERIAL]18/1019/0[SERIAL][SLOT]33[SLOT][ITEM]7450 - Mastery Box(Minor)[ITEM][LVL]0[LVL][DUR]0[DUR]
2023-04-08_17:02:38 INFO World::UpdateItemQueue -- [12 / Blood Castle 2 -- 13 / 14] Owner: [30007 / Deadmau55] -- [SERIAL]18/2613/0[SERIAL][SLOT]0[SLOT][ITEM]6668 - [ITEM][LVL]0[LVL][DUR]65[DUR][L]1[L][O]1[O][E]18[E]
2023-04-08_17:02:39 INFO World::UpdateItemQueue -- [12 / Blood Castle 2 -- 13 / 14] Owner: [30007 / Deadmau55] -- [SERIAL]18/2614/0[SERIAL][SLOT]0[SLOT][ITEM]6664 - [ITEM][LVL]0[LVL][DUR]65[DUR][L]1[L][O]1[O][E]16[E]
2023-04-08_17:02:40 INFO World::UpdateItemQueue -- [12 / Blood Castle 2 -- 13 / 14] Owner: [30007 / Deadmau55] -- [SERIAL]18/2615/0[SERIAL][SLOT]0[SLOT][ITEM]7181 - [ITEM][LVL]0[LVL][DUR]1[DUR]
2023-04-08_17:02:40 INFO World::UpdateItemQueue -- [12 / Blood Castle 2 -- 13 / 14] Owner: [30007 / Deadmau55] -- [SERIAL]18/2616/0[SERIAL][SLOT]0[SLOT][ITEM]6665 - [ITEM][LVL]0[LVL][DUR]65[DUR][L]1[L][O]2[O][E]1[E]
2023-04-08_17:03:10 INFO World::UpdateItemQueue -- [12 / Blood Castle 2 -- 13 / 14] Owner: [30007 / Deadmau55] -- [SERIAL]18/2617/0[SERIAL][SLOT]0[SLOT][ITEM]7181 - [ITEM][LVL]0[LVL][DUR]1[DUR]
2023-04-08_17:06:19 INFO World::UpdateItemQueue -- [12 / Blood Castle 2 -- 15 / 23] Owner: [30006 / Kundun] -- [SERIAL]18/2625/0[SERIAL][SLOT]0[SLOT][ITEM]3101 - [ITEM][LVL]0[LVL][DUR]46[DUR][S]1[S][O]3[O][E]34[E]
2023-04-08_17:06:44 INFO World::UpdateItemQueue -- [12 / Blood Castle 2 -- 15 / 46] Owner: [30007 / Deadmau55] -- [SERIAL]18/2670/0[SERIAL][SLOT]0[SLOT][ITEM]2561 - [ITEM][LVL]0[LVL][DUR]53[DUR][O]3[O][E]13[E]
2023-04-08_17:07:59 INFO World::UpdateItemQueue -- [12 / Blood Castle 2 -- 14 / 95] Owner: [30007 / Deadmau55] -- [SERIAL]18/2834/0[SERIAL][SLOT]0[SLOT][ITEM]6675 - [ITEM][LVL]0[LVL][DUR]255[DUR]
2023-04-08_17:09:06 INFO GremoryCase::ItemUseRequest -- [SRV 18 -- 30007 - IP: 77.175.188.143 - Account: 3-flowerbloo - Character: 169-Deadmau55] -- [SERIAL]18/2948/0[SERIAL][SLOT]75[SLOT][ITEM]6159 - Jewel of Chaos[ITEM][LVL]0[LVL][DUR]1[DUR]
2023-04-08_17:16:29 INFO World::UpdateItemQueue -- [19 / Chaos Castle 2 -- 31 / 90] Owner: [30007 / Deadmau55] -- [SERIAL]18/2951/0[SERIAL][SLOT]0[SLOT][ITEM]6669 - [ITEM][LVL]0[LVL][DUR]65[DUR][O]2[O][E]32[E]
2023-04-08_17:16:34 INFO World::UpdateItemQueue -- [19 / Chaos Castle 2 -- 31 / 90] Owner: [30007 / Deadmau55] -- [SERIAL]18/2952/0[SERIAL][SLOT]0[SLOT][ITEM]6664 - [ITEM][LVL]0[LVL][DUR]65[DUR][L]1[L][O]2[O][E]36[E]
2023-04-08_17:16:37 INFO World::UpdateItemQueue -- [19 / Chaos Castle 2 -- 31 / 90] Owner: [30007 / Deadmau55] -- [SERIAL]18/2953/0[SERIAL][SLOT]0[SLOT][ITEM]4302 - [ITEM][LVL]4[LVL][DUR]34[DUR]
2023-04-08_17:16:40 INFO World::UpdateItemQueue -- [19 / Chaos Castle 2 -- 33 / 93] Owner: [30007 / Deadmau55] -- [SERIAL]18/2954/0[SERIAL][SLOT]0[SLOT][ITEM]6669 - [ITEM][LVL]0[LVL][DUR]65[DUR][L]1[L][E]24[E]
2023-04-08_17:16:41 INFO World::UpdateItemQueue -- [19 / Chaos Castle 2 -- 33 / 93] Owner: [30007 / Deadmau55] -- [SERIAL]18/2955/0[SERIAL][SLOT]0[SLOT][ITEM]5632 - [ITEM][LVL]4[LVL][DUR]38[DUR]
2023-04-08_17:16:43 INFO World::UpdateItemQueue -- [19 / Chaos Castle 2 -- 36 / 93] Owner: [30007 / Deadmau55] -- [SERIAL]18/2956/0[SERIAL][SLOT]0[SLOT][ITEM]6657 - [ITEM][LVL]0[LVL][DUR]255[DUR][L]1[L]
2023-04-08_17:16:45 INFO World::UpdateItemQueue -- [19 / Chaos Castle 2 -- 39 / 94] Owner: [30007 / Deadmau55] -- [SERIAL]18/2957/0[SERIAL][SLOT]0[SLOT][ITEM]6656 - [ITEM][LVL]0[LVL][DUR]255[DUR]
2023-04-08_17:16:47 INFO World::UpdateItemQueue -- [19 / Chaos Castle 2 -- 38 / 97] Owner: [30007 / Deadmau55] -- [SERIAL]18/2958/0[SERIAL][SLOT]0[SLOT][ITEM]6159 - [ITEM][LVL]0[LVL][DUR]1[DUR]
2023-04-08_17:19:45 INFO World::UpdateItemQueue -- [19 / Chaos Castle 2 -- 37 / 101] Owner: [30007 / Deadmau55] -- [SERIAL]18/2959/0[SERIAL][SLOT]0[SLOT][ITEM]7181 - [ITEM][LVL]0[LVL][DUR]1[DUR]
2023-04-08_17:19:53 INFO World::UpdateItemQueue -- [19 / Chaos Castle 2 -- 34 / 92] Owner: [30007 / Deadmau55] -- [SERIAL]18/2960/0[SERIAL][SLOT]0[SLOT][ITEM]7181 - [ITEM][LVL]0[LVL][DUR]1[DUR]
2023-04-08_17:19:53 INFO World::UpdateItemQueue -- [19 / Chaos Castle 2 -- 36 / 92] Owner: [30007 / Deadmau55] -- [SERIAL]18/2961/0[SERIAL][SLOT]0[SLOT][ITEM]7181 - [ITEM][LVL]0[LVL][DUR]1[DUR]
2023-04-08_17:19:56 INFO World::UpdateItemQueue -- [19 / Chaos Castle 2 -- 35 / 92] Owner: [30007 / Deadmau55] -- [SERIAL]18/2962/0[SERIAL][SLOT]0[SLOT][ITEM]7182 - [ITEM][LVL]0[LVL][DUR]1[DUR]
2023-04-08_17:20:05 INFO World::UpdateItemQueue -- [19 / Chaos Castle 2 -- 35 / 90] Owner: [30007 / Deadmau55] -- [SERIAL]18/2963/0[SERIAL][SLOT]0[SLOT][ITEM]7182 - [ITEM][LVL]0[LVL][DUR]1[DUR]
2023-04-08_17:20:17 INFO World::UpdateItemQueue -- [19 / Chaos Castle 2 -- 33 / 83] Owner: [30007 / Deadmau55] -- [SERIAL]18/2964/0[SERIAL][SLOT]0[SLOT][ITEM]7182 - [ITEM][LVL]0[LVL][DUR]1[DUR]
2023-04-08_17:20:21 INFO World::UpdateItemQueue -- [19 / Chaos Castle 2 -- 34 / 92] Owner: [30007 / Deadmau55] -- [SERIAL]18/2965/0[SERIAL][SLOT]0[SLOT][ITEM]3900 - [ITEM][LVL]0[LVL][DUR]255[DUR][O]2[O][A]5[A]
