2023-03-25_20:06:35 INFO [BloodCastle - 1] Moving Players Out
2023-03-25_20:06:35 INFO [BloodCastle - 1] Clearing Monsters.
2023-03-25_20:06:35 INFO [BloodCastle - 1] BloodCastle::SetState_None
2023-03-25_20:06:35 INFO [BloodCastle - 2] Moving Players Out
2023-03-25_20:06:35 INFO [BloodCastle - 2] Clearing Monsters.
2023-03-25_20:06:35 INFO [BloodCastle - 2] BloodCastle::SetState_None
2023-03-25_20:06:35 INFO [BloodCastle - 3] Moving Players Out
2023-03-25_20:06:35 INFO [BloodCastle - 3] Clearing Monsters.
2023-03-25_20:06:35 INFO [BloodCastle - 3] BloodCastle::SetState_None
2023-03-25_20:06:35 INFO [BloodCastle - 4] Moving Players Out
2023-03-25_20:06:35 INFO [BloodCastle - 4] Clearing Monsters.
2023-03-25_20:06:35 INFO [BloodCastle - 4] BloodCastle::SetState_None
2023-03-25_20:06:35 INFO [BloodCastle - 5] Moving Players Out
2023-03-25_20:06:35 INFO [BloodCastle - 5] Clearing Monsters.
2023-03-25_20:06:35 INFO [BloodCastle - 5] BloodCastle::SetState_None
2023-03-25_20:06:35 INFO [BloodCastle - 6] Moving Players Out
2023-03-25_20:06:35 INFO [BloodCastle - 6] Clearing Monsters.
2023-03-25_20:06:35 INFO [BloodCastle - 6] BloodCastle::SetState_None
2023-03-25_20:06:35 INFO [BloodCastle - 7] Moving Players Out
2023-03-25_20:06:35 INFO [BloodCastle - 7] Clearing Monsters.
2023-03-25_20:06:35 INFO [BloodCastle - 7] BloodCastle::SetState_None
2023-03-25_20:06:35 INFO [BloodCastleMgr] SetState_None()
2023-03-25_21:00:00 INFO [BloodCastle - 1] Added Monster [20030][232].
2023-03-25_21:00:00 INFO [BloodCastle - 1] BloodCastle::SetState_Open
2023-03-25_21:00:00 INFO [BloodCastle - 2] Added Monster [20031][232].
2023-03-25_21:00:00 INFO [BloodCastle - 2] BloodCastle::SetState_Open
2023-03-25_21:00:00 INFO [BloodCastle - 3] Added Monster [20032][232].
2023-03-25_21:00:00 INFO [BloodCastle - 3] BloodCastle::SetState_Open
2023-03-25_21:00:00 INFO [BloodCastle - 4] Added Monster [20033][232].
2023-03-25_21:00:00 INFO [BloodCastle - 4] BloodCastle::SetState_Open
2023-03-25_21:00:00 INFO [BloodCastle - 5] Added Monster [20034][232].
2023-03-25_21:00:00 INFO [BloodCastle - 5] BloodCastle::SetState_Open
2023-03-25_21:00:00 INFO [BloodCastle - 6] Added Monster [20035][232].
2023-03-25_21:00:00 INFO [BloodCastle - 6] BloodCastle::SetState_Open
2023-03-25_21:00:00 INFO [BloodCastle - 7] Added Monster [20036][232].
2023-03-25_21:00:00 INFO [BloodCastle - 7] BloodCastle::SetState_Open
2023-03-25_21:00:00 INFO [BloodCastleMgr] SetState_Open()
2023-03-25_21:05:00 INFO [BloodCastle - 1] BloodCastle::SetState_StandBy
2023-03-25_21:05:00 INFO [BloodCastle - 2] BloodCastle::SetState_StandBy
2023-03-25_21:05:00 INFO [BloodCastle - 3] BloodCastle::SetState_StandBy
2023-03-25_21:05:00 INFO [BloodCastle - 4] BloodCastle::SetState_StandBy
2023-03-25_21:05:00 INFO [BloodCastle - 5] BloodCastle::SetState_StandBy
2023-03-25_21:05:00 INFO [BloodCastle - 6] BloodCastle::SetState_StandBy
2023-03-25_21:05:00 INFO [BloodCastle - 7] BloodCastle::SetState_StandBy
2023-03-25_21:05:00 INFO [BloodCastleMgr] SetState_Playing()
2023-03-25_21:06:00 INFO [BloodCastle - 1] Moving Players Out
2023-03-25_21:06:00 INFO [BloodCastle - 1] Clearing Monsters.
2023-03-25_21:06:00 INFO [BloodCastle - 1] BloodCastle::SetState_None
2023-03-25_21:06:00 INFO [BloodCastle - 2] Moving Players Out
2023-03-25_21:06:00 INFO [BloodCastle - 2] Clearing Monsters.
2023-03-25_21:06:00 INFO [BloodCastle - 2] BloodCastle::SetState_None
2023-03-25_21:06:00 INFO [BloodCastle - 3] Moving Players Out
2023-03-25_21:06:00 INFO [BloodCastle - 3] Clearing Monsters.
2023-03-25_21:06:00 INFO [BloodCastle - 3] BloodCastle::SetState_None
2023-03-25_21:06:00 INFO [BloodCastle - 4] Moving Players Out
2023-03-25_21:06:00 INFO [BloodCastle - 4] Clearing Monsters.
2023-03-25_21:06:00 INFO [BloodCastle - 4] BloodCastle::SetState_None
2023-03-25_21:06:01 INFO [BloodCastle - 5] Moving Players Out
2023-03-25_21:06:01 INFO [BloodCastle - 5] Clearing Monsters.
2023-03-25_21:06:01 INFO [BloodCastle - 5] BloodCastle::SetState_None
2023-03-25_21:06:01 INFO [BloodCastle - 6] Moving Players Out
2023-03-25_21:06:01 INFO [BloodCastle - 6] Clearing Monsters.
2023-03-25_21:06:01 INFO [BloodCastle - 6] BloodCastle::SetState_None
2023-03-25_21:06:01 INFO [BloodCastle - 7] Moving Players Out
2023-03-25_21:06:01 INFO [BloodCastle - 7] Clearing Monsters.
2023-03-25_21:06:01 INFO [BloodCastle - 7] BloodCastle::SetState_None
2023-03-25_21:06:01 INFO [BloodCastleMgr] SetState_None()
2023-03-25_22:00:00 INFO [BloodCastle - 1] Added Monster [20072][232].
2023-03-25_22:00:00 INFO [BloodCastle - 1] BloodCastle::SetState_Open
2023-03-25_22:00:00 INFO [BloodCastle - 2] Added Monster [20073][232].
2023-03-25_22:00:00 INFO [BloodCastle - 2] BloodCastle::SetState_Open
2023-03-25_22:00:00 INFO [BloodCastle - 3] Added Monster [20074][232].
2023-03-25_22:00:00 INFO [BloodCastle - 3] BloodCastle::SetState_Open
2023-03-25_22:00:00 INFO [BloodCastle - 4] Added Monster [20075][232].
2023-03-25_22:00:00 INFO [BloodCastle - 4] BloodCastle::SetState_Open
2023-03-25_22:00:00 INFO [BloodCastle - 5] Added Monster [20076][232].
2023-03-25_22:00:00 INFO [BloodCastle - 5] BloodCastle::SetState_Open
2023-03-25_22:00:00 INFO [BloodCastle - 6] Added Monster [20077][232].
2023-03-25_22:00:00 INFO [BloodCastle - 6] BloodCastle::SetState_Open
2023-03-25_22:00:00 INFO [BloodCastle - 7] Added Monster [20078][232].
2023-03-25_22:00:00 INFO [BloodCastle - 7] BloodCastle::SetState_Open
2023-03-25_22:00:00 INFO [BloodCastleMgr] SetState_Open()
2023-03-25_22:05:00 INFO [BloodCastle - 1] BloodCastle::SetState_StandBy
2023-03-25_22:05:00 INFO [BloodCastle - 2] BloodCastle::SetState_StandBy
2023-03-25_22:05:00 INFO [BloodCastle - 3] BloodCastle::SetState_StandBy
2023-03-25_22:05:00 INFO [BloodCastle - 4] BloodCastle::SetState_StandBy
2023-03-25_22:05:00 INFO [BloodCastle - 5] BloodCastle::SetState_StandBy
2023-03-25_22:05:00 INFO [BloodCastle - 6] BloodCastle::SetState_StandBy
2023-03-25_22:05:00 INFO [BloodCastle - 7] BloodCastle::SetState_StandBy
2023-03-25_22:05:00 INFO [BloodCastleMgr] SetState_Playing()
2023-03-25_22:06:00 INFO [BloodCastle - 1] Moving Players Out
2023-03-25_22:06:00 INFO [BloodCastle - 1] Clearing Monsters.
2023-03-25_22:06:00 INFO [BloodCastle - 1] BloodCastle::SetState_None
2023-03-25_22:06:00 INFO [BloodCastle - 2] Moving Players Out
2023-03-25_22:06:00 INFO [BloodCastle - 2] Clearing Monsters.
2023-03-25_22:06:00 INFO [BloodCastle - 2] BloodCastle::SetState_None
2023-03-25_22:06:00 INFO [BloodCastle - 3] Moving Players Out
2023-03-25_22:06:00 INFO [BloodCastle - 3] Clearing Monsters.
2023-03-25_22:06:00 INFO [BloodCastle - 3] BloodCastle::SetState_None
2023-03-25_22:06:00 INFO [BloodCastle - 4] Moving Players Out
2023-03-25_22:06:00 INFO [BloodCastle - 4] Clearing Monsters.
2023-03-25_22:06:00 INFO [BloodCastle - 4] BloodCastle::SetState_None
2023-03-25_22:06:00 INFO [BloodCastle - 5] Moving Players Out
2023-03-25_22:06:00 INFO [BloodCastle - 5] Clearing Monsters.
2023-03-25_22:06:00 INFO [BloodCastle - 5] BloodCastle::SetState_None
2023-03-25_22:06:00 INFO [BloodCastle - 6] Moving Players Out
2023-03-25_22:06:00 INFO [BloodCastle - 6] Clearing Monsters.
2023-03-25_22:06:00 INFO [BloodCastle - 6] BloodCastle::SetState_None
2023-03-25_22:06:01 INFO [BloodCastle - 7] Moving Players Out
2023-03-25_22:06:01 INFO [BloodCastle - 7] Clearing Monsters.
2023-03-25_22:06:01 INFO [BloodCastle - 7] BloodCastle::SetState_None
2023-03-25_22:06:01 INFO [BloodCastleMgr] SetState_None()
2023-03-25_22:26:54 INFO [BloodCastle - 1] Moving Players Out
2023-03-25_22:26:54 INFO [BloodCastle - 1] Clearing Monsters.
2023-03-25_22:26:54 INFO [BloodCastle - 1] BloodCastle::SetState_None
2023-03-25_22:26:54 INFO [BloodCastle - 2] Moving Players Out
2023-03-25_22:26:54 INFO [BloodCastle - 2] Clearing Monsters.
2023-03-25_22:26:54 INFO [BloodCastle - 2] BloodCastle::SetState_None
2023-03-25_22:26:54 INFO [BloodCastle - 3] Moving Players Out
2023-03-25_22:26:54 INFO [BloodCastle - 3] Clearing Monsters.
2023-03-25_22:26:54 INFO [BloodCastle - 3] BloodCastle::SetState_None
2023-03-25_22:26:54 INFO [BloodCastle - 4] Moving Players Out
2023-03-25_22:26:54 INFO [BloodCastle - 4] Clearing Monsters.
2023-03-25_22:26:54 INFO [BloodCastle - 4] BloodCastle::SetState_None
2023-03-25_22:26:54 INFO [BloodCastle - 5] Moving Players Out
2023-03-25_22:26:54 INFO [BloodCastle - 5] Clearing Monsters.
2023-03-25_22:26:54 INFO [BloodCastle - 5] BloodCastle::SetState_None
2023-03-25_22:26:54 INFO [BloodCastle - 6] Moving Players Out
2023-03-25_22:26:54 INFO [BloodCastle - 6] Clearing Monsters.
2023-03-25_22:26:54 INFO [BloodCastle - 6] BloodCastle::SetState_None
2023-03-25_22:26:54 INFO [BloodCastle - 7] Moving Players Out
2023-03-25_22:26:54 INFO [BloodCastle - 7] Clearing Monsters.
2023-03-25_22:26:54 INFO [BloodCastle - 7] BloodCastle::SetState_None
