2023-04-04_16:52:57 INFO [BloodCastle - 1] Moving Players Out
2023-04-04_16:52:57 INFO [BloodCastle - 1] Clearing Monsters.
2023-04-04_16:52:57 INFO [BloodCastle - 1] BloodCastle::SetState_None
2023-04-04_16:52:57 INFO [BloodCastle - 2] Moving Players Out
2023-04-04_16:52:57 INFO [BloodCastle - 2] Clearing Monsters.
2023-04-04_16:52:57 INFO [BloodCastle - 2] BloodCastle::SetState_None
2023-04-04_16:52:57 INFO [BloodCastle - 3] Moving Players Out
2023-04-04_16:52:57 INFO [BloodCastle - 3] Clearing Monsters.
2023-04-04_16:52:57 INFO [BloodCastle - 3] BloodCastle::SetState_None
2023-04-04_16:52:57 INFO [BloodCastle - 4] Moving Players Out
2023-04-04_16:52:57 INFO [BloodCastle - 4] Clearing Monsters.
2023-04-04_16:52:57 INFO [BloodCastle - 4] BloodCastle::SetState_None
2023-04-04_16:52:57 INFO [BloodCastle - 5] Moving Players Out
2023-04-04_16:52:57 INFO [BloodCastle - 5] Clearing Monsters.
2023-04-04_16:52:57 INFO [BloodCastle - 5] BloodCastle::SetState_None
2023-04-04_16:52:57 INFO [BloodCastle - 6] Moving Players Out
2023-04-04_16:52:57 INFO [BloodCastle - 6] Clearing Monsters.
2023-04-04_16:52:57 INFO [BloodCastle - 6] BloodCastle::SetState_None
2023-04-04_16:52:57 INFO [BloodCastle - 7] Moving Players Out
2023-04-04_16:52:57 INFO [BloodCastle - 7] Clearing Monsters.
2023-04-04_16:52:57 INFO [BloodCastle - 7] BloodCastle::SetState_None
2023-04-04_16:52:57 INFO [BloodCastleMgr] SetState_None()
2023-04-04_17:00:00 INFO [BloodCastle - 1] Added Monster [20225][232].
2023-04-04_17:00:00 INFO [BloodCastle - 1] BloodCastle::SetState_Open
2023-04-04_17:00:00 INFO [BloodCastle - 2] Added Monster [20226][232].
2023-04-04_17:00:00 INFO [BloodCastle - 2] BloodCastle::SetState_Open
2023-04-04_17:00:00 INFO [BloodCastle - 3] Added Monster [20227][232].
2023-04-04_17:00:00 INFO [BloodCastle - 3] BloodCastle::SetState_Open
2023-04-04_17:00:00 INFO [BloodCastle - 4] Added Monster [20228][232].
2023-04-04_17:00:00 INFO [BloodCastle - 4] BloodCastle::SetState_Open
2023-04-04_17:00:00 INFO [BloodCastle - 5] Added Monster [20229][232].
2023-04-04_17:00:00 INFO [BloodCastle - 5] BloodCastle::SetState_Open
2023-04-04_17:00:00 INFO [BloodCastle - 6] Added Monster [20230][232].
2023-04-04_17:00:00 INFO [BloodCastle - 6] BloodCastle::SetState_Open
2023-04-04_17:00:00 INFO [BloodCastle - 7] Added Monster [20231][232].
2023-04-04_17:00:00 INFO [BloodCastle - 7] BloodCastle::SetState_Open
2023-04-04_17:00:00 INFO [BloodCastleMgr] SetState_Open()
2023-04-04_17:05:00 INFO [BloodCastle - 1] BloodCastle::SetState_StandBy
2023-04-04_17:05:00 INFO [BloodCastle - 2] BloodCastle::SetState_StandBy
2023-04-04_17:05:00 INFO [BloodCastle - 3] BloodCastle::SetState_StandBy
2023-04-04_17:05:01 INFO [BloodCastle - 4] BloodCastle::SetState_StandBy
2023-04-04_17:05:01 INFO [BloodCastle - 5] BloodCastle::SetState_StandBy
2023-04-04_17:05:01 INFO [BloodCastle - 6] BloodCastle::SetState_StandBy
2023-04-04_17:05:01 INFO [BloodCastle - 7] BloodCastle::SetState_StandBy
2023-04-04_17:05:01 INFO [BloodCastleMgr] SetState_Playing()
2023-04-04_17:05:46 INFO [BloodCastle - 1] Moving Players Out
2023-04-04_17:05:46 INFO [BloodCastle - 1] Clearing Monsters.
2023-04-04_17:05:46 INFO [BloodCastle - 1] BloodCastle::SetState_None
2023-04-04_17:05:46 INFO [BloodCastle - 2] Moving Players Out
2023-04-04_17:05:46 INFO [BloodCastle - 2] Clearing Monsters.
2023-04-04_17:05:46 INFO [BloodCastle - 2] BloodCastle::SetState_None
2023-04-04_17:05:46 INFO [BloodCastle - 3] Moving Players Out
2023-04-04_17:05:46 INFO [BloodCastle - 3] Clearing Monsters.
2023-04-04_17:05:46 INFO [BloodCastle - 3] BloodCastle::SetState_None
2023-04-04_17:05:46 INFO [BloodCastle - 4] Moving Players Out
2023-04-04_17:05:46 INFO [BloodCastle - 4] Clearing Monsters.
2023-04-04_17:05:46 INFO [BloodCastle - 4] BloodCastle::SetState_None
2023-04-04_17:05:46 INFO [BloodCastle - 5] Moving Players Out
2023-04-04_17:05:46 INFO [BloodCastle - 5] Clearing Monsters.
2023-04-04_17:05:46 INFO [BloodCastle - 5] BloodCastle::SetState_None
2023-04-04_17:05:46 INFO [BloodCastle - 6] Moving Players Out
2023-04-04_17:05:46 INFO [BloodCastle - 6] Clearing Monsters.
2023-04-04_17:05:46 INFO [BloodCastle - 6] BloodCastle::SetState_None
2023-04-04_17:05:46 INFO [BloodCastle - 7] Moving Players Out
2023-04-04_17:05:46 INFO [BloodCastle - 7] Clearing Monsters.
2023-04-04_17:05:46 INFO [BloodCastle - 7] BloodCastle::SetState_None
