2023-04-06_21:47:29 INFO [BloodCastle - 1] Moving Players Out
2023-04-06_21:47:30 INFO [BloodCastle - 1] Clearing Monsters.
2023-04-06_21:47:30 INFO [BloodCastle - 1] BloodCastle::SetState_None
2023-04-06_21:47:30 INFO [BloodCastle - 2] Moving Players Out
2023-04-06_21:47:30 INFO [BloodCastle - 2] Clearing Monsters.
2023-04-06_21:47:30 INFO [BloodCastle - 2] BloodCastle::SetState_None
2023-04-06_21:47:30 INFO [BloodCastle - 3] Moving Players Out
2023-04-06_21:47:30 INFO [BloodCastle - 3] Clearing Monsters.
2023-04-06_21:47:30 INFO [BloodCastle - 3] BloodCastle::SetState_None
2023-04-06_21:47:30 INFO [BloodCastle - 4] Moving Players Out
2023-04-06_21:47:30 INFO [BloodCastle - 4] Clearing Monsters.
2023-04-06_21:47:30 INFO [BloodCastle - 4] BloodCastle::SetState_None
2023-04-06_21:47:30 INFO [BloodCastle - 5] Moving Players Out
2023-04-06_21:47:30 INFO [BloodCastle - 5] Clearing Monsters.
2023-04-06_21:47:30 INFO [BloodCastle - 5] BloodCastle::SetState_None
2023-04-06_21:47:30 INFO [BloodCastle - 6] Moving Players Out
2023-04-06_21:47:30 INFO [BloodCastle - 6] Clearing Monsters.
2023-04-06_21:47:30 INFO [BloodCastle - 6] BloodCastle::SetState_None
2023-04-06_21:47:30 INFO [BloodCastle - 7] Moving Players Out
2023-04-06_21:47:30 INFO [BloodCastle - 7] Clearing Monsters.
2023-04-06_21:47:30 INFO [BloodCastle - 7] BloodCastle::SetState_None
2023-04-06_21:47:30 INFO [BloodCastleMgr] SetState_None()
2023-04-06_22:00:00 INFO [BloodCastle - 1] Added Monster [20241][232].
2023-04-06_22:00:00 INFO [BloodCastle - 1] BloodCastle::SetState_Open
2023-04-06_22:00:00 INFO [BloodCastle - 2] Added Monster [20242][232].
2023-04-06_22:00:00 INFO [BloodCastle - 2] BloodCastle::SetState_Open
2023-04-06_22:00:00 INFO [BloodCastle - 3] Added Monster [20243][232].
2023-04-06_22:00:00 INFO [BloodCastle - 3] BloodCastle::SetState_Open
2023-04-06_22:00:00 INFO [BloodCastle - 4] Added Monster [20244][232].
2023-04-06_22:00:00 INFO [BloodCastle - 4] BloodCastle::SetState_Open
2023-04-06_22:00:00 INFO [BloodCastle - 5] Added Monster [20245][232].
2023-04-06_22:00:00 INFO [BloodCastle - 5] BloodCastle::SetState_Open
2023-04-06_22:00:00 INFO [BloodCastle - 6] Added Monster [20246][232].
2023-04-06_22:00:01 INFO [BloodCastle - 6] BloodCastle::SetState_Open
2023-04-06_22:00:01 INFO [BloodCastle - 7] Added Monster [20247][232].
2023-04-06_22:00:01 INFO [BloodCastle - 7] BloodCastle::SetState_Open
2023-04-06_22:00:01 INFO [BloodCastleMgr] SetState_Open()
2023-04-06_22:05:01 INFO [BloodCastle - 1] BloodCastle::SetState_StandBy
2023-04-06_22:05:01 INFO [BloodCastle - 2] BloodCastle::SetState_StandBy
2023-04-06_22:05:01 INFO [BloodCastle - 3] BloodCastle::SetState_StandBy
2023-04-06_22:05:01 INFO [BloodCastle - 4] BloodCastle::SetState_StandBy
2023-04-06_22:05:01 INFO [BloodCastle - 5] BloodCastle::SetState_StandBy
2023-04-06_22:05:01 INFO [BloodCastle - 6] BloodCastle::SetState_StandBy
2023-04-06_22:05:01 INFO [BloodCastle - 7] BloodCastle::SetState_StandBy
2023-04-06_22:05:01 INFO [BloodCastleMgr] SetState_Playing()
2023-04-06_22:06:01 INFO [BloodCastle - 1] Moving Players Out
2023-04-06_22:06:01 INFO [BloodCastle - 1] Clearing Monsters.
2023-04-06_22:06:01 INFO [BloodCastle - 1] BloodCastle::SetState_None
2023-04-06_22:06:01 INFO [BloodCastle - 2] Moving Players Out
2023-04-06_22:06:01 INFO [BloodCastle - 2] Clearing Monsters.
2023-04-06_22:06:01 INFO [BloodCastle - 2] BloodCastle::SetState_None
2023-04-06_22:06:01 INFO [BloodCastle - 3] Moving Players Out
2023-04-06_22:06:01 INFO [BloodCastle - 3] Clearing Monsters.
2023-04-06_22:06:01 INFO [BloodCastle - 3] BloodCastle::SetState_None
2023-04-06_22:06:01 INFO [BloodCastle - 4] Moving Players Out
2023-04-06_22:06:01 INFO [BloodCastle - 4] Clearing Monsters.
2023-04-06_22:06:01 INFO [BloodCastle - 4] BloodCastle::SetState_None
2023-04-06_22:06:01 INFO [BloodCastle - 5] Moving Players Out
2023-04-06_22:06:01 INFO [BloodCastle - 5] Clearing Monsters.
2023-04-06_22:06:01 INFO [BloodCastle - 5] BloodCastle::SetState_None
2023-04-06_22:06:01 INFO [BloodCastle - 6] Moving Players Out
2023-04-06_22:06:01 INFO [BloodCastle - 6] Clearing Monsters.
2023-04-06_22:06:01 INFO [BloodCastle - 6] BloodCastle::SetState_None
2023-04-06_22:06:01 INFO [BloodCastle - 7] Moving Players Out
2023-04-06_22:06:01 INFO [BloodCastle - 7] Clearing Monsters.
2023-04-06_22:06:01 INFO [BloodCastle - 7] BloodCastle::SetState_None
2023-04-06_22:06:01 INFO [BloodCastleMgr] SetState_None()
2023-04-06_23:00:00 INFO [BloodCastle - 1] Added Monster [20284][232].
2023-04-06_23:00:00 INFO [BloodCastle - 1] BloodCastle::SetState_Open
2023-04-06_23:00:00 INFO [BloodCastle - 2] Added Monster [20285][232].
2023-04-06_23:00:00 INFO [BloodCastle - 2] BloodCastle::SetState_Open
2023-04-06_23:00:00 INFO [BloodCastle - 3] Added Monster [20286][232].
2023-04-06_23:00:00 INFO [BloodCastle - 3] BloodCastle::SetState_Open
2023-04-06_23:00:00 INFO [BloodCastle - 4] Added Monster [20287][232].
2023-04-06_23:00:00 INFO [BloodCastle - 4] BloodCastle::SetState_Open
2023-04-06_23:00:00 INFO [BloodCastle - 5] Added Monster [20288][232].
2023-04-06_23:00:00 INFO [BloodCastle - 5] BloodCastle::SetState_Open
2023-04-06_23:00:00 INFO [BloodCastle - 6] Added Monster [20289][232].
2023-04-06_23:00:00 INFO [BloodCastle - 6] BloodCastle::SetState_Open
2023-04-06_23:00:00 INFO [BloodCastle - 7] Added Monster [20290][232].
2023-04-06_23:00:00 INFO [BloodCastle - 7] BloodCastle::SetState_Open
2023-04-06_23:00:00 INFO [BloodCastleMgr] SetState_Open()
2023-04-06_23:05:00 INFO [BloodCastle - 1] BloodCastle::SetState_StandBy
2023-04-06_23:05:00 INFO [BloodCastle - 2] BloodCastle::SetState_StandBy
2023-04-06_23:05:00 INFO [BloodCastle - 3] BloodCastle::SetState_StandBy
2023-04-06_23:05:00 INFO [BloodCastle - 4] BloodCastle::SetState_StandBy
2023-04-06_23:05:00 INFO [BloodCastle - 5] BloodCastle::SetState_StandBy
2023-04-06_23:05:00 INFO [BloodCastle - 6] BloodCastle::SetState_StandBy
2023-04-06_23:05:00 INFO [BloodCastle - 7] BloodCastle::SetState_StandBy
2023-04-06_23:05:00 INFO [BloodCastleMgr] SetState_Playing()
2023-04-06_23:06:00 INFO [BloodCastle - 1] Moving Players Out
2023-04-06_23:06:00 INFO [BloodCastle - 1] Clearing Monsters.
2023-04-06_23:06:00 INFO [BloodCastle - 1] BloodCastle::SetState_None
2023-04-06_23:06:00 INFO [BloodCastle - 2] Moving Players Out
2023-04-06_23:06:00 INFO [BloodCastle - 2] Clearing Monsters.
2023-04-06_23:06:00 INFO [BloodCastle - 2] BloodCastle::SetState_None
2023-04-06_23:06:00 INFO [BloodCastle - 3] Moving Players Out
2023-04-06_23:06:00 INFO [BloodCastle - 3] Clearing Monsters.
2023-04-06_23:06:00 INFO [BloodCastle - 3] BloodCastle::SetState_None
2023-04-06_23:06:00 INFO [BloodCastle - 4] Moving Players Out
2023-04-06_23:06:00 INFO [BloodCastle - 4] Clearing Monsters.
2023-04-06_23:06:00 INFO [BloodCastle - 4] BloodCastle::SetState_None
2023-04-06_23:06:00 INFO [BloodCastle - 5] Moving Players Out
2023-04-06_23:06:00 INFO [BloodCastle - 5] Clearing Monsters.
2023-04-06_23:06:00 INFO [BloodCastle - 5] BloodCastle::SetState_None
2023-04-06_23:06:00 INFO [BloodCastle - 6] Moving Players Out
2023-04-06_23:06:00 INFO [BloodCastle - 6] Clearing Monsters.
2023-04-06_23:06:00 INFO [BloodCastle - 6] BloodCastle::SetState_None
2023-04-06_23:06:00 INFO [BloodCastle - 7] Moving Players Out
2023-04-06_23:06:00 INFO [BloodCastle - 7] Clearing Monsters.
2023-04-06_23:06:00 INFO [BloodCastle - 7] BloodCastle::SetState_None
2023-04-06_23:06:01 INFO [BloodCastleMgr] SetState_None()
