2023-03-30_17:03:41 INFO [BloodCastle - 1] Moving Players Out
2023-03-30_17:03:42 INFO [BloodCastle - 1] Clearing Monsters.
2023-03-30_17:03:42 INFO [BloodCastle - 1] BloodCastle::SetState_None
2023-03-30_17:03:42 INFO [BloodCastle - 2] Moving Players Out
2023-03-30_17:03:42 INFO [BloodCastle - 2] Clearing Monsters.
2023-03-30_17:03:42 INFO [BloodCastle - 2] BloodCastle::SetState_None
2023-03-30_17:03:42 INFO [BloodCastle - 3] Moving Players Out
2023-03-30_17:03:42 INFO [BloodCastle - 3] Clearing Monsters.
2023-03-30_17:03:42 INFO [BloodCastle - 3] BloodCastle::SetState_None
2023-03-30_17:03:42 INFO [BloodCastle - 4] Moving Players Out
2023-03-30_17:03:42 INFO [BloodCastle - 4] Clearing Monsters.
2023-03-30_17:03:42 INFO [BloodCastle - 4] BloodCastle::SetState_None
2023-03-30_17:03:42 INFO [BloodCastle - 5] Moving Players Out
2023-03-30_17:03:42 INFO [BloodCastle - 5] Clearing Monsters.
2023-03-30_17:03:42 INFO [BloodCastle - 5] BloodCastle::SetState_None
2023-03-30_17:03:42 INFO [BloodCastle - 6] Moving Players Out
2023-03-30_17:03:42 INFO [BloodCastle - 6] Clearing Monsters.
2023-03-30_17:03:42 INFO [BloodCastle - 6] BloodCastle::SetState_None
2023-03-30_17:03:42 INFO [BloodCastle - 7] Moving Players Out
2023-03-30_17:03:42 INFO [BloodCastle - 7] Clearing Monsters.
2023-03-30_17:03:42 INFO [BloodCastle - 7] BloodCastle::SetState_None
2023-03-30_17:03:42 INFO [BloodCastleMgr] SetState_None()
2023-03-30_18:00:01 INFO [BloodCastle - 1] Added Monster [20086][232].
2023-03-30_18:00:02 INFO [BloodCastle - 1] BloodCastle::SetState_Open
2023-03-30_18:00:02 INFO [BloodCastle - 2] Added Monster [20087][232].
2023-03-30_18:00:02 INFO [BloodCastle - 2] BloodCastle::SetState_Open
2023-03-30_18:00:02 INFO [BloodCastle - 3] Added Monster [20088][232].
2023-03-30_18:00:02 INFO [BloodCastle - 3] BloodCastle::SetState_Open
2023-03-30_18:00:02 INFO [BloodCastle - 4] Added Monster [20089][232].
2023-03-30_18:00:02 INFO [BloodCastle - 4] BloodCastle::SetState_Open
2023-03-30_18:00:02 INFO [BloodCastle - 5] Added Monster [20090][232].
2023-03-30_18:00:02 INFO [BloodCastle - 5] BloodCastle::SetState_Open
2023-03-30_18:00:02 INFO [BloodCastle - 6] Added Monster [20091][232].
2023-03-30_18:00:02 INFO [BloodCastle - 6] BloodCastle::SetState_Open
2023-03-30_18:00:02 INFO [BloodCastle - 7] Added Monster [20092][232].
2023-03-30_18:00:02 INFO [BloodCastle - 7] BloodCastle::SetState_Open
2023-03-30_18:00:02 INFO [BloodCastleMgr] SetState_Open()
2023-03-30_18:05:02 INFO [BloodCastle - 1] BloodCastle::SetState_StandBy
2023-03-30_18:05:02 INFO [BloodCastle - 2] BloodCastle::SetState_StandBy
2023-03-30_18:05:02 INFO [BloodCastle - 3] BloodCastle::SetState_StandBy
2023-03-30_18:05:02 INFO [BloodCastle - 4] BloodCastle::SetState_StandBy
2023-03-30_18:05:02 INFO [BloodCastle - 5] BloodCastle::SetState_StandBy
2023-03-30_18:05:02 INFO [BloodCastle - 6] BloodCastle::SetState_StandBy
2023-03-30_18:05:02 INFO [BloodCastle - 7] BloodCastle::SetState_StandBy
2023-03-30_18:05:02 INFO [BloodCastleMgr] SetState_Playing()
2023-03-30_18:06:02 INFO [BloodCastle - 1] Moving Players Out
2023-03-30_18:06:02 INFO [BloodCastle - 1] Clearing Monsters.
2023-03-30_18:06:03 INFO [BloodCastle - 1] BloodCastle::SetState_None
2023-03-30_18:06:03 INFO [BloodCastle - 2] Moving Players Out
2023-03-30_18:06:03 INFO [BloodCastle - 2] Clearing Monsters.
2023-03-30_18:06:03 INFO [BloodCastle - 2] BloodCastle::SetState_None
2023-03-30_18:06:03 INFO [BloodCastle - 3] Moving Players Out
2023-03-30_18:06:03 INFO [BloodCastle - 3] Clearing Monsters.
2023-03-30_18:06:03 INFO [BloodCastle - 3] BloodCastle::SetState_None
2023-03-30_18:06:03 INFO [BloodCastle - 4] Moving Players Out
2023-03-30_18:06:03 INFO [BloodCastle - 4] Clearing Monsters.
2023-03-30_18:06:03 INFO [BloodCastle - 4] BloodCastle::SetState_None
2023-03-30_18:06:03 INFO [BloodCastle - 5] Moving Players Out
2023-03-30_18:06:03 INFO [BloodCastle - 5] Clearing Monsters.
2023-03-30_18:06:03 INFO [BloodCastle - 5] BloodCastle::SetState_None
2023-03-30_18:06:03 INFO [BloodCastle - 6] Moving Players Out
2023-03-30_18:06:03 INFO [BloodCastle - 6] Clearing Monsters.
2023-03-30_18:06:04 INFO [BloodCastle - 6] BloodCastle::SetState_None
2023-03-30_18:06:04 INFO [BloodCastle - 7] Moving Players Out
2023-03-30_18:06:04 INFO [BloodCastle - 7] Clearing Monsters.
2023-03-30_18:06:04 INFO [BloodCastle - 7] BloodCastle::SetState_None
2023-03-30_18:06:04 INFO [BloodCastleMgr] SetState_None()
2023-03-30_19:00:00 INFO [BloodCastle - 1] Added Monster [20129][232].
2023-03-30_19:00:00 INFO [BloodCastle - 1] BloodCastle::SetState_Open
2023-03-30_19:00:00 INFO [BloodCastle - 2] Added Monster [20130][232].
2023-03-30_19:00:00 INFO [BloodCastle - 2] BloodCastle::SetState_Open
2023-03-30_19:00:01 INFO [BloodCastle - 3] Added Monster [20131][232].
2023-03-30_19:00:01 INFO [BloodCastle - 3] BloodCastle::SetState_Open
2023-03-30_19:00:01 INFO [BloodCastle - 4] Added Monster [20132][232].
2023-03-30_19:00:01 INFO [BloodCastle - 4] BloodCastle::SetState_Open
2023-03-30_19:00:01 INFO [BloodCastle - 5] Added Monster [20133][232].
2023-03-30_19:00:01 INFO [BloodCastle - 5] BloodCastle::SetState_Open
2023-03-30_19:00:01 INFO [BloodCastle - 6] Added Monster [20134][232].
2023-03-30_19:00:01 INFO [BloodCastle - 6] BloodCastle::SetState_Open
2023-03-30_19:00:01 INFO [BloodCastle - 7] Added Monster [20135][232].
2023-03-30_19:00:01 INFO [BloodCastle - 7] BloodCastle::SetState_Open
2023-03-30_19:00:01 INFO [BloodCastleMgr] SetState_Open()
2023-03-30_19:05:01 INFO [BloodCastle - 1] BloodCastle::SetState_StandBy
2023-03-30_19:05:01 INFO [BloodCastle - 2] BloodCastle::SetState_StandBy
2023-03-30_19:05:01 INFO [BloodCastle - 3] BloodCastle::SetState_StandBy
2023-03-30_19:05:01 INFO [BloodCastle - 4] BloodCastle::SetState_StandBy
2023-03-30_19:05:01 INFO [BloodCastle - 5] BloodCastle::SetState_StandBy
2023-03-30_19:05:01 INFO [BloodCastle - 6] BloodCastle::SetState_StandBy
2023-03-30_19:05:01 INFO [BloodCastle - 7] BloodCastle::SetState_StandBy
2023-03-30_19:05:01 INFO [BloodCastleMgr] SetState_Playing()
2023-03-30_19:06:01 INFO [BloodCastle - 1] Moving Players Out
2023-03-30_19:06:01 INFO [BloodCastle - 1] Clearing Monsters.
2023-03-30_19:06:01 INFO [BloodCastle - 1] BloodCastle::SetState_None
2023-03-30_19:06:01 INFO [BloodCastle - 2] Moving Players Out
2023-03-30_19:06:01 INFO [BloodCastle - 2] Clearing Monsters.
2023-03-30_19:06:01 INFO [BloodCastle - 2] BloodCastle::SetState_None
2023-03-30_19:06:01 INFO [BloodCastle - 3] Moving Players Out
2023-03-30_19:06:01 INFO [BloodCastle - 3] Clearing Monsters.
2023-03-30_19:06:01 INFO [BloodCastle - 3] BloodCastle::SetState_None
2023-03-30_19:06:01 INFO [BloodCastle - 4] Moving Players Out
2023-03-30_19:06:01 INFO [BloodCastle - 4] Clearing Monsters.
2023-03-30_19:06:01 INFO [BloodCastle - 4] BloodCastle::SetState_None
2023-03-30_19:06:01 INFO [BloodCastle - 5] Moving Players Out
2023-03-30_19:06:01 INFO [BloodCastle - 5] Clearing Monsters.
2023-03-30_19:06:01 INFO [BloodCastle - 5] BloodCastle::SetState_None
2023-03-30_19:06:02 INFO [BloodCastle - 6] Moving Players Out
2023-03-30_19:06:02 INFO [BloodCastle - 6] Clearing Monsters.
2023-03-30_19:06:02 INFO [BloodCastle - 6] BloodCastle::SetState_None
2023-03-30_19:06:02 INFO [BloodCastle - 7] Moving Players Out
2023-03-30_19:06:02 INFO [BloodCastle - 7] Clearing Monsters.
2023-03-30_19:06:02 INFO [BloodCastle - 7] BloodCastle::SetState_None
2023-03-30_19:06:02 INFO [BloodCastleMgr] SetState_None()
2023-03-30_20:00:02 INFO [BloodCastle - 1] Added Monster [20198][232].
2023-03-30_20:00:03 INFO [BloodCastle - 1] BloodCastle::SetState_Open
2023-03-30_20:00:03 INFO [BloodCastle - 2] Added Monster [20199][232].
2023-03-30_20:00:03 INFO [BloodCastle - 2] BloodCastle::SetState_Open
2023-03-30_20:00:03 INFO [BloodCastle - 3] Added Monster [20200][232].
2023-03-30_20:00:03 INFO [BloodCastle - 3] BloodCastle::SetState_Open
2023-03-30_20:00:03 INFO [BloodCastle - 4] Added Monster [20201][232].
2023-03-30_20:00:03 INFO [BloodCastle - 4] BloodCastle::SetState_Open
2023-03-30_20:00:03 INFO [BloodCastle - 5] Added Monster [20202][232].
2023-03-30_20:00:03 INFO [BloodCastle - 5] BloodCastle::SetState_Open
2023-03-30_20:00:03 INFO [BloodCastle - 6] Added Monster [20203][232].
2023-03-30_20:00:03 INFO [BloodCastle - 6] BloodCastle::SetState_Open
2023-03-30_20:00:03 INFO [BloodCastle - 7] Added Monster [20204][232].
2023-03-30_20:00:03 INFO [BloodCastle - 7] BloodCastle::SetState_Open
2023-03-30_20:00:03 INFO [BloodCastleMgr] SetState_Open()
2023-03-30_20:05:03 INFO [BloodCastle - 1] BloodCastle::SetState_StandBy
2023-03-30_20:05:03 INFO [BloodCastle - 2] BloodCastle::SetState_StandBy
2023-03-30_20:05:03 INFO [BloodCastle - 3] BloodCastle::SetState_StandBy
2023-03-30_20:05:03 INFO [BloodCastle - 4] BloodCastle::SetState_StandBy
2023-03-30_20:05:03 INFO [BloodCastle - 5] BloodCastle::SetState_StandBy
2023-03-30_20:05:03 INFO [BloodCastle - 6] BloodCastle::SetState_StandBy
2023-03-30_20:05:03 INFO [BloodCastle - 7] BloodCastle::SetState_StandBy
2023-03-30_20:05:03 INFO [BloodCastleMgr] SetState_Playing()
2023-03-30_20:06:03 INFO [BloodCastle - 1] Moving Players Out
2023-03-30_20:06:03 INFO [BloodCastle - 1] Clearing Monsters.
2023-03-30_20:06:03 INFO [BloodCastle - 1] BloodCastle::SetState_None
2023-03-30_20:06:03 INFO [BloodCastle - 2] Moving Players Out
2023-03-30_20:06:03 INFO [BloodCastle - 2] Clearing Monsters.
2023-03-30_20:06:03 INFO [BloodCastle - 2] BloodCastle::SetState_None
2023-03-30_20:06:03 INFO [BloodCastle - 3] Moving Players Out
2023-03-30_20:06:04 INFO [BloodCastle - 3] Clearing Monsters.
2023-03-30_20:06:04 INFO [BloodCastle - 3] BloodCastle::SetState_None
2023-03-30_20:06:04 INFO [BloodCastle - 4] Moving Players Out
2023-03-30_20:06:04 INFO [BloodCastle - 4] Clearing Monsters.
2023-03-30_20:06:04 INFO [BloodCastle - 4] BloodCastle::SetState_None
2023-03-30_20:06:04 INFO [BloodCastle - 5] Moving Players Out
2023-03-30_20:06:04 INFO [BloodCastle - 5] Clearing Monsters.
2023-03-30_20:06:04 INFO [BloodCastle - 5] BloodCastle::SetState_None
2023-03-30_20:06:04 INFO [BloodCastle - 6] Moving Players Out
2023-03-30_20:06:04 INFO [BloodCastle - 6] Clearing Monsters.
2023-03-30_20:06:04 INFO [BloodCastle - 6] BloodCastle::SetState_None
2023-03-30_20:06:04 INFO [BloodCastle - 7] Moving Players Out
2023-03-30_20:06:04 INFO [BloodCastle - 7] Clearing Monsters.
2023-03-30_20:06:04 INFO [BloodCastle - 7] BloodCastle::SetState_None
2023-03-30_20:06:04 INFO [BloodCastleMgr] SetState_None()
2023-03-30_21:00:00 INFO [BloodCastle - 1] Added Monster [20244][232].
2023-03-30_21:00:00 INFO [BloodCastle - 1] BloodCastle::SetState_Open
2023-03-30_21:00:00 INFO [BloodCastle - 2] Added Monster [20245][232].
2023-03-30_21:00:00 INFO [BloodCastle - 2] BloodCastle::SetState_Open
2023-03-30_21:00:00 INFO [BloodCastle - 3] Added Monster [20246][232].
2023-03-30_21:00:00 INFO [BloodCastle - 3] BloodCastle::SetState_Open
2023-03-30_21:00:00 INFO [BloodCastle - 4] Added Monster [20247][232].
2023-03-30_21:00:00 INFO [BloodCastle - 4] BloodCastle::SetState_Open
2023-03-30_21:00:00 INFO [BloodCastle - 5] Added Monster [20248][232].
2023-03-30_21:00:00 INFO [BloodCastle - 5] BloodCastle::SetState_Open
2023-03-30_21:00:00 INFO [BloodCastle - 6] Added Monster [20249][232].
2023-03-30_21:00:01 INFO [BloodCastle - 6] BloodCastle::SetState_Open
2023-03-30_21:00:01 INFO [BloodCastle - 7] Added Monster [20250][232].
2023-03-30_21:00:01 INFO [BloodCastle - 7] BloodCastle::SetState_Open
2023-03-30_21:00:01 INFO [BloodCastleMgr] SetState_Open()
2023-03-30_21:05:01 INFO [BloodCastle - 1] BloodCastle::SetState_StandBy
2023-03-30_21:05:01 INFO [BloodCastle - 2] BloodCastle::SetState_StandBy
2023-03-30_21:05:01 INFO [BloodCastle - 3] BloodCastle::SetState_StandBy
2023-03-30_21:05:01 INFO [BloodCastle - 4] BloodCastle::SetState_StandBy
2023-03-30_21:05:01 INFO [BloodCastle - 5] BloodCastle::SetState_StandBy
2023-03-30_21:05:01 INFO [BloodCastle - 6] BloodCastle::SetState_StandBy
2023-03-30_21:05:02 INFO [BloodCastle - 7] BloodCastle::SetState_StandBy
2023-03-30_21:05:02 INFO [BloodCastleMgr] SetState_Playing()
2023-03-30_21:06:01 INFO [BloodCastle - 1] Moving Players Out
2023-03-30_21:06:01 INFO [BloodCastle - 1] Clearing Monsters.
2023-03-30_21:06:01 INFO [BloodCastle - 1] BloodCastle::SetState_None
2023-03-30_21:06:01 INFO [BloodCastle - 2] Moving Players Out
2023-03-30_21:06:01 INFO [BloodCastle - 2] Clearing Monsters.
2023-03-30_21:06:01 INFO [BloodCastle - 2] BloodCastle::SetState_None
2023-03-30_21:06:02 INFO [BloodCastle - 3] Moving Players Out
2023-03-30_21:06:02 INFO [BloodCastle - 3] Clearing Monsters.
2023-03-30_21:06:02 INFO [BloodCastle - 3] BloodCastle::SetState_None
2023-03-30_21:06:02 INFO [BloodCastle - 4] Moving Players Out
2023-03-30_21:06:02 INFO [BloodCastle - 4] Clearing Monsters.
2023-03-30_21:06:02 INFO [BloodCastle - 4] BloodCastle::SetState_None
2023-03-30_21:06:02 INFO [BloodCastle - 5] Moving Players Out
2023-03-30_21:06:02 INFO [BloodCastle - 5] Clearing Monsters.
2023-03-30_21:06:02 INFO [BloodCastle - 5] BloodCastle::SetState_None
2023-03-30_21:06:02 INFO [BloodCastle - 6] Moving Players Out
2023-03-30_21:06:02 INFO [BloodCastle - 6] Clearing Monsters.
2023-03-30_21:06:02 INFO [BloodCastle - 6] BloodCastle::SetState_None
2023-03-30_21:06:02 INFO [BloodCastle - 7] Moving Players Out
2023-03-30_21:06:02 INFO [BloodCastle - 7] Clearing Monsters.
2023-03-30_21:06:02 INFO [BloodCastle - 7] BloodCastle::SetState_None
2023-03-30_21:06:03 INFO [BloodCastleMgr] SetState_None()
2023-03-30_22:00:00 INFO [BloodCastle - 1] Added Monster [20286][232].
2023-03-30_22:00:00 INFO [BloodCastle - 1] BloodCastle::SetState_Open
2023-03-30_22:00:00 INFO [BloodCastle - 2] Added Monster [20287][232].
2023-03-30_22:00:00 INFO [BloodCastle - 2] BloodCastle::SetState_Open
2023-03-30_22:00:00 INFO [BloodCastle - 3] Added Monster [20288][232].
2023-03-30_22:00:00 INFO [BloodCastle - 3] BloodCastle::SetState_Open
2023-03-30_22:00:00 INFO [BloodCastle - 4] Added Monster [20289][232].
2023-03-30_22:00:00 INFO [BloodCastle - 4] BloodCastle::SetState_Open
2023-03-30_22:00:01 INFO [BloodCastle - 5] Added Monster [20290][232].
2023-03-30_22:00:01 INFO [BloodCastle - 5] BloodCastle::SetState_Open
2023-03-30_22:00:01 INFO [BloodCastle - 6] Added Monster [20291][232].
2023-03-30_22:00:01 INFO [BloodCastle - 6] BloodCastle::SetState_Open
2023-03-30_22:00:01 INFO [BloodCastle - 7] Added Monster [20292][232].
2023-03-30_22:00:01 INFO [BloodCastle - 7] BloodCastle::SetState_Open
2023-03-30_22:00:01 INFO [BloodCastleMgr] SetState_Open()
2023-03-30_22:05:01 INFO [BloodCastle - 1] BloodCastle::SetState_StandBy
2023-03-30_22:05:01 INFO [BloodCastle - 2] BloodCastle::SetState_StandBy
2023-03-30_22:05:01 INFO [BloodCastle - 3] BloodCastle::SetState_StandBy
2023-03-30_22:05:01 INFO [BloodCastle - 4] BloodCastle::SetState_StandBy
2023-03-30_22:05:01 INFO [BloodCastle - 5] BloodCastle::SetState_StandBy
2023-03-30_22:05:01 INFO [BloodCastle - 6] BloodCastle::SetState_StandBy
2023-03-30_22:05:01 INFO [BloodCastle - 7] BloodCastle::SetState_StandBy
2023-03-30_22:05:02 INFO [BloodCastleMgr] SetState_Playing()
2023-03-30_22:06:01 INFO [BloodCastle - 1] Moving Players Out
2023-03-30_22:06:01 INFO [BloodCastle - 1] Clearing Monsters.
2023-03-30_22:06:01 INFO [BloodCastle - 1] BloodCastle::SetState_None
2023-03-30_22:06:01 INFO [BloodCastle - 2] Moving Players Out
2023-03-30_22:06:01 INFO [BloodCastle - 2] Clearing Monsters.
2023-03-30_22:06:02 INFO [BloodCastle - 2] BloodCastle::SetState_None
2023-03-30_22:06:02 INFO [BloodCastle - 3] Moving Players Out
2023-03-30_22:06:02 INFO [BloodCastle - 3] Clearing Monsters.
2023-03-30_22:06:02 INFO [BloodCastle - 3] BloodCastle::SetState_None
2023-03-30_22:06:02 INFO [BloodCastle - 4] Moving Players Out
2023-03-30_22:06:02 INFO [BloodCastle - 4] Clearing Monsters.
2023-03-30_22:06:02 INFO [BloodCastle - 4] BloodCastle::SetState_None
2023-03-30_22:06:02 INFO [BloodCastle - 5] Moving Players Out
2023-03-30_22:06:02 INFO [BloodCastle - 5] Clearing Monsters.
2023-03-30_22:06:02 INFO [BloodCastle - 5] BloodCastle::SetState_None
2023-03-30_22:06:02 INFO [BloodCastle - 6] Moving Players Out
2023-03-30_22:06:03 INFO [BloodCastle - 6] Clearing Monsters.
2023-03-30_22:06:03 INFO [BloodCastle - 6] BloodCastle::SetState_None
2023-03-30_22:06:03 INFO [BloodCastle - 7] Moving Players Out
2023-03-30_22:06:03 INFO [BloodCastle - 7] Clearing Monsters.
2023-03-30_22:06:03 INFO [BloodCastle - 7] BloodCastle::SetState_None
2023-03-30_22:06:03 INFO [BloodCastleMgr] SetState_None()
2023-03-30_23:00:01 INFO [BloodCastle - 1] Added Monster [20329][232].
2023-03-30_23:00:01 INFO [BloodCastle - 1] BloodCastle::SetState_Open
2023-03-30_23:00:01 INFO [BloodCastle - 2] Added Monster [20330][232].
2023-03-30_23:00:01 INFO [BloodCastle - 2] BloodCastle::SetState_Open
2023-03-30_23:00:01 INFO [BloodCastle - 3] Added Monster [20331][232].
2023-03-30_23:00:01 INFO [BloodCastle - 3] BloodCastle::SetState_Open
2023-03-30_23:00:01 INFO [BloodCastle - 4] Added Monster [20332][232].
2023-03-30_23:00:01 INFO [BloodCastle - 4] BloodCastle::SetState_Open
2023-03-30_23:00:01 INFO [BloodCastle - 5] Added Monster [20333][232].
2023-03-30_23:00:01 INFO [BloodCastle - 5] BloodCastle::SetState_Open
2023-03-30_23:00:01 INFO [BloodCastle - 6] Added Monster [20334][232].
2023-03-30_23:00:01 INFO [BloodCastle - 6] BloodCastle::SetState_Open
2023-03-30_23:00:01 INFO [BloodCastle - 7] Added Monster [20335][232].
2023-03-30_23:00:02 INFO [BloodCastle - 7] BloodCastle::SetState_Open
2023-03-30_23:00:02 INFO [BloodCastleMgr] SetState_Open()
2023-03-30_23:05:02 INFO [BloodCastle - 1] BloodCastle::SetState_StandBy
2023-03-30_23:05:02 INFO [BloodCastle - 2] BloodCastle::SetState_StandBy
2023-03-30_23:05:02 INFO [BloodCastle - 3] BloodCastle::SetState_StandBy
2023-03-30_23:05:02 INFO [BloodCastle - 4] BloodCastle::SetState_StandBy
2023-03-30_23:05:02 INFO [BloodCastle - 5] BloodCastle::SetState_StandBy
2023-03-30_23:05:02 INFO [BloodCastle - 6] BloodCastle::SetState_StandBy
2023-03-30_23:05:02 INFO [BloodCastle - 7] BloodCastle::SetState_StandBy
2023-03-30_23:05:02 INFO [BloodCastleMgr] SetState_Playing()
2023-03-30_23:06:02 INFO [BloodCastle - 1] Moving Players Out
2023-03-30_23:06:02 INFO [BloodCastle - 1] Clearing Monsters.
2023-03-30_23:06:02 INFO [BloodCastle - 1] BloodCastle::SetState_None
2023-03-30_23:06:02 INFO [BloodCastle - 2] Moving Players Out
2023-03-30_23:06:02 INFO [BloodCastle - 2] Clearing Monsters.
2023-03-30_23:06:02 INFO [BloodCastle - 2] BloodCastle::SetState_None
2023-03-30_23:06:02 INFO [BloodCastle - 3] Moving Players Out
2023-03-30_23:06:02 INFO [BloodCastle - 3] Clearing Monsters.
2023-03-30_23:06:02 INFO [BloodCastle - 3] BloodCastle::SetState_None
2023-03-30_23:06:02 INFO [BloodCastle - 4] Moving Players Out
2023-03-30_23:06:02 INFO [BloodCastle - 4] Clearing Monsters.
2023-03-30_23:06:02 INFO [BloodCastle - 4] BloodCastle::SetState_None
2023-03-30_23:06:02 INFO [BloodCastle - 5] Moving Players Out
2023-03-30_23:06:03 INFO [BloodCastle - 5] Clearing Monsters.
2023-03-30_23:06:03 INFO [BloodCastle - 5] BloodCastle::SetState_None
2023-03-30_23:06:03 INFO [BloodCastle - 6] Moving Players Out
2023-03-30_23:06:03 INFO [BloodCastle - 6] Clearing Monsters.
2023-03-30_23:06:03 INFO [BloodCastle - 6] BloodCastle::SetState_None
2023-03-30_23:06:03 INFO [BloodCastle - 7] Moving Players Out
2023-03-30_23:06:03 INFO [BloodCastle - 7] Clearing Monsters.
2023-03-30_23:06:03 INFO [BloodCastle - 7] BloodCastle::SetState_None
2023-03-30_23:06:04 INFO [BloodCastleMgr] SetState_None()
