2023-03-26_19:44:33 INFO [BloodCastle - 1] Moving Players Out
2023-03-26_19:44:33 INFO [BloodCastle - 1] Clearing Monsters.
2023-03-26_19:44:33 INFO [BloodCastle - 1] BloodCastle::SetState_None
2023-03-26_19:44:33 INFO [BloodCastle - 2] Moving Players Out
2023-03-26_19:44:33 INFO [BloodCastle - 2] Clearing Monsters.
2023-03-26_19:44:33 INFO [BloodCastle - 2] BloodCastle::SetState_None
2023-03-26_19:44:33 INFO [BloodCastle - 3] Moving Players Out
2023-03-26_19:44:33 INFO [BloodCastle - 3] Clearing Monsters.
2023-03-26_19:44:34 INFO [BloodCastle - 3] BloodCastle::SetState_None
2023-03-26_19:44:34 INFO [BloodCastle - 4] Moving Players Out
2023-03-26_19:44:34 INFO [BloodCastle - 4] Clearing Monsters.
2023-03-26_19:44:34 INFO [BloodCastle - 4] BloodCastle::SetState_None
2023-03-26_19:44:34 INFO [BloodCastle - 5] Moving Players Out
2023-03-26_19:44:34 INFO [BloodCastle - 5] Clearing Monsters.
2023-03-26_19:44:34 INFO [BloodCastle - 5] BloodCastle::SetState_None
2023-03-26_19:44:34 INFO [BloodCastle - 6] Moving Players Out
2023-03-26_19:44:34 INFO [BloodCastle - 6] Clearing Monsters.
2023-03-26_19:44:34 INFO [BloodCastle - 6] BloodCastle::SetState_None
2023-03-26_19:44:34 INFO [BloodCastle - 7] Moving Players Out
2023-03-26_19:44:34 INFO [BloodCastle - 7] Clearing Monsters.
2023-03-26_19:44:34 INFO [BloodCastle - 7] BloodCastle::SetState_None
2023-03-26_19:44:34 INFO [BloodCastleMgr] SetState_None()
2023-03-26_20:00:00 INFO [BloodCastle - 1] Added Monster [20049][232].
2023-03-26_20:00:00 INFO [BloodCastle - 1] BloodCastle::SetState_Open
2023-03-26_20:00:00 INFO [BloodCastle - 2] Added Monster [20050][232].
2023-03-26_20:00:00 INFO [BloodCastle - 2] BloodCastle::SetState_Open
2023-03-26_20:00:00 INFO [BloodCastle - 3] Added Monster [20051][232].
2023-03-26_20:00:00 INFO [BloodCastle - 3] BloodCastle::SetState_Open
2023-03-26_20:00:00 INFO [BloodCastle - 4] Added Monster [20052][232].
2023-03-26_20:00:01 INFO [BloodCastle - 4] BloodCastle::SetState_Open
2023-03-26_20:00:01 INFO [BloodCastle - 5] Added Monster [20053][232].
2023-03-26_20:00:01 INFO [BloodCastle - 5] BloodCastle::SetState_Open
2023-03-26_20:00:01 INFO [BloodCastle - 6] Added Monster [20054][232].
2023-03-26_20:00:01 INFO [BloodCastle - 6] BloodCastle::SetState_Open
2023-03-26_20:00:01 INFO [BloodCastle - 7] Added Monster [20055][232].
2023-03-26_20:00:01 INFO [BloodCastle - 7] BloodCastle::SetState_Open
2023-03-26_20:00:01 INFO [BloodCastleMgr] SetState_Open()
2023-03-26_20:05:01 INFO [BloodCastle - 1] BloodCastle::SetState_StandBy
2023-03-26_20:05:01 INFO [BloodCastle - 2] BloodCastle::SetState_StandBy
2023-03-26_20:05:01 INFO [BloodCastle - 3] BloodCastle::SetState_StandBy
2023-03-26_20:05:01 INFO [BloodCastle - 4] BloodCastle::SetState_StandBy
2023-03-26_20:05:01 INFO [BloodCastle - 5] BloodCastle::SetState_StandBy
2023-03-26_20:05:01 INFO [BloodCastle - 6] BloodCastle::SetState_StandBy
2023-03-26_20:05:01 INFO [BloodCastle - 7] BloodCastle::SetState_StandBy
2023-03-26_20:05:01 INFO [BloodCastleMgr] SetState_Playing()
2023-03-26_20:06:01 INFO [BloodCastle - 1] Moving Players Out
2023-03-26_20:06:01 INFO [BloodCastle - 1] Clearing Monsters.
2023-03-26_20:06:01 INFO [BloodCastle - 1] BloodCastle::SetState_None
2023-03-26_20:06:01 INFO [BloodCastle - 2] Moving Players Out
2023-03-26_20:06:01 INFO [BloodCastle - 2] Clearing Monsters.
2023-03-26_20:06:01 INFO [BloodCastle - 2] BloodCastle::SetState_None
2023-03-26_20:06:01 INFO [BloodCastle - 3] Moving Players Out
2023-03-26_20:06:01 INFO [BloodCastle - 3] Clearing Monsters.
2023-03-26_20:06:01 INFO [BloodCastle - 3] BloodCastle::SetState_None
2023-03-26_20:06:01 INFO [BloodCastle - 4] Moving Players Out
2023-03-26_20:06:01 INFO [BloodCastle - 4] Clearing Monsters.
2023-03-26_20:06:01 INFO [BloodCastle - 4] BloodCastle::SetState_None
2023-03-26_20:06:01 INFO [BloodCastle - 5] Moving Players Out
2023-03-26_20:06:01 INFO [BloodCastle - 5] Clearing Monsters.
2023-03-26_20:06:01 INFO [BloodCastle - 5] BloodCastle::SetState_None
2023-03-26_20:06:01 INFO [BloodCastle - 6] Moving Players Out
2023-03-26_20:06:01 INFO [BloodCastle - 6] Clearing Monsters.
2023-03-26_20:06:01 INFO [BloodCastle - 6] BloodCastle::SetState_None
2023-03-26_20:06:01 INFO [BloodCastle - 7] Moving Players Out
2023-03-26_20:06:01 INFO [BloodCastle - 7] Clearing Monsters.
2023-03-26_20:06:01 INFO [BloodCastle - 7] BloodCastle::SetState_None
2023-03-26_20:06:02 INFO [BloodCastleMgr] SetState_None()
2023-03-26_21:00:00 INFO [BloodCastle - 1] Added Monster [20095][232].
2023-03-26_21:00:00 INFO [BloodCastle - 1] BloodCastle::SetState_Open
2023-03-26_21:00:00 INFO [BloodCastle - 2] Added Monster [20096][232].
2023-03-26_21:00:00 INFO [BloodCastle - 2] BloodCastle::SetState_Open
2023-03-26_21:00:00 INFO [BloodCastle - 3] Added Monster [20097][232].
2023-03-26_21:00:00 INFO [BloodCastle - 3] BloodCastle::SetState_Open
2023-03-26_21:00:00 INFO [BloodCastle - 4] Added Monster [20098][232].
2023-03-26_21:00:00 INFO [BloodCastle - 4] BloodCastle::SetState_Open
2023-03-26_21:00:00 INFO [BloodCastle - 5] Added Monster [20099][232].
2023-03-26_21:00:00 INFO [BloodCastle - 5] BloodCastle::SetState_Open
2023-03-26_21:00:00 INFO [BloodCastle - 6] Added Monster [20100][232].
2023-03-26_21:00:01 INFO [BloodCastle - 6] BloodCastle::SetState_Open
2023-03-26_21:00:01 INFO [BloodCastle - 7] Added Monster [20101][232].
2023-03-26_21:00:01 INFO [BloodCastle - 7] BloodCastle::SetState_Open
2023-03-26_21:00:01 INFO [BloodCastleMgr] SetState_Open()
2023-03-26_21:05:01 INFO [BloodCastle - 1] BloodCastle::SetState_StandBy
2023-03-26_21:05:01 INFO [BloodCastle - 2] BloodCastle::SetState_StandBy
2023-03-26_21:05:01 INFO [BloodCastle - 3] BloodCastle::SetState_StandBy
2023-03-26_21:05:01 INFO [BloodCastle - 4] BloodCastle::SetState_StandBy
2023-03-26_21:05:01 INFO [BloodCastle - 5] BloodCastle::SetState_StandBy
2023-03-26_21:05:01 INFO [BloodCastle - 6] BloodCastle::SetState_StandBy
2023-03-26_21:05:01 INFO [BloodCastle - 7] BloodCastle::SetState_StandBy
2023-03-26_21:05:01 INFO [BloodCastleMgr] SetState_Playing()
2023-03-26_21:06:01 INFO [BloodCastle - 1] Moving Players Out
2023-03-26_21:06:01 INFO [BloodCastle - 1] Clearing Monsters.
2023-03-26_21:06:01 INFO [BloodCastle - 1] BloodCastle::SetState_None
2023-03-26_21:06:01 INFO [BloodCastle - 2] Moving Players Out
2023-03-26_21:06:01 INFO [BloodCastle - 2] Clearing Monsters.
2023-03-26_21:06:01 INFO [BloodCastle - 2] BloodCastle::SetState_None
2023-03-26_21:06:01 INFO [BloodCastle - 3] Moving Players Out
2023-03-26_21:06:01 INFO [BloodCastle - 3] Clearing Monsters.
2023-03-26_21:06:01 INFO [BloodCastle - 3] BloodCastle::SetState_None
2023-03-26_21:06:01 INFO [BloodCastle - 4] Moving Players Out
2023-03-26_21:06:01 INFO [BloodCastle - 4] Clearing Monsters.
2023-03-26_21:06:01 INFO [BloodCastle - 4] BloodCastle::SetState_None
2023-03-26_21:06:01 INFO [BloodCastle - 5] Moving Players Out
2023-03-26_21:06:01 INFO [BloodCastle - 5] Clearing Monsters.
2023-03-26_21:06:01 INFO [BloodCastle - 5] BloodCastle::SetState_None
2023-03-26_21:06:01 INFO [BloodCastle - 6] Moving Players Out
2023-03-26_21:06:01 INFO [BloodCastle - 6] Clearing Monsters.
2023-03-26_21:06:01 INFO [BloodCastle - 6] BloodCastle::SetState_None
2023-03-26_21:06:01 INFO [BloodCastle - 7] Moving Players Out
2023-03-26_21:06:01 INFO [BloodCastle - 7] Clearing Monsters.
2023-03-26_21:06:01 INFO [BloodCastle - 7] BloodCastle::SetState_None
2023-03-26_21:06:02 INFO [BloodCastleMgr] SetState_None()
2023-03-26_22:00:00 INFO [BloodCastle - 1] Added Monster [20137][232].
2023-03-26_22:00:00 INFO [BloodCastle - 1] BloodCastle::SetState_Open
2023-03-26_22:00:00 INFO [BloodCastle - 2] Added Monster [20138][232].
2023-03-26_22:00:00 INFO [BloodCastle - 2] BloodCastle::SetState_Open
2023-03-26_22:00:00 INFO [BloodCastle - 3] Added Monster [20139][232].
2023-03-26_22:00:00 INFO [BloodCastle - 3] BloodCastle::SetState_Open
2023-03-26_22:00:00 INFO [BloodCastle - 4] Added Monster [20140][232].
2023-03-26_22:00:00 INFO [BloodCastle - 4] BloodCastle::SetState_Open
2023-03-26_22:00:00 INFO [BloodCastle - 5] Added Monster [20141][232].
2023-03-26_22:00:00 INFO [BloodCastle - 5] BloodCastle::SetState_Open
2023-03-26_22:00:00 INFO [BloodCastle - 6] Added Monster [20142][232].
2023-03-26_22:00:00 INFO [BloodCastle - 6] BloodCastle::SetState_Open
2023-03-26_22:00:00 INFO [BloodCastle - 7] Added Monster [20143][232].
2023-03-26_22:00:00 INFO [BloodCastle - 7] BloodCastle::SetState_Open
2023-03-26_22:00:00 INFO [BloodCastleMgr] SetState_Open()
2023-03-26_22:05:00 INFO [BloodCastle - 1] BloodCastle::SetState_StandBy
2023-03-26_22:05:00 INFO [BloodCastle - 2] BloodCastle::SetState_StandBy
2023-03-26_22:05:00 INFO [BloodCastle - 3] BloodCastle::SetState_StandBy
2023-03-26_22:05:00 INFO [BloodCastle - 4] BloodCastle::SetState_StandBy
2023-03-26_22:05:00 INFO [BloodCastle - 5] BloodCastle::SetState_StandBy
2023-03-26_22:05:00 INFO [BloodCastle - 6] BloodCastle::SetState_StandBy
2023-03-26_22:05:00 INFO [BloodCastle - 7] BloodCastle::SetState_StandBy
2023-03-26_22:05:01 INFO [BloodCastleMgr] SetState_Playing()
2023-03-26_22:06:00 INFO [BloodCastle - 1] Moving Players Out
2023-03-26_22:06:00 INFO [BloodCastle - 1] Clearing Monsters.
2023-03-26_22:06:00 INFO [BloodCastle - 1] BloodCastle::SetState_None
2023-03-26_22:06:00 INFO [BloodCastle - 2] Moving Players Out
2023-03-26_22:06:01 INFO [BloodCastle - 2] Clearing Monsters.
2023-03-26_22:06:01 INFO [BloodCastle - 2] BloodCastle::SetState_None
2023-03-26_22:06:01 INFO [BloodCastle - 3] Moving Players Out
2023-03-26_22:06:01 INFO [BloodCastle - 3] Clearing Monsters.
2023-03-26_22:06:01 INFO [BloodCastle - 3] BloodCastle::SetState_None
2023-03-26_22:06:01 INFO [BloodCastle - 4] Moving Players Out
2023-03-26_22:06:01 INFO [BloodCastle - 4] Clearing Monsters.
2023-03-26_22:06:01 INFO [BloodCastle - 4] BloodCastle::SetState_None
2023-03-26_22:06:01 INFO [BloodCastle - 5] Moving Players Out
2023-03-26_22:06:01 INFO [BloodCastle - 5] Clearing Monsters.
2023-03-26_22:06:01 INFO [BloodCastle - 5] BloodCastle::SetState_None
2023-03-26_22:06:01 INFO [BloodCastle - 6] Moving Players Out
2023-03-26_22:06:01 INFO [BloodCastle - 6] Clearing Monsters.
2023-03-26_22:06:01 INFO [BloodCastle - 6] BloodCastle::SetState_None
2023-03-26_22:06:01 INFO [BloodCastle - 7] Moving Players Out
2023-03-26_22:06:01 INFO [BloodCastle - 7] Clearing Monsters.
2023-03-26_22:06:01 INFO [BloodCastle - 7] BloodCastle::SetState_None
2023-03-26_22:06:01 INFO [BloodCastleMgr] SetState_None()
2023-03-26_23:00:01 INFO [BloodCastle - 1] Added Monster [20180][232].
2023-03-26_23:00:01 INFO [BloodCastle - 1] BloodCastle::SetState_Open
2023-03-26_23:00:01 INFO [BloodCastle - 2] Added Monster [20181][232].
2023-03-26_23:00:01 INFO [BloodCastle - 2] BloodCastle::SetState_Open
2023-03-26_23:00:01 INFO [BloodCastle - 3] Added Monster [20182][232].
2023-03-26_23:00:01 INFO [BloodCastle - 3] BloodCastle::SetState_Open
2023-03-26_23:00:01 INFO [BloodCastle - 4] Added Monster [20183][232].
2023-03-26_23:00:01 INFO [BloodCastle - 4] BloodCastle::SetState_Open
2023-03-26_23:00:01 INFO [BloodCastle - 5] Added Monster [20184][232].
2023-03-26_23:00:01 INFO [BloodCastle - 5] BloodCastle::SetState_Open
2023-03-26_23:00:01 INFO [BloodCastle - 6] Added Monster [20185][232].
2023-03-26_23:00:01 INFO [BloodCastle - 6] BloodCastle::SetState_Open
2023-03-26_23:00:01 INFO [BloodCastle - 7] Added Monster [20186][232].
2023-03-26_23:00:01 INFO [BloodCastle - 7] BloodCastle::SetState_Open
2023-03-26_23:00:01 INFO [BloodCastleMgr] SetState_Open()
2023-03-26_23:05:01 INFO [BloodCastle - 1] BloodCastle::SetState_StandBy
2023-03-26_23:05:01 INFO [BloodCastle - 2] BloodCastle::SetState_StandBy
2023-03-26_23:05:01 INFO [BloodCastle - 3] BloodCastle::SetState_StandBy
2023-03-26_23:05:01 INFO [BloodCastle - 4] BloodCastle::SetState_StandBy
2023-03-26_23:05:01 INFO [BloodCastle - 5] BloodCastle::SetState_StandBy
2023-03-26_23:05:01 INFO [BloodCastle - 6] BloodCastle::SetState_StandBy
2023-03-26_23:05:01 INFO [BloodCastle - 7] BloodCastle::SetState_StandBy
2023-03-26_23:05:01 INFO [BloodCastleMgr] SetState_Playing()
2023-03-26_23:06:01 INFO [BloodCastle - 1] Moving Players Out
2023-03-26_23:06:01 INFO [BloodCastle - 1] Clearing Monsters.
2023-03-26_23:06:01 INFO [BloodCastle - 1] BloodCastle::SetState_None
2023-03-26_23:06:01 INFO [BloodCastle - 2] Moving Players Out
2023-03-26_23:06:01 INFO [BloodCastle - 2] Clearing Monsters.
2023-03-26_23:06:01 INFO [BloodCastle - 2] BloodCastle::SetState_None
2023-03-26_23:06:01 INFO [BloodCastle - 3] Moving Players Out
2023-03-26_23:06:01 INFO [BloodCastle - 3] Clearing Monsters.
2023-03-26_23:06:01 INFO [BloodCastle - 3] BloodCastle::SetState_None
2023-03-26_23:06:01 INFO [BloodCastle - 4] Moving Players Out
2023-03-26_23:06:01 INFO [BloodCastle - 4] Clearing Monsters.
2023-03-26_23:06:01 INFO [BloodCastle - 4] BloodCastle::SetState_None
2023-03-26_23:06:01 INFO [BloodCastle - 5] Moving Players Out
2023-03-26_23:06:01 INFO [BloodCastle - 5] Clearing Monsters.
2023-03-26_23:06:01 INFO [BloodCastle - 5] BloodCastle::SetState_None
2023-03-26_23:06:02 INFO [BloodCastle - 6] Moving Players Out
2023-03-26_23:06:02 INFO [BloodCastle - 6] Clearing Monsters.
2023-03-26_23:06:02 INFO [BloodCastle - 6] BloodCastle::SetState_None
2023-03-26_23:06:02 INFO [BloodCastle - 7] Moving Players Out
2023-03-26_23:06:02 INFO [BloodCastle - 7] Clearing Monsters.
2023-03-26_23:06:02 INFO [BloodCastle - 7] BloodCastle::SetState_None
2023-03-26_23:06:02 INFO [BloodCastleMgr] SetState_None()
