2023-03-25_17:14:53 INFO [BloodCastle - 1] Moving Players Out
2023-03-25_17:14:53 INFO [BloodCastle - 1] Clearing Monsters.
2023-03-25_17:14:53 INFO [BloodCastle - 1] BloodCastle::SetState_None
2023-03-25_17:14:53 INFO [BloodCastle - 2] Moving Players Out
2023-03-25_17:14:53 INFO [BloodCastle - 2] Clearing Monsters.
2023-03-25_17:14:53 INFO [BloodCastle - 2] BloodCastle::SetState_None
2023-03-25_17:14:53 INFO [BloodCastle - 3] Moving Players Out
2023-03-25_17:14:53 INFO [BloodCastle - 3] Clearing Monsters.
2023-03-25_17:14:53 INFO [BloodCastle - 3] BloodCastle::SetState_None
2023-03-25_17:14:53 INFO [BloodCastle - 4] Moving Players Out
2023-03-25_17:14:53 INFO [BloodCastle - 4] Clearing Monsters.
2023-03-25_17:14:53 INFO [BloodCastle - 4] BloodCastle::SetState_None
2023-03-25_17:14:53 INFO [BloodCastle - 5] Moving Players Out
2023-03-25_17:14:53 INFO [BloodCastle - 5] Clearing Monsters.
2023-03-25_17:14:53 INFO [BloodCastle - 5] BloodCastle::SetState_None
2023-03-25_17:14:53 INFO [BloodCastle - 6] Moving Players Out
2023-03-25_17:14:53 INFO [BloodCastle - 6] Clearing Monsters.
2023-03-25_17:14:53 INFO [BloodCastle - 6] BloodCastle::SetState_None
2023-03-25_17:14:53 INFO [BloodCastle - 7] Moving Players Out
2023-03-25_17:14:53 INFO [BloodCastle - 7] Clearing Monsters.
2023-03-25_17:14:53 INFO [BloodCastle - 7] BloodCastle::SetState_None
2023-03-25_17:14:53 INFO [BloodCastleMgr] SetState_None()
2023-03-25_18:00:00 INFO [BloodCastle - 1] Added Monster [20086][232].
2023-03-25_18:00:00 INFO [BloodCastle - 1] BloodCastle::SetState_Open
2023-03-25_18:00:00 INFO [BloodCastle - 2] Added Monster [20087][232].
2023-03-25_18:00:00 INFO [BloodCastle - 2] BloodCastle::SetState_Open
2023-03-25_18:00:00 INFO [BloodCastle - 3] Added Monster [20088][232].
2023-03-25_18:00:00 INFO [BloodCastle - 3] BloodCastle::SetState_Open
2023-03-25_18:00:00 INFO [BloodCastle - 4] Added Monster [20089][232].
2023-03-25_18:00:00 INFO [BloodCastle - 4] BloodCastle::SetState_Open
2023-03-25_18:00:00 INFO [BloodCastle - 5] Added Monster [20090][232].
2023-03-25_18:00:01 INFO [BloodCastle - 5] BloodCastle::SetState_Open
2023-03-25_18:00:01 INFO [BloodCastle - 6] Added Monster [20091][232].
2023-03-25_18:00:01 INFO [BloodCastle - 6] BloodCastle::SetState_Open
2023-03-25_18:00:01 INFO [BloodCastle - 7] Added Monster [20092][232].
2023-03-25_18:00:01 INFO [BloodCastle - 7] BloodCastle::SetState_Open
2023-03-25_18:00:01 INFO [BloodCastleMgr] SetState_Open()
2023-03-25_18:05:01 INFO [BloodCastle - 1] BloodCastle::SetState_StandBy
2023-03-25_18:05:01 INFO [BloodCastle - 2] BloodCastle::SetState_StandBy
2023-03-25_18:05:01 INFO [BloodCastle - 3] BloodCastle::SetState_StandBy
2023-03-25_18:05:01 INFO [BloodCastle - 4] BloodCastle::SetState_StandBy
2023-03-25_18:05:01 INFO [BloodCastle - 5] BloodCastle::SetState_StandBy
2023-03-25_18:05:01 INFO [BloodCastle - 6] BloodCastle::SetState_StandBy
2023-03-25_18:05:01 INFO [BloodCastle - 7] BloodCastle::SetState_StandBy
2023-03-25_18:05:01 INFO [BloodCastleMgr] SetState_Playing()
2023-03-25_18:06:01 INFO [BloodCastle - 1] Moving Players Out
2023-03-25_18:06:01 INFO [BloodCastle - 1] Clearing Monsters.
2023-03-25_18:06:01 INFO [BloodCastle - 1] BloodCastle::SetState_None
2023-03-25_18:06:01 INFO [BloodCastle - 2] Moving Players Out
2023-03-25_18:06:01 INFO [BloodCastle - 2] Clearing Monsters.
2023-03-25_18:06:01 INFO [BloodCastle - 2] BloodCastle::SetState_None
2023-03-25_18:06:01 INFO [BloodCastle - 3] Moving Players Out
2023-03-25_18:06:01 INFO [BloodCastle - 3] Clearing Monsters.
2023-03-25_18:06:01 INFO [BloodCastle - 3] BloodCastle::SetState_None
2023-03-25_18:06:01 INFO [BloodCastle - 4] Moving Players Out
2023-03-25_18:06:01 INFO [BloodCastle - 4] Clearing Monsters.
2023-03-25_18:06:01 INFO [BloodCastle - 4] BloodCastle::SetState_None
2023-03-25_18:06:01 INFO [BloodCastle - 5] Moving Players Out
2023-03-25_18:06:01 INFO [BloodCastle - 5] Clearing Monsters.
2023-03-25_18:06:01 INFO [BloodCastle - 5] BloodCastle::SetState_None
2023-03-25_18:06:01 INFO [BloodCastle - 6] Moving Players Out
2023-03-25_18:06:01 INFO [BloodCastle - 6] Clearing Monsters.
2023-03-25_18:06:01 INFO [BloodCastle - 6] BloodCastle::SetState_None
2023-03-25_18:06:01 INFO [BloodCastle - 7] Moving Players Out
2023-03-25_18:06:01 INFO [BloodCastle - 7] Clearing Monsters.
2023-03-25_18:06:01 INFO [BloodCastle - 7] BloodCastle::SetState_None
2023-03-25_18:06:01 INFO [BloodCastleMgr] SetState_None()
2023-03-25_18:51:08 INFO [BloodCastle - 1] Moving Players Out
2023-03-25_18:51:08 INFO [BloodCastle - 1] Clearing Monsters.
2023-03-25_18:51:08 INFO [BloodCastle - 1] BloodCastle::SetState_None
2023-03-25_18:51:08 INFO [BloodCastle - 2] Moving Players Out
2023-03-25_18:51:09 INFO [BloodCastle - 2] Clearing Monsters.
2023-03-25_18:51:09 INFO [BloodCastle - 2] BloodCastle::SetState_None
2023-03-25_18:51:09 INFO [BloodCastle - 3] Moving Players Out
2023-03-25_18:51:09 INFO [BloodCastle - 3] Clearing Monsters.
2023-03-25_18:51:09 INFO [BloodCastle - 3] BloodCastle::SetState_None
2023-03-25_18:51:09 INFO [BloodCastle - 4] Moving Players Out
2023-03-25_18:51:09 INFO [BloodCastle - 4] Clearing Monsters.
2023-03-25_18:51:09 INFO [BloodCastle - 4] BloodCastle::SetState_None
2023-03-25_18:51:09 INFO [BloodCastle - 5] Moving Players Out
2023-03-25_18:51:09 INFO [BloodCastle - 5] Clearing Monsters.
2023-03-25_18:51:09 INFO [BloodCastle - 5] BloodCastle::SetState_None
2023-03-25_18:51:09 INFO [BloodCastle - 6] Moving Players Out
2023-03-25_18:51:09 INFO [BloodCastle - 6] Clearing Monsters.
2023-03-25_18:51:09 INFO [BloodCastle - 6] BloodCastle::SetState_None
2023-03-25_18:51:09 INFO [BloodCastle - 7] Moving Players Out
2023-03-25_18:51:09 INFO [BloodCastle - 7] Clearing Monsters.
2023-03-25_18:51:09 INFO [BloodCastle - 7] BloodCastle::SetState_None
