2023-03-30_00:00:01 INFO [BloodCastle - 1] Added Monster [20631][232].
2023-03-30_00:00:01 INFO [BloodCastle - 1] BloodCastle::SetState_Open
2023-03-30_00:00:01 INFO [BloodCastle - 2] Added Monster [20632][232].
2023-03-30_00:00:01 INFO [BloodCastle - 2] BloodCastle::SetState_Open
2023-03-30_00:00:01 INFO [BloodCastle - 3] Added Monster [20633][232].
2023-03-30_00:00:01 INFO [BloodCastle - 3] BloodCastle::SetState_Open
2023-03-30_00:00:01 INFO [BloodCastle - 4] Added Monster [20634][232].
2023-03-30_00:00:01 INFO [BloodCastle - 4] BloodCastle::SetState_Open
2023-03-30_00:00:01 INFO [BloodCastle - 5] Added Monster [20635][232].
2023-03-30_00:00:01 INFO [BloodCastle - 5] BloodCastle::SetState_Open
2023-03-30_00:00:02 INFO [BloodCastle - 6] Added Monster [20636][232].
2023-03-30_00:00:02 INFO [BloodCastle - 6] BloodCastle::SetState_Open
2023-03-30_00:00:02 INFO [BloodCastle - 7] Added Monster [20637][232].
2023-03-30_00:00:02 INFO [BloodCastle - 7] BloodCastle::SetState_Open
2023-03-30_00:00:02 INFO [BloodCastleMgr] SetState_Open()
2023-03-30_00:05:02 INFO [BloodCastle - 1] BloodCastle::SetState_StandBy
2023-03-30_00:05:02 INFO [BloodCastle - 2] BloodCastle::SetState_StandBy
2023-03-30_00:05:02 INFO [BloodCastle - 3] BloodCastle::SetState_StandBy
2023-03-30_00:05:02 INFO [BloodCastle - 4] BloodCastle::SetState_StandBy
2023-03-30_00:05:02 INFO [BloodCastle - 5] BloodCastle::SetState_StandBy
2023-03-30_00:05:02 INFO [BloodCastle - 6] BloodCastle::SetState_StandBy
2023-03-30_00:05:02 INFO [BloodCastle - 7] BloodCastle::SetState_StandBy
2023-03-30_00:05:02 INFO [BloodCastleMgr] SetState_Playing()
2023-03-30_00:06:02 INFO [BloodCastle - 1] Moving Players Out
2023-03-30_00:06:02 INFO [BloodCastle - 1] Clearing Monsters.
2023-03-30_00:06:02 INFO [BloodCastle - 1] BloodCastle::SetState_None
2023-03-30_00:06:02 INFO [BloodCastle - 2] Moving Players Out
2023-03-30_00:06:02 INFO [BloodCastle - 2] Clearing Monsters.
2023-03-30_00:06:02 INFO [BloodCastle - 2] BloodCastle::SetState_None
2023-03-30_00:06:02 INFO [BloodCastle - 3] Moving Players Out
2023-03-30_00:06:03 INFO [BloodCastle - 3] Clearing Monsters.
2023-03-30_00:06:03 INFO [BloodCastle - 3] BloodCastle::SetState_None
2023-03-30_00:06:03 INFO [BloodCastle - 4] Moving Players Out
2023-03-30_00:06:03 INFO [BloodCastle - 4] Clearing Monsters.
2023-03-30_00:06:03 INFO [BloodCastle - 4] BloodCastle::SetState_None
2023-03-30_00:06:03 INFO [BloodCastle - 5] Moving Players Out
2023-03-30_00:06:03 INFO [BloodCastle - 5] Clearing Monsters.
2023-03-30_00:06:03 INFO [BloodCastle - 5] BloodCastle::SetState_None
2023-03-30_00:06:03 INFO [BloodCastle - 6] Moving Players Out
2023-03-30_00:06:03 INFO [BloodCastle - 6] Clearing Monsters.
2023-03-30_00:06:03 INFO [BloodCastle - 6] BloodCastle::SetState_None
2023-03-30_00:06:03 INFO [BloodCastle - 7] Moving Players Out
2023-03-30_00:06:04 INFO [BloodCastle - 7] Clearing Monsters.
2023-03-30_00:06:04 INFO [BloodCastle - 7] BloodCastle::SetState_None
2023-03-30_00:06:04 INFO [BloodCastleMgr] SetState_None()
2023-03-30_01:00:01 INFO [BloodCastle - 1] Added Monster [20677][232].
2023-03-30_01:00:01 INFO [BloodCastle - 1] BloodCastle::SetState_Open
2023-03-30_01:00:01 INFO [BloodCastle - 2] Added Monster [20678][232].
2023-03-30_01:00:01 INFO [BloodCastle - 2] BloodCastle::SetState_Open
2023-03-30_01:00:01 INFO [BloodCastle - 3] Added Monster [20679][232].
2023-03-30_01:00:01 INFO [BloodCastle - 3] BloodCastle::SetState_Open
2023-03-30_01:00:01 INFO [BloodCastle - 4] Added Monster [20680][232].
2023-03-30_01:00:01 INFO [BloodCastle - 4] BloodCastle::SetState_Open
2023-03-30_01:00:01 INFO [BloodCastle - 5] Added Monster [20681][232].
2023-03-30_01:00:01 INFO [BloodCastle - 5] BloodCastle::SetState_Open
2023-03-30_01:00:02 INFO [BloodCastle - 6] Added Monster [20682][232].
2023-03-30_01:00:02 INFO [BloodCastle - 6] BloodCastle::SetState_Open
2023-03-30_01:00:02 INFO [BloodCastle - 7] Added Monster [20683][232].
2023-03-30_01:00:02 INFO [BloodCastle - 7] BloodCastle::SetState_Open
2023-03-30_01:00:02 INFO [BloodCastleMgr] SetState_Open()
2023-03-30_01:05:02 INFO [BloodCastle - 1] BloodCastle::SetState_StandBy
2023-03-30_01:05:02 INFO [BloodCastle - 2] BloodCastle::SetState_StandBy
2023-03-30_01:05:02 INFO [BloodCastle - 3] BloodCastle::SetState_StandBy
2023-03-30_01:05:02 INFO [BloodCastle - 4] BloodCastle::SetState_StandBy
2023-03-30_01:05:02 INFO [BloodCastle - 5] BloodCastle::SetState_StandBy
2023-03-30_01:05:02 INFO [BloodCastle - 6] BloodCastle::SetState_StandBy
2023-03-30_01:05:02 INFO [BloodCastle - 7] BloodCastle::SetState_StandBy
2023-03-30_01:05:02 INFO [BloodCastleMgr] SetState_Playing()
2023-03-30_01:06:02 INFO [BloodCastle - 1] Moving Players Out
2023-03-30_01:06:02 INFO [BloodCastle - 1] Clearing Monsters.
2023-03-30_01:06:02 INFO [BloodCastle - 1] BloodCastle::SetState_None
2023-03-30_01:06:02 INFO [BloodCastle - 2] Moving Players Out
2023-03-30_01:06:02 INFO [BloodCastle - 2] Clearing Monsters.
2023-03-30_01:06:02 INFO [BloodCastle - 2] BloodCastle::SetState_None
2023-03-30_01:06:02 INFO [BloodCastle - 3] Moving Players Out
2023-03-30_01:06:02 INFO [BloodCastle - 3] Clearing Monsters.
2023-03-30_01:06:02 INFO [BloodCastle - 3] BloodCastle::SetState_None
2023-03-30_01:06:02 INFO [BloodCastle - 4] Moving Players Out
2023-03-30_01:06:02 INFO [BloodCastle - 4] Clearing Monsters.
2023-03-30_01:06:02 INFO [BloodCastle - 4] BloodCastle::SetState_None
2023-03-30_01:06:02 INFO [BloodCastle - 5] Moving Players Out
2023-03-30_01:06:02 INFO [BloodCastle - 5] Clearing Monsters.
2023-03-30_01:06:02 INFO [BloodCastle - 5] BloodCastle::SetState_None
2023-03-30_01:06:02 INFO [BloodCastle - 6] Moving Players Out
2023-03-30_01:06:02 INFO [BloodCastle - 6] Clearing Monsters.
2023-03-30_01:06:02 INFO [BloodCastle - 6] BloodCastle::SetState_None
2023-03-30_01:06:02 INFO [BloodCastle - 7] Moving Players Out
2023-03-30_01:06:02 INFO [BloodCastle - 7] Clearing Monsters.
2023-03-30_01:06:02 INFO [BloodCastle - 7] BloodCastle::SetState_None
2023-03-30_01:06:02 INFO [BloodCastleMgr] SetState_None()
2023-03-30_02:00:00 INFO [BloodCastle - 1] Added Monster [20740][232].
2023-03-30_02:00:00 INFO [BloodCastle - 1] BloodCastle::SetState_Open
2023-03-30_02:00:00 INFO [BloodCastle - 2] Added Monster [20741][232].
2023-03-30_02:00:00 INFO [BloodCastle - 2] BloodCastle::SetState_Open
2023-03-30_02:00:00 INFO [BloodCastle - 3] Added Monster [20742][232].
2023-03-30_02:00:00 INFO [BloodCastle - 3] BloodCastle::SetState_Open
2023-03-30_02:00:00 INFO [BloodCastle - 4] Added Monster [20743][232].
2023-03-30_02:00:00 INFO [BloodCastle - 4] BloodCastle::SetState_Open
2023-03-30_02:00:00 INFO [BloodCastle - 5] Added Monster [20744][232].
2023-03-30_02:00:00 INFO [BloodCastle - 5] BloodCastle::SetState_Open
2023-03-30_02:00:00 INFO [BloodCastle - 6] Added Monster [20745][232].
2023-03-30_02:00:00 INFO [BloodCastle - 6] BloodCastle::SetState_Open
2023-03-30_02:00:00 INFO [BloodCastle - 7] Added Monster [20746][232].
2023-03-30_02:00:00 INFO [BloodCastle - 7] BloodCastle::SetState_Open
2023-03-30_02:00:00 INFO [BloodCastleMgr] SetState_Open()
2023-03-30_02:05:00 INFO [BloodCastle - 1] BloodCastle::SetState_StandBy
2023-03-30_02:05:00 INFO [BloodCastle - 2] BloodCastle::SetState_StandBy
2023-03-30_02:05:00 INFO [BloodCastle - 3] BloodCastle::SetState_StandBy
2023-03-30_02:05:00 INFO [BloodCastle - 4] BloodCastle::SetState_StandBy
2023-03-30_02:05:00 INFO [BloodCastle - 5] BloodCastle::SetState_StandBy
2023-03-30_02:05:00 INFO [BloodCastle - 6] BloodCastle::SetState_StandBy
2023-03-30_02:05:00 INFO [BloodCastle - 7] BloodCastle::SetState_StandBy
2023-03-30_02:05:00 INFO [BloodCastleMgr] SetState_Playing()
2023-03-30_02:06:00 INFO [BloodCastle - 1] Moving Players Out
2023-03-30_02:06:00 INFO [BloodCastle - 1] Clearing Monsters.
2023-03-30_02:06:00 INFO [BloodCastle - 1] BloodCastle::SetState_None
2023-03-30_02:06:00 INFO [BloodCastle - 2] Moving Players Out
2023-03-30_02:06:01 INFO [BloodCastle - 2] Clearing Monsters.
2023-03-30_02:06:01 INFO [BloodCastle - 2] BloodCastle::SetState_None
2023-03-30_02:06:01 INFO [BloodCastle - 3] Moving Players Out
2023-03-30_02:06:01 INFO [BloodCastle - 3] Clearing Monsters.
2023-03-30_02:06:01 INFO [BloodCastle - 3] BloodCastle::SetState_None
2023-03-30_02:06:01 INFO [BloodCastle - 4] Moving Players Out
2023-03-30_02:06:01 INFO [BloodCastle - 4] Clearing Monsters.
2023-03-30_02:06:01 INFO [BloodCastle - 4] BloodCastle::SetState_None
2023-03-30_02:06:01 INFO [BloodCastle - 5] Moving Players Out
2023-03-30_02:06:01 INFO [BloodCastle - 5] Clearing Monsters.
2023-03-30_02:06:01 INFO [BloodCastle - 5] BloodCastle::SetState_None
2023-03-30_02:06:01 INFO [BloodCastle - 6] Moving Players Out
2023-03-30_02:06:01 INFO [BloodCastle - 6] Clearing Monsters.
2023-03-30_02:06:01 INFO [BloodCastle - 6] BloodCastle::SetState_None
2023-03-30_02:06:01 INFO [BloodCastle - 7] Moving Players Out
2023-03-30_02:06:01 INFO [BloodCastle - 7] Clearing Monsters.
2023-03-30_02:06:01 INFO [BloodCastle - 7] BloodCastle::SetState_None
2023-03-30_02:06:01 INFO [BloodCastleMgr] SetState_None()
2023-03-30_03:00:01 INFO [BloodCastle - 1] Added Monster [20783][232].
2023-03-30_03:00:01 INFO [BloodCastle - 1] BloodCastle::SetState_Open
2023-03-30_03:00:01 INFO [BloodCastle - 2] Added Monster [20784][232].
2023-03-30_03:00:01 INFO [BloodCastle - 2] BloodCastle::SetState_Open
2023-03-30_03:00:01 INFO [BloodCastle - 3] Added Monster [20785][232].
2023-03-30_03:00:01 INFO [BloodCastle - 3] BloodCastle::SetState_Open
2023-03-30_03:00:01 INFO [BloodCastle - 4] Added Monster [20786][232].
2023-03-30_03:00:01 INFO [BloodCastle - 4] BloodCastle::SetState_Open
2023-03-30_03:00:01 INFO [BloodCastle - 5] Added Monster [20787][232].
2023-03-30_03:00:01 INFO [BloodCastle - 5] BloodCastle::SetState_Open
2023-03-30_03:00:01 INFO [BloodCastle - 6] Added Monster [20788][232].
2023-03-30_03:00:01 INFO [BloodCastle - 6] BloodCastle::SetState_Open
2023-03-30_03:00:01 INFO [BloodCastle - 7] Added Monster [20789][232].
2023-03-30_03:00:01 INFO [BloodCastle - 7] BloodCastle::SetState_Open
2023-03-30_03:00:01 INFO [BloodCastleMgr] SetState_Open()
2023-03-30_03:05:01 INFO [BloodCastle - 1] BloodCastle::SetState_StandBy
2023-03-30_03:05:01 INFO [BloodCastle - 2] BloodCastle::SetState_StandBy
2023-03-30_03:05:01 INFO [BloodCastle - 3] BloodCastle::SetState_StandBy
2023-03-30_03:05:01 INFO [BloodCastle - 4] BloodCastle::SetState_StandBy
2023-03-30_03:05:01 INFO [BloodCastle - 5] BloodCastle::SetState_StandBy
2023-03-30_03:05:01 INFO [BloodCastle - 6] BloodCastle::SetState_StandBy
2023-03-30_03:05:01 INFO [BloodCastle - 7] BloodCastle::SetState_StandBy
2023-03-30_03:05:02 INFO [BloodCastleMgr] SetState_Playing()
2023-03-30_03:06:01 INFO [BloodCastle - 1] Moving Players Out
2023-03-30_03:06:01 INFO [BloodCastle - 1] Clearing Monsters.
2023-03-30_03:06:01 INFO [BloodCastle - 1] BloodCastle::SetState_None
2023-03-30_03:06:01 INFO [BloodCastle - 2] Moving Players Out
2023-03-30_03:06:02 INFO [BloodCastle - 2] Clearing Monsters.
2023-03-30_03:06:02 INFO [BloodCastle - 2] BloodCastle::SetState_None
2023-03-30_03:06:02 INFO [BloodCastle - 3] Moving Players Out
2023-03-30_03:06:02 INFO [BloodCastle - 3] Clearing Monsters.
2023-03-30_03:06:02 INFO [BloodCastle - 3] BloodCastle::SetState_None
2023-03-30_03:06:02 INFO [BloodCastle - 4] Moving Players Out
2023-03-30_03:06:02 INFO [BloodCastle - 4] Clearing Monsters.
2023-03-30_03:06:02 INFO [BloodCastle - 4] BloodCastle::SetState_None
2023-03-30_03:06:02 INFO [BloodCastle - 5] Moving Players Out
2023-03-30_03:06:02 INFO [BloodCastle - 5] Clearing Monsters.
2023-03-30_03:06:02 INFO [BloodCastle - 5] BloodCastle::SetState_None
2023-03-30_03:06:02 INFO [BloodCastle - 6] Moving Players Out
2023-03-30_03:06:02 INFO [BloodCastle - 6] Clearing Monsters.
2023-03-30_03:06:02 INFO [BloodCastle - 6] BloodCastle::SetState_None
2023-03-30_03:06:02 INFO [BloodCastle - 7] Moving Players Out
2023-03-30_03:06:02 INFO [BloodCastle - 7] Clearing Monsters.
2023-03-30_03:06:02 INFO [BloodCastle - 7] BloodCastle::SetState_None
2023-03-30_03:06:03 INFO [BloodCastleMgr] SetState_None()
2023-03-30_04:00:01 INFO [BloodCastle - 1] Added Monster [20838][232].
2023-03-30_04:00:01 INFO [BloodCastle - 1] BloodCastle::SetState_Open
2023-03-30_04:00:02 INFO [BloodCastle - 2] Added Monster [20839][232].
2023-03-30_04:00:02 INFO [BloodCastle - 2] BloodCastle::SetState_Open
2023-03-30_04:00:02 INFO [BloodCastle - 3] Added Monster [20840][232].
2023-03-30_04:00:02 INFO [BloodCastle - 3] BloodCastle::SetState_Open
2023-03-30_04:00:02 INFO [BloodCastle - 4] Added Monster [20841][232].
2023-03-30_04:00:02 INFO [BloodCastle - 4] BloodCastle::SetState_Open
2023-03-30_04:00:02 INFO [BloodCastle - 5] Added Monster [20842][232].
2023-03-30_04:00:02 INFO [BloodCastle - 5] BloodCastle::SetState_Open
2023-03-30_04:00:02 INFO [BloodCastle - 6] Added Monster [20843][232].
2023-03-30_04:00:02 INFO [BloodCastle - 6] BloodCastle::SetState_Open
2023-03-30_04:00:02 INFO [BloodCastle - 7] Added Monster [20844][232].
2023-03-30_04:00:02 INFO [BloodCastle - 7] BloodCastle::SetState_Open
2023-03-30_04:00:02 INFO [BloodCastleMgr] SetState_Open()
2023-03-30_04:05:02 INFO [BloodCastle - 1] BloodCastle::SetState_StandBy
2023-03-30_04:05:02 INFO [BloodCastle - 2] BloodCastle::SetState_StandBy
2023-03-30_04:05:02 INFO [BloodCastle - 3] BloodCastle::SetState_StandBy
2023-03-30_04:05:03 INFO [BloodCastle - 4] BloodCastle::SetState_StandBy
2023-03-30_04:05:03 INFO [BloodCastle - 5] BloodCastle::SetState_StandBy
2023-03-30_04:05:03 INFO [BloodCastle - 6] BloodCastle::SetState_StandBy
2023-03-30_04:05:03 INFO [BloodCastle - 7] BloodCastle::SetState_StandBy
2023-03-30_04:05:03 INFO [BloodCastleMgr] SetState_Playing()
2023-03-30_04:06:02 INFO [BloodCastle - 1] Moving Players Out
2023-03-30_04:06:03 INFO [BloodCastle - 1] Clearing Monsters.
2023-03-30_04:06:03 INFO [BloodCastle - 1] BloodCastle::SetState_None
2023-03-30_04:06:03 INFO [BloodCastle - 2] Moving Players Out
2023-03-30_04:06:03 INFO [BloodCastle - 2] Clearing Monsters.
2023-03-30_04:06:03 INFO [BloodCastle - 2] BloodCastle::SetState_None
2023-03-30_04:06:03 INFO [BloodCastle - 3] Moving Players Out
2023-03-30_04:06:03 INFO [BloodCastle - 3] Clearing Monsters.
2023-03-30_04:06:03 INFO [BloodCastle - 3] BloodCastle::SetState_None
2023-03-30_04:06:03 INFO [BloodCastle - 4] Moving Players Out
2023-03-30_04:06:03 INFO [BloodCastle - 4] Clearing Monsters.
2023-03-30_04:06:03 INFO [BloodCastle - 4] BloodCastle::SetState_None
2023-03-30_04:06:03 INFO [BloodCastle - 5] Moving Players Out
2023-03-30_04:06:03 INFO [BloodCastle - 5] Clearing Monsters.
2023-03-30_04:06:04 INFO [BloodCastle - 5] BloodCastle::SetState_None
2023-03-30_04:06:04 INFO [BloodCastle - 6] Moving Players Out
2023-03-30_04:06:04 INFO [BloodCastle - 6] Clearing Monsters.
2023-03-30_04:06:04 INFO [BloodCastle - 6] BloodCastle::SetState_None
2023-03-30_04:06:04 INFO [BloodCastle - 7] Moving Players Out
2023-03-30_04:06:05 INFO [BloodCastle - 7] Clearing Monsters.
2023-03-30_04:06:05 INFO [BloodCastle - 7] BloodCastle::SetState_None
2023-03-30_04:06:05 INFO [BloodCastleMgr] SetState_None()
2023-03-30_05:00:00 INFO [BloodCastle - 1] Added Monster [20884][232].
2023-03-30_05:00:00 INFO [BloodCastle - 1] BloodCastle::SetState_Open
2023-03-30_05:00:01 INFO [BloodCastle - 2] Added Monster [20885][232].
2023-03-30_05:00:01 INFO [BloodCastle - 2] BloodCastle::SetState_Open
2023-03-30_05:00:02 INFO [BloodCastle - 3] Added Monster [20886][232].
2023-03-30_05:00:02 INFO [BloodCastle - 3] BloodCastle::SetState_Open
2023-03-30_05:00:03 INFO [BloodCastle - 4] Added Monster [20887][232].
2023-03-30_05:00:03 INFO [BloodCastle - 4] BloodCastle::SetState_Open
2023-03-30_05:00:04 INFO [BloodCastle - 5] Added Monster [20888][232].
2023-03-30_05:00:04 INFO [BloodCastle - 5] BloodCastle::SetState_Open
2023-03-30_05:00:04 INFO [BloodCastle - 6] Added Monster [20889][232].
2023-03-30_05:00:04 INFO [BloodCastle - 6] BloodCastle::SetState_Open
2023-03-30_05:00:04 INFO [BloodCastle - 7] Added Monster [20890][232].
2023-03-30_05:00:04 INFO [BloodCastle - 7] BloodCastle::SetState_Open
2023-03-30_05:00:04 INFO [BloodCastleMgr] SetState_Open()
2023-03-30_05:05:04 INFO [BloodCastle - 1] BloodCastle::SetState_StandBy
2023-03-30_05:05:04 INFO [BloodCastle - 2] BloodCastle::SetState_StandBy
2023-03-30_05:05:04 INFO [BloodCastle - 3] BloodCastle::SetState_StandBy
2023-03-30_05:05:05 INFO [BloodCastle - 4] BloodCastle::SetState_StandBy
2023-03-30_05:05:05 INFO [BloodCastle - 5] BloodCastle::SetState_StandBy
2023-03-30_05:05:05 INFO [BloodCastle - 6] BloodCastle::SetState_StandBy
2023-03-30_05:05:05 INFO [BloodCastle - 7] BloodCastle::SetState_StandBy
2023-03-30_05:05:05 INFO [BloodCastleMgr] SetState_Playing()
2023-03-30_05:06:04 INFO [BloodCastle - 1] Moving Players Out
2023-03-30_05:06:04 INFO [BloodCastle - 1] Clearing Monsters.
2023-03-30_05:06:05 INFO [BloodCastle - 1] BloodCastle::SetState_None
2023-03-30_05:06:05 INFO [BloodCastle - 2] Moving Players Out
2023-03-30_05:06:05 INFO [BloodCastle - 2] Clearing Monsters.
2023-03-30_05:06:05 INFO [BloodCastle - 2] BloodCastle::SetState_None
2023-03-30_05:06:05 INFO [BloodCastle - 3] Moving Players Out
2023-03-30_05:06:05 INFO [BloodCastle - 3] Clearing Monsters.
2023-03-30_05:06:05 INFO [BloodCastle - 3] BloodCastle::SetState_None
2023-03-30_05:06:05 INFO [BloodCastle - 4] Moving Players Out
2023-03-30_05:06:05 INFO [BloodCastle - 4] Clearing Monsters.
2023-03-30_05:06:05 INFO [BloodCastle - 4] BloodCastle::SetState_None
2023-03-30_05:06:05 INFO [BloodCastle - 5] Moving Players Out
2023-03-30_05:06:06 INFO [BloodCastle - 5] Clearing Monsters.
2023-03-30_05:06:07 INFO [BloodCastle - 5] BloodCastle::SetState_None
2023-03-30_05:06:07 INFO [BloodCastle - 6] Moving Players Out
2023-03-30_05:06:07 INFO [BloodCastle - 6] Clearing Monsters.
2023-03-30_05:06:08 INFO [BloodCastle - 6] BloodCastle::SetState_None
2023-03-30_05:06:08 INFO [BloodCastle - 7] Moving Players Out
2023-03-30_05:06:08 INFO [BloodCastle - 7] Clearing Monsters.
2023-03-30_05:06:08 INFO [BloodCastle - 7] BloodCastle::SetState_None
2023-03-30_05:06:08 INFO [BloodCastleMgr] SetState_None()
2023-03-30_06:00:00 INFO [BloodCastle - 1] Added Monster [20956][232].
2023-03-30_06:00:00 INFO [BloodCastle - 1] BloodCastle::SetState_Open
2023-03-30_06:00:00 INFO [BloodCastle - 2] Added Monster [20957][232].
2023-03-30_06:00:00 INFO [BloodCastle - 2] BloodCastle::SetState_Open
2023-03-30_06:00:01 INFO [BloodCastle - 3] Added Monster [20958][232].
2023-03-30_06:00:01 INFO [BloodCastle - 3] BloodCastle::SetState_Open
2023-03-30_06:00:01 INFO [BloodCastle - 4] Added Monster [20959][232].
2023-03-30_06:00:01 INFO [BloodCastle - 4] BloodCastle::SetState_Open
2023-03-30_06:00:01 INFO [BloodCastle - 5] Added Monster [20960][232].
2023-03-30_06:00:01 INFO [BloodCastle - 5] BloodCastle::SetState_Open
2023-03-30_06:00:01 INFO [BloodCastle - 6] Added Monster [20961][232].
2023-03-30_06:00:01 INFO [BloodCastle - 6] BloodCastle::SetState_Open
2023-03-30_06:00:01 INFO [BloodCastle - 7] Added Monster [20962][232].
2023-03-30_06:00:01 INFO [BloodCastle - 7] BloodCastle::SetState_Open
2023-03-30_06:00:01 INFO [BloodCastleMgr] SetState_Open()
2023-03-30_06:05:01 INFO [BloodCastle - 1] BloodCastle::SetState_StandBy
2023-03-30_06:05:02 INFO [BloodCastle - 2] BloodCastle::SetState_StandBy
2023-03-30_06:05:02 INFO [BloodCastle - 3] BloodCastle::SetState_StandBy
2023-03-30_06:05:02 INFO [BloodCastle - 4] BloodCastle::SetState_StandBy
2023-03-30_06:05:02 INFO [BloodCastle - 5] BloodCastle::SetState_StandBy
2023-03-30_06:05:02 INFO [BloodCastle - 6] BloodCastle::SetState_StandBy
2023-03-30_06:05:02 INFO [BloodCastle - 7] BloodCastle::SetState_StandBy
2023-03-30_06:05:02 INFO [BloodCastleMgr] SetState_Playing()
2023-03-30_06:06:01 INFO [BloodCastle - 1] Moving Players Out
2023-03-30_06:06:02 INFO [BloodCastle - 1] Clearing Monsters.
2023-03-30_06:06:02 INFO [BloodCastle - 1] BloodCastle::SetState_None
2023-03-30_06:06:02 INFO [BloodCastle - 2] Moving Players Out
2023-03-30_06:06:02 INFO [BloodCastle - 2] Clearing Monsters.
2023-03-30_06:06:02 INFO [BloodCastle - 2] BloodCastle::SetState_None
2023-03-30_06:06:02 INFO [BloodCastle - 3] Moving Players Out
2023-03-30_06:06:02 INFO [BloodCastle - 3] Clearing Monsters.
2023-03-30_06:06:02 INFO [BloodCastle - 3] BloodCastle::SetState_None
2023-03-30_06:06:02 INFO [BloodCastle - 4] Moving Players Out
2023-03-30_06:06:02 INFO [BloodCastle - 4] Clearing Monsters.
2023-03-30_06:06:02 INFO [BloodCastle - 4] BloodCastle::SetState_None
2023-03-30_06:06:03 INFO [BloodCastle - 5] Moving Players Out
2023-03-30_06:06:03 INFO [BloodCastle - 5] Clearing Monsters.
2023-03-30_06:06:03 INFO [BloodCastle - 5] BloodCastle::SetState_None
2023-03-30_06:06:03 INFO [BloodCastle - 6] Moving Players Out
2023-03-30_06:06:03 INFO [BloodCastle - 6] Clearing Monsters.
2023-03-30_06:06:03 INFO [BloodCastle - 6] BloodCastle::SetState_None
2023-03-30_06:06:03 INFO [BloodCastle - 7] Moving Players Out
2023-03-30_06:06:03 INFO [BloodCastle - 7] Clearing Monsters.
2023-03-30_06:06:03 INFO [BloodCastle - 7] BloodCastle::SetState_None
2023-03-30_06:06:03 INFO [BloodCastleMgr] SetState_None()
2023-03-30_07:00:01 INFO [BloodCastle - 1] Added Monster [20999][232].
2023-03-30_07:00:01 INFO [BloodCastle - 1] BloodCastle::SetState_Open
2023-03-30_07:00:01 INFO [BloodCastle - 2] Added Monster [21000][232].
2023-03-30_07:00:01 INFO [BloodCastle - 2] BloodCastle::SetState_Open
2023-03-30_07:00:01 INFO [BloodCastle - 3] Added Monster [21001][232].
2023-03-30_07:00:01 INFO [BloodCastle - 3] BloodCastle::SetState_Open
2023-03-30_07:00:01 INFO [BloodCastle - 4] Added Monster [21002][232].
2023-03-30_07:00:02 INFO [BloodCastle - 4] BloodCastle::SetState_Open
2023-03-30_07:00:02 INFO [BloodCastle - 5] Added Monster [21003][232].
2023-03-30_07:00:02 INFO [BloodCastle - 5] BloodCastle::SetState_Open
2023-03-30_07:00:02 INFO [BloodCastle - 6] Added Monster [21004][232].
2023-03-30_07:00:02 INFO [BloodCastle - 6] BloodCastle::SetState_Open
2023-03-30_07:00:02 INFO [BloodCastle - 7] Added Monster [21005][232].
2023-03-30_07:00:02 INFO [BloodCastle - 7] BloodCastle::SetState_Open
2023-03-30_07:00:02 INFO [BloodCastleMgr] SetState_Open()
2023-03-30_07:05:02 INFO [BloodCastle - 1] BloodCastle::SetState_StandBy
2023-03-30_07:05:02 INFO [BloodCastle - 2] BloodCastle::SetState_StandBy
2023-03-30_07:05:02 INFO [BloodCastle - 3] BloodCastle::SetState_StandBy
2023-03-30_07:05:02 INFO [BloodCastle - 4] BloodCastle::SetState_StandBy
2023-03-30_07:05:02 INFO [BloodCastle - 5] BloodCastle::SetState_StandBy
2023-03-30_07:05:03 INFO [BloodCastle - 6] BloodCastle::SetState_StandBy
2023-03-30_07:05:03 INFO [BloodCastle - 7] BloodCastle::SetState_StandBy
2023-03-30_07:05:03 INFO [BloodCastleMgr] SetState_Playing()
2023-03-30_07:06:02 INFO [BloodCastle - 1] Moving Players Out
2023-03-30_07:06:02 INFO [BloodCastle - 1] Clearing Monsters.
2023-03-30_07:06:02 INFO [BloodCastle - 1] BloodCastle::SetState_None
2023-03-30_07:06:02 INFO [BloodCastle - 2] Moving Players Out
2023-03-30_07:06:03 INFO [BloodCastle - 2] Clearing Monsters.
2023-03-30_07:06:03 INFO [BloodCastle - 2] BloodCastle::SetState_None
2023-03-30_07:06:03 INFO [BloodCastle - 3] Moving Players Out
2023-03-30_07:06:03 INFO [BloodCastle - 3] Clearing Monsters.
2023-03-30_07:06:03 INFO [BloodCastle - 3] BloodCastle::SetState_None
2023-03-30_07:06:03 INFO [BloodCastle - 4] Moving Players Out
2023-03-30_07:06:03 INFO [BloodCastle - 4] Clearing Monsters.
2023-03-30_07:06:03 INFO [BloodCastle - 4] BloodCastle::SetState_None
2023-03-30_07:06:03 INFO [BloodCastle - 5] Moving Players Out
2023-03-30_07:06:03 INFO [BloodCastle - 5] Clearing Monsters.
2023-03-30_07:06:03 INFO [BloodCastle - 5] BloodCastle::SetState_None
2023-03-30_07:06:04 INFO [BloodCastle - 6] Moving Players Out
2023-03-30_07:06:04 INFO [BloodCastle - 6] Clearing Monsters.
2023-03-30_07:06:04 INFO [BloodCastle - 6] BloodCastle::SetState_None
2023-03-30_07:06:04 INFO [BloodCastle - 7] Moving Players Out
2023-03-30_07:06:04 INFO [BloodCastle - 7] Clearing Monsters.
2023-03-30_07:06:04 INFO [BloodCastle - 7] BloodCastle::SetState_None
2023-03-30_07:06:04 INFO [BloodCastleMgr] SetState_None()
2023-03-30_08:00:03 INFO [BloodCastle - 1] Added Monster [21080][232].
2023-03-30_08:00:03 INFO [BloodCastle - 1] BloodCastle::SetState_Open
2023-03-30_08:00:03 INFO [BloodCastle - 2] Added Monster [21081][232].
2023-03-30_08:00:03 INFO [BloodCastle - 2] BloodCastle::SetState_Open
2023-03-30_08:00:03 INFO [BloodCastle - 3] Added Monster [21082][232].
2023-03-30_08:00:03 INFO [BloodCastle - 3] BloodCastle::SetState_Open
2023-03-30_08:00:03 INFO [BloodCastle - 4] Added Monster [21083][232].
2023-03-30_08:00:04 INFO [BloodCastle - 4] BloodCastle::SetState_Open
2023-03-30_08:00:04 INFO [BloodCastle - 5] Added Monster [21084][232].
2023-03-30_08:00:04 INFO [BloodCastle - 5] BloodCastle::SetState_Open
2023-03-30_08:00:04 INFO [BloodCastle - 6] Added Monster [21085][232].
2023-03-30_08:00:04 INFO [BloodCastle - 6] BloodCastle::SetState_Open
2023-03-30_08:00:04 INFO [BloodCastle - 7] Added Monster [21086][232].
2023-03-30_08:00:04 INFO [BloodCastle - 7] BloodCastle::SetState_Open
2023-03-30_08:00:04 INFO [BloodCastleMgr] SetState_Open()
2023-03-30_08:05:04 INFO [BloodCastle - 1] BloodCastle::SetState_StandBy
2023-03-30_08:05:04 INFO [BloodCastle - 2] BloodCastle::SetState_StandBy
2023-03-30_08:05:04 INFO [BloodCastle - 3] BloodCastle::SetState_StandBy
2023-03-30_08:05:04 INFO [BloodCastle - 4] BloodCastle::SetState_StandBy
2023-03-30_08:05:05 INFO [BloodCastle - 5] BloodCastle::SetState_StandBy
2023-03-30_08:05:05 INFO [BloodCastle - 6] BloodCastle::SetState_StandBy
2023-03-30_08:05:05 INFO [BloodCastle - 7] BloodCastle::SetState_StandBy
2023-03-30_08:05:05 INFO [BloodCastleMgr] SetState_Playing()
2023-03-30_08:06:04 INFO [BloodCastle - 1] Moving Players Out
2023-03-30_08:06:04 INFO [BloodCastle - 1] Clearing Monsters.
2023-03-30_08:06:05 INFO [BloodCastle - 1] BloodCastle::SetState_None
2023-03-30_08:06:05 INFO [BloodCastle - 2] Moving Players Out
2023-03-30_08:06:06 INFO [BloodCastle - 2] Clearing Monsters.
2023-03-30_08:06:06 INFO [BloodCastle - 2] BloodCastle::SetState_None
2023-03-30_08:06:06 INFO [BloodCastle - 3] Moving Players Out
2023-03-30_08:06:06 INFO [BloodCastle - 3] Clearing Monsters.
2023-03-30_08:06:06 INFO [BloodCastle - 3] BloodCastle::SetState_None
2023-03-30_08:06:06 INFO [BloodCastle - 4] Moving Players Out
2023-03-30_08:06:06 INFO [BloodCastle - 4] Clearing Monsters.
2023-03-30_08:06:06 INFO [BloodCastle - 4] BloodCastle::SetState_None
2023-03-30_08:06:07 INFO [BloodCastle - 5] Moving Players Out
2023-03-30_08:06:07 INFO [BloodCastle - 5] Clearing Monsters.
2023-03-30_08:06:07 INFO [BloodCastle - 5] BloodCastle::SetState_None
2023-03-30_08:06:07 INFO [BloodCastle - 6] Moving Players Out
2023-03-30_08:06:07 INFO [BloodCastle - 6] Clearing Monsters.
2023-03-30_08:06:07 INFO [BloodCastle - 6] BloodCastle::SetState_None
2023-03-30_08:06:07 INFO [BloodCastle - 7] Moving Players Out
2023-03-30_08:06:08 INFO [BloodCastle - 7] Clearing Monsters.
2023-03-30_08:06:08 INFO [BloodCastle - 7] BloodCastle::SetState_None
2023-03-30_08:06:09 INFO [BloodCastleMgr] SetState_None()
2023-03-30_09:00:00 INFO [BloodCastle - 1] Added Monster [21126][232].
2023-03-30_09:00:00 INFO [BloodCastle - 1] BloodCastle::SetState_Open
2023-03-30_09:00:01 INFO [BloodCastle - 2] Added Monster [21127][232].
2023-03-30_09:00:01 INFO [BloodCastle - 2] BloodCastle::SetState_Open
2023-03-30_09:00:01 INFO [BloodCastle - 3] Added Monster [21128][232].
2023-03-30_09:00:01 INFO [BloodCastle - 3] BloodCastle::SetState_Open
2023-03-30_09:00:01 INFO [BloodCastle - 4] Added Monster [21129][232].
2023-03-30_09:00:02 INFO [BloodCastle - 4] BloodCastle::SetState_Open
2023-03-30_09:00:02 INFO [BloodCastle - 5] Added Monster [21130][232].
2023-03-30_09:00:02 INFO [BloodCastle - 5] BloodCastle::SetState_Open
2023-03-30_09:00:02 INFO [BloodCastle - 6] Added Monster [21131][232].
2023-03-30_09:00:02 INFO [BloodCastle - 6] BloodCastle::SetState_Open
2023-03-30_09:00:02 INFO [BloodCastle - 7] Added Monster [21132][232].
2023-03-30_09:00:02 INFO [BloodCastle - 7] BloodCastle::SetState_Open
2023-03-30_09:00:02 INFO [BloodCastleMgr] SetState_Open()
2023-03-30_09:05:02 INFO [BloodCastle - 1] BloodCastle::SetState_StandBy
2023-03-30_09:05:02 INFO [BloodCastle - 2] BloodCastle::SetState_StandBy
2023-03-30_09:05:02 INFO [BloodCastle - 3] BloodCastle::SetState_StandBy
2023-03-30_09:05:03 INFO [BloodCastle - 4] BloodCastle::SetState_StandBy
2023-03-30_09:05:03 INFO [BloodCastle - 5] BloodCastle::SetState_StandBy
2023-03-30_09:05:03 INFO [BloodCastle - 6] BloodCastle::SetState_StandBy
2023-03-30_09:05:03 INFO [BloodCastle - 7] BloodCastle::SetState_StandBy
2023-03-30_09:05:03 INFO [BloodCastleMgr] SetState_Playing()
2023-03-30_09:06:02 INFO [BloodCastle - 1] Moving Players Out
2023-03-30_09:06:02 INFO [BloodCastle - 1] Clearing Monsters.
2023-03-30_09:06:03 INFO [BloodCastle - 1] BloodCastle::SetState_None
2023-03-30_09:06:03 INFO [BloodCastle - 2] Moving Players Out
2023-03-30_09:06:03 INFO [BloodCastle - 2] Clearing Monsters.
2023-03-30_09:06:03 INFO [BloodCastle - 2] BloodCastle::SetState_None
2023-03-30_09:06:03 INFO [BloodCastle - 3] Moving Players Out
2023-03-30_09:06:03 INFO [BloodCastle - 3] Clearing Monsters.
2023-03-30_09:06:03 INFO [BloodCastle - 3] BloodCastle::SetState_None
2023-03-30_09:06:03 INFO [BloodCastle - 4] Moving Players Out
2023-03-30_09:06:03 INFO [BloodCastle - 4] Clearing Monsters.
2023-03-30_09:06:04 INFO [BloodCastle - 4] BloodCastle::SetState_None
2023-03-30_09:06:04 INFO [BloodCastle - 5] Moving Players Out
2023-03-30_09:06:04 INFO [BloodCastle - 5] Clearing Monsters.
2023-03-30_09:06:04 INFO [BloodCastle - 5] BloodCastle::SetState_None
2023-03-30_09:06:04 INFO [BloodCastle - 6] Moving Players Out
2023-03-30_09:06:04 INFO [BloodCastle - 6] Clearing Monsters.
2023-03-30_09:06:04 INFO [BloodCastle - 6] BloodCastle::SetState_None
2023-03-30_09:06:04 INFO [BloodCastle - 7] Moving Players Out
2023-03-30_09:06:04 INFO [BloodCastle - 7] Clearing Monsters.
2023-03-30_09:06:04 INFO [BloodCastle - 7] BloodCastle::SetState_None
2023-03-30_09:06:05 INFO [BloodCastleMgr] SetState_None()
2023-03-30_10:00:01 INFO [BloodCastle - 1] Added Monster [21168][232].
2023-03-30_10:00:01 INFO [BloodCastle - 1] BloodCastle::SetState_Open
2023-03-30_10:00:01 INFO [BloodCastle - 2] Added Monster [21169][232].
2023-03-30_10:00:01 INFO [BloodCastle - 2] BloodCastle::SetState_Open
2023-03-30_10:00:01 INFO [BloodCastle - 3] Added Monster [21170][232].
2023-03-30_10:00:01 INFO [BloodCastle - 3] BloodCastle::SetState_Open
2023-03-30_10:00:01 INFO [BloodCastle - 4] Added Monster [21171][232].
2023-03-30_10:00:02 INFO [BloodCastle - 4] BloodCastle::SetState_Open
2023-03-30_10:00:02 INFO [BloodCastle - 5] Added Monster [21172][232].
2023-03-30_10:00:02 INFO [BloodCastle - 5] BloodCastle::SetState_Open
2023-03-30_10:00:02 INFO [BloodCastle - 6] Added Monster [21173][232].
2023-03-30_10:00:02 INFO [BloodCastle - 6] BloodCastle::SetState_Open
2023-03-30_10:00:02 INFO [BloodCastle - 7] Added Monster [21174][232].
2023-03-30_10:00:02 INFO [BloodCastle - 7] BloodCastle::SetState_Open
2023-03-30_10:00:03 INFO [BloodCastleMgr] SetState_Open()
2023-03-30_10:05:03 INFO [BloodCastle - 1] BloodCastle::SetState_StandBy
2023-03-30_10:05:03 INFO [BloodCastle - 2] BloodCastle::SetState_StandBy
2023-03-30_10:05:03 INFO [BloodCastle - 3] BloodCastle::SetState_StandBy
2023-03-30_10:05:03 INFO [BloodCastle - 4] BloodCastle::SetState_StandBy
2023-03-30_10:05:03 INFO [BloodCastle - 5] BloodCastle::SetState_StandBy
2023-03-30_10:05:03 INFO [BloodCastle - 6] BloodCastle::SetState_StandBy
2023-03-30_10:05:03 INFO [BloodCastle - 7] BloodCastle::SetState_StandBy
2023-03-30_10:05:03 INFO [BloodCastleMgr] SetState_Playing()
2023-03-30_10:06:03 INFO [BloodCastle - 1] Moving Players Out
2023-03-30_10:06:03 INFO [BloodCastle - 1] Clearing Monsters.
2023-03-30_10:06:03 INFO [BloodCastle - 1] BloodCastle::SetState_None
2023-03-30_10:06:03 INFO [BloodCastle - 2] Moving Players Out
2023-03-30_10:06:03 INFO [BloodCastle - 2] Clearing Monsters.
2023-03-30_10:06:03 INFO [BloodCastle - 2] BloodCastle::SetState_None
2023-03-30_10:06:03 INFO [BloodCastle - 3] Moving Players Out
2023-03-30_10:06:03 INFO [BloodCastle - 3] Clearing Monsters.
2023-03-30_10:06:04 INFO [BloodCastle - 3] BloodCastle::SetState_None
2023-03-30_10:06:04 INFO [BloodCastle - 4] Moving Players Out
2023-03-30_10:06:04 INFO [BloodCastle - 4] Clearing Monsters.
2023-03-30_10:06:04 INFO [BloodCastle - 4] BloodCastle::SetState_None
2023-03-30_10:06:04 INFO [BloodCastle - 5] Moving Players Out
2023-03-30_10:06:04 INFO [BloodCastle - 5] Clearing Monsters.
2023-03-30_10:06:04 INFO [BloodCastle - 5] BloodCastle::SetState_None
2023-03-30_10:06:05 INFO [BloodCastle - 6] Moving Players Out
2023-03-30_10:06:05 INFO [BloodCastle - 6] Clearing Monsters.
2023-03-30_10:06:05 INFO [BloodCastle - 6] BloodCastle::SetState_None
2023-03-30_10:06:05 INFO [BloodCastle - 7] Moving Players Out
2023-03-30_10:06:05 INFO [BloodCastle - 7] Clearing Monsters.
2023-03-30_10:06:05 INFO [BloodCastle - 7] BloodCastle::SetState_None
2023-03-30_10:06:05 INFO [BloodCastleMgr] SetState_None()
2023-03-30_11:00:00 INFO [BloodCastle - 1] Added Monster [21211][232].
2023-03-30_11:00:00 INFO [BloodCastle - 1] BloodCastle::SetState_Open
2023-03-30_11:00:00 INFO [BloodCastle - 2] Added Monster [21212][232].
2023-03-30_11:00:00 INFO [BloodCastle - 2] BloodCastle::SetState_Open
2023-03-30_11:00:00 INFO [BloodCastle - 3] Added Monster [21213][232].
2023-03-30_11:00:00 INFO [BloodCastle - 3] BloodCastle::SetState_Open
2023-03-30_11:00:00 INFO [BloodCastle - 4] Added Monster [21214][232].
2023-03-30_11:00:00 INFO [BloodCastle - 4] BloodCastle::SetState_Open
2023-03-30_11:00:00 INFO [BloodCastle - 5] Added Monster [21215][232].
2023-03-30_11:00:00 INFO [BloodCastle - 5] BloodCastle::SetState_Open
2023-03-30_11:00:00 INFO [BloodCastle - 6] Added Monster [21216][232].
2023-03-30_11:00:00 INFO [BloodCastle - 6] BloodCastle::SetState_Open
2023-03-30_11:00:00 INFO [BloodCastle - 7] Added Monster [21217][232].
2023-03-30_11:00:00 INFO [BloodCastle - 7] BloodCastle::SetState_Open
2023-03-30_11:00:00 INFO [BloodCastleMgr] SetState_Open()
2023-03-30_11:05:00 INFO [BloodCastle - 1] BloodCastle::SetState_StandBy
2023-03-30_11:05:00 INFO [BloodCastle - 2] BloodCastle::SetState_StandBy
2023-03-30_11:05:00 INFO [BloodCastle - 3] BloodCastle::SetState_StandBy
2023-03-30_11:05:00 INFO [BloodCastle - 4] BloodCastle::SetState_StandBy
2023-03-30_11:05:00 INFO [BloodCastle - 5] BloodCastle::SetState_StandBy
2023-03-30_11:05:00 INFO [BloodCastle - 6] BloodCastle::SetState_StandBy
2023-03-30_11:05:00 INFO [BloodCastle - 7] BloodCastle::SetState_StandBy
2023-03-30_11:05:00 INFO [BloodCastleMgr] SetState_Playing()
2023-03-30_11:06:00 INFO [BloodCastle - 1] Moving Players Out
2023-03-30_11:06:00 INFO [BloodCastle - 1] Clearing Monsters.
2023-03-30_11:06:00 INFO [BloodCastle - 1] BloodCastle::SetState_None
2023-03-30_11:06:00 INFO [BloodCastle - 2] Moving Players Out
2023-03-30_11:06:00 INFO [BloodCastle - 2] Clearing Monsters.
2023-03-30_11:06:00 INFO [BloodCastle - 2] BloodCastle::SetState_None
2023-03-30_11:06:00 INFO [BloodCastle - 3] Moving Players Out
2023-03-30_11:06:00 INFO [BloodCastle - 3] Clearing Monsters.
2023-03-30_11:06:00 INFO [BloodCastle - 3] BloodCastle::SetState_None
2023-03-30_11:06:00 INFO [BloodCastle - 4] Moving Players Out
2023-03-30_11:06:00 INFO [BloodCastle - 4] Clearing Monsters.
2023-03-30_11:06:00 INFO [BloodCastle - 4] BloodCastle::SetState_None
2023-03-30_11:06:00 INFO [BloodCastle - 5] Moving Players Out
2023-03-30_11:06:00 INFO [BloodCastle - 5] Clearing Monsters.
2023-03-30_11:06:00 INFO [BloodCastle - 5] BloodCastle::SetState_None
2023-03-30_11:06:00 INFO [BloodCastle - 6] Moving Players Out
2023-03-30_11:06:00 INFO [BloodCastle - 6] Clearing Monsters.
2023-03-30_11:06:00 INFO [BloodCastle - 6] BloodCastle::SetState_None
2023-03-30_11:06:00 INFO [BloodCastle - 7] Moving Players Out
2023-03-30_11:06:00 INFO [BloodCastle - 7] Clearing Monsters.
2023-03-30_11:06:00 INFO [BloodCastle - 7] BloodCastle::SetState_None
2023-03-30_11:06:01 INFO [BloodCastleMgr] SetState_None()
2023-03-30_11:38:31 INFO [BloodCastle - 1] Moving Players Out
2023-03-30_11:38:31 INFO [BloodCastle - 1] Clearing Monsters.
2023-03-30_11:38:31 INFO [BloodCastle - 1] BloodCastle::SetState_None
2023-03-30_11:38:31 INFO [BloodCastle - 2] Moving Players Out
2023-03-30_11:38:31 INFO [BloodCastle - 2] Clearing Monsters.
2023-03-30_11:38:31 INFO [BloodCastle - 2] BloodCastle::SetState_None
2023-03-30_11:38:31 INFO [BloodCastle - 3] Moving Players Out
2023-03-30_11:38:31 INFO [BloodCastle - 3] Clearing Monsters.
2023-03-30_11:38:31 INFO [BloodCastle - 3] BloodCastle::SetState_None
2023-03-30_11:38:31 INFO [BloodCastle - 4] Moving Players Out
2023-03-30_11:38:31 INFO [BloodCastle - 4] Clearing Monsters.
2023-03-30_11:38:31 INFO [BloodCastle - 4] BloodCastle::SetState_None
2023-03-30_11:38:31 INFO [BloodCastle - 5] Moving Players Out
2023-03-30_11:38:31 INFO [BloodCastle - 5] Clearing Monsters.
2023-03-30_11:38:31 INFO [BloodCastle - 5] BloodCastle::SetState_None
2023-03-30_11:38:31 INFO [BloodCastle - 6] Moving Players Out
2023-03-30_11:38:31 INFO [BloodCastle - 6] Clearing Monsters.
2023-03-30_11:38:31 INFO [BloodCastle - 6] BloodCastle::SetState_None
2023-03-30_11:38:31 INFO [BloodCastle - 7] Moving Players Out
2023-03-30_11:38:31 INFO [BloodCastle - 7] Clearing Monsters.
2023-03-30_11:38:31 INFO [BloodCastle - 7] BloodCastle::SetState_None
