2023-03-26_13:16:21 INFO [BloodCastle - 1] Moving Players Out
2023-03-26_13:16:21 INFO [BloodCastle - 1] Clearing Monsters.
2023-03-26_13:16:21 INFO [BloodCastle - 1] BloodCastle::SetState_None
2023-03-26_13:16:21 INFO [BloodCastle - 2] Moving Players Out
2023-03-26_13:16:21 INFO [BloodCastle - 2] Clearing Monsters.
2023-03-26_13:16:21 INFO [BloodCastle - 2] BloodCastle::SetState_None
2023-03-26_13:16:21 INFO [BloodCastle - 3] Moving Players Out
2023-03-26_13:16:21 INFO [BloodCastle - 3] Clearing Monsters.
2023-03-26_13:16:21 INFO [BloodCastle - 3] BloodCastle::SetState_None
2023-03-26_13:16:21 INFO [BloodCastle - 4] Moving Players Out
2023-03-26_13:16:21 INFO [BloodCastle - 4] Clearing Monsters.
2023-03-26_13:16:21 INFO [BloodCastle - 4] BloodCastle::SetState_None
2023-03-26_13:16:21 INFO [BloodCastle - 5] Moving Players Out
2023-03-26_13:16:21 INFO [BloodCastle - 5] Clearing Monsters.
2023-03-26_13:16:21 INFO [BloodCastle - 5] BloodCastle::SetState_None
2023-03-26_13:16:21 INFO [BloodCastle - 6] Moving Players Out
2023-03-26_13:16:21 INFO [BloodCastle - 6] Clearing Monsters.
2023-03-26_13:16:21 INFO [BloodCastle - 6] BloodCastle::SetState_None
2023-03-26_13:16:21 INFO [BloodCastle - 7] Moving Players Out
2023-03-26_13:16:21 INFO [BloodCastle - 7] Clearing Monsters.
2023-03-26_13:16:21 INFO [BloodCastle - 7] BloodCastle::SetState_None
2023-03-26_13:16:21 INFO [BloodCastleMgr] SetState_None()
2023-03-26_14:00:01 INFO [BloodCastle - 1] Added Monster [20035][232].
2023-03-26_14:00:01 INFO [BloodCastle - 1] BloodCastle::SetState_Open
2023-03-26_14:00:01 INFO [BloodCastle - 2] Added Monster [20036][232].
2023-03-26_14:00:01 INFO [BloodCastle - 2] BloodCastle::SetState_Open
2023-03-26_14:00:01 INFO [BloodCastle - 3] Added Monster [20037][232].
2023-03-26_14:00:01 INFO [BloodCastle - 3] BloodCastle::SetState_Open
2023-03-26_14:00:01 INFO [BloodCastle - 4] Added Monster [20038][232].
2023-03-26_14:00:01 INFO [BloodCastle - 4] BloodCastle::SetState_Open
2023-03-26_14:00:01 INFO [BloodCastle - 5] Added Monster [20039][232].
2023-03-26_14:00:01 INFO [BloodCastle - 5] BloodCastle::SetState_Open
2023-03-26_14:00:01 INFO [BloodCastle - 6] Added Monster [20040][232].
2023-03-26_14:00:01 INFO [BloodCastle - 6] BloodCastle::SetState_Open
2023-03-26_14:00:01 INFO [BloodCastle - 7] Added Monster [20041][232].
2023-03-26_14:00:01 INFO [BloodCastle - 7] BloodCastle::SetState_Open
2023-03-26_14:00:01 INFO [BloodCastleMgr] SetState_Open()
2023-03-26_14:05:01 INFO [BloodCastle - 1] BloodCastle::SetState_StandBy
2023-03-26_14:05:01 INFO [BloodCastle - 2] BloodCastle::SetState_StandBy
2023-03-26_14:05:01 INFO [BloodCastle - 3] BloodCastle::SetState_StandBy
2023-03-26_14:05:01 INFO [BloodCastle - 4] BloodCastle::SetState_StandBy
2023-03-26_14:05:01 INFO [BloodCastle - 5] BloodCastle::SetState_StandBy
2023-03-26_14:05:01 INFO [BloodCastle - 6] BloodCastle::SetState_StandBy
2023-03-26_14:05:01 INFO [BloodCastle - 7] BloodCastle::SetState_StandBy
2023-03-26_14:05:01 INFO [BloodCastleMgr] SetState_Playing()
2023-03-26_14:06:01 INFO [BloodCastle - 1] Moving Players Out
2023-03-26_14:06:01 INFO [BloodCastle - 1] Clearing Monsters.
2023-03-26_14:06:01 INFO [BloodCastle - 1] BloodCastle::SetState_None
2023-03-26_14:06:01 INFO [BloodCastle - 2] Moving Players Out
2023-03-26_14:06:01 INFO [BloodCastle - 2] Clearing Monsters.
2023-03-26_14:06:01 INFO [BloodCastle - 2] BloodCastle::SetState_None
2023-03-26_14:06:01 INFO [BloodCastle - 3] Moving Players Out
2023-03-26_14:06:01 INFO [BloodCastle - 3] Clearing Monsters.
2023-03-26_14:06:01 INFO [BloodCastle - 3] BloodCastle::SetState_None
2023-03-26_14:06:01 INFO [BloodCastle - 4] Moving Players Out
2023-03-26_14:06:01 INFO [BloodCastle - 4] Clearing Monsters.
2023-03-26_14:06:01 INFO [BloodCastle - 4] BloodCastle::SetState_None
2023-03-26_14:06:01 INFO [BloodCastle - 5] Moving Players Out
2023-03-26_14:06:01 INFO [BloodCastle - 5] Clearing Monsters.
2023-03-26_14:06:01 INFO [BloodCastle - 5] BloodCastle::SetState_None
2023-03-26_14:06:01 INFO [BloodCastle - 6] Moving Players Out
2023-03-26_14:06:01 INFO [BloodCastle - 6] Clearing Monsters.
2023-03-26_14:06:01 INFO [BloodCastle - 6] BloodCastle::SetState_None
2023-03-26_14:06:01 INFO [BloodCastle - 7] Moving Players Out
2023-03-26_14:06:01 INFO [BloodCastle - 7] Clearing Monsters.
2023-03-26_14:06:01 INFO [BloodCastle - 7] BloodCastle::SetState_None
2023-03-26_14:06:01 INFO [BloodCastleMgr] SetState_None()
2023-03-26_15:00:00 INFO [BloodCastle - 1] Added Monster [20078][232].
2023-03-26_15:00:00 INFO [BloodCastle - 1] BloodCastle::SetState_Open
2023-03-26_15:00:00 INFO [BloodCastle - 2] Added Monster [20079][232].
2023-03-26_15:00:00 INFO [BloodCastle - 2] BloodCastle::SetState_Open
2023-03-26_15:00:00 INFO [BloodCastle - 3] Added Monster [20080][232].
2023-03-26_15:00:00 INFO [BloodCastle - 3] BloodCastle::SetState_Open
2023-03-26_15:00:00 INFO [BloodCastle - 4] Added Monster [20081][232].
2023-03-26_15:00:00 INFO [BloodCastle - 4] BloodCastle::SetState_Open
2023-03-26_15:00:00 INFO [BloodCastle - 5] Added Monster [20082][232].
2023-03-26_15:00:00 INFO [BloodCastle - 5] BloodCastle::SetState_Open
2023-03-26_15:00:00 INFO [BloodCastle - 6] Added Monster [20083][232].
2023-03-26_15:00:00 INFO [BloodCastle - 6] BloodCastle::SetState_Open
2023-03-26_15:00:00 INFO [BloodCastle - 7] Added Monster [20084][232].
2023-03-26_15:00:00 INFO [BloodCastle - 7] BloodCastle::SetState_Open
2023-03-26_15:00:01 INFO [BloodCastleMgr] SetState_Open()
2023-03-26_15:05:01 INFO [BloodCastle - 1] BloodCastle::SetState_StandBy
2023-03-26_15:05:01 INFO [BloodCastle - 2] BloodCastle::SetState_StandBy
2023-03-26_15:05:01 INFO [BloodCastle - 3] BloodCastle::SetState_StandBy
2023-03-26_15:05:01 INFO [BloodCastle - 4] BloodCastle::SetState_StandBy
2023-03-26_15:05:01 INFO [BloodCastle - 5] BloodCastle::SetState_StandBy
2023-03-26_15:05:01 INFO [BloodCastle - 6] BloodCastle::SetState_StandBy
2023-03-26_15:05:01 INFO [BloodCastle - 7] BloodCastle::SetState_StandBy
2023-03-26_15:05:01 INFO [BloodCastleMgr] SetState_Playing()
2023-03-26_15:06:01 INFO [BloodCastle - 1] Moving Players Out
2023-03-26_15:06:01 INFO [BloodCastle - 1] Clearing Monsters.
2023-03-26_15:06:01 INFO [BloodCastle - 1] BloodCastle::SetState_None
2023-03-26_15:06:01 INFO [BloodCastle - 2] Moving Players Out
2023-03-26_15:06:01 INFO [BloodCastle - 2] Clearing Monsters.
2023-03-26_15:06:01 INFO [BloodCastle - 2] BloodCastle::SetState_None
2023-03-26_15:06:01 INFO [BloodCastle - 3] Moving Players Out
2023-03-26_15:06:01 INFO [BloodCastle - 3] Clearing Monsters.
2023-03-26_15:06:01 INFO [BloodCastle - 3] BloodCastle::SetState_None
2023-03-26_15:06:01 INFO [BloodCastle - 4] Moving Players Out
2023-03-26_15:06:01 INFO [BloodCastle - 4] Clearing Monsters.
2023-03-26_15:06:01 INFO [BloodCastle - 4] BloodCastle::SetState_None
2023-03-26_15:06:01 INFO [BloodCastle - 5] Moving Players Out
2023-03-26_15:06:01 INFO [BloodCastle - 5] Clearing Monsters.
2023-03-26_15:06:01 INFO [BloodCastle - 5] BloodCastle::SetState_None
2023-03-26_15:06:01 INFO [BloodCastle - 6] Moving Players Out
2023-03-26_15:06:01 INFO [BloodCastle - 6] Clearing Monsters.
2023-03-26_15:06:01 INFO [BloodCastle - 6] BloodCastle::SetState_None
2023-03-26_15:06:01 INFO [BloodCastle - 7] Moving Players Out
2023-03-26_15:06:01 INFO [BloodCastle - 7] Clearing Monsters.
2023-03-26_15:06:01 INFO [BloodCastle - 7] BloodCastle::SetState_None
2023-03-26_15:06:02 INFO [BloodCastleMgr] SetState_None()
2023-03-26_15:44:34 INFO [BloodCastle - 1] Moving Players Out
2023-03-26_15:44:34 INFO [BloodCastle - 1] Clearing Monsters.
2023-03-26_15:44:34 INFO [BloodCastle - 1] BloodCastle::SetState_None
2023-03-26_15:44:34 INFO [BloodCastle - 2] Moving Players Out
2023-03-26_15:44:34 INFO [BloodCastle - 2] Clearing Monsters.
2023-03-26_15:44:34 INFO [BloodCastle - 2] BloodCastle::SetState_None
2023-03-26_15:44:34 INFO [BloodCastle - 3] Moving Players Out
2023-03-26_15:44:34 INFO [BloodCastle - 3] Clearing Monsters.
2023-03-26_15:44:34 INFO [BloodCastle - 3] BloodCastle::SetState_None
2023-03-26_15:44:34 INFO [BloodCastle - 4] Moving Players Out
2023-03-26_15:44:34 INFO [BloodCastle - 4] Clearing Monsters.
2023-03-26_15:44:34 INFO [BloodCastle - 4] BloodCastle::SetState_None
2023-03-26_15:44:34 INFO [BloodCastle - 5] Moving Players Out
2023-03-26_15:44:34 INFO [BloodCastle - 5] Clearing Monsters.
2023-03-26_15:44:34 INFO [BloodCastle - 5] BloodCastle::SetState_None
2023-03-26_15:44:34 INFO [BloodCastle - 6] Moving Players Out
2023-03-26_15:44:34 INFO [BloodCastle - 6] Clearing Monsters.
2023-03-26_15:44:34 INFO [BloodCastle - 6] BloodCastle::SetState_None
2023-03-26_15:44:34 INFO [BloodCastle - 7] Moving Players Out
2023-03-26_15:44:34 INFO [BloodCastle - 7] Clearing Monsters.
2023-03-26_15:44:34 INFO [BloodCastle - 7] BloodCastle::SetState_None
