2023-03-26_10:31:24 INFO [BloodCastle - 1] Moving Players Out
2023-03-26_10:31:24 INFO [BloodCastle - 1] Clearing Monsters.
2023-03-26_10:31:24 INFO [BloodCastle - 1] BloodCastle::SetState_None
2023-03-26_10:31:24 INFO [BloodCastle - 2] Moving Players Out
2023-03-26_10:31:24 INFO [BloodCastle - 2] Clearing Monsters.
2023-03-26_10:31:24 INFO [BloodCastle - 2] BloodCastle::SetState_None
2023-03-26_10:31:24 INFO [BloodCastle - 3] Moving Players Out
2023-03-26_10:31:24 INFO [BloodCastle - 3] Clearing Monsters.
2023-03-26_10:31:24 INFO [BloodCastle - 3] BloodCastle::SetState_None
2023-03-26_10:31:24 INFO [BloodCastle - 4] Moving Players Out
2023-03-26_10:31:24 INFO [BloodCastle - 4] Clearing Monsters.
2023-03-26_10:31:24 INFO [BloodCastle - 4] BloodCastle::SetState_None
2023-03-26_10:31:24 INFO [BloodCastle - 5] Moving Players Out
2023-03-26_10:31:24 INFO [BloodCastle - 5] Clearing Monsters.
2023-03-26_10:31:24 INFO [BloodCastle - 5] BloodCastle::SetState_None
2023-03-26_10:31:24 INFO [BloodCastle - 6] Moving Players Out
2023-03-26_10:31:24 INFO [BloodCastle - 6] Clearing Monsters.
2023-03-26_10:31:24 INFO [BloodCastle - 6] BloodCastle::SetState_None
2023-03-26_10:31:24 INFO [BloodCastle - 7] Moving Players Out
2023-03-26_10:31:24 INFO [BloodCastle - 7] Clearing Monsters.
2023-03-26_10:31:24 INFO [BloodCastle - 7] BloodCastle::SetState_None
2023-03-26_10:31:24 INFO [BloodCastleMgr] SetState_None()
2023-03-26_11:00:00 INFO [BloodCastle - 1] Added Monster [20015][232].
2023-03-26_11:00:00 INFO [BloodCastle - 1] BloodCastle::SetState_Open
2023-03-26_11:00:00 INFO [BloodCastle - 2] Added Monster [20016][232].
2023-03-26_11:00:00 INFO [BloodCastle - 2] BloodCastle::SetState_Open
2023-03-26_11:00:00 INFO [BloodCastle - 3] Added Monster [20017][232].
2023-03-26_11:00:00 INFO [BloodCastle - 3] BloodCastle::SetState_Open
2023-03-26_11:00:00 INFO [BloodCastle - 4] Added Monster [20018][232].
2023-03-26_11:00:00 INFO [BloodCastle - 4] BloodCastle::SetState_Open
2023-03-26_11:00:00 INFO [BloodCastle - 5] Added Monster [20019][232].
2023-03-26_11:00:00 INFO [BloodCastle - 5] BloodCastle::SetState_Open
2023-03-26_11:00:00 INFO [BloodCastle - 6] Added Monster [20020][232].
2023-03-26_11:00:00 INFO [BloodCastle - 6] BloodCastle::SetState_Open
2023-03-26_11:00:00 INFO [BloodCastle - 7] Added Monster [20021][232].
2023-03-26_11:00:00 INFO [BloodCastle - 7] BloodCastle::SetState_Open
2023-03-26_11:00:00 INFO [BloodCastleMgr] SetState_Open()
2023-03-26_11:05:00 INFO [BloodCastle - 1] BloodCastle::SetState_StandBy
2023-03-26_11:05:00 INFO [BloodCastle - 2] BloodCastle::SetState_StandBy
2023-03-26_11:05:00 INFO [BloodCastle - 3] BloodCastle::SetState_StandBy
2023-03-26_11:05:00 INFO [BloodCastle - 4] BloodCastle::SetState_StandBy
2023-03-26_11:05:00 INFO [BloodCastle - 5] BloodCastle::SetState_StandBy
2023-03-26_11:05:00 INFO [BloodCastle - 6] BloodCastle::SetState_StandBy
2023-03-26_11:05:00 INFO [BloodCastle - 7] BloodCastle::SetState_StandBy
2023-03-26_11:05:00 INFO [BloodCastleMgr] SetState_Playing()
2023-03-26_11:06:00 INFO [BloodCastle - 1] Moving Players Out
2023-03-26_11:06:00 INFO [BloodCastle - 1] Clearing Monsters.
2023-03-26_11:06:01 INFO [BloodCastle - 1] BloodCastle::SetState_None
2023-03-26_11:06:01 INFO [BloodCastle - 2] Moving Players Out
2023-03-26_11:06:01 INFO [BloodCastle - 2] Clearing Monsters.
2023-03-26_11:06:01 INFO [BloodCastle - 2] BloodCastle::SetState_None
2023-03-26_11:06:01 INFO [BloodCastle - 3] Moving Players Out
2023-03-26_11:06:01 INFO [BloodCastle - 3] Clearing Monsters.
2023-03-26_11:06:01 INFO [BloodCastle - 3] BloodCastle::SetState_None
2023-03-26_11:06:01 INFO [BloodCastle - 4] Moving Players Out
2023-03-26_11:06:01 INFO [BloodCastle - 4] Clearing Monsters.
2023-03-26_11:06:01 INFO [BloodCastle - 4] BloodCastle::SetState_None
2023-03-26_11:06:01 INFO [BloodCastle - 5] Moving Players Out
2023-03-26_11:06:01 INFO [BloodCastle - 5] Clearing Monsters.
2023-03-26_11:06:01 INFO [BloodCastle - 5] BloodCastle::SetState_None
2023-03-26_11:06:01 INFO [BloodCastle - 6] Moving Players Out
2023-03-26_11:06:01 INFO [BloodCastle - 6] Clearing Monsters.
2023-03-26_11:06:01 INFO [BloodCastle - 6] BloodCastle::SetState_None
2023-03-26_11:06:01 INFO [BloodCastle - 7] Moving Players Out
2023-03-26_11:06:01 INFO [BloodCastle - 7] Clearing Monsters.
2023-03-26_11:06:01 INFO [BloodCastle - 7] BloodCastle::SetState_None
2023-03-26_11:06:01 INFO [BloodCastleMgr] SetState_None()
2023-03-26_12:00:01 INFO [BloodCastle - 1] Added Monster [20122][232].
2023-03-26_12:00:01 INFO [BloodCastle - 1] BloodCastle::SetState_Open
2023-03-26_12:00:01 INFO [BloodCastle - 2] Added Monster [20123][232].
2023-03-26_12:00:01 INFO [BloodCastle - 2] BloodCastle::SetState_Open
2023-03-26_12:00:01 INFO [BloodCastle - 3] Added Monster [20124][232].
2023-03-26_12:00:01 INFO [BloodCastle - 3] BloodCastle::SetState_Open
2023-03-26_12:00:01 INFO [BloodCastle - 4] Added Monster [20125][232].
2023-03-26_12:00:01 INFO [BloodCastle - 4] BloodCastle::SetState_Open
2023-03-26_12:00:01 INFO [BloodCastle - 5] Added Monster [20126][232].
2023-03-26_12:00:01 INFO [BloodCastle - 5] BloodCastle::SetState_Open
2023-03-26_12:00:01 INFO [BloodCastle - 6] Added Monster [20127][232].
2023-03-26_12:00:01 INFO [BloodCastle - 6] BloodCastle::SetState_Open
2023-03-26_12:00:01 INFO [BloodCastle - 7] Added Monster [20128][232].
2023-03-26_12:00:01 INFO [BloodCastle - 7] BloodCastle::SetState_Open
2023-03-26_12:00:01 INFO [BloodCastleMgr] SetState_Open()
2023-03-26_12:05:01 INFO [BloodCastle - 1] BloodCastle::SetState_StandBy
2023-03-26_12:05:01 INFO [BloodCastle - 2] BloodCastle::SetState_StandBy
2023-03-26_12:05:01 INFO [BloodCastle - 3] BloodCastle::SetState_StandBy
2023-03-26_12:05:01 INFO [BloodCastle - 4] BloodCastle::SetState_StandBy
2023-03-26_12:05:01 INFO [BloodCastle - 5] BloodCastle::SetState_StandBy
2023-03-26_12:05:01 INFO [BloodCastle - 6] BloodCastle::SetState_StandBy
2023-03-26_12:05:01 INFO [BloodCastle - 7] BloodCastle::SetState_StandBy
2023-03-26_12:05:01 INFO [BloodCastleMgr] SetState_Playing()
2023-03-26_12:06:01 INFO [BloodCastle - 1] Moving Players Out
2023-03-26_12:06:01 INFO [BloodCastle - 1] Clearing Monsters.
2023-03-26_12:06:01 INFO [BloodCastle - 1] BloodCastle::SetState_None
2023-03-26_12:06:01 INFO [BloodCastle - 2] Moving Players Out
2023-03-26_12:06:01 INFO [BloodCastle - 2] Clearing Monsters.
2023-03-26_12:06:01 INFO [BloodCastle - 2] BloodCastle::SetState_None
2023-03-26_12:06:01 INFO [BloodCastle - 3] Moving Players Out
2023-03-26_12:06:01 INFO [BloodCastle - 3] Clearing Monsters.
2023-03-26_12:06:01 INFO [BloodCastle - 3] BloodCastle::SetState_None
2023-03-26_12:06:01 INFO [BloodCastle - 4] Moving Players Out
2023-03-26_12:06:01 INFO [BloodCastle - 4] Clearing Monsters.
2023-03-26_12:06:01 INFO [BloodCastle - 4] BloodCastle::SetState_None
2023-03-26_12:06:01 INFO [BloodCastle - 5] Moving Players Out
2023-03-26_12:06:01 INFO [BloodCastle - 5] Clearing Monsters.
2023-03-26_12:06:01 INFO [BloodCastle - 5] BloodCastle::SetState_None
2023-03-26_12:06:01 INFO [BloodCastle - 6] Moving Players Out
2023-03-26_12:06:01 INFO [BloodCastle - 6] Clearing Monsters.
2023-03-26_12:06:01 INFO [BloodCastle - 6] BloodCastle::SetState_None
2023-03-26_12:06:01 INFO [BloodCastle - 7] Moving Players Out
2023-03-26_12:06:01 INFO [BloodCastle - 7] Clearing Monsters.
2023-03-26_12:06:01 INFO [BloodCastle - 7] BloodCastle::SetState_None
2023-03-26_12:06:02 INFO [BloodCastleMgr] SetState_None()
2023-03-26_13:00:00 INFO [BloodCastle - 1] Added Monster [20168][232].
2023-03-26_13:00:00 INFO [BloodCastle - 1] BloodCastle::SetState_Open
2023-03-26_13:00:00 INFO [BloodCastle - 2] Added Monster [20169][232].
2023-03-26_13:00:00 INFO [BloodCastle - 2] BloodCastle::SetState_Open
2023-03-26_13:00:00 INFO [BloodCastle - 3] Added Monster [20170][232].
2023-03-26_13:00:00 INFO [BloodCastle - 3] BloodCastle::SetState_Open
2023-03-26_13:00:00 INFO [BloodCastle - 4] Added Monster [20171][232].
2023-03-26_13:00:00 INFO [BloodCastle - 4] BloodCastle::SetState_Open
2023-03-26_13:00:00 INFO [BloodCastle - 5] Added Monster [20172][232].
2023-03-26_13:00:00 INFO [BloodCastle - 5] BloodCastle::SetState_Open
2023-03-26_13:00:00 INFO [BloodCastle - 6] Added Monster [20173][232].
2023-03-26_13:00:00 INFO [BloodCastle - 6] BloodCastle::SetState_Open
2023-03-26_13:00:00 INFO [BloodCastle - 7] Added Monster [20174][232].
2023-03-26_13:00:00 INFO [BloodCastle - 7] BloodCastle::SetState_Open
2023-03-26_13:00:00 INFO [BloodCastleMgr] SetState_Open()
2023-03-26_13:05:00 INFO [BloodCastle - 1] BloodCastle::SetState_StandBy
2023-03-26_13:05:00 INFO [BloodCastle - 2] BloodCastle::SetState_StandBy
2023-03-26_13:05:00 INFO [BloodCastle - 3] BloodCastle::SetState_StandBy
2023-03-26_13:05:00 INFO [BloodCastle - 4] BloodCastle::SetState_StandBy
2023-03-26_13:05:00 INFO [BloodCastle - 5] BloodCastle::SetState_StandBy
2023-03-26_13:05:00 INFO [BloodCastle - 6] BloodCastle::SetState_StandBy
2023-03-26_13:05:00 INFO [BloodCastle - 7] BloodCastle::SetState_StandBy
2023-03-26_13:05:00 INFO [BloodCastleMgr] SetState_Playing()
2023-03-26_13:06:00 INFO [BloodCastle - 1] Moving Players Out
2023-03-26_13:06:00 INFO [BloodCastle - 1] Clearing Monsters.
2023-03-26_13:06:00 INFO [BloodCastle - 1] BloodCastle::SetState_None
2023-03-26_13:06:00 INFO [BloodCastle - 2] Moving Players Out
2023-03-26_13:06:00 INFO [BloodCastle - 2] Clearing Monsters.
2023-03-26_13:06:00 INFO [BloodCastle - 2] BloodCastle::SetState_None
2023-03-26_13:06:00 INFO [BloodCastle - 3] Moving Players Out
2023-03-26_13:06:00 INFO [BloodCastle - 3] Clearing Monsters.
2023-03-26_13:06:00 INFO [BloodCastle - 3] BloodCastle::SetState_None
2023-03-26_13:06:00 INFO [BloodCastle - 4] Moving Players Out
2023-03-26_13:06:00 INFO [BloodCastle - 4] Clearing Monsters.
2023-03-26_13:06:00 INFO [BloodCastle - 4] BloodCastle::SetState_None
2023-03-26_13:06:01 INFO [BloodCastle - 5] Moving Players Out
2023-03-26_13:06:01 INFO [BloodCastle - 5] Clearing Monsters.
2023-03-26_13:06:01 INFO [BloodCastle - 5] BloodCastle::SetState_None
2023-03-26_13:06:01 INFO [BloodCastle - 6] Moving Players Out
2023-03-26_13:06:01 INFO [BloodCastle - 6] Clearing Monsters.
2023-03-26_13:06:01 INFO [BloodCastle - 6] BloodCastle::SetState_None
2023-03-26_13:06:01 INFO [BloodCastle - 7] Moving Players Out
2023-03-26_13:06:01 INFO [BloodCastle - 7] Clearing Monsters.
2023-03-26_13:06:01 INFO [BloodCastle - 7] BloodCastle::SetState_None
2023-03-26_13:06:01 INFO [BloodCastleMgr] SetState_None()
2023-03-26_13:16:04 INFO [BloodCastle - 1] Moving Players Out
2023-03-26_13:16:04 INFO [BloodCastle - 1] Clearing Monsters.
2023-03-26_13:16:04 INFO [BloodCastle - 1] BloodCastle::SetState_None
2023-03-26_13:16:04 INFO [BloodCastle - 2] Moving Players Out
2023-03-26_13:16:04 INFO [BloodCastle - 2] Clearing Monsters.
2023-03-26_13:16:04 INFO [BloodCastle - 2] BloodCastle::SetState_None
2023-03-26_13:16:04 INFO [BloodCastle - 3] Moving Players Out
2023-03-26_13:16:04 INFO [BloodCastle - 3] Clearing Monsters.
2023-03-26_13:16:04 INFO [BloodCastle - 3] BloodCastle::SetState_None
2023-03-26_13:16:04 INFO [BloodCastle - 4] Moving Players Out
2023-03-26_13:16:04 INFO [BloodCastle - 4] Clearing Monsters.
2023-03-26_13:16:04 INFO [BloodCastle - 4] BloodCastle::SetState_None
2023-03-26_13:16:04 INFO [BloodCastle - 5] Moving Players Out
2023-03-26_13:16:04 INFO [BloodCastle - 5] Clearing Monsters.
2023-03-26_13:16:04 INFO [BloodCastle - 5] BloodCastle::SetState_None
2023-03-26_13:16:04 INFO [BloodCastle - 6] Moving Players Out
2023-03-26_13:16:04 INFO [BloodCastle - 6] Clearing Monsters.
2023-03-26_13:16:04 INFO [BloodCastle - 6] BloodCastle::SetState_None
2023-03-26_13:16:04 INFO [BloodCastle - 7] Moving Players Out
2023-03-26_13:16:04 INFO [BloodCastle - 7] Clearing Monsters.
2023-03-26_13:16:04 INFO [BloodCastle - 7] BloodCastle::SetState_None
