2023-03-25_22:38:23 INFO [BloodCastle - 1] Moving Players Out
2023-03-25_22:38:24 INFO [BloodCastle - 1] Clearing Monsters.
2023-03-25_22:38:24 INFO [BloodCastle - 1] BloodCastle::SetState_None
2023-03-25_22:38:24 INFO [BloodCastle - 2] Moving Players Out
2023-03-25_22:38:24 INFO [BloodCastle - 2] Clearing Monsters.
2023-03-25_22:38:24 INFO [BloodCastle - 2] BloodCastle::SetState_None
2023-03-25_22:38:24 INFO [BloodCastle - 3] Moving Players Out
2023-03-25_22:38:24 INFO [BloodCastle - 3] Clearing Monsters.
2023-03-25_22:38:24 INFO [BloodCastle - 3] BloodCastle::SetState_None
2023-03-25_22:38:24 INFO [BloodCastle - 4] Moving Players Out
2023-03-25_22:38:24 INFO [BloodCastle - 4] Clearing Monsters.
2023-03-25_22:38:24 INFO [BloodCastle - 4] BloodCastle::SetState_None
2023-03-25_22:38:24 INFO [BloodCastle - 5] Moving Players Out
2023-03-25_22:38:24 INFO [BloodCastle - 5] Clearing Monsters.
2023-03-25_22:38:24 INFO [BloodCastle - 5] BloodCastle::SetState_None
2023-03-25_22:38:24 INFO [BloodCastle - 6] Moving Players Out
2023-03-25_22:38:24 INFO [BloodCastle - 6] Clearing Monsters.
2023-03-25_22:38:24 INFO [BloodCastle - 6] BloodCastle::SetState_None
2023-03-25_22:38:24 INFO [BloodCastle - 7] Moving Players Out
2023-03-25_22:38:24 INFO [BloodCastle - 7] Clearing Monsters.
2023-03-25_22:38:24 INFO [BloodCastle - 7] BloodCastle::SetState_None
2023-03-25_22:38:24 INFO [BloodCastleMgr] SetState_None()
2023-03-25_23:00:00 INFO [BloodCastle - 1] Added Monster [20015][232].
2023-03-25_23:00:00 INFO [BloodCastle - 1] BloodCastle::SetState_Open
2023-03-25_23:00:00 INFO [BloodCastle - 2] Added Monster [20016][232].
2023-03-25_23:00:00 INFO [BloodCastle - 2] BloodCastle::SetState_Open
2023-03-25_23:00:00 INFO [BloodCastle - 3] Added Monster [20017][232].
2023-03-25_23:00:00 INFO [BloodCastle - 3] BloodCastle::SetState_Open
2023-03-25_23:00:00 INFO [BloodCastle - 4] Added Monster [20018][232].
2023-03-25_23:00:01 INFO [BloodCastle - 4] BloodCastle::SetState_Open
2023-03-25_23:00:01 INFO [BloodCastle - 5] Added Monster [20019][232].
2023-03-25_23:00:01 INFO [BloodCastle - 5] BloodCastle::SetState_Open
2023-03-25_23:00:01 INFO [BloodCastle - 6] Added Monster [20020][232].
2023-03-25_23:00:01 INFO [BloodCastle - 6] BloodCastle::SetState_Open
2023-03-25_23:00:01 INFO [BloodCastle - 7] Added Monster [20021][232].
2023-03-25_23:00:01 INFO [BloodCastle - 7] BloodCastle::SetState_Open
2023-03-25_23:00:01 INFO [BloodCastleMgr] SetState_Open()
2023-03-25_23:05:01 INFO [BloodCastle - 1] BloodCastle::SetState_StandBy
2023-03-25_23:05:01 INFO [BloodCastle - 2] BloodCastle::SetState_StandBy
2023-03-25_23:05:01 INFO [BloodCastle - 3] BloodCastle::SetState_StandBy
2023-03-25_23:05:01 INFO [BloodCastle - 4] BloodCastle::SetState_StandBy
2023-03-25_23:05:01 INFO [BloodCastle - 5] BloodCastle::SetState_StandBy
2023-03-25_23:05:01 INFO [BloodCastle - 6] BloodCastle::SetState_StandBy
2023-03-25_23:05:01 INFO [BloodCastle - 7] BloodCastle::SetState_StandBy
2023-03-25_23:05:01 INFO [BloodCastleMgr] SetState_Playing()
2023-03-25_23:06:01 INFO [BloodCastle - 1] Moving Players Out
2023-03-25_23:06:01 INFO [BloodCastle - 1] Clearing Monsters.
2023-03-25_23:06:01 INFO [BloodCastle - 1] BloodCastle::SetState_None
2023-03-25_23:06:01 INFO [BloodCastle - 2] Moving Players Out
2023-03-25_23:06:01 INFO [BloodCastle - 2] Clearing Monsters.
2023-03-25_23:06:01 INFO [BloodCastle - 2] BloodCastle::SetState_None
2023-03-25_23:06:01 INFO [BloodCastle - 3] Moving Players Out
2023-03-25_23:06:01 INFO [BloodCastle - 3] Clearing Monsters.
2023-03-25_23:06:01 INFO [BloodCastle - 3] BloodCastle::SetState_None
2023-03-25_23:06:01 INFO [BloodCastle - 4] Moving Players Out
2023-03-25_23:06:01 INFO [BloodCastle - 4] Clearing Monsters.
2023-03-25_23:06:01 INFO [BloodCastle - 4] BloodCastle::SetState_None
2023-03-25_23:06:01 INFO [BloodCastle - 5] Moving Players Out
2023-03-25_23:06:01 INFO [BloodCastle - 5] Clearing Monsters.
2023-03-25_23:06:01 INFO [BloodCastle - 5] BloodCastle::SetState_None
2023-03-25_23:06:01 INFO [BloodCastle - 6] Moving Players Out
2023-03-25_23:06:01 INFO [BloodCastle - 6] Clearing Monsters.
2023-03-25_23:06:01 INFO [BloodCastle - 6] BloodCastle::SetState_None
2023-03-25_23:06:01 INFO [BloodCastle - 7] Moving Players Out
2023-03-25_23:06:01 INFO [BloodCastle - 7] Clearing Monsters.
2023-03-25_23:06:01 INFO [BloodCastle - 7] BloodCastle::SetState_None
2023-03-25_23:06:01 INFO [BloodCastleMgr] SetState_None()
