2023-03-27_00:00:02 INFO Updating Objets 552 - Time: 128 ms
2023-03-27_06:32:14 INFO Updating Viewport Objets 524 - Time: 3 ms
2023-03-27_09:03:27 ERROR [ TCP Client ServerLink ] Error on receive: An existing connection was forcibly closed by the remote host
2023-03-27_09:03:27 INFO DISCONNECTED SERVERLINK
2023-03-27_09:03:32 INFO CONNECTING SERVERLINK
2023-03-27_09:03:36 ERROR [ TCP Client ServerLink ] Connect error: No connection could be made because the target machine actively refused it
2023-03-27_09:03:36 INFO DISCONNECTED SERVERLINK
2023-03-27_09:03:41 INFO CONNECTING SERVERLINK
2023-03-27_09:03:43 ERROR [ TCP Client ServerLink ] Connect error: No connection could be made because the target machine actively refused it
2023-03-27_09:03:43 INFO DISCONNECTED SERVERLINK
2023-03-27_09:03:48 INFO CONNECTING SERVERLINK
2023-03-27_09:03:50 ERROR [ TCP Client ServerLink ] Connect error: No connection could be made because the target machine actively refused it
2023-03-27_09:03:50 INFO DISCONNECTED SERVERLINK
2023-03-27_09:03:55 INFO CONNECTING SERVERLINK
2023-03-27_09:03:57 ERROR [ TCP Client ServerLink ] Connect error: No connection could be made because the target machine actively refused it
2023-03-27_09:03:57 INFO DISCONNECTED SERVERLINK
2023-03-27_09:04:02 INFO CONNECTING SERVERLINK
2023-03-27_09:04:04 ERROR [ TCP Client ServerLink ] Connect error: No connection could be made because the target machine actively refused it
2023-03-27_09:04:04 INFO DISCONNECTED SERVERLINK
2023-03-27_09:04:09 INFO CONNECTING SERVERLINK
2023-03-27_09:04:11 ERROR [ TCP Client ServerLink ] Connect error: No connection could be made because the target machine actively refused it
2023-03-27_09:04:11 INFO DISCONNECTED SERVERLINK
2023-03-27_09:04:16 INFO CONNECTING SERVERLINK
2023-03-27_09:04:18 ERROR [ TCP Client ServerLink ] Connect error: No connection could be made because the target machine actively refused it
2023-03-27_09:04:18 INFO DISCONNECTED SERVERLINK
2023-03-27_09:04:23 INFO CONNECTING SERVERLINK
2023-03-27_09:04:25 ERROR [ TCP Client ServerLink ] Connect error: No connection could be made because the target machine actively refused it
2023-03-27_09:04:25 INFO DISCONNECTED SERVERLINK
2023-03-27_09:04:30 INFO CONNECTING SERVERLINK
2023-03-27_09:04:32 ERROR [ TCP Client ServerLink ] Connect error: No connection could be made because the target machine actively refused it
2023-03-27_09:04:32 INFO DISCONNECTED SERVERLINK
2023-03-27_09:04:38 INFO CONNECTING SERVERLINK
2023-03-27_09:04:40 ERROR [ TCP Client ServerLink ] Connect error: No connection could be made because the target machine actively refused it
2023-03-27_09:04:40 INFO DISCONNECTED SERVERLINK
2023-03-27_09:04:45 INFO CONNECTING SERVERLINK
2023-03-27_09:04:47 ERROR [ TCP Client ServerLink ] Connect error: No connection could be made because the target machine actively refused it
2023-03-27_09:04:47 INFO DISCONNECTED SERVERLINK
2023-03-27_09:04:52 INFO CONNECTING SERVERLINK
2023-03-27_09:04:54 ERROR [ TCP Client ServerLink ] Connect error: No connection could be made because the target machine actively refused it
2023-03-27_09:04:54 INFO DISCONNECTED SERVERLINK
2023-03-27_09:04:59 INFO CONNECTING SERVERLINK
2023-03-27_09:05:01 ERROR [ TCP Client ServerLink ] Connect error: No connection could be made because the target machine actively refused it
2023-03-27_09:05:01 INFO DISCONNECTED SERVERLINK
2023-03-27_09:05:06 INFO CONNECTING SERVERLINK
2023-03-27_09:05:08 ERROR [ TCP Client ServerLink ] Connect error: No connection could be made because the target machine actively refused it
2023-03-27_09:05:08 INFO DISCONNECTED SERVERLINK
2023-03-27_09:05:13 INFO CONNECTING SERVERLINK
2023-03-27_09:05:15 ERROR [ TCP Client ServerLink ] Connect error: No connection could be made because the target machine actively refused it
2023-03-27_09:05:15 INFO DISCONNECTED SERVERLINK
2023-03-27_09:05:20 INFO CONNECTING SERVERLINK
2023-03-27_09:05:22 ERROR [ TCP Client ServerLink ] Connect error: No connection could be made because the target machine actively refused it
2023-03-27_09:05:22 INFO DISCONNECTED SERVERLINK
2023-03-27_09:05:28 INFO CONNECTING SERVERLINK
2023-03-27_09:05:30 ERROR [ TCP Client ServerLink ] Connect error: No connection could be made because the target machine actively refused it
2023-03-27_09:05:30 INFO DISCONNECTED SERVERLINK
2023-03-27_09:05:35 INFO CONNECTING SERVERLINK
2023-03-27_09:05:37 ERROR [ TCP Client ServerLink ] Connect error: No connection could be made because the target machine actively refused it
2023-03-27_09:05:37 INFO DISCONNECTED SERVERLINK
2023-03-27_09:05:42 INFO CONNECTING SERVERLINK
2023-03-27_09:05:44 ERROR [ TCP Client ServerLink ] Connect error: No connection could be made because the target machine actively refused it
2023-03-27_09:05:44 INFO DISCONNECTED SERVERLINK
2023-03-27_09:05:49 INFO CONNECTING SERVERLINK
2023-03-27_09:05:51 ERROR [ TCP Client ServerLink ] Connect error: No connection could be made because the target machine actively refused it
2023-03-27_09:05:51 INFO DISCONNECTED SERVERLINK
2023-03-27_09:05:56 INFO CONNECTING SERVERLINK
2023-03-27_09:05:58 ERROR [ TCP Client ServerLink ] Connect error: No connection could be made because the target machine actively refused it
2023-03-27_09:05:58 INFO DISCONNECTED SERVERLINK
2023-03-27_09:06:03 INFO Updating Objets 523 - Time: 131 ms
2023-03-27_09:06:04 INFO CONNECTING SERVERLINK
2023-03-27_09:06:06 ERROR [ TCP Client ServerLink ] Connect error: No connection could be made because the target machine actively refused it
2023-03-27_09:06:06 INFO DISCONNECTED SERVERLINK
2023-03-27_09:06:11 INFO CONNECTING SERVERLINK
2023-03-27_09:06:13 ERROR [ TCP Client ServerLink ] Connect error: No connection could be made because the target machine actively refused it
2023-03-27_09:06:13 INFO DISCONNECTED SERVERLINK
2023-03-27_09:06:18 INFO CONNECTING SERVERLINK
2023-03-27_09:06:20 ERROR [ TCP Client ServerLink ] Connect error: No connection could be made because the target machine actively refused it
2023-03-27_09:06:20 INFO DISCONNECTED SERVERLINK
2023-03-27_09:06:25 INFO CONNECTING SERVERLINK
2023-03-27_09:06:28 ERROR [ TCP Client ServerLink ] Connect error: No connection could be made because the target machine actively refused it
2023-03-27_09:06:28 INFO DISCONNECTED SERVERLINK
2023-03-27_09:06:33 INFO CONNECTING SERVERLINK
2023-03-27_09:06:35 ERROR [ TCP Client ServerLink ] Connect error: No connection could be made because the target machine actively refused it
2023-03-27_09:06:35 INFO DISCONNECTED SERVERLINK
2023-03-27_09:06:40 INFO CONNECTING SERVERLINK
2023-03-27_09:06:42 ERROR [ TCP Client ServerLink ] Connect error: No connection could be made because the target machine actively refused it
2023-03-27_09:06:42 INFO DISCONNECTED SERVERLINK
2023-03-27_09:06:47 INFO CONNECTING SERVERLINK
2023-03-27_09:06:49 ERROR [ TCP Client ServerLink ] Connect error: No connection could be made because the target machine actively refused it
2023-03-27_09:06:49 INFO DISCONNECTED SERVERLINK
2023-03-27_09:06:54 INFO CONNECTING SERVERLINK
2023-03-27_09:06:56 ERROR [ TCP Client ServerLink ] Connect error: No connection could be made because the target machine actively refused it
2023-03-27_09:06:56 INFO DISCONNECTED SERVERLINK
2023-03-27_09:07:01 INFO CONNECTING SERVERLINK
2023-03-27_09:07:03 ERROR [ TCP Client ServerLink ] Connect error: No connection could be made because the target machine actively refused it
2023-03-27_09:07:03 INFO DISCONNECTED SERVERLINK
2023-03-27_09:07:08 INFO CONNECTING SERVERLINK
2023-03-27_09:07:10 ERROR [ TCP Client ServerLink ] Connect error: No connection could be made because the target machine actively refused it
2023-03-27_09:07:10 INFO DISCONNECTED SERVERLINK
2023-03-27_09:07:15 INFO CONNECTING SERVERLINK
2023-03-27_09:07:17 ERROR [ TCP Client ServerLink ] Connect error: No connection could be made because the target machine actively refused it
2023-03-27_09:07:17 INFO DISCONNECTED SERVERLINK
2023-03-27_09:07:22 INFO CONNECTING SERVERLINK
2023-03-27_09:07:24 ERROR [ TCP Client ServerLink ] Connect error: No connection could be made because the target machine actively refused it
2023-03-27_09:07:24 INFO DISCONNECTED SERVERLINK
2023-03-27_09:07:30 INFO CONNECTING SERVERLINK
2023-03-27_09:07:32 ERROR [ TCP Client ServerLink ] Connect error: No connection could be made because the target machine actively refused it
2023-03-27_09:07:32 INFO DISCONNECTED SERVERLINK
2023-03-27_09:07:37 INFO CONNECTING SERVERLINK
2023-03-27_09:07:39 ERROR [ TCP Client ServerLink ] Connect error: No connection could be made because the target machine actively refused it
2023-03-27_09:07:39 INFO DISCONNECTED SERVERLINK
2023-03-27_09:07:44 INFO CONNECTING SERVERLINK
2023-03-27_09:07:46 ERROR [ TCP Client ServerLink ] Connect error: No connection could be made because the target machine actively refused it
2023-03-27_09:07:46 INFO DISCONNECTED SERVERLINK
2023-03-27_09:07:51 INFO CONNECTING SERVERLINK
2023-03-27_09:07:53 ERROR [ TCP Client ServerLink ] Connect error: No connection could be made because the target machine actively refused it
2023-03-27_09:07:53 INFO DISCONNECTED SERVERLINK
2023-03-27_09:07:58 INFO CONNECTING SERVERLINK
2023-03-27_09:08:00 ERROR [ TCP Client ServerLink ] Connect error: No connection could be made because the target machine actively refused it
2023-03-27_09:08:00 INFO DISCONNECTED SERVERLINK
2023-03-27_09:08:05 INFO CONNECTING SERVERLINK
2023-03-27_09:08:07 ERROR [ TCP Client ServerLink ] Connect error: No connection could be made because the target machine actively refused it
2023-03-27_09:08:07 INFO DISCONNECTED SERVERLINK
2023-03-27_09:08:12 INFO CONNECTING SERVERLINK
2023-03-27_09:08:14 ERROR [ TCP Client ServerLink ] Connect error: No connection could be made because the target machine actively refused it
2023-03-27_09:08:14 INFO DISCONNECTED SERVERLINK
2023-03-27_09:08:19 INFO CONNECTING SERVERLINK
2023-03-27_09:08:22 ERROR [ TCP Client ServerLink ] Connect error: No connection could be made because the target machine actively refused it
2023-03-27_09:08:22 INFO DISCONNECTED SERVERLINK
2023-03-27_09:08:27 INFO CONNECTING SERVERLINK
2023-03-27_09:08:29 ERROR [ TCP Client ServerLink ] Connect error: No connection could be made because the target machine actively refused it
2023-03-27_09:08:29 INFO DISCONNECTED SERVERLINK
2023-03-27_09:08:34 INFO CONNECTING SERVERLINK
2023-03-27_09:08:36 ERROR [ TCP Client ServerLink ] Connect error: No connection could be made because the target machine actively refused it
2023-03-27_09:08:36 INFO DISCONNECTED SERVERLINK
2023-03-27_09:08:41 INFO CONNECTING SERVERLINK
2023-03-27_09:08:43 ERROR [ TCP Client ServerLink ] Connect error: No connection could be made because the target machine actively refused it
2023-03-27_09:08:43 INFO DISCONNECTED SERVERLINK
2023-03-27_09:08:48 INFO CONNECTING SERVERLINK
2023-03-27_09:08:50 ERROR [ TCP Client ServerLink ] Connect error: No connection could be made because the target machine actively refused it
2023-03-27_09:08:50 INFO DISCONNECTED SERVERLINK
2023-03-27_09:08:55 INFO CONNECTING SERVERLINK
2023-03-27_09:08:57 ERROR [ TCP Client ServerLink ] Connect error: No connection could be made because the target machine actively refused it
2023-03-27_09:08:57 INFO DISCONNECTED SERVERLINK
2023-03-27_09:09:02 INFO CONNECTING SERVERLINK
2023-03-27_09:09:04 ERROR [ TCP Client ServerLink ] Connect error: No connection could be made because the target machine actively refused it
2023-03-27_09:09:04 INFO DISCONNECTED SERVERLINK
2023-03-27_09:09:09 INFO CONNECTING SERVERLINK
2023-03-27_09:09:12 ERROR [ TCP Client ServerLink ] Connect error: No connection could be made because the target machine actively refused it
2023-03-27_09:09:12 INFO DISCONNECTED SERVERLINK
2023-03-27_09:09:17 INFO CONNECTING SERVERLINK
2023-03-27_09:09:19 ERROR [ TCP Client ServerLink ] Connect error: No connection could be made because the target machine actively refused it
2023-03-27_09:09:19 INFO DISCONNECTED SERVERLINK
2023-03-27_09:09:24 INFO CONNECTING SERVERLINK
2023-03-27_09:09:26 ERROR [ TCP Client ServerLink ] Connect error: No connection could be made because the target machine actively refused it
2023-03-27_09:09:26 INFO DISCONNECTED SERVERLINK
2023-03-27_09:09:31 INFO CONNECTING SERVERLINK
2023-03-27_09:09:33 ERROR [ TCP Client ServerLink ] Connect error: No connection could be made because the target machine actively refused it
2023-03-27_09:09:33 INFO DISCONNECTED SERVERLINK
2023-03-27_09:09:38 INFO CONNECTING SERVERLINK
2023-03-27_09:09:40 ERROR [ TCP Client ServerLink ] Connect error: No connection could be made because the target machine actively refused it
2023-03-27_09:09:40 INFO DISCONNECTED SERVERLINK
2023-03-27_09:09:45 INFO CONNECTING SERVERLINK
2023-03-27_09:09:47 ERROR [ TCP Client ServerLink ] Connect error: No connection could be made because the target machine actively refused it
2023-03-27_09:09:47 INFO DISCONNECTED SERVERLINK
2023-03-27_09:09:52 INFO CONNECTING SERVERLINK
2023-03-27_09:09:54 ERROR [ TCP Client ServerLink ] Connect error: No connection could be made because the target machine actively refused it
2023-03-27_09:09:54 INFO DISCONNECTED SERVERLINK
2023-03-27_09:09:59 INFO CONNECTING SERVERLINK
2023-03-27_09:10:02 ERROR [ TCP Client ServerLink ] Connect error: No connection could be made because the target machine actively refused it
2023-03-27_09:10:02 INFO DISCONNECTED SERVERLINK
2023-03-27_09:10:07 INFO CONNECTING SERVERLINK
2023-03-27_09:10:09 ERROR [ TCP Client ServerLink ] Connect error: No connection could be made because the target machine actively refused it
2023-03-27_09:10:09 INFO DISCONNECTED SERVERLINK
2023-03-27_09:10:14 INFO CONNECTING SERVERLINK
2023-03-27_09:10:16 ERROR [ TCP Client ServerLink ] Connect error: No connection could be made because the target machine actively refused it
2023-03-27_09:10:16 INFO DISCONNECTED SERVERLINK
2023-03-27_09:10:21 INFO CONNECTING SERVERLINK
2023-03-27_09:10:23 ERROR [ TCP Client ServerLink ] Connect error: No connection could be made because the target machine actively refused it
2023-03-27_09:10:23 INFO DISCONNECTED SERVERLINK
2023-03-27_09:10:28 INFO CONNECTING SERVERLINK
2023-03-27_09:10:30 ERROR [ TCP Client ServerLink ] Connect error: No connection could be made because the target machine actively refused it
2023-03-27_09:10:30 INFO DISCONNECTED SERVERLINK
2023-03-27_09:10:35 INFO CONNECTING SERVERLINK
2023-03-27_09:10:38 ERROR [ TCP Client ServerLink ] Connect error: No connection could be made because the target machine actively refused it
2023-03-27_09:10:38 INFO DISCONNECTED SERVERLINK
2023-03-27_09:10:43 INFO CONNECTING SERVERLINK
2023-03-27_09:10:45 ERROR [ TCP Client ServerLink ] Connect error: No connection could be made because the target machine actively refused it
2023-03-27_09:10:45 INFO DISCONNECTED SERVERLINK
2023-03-27_09:10:50 INFO CONNECTING SERVERLINK
2023-03-27_09:10:52 ERROR [ TCP Client ServerLink ] Connect error: No connection could be made because the target machine actively refused it
2023-03-27_09:10:52 INFO DISCONNECTED SERVERLINK
2023-03-27_09:10:57 INFO CONNECTING SERVERLINK
2023-03-27_09:10:59 ERROR [ TCP Client ServerLink ] Connect error: No connection could be made because the target machine actively refused it
2023-03-27_09:10:59 INFO DISCONNECTED SERVERLINK
2023-03-27_09:11:04 INFO CONNECTING SERVERLINK
2023-03-27_09:11:06 ERROR [ TCP Client ServerLink ] Connect error: No connection could be made because the target machine actively refused it
2023-03-27_09:11:06 INFO DISCONNECTED SERVERLINK
2023-03-27_09:11:11 INFO CONNECTING SERVERLINK
2023-03-27_09:11:13 ERROR [ TCP Client ServerLink ] Connect error: No connection could be made because the target machine actively refused it
2023-03-27_09:11:13 INFO DISCONNECTED SERVERLINK
2023-03-27_09:11:18 INFO CONNECTING SERVERLINK
2023-03-27_09:11:20 ERROR [ TCP Client ServerLink ] Connect error: No connection could be made because the target machine actively refused it
2023-03-27_09:11:20 INFO DISCONNECTED SERVERLINK
2023-03-27_09:11:25 INFO CONNECTING SERVERLINK
2023-03-27_09:11:28 ERROR [ TCP Client ServerLink ] Connect error: No connection could be made because the target machine actively refused it
2023-03-27_09:11:28 INFO DISCONNECTED SERVERLINK
2023-03-27_09:11:33 INFO CONNECTING SERVERLINK
2023-03-27_09:11:35 ERROR [ TCP Client ServerLink ] Connect error: No connection could be made because the target machine actively refused it
2023-03-27_09:11:35 INFO DISCONNECTED SERVERLINK
2023-03-27_09:11:40 INFO CONNECTING SERVERLINK
2023-03-27_09:11:42 ERROR [ TCP Client ServerLink ] Connect error: No connection could be made because the target machine actively refused it
2023-03-27_09:11:42 INFO DISCONNECTED SERVERLINK
2023-03-27_09:11:47 INFO CONNECTING SERVERLINK
2023-03-27_09:11:49 ERROR [ TCP Client ServerLink ] Connect error: No connection could be made because the target machine actively refused it
2023-03-27_09:11:49 INFO DISCONNECTED SERVERLINK
2023-03-27_09:11:54 INFO CONNECTING SERVERLINK
2023-03-27_09:11:56 ERROR [ TCP Client ServerLink ] Connect error: No connection could be made because the target machine actively refused it
2023-03-27_09:11:56 INFO DISCONNECTED SERVERLINK
2023-03-27_09:12:01 INFO CONNECTING SERVERLINK
2023-03-27_09:12:03 ERROR [ TCP Client ServerLink ] Connect error: No connection could be made because the target machine actively refused it
2023-03-27_09:12:03 INFO DISCONNECTED SERVERLINK
2023-03-27_09:12:08 INFO CONNECTING SERVERLINK
2023-03-27_09:12:11 ERROR [ TCP Client ServerLink ] Connect error: No connection could be made because the target machine actively refused it
2023-03-27_09:12:11 INFO DISCONNECTED SERVERLINK
2023-03-27_09:12:16 INFO CONNECTING SERVERLINK
2023-03-27_09:12:18 ERROR [ TCP Client ServerLink ] Connect error: No connection could be made because the target machine actively refused it
2023-03-27_09:12:18 INFO DISCONNECTED SERVERLINK
2023-03-27_09:12:24 INFO CONNECTING SERVERLINK
2023-03-27_09:12:26 ERROR [ TCP Client ServerLink ] Connect error: No connection could be made because the target machine actively refused it
2023-03-27_09:12:26 INFO DISCONNECTED SERVERLINK
2023-03-27_09:12:31 INFO CONNECTING SERVERLINK
2023-03-27_09:12:33 ERROR [ TCP Client ServerLink ] Connect error: No connection could be made because the target machine actively refused it
2023-03-27_09:12:33 INFO DISCONNECTED SERVERLINK
2023-03-27_09:12:38 INFO CONNECTING SERVERLINK
2023-03-27_09:12:40 ERROR [ TCP Client ServerLink ] Connect error: No connection could be made because the target machine actively refused it
2023-03-27_09:12:40 INFO DISCONNECTED SERVERLINK
2023-03-27_09:12:45 INFO CONNECTING SERVERLINK
2023-03-27_09:12:48 ERROR [ TCP Client ServerLink ] Connect error: No connection could be made because the target machine actively refused it
2023-03-27_09:12:48 INFO DISCONNECTED SERVERLINK
2023-03-27_09:12:53 INFO CONNECTING SERVERLINK
2023-03-27_09:12:55 ERROR [ TCP Client ServerLink ] Connect error: No connection could be made because the target machine actively refused it
2023-03-27_09:12:55 INFO DISCONNECTED SERVERLINK
2023-03-27_09:13:01 INFO CONNECTING SERVERLINK
2023-03-27_09:13:03 ERROR [ TCP Client ServerLink ] Connect error: No connection could be made because the target machine actively refused it
2023-03-27_09:13:03 INFO DISCONNECTED SERVERLINK
2023-03-27_09:13:08 INFO CONNECTING SERVERLINK
2023-03-27_09:13:10 ERROR [ TCP Client ServerLink ] Connect error: No connection could be made because the target machine actively refused it
2023-03-27_09:13:10 INFO DISCONNECTED SERVERLINK
2023-03-27_09:13:15 INFO CONNECTING SERVERLINK
2023-03-27_09:13:17 ERROR [ TCP Client ServerLink ] Connect error: No connection could be made because the target machine actively refused it
2023-03-27_09:13:17 INFO DISCONNECTED SERVERLINK
2023-03-27_09:13:22 INFO CONNECTING SERVERLINK
2023-03-27_09:13:24 ERROR [ TCP Client ServerLink ] Connect error: No connection could be made because the target machine actively refused it
2023-03-27_09:13:24 INFO DISCONNECTED SERVERLINK
2023-03-27_09:13:29 INFO CONNECTING SERVERLINK
2023-03-27_09:13:31 ERROR [ TCP Client ServerLink ] Connect error: No connection could be made because the target machine actively refused it
2023-03-27_09:13:31 INFO DISCONNECTED SERVERLINK
2023-03-27_09:13:36 INFO CONNECTING SERVERLINK
2023-03-27_09:13:38 ERROR [ TCP Client ServerLink ] Connect error: No connection could be made because the target machine actively refused it
2023-03-27_09:13:38 INFO DISCONNECTED SERVERLINK
2023-03-27_09:13:43 INFO CONNECTING SERVERLINK
2023-03-27_09:13:46 ERROR [ TCP Client ServerLink ] Connect error: No connection could be made because the target machine actively refused it
2023-03-27_09:13:46 INFO DISCONNECTED SERVERLINK
2023-03-27_09:13:51 INFO CONNECTING SERVERLINK
2023-03-27_09:13:53 ERROR [ TCP Client ServerLink ] Connect error: No connection could be made because the target machine actively refused it
2023-03-27_09:13:53 INFO DISCONNECTED SERVERLINK
2023-03-27_09:13:58 INFO CONNECTING SERVERLINK
2023-03-27_09:14:00 ERROR [ TCP Client ServerLink ] Connect error: No connection could be made because the target machine actively refused it
2023-03-27_09:14:00 INFO DISCONNECTED SERVERLINK
2023-03-27_09:14:05 INFO CONNECTING SERVERLINK
2023-03-27_09:14:07 ERROR [ TCP Client ServerLink ] Connect error: No connection could be made because the target machine actively refused it
2023-03-27_09:14:07 INFO DISCONNECTED SERVERLINK
2023-03-27_09:14:12 INFO CONNECTING SERVERLINK
2023-03-27_09:14:14 ERROR [ TCP Client ServerLink ] Connect error: No connection could be made because the target machine actively refused it
2023-03-27_09:14:14 INFO DISCONNECTED SERVERLINK
2023-03-27_09:14:19 INFO CONNECTING SERVERLINK
2023-03-27_09:14:21 ERROR [ TCP Client ServerLink ] Connect error: No connection could be made because the target machine actively refused it
2023-03-27_09:14:21 INFO DISCONNECTED SERVERLINK
2023-03-27_09:14:26 INFO CONNECTING SERVERLINK
2023-03-27_09:14:29 ERROR [ TCP Client ServerLink ] Connect error: No connection could be made because the target machine actively refused it
2023-03-27_09:14:29 INFO DISCONNECTED SERVERLINK
2023-03-27_09:14:34 INFO CONNECTING SERVERLINK
2023-03-27_09:14:36 ERROR [ TCP Client ServerLink ] Connect error: No connection could be made because the target machine actively refused it
2023-03-27_09:14:36 INFO DISCONNECTED SERVERLINK
2023-03-27_09:14:41 INFO CONNECTING SERVERLINK
2023-03-27_09:14:43 ERROR [ TCP Client ServerLink ] Connect error: No connection could be made because the target machine actively refused it
2023-03-27_09:14:43 INFO DISCONNECTED SERVERLINK
2023-03-27_09:14:48 INFO CONNECTING SERVERLINK
2023-03-27_09:14:50 ERROR [ TCP Client ServerLink ] Connect error: No connection could be made because the target machine actively refused it
2023-03-27_09:14:50 INFO DISCONNECTED SERVERLINK
2023-03-27_09:14:55 INFO CONNECTING SERVERLINK
2023-03-27_09:14:57 ERROR [ TCP Client ServerLink ] Connect error: No connection could be made because the target machine actively refused it
2023-03-27_09:14:57 INFO DISCONNECTED SERVERLINK
2023-03-27_09:15:02 INFO CONNECTING SERVERLINK
2023-03-27_09:15:04 ERROR [ TCP Client ServerLink ] Connect error: No connection could be made because the target machine actively refused it
2023-03-27_09:15:04 INFO DISCONNECTED SERVERLINK
2023-03-27_09:15:09 INFO CONNECTING SERVERLINK
2023-03-27_09:15:11 ERROR [ TCP Client ServerLink ] Connect error: No connection could be made because the target machine actively refused it
2023-03-27_09:15:11 INFO DISCONNECTED SERVERLINK
2023-03-27_09:15:16 INFO CONNECTING SERVERLINK
2023-03-27_09:15:18 ERROR [ TCP Client ServerLink ] Connect error: No connection could be made because the target machine actively refused it
2023-03-27_09:15:18 INFO DISCONNECTED SERVERLINK
2023-03-27_09:15:24 INFO CONNECTING SERVERLINK
2023-03-27_09:15:26 ERROR [ TCP Client ServerLink ] Connect error: No connection could be made because the target machine actively refused it
2023-03-27_09:15:26 INFO DISCONNECTED SERVERLINK
2023-03-27_09:15:31 INFO CONNECTING SERVERLINK
2023-03-27_09:15:33 ERROR [ TCP Client ServerLink ] Connect error: No connection could be made because the target machine actively refused it
2023-03-27_09:15:33 INFO DISCONNECTED SERVERLINK
2023-03-27_09:15:38 INFO CONNECTING SERVERLINK
2023-03-27_09:15:40 ERROR [ TCP Client ServerLink ] Connect error: No connection could be made because the target machine actively refused it
2023-03-27_09:15:40 INFO DISCONNECTED SERVERLINK
2023-03-27_09:15:45 INFO CONNECTING SERVERLINK
2023-03-27_09:15:47 ERROR [ TCP Client ServerLink ] Connect error: No connection could be made because the target machine actively refused it
2023-03-27_09:15:47 INFO DISCONNECTED SERVERLINK
2023-03-27_09:15:52 INFO CONNECTING SERVERLINK
2023-03-27_09:15:54 ERROR [ TCP Client ServerLink ] Connect error: No connection could be made because the target machine actively refused it
2023-03-27_09:15:54 INFO DISCONNECTED SERVERLINK
2023-03-27_09:15:59 INFO CONNECTING SERVERLINK
2023-03-27_09:16:01 ERROR [ TCP Client ServerLink ] Connect error: No connection could be made because the target machine actively refused it
2023-03-27_09:16:01 INFO DISCONNECTED SERVERLINK
2023-03-27_09:16:06 INFO CONNECTING SERVERLINK
2023-03-27_09:16:08 ERROR [ TCP Client ServerLink ] Connect error: No connection could be made because the target machine actively refused it
2023-03-27_09:16:08 INFO DISCONNECTED SERVERLINK
2023-03-27_09:16:14 INFO CONNECTING SERVERLINK
2023-03-27_09:16:16 ERROR [ TCP Client ServerLink ] Connect error: No connection could be made because the target machine actively refused it
2023-03-27_09:16:16 INFO DISCONNECTED SERVERLINK
2023-03-27_09:16:21 INFO CONNECTING SERVERLINK
2023-03-27_09:16:23 ERROR [ TCP Client ServerLink ] Connect error: No connection could be made because the target machine actively refused it
2023-03-27_09:16:23 INFO DISCONNECTED SERVERLINK
2023-03-27_09:16:28 INFO CONNECTING SERVERLINK
2023-03-27_09:16:30 ERROR [ TCP Client ServerLink ] Connect error: No connection could be made because the target machine actively refused it
2023-03-27_09:16:30 INFO DISCONNECTED SERVERLINK
2023-03-27_09:16:35 INFO CONNECTING SERVERLINK
2023-03-27_09:16:37 ERROR [ TCP Client ServerLink ] Connect error: No connection could be made because the target machine actively refused it
2023-03-27_09:16:37 INFO DISCONNECTED SERVERLINK
2023-03-27_09:16:42 INFO CONNECTING SERVERLINK
2023-03-27_09:16:44 ERROR [ TCP Client ServerLink ] Connect error: No connection could be made because the target machine actively refused it
2023-03-27_09:16:44 INFO DISCONNECTED SERVERLINK
2023-03-27_09:16:49 INFO CONNECTING SERVERLINK
2023-03-27_09:16:51 ERROR [ TCP Client ServerLink ] Connect error: No connection could be made because the target machine actively refused it
2023-03-27_09:16:51 INFO DISCONNECTED SERVERLINK
2023-03-27_09:16:56 INFO CONNECTING SERVERLINK
2023-03-27_09:16:58 ERROR [ TCP Client ServerLink ] Connect error: No connection could be made because the target machine actively refused it
2023-03-27_09:16:58 INFO DISCONNECTED SERVERLINK
2023-03-27_09:17:03 INFO CONNECTING SERVERLINK
2023-03-27_09:17:05 ERROR [ TCP Client ServerLink ] Connect error: No connection could be made because the target machine actively refused it
2023-03-27_09:17:05 INFO DISCONNECTED SERVERLINK
2023-03-27_09:17:11 INFO CONNECTING SERVERLINK
2023-03-27_09:17:13 ERROR [ TCP Client ServerLink ] Connect error: No connection could be made because the target machine actively refused it
2023-03-27_09:17:13 INFO DISCONNECTED SERVERLINK
2023-03-27_09:17:18 INFO CONNECTING SERVERLINK
2023-03-27_09:17:20 ERROR [ TCP Client ServerLink ] Connect error: No connection could be made because the target machine actively refused it
2023-03-27_09:17:20 INFO DISCONNECTED SERVERLINK
2023-03-27_09:17:25 INFO CONNECTING SERVERLINK
2023-03-27_09:17:27 ERROR [ TCP Client ServerLink ] Connect error: No connection could be made because the target machine actively refused it
2023-03-27_09:17:27 INFO DISCONNECTED SERVERLINK
2023-03-27_09:17:32 INFO CONNECTING SERVERLINK
2023-03-27_09:17:34 ERROR [ TCP Client ServerLink ] Connect error: No connection could be made because the target machine actively refused it
2023-03-27_09:17:34 INFO DISCONNECTED SERVERLINK
2023-03-27_09:17:39 INFO CONNECTING SERVERLINK
2023-03-27_09:17:41 ERROR [ TCP Client ServerLink ] Connect error: No connection could be made because the target machine actively refused it
2023-03-27_09:17:41 INFO DISCONNECTED SERVERLINK
2023-03-27_09:17:46 INFO CONNECTING SERVERLINK
2023-03-27_09:17:49 ERROR [ TCP Client ServerLink ] Connect error: No connection could be made because the target machine actively refused it
2023-03-27_09:17:49 INFO DISCONNECTED SERVERLINK
2023-03-27_09:17:54 INFO CONNECTING SERVERLINK
2023-03-27_09:17:56 ERROR [ TCP Client ServerLink ] Connect error: No connection could be made because the target machine actively refused it
2023-03-27_09:17:56 INFO DISCONNECTED SERVERLINK
2023-03-27_09:18:01 INFO CONNECTING SERVERLINK
2023-03-27_09:18:03 ERROR [ TCP Client ServerLink ] Connect error: No connection could be made because the target machine actively refused it
2023-03-27_09:18:03 INFO DISCONNECTED SERVERLINK
2023-03-27_09:18:08 INFO CONNECTING SERVERLINK
2023-03-27_09:18:10 ERROR [ TCP Client ServerLink ] Connect error: No connection could be made because the target machine actively refused it
2023-03-27_09:18:10 INFO DISCONNECTED SERVERLINK
2023-03-27_09:18:15 INFO CONNECTING SERVERLINK
2023-03-27_09:18:17 ERROR [ TCP Client ServerLink ] Connect error: No connection could be made because the target machine actively refused it
2023-03-27_09:18:17 INFO DISCONNECTED SERVERLINK
2023-03-27_09:18:22 INFO CONNECTING SERVERLINK
2023-03-27_09:18:25 ERROR [ TCP Client ServerLink ] Connect error: No connection could be made because the target machine actively refused it
2023-03-27_09:18:25 INFO DISCONNECTED SERVERLINK
2023-03-27_09:18:30 INFO CONNECTING SERVERLINK
2023-03-27_09:18:32 ERROR [ TCP Client ServerLink ] Connect error: No connection could be made because the target machine actively refused it
2023-03-27_09:18:32 INFO DISCONNECTED SERVERLINK
2023-03-27_09:18:38 INFO CONNECTING SERVERLINK
2023-03-27_09:18:40 ERROR [ TCP Client ServerLink ] Connect error: No connection could be made because the target machine actively refused it
2023-03-27_09:18:40 INFO DISCONNECTED SERVERLINK
2023-03-27_09:18:46 INFO CONNECTING SERVERLINK
2023-03-27_09:18:48 ERROR [ TCP Client ServerLink ] Connect error: No connection could be made because the target machine actively refused it
2023-03-27_09:18:48 INFO DISCONNECTED SERVERLINK
2023-03-27_09:18:53 INFO CONNECTING SERVERLINK
2023-03-27_09:18:55 ERROR [ TCP Client ServerLink ] Connect error: No connection could be made because the target machine actively refused it
2023-03-27_09:18:55 INFO DISCONNECTED SERVERLINK
2023-03-27_09:19:00 INFO CONNECTING SERVERLINK
2023-03-27_09:19:03 ERROR [ TCP Client ServerLink ] Connect error: No connection could be made because the target machine actively refused it
2023-03-27_09:19:03 INFO DISCONNECTED SERVERLINK
2023-03-27_09:19:08 INFO CONNECTING SERVERLINK
2023-03-27_09:19:10 ERROR [ TCP Client ServerLink ] Connect error: No connection could be made because the target machine actively refused it
2023-03-27_09:19:10 INFO DISCONNECTED SERVERLINK
2023-03-27_09:19:15 INFO CONNECTING SERVERLINK
2023-03-27_09:19:17 ERROR [ TCP Client ServerLink ] Connect error: No connection could be made because the target machine actively refused it
2023-03-27_09:19:17 INFO DISCONNECTED SERVERLINK
2023-03-27_09:19:23 INFO CONNECTING SERVERLINK
2023-03-27_09:19:25 ERROR [ TCP Client ServerLink ] Connect error: No connection could be made because the target machine actively refused it
2023-03-27_09:19:25 INFO DISCONNECTED SERVERLINK
2023-03-27_09:19:30 INFO CONNECTING SERVERLINK
2023-03-27_09:19:32 ERROR [ TCP Client ServerLink ] Connect error: No connection could be made because the target machine actively refused it
2023-03-27_09:19:32 INFO DISCONNECTED SERVERLINK
2023-03-27_09:19:37 INFO CONNECTING SERVERLINK
2023-03-27_09:19:39 ERROR [ TCP Client ServerLink ] Connect error: No connection could be made because the target machine actively refused it
2023-03-27_09:19:39 INFO DISCONNECTED SERVERLINK
2023-03-27_09:19:44 INFO CONNECTING SERVERLINK
2023-03-27_09:19:46 ERROR [ TCP Client ServerLink ] Connect error: No connection could be made because the target machine actively refused it
2023-03-27_09:19:46 INFO DISCONNECTED SERVERLINK
2023-03-27_09:19:51 INFO CONNECTING SERVERLINK
2023-03-27_09:19:53 ERROR [ TCP Client ServerLink ] Connect error: No connection could be made because the target machine actively refused it
2023-03-27_09:19:53 INFO DISCONNECTED SERVERLINK
2023-03-27_09:19:58 INFO CONNECTING SERVERLINK
2023-03-27_09:20:00 ERROR [ TCP Client ServerLink ] Connect error: No connection could be made because the target machine actively refused it
2023-03-27_09:20:00 INFO DISCONNECTED SERVERLINK
2023-03-27_09:20:05 INFO CONNECTING SERVERLINK
2023-03-27_09:20:07 ERROR [ TCP Client ServerLink ] Connect error: No connection could be made because the target machine actively refused it
2023-03-27_09:20:07 INFO DISCONNECTED SERVERLINK
2023-03-27_09:20:12 INFO CONNECTING SERVERLINK
2023-03-27_09:20:15 ERROR [ TCP Client ServerLink ] Connect error: No connection could be made because the target machine actively refused it
2023-03-27_09:20:15 INFO DISCONNECTED SERVERLINK
2023-03-27_09:20:20 INFO CONNECTING SERVERLINK
2023-03-27_09:20:22 ERROR [ TCP Client ServerLink ] Connect error: No connection could be made because the target machine actively refused it
2023-03-27_09:20:22 INFO DISCONNECTED SERVERLINK
2023-03-27_09:20:27 INFO CONNECTING SERVERLINK
2023-03-27_09:20:29 ERROR [ TCP Client ServerLink ] Connect error: No connection could be made because the target machine actively refused it
2023-03-27_09:20:29 INFO DISCONNECTED SERVERLINK
2023-03-27_09:20:34 INFO CONNECTING SERVERLINK
2023-03-27_09:20:36 ERROR [ TCP Client ServerLink ] Connect error: No connection could be made because the target machine actively refused it
2023-03-27_09:20:36 INFO DISCONNECTED SERVERLINK
2023-03-27_09:20:41 INFO CONNECTING SERVERLINK
2023-03-27_09:20:43 ERROR [ TCP Client ServerLink ] Connect error: No connection could be made because the target machine actively refused it
2023-03-27_09:20:43 INFO DISCONNECTED SERVERLINK
2023-03-27_09:20:48 INFO CONNECTING SERVERLINK
2023-03-27_09:20:50 ERROR [ TCP Client ServerLink ] Connect error: No connection could be made because the target machine actively refused it
2023-03-27_09:20:50 INFO DISCONNECTED SERVERLINK
2023-03-27_09:20:55 INFO CONNECTING SERVERLINK
2023-03-27_09:20:57 ERROR [ TCP Client ServerLink ] Connect error: No connection could be made because the target machine actively refused it
2023-03-27_09:20:57 INFO DISCONNECTED SERVERLINK
2023-03-27_09:21:02 INFO CONNECTING SERVERLINK
2023-03-27_09:21:04 ERROR [ TCP Client ServerLink ] Connect error: No connection could be made because the target machine actively refused it
2023-03-27_09:21:04 INFO DISCONNECTED SERVERLINK
2023-03-27_09:21:09 INFO CONNECTING SERVERLINK
2023-03-27_09:21:12 ERROR [ TCP Client ServerLink ] Connect error: No connection could be made because the target machine actively refused it
2023-03-27_09:21:12 INFO DISCONNECTED SERVERLINK
2023-03-27_09:21:17 INFO CONNECTING SERVERLINK
2023-03-27_09:21:19 ERROR [ TCP Client ServerLink ] Connect error: No connection could be made because the target machine actively refused it
2023-03-27_09:21:19 INFO DISCONNECTED SERVERLINK
2023-03-27_09:21:24 INFO CONNECTING SERVERLINK
2023-03-27_09:21:26 ERROR [ TCP Client ServerLink ] Connect error: No connection could be made because the target machine actively refused it
2023-03-27_09:21:26 INFO DISCONNECTED SERVERLINK
2023-03-27_09:21:31 INFO CONNECTING SERVERLINK
2023-03-27_09:21:33 ERROR [ TCP Client ServerLink ] Connect error: No connection could be made because the target machine actively refused it
2023-03-27_09:21:33 INFO DISCONNECTED SERVERLINK
2023-03-27_09:21:38 INFO CONNECTING SERVERLINK
2023-03-27_09:21:40 ERROR [ TCP Client ServerLink ] Connect error: No connection could be made because the target machine actively refused it
2023-03-27_09:21:40 INFO DISCONNECTED SERVERLINK
2023-03-27_09:21:45 INFO CONNECTING SERVERLINK
2023-03-27_09:21:47 ERROR [ TCP Client ServerLink ] Connect error: No connection could be made because the target machine actively refused it
2023-03-27_09:21:47 INFO DISCONNECTED SERVERLINK
2023-03-27_09:21:52 INFO CONNECTING SERVERLINK
2023-03-27_09:21:54 ERROR [ TCP Client ServerLink ] Connect error: No connection could be made because the target machine actively refused it
2023-03-27_09:21:54 INFO DISCONNECTED SERVERLINK
2023-03-27_09:22:00 INFO CONNECTING SERVERLINK
2023-03-27_09:22:00 INFO CONNECTED SERVERLINK
2023-03-27_10:35:02 INFO Updating Objets 520 - Time: 134 ms
2023-03-27_10:35:04 INFO Updating Objets 520 - Time: 200 ms
2023-03-27_11:28:45 INFO Updating Viewport Objets 493 - Time: 51 ms
