2023-03-26_16:13:35 INFO ========================================================
2023-03-26_16:13:35 INFO ========================================================
2023-03-26_16:13:35 INFO >>>>>>>>>>>>>>>>>>>>> GAME SERVER <<<<<<<<<<<<<<<<<<<<<<
2023-03-26_16:13:35 INFO ========================================================
2023-03-26_16:13:35 INFO ========================================================
2023-03-26_16:13:35 INFO Process priority class set to HIGH
2023-03-26_16:13:35 INFO Starting DB...
2023-03-26_16:13:35 INFO Loading Common Settings...
2023-03-26_16:13:35 INFO Common Settings loaded in 89 msec...
2023-03-26_16:13:35 INFO Loading System Messages...
2023-03-26_16:13:35 INFO >> Loaded 632 system messages
2023-03-26_16:13:35 INFO  
2023-03-26_16:13:35 INFO Loading Formula Data...
2023-03-26_16:13:35 INFO >> Loaded 553 formula data definitions
2023-03-26_16:13:35 INFO  
2023-03-26_16:13:35 INFO Loading Worlds...
2023-03-26_16:13:35 INFO >> Loaded 122 worlds
2023-03-26_16:13:35 INFO  
2023-03-26_16:13:35 INFO Loading World AI Path...
2023-03-26_16:13:35 INFO >> Loaded 1049 world path definitions
2023-03-26_16:13:35 INFO  
2023-03-26_16:13:35 INFO Loading World Buff...
2023-03-26_16:13:35 INFO >> Loaded 0 world buff definitions
2023-03-26_16:13:35 INFO  
2023-03-26_16:13:35 INFO Loading World Area Restriction...
2023-03-26_16:13:35 INFO >> Loaded 12 world area restriction definitions
2023-03-26_16:13:35 INFO  
2023-03-26_16:13:35 INFO Loading World Server...
2023-03-26_16:13:35 INFO >> Loaded 64 world server definitions
2023-03-26_16:13:35 INFO  
2023-03-26_16:13:35 INFO Loading World Attribute...
2023-03-26_16:13:35 INFO >> Loaded 0 world attribute definitions
2023-03-26_16:13:35 INFO  
2023-03-26_16:13:35 INFO Loading World Experience...
2023-03-26_16:13:35 INFO >> Loaded 0 world experience definitions
2023-03-26_16:13:35 INFO  
2023-03-26_16:13:35 INFO Loading World Area Attribute...
2023-03-26_16:13:35 INFO >> Loaded 47 world area attribute definitions
2023-03-26_16:13:35 INFO  
2023-03-26_16:13:35 INFO Loading World Free PK...
2023-03-26_16:13:35 INFO >> Loaded 2 world free pk definitions
2023-03-26_16:13:35 INFO  
2023-03-26_16:13:35 INFO Loading Objects...
2023-03-26_16:13:36 INFO >> Loaded 30100 Game Objects in 456 ms
2023-03-26_16:13:36 INFO  
2023-03-26_16:13:36 INFO Loading Item Template...
2023-03-26_16:13:36 INFO >> Loaded 3594 item definitions
2023-03-26_16:13:36 INFO  
2023-03-26_16:13:36 INFO Loading Item HarmonySmeltLevel...
2023-03-26_16:13:36 INFO Loading Item Add Option...
2023-03-26_16:13:36 INFO >> Loaded 40 item add option definitions
2023-03-26_16:13:36 INFO  
2023-03-26_16:13:36 INFO Loading Item Set Type...
2023-03-26_16:13:36 INFO >> Loaded 939 item set type definitions in 47 msec.
2023-03-26_16:13:36 INFO  
2023-03-26_16:13:36 INFO Loading Item Set Option...
2023-03-26_16:13:36 INFO >> Loaded 258 item set option definitions
2023-03-26_16:13:36 INFO  
2023-03-26_16:13:36 INFO Loading Item Harmony...
2023-03-26_16:13:36 INFO >> Loaded 26 item harmony definitions
2023-03-26_16:13:36 INFO  
2023-03-26_16:13:36 INFO Loading Item Harmony Enhancement...
2023-03-26_16:13:36 INFO >> Loaded 44 item harmony enhancement definitions in 0 msec.
2023-03-26_16:13:36 INFO  
2023-03-26_16:13:36 INFO Loading Item Socket...
2023-03-26_16:13:36 INFO >> Loaded 181 item socket definitions
2023-03-26_16:13:36 INFO  
2023-03-26_16:13:36 INFO Loading Item Socket Seed...
2023-03-26_16:13:36 INFO >> Loaded 30 item socket seed definitions
2023-03-26_16:13:36 INFO  
2023-03-26_16:13:36 INFO Loading Item Socket Bonus...
2023-03-26_16:13:36 INFO >> Loaded 40 item socket bonus definitions
2023-03-26_16:13:36 INFO  
2023-03-26_16:13:36 INFO Loading Item Socket Package...
2023-03-26_16:13:36 INFO >> Loaded 2 item socket package definitions
2023-03-26_16:13:36 INFO  
2023-03-26_16:13:36 INFO Loading Item Socket Mix...
2023-03-26_16:13:36 INFO >> Loaded 9 item socket mix definitions
2023-03-26_16:13:36 INFO  
2023-03-26_16:13:36 INFO Loading Item Socket Upgrade...
2023-03-26_16:13:36 INFO >> Loaded 80 item socket upgrade definitions
2023-03-26_16:13:36 INFO  
2023-03-26_16:13:36 INFO Loading Item Socket Seed Sphere...
2023-03-26_16:13:36 INFO >> Loaded 60 item socket seed sphere definitions
2023-03-26_16:13:36 INFO  
2023-03-26_16:13:36 INFO Loading Item Transformation...
2023-03-26_16:13:36 INFO >> Loaded 19 item transformation definitions in 0 msec.
2023-03-26_16:13:36 INFO  
2023-03-26_16:13:36 INFO Loading Item Drop...
2023-03-26_16:13:36 INFO >> Loaded 1174 item drop definitions
2023-03-26_16:13:36 INFO  
2023-03-26_16:13:36 INFO Loading Item Level Template...
2023-03-26_16:13:36 INFO >> Loaded 125 item level template definitions
2023-03-26_16:13:36 INFO  
2023-03-26_16:13:36 INFO Loading Item Mix Lucky Template...
2023-03-26_16:13:36 INFO >> Loaded 93 item mix lucky definitions
2023-03-26_16:13:36 INFO  
2023-03-26_16:13:36 INFO Loading Item Price Data...
2023-03-26_16:13:36 INFO >> Loaded 2 item price data definitions
2023-03-26_16:13:36 INFO  
2023-03-26_16:13:36 INFO Loading Item Stack...
2023-03-26_16:13:36 INFO >> Loaded 114 item stack definitions
2023-03-26_16:13:36 INFO  
2023-03-26_16:13:36 INFO Loading Item Quest...
2023-03-26_16:13:36 INFO >> Loaded 25 item quest definitions
2023-03-26_16:13:36 INFO  
2023-03-26_16:13:36 INFO Loading Item Wing Values...
2023-03-26_16:13:36 INFO >> Loaded 77 item wing values definitions
2023-03-26_16:13:36 INFO  
2023-03-26_16:13:36 INFO Loading Item Reduced Drop...
2023-03-26_16:13:36 INFO >> Loaded 22 item reduced drop definitions
2023-03-26_16:13:36 INFO  
2023-03-26_16:13:36 INFO Loading Item Create Data...
2023-03-26_16:13:36 INFO >> Loaded 44 item create data definitions
2023-03-26_16:13:36 INFO  
2023-03-26_16:13:36 INFO Loading Item FlagDB...
2023-03-26_16:13:36 INFO >> Loaded 0 item flagdb definitions
2023-03-26_16:13:36 INFO  
2023-03-26_16:13:36 INFO Loading Item Wing Graded Option...
2023-03-26_16:13:36 INFO >> Loaded 11 item wing graded option definitions
2023-03-26_16:13:36 INFO  
2023-03-26_16:13:36 INFO Loading Item Wing Socket Option...
2023-03-26_16:13:36 INFO >> Loaded 8 item wing socket option definitions
2023-03-26_16:13:36 INFO  
2023-03-26_16:13:36 INFO Loading Item Wing Socket Upgrade...
2023-03-26_16:13:36 INFO >> Loaded 15 item wing socket upgrade definitions
2023-03-26_16:13:36 INFO  
2023-03-26_16:13:36 INFO Loading Item Earring...
2023-03-26_16:13:36 INFO >> Loaded 8 item earring definitions
2023-03-26_16:13:36 INFO  
2023-03-26_16:13:36 INFO Loading Item Earring Option...
2023-03-26_16:13:36 INFO >> Loaded 30 item earring option definitions
2023-03-26_16:13:36 INFO  
2023-03-26_16:13:36 INFO Loading Item Earring Option Value...
2023-03-26_16:13:36 INFO >> Loaded 33 item earring option value definitions
2023-03-26_16:13:36 INFO  
2023-03-26_16:13:36 INFO Loading Item Earring Bonus...
2023-03-26_16:13:36 INFO >> Loaded 4 item earring bonus definitions
2023-03-26_16:13:36 INFO  
2023-03-26_16:13:36 INFO Loading Item Earring Upgrade...
2023-03-26_16:13:36 INFO >> Loaded 15 item earring upgrade definitions
2023-03-26_16:13:36 INFO  
2023-03-26_16:13:36 INFO Loading Item Mastery Bonus...
2023-03-26_16:13:36 INFO >> Loaded 6 item mastery bonus definitions
2023-03-26_16:13:36 INFO  
2023-03-26_16:13:37 INFO Loading Item Mysterious Stone...
2023-03-26_16:13:37 INFO >> Loaded 3 item mysterious stone definitions
2023-03-26_16:13:37 INFO  
2023-03-26_16:13:37 INFO Loading Item Guardian Option...
2023-03-26_16:13:37 INFO >> Loaded 4 item guardian option definitions
2023-03-26_16:13:37 INFO  
2023-03-26_16:13:37 INFO Loading Item Guardian Option Value...
2023-03-26_16:13:37 INFO >> Loaded 15 item guardian option value definitions
2023-03-26_16:13:37 INFO  
2023-03-26_16:13:37 INFO Loading Item Guardian Elite Option...
2023-03-26_16:13:37 INFO >> Loaded 5 item guardian elite option definitions
2023-03-26_16:13:37 INFO  
2023-03-26_16:13:37 INFO Loading Item Guardian Elite Option Value...
2023-03-26_16:13:37 INFO >> Loaded 15 item guardian elite option value definitions
2023-03-26_16:13:37 INFO  
2023-03-26_16:13:37 INFO Loading Skill Template...
2023-03-26_16:13:37 INFO >> Loaded 893 skill definitions
2023-03-26_16:13:37 INFO  
2023-03-26_16:13:37 INFO Loading Skill Learn...
2023-03-26_16:13:37 ERROR LoadSkillLearn() item: 7705 +0
2023-03-26_16:13:37 ERROR LoadSkillLearn() skill: 47
2023-03-26_16:13:37 INFO >> Loaded 117 skill learn definitions
2023-03-26_16:13:37 INFO  
2023-03-26_16:13:37 INFO Loading Skill Tree...
2023-03-26_16:13:37 INFO >> Loaded 924 skill tree
2023-03-26_16:13:37 INFO  
2023-03-26_16:13:37 INFO Loading Skill Special Element...
2023-03-26_16:13:37 INFO >> Loaded 136 skill special element definitions
2023-03-26_16:13:37 INFO  
2023-03-26_16:13:37 INFO Loading Skill Special...
2023-03-26_16:13:37 INFO >> Loaded 133 skill special definitions
2023-03-26_16:13:37 INFO  
2023-03-26_16:13:37 INFO Loading Buff Template...
2023-03-26_16:13:37 INFO >> Loaded 384 buff definitions
2023-03-26_16:13:37 INFO  
2023-03-26_16:13:37 INFO Loading Skill Require...
2023-03-26_16:13:37 ERROR LoadSkillRequire() skill: 736
2023-03-26_16:13:37 INFO >> Loaded 27 skill require definitions
2023-03-26_16:13:37 INFO  
2023-03-26_16:13:37 INFO Loading Skill Tree Majestic...
2023-03-26_16:13:37 INFO >> Loaded 2123 skill tree majestic definitions
2023-03-26_16:13:37 INFO  
2023-03-26_16:13:37 INFO Loading Skill Tree Majestic Stat...
2023-03-26_16:13:37 INFO >> Loaded 112 skill tree majestic stat definitions
2023-03-26_16:13:37 INFO  
2023-03-26_16:13:37 INFO Loading Skill Attack Time...
2023-03-26_16:13:37 INFO >> Loaded 898 skill attack time definitions
2023-03-26_16:13:37 INFO  
2023-03-26_16:13:37 INFO Loading Character Base...
2023-03-26_16:13:37 INFO >> Loaded 14 character base definitions
2023-03-26_16:13:37 INFO  
2023-03-26_16:13:37 INFO Loading Character Item...
2023-03-26_16:13:37 INFO >> Loaded 40 character item definitions
2023-03-26_16:13:37 INFO  
2023-03-26_16:13:37 INFO Loading Character Base Buff...
2023-03-26_16:13:37 INFO >> Loaded 0 character base buff definitions
2023-03-26_16:13:37 INFO  
2023-03-26_16:13:37 INFO Loading Character Skill...
2023-03-26_16:13:37 INFO >> Loaded 78 character skill definitions
2023-03-26_16:13:37 INFO  
2023-03-26_16:13:37 INFO Loading Character Experience Normal...
2023-03-26_16:13:37 INFO >> Loaded 400 character experience normal definitions
2023-03-26_16:13:37 INFO  
2023-03-26_16:13:37 INFO Loading Character Experience Master...
2023-03-26_16:13:37 INFO >> Loaded 400 character experience master definitions
2023-03-26_16:13:37 INFO  
2023-03-26_16:13:37 INFO Loading Character Experience Majestic...
2023-03-26_16:13:37 INFO >> Loaded 651 character experience majestic definitions
2023-03-26_16:13:37 INFO  
2023-03-26_16:13:37 INFO Loading Character Helper...
2023-03-26_16:13:37 INFO >> Loaded 70 character helper stages
2023-03-26_16:13:37 INFO  
2023-03-26_16:13:37 INFO Loading Character Formula...
2023-03-26_16:13:37 INFO >> Loaded 280 character formula definitions in 62 msec.
2023-03-26_16:13:37 INFO  
2023-03-26_16:13:37 INFO Loading Character Stat Fruit...
2023-03-26_16:13:37 INFO >> Loaded 560 character stat fruit definitions
2023-03-26_16:13:37 INFO  
2023-03-26_16:13:37 INFO Loading Character Specialization...
2023-03-26_16:13:37 INFO >> Loaded 150 character specialization definitions
2023-03-26_16:13:37 INFO  
2023-03-26_16:13:37 INFO Loading Character Experience Adjust...
2023-03-26_16:13:38 INFO >> Loaded 0 character experience adjust definitions
2023-03-26_16:13:38 INFO  
2023-03-26_16:13:38 INFO Loading Character Experience Bonus...
2023-03-26_16:13:38 INFO >> Loaded 7 character experience bonus definitions
2023-03-26_16:13:38 INFO  
2023-03-26_16:13:38 INFO Loading Character Bonus...
2023-03-26_16:13:38 INFO >> Loaded 0 character bonus definitions
2023-03-26_16:13:38 INFO  
2023-03-26_16:13:38 INFO Loading Character Max Level Reward...
2023-03-26_16:13:38 INFO >> Loaded 0 character max level reward definitions
2023-03-26_16:13:38 INFO  
2023-03-26_16:13:38 INFO Loading Character Experience Table...
2023-03-26_16:13:38 INFO >> Loaded 0 character experience table definitions
2023-03-26_16:13:38 INFO  
2023-03-26_16:13:38 INFO Loading Jewel Mix...
2023-03-26_16:13:38 INFO >> Loaded 30 jewel mix definitions
2023-03-26_16:13:38 INFO  
2023-03-26_16:13:38 INFO Loading AI Scripts...
2023-03-26_16:13:38 INFO AI Scripts loaded
2023-03-26_16:13:38 INFO Loading Monster Template...
2023-03-26_16:13:38 INFO >> Loaded 824 monsters definitions in 16 msec.
2023-03-26_16:13:38 INFO  
2023-03-26_16:13:38 INFO Loading Monster Items...
2023-03-26_16:13:38 INFO >> Loaded monsters items in 78 msec.
2023-03-26_16:13:38 INFO  
2023-03-26_16:13:38 INFO Loading Monster Skill...
2023-03-26_16:13:38 INFO >> Loaded 342 monster skill
2023-03-26_16:13:38 INFO  
2023-03-26_16:13:38 INFO Loading Monster Skill Special...
2023-03-26_16:13:38 INFO >> Loaded 199 monster skill special
2023-03-26_16:13:38 INFO  
2023-03-26_16:13:38 INFO Loading Monster AI Element...
2023-03-26_16:13:38 INFO >> Loaded 66 monster ai element definitions
2023-03-26_16:13:38 INFO  
2023-03-26_16:13:38 INFO Loading Monster AI Automata...
2023-03-26_16:13:38 INFO >> Loaded 258 monster ai automata definitions
2023-03-26_16:13:38 INFO  
2023-03-26_16:13:38 INFO Loading Monster AI Unit...
2023-03-26_16:13:38 INFO >> Loaded 54 monster ai unit definitions
2023-03-26_16:13:38 INFO  
2023-03-26_16:13:38 INFO Loading Monster AI Group...
2023-03-26_16:13:38 INFO >> Loaded 84 monster ai groups
2023-03-26_16:13:38 INFO  
2023-03-26_16:13:38 INFO Loading Monster Respawn Location...
2023-03-26_16:13:38 INFO >> Loaded 33 monster respawn locations
2023-03-26_16:13:38 INFO  
2023-03-26_16:13:38 INFO Loading Monster Equipment...
2023-03-26_16:13:38 INFO >> Loaded 0 monster equipment definitions
2023-03-26_16:13:38 INFO  
2023-03-26_16:13:38 INFO Loading Monster Exclusive...
2023-03-26_16:13:38 INFO >> Loaded 0 monster exclusive definitions
2023-03-26_16:13:38 INFO  
2023-03-26_16:13:38 INFO Loading Monster...
2023-03-26_16:13:38 INFO >> Loaded 10118 monsters
2023-03-26_16:13:38 INFO  
2023-03-26_16:13:38 INFO Loading Monster Event...
2023-03-26_16:13:38 INFO >> Loaded 14060 monster event definitions in 125 msec.
2023-03-26_16:13:38 INFO  
2023-03-26_16:13:38 INFO Loading Gate...
2023-03-26_16:13:38 ERROR Wrong Gate Loaded :648 - World: 135
2023-03-26_16:13:38 ERROR Wrong Gate Loaded :650 - World: 135
2023-03-26_16:13:38 ERROR Wrong Gate Loaded :651 - World: 135
2023-03-26_16:13:38 ERROR Wrong Gate Loaded :652 - World: 135
2023-03-26_16:13:38 ERROR Wrong Gate Loaded :653 - World: 135
2023-03-26_16:13:38 ERROR Wrong Gate Loaded :654 - World: 135
2023-03-26_16:13:38 ERROR Wrong Gate Loaded :655 - World: 135
2023-03-26_16:13:38 ERROR Wrong Gate Loaded :656 - World: 135
2023-03-26_16:13:38 ERROR Wrong Gate Loaded :657 - World: 135
2023-03-26_16:13:38 ERROR Wrong Gate Loaded :658 - World: 135
2023-03-26_16:13:38 INFO >> Loaded 657 gate definitions in 62 msec.
2023-03-26_16:13:38 INFO  
2023-03-26_16:13:38 INFO Loading Teleport...
2023-03-26_16:13:38 INFO >> Loaded 60 teleport definitions in 0 msec.
2023-03-26_16:13:38 INFO  
2023-03-26_16:13:38 INFO Loading Move Level...
2023-03-26_16:13:38 INFO >> Loaded 57 move level definitions in 16 msec.
2023-03-26_16:13:38 INFO  
2023-03-26_16:13:39 INFO Loading Vip Template...
2023-03-26_16:13:39 INFO >> Loaded 0 vip template
2023-03-26_16:13:39 INFO  
2023-03-26_16:13:39 INFO Loading Quest Evolution Template...
2023-03-26_16:13:39 INFO >> Loaded 10 quest evolution definitions
2023-03-26_16:13:39 INFO  
2023-03-26_16:13:39 INFO Loading Quest Evolution Data...
2023-03-26_16:13:39 INFO >> Loaded 32 quest evolution data definitions
2023-03-26_16:13:39 INFO  
2023-03-26_16:13:39 INFO Loading Quest Evolution Condition...
2023-03-26_16:13:39 INFO >> Loaded 26 quest evolution condition definitions
2023-03-26_16:13:39 INFO  
2023-03-26_16:13:39 INFO Loading Quest Evolution Item Reward...
2023-03-26_16:13:39 INFO >> Loaded 0 quest evolution item reward definitions
2023-03-26_16:13:39 INFO  
2023-03-26_16:13:39 INFO Loading Quest Guided Setting...
2023-03-26_16:13:39 INFO Loaded 207 quest guided definitions
2023-03-26_16:13:39 INFO  
2023-03-26_16:13:39 INFO Loading Quest MU...
2023-03-26_16:13:39 INFO Loaded 388 quest mu definitions
2023-03-26_16:13:39 INFO  
2023-03-26_16:13:39 INFO Loading Item Bag Template...
2023-03-26_16:13:39 INFO >> Loaded 445 item bag definitions
2023-03-26_16:13:39 INFO  
2023-03-26_16:13:39 INFO Loading Gen Reward...
2023-03-26_16:13:39 INFO >> Loaded 0 gen rewards
2023-03-26_16:13:39 INFO  
2023-03-26_16:13:39 INFO Loading Gen Ranking...
2023-03-26_16:13:39 INFO >> Loaded 0 gen rankings
2023-03-26_16:13:39 INFO  
2023-03-26_16:13:39 INFO Loading Gen Kill Point...
2023-03-26_16:13:39 INFO >> Loaded 0 gen kill points
2023-03-26_16:13:39 INFO  
2023-03-26_16:13:39 INFO Loading Event Manager...
2023-03-26_16:13:39 INFO >> Loaded 119 event manager definitions
2023-03-26_16:13:39 INFO  
2023-03-26_16:13:39 INFO Loading Event Season...
2023-03-26_16:13:39 INFO >> Loaded 8 event season definitions
2023-03-26_16:13:39 INFO  
2023-03-26_16:13:39 INFO Loading Event Contribution Reward...
2023-03-26_16:13:39 INFO >> Loaded 105 event contribution reward definitions
2023-03-26_16:13:39 INFO  
2023-03-26_16:13:39 INFO Loading Event Level...
2023-03-26_16:13:39 INFO >> Loaded 22 event level definitions
2023-03-26_16:13:39 INFO  
2023-03-26_16:13:39 INFO Loading Event Enter Count...
2023-03-26_16:13:39 INFO >> Loaded 6 event enter count definitions
2023-03-26_16:13:39 INFO  
2023-03-26_16:13:39 INFO Loading Blood Castle Setting...
2023-03-26_16:13:39 INFO Blood Castle Settings Loaded
2023-03-26_16:13:39 INFO  
2023-03-26_16:13:40 INFO Loading Devil Square Settings...
2023-03-26_16:13:40 INFO Devil Square Settings Loaded
2023-03-26_16:13:40 INFO  
2023-03-26_16:13:40 INFO Loading Devil Square Ranking...
2023-03-26_16:13:40 INFO >> Loaded 105 devil square ranking definitions
2023-03-26_16:13:40 INFO  
2023-03-26_16:13:40 INFO Loading Chaos Castle Settings...
2023-03-26_16:13:40 INFO Chaos Castle Settings Loaded
2023-03-26_16:13:40 INFO  
2023-03-26_16:13:40 INFO Loading Chaos Castle Survival Settings...
2023-03-26_16:13:40 INFO Chaos Castle Survival Settings Loaded
2023-03-26_16:13:40 INFO  
2023-03-26_16:13:40 INFO Loading Illusion Temple Settings...
2023-03-26_16:13:40 INFO Illusion Temple Settings Loaded
2023-03-26_16:13:40 INFO  
2023-03-26_16:13:40 INFO Loading Raklion Data...
2023-03-26_16:13:40 INFO Raklion Data Loaded
2023-03-26_16:13:40 INFO  
2023-03-26_16:13:40 INFO Loading Kanturu Data...
2023-03-26_16:13:40 INFO Loading Imperial Fortress Level...
2023-03-26_16:13:40 INFO >> Loaded 7 imperial fortress level definitions
2023-03-26_16:13:40 INFO  
2023-03-26_16:13:40 INFO Loading Imperial Fortress Monster Settings...
2023-03-26_16:13:40 INFO >> Loaded 161 imperial fortress monster settings
2023-03-26_16:13:40 INFO  
2023-03-26_16:13:40 INFO Loading Imperial Fortress Traps...
2023-03-26_16:13:40 INFO >> Loaded 40 imperial fortress traps
2023-03-26_16:13:40 INFO  
2023-03-26_16:13:40 INFO Loading Doppelganger Level...
2023-03-26_16:13:41 INFO >> Loaded 7 doppelganger level definitions
2023-03-26_16:13:41 INFO  
2023-03-26_16:13:41 INFO Loading Doppelganger Monster Settings...
2023-03-26_16:13:41 INFO >> Loaded 77 doppelganger monster settings
2023-03-26_16:13:41 INFO  
2023-03-26_16:13:41 INFO Loading Invasion Data...
2023-03-26_16:13:41 INFO >> Loaded 16 event invasion definitions
2023-03-26_16:13:41 INFO  
2023-03-26_16:13:41 INFO Loading Invasion Group...
2023-03-26_16:13:41 INFO >> Loaded 81 event invasion group definitions
2023-03-26_16:13:41 INFO  
2023-03-26_16:13:41 INFO Loading Crywolf Data...
2023-03-26_16:13:41 INFO Crywolf Data Loaded...
2023-03-26_16:13:41 INFO  
2023-03-26_16:13:41 INFO Loading Castle Deep Settings...
2023-03-26_16:13:41 INFO Castle Deep Settings Loaded
2023-03-26_16:13:41 INFO  
2023-03-26_16:13:41 INFO Loading Cash Shop Category...
2023-03-26_16:13:41 INFO >> Loaded 13 cash shop category definitions in 0 msec.
2023-03-26_16:13:41 INFO  
2023-03-26_16:13:41 INFO Loading Cash Shop Package List...
2023-03-26_16:13:41 INFO >> Loaded 119 cash shop package definitions in 15 msec.
2023-03-26_16:13:41 INFO  
2023-03-26_16:13:41 INFO Loading Cash Shop Product List...
2023-03-26_16:13:41 INFO >> Loaded 473 cash shop product definitions in 16 msec.
2023-03-26_16:13:41 INFO  
2023-03-26_16:13:41 INFO Loading Filter...
2023-03-26_16:13:41 INFO >> Loaded 0 filter definitions
2023-03-26_16:13:41 INFO  
2023-03-26_16:13:41 INFO Loading Notice...
2023-03-26_16:13:41 INFO >> Loaded 0 notice definitions
2023-03-26_16:13:41 INFO  
2023-03-26_16:13:41 INFO Loading Goblin Point...
2023-03-26_16:13:41 INFO >> Loaded 0 goblin point definitions
2023-03-26_16:13:41 INFO  
2023-03-26_16:13:41 INFO Loading Non Pk Time...
2023-03-26_16:13:41 INFO >> Loaded 0 non pk time definitions
2023-03-26_16:13:41 INFO  
2023-03-26_16:13:41 INFO Loading Notifications...
2023-03-26_16:13:41 INFO >> Loaded 1 notifications definitions
2023-03-26_16:13:41 INFO  
2023-03-26_16:13:41 INFO Loading Offset Data...
2023-03-26_16:13:41 INFO >> Loaded 0 offset data definitions in 16 msec.
2023-03-26_16:13:41 INFO  
2023-03-26_16:13:41 INFO Loading Offset FPS...
2023-03-26_16:13:41 INFO >> Loaded 0 offset fps definitions in 62 msec.
2023-03-26_16:13:41 INFO  
2023-03-26_16:13:41 INFO Loading Cheat Scan White List...
2023-03-26_16:13:41 INFO >> Loaded 0 cheat scan white list definitions in 93 msec.
2023-03-26_16:13:41 INFO  
2023-03-26_16:13:42 INFO Loading Offline Attack Setting...
2023-03-26_16:13:42 ERROR >> Load Offline Attack Setting Succes
2023-03-26_16:13:42 INFO  
2023-03-26_16:13:42 INFO Loading Offline Attack World...
2023-03-26_16:13:42 INFO >> Loaded 54 offline attack world definitions
2023-03-26_16:13:42 INFO  
2023-03-26_16:13:42 INFO Loading Offline Attack Zone...
2023-03-26_16:13:42 INFO >> Loaded 54 offline attack zone definitions
2023-03-26_16:13:42 INFO  
2023-03-26_16:13:42 INFO Loading Mix Disabled...
2023-03-26_16:13:42 INFO >> Loaded 0 mix disabled definitions
2023-03-26_16:13:42 INFO  
2023-03-26_16:13:42 INFO Loading Mix SpellStone...
2023-03-26_16:13:42 INFO >> Loaded 21 mix spell stone definitions
2023-03-26_16:13:42 INFO  
2023-03-26_16:13:42 INFO Loading Mix Guardian...
2023-03-26_16:13:42 INFO >> Loaded 33 mix guardian definitions
2023-03-26_16:13:42 INFO  
2023-03-26_16:13:42 INFO Loading Pentagram Type...
2023-03-26_16:13:42 INFO >> Loaded 22 pentagram type definitions
2023-03-26_16:13:42 INFO  
2023-03-26_16:13:42 INFO Loading Pentagram Option...
2023-03-26_16:13:42 INFO >> Loaded 22 pentagram option definitions
2023-03-26_16:13:42 INFO  
2023-03-26_16:13:42 INFO Loading Pentagram Jewel Option...
2023-03-26_16:13:42 INFO >> Loaded 82 pentagram jewel option definitions in 0 msec.
2023-03-26_16:13:42 INFO  
2023-03-26_16:13:42 INFO Loading Pentagram Jewel Remove...
2023-03-26_16:13:42 INFO >> Loaded 11 pentagram jewel remove definitions
2023-03-26_16:13:42 INFO  
2023-03-26_16:13:42 INFO Loading Pentagram Jewel Upgrade Rank...
2023-03-26_16:13:42 INFO >> Loaded 4 pentagram jewel upgrade rank definitions
2023-03-26_16:13:42 INFO  
2023-03-26_16:13:42 INFO Loading Pentagram Jewel Upgrade Level...
2023-03-26_16:13:42 INFO >> Loaded 10 pentagram jewel upgrade level definitions
2023-03-26_16:13:42 INFO  
2023-03-26_16:13:42 INFO Loading Muun...
2023-03-26_16:13:42 INFO >> Loaded 358 muun definitions
2023-03-26_16:13:42 INFO  
2023-03-26_16:13:42 INFO Loading Muun Option...
2023-03-26_16:13:42 INFO >> Loaded 68 muun option definitions
2023-03-26_16:13:42 INFO  
2023-03-26_16:13:42 INFO Loading Muun Energy...
2023-03-26_16:13:42 INFO >> Loaded 4 muun energy definitions
2023-03-26_16:13:42 INFO  
2023-03-26_16:13:42 INFO Loading Muun Exchange...
2023-03-26_16:13:42 INFO >> Loaded 117 muun exchange definitions
2023-03-26_16:13:42 INFO  
2023-03-26_16:13:42 INFO Loading Mini Map...
2023-03-26_16:13:42 INFO >> Loaded 429 mini map definitions in 0 msec.
2023-03-26_16:13:42 INFO  
2023-03-26_16:13:42 INFO Loading Summon Scroll...
2023-03-26_16:13:42 INFO >> Loaded 10 summon scroll definitions
2023-03-26_16:13:42 INFO  
2023-03-26_16:13:42 INFO Loading Summon Scroll Monster...
2023-03-26_16:13:42 INFO >> Loaded 40 summon scroll monster definitions
2023-03-26_16:13:42 INFO  
2023-03-26_16:13:42 INFO Loading Mining...
2023-03-26_16:13:42 INFO >> Loaded 15 mining definitions
2023-03-26_16:13:42 INFO  
2023-03-26_16:13:42 INFO Loading Protector of Acheron Settings...
2023-03-26_16:13:42 INFO Protector of Acheron Settings Loaded
2023-03-26_16:13:42 INFO  
2023-03-26_16:13:43 INFO Loading Tormented Square Stage...
2023-03-26_16:13:43 INFO >> Loaded 24 tormented square stage definitions
2023-03-26_16:13:43 INFO  
2023-03-26_16:13:43 INFO Loading Tormented Square Ranking...
2023-03-26_16:13:43 INFO >> Loaded 1 tormented square ranking definitions
2023-03-26_16:13:43 INFO  
2023-03-26_16:13:43 INFO Loading Evomon...
2023-03-26_16:13:43 INFO >> Loaded 101 evomon definitions
2023-03-26_16:13:43 INFO  
2023-03-26_16:13:43 INFO Loading Evomon Reward...
2023-03-26_16:13:43 INFO >> Loaded 8 evomon reward definitions
2023-03-26_16:13:43 INFO  
2023-03-26_16:13:43 INFO Loading Arka War Setting...
2023-03-26_16:13:43 INFO Arka War Settings Loaded
2023-03-26_16:13:43 INFO  
2023-03-26_16:13:43 INFO Loading Labyrinth of Dimensions Info...
2023-03-26_16:13:43 INFO >> Loaded 38 labyrinth of dimensions info definitions
2023-03-26_16:13:43 INFO  
2023-03-26_16:13:43 INFO Loading Labyrinth of Dimensions Mission...
2023-03-26_16:13:43 INFO >> Loaded 11 labyrinth of dimensions mission definitions
2023-03-26_16:13:43 INFO  
2023-03-26_16:13:43 INFO Loading Labyrinth of Dimensions Area...
2023-03-26_16:13:43 INFO >> Loaded 30 labyrinth of dimensions area definitions
2023-03-26_16:13:43 INFO  
2023-03-26_16:13:43 INFO Loading Labyrinth of Dimensions Area Data...
2023-03-26_16:13:43 INFO >> Loaded 3000 labyrinth of dimensions area data definitions
2023-03-26_16:13:43 INFO  
2023-03-26_16:13:43 INFO Loading Labyrinth of Dimensions Level...
2023-03-26_16:13:43 INFO >> Loaded 41 labyrinth of dimensions level definitions
2023-03-26_16:13:43 INFO  
2023-03-26_16:13:43 INFO Loading Labyrinth of Dimensions Monster...
2023-03-26_16:13:43 INFO >> Loaded 41 labyrinth of dimensions monster definitions
2023-03-26_16:13:43 INFO  
2023-03-26_16:13:43 INFO Loading Labyrinth of Dimensions Reward...
2023-03-26_16:13:43 INFO >> Loaded 220 labyrinth of dimensions reward definitions
2023-03-26_16:13:43 INFO  
2023-03-26_16:13:43 INFO Loading Shop Template...
2023-03-26_16:13:43 INFO >> Loaded 27 shop definitions in 63 msec.
2023-03-26_16:13:43 INFO  
2023-03-26_16:13:43 INFO Loading Shop Items...
2023-03-26_16:13:43 ERROR ShopMgr::LoadShopItems :: Shop: 0, item: 5179
2023-03-26_16:13:43 ERROR ShopMgr::LoadShopItems :: Shop: 0, item: 5224
2023-03-26_16:13:43 ERROR ShopMgr::LoadShopItems :: Shop: 2, item: 3686
2023-03-26_16:13:43 ERROR ShopMgr::LoadShopItems :: Shop: 2, item: 3745
2023-03-26_16:13:43 INFO >> Loaded 27 shop items in 16 msec.
2023-03-26_16:13:43 INFO  
2023-03-26_16:13:43 INFO Loading Item Price Ruud...
2023-03-26_16:13:43 INFO >> Loaded 124 item price ruud definitions
2023-03-26_16:13:43 INFO  
2023-03-26_16:13:43 INFO Loading Moss Merchant Section...
2023-03-26_16:13:43 INFO >> Loaded 11 moss merchant section definitions
2023-03-26_16:13:43 INFO  
2023-03-26_16:13:43 INFO Loading Dungeon Instances...
2023-03-26_16:13:43 INFO >> Loaded 1 dungeon instances definitions
2023-03-26_16:13:43 INFO  
2023-03-26_16:13:43 INFO Loading Dungeon Level...
2023-03-26_16:13:43 INFO >> Loaded 200 dungeon level definitions
2023-03-26_16:13:43 INFO  
2023-03-26_16:13:43 INFO Loading Monster Soul Converter...
2023-03-26_16:13:43 INFO >> Loaded 5 monster soul converter definitions
2023-03-26_16:13:43 INFO  
2023-03-26_16:13:44 INFO Loading Monster Soul Transformation...
2023-03-26_16:13:44 INFO >> Loaded 69 monster soul transformation definitions
2023-03-26_16:13:44 INFO  
2023-03-26_16:13:44 INFO Loading Monster Soul Reward...
2023-03-26_16:13:44 INFO >> Loaded 16 monster soul reward definitions
2023-03-26_16:13:44 INFO  
2023-03-26_16:13:44 INFO Loading Reset System Data...
2023-03-26_16:13:44 INFO >> Loaded 2 Reset System definitions
2023-03-26_16:13:44 INFO  
2023-03-26_16:13:44 INFO Load Dynamic Experience Data
2023-03-26_16:13:44 INFO >> Loaded 3 Dynamic Experience definitions
2023-03-26_16:13:44 INFO  
2023-03-26_16:13:44 INFO Loading guilds...
2023-03-26_16:13:44 INFO >> Loaded 0 guilds in 13 ms
2023-03-26_16:13:44 INFO  
2023-03-26_16:13:44 INFO Loading Party...
2023-03-26_16:13:44 INFO >> Loaded 0 party
2023-03-26_16:13:44 INFO  
2023-03-26_16:13:44 INFO Loading Mini Bomb Reward...
2023-03-26_16:13:44 INFO >> Loaded 4 mini bomb reward definitions
2023-03-26_16:13:44 INFO  
2023-03-26_16:13:44 INFO Loading Mu Roomy Reward...
2023-03-26_16:13:44 INFO >> Loaded 6 mu roomy reward definitions
2023-03-26_16:13:44 INFO  
2023-03-26_16:13:44 INFO Loading Jewel Bingo Reward...
2023-03-26_16:13:44 INFO >> Loaded 4 jewel bingo reward definitions
2023-03-26_16:13:44 INFO  
2023-03-26_16:13:44 INFO Loading Numeric Baseball Reward...
2023-03-26_16:13:44 INFO >> Loaded 3 numeric baseball reward definitions
2023-03-26_16:13:44 INFO  
2023-03-26_16:13:44 INFO Loading Labyrinth of Dimensions Ranking...
2023-03-26_16:13:44 INFO >> Loaded 0 labyrinth of dimensions ranking definitions
2023-03-26_16:13:44 INFO  
2023-03-26_16:13:44 INFO Loading Labyrinth of Dimensions Schedule...
2023-03-26_16:13:44 INFO >> Loaded 3 labyrinth of dimensions schedule definitions
2023-03-26_16:13:44 INFO  
2023-03-26_16:13:44 INFO Loading Dungeon Saved Instances...
2023-03-26_16:13:44 INFO >> Loaded 0 dungeon saved instances definitions
2023-03-26_16:13:44 INFO  
2023-03-26_16:13:44 INFO >> Loaded Notice System Succes
2023-03-26_16:13:44 INFO  
2023-03-26_16:13:44 INFO CONNECTING SERVERLINK
2023-03-26_16:13:44 INFO CONNECTED SERVERLINK
2023-03-26_16:13:44 INFO CONNECTING AUTHSERVER
2023-03-26_16:13:44 INFO CONNECTING CONNECTSERVER
2023-03-26_16:13:44 INFO  
2023-03-26_16:13:44 INFO CONNECTED AUTHSERVER
2023-03-26_16:13:44 INFO GameServer Ready
2023-03-26_16:13:44 INFO CONNECTED CONNECTSERVER
2023-03-26_16:13:45 INFO Loading Castle Siege NPC From ServerLink
2023-03-26_16:13:45 INFO Updating Objets 1 - Time: 1 ms
2023-03-26_16:13:45 INFO Updating Objets 1 - Time: 12 ms
2023-03-26_16:13:46 INFO CEventMgr::UpdateSeason -- [7 - Autumn - Enabled]
2023-03-26_16:13:46 INFO Unknown Packet: C1,04,4A,03,
2023-03-26_16:13:46 INFO Unknown Packet HEADCODE_MISC_EVENT_IN Subcode: C1,05,41,09,00,
2023-03-26_16:13:54 INFO Loading Monster Exclusive...
2023-03-26_16:13:54 INFO >> Loaded 0 monster exclusive definitions
2023-03-26_16:13:54 INFO  
2023-03-26_16:13:54 INFO Loading Monster...
2023-03-26_16:13:54 INFO >> Loaded 10118 monsters
2023-03-26_16:13:54 INFO  
2023-03-26_16:13:54 INFO Loading Monster Respawn...
2023-03-26_16:13:54 INFO >> Loaded 0 monster respawn definitions
2023-03-26_16:13:55 INFO  
2023-03-26_16:13:55 INFO Updating Objets 436 - Time: 20 ms
2023-03-26_16:13:58 INFO Updating Viewport Objets 436 - Time: 1 ms
2023-03-26_16:14:02 INFO Updating Objets 436 - Time: 33 ms
2023-03-26_16:14:24 INFO Updating Objets 436 - Time: 77 ms
2023-03-26_16:14:24 INFO Unknown Packet: C1,04,4A,03,
2023-03-26_16:14:25 INFO Unknown Packet HEADCODE_MISC_EVENT_IN Subcode: C1,05,41,09,00,
2023-03-26_16:14:46 INFO Unknown Packet: C1,04,4A,03,
2023-03-26_16:14:46 INFO Unknown Packet HEADCODE_MISC_EVENT_IN Subcode: C1,05,41,09,00,
2023-03-26_16:15:14 INFO Updating Objets 436 - Time: 80 ms
2023-03-26_16:17:16 INFO DISCONNECTED SERVERLINK
2023-03-26_16:17:16 INFO DISCONNECTED AUTHSERVER
2023-03-26_16:17:16 INFO DISCONNECTED CONNECTSERVER
2023-03-26_16:17:16 INFO Closing GameServer
